2022-08-04 05:25:03,765 [dist_trainer.py:135] INFO Configurations: Namespace(batch_size=256, compressor='topk', data_dir='./data', dataset='cifar10', density=0.001, dnn='resnet20', lr=0.1, max_epochs=141, nsteps_update=1, num_steps=35, nworkers=8, nwpernode=8, pretrain=None, saved_dir='./logs/iclr', threshold=524288000)
2022-08-04 05:25:32,621 [dl_trainer.py:254] INFO num_batches_per_epoch: 25
2022-08-04 05:25:33,406 [distributed_optimizer.py:63] INFO _dynamic_densities: [0.015625, 0.004, 0.001]
2022-08-04 05:25:33,407 [distributed_optimizer.py:323] INFO # of parameters: 269722
2022-08-04 05:25:33,407 [distributed_optimizer.py:324] INFO Total number of tensors: 59
2022-08-04 05:25:33,407 [distributed_optimizer.py:325] INFO Merged Number of groups: 1
2022-08-04 05:25:34,188 [dist_trainer.py:62] INFO max_epochs: 141
2022-08-04 05:25:37,802 [dist_trainer.py:90] WARNING Time per iteration including communication: 0.150461, Speed: 1701.439736 images/s
2022-08-04 05:25:38,078 [dl_trainer.py:634] INFO train iter: 25, num_batches_per_epoch: 25
2022-08-04 05:25:38,078 [dl_trainer.py:635] INFO Epoch 1, avg train acc: 15.671875, lr: 0.020640, avg loss: 2.681497
2022-08-04 05:25:40,354 [dl_trainer.py:731] WARNING [  1][   40/   25][rank:5] loss: 2.089, average forward (0.062544) and backward (0.029643) time: 0.100561, iotime: 0.007904 
2022-08-04 05:25:40,776 [dist_trainer.py:90] WARNING Time per iteration including communication: 0.123903, Speed: 2066.128297 images/s
2022-08-04 05:25:41,137 [dl_trainer.py:634] INFO train iter: 50, num_batches_per_epoch: 25
2022-08-04 05:25:41,138 [dl_trainer.py:635] INFO Epoch 2, avg train acc: 25.640625, lr: 0.040480, avg loss: 2.048660
2022-08-04 05:25:43,820 [dist_trainer.py:90] WARNING Time per iteration including communication: 0.126796, Speed: 2018.990389 images/s
2022-08-04 05:25:44,222 [dl_trainer.py:634] INFO train iter: 75, num_batches_per_epoch: 25
2022-08-04 05:25:44,222 [dl_trainer.py:635] INFO Epoch 3, avg train acc: 27.390625, lr: 0.060320, avg loss: 1.941471
2022-08-04 05:25:45,972 [dl_trainer.py:731] WARNING [  3][   80/   25][rank:5] loss: 1.989, average forward (0.010325) and backward (0.026033) time: 0.051528, iotime: 0.014419 
2022-08-04 05:25:46,802 [dist_trainer.py:90] WARNING Time per iteration including communication: 0.124221, Speed: 2060.836301 images/s
2022-08-04 05:25:47,249 [dl_trainer.py:634] INFO train iter: 100, num_batches_per_epoch: 25
2022-08-04 05:25:47,249 [dl_trainer.py:635] INFO Epoch 4, avg train acc: 27.843750, lr: 0.080160, avg loss: 1.976551
2022-08-04 05:25:49,925 [dl_trainer.py:731] WARNING [  4][  120/   25][rank:5] loss: 1.962, average forward (0.009725) and backward (0.025940) time: 0.044933, iotime: 0.008882 
2022-08-04 05:25:49,932 [dist_trainer.py:90] WARNING Time per iteration including communication: 0.130401, Speed: 1963.182526 images/s
2022-08-04 05:25:50,452 [dl_trainer.py:634] INFO train iter: 125, num_batches_per_epoch: 25
2022-08-04 05:25:50,453 [dl_trainer.py:635] INFO Epoch 5, avg train acc: 26.484375, lr: 0.100000, avg loss: 2.000842
2022-08-04 05:25:52,891 [dist_trainer.py:90] WARNING Time per iteration including communication: 0.123275, Speed: 2076.655170 images/s
2022-08-04 05:25:53,431 [dl_trainer.py:634] INFO train iter: 150, num_batches_per_epoch: 25
2022-08-04 05:25:53,432 [dl_trainer.py:635] INFO Epoch 6, avg train acc: 27.906250, lr: 0.100000, avg loss: 1.924821
2022-08-04 05:25:55,400 [dl_trainer.py:731] WARNING [  6][  160/   25][rank:5] loss: 1.920, average forward (0.009503) and backward (0.025184) time: 0.049028, iotime: 0.014059 
2022-08-04 05:25:55,818 [dist_trainer.py:90] WARNING Time per iteration including communication: 0.121948, Speed: 2099.249199 images/s
2022-08-04 05:25:56,400 [dl_trainer.py:634] INFO train iter: 175, num_batches_per_epoch: 25
2022-08-04 05:25:56,401 [dl_trainer.py:635] INFO Epoch 7, avg train acc: 29.843750, lr: 0.100000, avg loss: 1.880746
2022-08-04 05:25:58,720 [dist_trainer.py:90] WARNING Time per iteration including communication: 0.120908, Speed: 2117.313170 images/s
2022-08-04 05:25:59,362 [dl_trainer.py:731] WARNING [  7][  200/   25][rank:5] loss: 1.759, average forward (0.008868) and backward (0.026417) time: 0.050023, iotime: 0.014284 
2022-08-04 05:25:59,372 [dl_trainer.py:634] INFO train iter: 200, num_batches_per_epoch: 25
2022-08-04 05:25:59,372 [dl_trainer.py:635] INFO Epoch 8, avg train acc: 30.359375, lr: 0.100000, avg loss: 1.837220
2022-08-04 05:26:01,653 [dist_trainer.py:90] WARNING Time per iteration including communication: 0.122178, Speed: 2095.301900 images/s
2022-08-04 05:26:02,355 [dl_trainer.py:634] INFO train iter: 225, num_batches_per_epoch: 25
2022-08-04 05:26:02,356 [dl_trainer.py:635] INFO Epoch 9, avg train acc: 33.593750, lr: 0.100000, avg loss: 1.759287
2022-08-04 05:26:04,586 [dl_trainer.py:731] WARNING [  9][  240/   25][rank:5] loss: 1.689, average forward (0.008997) and backward (0.026251) time: 0.043856, iotime: 0.008334 
2022-08-04 05:26:04,602 [dist_trainer.py:90] WARNING Time per iteration including communication: 0.122879, Speed: 2083.351997 images/s
2022-08-04 05:26:05,344 [dl_trainer.py:634] INFO train iter: 250, num_batches_per_epoch: 25
2022-08-04 05:26:05,344 [dl_trainer.py:635] INFO Epoch 10, avg train acc: 36.328125, lr: 0.100000, avg loss: 1.699701
2022-08-04 05:26:07,572 [dist_trainer.py:90] WARNING Time per iteration including communication: 0.123727, Speed: 2069.068869 images/s
2022-08-04 05:26:08,343 [dl_trainer.py:634] INFO train iter: 275, num_batches_per_epoch: 25
2022-08-04 05:26:08,344 [dl_trainer.py:635] INFO Epoch 11, avg train acc: 37.750000, lr: 0.100000, avg loss: 1.654313
2022-08-04 05:26:10,073 [dl_trainer.py:731] WARNING [ 11][  280/   25][rank:5] loss: 1.580, average forward (0.009705) and backward (0.025594) time: 0.050577, iotime: 0.014994 
2022-08-04 05:26:10,459 [dist_trainer.py:90] WARNING Time per iteration including communication: 0.120252, Speed: 2128.864774 images/s
2022-08-04 05:26:11,278 [dl_trainer.py:634] INFO train iter: 300, num_batches_per_epoch: 25
2022-08-04 05:26:11,279 [dl_trainer.py:635] INFO Epoch 12, avg train acc: 39.546875, lr: 0.100000, avg loss: 1.622113
2022-08-04 05:26:13,419 [dist_trainer.py:90] WARNING Time per iteration including communication: 0.123323, Speed: 2075.856730 images/s
2022-08-04 05:26:14,063 [dl_trainer.py:731] WARNING [ 12][  320/   25][rank:5] loss: 1.560, average forward (0.010304) and backward (0.025677) time: 0.050829, iotime: 0.014102 
2022-08-04 05:26:14,334 [dl_trainer.py:634] INFO train iter: 325, num_batches_per_epoch: 25
2022-08-04 05:26:14,335 [dl_trainer.py:635] INFO Epoch 13, avg train acc: 40.625000, lr: 0.100000, avg loss: 1.580779
2022-08-04 05:26:16,419 [dist_trainer.py:90] WARNING Time per iteration including communication: 0.124954, Speed: 2048.759885 images/s
2022-08-04 05:26:17,344 [dl_trainer.py:634] INFO train iter: 350, num_batches_per_epoch: 25
2022-08-04 05:26:17,344 [dl_trainer.py:635] INFO Epoch 14, avg train acc: 41.718750, lr: 0.100000, avg loss: 1.553005
2022-08-04 05:26:19,348 [dl_trainer.py:731] WARNING [ 14][  360/   25][rank:5] loss: 1.540, average forward (0.009989) and backward (0.026182) time: 0.044717, iotime: 0.008239 
2022-08-04 05:26:19,355 [dist_trainer.py:90] WARNING Time per iteration including communication: 0.122304, Speed: 2093.141848 images/s
2022-08-04 05:26:20,295 [dl_trainer.py:634] INFO train iter: 375, num_batches_per_epoch: 25
2022-08-04 05:26:20,295 [dl_trainer.py:635] INFO Epoch 15, avg train acc: 43.078125, lr: 0.100000, avg loss: 1.526861
2022-08-04 05:26:22,242 [dist_trainer.py:90] WARNING Time per iteration including communication: 0.120283, Speed: 2128.308827 images/s
2022-08-04 05:26:23,232 [dl_trainer.py:731] WARNING [ 15][  400/   25][rank:5] loss: 1.546, average forward (0.009107) and backward (0.026228) time: 0.048787, iotime: 0.013172 
2022-08-04 05:26:23,241 [dl_trainer.py:634] INFO train iter: 400, num_batches_per_epoch: 25
2022-08-04 05:26:23,242 [dl_trainer.py:635] INFO Epoch 16, avg train acc: 44.500000, lr: 0.100000, avg loss: 1.479216
2022-08-04 05:26:25,175 [dist_trainer.py:90] WARNING Time per iteration including communication: 0.122206, Speed: 2094.819195 images/s
2022-08-04 05:26:26,308 [dl_trainer.py:634] INFO train iter: 425, num_batches_per_epoch: 25
2022-08-04 05:26:26,309 [dl_trainer.py:635] INFO Epoch 17, avg train acc: 45.421875, lr: 0.100000, avg loss: 1.480711
2022-08-04 05:26:28,149 [dist_trainer.py:90] WARNING Time per iteration including communication: 0.123894, Speed: 2066.288497 images/s
2022-08-04 05:26:28,762 [dl_trainer.py:731] WARNING [ 17][  440/   25][rank:5] loss: 1.468, average forward (0.009633) and backward (0.025670) time: 0.050069, iotime: 0.014402 
2022-08-04 05:26:29,274 [dl_trainer.py:634] INFO train iter: 450, num_batches_per_epoch: 25
2022-08-04 05:26:29,274 [dl_trainer.py:635] INFO Epoch 18, avg train acc: 45.984375, lr: 0.100000, avg loss: 1.465352
2022-08-04 05:26:31,089 [dist_trainer.py:90] WARNING Time per iteration including communication: 0.122459, Speed: 2090.489755 images/s
2022-08-04 05:26:32,245 [dl_trainer.py:634] INFO train iter: 475, num_batches_per_epoch: 25
2022-08-04 05:26:32,245 [dl_trainer.py:635] INFO Epoch 19, avg train acc: 46.906250, lr: 0.100000, avg loss: 1.432668
2022-08-04 05:26:34,028 [dl_trainer.py:731] WARNING [ 19][  480/   25][rank:5] loss: 1.351, average forward (0.009622) and backward (0.026745) time: 0.045633, iotime: 0.008648 
2022-08-04 05:26:34,044 [dist_trainer.py:90] WARNING Time per iteration including communication: 0.123100, Speed: 2079.616910 images/s
2022-08-04 05:26:35,304 [dl_trainer.py:634] INFO train iter: 500, num_batches_per_epoch: 25
2022-08-04 05:26:35,304 [dl_trainer.py:635] INFO Epoch 20, avg train acc: 49.312500, lr: 0.100000, avg loss: 1.383282
2022-08-04 05:26:37,026 [dist_trainer.py:90] WARNING Time per iteration including communication: 0.124226, Speed: 2060.755219 images/s
2022-08-04 05:26:38,063 [dl_trainer.py:731] WARNING [ 20][  520/   25][rank:5] loss: 1.494, average forward (0.009129) and backward (0.025205) time: 0.049782, iotime: 0.014927 
2022-08-04 05:26:38,322 [dl_trainer.py:634] INFO train iter: 525, num_batches_per_epoch: 25
2022-08-04 05:26:38,322 [dl_trainer.py:635] INFO Epoch 21, avg train acc: 49.718750, lr: 0.100000, avg loss: 1.371435
2022-08-04 05:26:40,007 [dist_trainer.py:90] WARNING Time per iteration including communication: 0.124214, Speed: 2060.964694 images/s
2022-08-04 05:26:41,415 [dl_trainer.py:634] INFO train iter: 550, num_batches_per_epoch: 25
2022-08-04 05:26:41,416 [dl_trainer.py:635] INFO Epoch 22, avg train acc: 51.265625, lr: 0.100000, avg loss: 1.321692
2022-08-04 05:26:43,010 [dist_trainer.py:90] WARNING Time per iteration including communication: 0.125098, Speed: 2046.395789 images/s
2022-08-04 05:26:43,653 [dl_trainer.py:731] WARNING [ 22][  560/   25][rank:5] loss: 1.307, average forward (0.009454) and backward (0.027301) time: 0.052019, iotime: 0.014365 
2022-08-04 05:26:44,412 [dl_trainer.py:634] INFO train iter: 575, num_batches_per_epoch: 25
2022-08-04 05:26:44,412 [dl_trainer.py:635] INFO Epoch 23, avg train acc: 52.078125, lr: 0.100000, avg loss: 1.317414
2022-08-04 05:26:46,006 [dist_trainer.py:90] WARNING Time per iteration including communication: 0.124800, Speed: 2051.279494 images/s
2022-08-04 05:26:47,421 [dl_trainer.py:731] WARNING [ 23][  600/   25][rank:5] loss: 1.265, average forward (0.009318) and backward (0.025625) time: 0.044431, iotime: 0.009205 
2022-08-04 05:26:47,434 [dist_trainer.py:90] WARNING Time per iteration including communication: 0.059455, Speed: 4305.770474 images/s
2022-08-04 05:26:47,435 [dl_trainer.py:634] INFO train iter: 600, num_batches_per_epoch: 25
2022-08-04 05:26:47,435 [dl_trainer.py:635] INFO Epoch 24, avg train acc: 51.968750, lr: 0.100000, avg loss: 1.317401
2022-08-04 05:26:50,444 [dist_trainer.py:90] WARNING Time per iteration including communication: 0.125410, Speed: 2041.306939 images/s
2022-08-04 05:26:50,752 [dl_trainer.py:634] INFO train iter: 625, num_batches_per_epoch: 25
2022-08-04 05:26:50,752 [dl_trainer.py:635] INFO Epoch 25, avg train acc: 53.515625, lr: 0.100000, avg loss: 1.290447
2022-08-04 05:26:53,009 [dl_trainer.py:731] WARNING [ 25][  640/   25][rank:5] loss: 1.308, average forward (0.009276) and backward (0.025448) time: 0.050159, iotime: 0.014733 
2022-08-04 05:26:53,411 [dist_trainer.py:90] WARNING Time per iteration including communication: 0.123597, Speed: 2071.246252 images/s
2022-08-04 05:26:53,773 [dl_trainer.py:634] INFO train iter: 650, num_batches_per_epoch: 25
2022-08-04 05:26:53,774 [dl_trainer.py:635] INFO Epoch 26, avg train acc: 53.171875, lr: 0.100000, avg loss: 1.264709
2022-08-04 05:26:56,401 [dist_trainer.py:90] WARNING Time per iteration including communication: 0.124545, Speed: 2055.485266 images/s
2022-08-04 05:26:56,833 [dl_trainer.py:634] INFO train iter: 675, num_batches_per_epoch: 25
2022-08-04 05:26:56,834 [dl_trainer.py:635] INFO Epoch 27, avg train acc: 54.890625, lr: 0.100000, avg loss: 1.253496
2022-08-04 05:26:58,558 [dl_trainer.py:731] WARNING [ 27][  680/   25][rank:5] loss: 1.254, average forward (0.009510) and backward (0.025597) time: 0.049619, iotime: 0.014209 
2022-08-04 05:26:59,332 [dist_trainer.py:90] WARNING Time per iteration including communication: 0.122073, Speed: 2097.108822 images/s
2022-08-04 05:26:59,825 [dl_trainer.py:634] INFO train iter: 700, num_batches_per_epoch: 25
2022-08-04 05:26:59,826 [dl_trainer.py:635] INFO Epoch 28, avg train acc: 54.750000, lr: 0.100000, avg loss: 1.238258
2022-08-04 05:27:02,309 [dl_trainer.py:731] WARNING [ 28][  720/   25][rank:5] loss: 1.240, average forward (0.009137) and backward (0.025728) time: 0.043311, iotime: 0.008168 
2022-08-04 05:27:02,334 [dist_trainer.py:90] WARNING Time per iteration including communication: 0.125046, Speed: 2047.244257 images/s
2022-08-04 05:27:02,869 [dl_trainer.py:634] INFO train iter: 725, num_batches_per_epoch: 25
2022-08-04 05:27:02,870 [dl_trainer.py:635] INFO Epoch 29, avg train acc: 55.593750, lr: 0.100000, avg loss: 1.217863
2022-08-04 05:27:05,309 [dist_trainer.py:90] WARNING Time per iteration including communication: 0.123960, Speed: 2065.176222 images/s
2022-08-04 05:27:05,853 [dl_trainer.py:634] INFO train iter: 750, num_batches_per_epoch: 25
2022-08-04 05:27:05,854 [dl_trainer.py:635] INFO Epoch 30, avg train acc: 53.953125, lr: 0.100000, avg loss: 1.249166
2022-08-04 05:27:07,859 [dl_trainer.py:731] WARNING [ 30][  760/   25][rank:5] loss: 1.272, average forward (0.008810) and backward (0.025132) time: 0.048932, iotime: 0.014334 
2022-08-04 05:27:08,326 [dist_trainer.py:90] WARNING Time per iteration including communication: 0.125663, Speed: 2037.187756 images/s
2022-08-04 05:27:08,944 [dl_trainer.py:634] INFO train iter: 775, num_batches_per_epoch: 25
2022-08-04 05:27:08,944 [dl_trainer.py:635] INFO Epoch 31, avg train acc: 56.062500, lr: 0.100000, avg loss: 1.195999
2022-08-04 05:27:11,327 [dist_trainer.py:90] WARNING Time per iteration including communication: 0.125010, Speed: 2047.841809 images/s
2022-08-04 05:27:11,972 [dl_trainer.py:731] WARNING [ 31][  800/   25][rank:5] loss: 1.072, average forward (0.009605) and backward (0.025494) time: 0.050513, iotime: 0.014516 
2022-08-04 05:27:11,994 [dl_trainer.py:634] INFO train iter: 800, num_batches_per_epoch: 25
2022-08-04 05:27:11,995 [dl_trainer.py:635] INFO Epoch 32, avg train acc: 57.468750, lr: 0.100000, avg loss: 1.158503
2022-08-04 05:27:14,385 [dist_trainer.py:90] WARNING Time per iteration including communication: 0.127374, Speed: 2009.835382 images/s
2022-08-04 05:27:15,115 [dl_trainer.py:634] INFO train iter: 825, num_batches_per_epoch: 25
2022-08-04 05:27:15,116 [dl_trainer.py:635] INFO Epoch 33, avg train acc: 58.906250, lr: 0.100000, avg loss: 1.124887
2022-08-04 05:27:17,377 [dl_trainer.py:731] WARNING [ 33][  840/   25][rank:5] loss: 1.021, average forward (0.009304) and backward (0.025392) time: 0.043966, iotime: 0.008548 
2022-08-04 05:27:17,387 [dist_trainer.py:90] WARNING Time per iteration including communication: 0.125055, Speed: 2047.101956 images/s
2022-08-04 05:27:18,148 [dl_trainer.py:634] INFO train iter: 850, num_batches_per_epoch: 25
2022-08-04 05:27:18,149 [dl_trainer.py:635] INFO Epoch 34, avg train acc: 58.078125, lr: 0.100000, avg loss: 1.140182
2022-08-04 05:27:20,371 [dist_trainer.py:90] WARNING Time per iteration including communication: 0.124353, Speed: 2058.650643 images/s
2022-08-04 05:27:21,152 [dl_trainer.py:634] INFO train iter: 875, num_batches_per_epoch: 25
2022-08-04 05:27:21,152 [dl_trainer.py:635] INFO Epoch 35, avg train acc: 60.156250, lr: 0.100000, avg loss: 1.094797
2022-08-04 05:27:22,884 [dl_trainer.py:731] WARNING [ 35][  880/   25][rank:5] loss: 1.150, average forward (0.009746) and backward (0.025465) time: 0.050480, iotime: 0.014461 
2022-08-04 05:27:23,297 [dist_trainer.py:90] WARNING Time per iteration including communication: 0.121873, Speed: 2100.555145 images/s
2022-08-04 05:27:24,166 [dl_trainer.py:634] INFO train iter: 900, num_batches_per_epoch: 25
2022-08-04 05:27:24,167 [dl_trainer.py:635] INFO Epoch 36, avg train acc: 59.953125, lr: 0.100000, avg loss: 1.086137
2022-08-04 05:27:26,257 [dist_trainer.py:90] WARNING Time per iteration including communication: 0.123313, Speed: 2076.021119 images/s
2022-08-04 05:27:26,880 [dl_trainer.py:731] WARNING [ 36][  920/   25][rank:5] loss: 1.173, average forward (0.009851) and backward (0.025324) time: 0.049852, iotime: 0.014147 
2022-08-04 05:27:27,146 [dl_trainer.py:634] INFO train iter: 925, num_batches_per_epoch: 25
2022-08-04 05:27:27,146 [dl_trainer.py:635] INFO Epoch 37, avg train acc: 60.171875, lr: 0.100000, avg loss: 1.121994
2022-08-04 05:27:29,206 [dist_trainer.py:90] WARNING Time per iteration including communication: 0.122852, Speed: 2083.809885 images/s
2022-08-04 05:27:30,166 [dl_trainer.py:634] INFO train iter: 950, num_batches_per_epoch: 25
2022-08-04 05:27:30,167 [dl_trainer.py:635] INFO Epoch 38, avg train acc: 60.046875, lr: 0.100000, avg loss: 1.107226
2022-08-04 05:27:32,166 [dl_trainer.py:731] WARNING [ 38][  960/   25][rank:5] loss: 1.102, average forward (0.008956) and backward (0.025040) time: 0.043191, iotime: 0.008524 
2022-08-04 05:27:32,176 [dist_trainer.py:90] WARNING Time per iteration including communication: 0.123748, Speed: 2068.728200 images/s
2022-08-04 05:27:33,129 [dl_trainer.py:634] INFO train iter: 975, num_batches_per_epoch: 25
2022-08-04 05:27:33,130 [dl_trainer.py:635] INFO Epoch 39, avg train acc: 61.687500, lr: 0.100000, avg loss: 1.070688
2022-08-04 05:27:35,096 [dist_trainer.py:90] WARNING Time per iteration including communication: 0.121638, Speed: 2104.596874 images/s
2022-08-04 05:27:36,153 [dl_trainer.py:731] WARNING [ 39][ 1000/   25][rank:5] loss: 1.035, average forward (0.009349) and backward (0.025812) time: 0.050140, iotime: 0.014205 
2022-08-04 05:27:36,159 [dl_trainer.py:634] INFO train iter: 1000, num_batches_per_epoch: 25
2022-08-04 05:27:36,159 [dl_trainer.py:635] INFO Epoch 40, avg train acc: 63.546875, lr: 0.100000, avg loss: 1.019276
2022-08-04 05:27:38,040 [dist_trainer.py:90] WARNING Time per iteration including communication: 0.122641, Speed: 2087.385556 images/s
2022-08-04 05:27:39,174 [dl_trainer.py:634] INFO train iter: 1025, num_batches_per_epoch: 25
2022-08-04 05:27:39,175 [dl_trainer.py:635] INFO Epoch 41, avg train acc: 63.750000, lr: 0.100000, avg loss: 1.016634
2022-08-04 05:27:41,053 [dist_trainer.py:90] WARNING Time per iteration including communication: 0.125491, Speed: 2039.982519 images/s
2022-08-04 05:27:41,694 [dl_trainer.py:731] WARNING [ 41][ 1040/   25][rank:5] loss: 1.010, average forward (0.009841) and backward (0.025561) time: 0.051203, iotime: 0.015164 
2022-08-04 05:27:42,171 [dl_trainer.py:634] INFO train iter: 1050, num_batches_per_epoch: 25
2022-08-04 05:27:42,171 [dl_trainer.py:635] INFO Epoch 42, avg train acc: 63.265625, lr: 0.100000, avg loss: 1.008255
2022-08-04 05:27:44,041 [dist_trainer.py:90] WARNING Time per iteration including communication: 0.124441, Speed: 2057.205910 images/s
2022-08-04 05:27:45,214 [dl_trainer.py:634] INFO train iter: 1075, num_batches_per_epoch: 25
2022-08-04 05:27:45,214 [dl_trainer.py:635] INFO Epoch 43, avg train acc: 65.390625, lr: 0.100000, avg loss: 0.959066
2022-08-04 05:27:47,001 [dl_trainer.py:731] WARNING [ 43][ 1080/   25][rank:5] loss: 0.974, average forward (0.010368) and backward (0.026672) time: 0.046882, iotime: 0.009298 
2022-08-04 05:27:47,012 [dist_trainer.py:90] WARNING Time per iteration including communication: 0.123778, Speed: 2068.214667 images/s
2022-08-04 05:27:48,261 [dl_trainer.py:634] INFO train iter: 1100, num_batches_per_epoch: 25
2022-08-04 05:27:48,262 [dl_trainer.py:635] INFO Epoch 44, avg train acc: 65.437500, lr: 0.100000, avg loss: 0.950261
2022-08-04 05:27:50,046 [dist_trainer.py:90] WARNING Time per iteration including communication: 0.126381, Speed: 2025.619986 images/s
2022-08-04 05:27:51,030 [dl_trainer.py:731] WARNING [ 44][ 1120/   25][rank:5] loss: 0.952, average forward (0.009747) and backward (0.025062) time: 0.049654, iotime: 0.014414 
2022-08-04 05:27:51,278 [dl_trainer.py:634] INFO train iter: 1125, num_batches_per_epoch: 25
2022-08-04 05:27:51,278 [dl_trainer.py:635] INFO Epoch 45, avg train acc: 65.906250, lr: 0.100000, avg loss: 0.952576
2022-08-04 05:27:53,004 [dist_trainer.py:90] WARNING Time per iteration including communication: 0.123230, Speed: 2077.418050 images/s
2022-08-04 05:27:54,376 [dl_trainer.py:634] INFO train iter: 1150, num_batches_per_epoch: 25
2022-08-04 05:27:54,377 [dl_trainer.py:635] INFO Epoch 46, avg train acc: 65.187500, lr: 0.100000, avg loss: 0.969224
2022-08-04 05:27:56,294 [dist_trainer.py:90] WARNING Time per iteration including communication: 0.137037, Speed: 1868.108084 images/s
2022-08-04 05:27:56,996 [dl_trainer.py:731] WARNING [ 46][ 1160/   25][rank:5] loss: 0.901, average forward (0.009239) and backward (0.026054) time: 0.051236, iotime: 0.015515 
2022-08-04 05:27:57,697 [dl_trainer.py:634] INFO train iter: 1175, num_batches_per_epoch: 25
2022-08-04 05:27:57,697 [dl_trainer.py:635] INFO Epoch 47, avg train acc: 66.671875, lr: 0.100000, avg loss: 0.933778
2022-08-04 05:27:59,306 [dist_trainer.py:90] WARNING Time per iteration including communication: 0.125486, Speed: 2040.064236 images/s
2022-08-04 05:28:00,820 [dl_trainer.py:731] WARNING [ 47][ 1200/   25][rank:5] loss: 1.044, average forward (0.009307) and backward (0.025877) time: 0.043865, iotime: 0.008375 
2022-08-04 05:28:00,831 [dist_trainer.py:90] WARNING Time per iteration including communication: 0.063503, Speed: 4031.308310 images/s
2022-08-04 05:28:00,832 [dl_trainer.py:634] INFO train iter: 1200, num_batches_per_epoch: 25
2022-08-04 05:28:00,832 [dl_trainer.py:635] INFO Epoch 48, avg train acc: 66.125000, lr: 0.100000, avg loss: 0.936352
2022-08-04 05:28:04,009 [dist_trainer.py:90] WARNING Time per iteration including communication: 0.132386, Speed: 1933.740393 images/s
2022-08-04 05:28:04,326 [dl_trainer.py:634] INFO train iter: 1225, num_batches_per_epoch: 25
2022-08-04 05:28:04,326 [dl_trainer.py:635] INFO Epoch 49, avg train acc: 67.062500, lr: 0.100000, avg loss: 0.916440
2022-08-04 05:28:06,589 [dl_trainer.py:731] WARNING [ 49][ 1240/   25][rank:5] loss: 0.815, average forward (0.010147) and backward (0.026923) time: 0.052342, iotime: 0.014666 
2022-08-04 05:28:06,972 [dist_trainer.py:90] WARNING Time per iteration including communication: 0.123438, Speed: 2073.916807 images/s
2022-08-04 05:28:07,367 [dl_trainer.py:634] INFO train iter: 1250, num_batches_per_epoch: 25
2022-08-04 05:28:07,368 [dl_trainer.py:635] INFO Epoch 50, avg train acc: 68.031250, lr: 0.100000, avg loss: 0.891361
2022-08-04 05:28:10,089 [dist_trainer.py:90] WARNING Time per iteration including communication: 0.129839, Speed: 1971.666227 images/s
2022-08-04 05:28:10,552 [dl_trainer.py:634] INFO train iter: 1275, num_batches_per_epoch: 25
2022-08-04 05:28:10,553 [dl_trainer.py:635] INFO Epoch 51, avg train acc: 68.265625, lr: 0.100000, avg loss: 0.890182
2022-08-04 05:28:12,367 [dl_trainer.py:731] WARNING [ 51][ 1280/   25][rank:5] loss: 0.862, average forward (0.009252) and backward (0.026683) time: 0.050432, iotime: 0.014159 
2022-08-04 05:28:13,240 [dist_trainer.py:90] WARNING Time per iteration including communication: 0.131261, Speed: 1950.309768 images/s
2022-08-04 05:28:13,779 [dl_trainer.py:634] INFO train iter: 1300, num_batches_per_epoch: 25
2022-08-04 05:28:13,780 [dl_trainer.py:635] INFO Epoch 52, avg train acc: 68.718750, lr: 0.100000, avg loss: 0.865339
2022-08-04 05:28:16,327 [dl_trainer.py:731] WARNING [ 52][ 1320/   25][rank:5] loss: 0.861, average forward (0.009103) and backward (0.025342) time: 0.043536, iotime: 0.008464 
2022-08-04 05:28:16,334 [dist_trainer.py:90] WARNING Time per iteration including communication: 0.128901, Speed: 1986.020052 images/s
2022-08-04 05:28:16,868 [dl_trainer.py:634] INFO train iter: 1325, num_batches_per_epoch: 25
2022-08-04 05:28:16,869 [dl_trainer.py:635] INFO Epoch 53, avg train acc: 68.609375, lr: 0.100000, avg loss: 0.869309
2022-08-04 05:28:19,348 [dist_trainer.py:90] WARNING Time per iteration including communication: 0.125551, Speed: 2039.015016 images/s
2022-08-04 05:28:19,961 [dl_trainer.py:634] INFO train iter: 1350, num_batches_per_epoch: 25
2022-08-04 05:28:19,961 [dl_trainer.py:635] INFO Epoch 54, avg train acc: 68.796875, lr: 0.100000, avg loss: 0.894111
2022-08-04 05:28:21,987 [dl_trainer.py:731] WARNING [ 54][ 1360/   25][rank:5] loss: 0.780, average forward (0.009498) and backward (0.025676) time: 0.049797, iotime: 0.014011 
2022-08-04 05:28:22,423 [dist_trainer.py:90] WARNING Time per iteration including communication: 0.128106, Speed: 1998.352434 images/s
2022-08-04 05:28:23,111 [dl_trainer.py:634] INFO train iter: 1375, num_batches_per_epoch: 25
2022-08-04 05:28:23,112 [dl_trainer.py:635] INFO Epoch 55, avg train acc: 69.750000, lr: 0.100000, avg loss: 0.836516
2022-08-04 05:28:25,464 [dist_trainer.py:90] WARNING Time per iteration including communication: 0.126700, Speed: 2020.524972 images/s
2022-08-04 05:28:26,125 [dl_trainer.py:731] WARNING [ 55][ 1400/   25][rank:5] loss: 0.795, average forward (0.009084) and backward (0.026803) time: 0.050368, iotime: 0.014180 
2022-08-04 05:28:26,133 [dl_trainer.py:634] INFO train iter: 1400, num_batches_per_epoch: 25
2022-08-04 05:28:26,134 [dl_trainer.py:635] INFO Epoch 56, avg train acc: 70.140625, lr: 0.100000, avg loss: 0.844222
2022-08-04 05:28:28,489 [dist_trainer.py:90] WARNING Time per iteration including communication: 0.126001, Speed: 2031.737589 images/s
2022-08-04 05:28:29,206 [dl_trainer.py:634] INFO train iter: 1425, num_batches_per_epoch: 25
2022-08-04 05:28:29,206 [dl_trainer.py:635] INFO Epoch 57, avg train acc: 71.312500, lr: 0.100000, avg loss: 0.822224
2022-08-04 05:28:31,461 [dl_trainer.py:731] WARNING [ 57][ 1440/   25][rank:5] loss: 0.943, average forward (0.009084) and backward (0.027156) time: 0.045248, iotime: 0.008707 
2022-08-04 05:28:31,471 [dist_trainer.py:90] WARNING Time per iteration including communication: 0.124255, Speed: 2060.273638 images/s
2022-08-04 05:28:32,273 [dl_trainer.py:634] INFO train iter: 1450, num_batches_per_epoch: 25
2022-08-04 05:28:32,274 [dl_trainer.py:635] INFO Epoch 58, avg train acc: 71.703125, lr: 0.100000, avg loss: 0.801649
2022-08-04 05:28:34,487 [dist_trainer.py:90] WARNING Time per iteration including communication: 0.125640, Speed: 2037.564836 images/s
2022-08-04 05:28:35,384 [dl_trainer.py:634] INFO train iter: 1475, num_batches_per_epoch: 25
2022-08-04 05:28:35,384 [dl_trainer.py:635] INFO Epoch 59, avg train acc: 72.000000, lr: 0.100000, avg loss: 0.797513
2022-08-04 05:28:37,202 [dl_trainer.py:731] WARNING [ 59][ 1480/   25][rank:5] loss: 0.722, average forward (0.009784) and backward (0.025659) time: 0.051505, iotime: 0.015741 
2022-08-04 05:28:37,635 [dist_trainer.py:90] WARNING Time per iteration including communication: 0.131138, Speed: 1952.137036 images/s
2022-08-04 05:28:38,569 [dl_trainer.py:634] INFO train iter: 1500, num_batches_per_epoch: 25
2022-08-04 05:28:38,570 [dl_trainer.py:635] INFO Epoch 60, avg train acc: 71.296875, lr: 0.100000, avg loss: 0.800990
2022-08-04 05:28:40,733 [dist_trainer.py:90] WARNING Time per iteration including communication: 0.129045, Speed: 1983.805326 images/s
2022-08-04 05:28:41,480 [dl_trainer.py:731] WARNING [ 60][ 1520/   25][rank:5] loss: 0.682, average forward (0.009528) and backward (0.025781) time: 0.050125, iotime: 0.014490 
2022-08-04 05:28:41,748 [dl_trainer.py:634] INFO train iter: 1525, num_batches_per_epoch: 25
2022-08-04 05:28:41,748 [dl_trainer.py:635] INFO Epoch 61, avg train acc: 72.781250, lr: 0.100000, avg loss: 0.768241
2022-08-04 05:28:43,804 [dist_trainer.py:90] WARNING Time per iteration including communication: 0.127938, Speed: 2000.965765 images/s
2022-08-04 05:28:44,802 [dl_trainer.py:634] INFO train iter: 1550, num_batches_per_epoch: 25
2022-08-04 05:28:44,803 [dl_trainer.py:635] INFO Epoch 62, avg train acc: 72.125000, lr: 0.100000, avg loss: 0.778091
2022-08-04 05:28:46,870 [dl_trainer.py:731] WARNING [ 62][ 1560/   25][rank:5] loss: 0.668, average forward (0.008737) and backward (0.025988) time: 0.043755, iotime: 0.008730 
2022-08-04 05:28:46,893 [dist_trainer.py:90] WARNING Time per iteration including communication: 0.128698, Speed: 1989.150424 images/s
2022-08-04 05:28:47,952 [dl_trainer.py:634] INFO train iter: 1575, num_batches_per_epoch: 25
2022-08-04 05:28:47,953 [dl_trainer.py:635] INFO Epoch 63, avg train acc: 72.765625, lr: 0.100000, avg loss: 0.770392
2022-08-04 05:28:49,970 [dist_trainer.py:90] WARNING Time per iteration including communication: 0.128205, Speed: 1996.803523 images/s
2022-08-04 05:28:51,088 [dl_trainer.py:731] WARNING [ 63][ 1600/   25][rank:5] loss: 0.679, average forward (0.009161) and backward (0.025646) time: 0.049353, iotime: 0.013763 
2022-08-04 05:28:51,097 [dl_trainer.py:634] INFO train iter: 1600, num_batches_per_epoch: 25
2022-08-04 05:28:51,097 [dl_trainer.py:635] INFO Epoch 64, avg train acc: 72.875000, lr: 0.100000, avg loss: 0.751460
2022-08-04 05:28:53,099 [dist_trainer.py:90] WARNING Time per iteration including communication: 0.130359, Speed: 1963.807280 images/s
2022-08-04 05:28:54,152 [dl_trainer.py:634] INFO train iter: 1625, num_batches_per_epoch: 25
2022-08-04 05:28:54,153 [dl_trainer.py:635] INFO Epoch 65, avg train acc: 74.484375, lr: 0.100000, avg loss: 0.737425
2022-08-04 05:28:56,018 [dist_trainer.py:90] WARNING Time per iteration including communication: 0.121575, Speed: 2105.704712 images/s
2022-08-04 05:28:56,655 [dl_trainer.py:731] WARNING [ 65][ 1640/   25][rank:5] loss: 0.758, average forward (0.009515) and backward (0.026195) time: 0.050412, iotime: 0.014104 
2022-08-04 05:28:57,128 [dl_trainer.py:634] INFO train iter: 1650, num_batches_per_epoch: 25
2022-08-04 05:28:57,129 [dl_trainer.py:635] INFO Epoch 66, avg train acc: 74.171875, lr: 0.100000, avg loss: 0.728895
2022-08-04 05:28:58,999 [dist_trainer.py:90] WARNING Time per iteration including communication: 0.124171, Speed: 2061.667593 images/s
2022-08-04 05:29:00,162 [dl_trainer.py:634] INFO train iter: 1675, num_batches_per_epoch: 25
2022-08-04 05:29:00,163 [dl_trainer.py:635] INFO Epoch 67, avg train acc: 74.859375, lr: 0.100000, avg loss: 0.711754
2022-08-04 05:29:01,916 [dl_trainer.py:731] WARNING [ 67][ 1680/   25][rank:5] loss: 0.701, average forward (0.008911) and backward (0.025588) time: 0.043439, iotime: 0.008658 
2022-08-04 05:29:01,924 [dist_trainer.py:90] WARNING Time per iteration including communication: 0.121891, Speed: 2100.241858 images/s
2022-08-04 05:29:03,154 [dl_trainer.py:634] INFO train iter: 1700, num_batches_per_epoch: 25
2022-08-04 05:29:03,155 [dl_trainer.py:635] INFO Epoch 68, avg train acc: 76.250000, lr: 0.100000, avg loss: 0.683033
2022-08-04 05:29:04,883 [dist_trainer.py:90] WARNING Time per iteration including communication: 0.123240, Speed: 2077.249422 images/s
2022-08-04 05:29:05,943 [dl_trainer.py:731] WARNING [ 68][ 1720/   25][rank:5] loss: 0.754, average forward (0.009021) and backward (0.025994) time: 0.049558, iotime: 0.014163 
2022-08-04 05:29:06,198 [dl_trainer.py:634] INFO train iter: 1725, num_batches_per_epoch: 25
2022-08-04 05:29:06,198 [dl_trainer.py:635] INFO Epoch 69, avg train acc: 75.671875, lr: 0.100000, avg loss: 0.690623
2022-08-04 05:29:07,851 [dist_trainer.py:90] WARNING Time per iteration including communication: 0.123656, Speed: 2070.261347 images/s
2022-08-04 05:29:09,175 [dl_trainer.py:634] INFO train iter: 1750, num_batches_per_epoch: 25
2022-08-04 05:29:09,175 [dl_trainer.py:635] INFO Epoch 70, avg train acc: 76.484375, lr: 0.100000, avg loss: 0.671512
2022-08-04 05:29:10,798 [dist_trainer.py:90] WARNING Time per iteration including communication: 0.122743, Speed: 2085.655773 images/s
2022-08-04 05:29:11,445 [dl_trainer.py:731] WARNING [ 70][ 1760/   25][rank:5] loss: 0.657, average forward (0.009202) and backward (0.025327) time: 0.049387, iotime: 0.014377 
2022-08-04 05:29:12,187 [dl_trainer.py:634] INFO train iter: 1775, num_batches_per_epoch: 25
2022-08-04 05:29:12,187 [dl_trainer.py:635] INFO Epoch 71, avg train acc: 77.140625, lr: 0.100000, avg loss: 0.640649
2022-08-04 05:29:13,717 [dist_trainer.py:90] WARNING Time per iteration including communication: 0.121609, Speed: 2105.108687 images/s
2022-08-04 05:29:15,198 [dl_trainer.py:731] WARNING [ 71][ 1800/   25][rank:5] loss: 0.613, average forward (0.008578) and backward (0.025357) time: 0.042779, iotime: 0.008592 
2022-08-04 05:29:15,206 [dist_trainer.py:90] WARNING Time per iteration including communication: 0.062021, Speed: 4127.639002 images/s
2022-08-04 05:29:15,207 [dl_trainer.py:634] INFO train iter: 1800, num_batches_per_epoch: 25
2022-08-04 05:29:15,207 [dl_trainer.py:635] INFO Epoch 72, avg train acc: 77.218750, lr: 0.100000, avg loss: 0.646889
2022-08-04 05:29:18,244 [dist_trainer.py:90] WARNING Time per iteration including communication: 0.126578, Speed: 2022.469102 images/s
2022-08-04 05:29:18,541 [dl_trainer.py:634] INFO train iter: 1825, num_batches_per_epoch: 25
2022-08-04 05:29:18,541 [dl_trainer.py:635] INFO Epoch 73, avg train acc: 77.640625, lr: 0.100000, avg loss: 0.633834
2022-08-04 05:29:20,912 [dl_trainer.py:731] WARNING [ 73][ 1840/   25][rank:5] loss: 0.479, average forward (0.009222) and backward (0.025428) time: 0.049301, iotime: 0.014182 
2022-08-04 05:29:21,339 [dist_trainer.py:90] WARNING Time per iteration including communication: 0.128928, Speed: 1985.603363 images/s
2022-08-04 05:29:21,700 [dl_trainer.py:634] INFO train iter: 1850, num_batches_per_epoch: 25
2022-08-04 05:29:21,701 [dl_trainer.py:635] INFO Epoch 74, avg train acc: 77.625000, lr: 0.100000, avg loss: 0.629805
2022-08-04 05:29:24,365 [dist_trainer.py:90] WARNING Time per iteration including communication: 0.126055, Speed: 2030.855028 images/s
2022-08-04 05:29:24,774 [dl_trainer.py:634] INFO train iter: 1875, num_batches_per_epoch: 25
2022-08-04 05:29:24,775 [dl_trainer.py:635] INFO Epoch 75, avg train acc: 78.687500, lr: 0.100000, avg loss: 0.599947
2022-08-04 05:29:26,523 [dl_trainer.py:731] WARNING [ 75][ 1880/   25][rank:5] loss: 0.632, average forward (0.009452) and backward (0.025824) time: 0.049551, iotime: 0.013931 
2022-08-04 05:29:27,327 [dist_trainer.py:90] WARNING Time per iteration including communication: 0.123394, Speed: 2074.649281 images/s
2022-08-04 05:29:27,807 [dl_trainer.py:634] INFO train iter: 1900, num_batches_per_epoch: 25
2022-08-04 05:29:27,808 [dl_trainer.py:635] INFO Epoch 76, avg train acc: 78.703125, lr: 0.100000, avg loss: 0.608984
2022-08-04 05:29:30,360 [dl_trainer.py:731] WARNING [ 76][ 1920/   25][rank:5] loss: 0.571, average forward (0.008898) and backward (0.026386) time: 0.044669, iotime: 0.008517 
2022-08-04 05:29:30,368 [dist_trainer.py:90] WARNING Time per iteration including communication: 0.126673, Speed: 2020.951377 images/s
2022-08-04 05:29:30,879 [dl_trainer.py:634] INFO train iter: 1925, num_batches_per_epoch: 25
2022-08-04 05:29:30,880 [dl_trainer.py:635] INFO Epoch 77, avg train acc: 79.796875, lr: 0.100000, avg loss: 0.587348
2022-08-04 05:29:33,287 [dist_trainer.py:90] WARNING Time per iteration including communication: 0.121608, Speed: 2105.118661 images/s
2022-08-04 05:29:33,829 [dl_trainer.py:634] INFO train iter: 1950, num_batches_per_epoch: 25
2022-08-04 05:29:33,829 [dl_trainer.py:635] INFO Epoch 78, avg train acc: 79.234375, lr: 0.100000, avg loss: 0.592840
2022-08-04 05:29:35,841 [dl_trainer.py:731] WARNING [ 78][ 1960/   25][rank:5] loss: 0.540, average forward (0.008930) and backward (0.025840) time: 0.048950, iotime: 0.013876 
2022-08-04 05:29:36,256 [dist_trainer.py:90] WARNING Time per iteration including communication: 0.123685, Speed: 2069.775646 images/s
2022-08-04 05:29:36,849 [dl_trainer.py:634] INFO train iter: 1975, num_batches_per_epoch: 25
2022-08-04 05:29:36,849 [dl_trainer.py:635] INFO Epoch 79, avg train acc: 79.515625, lr: 0.100000, avg loss: 0.591570
2022-08-04 05:29:39,361 [dist_trainer.py:90] WARNING Time per iteration including communication: 0.129384, Speed: 1978.612227 images/s
2022-08-04 05:29:40,020 [dl_trainer.py:731] WARNING [ 79][ 2000/   25][rank:5] loss: 0.545, average forward (0.009035) and backward (0.026471) time: 0.050864, iotime: 0.014313 
2022-08-04 05:29:40,031 [dl_trainer.py:634] INFO train iter: 2000, num_batches_per_epoch: 25
2022-08-04 05:29:40,031 [dl_trainer.py:635] INFO Epoch 80, avg train acc: 78.906250, lr: 0.100000, avg loss: 0.593906
2022-08-04 05:29:42,352 [dist_trainer.py:90] WARNING Time per iteration including communication: 0.124602, Speed: 2054.541990 images/s
2022-08-04 05:29:43,056 [dl_trainer.py:634] INFO train iter: 2025, num_batches_per_epoch: 25
2022-08-04 05:29:43,057 [dl_trainer.py:635] INFO Epoch 81, avg train acc: 78.125000, lr: 0.100000, avg loss: 0.598593
2022-08-04 05:29:45,296 [dl_trainer.py:731] WARNING [ 81][ 2040/   25][rank:5] loss: 0.528, average forward (0.009647) and backward (0.025262) time: 0.044230, iotime: 0.009007 
2022-08-04 05:29:45,308 [dist_trainer.py:90] WARNING Time per iteration including communication: 0.123149, Speed: 2078.775107 images/s
2022-08-04 05:29:46,036 [dl_trainer.py:634] INFO train iter: 2050, num_batches_per_epoch: 25
2022-08-04 05:29:46,036 [dl_trainer.py:635] INFO Epoch 82, avg train acc: 80.703125, lr: 0.010000, avg loss: 0.553440
2022-08-04 05:29:48,288 [dist_trainer.py:90] WARNING Time per iteration including communication: 0.124141, Speed: 2062.176559 images/s
2022-08-04 05:29:49,079 [dl_trainer.py:634] INFO train iter: 2075, num_batches_per_epoch: 25
2022-08-04 05:29:49,079 [dl_trainer.py:635] INFO Epoch 83, avg train acc: 82.890625, lr: 0.010000, avg loss: 0.499978
2022-08-04 05:29:50,839 [dl_trainer.py:731] WARNING [ 83][ 2080/   25][rank:5] loss: 0.611, average forward (0.009636) and backward (0.025632) time: 0.050998, iotime: 0.015207 
2022-08-04 05:29:51,261 [dist_trainer.py:90] WARNING Time per iteration including communication: 0.123819, Speed: 2067.542131 images/s
2022-08-04 05:29:52,112 [dl_trainer.py:634] INFO train iter: 2100, num_batches_per_epoch: 25
2022-08-04 05:29:52,113 [dl_trainer.py:635] INFO Epoch 84, avg train acc: 82.250000, lr: 0.010000, avg loss: 0.510537
2022-08-04 05:29:54,240 [dist_trainer.py:90] WARNING Time per iteration including communication: 0.124126, Speed: 2062.415043 images/s
2022-08-04 05:29:54,853 [dl_trainer.py:731] WARNING [ 84][ 2120/   25][rank:5] loss: 0.576, average forward (0.009295) and backward (0.025216) time: 0.050219, iotime: 0.015380 
2022-08-04 05:29:55,116 [dl_trainer.py:634] INFO train iter: 2125, num_batches_per_epoch: 25
2022-08-04 05:29:55,116 [dl_trainer.py:635] INFO Epoch 85, avg train acc: 83.296875, lr: 0.010000, avg loss: 0.487876
2022-08-04 05:29:57,181 [dist_trainer.py:90] WARNING Time per iteration including communication: 0.122517, Speed: 2089.512052 images/s
2022-08-04 05:29:58,166 [dl_trainer.py:634] INFO train iter: 2150, num_batches_per_epoch: 25
2022-08-04 05:29:58,167 [dl_trainer.py:635] INFO Epoch 86, avg train acc: 82.984375, lr: 0.010000, avg loss: 0.487354
2022-08-04 05:30:00,160 [dl_trainer.py:731] WARNING [ 86][ 2160/   25][rank:5] loss: 0.428, average forward (0.009164) and backward (0.026203) time: 0.045005, iotime: 0.009003 
2022-08-04 05:30:00,172 [dist_trainer.py:90] WARNING Time per iteration including communication: 0.124617, Speed: 2054.288128 images/s
2022-08-04 05:30:01,214 [dl_trainer.py:634] INFO train iter: 2175, num_batches_per_epoch: 25
2022-08-04 05:30:01,215 [dl_trainer.py:635] INFO Epoch 87, avg train acc: 83.015625, lr: 0.010000, avg loss: 0.480980
2022-08-04 05:30:03,184 [dist_trainer.py:90] WARNING Time per iteration including communication: 0.125474, Speed: 2040.260479 images/s
2022-08-04 05:30:04,259 [dl_trainer.py:731] WARNING [ 87][ 2200/   25][rank:5] loss: 0.465, average forward (0.010667) and backward (0.025355) time: 0.052329, iotime: 0.015352 
2022-08-04 05:30:04,275 [dl_trainer.py:634] INFO train iter: 2200, num_batches_per_epoch: 25
2022-08-04 05:30:04,276 [dl_trainer.py:635] INFO Epoch 88, avg train acc: 82.265625, lr: 0.010000, avg loss: 0.496598
2022-08-04 05:30:06,219 [dist_trainer.py:90] WARNING Time per iteration including communication: 0.126434, Speed: 2024.765322 images/s
2022-08-04 05:30:07,287 [dl_trainer.py:634] INFO train iter: 2225, num_batches_per_epoch: 25
2022-08-04 05:30:07,287 [dl_trainer.py:635] INFO Epoch 89, avg train acc: 83.687500, lr: 0.010000, avg loss: 0.477490
2022-08-04 05:30:09,122 [dist_trainer.py:90] WARNING Time per iteration including communication: 0.120918, Speed: 2117.134351 images/s
2022-08-04 05:30:09,786 [dl_trainer.py:731] WARNING [ 89][ 2240/   25][rank:5] loss: 0.464, average forward (0.009940) and backward (0.025350) time: 0.050691, iotime: 0.014869 
2022-08-04 05:30:10,301 [dl_trainer.py:634] INFO train iter: 2250, num_batches_per_epoch: 25
2022-08-04 05:30:10,301 [dl_trainer.py:635] INFO Epoch 90, avg train acc: 83.781250, lr: 0.010000, avg loss: 0.474604
2022-08-04 05:30:12,116 [dist_trainer.py:90] WARNING Time per iteration including communication: 0.124732, Speed: 2052.404635 images/s
2022-08-04 05:30:13,309 [dl_trainer.py:634] INFO train iter: 2275, num_batches_per_epoch: 25
2022-08-04 05:30:13,309 [dl_trainer.py:635] INFO Epoch 91, avg train acc: 83.343750, lr: 0.010000, avg loss: 0.475045
2022-08-04 05:30:15,093 [dl_trainer.py:731] WARNING [ 91][ 2280/   25][rank:5] loss: 0.606, average forward (0.010154) and backward (0.026095) time: 0.045957, iotime: 0.009240 
2022-08-04 05:30:15,104 [dist_trainer.py:90] WARNING Time per iteration including communication: 0.124461, Speed: 2056.875046 images/s
2022-08-04 05:30:16,327 [dl_trainer.py:634] INFO train iter: 2300, num_batches_per_epoch: 25
2022-08-04 05:30:16,328 [dl_trainer.py:635] INFO Epoch 92, avg train acc: 82.515625, lr: 0.010000, avg loss: 0.495186
2022-08-04 05:30:18,083 [dist_trainer.py:90] WARNING Time per iteration including communication: 0.124133, Speed: 2062.303304 images/s
2022-08-04 05:30:19,105 [dl_trainer.py:731] WARNING [ 92][ 2320/   25][rank:5] loss: 0.498, average forward (0.009828) and backward (0.025852) time: 0.050640, iotime: 0.014399 
2022-08-04 05:30:19,354 [dl_trainer.py:634] INFO train iter: 2325, num_batches_per_epoch: 25
2022-08-04 05:30:19,354 [dl_trainer.py:635] INFO Epoch 93, avg train acc: 83.265625, lr: 0.010000, avg loss: 0.484945
2022-08-04 05:30:21,009 [dist_trainer.py:90] WARNING Time per iteration including communication: 0.121891, Speed: 2100.243912 images/s
2022-08-04 05:30:22,313 [dl_trainer.py:634] INFO train iter: 2350, num_batches_per_epoch: 25
2022-08-04 05:30:22,313 [dl_trainer.py:635] INFO Epoch 94, avg train acc: 83.843750, lr: 0.010000, avg loss: 0.476844
2022-08-04 05:30:23,934 [dist_trainer.py:90] WARNING Time per iteration including communication: 0.121853, Speed: 2100.884798 images/s
2022-08-04 05:30:24,593 [dl_trainer.py:731] WARNING [ 94][ 2360/   25][rank:5] loss: 0.479, average forward (0.009273) and backward (0.026336) time: 0.051853, iotime: 0.015118 
2022-08-04 05:30:25,314 [dl_trainer.py:634] INFO train iter: 2375, num_batches_per_epoch: 25
2022-08-04 05:30:25,314 [dl_trainer.py:635] INFO Epoch 95, avg train acc: 82.937500, lr: 0.010000, avg loss: 0.483697
2022-08-04 05:30:26,895 [dist_trainer.py:90] WARNING Time per iteration including communication: 0.123314, Speed: 2075.992688 images/s
2022-08-04 05:30:28,336 [dl_trainer.py:731] WARNING [ 95][ 2400/   25][rank:5] loss: 0.505, average forward (0.009558) and backward (0.025825) time: 0.044272, iotime: 0.008557 
2022-08-04 05:30:28,353 [dist_trainer.py:90] WARNING Time per iteration including communication: 0.060738, Speed: 4214.834856 images/s
2022-08-04 05:30:28,354 [dl_trainer.py:634] INFO train iter: 2400, num_batches_per_epoch: 25
2022-08-04 05:30:28,354 [dl_trainer.py:635] INFO Epoch 96, avg train acc: 83.562500, lr: 0.010000, avg loss: 0.467262
2022-08-04 05:30:31,356 [dist_trainer.py:90] WARNING Time per iteration including communication: 0.125079, Speed: 2046.708822 images/s
2022-08-04 05:30:31,670 [dl_trainer.py:634] INFO train iter: 2425, num_batches_per_epoch: 25
2022-08-04 05:30:31,670 [dl_trainer.py:635] INFO Epoch 97, avg train acc: 83.859375, lr: 0.010000, avg loss: 0.460560
2022-08-04 05:30:33,922 [dl_trainer.py:731] WARNING [ 97][ 2440/   25][rank:5] loss: 0.456, average forward (0.008758) and backward (0.026285) time: 0.049710, iotime: 0.014386 
2022-08-04 05:30:34,395 [dist_trainer.py:90] WARNING Time per iteration including communication: 0.126580, Speed: 2022.436088 images/s
2022-08-04 05:30:34,761 [dl_trainer.py:634] INFO train iter: 2450, num_batches_per_epoch: 25
2022-08-04 05:30:34,761 [dl_trainer.py:635] INFO Epoch 98, avg train acc: 83.968750, lr: 0.010000, avg loss: 0.452290
2022-08-04 05:30:37,534 [dist_trainer.py:90] WARNING Time per iteration including communication: 0.130804, Speed: 1957.122795 images/s
2022-08-04 05:30:37,942 [dl_trainer.py:634] INFO train iter: 2475, num_batches_per_epoch: 25
2022-08-04 05:30:37,943 [dl_trainer.py:635] INFO Epoch 99, avg train acc: 84.203125, lr: 0.010000, avg loss: 0.465323
2022-08-04 05:30:39,914 [dl_trainer.py:731] WARNING [ 99][ 2480/   25][rank:5] loss: 0.452, average forward (0.009082) and backward (0.025691) time: 0.050210, iotime: 0.014978 
2022-08-04 05:30:40,747 [dist_trainer.py:90] WARNING Time per iteration including communication: 0.133839, Speed: 1912.747881 images/s
2022-08-04 05:30:41,197 [dl_trainer.py:634] INFO train iter: 2500, num_batches_per_epoch: 25
2022-08-04 05:30:41,198 [dl_trainer.py:635] INFO Epoch 100, avg train acc: 83.546875, lr: 0.010000, avg loss: 0.485349
2022-08-04 05:30:43,712 [dl_trainer.py:731] WARNING [100][ 2520/   25][rank:5] loss: 0.494, average forward (0.008915) and backward (0.025609) time: 0.043295, iotime: 0.008513 
2022-08-04 05:30:43,723 [dist_trainer.py:90] WARNING Time per iteration including communication: 0.123992, Speed: 2064.651383 images/s
2022-08-04 05:30:44,215 [dl_trainer.py:634] INFO train iter: 2525, num_batches_per_epoch: 25
2022-08-04 05:30:44,215 [dl_trainer.py:635] INFO Epoch 101, avg train acc: 84.234375, lr: 0.010000, avg loss: 0.460242
2022-08-04 05:30:46,662 [dist_trainer.py:90] WARNING Time per iteration including communication: 0.122414, Speed: 2091.269963 images/s
2022-08-04 05:30:47,202 [dl_trainer.py:634] INFO train iter: 2550, num_batches_per_epoch: 25
2022-08-04 05:30:47,203 [dl_trainer.py:635] INFO Epoch 102, avg train acc: 83.953125, lr: 0.010000, avg loss: 0.456393
2022-08-04 05:30:49,251 [dl_trainer.py:731] WARNING [102][ 2560/   25][rank:5] loss: 0.430, average forward (0.009305) and backward (0.026201) time: 0.050590, iotime: 0.014771 
2022-08-04 05:30:49,674 [dist_trainer.py:90] WARNING Time per iteration including communication: 0.125507, Speed: 2039.726915 images/s
2022-08-04 05:30:50,269 [dl_trainer.py:634] INFO train iter: 2575, num_batches_per_epoch: 25
2022-08-04 05:30:50,269 [dl_trainer.py:635] INFO Epoch 103, avg train acc: 83.531250, lr: 0.010000, avg loss: 0.476445
2022-08-04 05:30:52,606 [dist_trainer.py:90] WARNING Time per iteration including communication: 0.122120, Speed: 2096.304812 images/s
2022-08-04 05:30:53,251 [dl_trainer.py:731] WARNING [103][ 2600/   25][rank:5] loss: 0.421, average forward (0.009425) and backward (0.025981) time: 0.050645, iotime: 0.014642 
2022-08-04 05:30:53,259 [dl_trainer.py:634] INFO train iter: 2600, num_batches_per_epoch: 25
2022-08-04 05:30:53,259 [dl_trainer.py:635] INFO Epoch 104, avg train acc: 82.921875, lr: 0.010000, avg loss: 0.470439
2022-08-04 05:30:55,542 [dist_trainer.py:90] WARNING Time per iteration including communication: 0.122312, Speed: 2093.004655 images/s
2022-08-04 05:30:56,234 [dl_trainer.py:634] INFO train iter: 2625, num_batches_per_epoch: 25
2022-08-04 05:30:56,235 [dl_trainer.py:635] INFO Epoch 105, avg train acc: 83.953125, lr: 0.010000, avg loss: 0.461261
2022-08-04 05:30:58,465 [dl_trainer.py:731] WARNING [105][ 2640/   25][rank:5] loss: 0.352, average forward (0.008539) and backward (0.024734) time: 0.042728, iotime: 0.009032 
2022-08-04 05:30:58,475 [dist_trainer.py:90] WARNING Time per iteration including communication: 0.122188, Speed: 2095.139895 images/s
2022-08-04 05:30:59,183 [dl_trainer.py:634] INFO train iter: 2650, num_batches_per_epoch: 25
2022-08-04 05:30:59,184 [dl_trainer.py:635] INFO Epoch 106, avg train acc: 84.765625, lr: 0.010000, avg loss: 0.439647
2022-08-04 05:31:01,412 [dist_trainer.py:90] WARNING Time per iteration including communication: 0.122371, Speed: 2092.000483 images/s
2022-08-04 05:31:02,195 [dl_trainer.py:634] INFO train iter: 2675, num_batches_per_epoch: 25
2022-08-04 05:31:02,195 [dl_trainer.py:635] INFO Epoch 107, avg train acc: 84.437500, lr: 0.010000, avg loss: 0.443670
2022-08-04 05:31:03,930 [dl_trainer.py:731] WARNING [107][ 2680/   25][rank:5] loss: 0.356, average forward (0.009779) and backward (0.025218) time: 0.050567, iotime: 0.014810 
2022-08-04 05:31:04,325 [dist_trainer.py:90] WARNING Time per iteration including communication: 0.121342, Speed: 2109.745229 images/s
2022-08-04 05:31:05,184 [dl_trainer.py:634] INFO train iter: 2700, num_batches_per_epoch: 25
2022-08-04 05:31:05,185 [dl_trainer.py:635] INFO Epoch 108, avg train acc: 84.390625, lr: 0.010000, avg loss: 0.440096
2022-08-04 05:31:07,335 [dist_trainer.py:90] WARNING Time per iteration including communication: 0.125411, Speed: 2041.292386 images/s
2022-08-04 05:31:07,967 [dl_trainer.py:731] WARNING [108][ 2720/   25][rank:5] loss: 0.492, average forward (0.008988) and backward (0.026462) time: 0.050659, iotime: 0.014782 
2022-08-04 05:31:08,222 [dl_trainer.py:634] INFO train iter: 2725, num_batches_per_epoch: 25
2022-08-04 05:31:08,223 [dl_trainer.py:635] INFO Epoch 109, avg train acc: 84.328125, lr: 0.010000, avg loss: 0.440666
2022-08-04 05:31:10,300 [dist_trainer.py:90] WARNING Time per iteration including communication: 0.123536, Speed: 2072.268087 images/s
2022-08-04 05:31:11,236 [dl_trainer.py:634] INFO train iter: 2750, num_batches_per_epoch: 25
2022-08-04 05:31:11,237 [dl_trainer.py:635] INFO Epoch 110, avg train acc: 85.031250, lr: 0.010000, avg loss: 0.443209
2022-08-04 05:31:13,256 [dl_trainer.py:731] WARNING [110][ 2760/   25][rank:5] loss: 0.350, average forward (0.008674) and backward (0.027299) time: 0.045337, iotime: 0.009065 
2022-08-04 05:31:13,268 [dist_trainer.py:90] WARNING Time per iteration including communication: 0.123633, Speed: 2070.648608 images/s
2022-08-04 05:31:14,249 [dl_trainer.py:634] INFO train iter: 2775, num_batches_per_epoch: 25
2022-08-04 05:31:14,250 [dl_trainer.py:635] INFO Epoch 111, avg train acc: 84.156250, lr: 0.010000, avg loss: 0.445942
2022-08-04 05:31:16,248 [dist_trainer.py:90] WARNING Time per iteration including communication: 0.124152, Speed: 2061.985152 images/s
2022-08-04 05:31:17,250 [dl_trainer.py:731] WARNING [111][ 2800/   25][rank:5] loss: 0.449, average forward (0.009987) and backward (0.025067) time: 0.049951, iotime: 0.014630 
2022-08-04 05:31:17,276 [dl_trainer.py:634] INFO train iter: 2800, num_batches_per_epoch: 25
2022-08-04 05:31:17,276 [dl_trainer.py:635] INFO Epoch 112, avg train acc: 84.953125, lr: 0.010000, avg loss: 0.432814
2022-08-04 05:31:19,147 [dist_trainer.py:90] WARNING Time per iteration including communication: 0.120765, Speed: 2119.819648 images/s
2022-08-04 05:31:20,239 [dl_trainer.py:634] INFO train iter: 2825, num_batches_per_epoch: 25
2022-08-04 05:31:20,239 [dl_trainer.py:635] INFO Epoch 113, avg train acc: 84.484375, lr: 0.010000, avg loss: 0.444045
2022-08-04 05:31:22,098 [dist_trainer.py:90] WARNING Time per iteration including communication: 0.122924, Speed: 2082.581556 images/s
2022-08-04 05:31:22,752 [dl_trainer.py:731] WARNING [113][ 2840/   25][rank:5] loss: 0.495, average forward (0.008946) and backward (0.025927) time: 0.049952, iotime: 0.014751 
2022-08-04 05:31:23,217 [dl_trainer.py:634] INFO train iter: 2850, num_batches_per_epoch: 25
2022-08-04 05:31:23,218 [dl_trainer.py:635] INFO Epoch 114, avg train acc: 84.656250, lr: 0.010000, avg loss: 0.438530
2022-08-04 05:31:25,033 [dist_trainer.py:90] WARNING Time per iteration including communication: 0.122262, Speed: 2093.861938 images/s
2022-08-04 05:31:26,187 [dl_trainer.py:634] INFO train iter: 2875, num_batches_per_epoch: 25
2022-08-04 05:31:26,188 [dl_trainer.py:635] INFO Epoch 115, avg train acc: 84.609375, lr: 0.010000, avg loss: 0.434696
2022-08-04 05:31:27,928 [dl_trainer.py:731] WARNING [115][ 2880/   25][rank:5] loss: 0.445, average forward (0.009288) and backward (0.025993) time: 0.043846, iotime: 0.008281 
2022-08-04 05:31:27,936 [dist_trainer.py:90] WARNING Time per iteration including communication: 0.120940, Speed: 2116.759588 images/s
2022-08-04 05:31:29,122 [dl_trainer.py:634] INFO train iter: 2900, num_batches_per_epoch: 25
2022-08-04 05:31:29,123 [dl_trainer.py:635] INFO Epoch 116, avg train acc: 85.187500, lr: 0.010000, avg loss: 0.429524
2022-08-04 05:31:30,929 [dist_trainer.py:90] WARNING Time per iteration including communication: 0.124692, Speed: 2053.066212 images/s
2022-08-04 05:31:31,953 [dl_trainer.py:731] WARNING [116][ 2920/   25][rank:5] loss: 0.444, average forward (0.008869) and backward (0.025489) time: 0.049654, iotime: 0.014596 
2022-08-04 05:31:32,201 [dl_trainer.py:634] INFO train iter: 2925, num_batches_per_epoch: 25
2022-08-04 05:31:32,202 [dl_trainer.py:635] INFO Epoch 117, avg train acc: 84.390625, lr: 0.010000, avg loss: 0.452650
2022-08-04 05:31:33,879 [dist_trainer.py:90] WARNING Time per iteration including communication: 0.122884, Speed: 2083.268123 images/s
2022-08-04 05:31:35,209 [dl_trainer.py:634] INFO train iter: 2950, num_batches_per_epoch: 25
2022-08-04 05:31:35,210 [dl_trainer.py:635] INFO Epoch 118, avg train acc: 84.093750, lr: 0.010000, avg loss: 0.464413
2022-08-04 05:31:36,842 [dist_trainer.py:90] WARNING Time per iteration including communication: 0.123385, Speed: 2074.799447 images/s
2022-08-04 05:31:37,469 [dl_trainer.py:731] WARNING [118][ 2960/   25][rank:5] loss: 0.383, average forward (0.009129) and backward (0.025826) time: 0.049687, iotime: 0.014415 
2022-08-04 05:31:38,306 [dl_trainer.py:634] INFO train iter: 2975, num_batches_per_epoch: 25
2022-08-04 05:31:38,307 [dl_trainer.py:635] INFO Epoch 119, avg train acc: 84.703125, lr: 0.010000, avg loss: 0.443258
2022-08-04 05:31:39,855 [dist_trainer.py:90] WARNING Time per iteration including communication: 0.125518, Speed: 2039.540136 images/s
2022-08-04 05:31:41,267 [dl_trainer.py:731] WARNING [119][ 3000/   25][rank:5] loss: 0.419, average forward (0.009254) and backward (0.024788) time: 0.043631, iotime: 0.009282 
2022-08-04 05:31:41,282 [dist_trainer.py:90] WARNING Time per iteration including communication: 0.059453, Speed: 4305.920841 images/s
2022-08-04 05:31:41,283 [dl_trainer.py:634] INFO train iter: 3000, num_batches_per_epoch: 25
2022-08-04 05:31:41,283 [dl_trainer.py:635] INFO Epoch 120, avg train acc: 84.468750, lr: 0.010000, avg loss: 0.438887
2022-08-04 05:31:44,285 [dist_trainer.py:90] WARNING Time per iteration including communication: 0.125068, Speed: 2046.883259 images/s
2022-08-04 05:31:44,599 [dl_trainer.py:634] INFO train iter: 3025, num_batches_per_epoch: 25
2022-08-04 05:31:44,599 [dl_trainer.py:635] INFO Epoch 121, avg train acc: 84.515625, lr: 0.010000, avg loss: 0.432790
2022-08-04 05:31:46,835 [dl_trainer.py:731] WARNING [121][ 3040/   25][rank:5] loss: 0.474, average forward (0.009428) and backward (0.024752) time: 0.050009, iotime: 0.015403 
2022-08-04 05:31:47,259 [dist_trainer.py:90] WARNING Time per iteration including communication: 0.123891, Speed: 2066.335551 images/s
2022-08-04 05:31:47,613 [dl_trainer.py:634] INFO train iter: 3050, num_batches_per_epoch: 25
2022-08-04 05:31:47,614 [dl_trainer.py:635] INFO Epoch 122, avg train acc: 85.031250, lr: 0.010000, avg loss: 0.423121
2022-08-04 05:31:50,161 [dist_trainer.py:90] WARNING Time per iteration including communication: 0.120896, Speed: 2117.521948 images/s
2022-08-04 05:31:50,568 [dl_trainer.py:634] INFO train iter: 3075, num_batches_per_epoch: 25
2022-08-04 05:31:50,568 [dl_trainer.py:635] INFO Epoch 123, avg train acc: 84.281250, lr: 0.001000, avg loss: 0.429190
2022-08-04 05:31:52,320 [dl_trainer.py:731] WARNING [123][ 3080/   25][rank:5] loss: 0.377, average forward (0.009387) and backward (0.025481) time: 0.049800, iotime: 0.014130 
2022-08-04 05:31:53,128 [dist_trainer.py:90] WARNING Time per iteration including communication: 0.123587, Speed: 2071.407247 images/s
2022-08-04 05:31:53,571 [dl_trainer.py:634] INFO train iter: 3100, num_batches_per_epoch: 25
2022-08-04 05:31:53,572 [dl_trainer.py:635] INFO Epoch 124, avg train acc: 85.343750, lr: 0.001000, avg loss: 0.427034
2022-08-04 05:31:56,077 [dl_trainer.py:731] WARNING [124][ 3120/   25][rank:5] loss: 0.441, average forward (0.009388) and backward (0.026483) time: 0.045303, iotime: 0.008830 
2022-08-04 05:31:56,086 [dist_trainer.py:90] WARNING Time per iteration including communication: 0.123220, Speed: 2077.576489 images/s
2022-08-04 05:31:56,596 [dl_trainer.py:634] INFO train iter: 3125, num_batches_per_epoch: 25
2022-08-04 05:31:56,597 [dl_trainer.py:635] INFO Epoch 125, avg train acc: 83.656250, lr: 0.001000, avg loss: 0.467897
2022-08-04 05:31:59,072 [dist_trainer.py:90] WARNING Time per iteration including communication: 0.124395, Speed: 2057.954400 images/s
2022-08-04 05:31:59,615 [dl_trainer.py:634] INFO train iter: 3150, num_batches_per_epoch: 25
2022-08-04 05:31:59,615 [dl_trainer.py:635] INFO Epoch 126, avg train acc: 85.734375, lr: 0.001000, avg loss: 0.422147
2022-08-04 05:32:01,637 [dl_trainer.py:731] WARNING [126][ 3160/   25][rank:5] loss: 0.489, average forward (0.009701) and backward (0.025139) time: 0.049633, iotime: 0.014475 
2022-08-04 05:32:02,048 [dist_trainer.py:90] WARNING Time per iteration including communication: 0.123960, Speed: 2065.186814 images/s
2022-08-04 05:32:02,648 [dl_trainer.py:634] INFO train iter: 3175, num_batches_per_epoch: 25
2022-08-04 05:32:02,648 [dl_trainer.py:635] INFO Epoch 127, avg train acc: 84.890625, lr: 0.001000, avg loss: 0.435505
2022-08-04 05:32:05,058 [dist_trainer.py:90] WARNING Time per iteration including communication: 0.125420, Speed: 2041.144607 images/s
2022-08-04 05:32:05,699 [dl_trainer.py:731] WARNING [127][ 3200/   25][rank:5] loss: 0.464, average forward (0.009857) and backward (0.026048) time: 0.052484, iotime: 0.016004 
2022-08-04 05:32:05,711 [dl_trainer.py:634] INFO train iter: 3200, num_batches_per_epoch: 25
2022-08-04 05:32:05,711 [dl_trainer.py:635] INFO Epoch 128, avg train acc: 85.046875, lr: 0.001000, avg loss: 0.438177
2022-08-04 05:32:08,086 [dist_trainer.py:90] WARNING Time per iteration including communication: 0.126131, Speed: 2029.628532 images/s
2022-08-04 05:32:08,752 [dl_trainer.py:634] INFO train iter: 3225, num_batches_per_epoch: 25
2022-08-04 05:32:08,753 [dl_trainer.py:635] INFO Epoch 129, avg train acc: 84.125000, lr: 0.001000, avg loss: 0.438182
2022-08-04 05:32:11,015 [dl_trainer.py:731] WARNING [129][ 3240/   25][rank:5] loss: 0.416, average forward (0.009865) and backward (0.025829) time: 0.045106, iotime: 0.009086 
2022-08-04 05:32:11,024 [dist_trainer.py:90] WARNING Time per iteration including communication: 0.122374, Speed: 2091.952252 images/s
2022-08-04 05:32:11,759 [dl_trainer.py:634] INFO train iter: 3250, num_batches_per_epoch: 25
2022-08-04 05:32:11,760 [dl_trainer.py:635] INFO Epoch 130, avg train acc: 84.984375, lr: 0.001000, avg loss: 0.437015
2022-08-04 05:32:13,936 [dist_trainer.py:90] WARNING Time per iteration including communication: 0.121334, Speed: 2109.870805 images/s
2022-08-04 05:32:14,719 [dl_trainer.py:634] INFO train iter: 3275, num_batches_per_epoch: 25
2022-08-04 05:32:14,720 [dl_trainer.py:635] INFO Epoch 131, avg train acc: 85.203125, lr: 0.001000, avg loss: 0.435138
2022-08-04 05:32:16,455 [dl_trainer.py:731] WARNING [131][ 3280/   25][rank:5] loss: 0.438, average forward (0.008982) and backward (0.025113) time: 0.049662, iotime: 0.015134 
2022-08-04 05:32:16,886 [dist_trainer.py:90] WARNING Time per iteration including communication: 0.122901, Speed: 2082.979838 images/s
2022-08-04 05:32:17,747 [dl_trainer.py:634] INFO train iter: 3300, num_batches_per_epoch: 25
2022-08-04 05:32:17,747 [dl_trainer.py:635] INFO Epoch 132, avg train acc: 85.031250, lr: 0.001000, avg loss: 0.434826
2022-08-04 05:32:19,907 [dist_trainer.py:90] WARNING Time per iteration including communication: 0.125856, Speed: 2034.075947 images/s
2022-08-04 05:32:20,539 [dl_trainer.py:731] WARNING [132][ 3320/   25][rank:5] loss: 0.451, average forward (0.009028) and backward (0.026067) time: 0.050552, iotime: 0.015033 
2022-08-04 05:32:20,795 [dl_trainer.py:634] INFO train iter: 3325, num_batches_per_epoch: 25
2022-08-04 05:32:20,796 [dl_trainer.py:635] INFO Epoch 133, avg train acc: 84.234375, lr: 0.001000, avg loss: 0.440499
2022-08-04 05:32:22,867 [dist_trainer.py:90] WARNING Time per iteration including communication: 0.123275, Speed: 2076.657178 images/s
2022-08-04 05:32:23,787 [dl_trainer.py:634] INFO train iter: 3350, num_batches_per_epoch: 25
2022-08-04 05:32:23,787 [dl_trainer.py:635] INFO Epoch 134, avg train acc: 85.234375, lr: 0.001000, avg loss: 0.421634
2022-08-04 05:32:25,784 [dl_trainer.py:731] WARNING [134][ 3360/   25][rank:5] loss: 0.445, average forward (0.009866) and backward (0.025658) time: 0.044848, iotime: 0.009013 
2022-08-04 05:32:25,797 [dist_trainer.py:90] WARNING Time per iteration including communication: 0.122051, Speed: 2097.486901 images/s
2022-08-04 05:32:26,760 [dl_trainer.py:634] INFO train iter: 3375, num_batches_per_epoch: 25
2022-08-04 05:32:26,761 [dl_trainer.py:635] INFO Epoch 135, avg train acc: 85.171875, lr: 0.001000, avg loss: 0.425586
2022-08-04 05:32:28,704 [dist_trainer.py:90] WARNING Time per iteration including communication: 0.121103, Speed: 2113.904105 images/s
