2022-08-04 05:25:03,765 [dist_trainer.py:135] INFO Configurations: Namespace(batch_size=256, compressor='topk', data_dir='./data', dataset='cifar10', density=0.001, dnn='resnet20', lr=0.1, max_epochs=141, nsteps_update=1, num_steps=35, nworkers=8, nwpernode=8, pretrain=None, saved_dir='./logs/iclr', threshold=524288000)
2022-08-04 05:25:32,747 [dl_trainer.py:254] INFO num_batches_per_epoch: 25
2022-08-04 05:25:33,405 [distributed_optimizer.py:63] INFO _dynamic_densities: [0.015625, 0.004, 0.001]
2022-08-04 05:25:33,407 [distributed_optimizer.py:323] INFO # of parameters: 269722
2022-08-04 05:25:33,407 [distributed_optimizer.py:324] INFO Total number of tensors: 59
2022-08-04 05:25:33,407 [distributed_optimizer.py:325] INFO Merged Number of groups: 1
2022-08-04 05:25:34,188 [dist_trainer.py:62] INFO max_epochs: 141
2022-08-04 05:25:37,798 [dist_trainer.py:90] WARNING Time per iteration including communication: 0.150381, Speed: 1702.338906 images/s
2022-08-04 05:25:38,078 [dl_trainer.py:634] INFO train iter: 25, num_batches_per_epoch: 25
2022-08-04 05:25:38,078 [dl_trainer.py:635] INFO Epoch 1, avg train acc: 16.375000, lr: 0.020640, avg loss: 2.686062
2022-08-04 05:25:40,354 [dl_trainer.py:731] WARNING [  1][   40/   25][rank:4] loss: 2.192, average forward (0.062758) and backward (0.029179) time: 0.100271, iotime: 0.007808 
2022-08-04 05:25:40,777 [dist_trainer.py:90] WARNING Time per iteration including communication: 0.124064, Speed: 2063.458748 images/s
2022-08-04 05:25:41,136 [dl_trainer.py:634] INFO train iter: 50, num_batches_per_epoch: 25
2022-08-04 05:25:41,137 [dl_trainer.py:635] INFO Epoch 2, avg train acc: 24.937500, lr: 0.040480, avg loss: 2.045851
2022-08-04 05:25:43,819 [dist_trainer.py:90] WARNING Time per iteration including communication: 0.126752, Speed: 2019.694861 images/s
2022-08-04 05:25:44,221 [dl_trainer.py:634] INFO train iter: 75, num_batches_per_epoch: 25
2022-08-04 05:25:44,222 [dl_trainer.py:635] INFO Epoch 3, avg train acc: 26.906250, lr: 0.060320, avg loss: 1.928476
2022-08-04 05:25:45,969 [dl_trainer.py:731] WARNING [  3][   80/   25][rank:4] loss: 1.979, average forward (0.009754) and backward (0.026698) time: 0.051860, iotime: 0.014496 
2022-08-04 05:25:46,801 [dist_trainer.py:90] WARNING Time per iteration including communication: 0.124188, Speed: 2061.398776 images/s
2022-08-04 05:25:47,249 [dl_trainer.py:634] INFO train iter: 100, num_batches_per_epoch: 25
2022-08-04 05:25:47,249 [dl_trainer.py:635] INFO Epoch 4, avg train acc: 26.765625, lr: 0.080160, avg loss: 1.986919
2022-08-04 05:25:49,918 [dl_trainer.py:731] WARNING [  4][  120/   25][rank:4] loss: 1.925, average forward (0.009493) and backward (0.025453) time: 0.044414, iotime: 0.008618 
2022-08-04 05:25:49,930 [dist_trainer.py:90] WARNING Time per iteration including communication: 0.130337, Speed: 1964.146453 images/s
2022-08-04 05:25:50,458 [dl_trainer.py:634] INFO train iter: 125, num_batches_per_epoch: 25
2022-08-04 05:25:50,458 [dl_trainer.py:635] INFO Epoch 5, avg train acc: 26.875000, lr: 0.100000, avg loss: 1.990623
2022-08-04 05:25:52,891 [dist_trainer.py:90] WARNING Time per iteration including communication: 0.123383, Speed: 2074.844885 images/s
2022-08-04 05:25:53,430 [dl_trainer.py:634] INFO train iter: 150, num_batches_per_epoch: 25
2022-08-04 05:25:53,431 [dl_trainer.py:635] INFO Epoch 6, avg train acc: 28.000000, lr: 0.100000, avg loss: 1.926367
2022-08-04 05:25:55,402 [dl_trainer.py:731] WARNING [  6][  160/   25][rank:4] loss: 1.789, average forward (0.009867) and backward (0.025772) time: 0.051030, iotime: 0.014816 
2022-08-04 05:25:55,819 [dist_trainer.py:90] WARNING Time per iteration including communication: 0.121983, Speed: 2098.647423 images/s
2022-08-04 05:25:56,402 [dl_trainer.py:634] INFO train iter: 175, num_batches_per_epoch: 25
2022-08-04 05:25:56,402 [dl_trainer.py:635] INFO Epoch 7, avg train acc: 28.671875, lr: 0.100000, avg loss: 1.900876
2022-08-04 05:25:58,725 [dist_trainer.py:90] WARNING Time per iteration including communication: 0.121041, Speed: 2114.987048 images/s
2022-08-04 05:25:59,361 [dl_trainer.py:731] WARNING [  7][  200/   25][rank:4] loss: 1.794, average forward (0.010369) and backward (0.026439) time: 0.051376, iotime: 0.014226 
2022-08-04 05:25:59,372 [dl_trainer.py:634] INFO train iter: 200, num_batches_per_epoch: 25
2022-08-04 05:25:59,372 [dl_trainer.py:635] INFO Epoch 8, avg train acc: 30.140625, lr: 0.100000, avg loss: 1.826512
2022-08-04 05:26:01,655 [dist_trainer.py:90] WARNING Time per iteration including communication: 0.122007, Speed: 2098.240052 images/s
2022-08-04 05:26:02,358 [dl_trainer.py:634] INFO train iter: 225, num_batches_per_epoch: 25
2022-08-04 05:26:02,358 [dl_trainer.py:635] INFO Epoch 9, avg train acc: 32.828125, lr: 0.100000, avg loss: 1.763614
2022-08-04 05:26:04,592 [dl_trainer.py:731] WARNING [  9][  240/   25][rank:4] loss: 1.778, average forward (0.010064) and backward (0.025133) time: 0.044680, iotime: 0.009054 
2022-08-04 05:26:04,603 [dist_trainer.py:90] WARNING Time per iteration including communication: 0.122816, Speed: 2084.418186 images/s
2022-08-04 05:26:05,344 [dl_trainer.py:634] INFO train iter: 250, num_batches_per_epoch: 25
2022-08-04 05:26:05,344 [dl_trainer.py:635] INFO Epoch 10, avg train acc: 36.968750, lr: 0.100000, avg loss: 1.696377
2022-08-04 05:26:07,572 [dist_trainer.py:90] WARNING Time per iteration including communication: 0.123683, Speed: 2069.801580 images/s
2022-08-04 05:26:08,344 [dl_trainer.py:634] INFO train iter: 275, num_batches_per_epoch: 25
2022-08-04 05:26:08,345 [dl_trainer.py:635] INFO Epoch 11, avg train acc: 38.125000, lr: 0.100000, avg loss: 1.657669
2022-08-04 05:26:10,070 [dl_trainer.py:731] WARNING [ 11][  280/   25][rank:4] loss: 1.726, average forward (0.009267) and backward (0.025608) time: 0.050278, iotime: 0.014689 
2022-08-04 05:26:10,460 [dist_trainer.py:90] WARNING Time per iteration including communication: 0.120322, Speed: 2127.623699 images/s
2022-08-04 05:26:11,278 [dl_trainer.py:634] INFO train iter: 300, num_batches_per_epoch: 25
2022-08-04 05:26:11,279 [dl_trainer.py:635] INFO Epoch 12, avg train acc: 39.109375, lr: 0.100000, avg loss: 1.625248
2022-08-04 05:26:13,413 [dist_trainer.py:90] WARNING Time per iteration including communication: 0.123013, Speed: 2081.075657 images/s
2022-08-04 05:26:14,065 [dl_trainer.py:731] WARNING [ 12][  320/   25][rank:4] loss: 1.574, average forward (0.009715) and backward (0.025740) time: 0.050783, iotime: 0.014817 
2022-08-04 05:26:14,335 [dl_trainer.py:634] INFO train iter: 325, num_batches_per_epoch: 25
2022-08-04 05:26:14,335 [dl_trainer.py:635] INFO Epoch 13, avg train acc: 41.046875, lr: 0.100000, avg loss: 1.575442
2022-08-04 05:26:16,421 [dist_trainer.py:90] WARNING Time per iteration including communication: 0.125305, Speed: 2043.015903 images/s
2022-08-04 05:26:17,343 [dl_trainer.py:634] INFO train iter: 350, num_batches_per_epoch: 25
2022-08-04 05:26:17,344 [dl_trainer.py:635] INFO Epoch 14, avg train acc: 41.093750, lr: 0.100000, avg loss: 1.564339
2022-08-04 05:26:19,351 [dl_trainer.py:731] WARNING [ 14][  360/   25][rank:4] loss: 1.562, average forward (0.009306) and backward (0.026709) time: 0.045616, iotime: 0.008694 
2022-08-04 05:26:19,360 [dist_trainer.py:90] WARNING Time per iteration including communication: 0.122422, Speed: 2091.133524 images/s
2022-08-04 05:26:20,294 [dl_trainer.py:634] INFO train iter: 375, num_batches_per_epoch: 25
2022-08-04 05:26:20,294 [dl_trainer.py:635] INFO Epoch 15, avg train acc: 43.781250, lr: 0.100000, avg loss: 1.511037
2022-08-04 05:26:22,240 [dist_trainer.py:90] WARNING Time per iteration including communication: 0.119978, Speed: 2133.729980 images/s
2022-08-04 05:26:23,232 [dl_trainer.py:731] WARNING [ 15][  400/   25][rank:4] loss: 1.343, average forward (0.009584) and backward (0.024867) time: 0.049140, iotime: 0.014348 
2022-08-04 05:26:23,242 [dl_trainer.py:634] INFO train iter: 400, num_batches_per_epoch: 25
2022-08-04 05:26:23,242 [dl_trainer.py:635] INFO Epoch 16, avg train acc: 44.781250, lr: 0.100000, avg loss: 1.502303
2022-08-04 05:26:25,176 [dist_trainer.py:90] WARNING Time per iteration including communication: 0.122342, Speed: 2092.493443 images/s
2022-08-04 05:26:26,308 [dl_trainer.py:634] INFO train iter: 425, num_batches_per_epoch: 25
2022-08-04 05:26:26,309 [dl_trainer.py:635] INFO Epoch 17, avg train acc: 45.781250, lr: 0.100000, avg loss: 1.489517
2022-08-04 05:26:28,149 [dist_trainer.py:90] WARNING Time per iteration including communication: 0.123820, Speed: 2067.521894 images/s
2022-08-04 05:26:28,761 [dl_trainer.py:731] WARNING [ 17][  440/   25][rank:4] loss: 1.425, average forward (0.009837) and backward (0.025927) time: 0.050842, iotime: 0.014704 
2022-08-04 05:26:29,274 [dl_trainer.py:634] INFO train iter: 450, num_batches_per_epoch: 25
2022-08-04 05:26:29,274 [dl_trainer.py:635] INFO Epoch 18, avg train acc: 46.921875, lr: 0.100000, avg loss: 1.436911
2022-08-04 05:26:31,089 [dist_trainer.py:90] WARNING Time per iteration including communication: 0.122486, Speed: 2090.030792 images/s
2022-08-04 05:26:32,245 [dl_trainer.py:634] INFO train iter: 475, num_batches_per_epoch: 25
2022-08-04 05:26:32,245 [dl_trainer.py:635] INFO Epoch 19, avg train acc: 46.828125, lr: 0.100000, avg loss: 1.426397
2022-08-04 05:26:34,041 [dl_trainer.py:731] WARNING [ 19][  480/   25][rank:4] loss: 1.416, average forward (0.009260) and backward (0.026672) time: 0.044846, iotime: 0.008579 
2022-08-04 05:26:34,049 [dist_trainer.py:90] WARNING Time per iteration including communication: 0.123311, Speed: 2076.059921 images/s
2022-08-04 05:26:35,304 [dl_trainer.py:634] INFO train iter: 500, num_batches_per_epoch: 25
2022-08-04 05:26:35,304 [dl_trainer.py:635] INFO Epoch 20, avg train acc: 49.781250, lr: 0.100000, avg loss: 1.375021
2022-08-04 05:26:37,026 [dist_trainer.py:90] WARNING Time per iteration including communication: 0.124043, Speed: 2063.802312 images/s
2022-08-04 05:26:38,069 [dl_trainer.py:731] WARNING [ 20][  520/   25][rank:4] loss: 1.401, average forward (0.009047) and backward (0.026519) time: 0.050129, iotime: 0.014183 
2022-08-04 05:26:38,322 [dl_trainer.py:634] INFO train iter: 525, num_batches_per_epoch: 25
2022-08-04 05:26:38,322 [dl_trainer.py:635] INFO Epoch 21, avg train acc: 49.953125, lr: 0.100000, avg loss: 1.379268
2022-08-04 05:26:40,010 [dist_trainer.py:90] WARNING Time per iteration including communication: 0.124280, Speed: 2059.863080 images/s
2022-08-04 05:26:41,414 [dl_trainer.py:634] INFO train iter: 550, num_batches_per_epoch: 25
2022-08-04 05:26:41,415 [dl_trainer.py:635] INFO Epoch 22, avg train acc: 50.312500, lr: 0.100000, avg loss: 1.352688
2022-08-04 05:26:43,015 [dist_trainer.py:90] WARNING Time per iteration including communication: 0.125212, Speed: 2044.526896 images/s
2022-08-04 05:26:43,661 [dl_trainer.py:731] WARNING [ 22][  560/   25][rank:4] loss: 1.276, average forward (0.008740) and backward (0.026460) time: 0.050381, iotime: 0.014700 
2022-08-04 05:26:44,411 [dl_trainer.py:634] INFO train iter: 575, num_batches_per_epoch: 25
2022-08-04 05:26:44,411 [dl_trainer.py:635] INFO Epoch 23, avg train acc: 52.609375, lr: 0.100000, avg loss: 1.295435
2022-08-04 05:26:46,005 [dist_trainer.py:90] WARNING Time per iteration including communication: 0.124532, Speed: 2055.700394 images/s
2022-08-04 05:26:47,428 [dl_trainer.py:731] WARNING [ 23][  600/   25][rank:4] loss: 1.368, average forward (0.009316) and backward (0.026048) time: 0.044134, iotime: 0.008450 
2022-08-04 05:26:47,435 [dist_trainer.py:90] WARNING Time per iteration including communication: 0.059552, Speed: 4298.770275 images/s
2022-08-04 05:26:47,436 [dl_trainer.py:634] INFO train iter: 600, num_batches_per_epoch: 25
2022-08-04 05:26:47,436 [dl_trainer.py:635] INFO Epoch 24, avg train acc: 52.062500, lr: 0.100000, avg loss: 1.312389
2022-08-04 05:26:50,447 [dist_trainer.py:90] WARNING Time per iteration including communication: 0.125480, Speed: 2040.163079 images/s
2022-08-04 05:26:50,751 [dl_trainer.py:634] INFO train iter: 625, num_batches_per_epoch: 25
2022-08-04 05:26:50,752 [dl_trainer.py:635] INFO Epoch 25, avg train acc: 52.984375, lr: 0.100000, avg loss: 1.295139
2022-08-04 05:26:53,011 [dl_trainer.py:731] WARNING [ 25][  640/   25][rank:4] loss: 1.351, average forward (0.009947) and backward (0.025534) time: 0.050938, iotime: 0.014752 
2022-08-04 05:26:53,409 [dist_trainer.py:90] WARNING Time per iteration including communication: 0.123389, Speed: 2074.743654 images/s
2022-08-04 05:26:53,771 [dl_trainer.py:634] INFO train iter: 650, num_batches_per_epoch: 25
2022-08-04 05:26:53,772 [dl_trainer.py:635] INFO Epoch 26, avg train acc: 53.640625, lr: 0.100000, avg loss: 1.269144
2022-08-04 05:26:56,405 [dist_trainer.py:90] WARNING Time per iteration including communication: 0.124803, Speed: 2051.229041 images/s
2022-08-04 05:26:56,834 [dl_trainer.py:634] INFO train iter: 675, num_batches_per_epoch: 25
2022-08-04 05:26:56,834 [dl_trainer.py:635] INFO Epoch 27, avg train acc: 52.734375, lr: 0.100000, avg loss: 1.280023
2022-08-04 05:26:58,556 [dl_trainer.py:731] WARNING [ 27][  680/   25][rank:4] loss: 1.287, average forward (0.010085) and backward (0.026406) time: 0.052192, iotime: 0.014524 
2022-08-04 05:26:59,332 [dist_trainer.py:90] WARNING Time per iteration including communication: 0.121894, Speed: 2100.193931 images/s
2022-08-04 05:26:59,826 [dl_trainer.py:634] INFO train iter: 700, num_batches_per_epoch: 25
2022-08-04 05:26:59,827 [dl_trainer.py:635] INFO Epoch 28, avg train acc: 55.046875, lr: 0.100000, avg loss: 1.228572
2022-08-04 05:27:02,309 [dl_trainer.py:731] WARNING [ 28][  720/   25][rank:4] loss: 1.320, average forward (0.008818) and backward (0.025818) time: 0.044038, iotime: 0.008854 
2022-08-04 05:27:02,334 [dist_trainer.py:90] WARNING Time per iteration including communication: 0.125062, Speed: 2046.985854 images/s
2022-08-04 05:27:02,872 [dl_trainer.py:634] INFO train iter: 725, num_batches_per_epoch: 25
2022-08-04 05:27:02,873 [dl_trainer.py:635] INFO Epoch 29, avg train acc: 54.593750, lr: 0.100000, avg loss: 1.241696
2022-08-04 05:27:05,311 [dist_trainer.py:90] WARNING Time per iteration including communication: 0.124016, Speed: 2064.251976 images/s
2022-08-04 05:27:05,853 [dl_trainer.py:634] INFO train iter: 750, num_batches_per_epoch: 25
2022-08-04 05:27:05,854 [dl_trainer.py:635] INFO Epoch 30, avg train acc: 56.640625, lr: 0.100000, avg loss: 1.203537
2022-08-04 05:27:07,850 [dl_trainer.py:731] WARNING [ 30][  760/   25][rank:4] loss: 1.195, average forward (0.009545) and backward (0.025458) time: 0.049871, iotime: 0.013877 
2022-08-04 05:27:08,326 [dist_trainer.py:90] WARNING Time per iteration including communication: 0.125601, Speed: 2038.196406 images/s
2022-08-04 05:27:08,943 [dl_trainer.py:634] INFO train iter: 775, num_batches_per_epoch: 25
2022-08-04 05:27:08,943 [dl_trainer.py:635] INFO Epoch 31, avg train acc: 56.750000, lr: 0.100000, avg loss: 1.185489
2022-08-04 05:27:11,325 [dist_trainer.py:90] WARNING Time per iteration including communication: 0.124949, Speed: 2048.838722 images/s
2022-08-04 05:27:11,990 [dl_trainer.py:731] WARNING [ 31][  800/   25][rank:4] loss: 1.125, average forward (0.009888) and backward (0.025316) time: 0.050964, iotime: 0.014069 
2022-08-04 05:27:11,997 [dl_trainer.py:634] INFO train iter: 800, num_batches_per_epoch: 25
2022-08-04 05:27:11,997 [dl_trainer.py:635] INFO Epoch 32, avg train acc: 57.328125, lr: 0.100000, avg loss: 1.178538
2022-08-04 05:27:14,386 [dist_trainer.py:90] WARNING Time per iteration including communication: 0.127477, Speed: 2008.201017 images/s
2022-08-04 05:27:15,115 [dl_trainer.py:634] INFO train iter: 825, num_batches_per_epoch: 25
2022-08-04 05:27:15,116 [dl_trainer.py:635] INFO Epoch 33, avg train acc: 58.375000, lr: 0.100000, avg loss: 1.130720
2022-08-04 05:27:17,379 [dl_trainer.py:731] WARNING [ 33][  840/   25][rank:4] loss: 1.037, average forward (0.009768) and backward (0.026212) time: 0.044836, iotime: 0.008365 
2022-08-04 05:27:17,387 [dist_trainer.py:90] WARNING Time per iteration including communication: 0.125049, Speed: 2047.194653 images/s
2022-08-04 05:27:18,148 [dl_trainer.py:634] INFO train iter: 850, num_batches_per_epoch: 25
2022-08-04 05:27:18,148 [dl_trainer.py:635] INFO Epoch 34, avg train acc: 60.390625, lr: 0.100000, avg loss: 1.102771
2022-08-04 05:27:20,376 [dist_trainer.py:90] WARNING Time per iteration including communication: 0.124516, Speed: 2055.966743 images/s
2022-08-04 05:27:21,152 [dl_trainer.py:634] INFO train iter: 875, num_batches_per_epoch: 25
2022-08-04 05:27:21,153 [dl_trainer.py:635] INFO Epoch 35, avg train acc: 60.468750, lr: 0.100000, avg loss: 1.100181
2022-08-04 05:27:22,880 [dl_trainer.py:731] WARNING [ 35][  880/   25][rank:4] loss: 1.183, average forward (0.009441) and backward (0.025785) time: 0.050385, iotime: 0.014462 
2022-08-04 05:27:23,296 [dist_trainer.py:90] WARNING Time per iteration including communication: 0.121656, Speed: 2104.302141 images/s
2022-08-04 05:27:24,166 [dl_trainer.py:634] INFO train iter: 900, num_batches_per_epoch: 25
2022-08-04 05:27:24,167 [dl_trainer.py:635] INFO Epoch 36, avg train acc: 59.843750, lr: 0.100000, avg loss: 1.110774
2022-08-04 05:27:26,260 [dist_trainer.py:90] WARNING Time per iteration including communication: 0.123487, Speed: 2073.096455 images/s
2022-08-04 05:27:26,881 [dl_trainer.py:731] WARNING [ 36][  920/   25][rank:4] loss: 1.064, average forward (0.009119) and backward (0.025935) time: 0.049618, iotime: 0.013982 
2022-08-04 05:27:27,146 [dl_trainer.py:634] INFO train iter: 925, num_batches_per_epoch: 25
2022-08-04 05:27:27,146 [dl_trainer.py:635] INFO Epoch 37, avg train acc: 60.765625, lr: 0.100000, avg loss: 1.085261
2022-08-04 05:27:29,207 [dist_trainer.py:90] WARNING Time per iteration including communication: 0.122757, Speed: 2085.425386 images/s
2022-08-04 05:27:30,165 [dl_trainer.py:634] INFO train iter: 950, num_batches_per_epoch: 25
2022-08-04 05:27:30,166 [dl_trainer.py:635] INFO Epoch 38, avg train acc: 60.843750, lr: 0.100000, avg loss: 1.094750
2022-08-04 05:27:32,171 [dl_trainer.py:731] WARNING [ 38][  960/   25][rank:4] loss: 1.193, average forward (0.009702) and backward (0.025739) time: 0.045534, iotime: 0.008840 
2022-08-04 05:27:32,179 [dist_trainer.py:90] WARNING Time per iteration including communication: 0.123824, Speed: 2067.455545 images/s
2022-08-04 05:27:33,127 [dl_trainer.py:634] INFO train iter: 975, num_batches_per_epoch: 25
2022-08-04 05:27:33,127 [dl_trainer.py:635] INFO Epoch 39, avg train acc: 62.046875, lr: 0.100000, avg loss: 1.058407
2022-08-04 05:27:35,096 [dist_trainer.py:90] WARNING Time per iteration including communication: 0.121526, Speed: 2106.539197 images/s
2022-08-04 05:27:36,141 [dl_trainer.py:731] WARNING [ 39][ 1000/   25][rank:4] loss: 1.223, average forward (0.008858) and backward (0.026274) time: 0.049812, iotime: 0.014060 
2022-08-04 05:27:36,156 [dl_trainer.py:634] INFO train iter: 1000, num_batches_per_epoch: 25
2022-08-04 05:27:36,156 [dl_trainer.py:635] INFO Epoch 40, avg train acc: 62.875000, lr: 0.100000, avg loss: 1.036177
2022-08-04 05:27:38,039 [dist_trainer.py:90] WARNING Time per iteration including communication: 0.122621, Speed: 2087.729523 images/s
2022-08-04 05:27:39,171 [dl_trainer.py:634] INFO train iter: 1025, num_batches_per_epoch: 25
2022-08-04 05:27:39,172 [dl_trainer.py:635] INFO Epoch 41, avg train acc: 64.671875, lr: 0.100000, avg loss: 1.005857
2022-08-04 05:27:41,054 [dist_trainer.py:90] WARNING Time per iteration including communication: 0.125580, Speed: 2038.538059 images/s
2022-08-04 05:27:41,690 [dl_trainer.py:731] WARNING [ 41][ 1040/   25][rank:4] loss: 1.014, average forward (0.009586) and backward (0.026743) time: 0.051423, iotime: 0.014302 
2022-08-04 05:27:42,171 [dl_trainer.py:634] INFO train iter: 1050, num_batches_per_epoch: 25
2022-08-04 05:27:42,172 [dl_trainer.py:635] INFO Epoch 42, avg train acc: 63.906250, lr: 0.100000, avg loss: 1.000975
2022-08-04 05:27:44,039 [dist_trainer.py:90] WARNING Time per iteration including communication: 0.124348, Speed: 2058.739618 images/s
2022-08-04 05:27:45,211 [dl_trainer.py:634] INFO train iter: 1075, num_batches_per_epoch: 25
2022-08-04 05:27:45,211 [dl_trainer.py:635] INFO Epoch 43, avg train acc: 64.921875, lr: 0.100000, avg loss: 0.978901
2022-08-04 05:27:47,006 [dl_trainer.py:731] WARNING [ 43][ 1080/   25][rank:4] loss: 0.904, average forward (0.010126) and backward (0.027778) time: 0.046798, iotime: 0.008322 
2022-08-04 05:27:47,016 [dist_trainer.py:90] WARNING Time per iteration including communication: 0.124035, Speed: 2063.935868 images/s
2022-08-04 05:27:48,261 [dl_trainer.py:634] INFO train iter: 1100, num_batches_per_epoch: 25
2022-08-04 05:27:48,262 [dl_trainer.py:635] INFO Epoch 44, avg train acc: 65.250000, lr: 0.100000, avg loss: 0.978302
2022-08-04 05:27:50,047 [dist_trainer.py:90] WARNING Time per iteration including communication: 0.126254, Speed: 2027.660248 images/s
2022-08-04 05:27:51,038 [dl_trainer.py:731] WARNING [ 44][ 1120/   25][rank:4] loss: 0.816, average forward (0.009198) and backward (0.026412) time: 0.049899, iotime: 0.013776 
2022-08-04 05:27:51,280 [dl_trainer.py:634] INFO train iter: 1125, num_batches_per_epoch: 25
2022-08-04 05:27:51,280 [dl_trainer.py:635] INFO Epoch 45, avg train acc: 64.734375, lr: 0.100000, avg loss: 0.965234
2022-08-04 05:27:53,002 [dist_trainer.py:90] WARNING Time per iteration including communication: 0.123116, Speed: 2079.346747 images/s
2022-08-04 05:27:54,377 [dl_trainer.py:634] INFO train iter: 1150, num_batches_per_epoch: 25
2022-08-04 05:27:54,378 [dl_trainer.py:635] INFO Epoch 46, avg train acc: 66.703125, lr: 0.100000, avg loss: 0.936554
2022-08-04 05:27:56,293 [dist_trainer.py:90] WARNING Time per iteration including communication: 0.137099, Speed: 1867.262073 images/s
2022-08-04 05:27:56,992 [dl_trainer.py:731] WARNING [ 46][ 1160/   25][rank:4] loss: 0.908, average forward (0.009359) and backward (0.025905) time: 0.051039, iotime: 0.014991 
2022-08-04 05:27:57,698 [dl_trainer.py:634] INFO train iter: 1175, num_batches_per_epoch: 25
2022-08-04 05:27:57,699 [dl_trainer.py:635] INFO Epoch 47, avg train acc: 66.359375, lr: 0.100000, avg loss: 0.953293
2022-08-04 05:27:59,306 [dist_trainer.py:90] WARNING Time per iteration including communication: 0.125514, Speed: 2039.611002 images/s
2022-08-04 05:28:00,828 [dl_trainer.py:731] WARNING [ 47][ 1200/   25][rank:4] loss: 0.982, average forward (0.009434) and backward (0.026403) time: 0.045513, iotime: 0.008879 
2022-08-04 05:28:00,835 [dist_trainer.py:90] WARNING Time per iteration including communication: 0.063690, Speed: 4019.444429 images/s
2022-08-04 05:28:00,836 [dl_trainer.py:634] INFO train iter: 1200, num_batches_per_epoch: 25
2022-08-04 05:28:00,836 [dl_trainer.py:635] INFO Epoch 48, avg train acc: 66.062500, lr: 0.100000, avg loss: 0.941067
2022-08-04 05:28:04,011 [dist_trainer.py:90] WARNING Time per iteration including communication: 0.132297, Speed: 1935.041998 images/s
2022-08-04 05:28:04,325 [dl_trainer.py:634] INFO train iter: 1225, num_batches_per_epoch: 25
2022-08-04 05:28:04,325 [dl_trainer.py:635] INFO Epoch 49, avg train acc: 67.656250, lr: 0.100000, avg loss: 0.913793
2022-08-04 05:28:06,583 [dl_trainer.py:731] WARNING [ 49][ 1240/   25][rank:4] loss: 0.789, average forward (0.010484) and backward (0.026094) time: 0.051615, iotime: 0.014177 
2022-08-04 05:28:06,973 [dist_trainer.py:90] WARNING Time per iteration including communication: 0.123385, Speed: 2074.806463 images/s
2022-08-04 05:28:07,366 [dl_trainer.py:634] INFO train iter: 1250, num_batches_per_epoch: 25
2022-08-04 05:28:07,366 [dl_trainer.py:635] INFO Epoch 50, avg train acc: 67.671875, lr: 0.100000, avg loss: 0.893338
2022-08-04 05:28:10,093 [dist_trainer.py:90] WARNING Time per iteration including communication: 0.129948, Speed: 1970.014257 images/s
2022-08-04 05:28:10,554 [dl_trainer.py:634] INFO train iter: 1275, num_batches_per_epoch: 25
2022-08-04 05:28:10,555 [dl_trainer.py:635] INFO Epoch 51, avg train acc: 68.531250, lr: 0.100000, avg loss: 0.862403
2022-08-04 05:28:12,367 [dl_trainer.py:731] WARNING [ 51][ 1280/   25][rank:4] loss: 0.939, average forward (0.010127) and backward (0.026048) time: 0.052086, iotime: 0.015041 
2022-08-04 05:28:13,245 [dist_trainer.py:90] WARNING Time per iteration including communication: 0.131302, Speed: 1949.702275 images/s
2022-08-04 05:28:13,781 [dl_trainer.py:634] INFO train iter: 1300, num_batches_per_epoch: 25
2022-08-04 05:28:13,781 [dl_trainer.py:635] INFO Epoch 52, avg train acc: 67.687500, lr: 0.100000, avg loss: 0.891849
2022-08-04 05:28:16,330 [dl_trainer.py:731] WARNING [ 52][ 1320/   25][rank:4] loss: 0.943, average forward (0.009766) and backward (0.026313) time: 0.045389, iotime: 0.008921 
2022-08-04 05:28:16,337 [dist_trainer.py:90] WARNING Time per iteration including communication: 0.128819, Speed: 1987.277914 images/s
2022-08-04 05:28:16,868 [dl_trainer.py:634] INFO train iter: 1325, num_batches_per_epoch: 25
2022-08-04 05:28:16,869 [dl_trainer.py:635] INFO Epoch 53, avg train acc: 68.406250, lr: 0.100000, avg loss: 0.884825
2022-08-04 05:28:19,349 [dist_trainer.py:90] WARNING Time per iteration including communication: 0.125468, Speed: 2040.355303 images/s
2022-08-04 05:28:19,958 [dl_trainer.py:634] INFO train iter: 1350, num_batches_per_epoch: 25
2022-08-04 05:28:19,958 [dl_trainer.py:635] INFO Epoch 54, avg train acc: 69.125000, lr: 0.100000, avg loss: 0.863862
2022-08-04 05:28:21,990 [dl_trainer.py:731] WARNING [ 54][ 1360/   25][rank:4] loss: 0.809, average forward (0.010599) and backward (0.026045) time: 0.051660, iotime: 0.014066 
2022-08-04 05:28:22,424 [dist_trainer.py:90] WARNING Time per iteration including communication: 0.128112, Speed: 1998.246754 images/s
2022-08-04 05:28:23,115 [dl_trainer.py:634] INFO train iter: 1375, num_batches_per_epoch: 25
2022-08-04 05:28:23,116 [dl_trainer.py:635] INFO Epoch 55, avg train acc: 69.265625, lr: 0.100000, avg loss: 0.856210
2022-08-04 05:28:25,460 [dist_trainer.py:90] WARNING Time per iteration including communication: 0.126486, Speed: 2023.941102 images/s
2022-08-04 05:28:26,125 [dl_trainer.py:731] WARNING [ 55][ 1400/   25][rank:4] loss: 0.875, average forward (0.009165) and backward (0.026067) time: 0.050120, iotime: 0.014029 
2022-08-04 05:28:26,133 [dl_trainer.py:634] INFO train iter: 1400, num_batches_per_epoch: 25
2022-08-04 05:28:26,134 [dl_trainer.py:635] INFO Epoch 56, avg train acc: 70.453125, lr: 0.100000, avg loss: 0.823710
2022-08-04 05:28:28,485 [dist_trainer.py:90] WARNING Time per iteration including communication: 0.126019, Speed: 2031.435203 images/s
2022-08-04 05:28:29,206 [dl_trainer.py:634] INFO train iter: 1425, num_batches_per_epoch: 25
2022-08-04 05:28:29,207 [dl_trainer.py:635] INFO Epoch 57, avg train acc: 71.125000, lr: 0.100000, avg loss: 0.809969
2022-08-04 05:28:31,468 [dl_trainer.py:731] WARNING [ 57][ 1440/   25][rank:4] loss: 0.746, average forward (0.009551) and backward (0.026046) time: 0.044691, iotime: 0.008763 
2022-08-04 05:28:31,475 [dist_trainer.py:90] WARNING Time per iteration including communication: 0.124582, Speed: 2054.866860 images/s
2022-08-04 05:28:32,273 [dl_trainer.py:634] INFO train iter: 1450, num_batches_per_epoch: 25
2022-08-04 05:28:32,274 [dl_trainer.py:635] INFO Epoch 58, avg train acc: 71.640625, lr: 0.100000, avg loss: 0.789072
2022-08-04 05:28:34,490 [dist_trainer.py:90] WARNING Time per iteration including communication: 0.125619, Speed: 2037.908372 images/s
2022-08-04 05:28:35,383 [dl_trainer.py:634] INFO train iter: 1475, num_batches_per_epoch: 25
2022-08-04 05:28:35,383 [dl_trainer.py:635] INFO Epoch 59, avg train acc: 71.500000, lr: 0.100000, avg loss: 0.795388
2022-08-04 05:28:37,215 [dl_trainer.py:731] WARNING [ 59][ 1480/   25][rank:4] loss: 0.726, average forward (0.009488) and backward (0.026041) time: 0.050644, iotime: 0.014402 
2022-08-04 05:28:37,632 [dist_trainer.py:90] WARNING Time per iteration including communication: 0.130874, Speed: 1956.086753 images/s
2022-08-04 05:28:38,569 [dl_trainer.py:634] INFO train iter: 1500, num_batches_per_epoch: 25
2022-08-04 05:28:38,570 [dl_trainer.py:635] INFO Epoch 60, avg train acc: 73.109375, lr: 0.100000, avg loss: 0.758580
2022-08-04 05:28:40,730 [dist_trainer.py:90] WARNING Time per iteration including communication: 0.129049, Speed: 1983.743783 images/s
2022-08-04 05:28:41,496 [dl_trainer.py:731] WARNING [ 60][ 1520/   25][rank:4] loss: 0.820, average forward (0.009684) and backward (0.025817) time: 0.051091, iotime: 0.014833 
2022-08-04 05:28:41,748 [dl_trainer.py:634] INFO train iter: 1525, num_batches_per_epoch: 25
2022-08-04 05:28:41,748 [dl_trainer.py:635] INFO Epoch 61, avg train acc: 72.625000, lr: 0.100000, avg loss: 0.767475
2022-08-04 05:28:43,803 [dist_trainer.py:90] WARNING Time per iteration including communication: 0.128036, Speed: 1999.432813 images/s
2022-08-04 05:28:44,802 [dl_trainer.py:634] INFO train iter: 1550, num_batches_per_epoch: 25
2022-08-04 05:28:44,803 [dl_trainer.py:635] INFO Epoch 62, avg train acc: 73.000000, lr: 0.100000, avg loss: 0.756406
2022-08-04 05:28:46,879 [dl_trainer.py:731] WARNING [ 62][ 1560/   25][rank:4] loss: 0.708, average forward (0.008941) and backward (0.026167) time: 0.043905, iotime: 0.008466 
2022-08-04 05:28:46,893 [dist_trainer.py:90] WARNING Time per iteration including communication: 0.128739, Speed: 1988.517576 images/s
2022-08-04 05:28:47,957 [dl_trainer.py:634] INFO train iter: 1575, num_batches_per_epoch: 25
2022-08-04 05:28:47,958 [dl_trainer.py:635] INFO Epoch 63, avg train acc: 72.593750, lr: 0.100000, avg loss: 0.761460
2022-08-04 05:28:49,972 [dist_trainer.py:90] WARNING Time per iteration including communication: 0.128282, Speed: 1995.601263 images/s
2022-08-04 05:28:51,094 [dl_trainer.py:731] WARNING [ 63][ 1600/   25][rank:4] loss: 0.852, average forward (0.010183) and backward (0.026371) time: 0.052418, iotime: 0.014527 
2022-08-04 05:28:51,104 [dl_trainer.py:634] INFO train iter: 1600, num_batches_per_epoch: 25
2022-08-04 05:28:51,104 [dl_trainer.py:635] INFO Epoch 64, avg train acc: 73.421875, lr: 0.100000, avg loss: 0.749454
2022-08-04 05:28:53,097 [dist_trainer.py:90] WARNING Time per iteration including communication: 0.130173, Speed: 1966.606191 images/s
2022-08-04 05:28:54,152 [dl_trainer.py:634] INFO train iter: 1625, num_batches_per_epoch: 25
2022-08-04 05:28:54,153 [dl_trainer.py:635] INFO Epoch 65, avg train acc: 73.921875, lr: 0.100000, avg loss: 0.742690
2022-08-04 05:28:56,019 [dist_trainer.py:90] WARNING Time per iteration including communication: 0.121734, Speed: 2102.951203 images/s
2022-08-04 05:28:56,655 [dl_trainer.py:731] WARNING [ 65][ 1640/   25][rank:4] loss: 0.797, average forward (0.009030) and backward (0.025764) time: 0.049689, iotime: 0.014536 
2022-08-04 05:28:57,128 [dl_trainer.py:634] INFO train iter: 1650, num_batches_per_epoch: 25
2022-08-04 05:28:57,129 [dl_trainer.py:635] INFO Epoch 66, avg train acc: 74.234375, lr: 0.100000, avg loss: 0.732774
2022-08-04 05:28:59,003 [dist_trainer.py:90] WARNING Time per iteration including communication: 0.124291, Speed: 2059.684449 images/s
2022-08-04 05:29:00,163 [dl_trainer.py:634] INFO train iter: 1675, num_batches_per_epoch: 25
2022-08-04 05:29:00,163 [dl_trainer.py:635] INFO Epoch 67, avg train acc: 74.750000, lr: 0.100000, avg loss: 0.713169
2022-08-04 05:29:01,916 [dl_trainer.py:731] WARNING [ 67][ 1680/   25][rank:4] loss: 0.686, average forward (0.009175) and backward (0.025708) time: 0.044300, iotime: 0.008888 
2022-08-04 05:29:01,928 [dist_trainer.py:90] WARNING Time per iteration including communication: 0.121812, Speed: 2101.605941 images/s
2022-08-04 05:29:03,154 [dl_trainer.py:634] INFO train iter: 1700, num_batches_per_epoch: 25
2022-08-04 05:29:03,155 [dl_trainer.py:635] INFO Epoch 68, avg train acc: 75.421875, lr: 0.100000, avg loss: 0.713712
2022-08-04 05:29:04,880 [dist_trainer.py:90] WARNING Time per iteration including communication: 0.122970, Speed: 2081.815216 images/s
2022-08-04 05:29:05,944 [dl_trainer.py:731] WARNING [ 68][ 1720/   25][rank:4] loss: 0.747, average forward (0.009276) and backward (0.025346) time: 0.050334, iotime: 0.014758 
2022-08-04 05:29:06,199 [dl_trainer.py:634] INFO train iter: 1725, num_batches_per_epoch: 25
2022-08-04 05:29:06,199 [dl_trainer.py:635] INFO Epoch 69, avg train acc: 75.281250, lr: 0.100000, avg loss: 0.695335
2022-08-04 05:29:07,851 [dist_trainer.py:90] WARNING Time per iteration including communication: 0.123777, Speed: 2068.232594 images/s
2022-08-04 05:29:09,177 [dl_trainer.py:634] INFO train iter: 1750, num_batches_per_epoch: 25
2022-08-04 05:29:09,177 [dl_trainer.py:635] INFO Epoch 70, avg train acc: 76.500000, lr: 0.100000, avg loss: 0.673540
2022-08-04 05:29:10,798 [dist_trainer.py:90] WARNING Time per iteration including communication: 0.122767, Speed: 2085.246006 images/s
2022-08-04 05:29:11,449 [dl_trainer.py:731] WARNING [ 70][ 1760/   25][rank:4] loss: 0.672, average forward (0.009484) and backward (0.026566) time: 0.051646, iotime: 0.014537 
2022-08-04 05:29:12,188 [dl_trainer.py:634] INFO train iter: 1775, num_batches_per_epoch: 25
2022-08-04 05:29:12,189 [dl_trainer.py:635] INFO Epoch 71, avg train acc: 76.593750, lr: 0.100000, avg loss: 0.656524
2022-08-04 05:29:13,717 [dist_trainer.py:90] WARNING Time per iteration including communication: 0.121637, Speed: 2104.615266 images/s
2022-08-04 05:29:15,194 [dl_trainer.py:731] WARNING [ 71][ 1800/   25][rank:4] loss: 0.540, average forward (0.009124) and backward (0.025999) time: 0.045318, iotime: 0.009309 
2022-08-04 05:29:15,203 [dist_trainer.py:90] WARNING Time per iteration including communication: 0.061881, Speed: 4136.974848 images/s
2022-08-04 05:29:15,204 [dl_trainer.py:634] INFO train iter: 1800, num_batches_per_epoch: 25
2022-08-04 05:29:15,204 [dl_trainer.py:635] INFO Epoch 72, avg train acc: 77.703125, lr: 0.100000, avg loss: 0.636427
2022-08-04 05:29:18,244 [dist_trainer.py:90] WARNING Time per iteration including communication: 0.126688, Speed: 2020.714305 images/s
2022-08-04 05:29:18,537 [dl_trainer.py:634] INFO train iter: 1825, num_batches_per_epoch: 25
2022-08-04 05:29:18,537 [dl_trainer.py:635] INFO Epoch 73, avg train acc: 78.312500, lr: 0.100000, avg loss: 0.604906
2022-08-04 05:29:20,916 [dl_trainer.py:731] WARNING [ 73][ 1840/   25][rank:4] loss: 0.620, average forward (0.009200) and backward (0.026961) time: 0.051471, iotime: 0.014375 
2022-08-04 05:29:21,338 [dist_trainer.py:90] WARNING Time per iteration including communication: 0.128875, Speed: 1986.414561 images/s
2022-08-04 05:29:21,701 [dl_trainer.py:634] INFO train iter: 1850, num_batches_per_epoch: 25
2022-08-04 05:29:21,701 [dl_trainer.py:635] INFO Epoch 74, avg train acc: 78.875000, lr: 0.100000, avg loss: 0.595840
2022-08-04 05:29:24,367 [dist_trainer.py:90] WARNING Time per iteration including communication: 0.126188, Speed: 2028.714262 images/s
2022-08-04 05:29:24,777 [dl_trainer.py:634] INFO train iter: 1875, num_batches_per_epoch: 25
2022-08-04 05:29:24,777 [dl_trainer.py:635] INFO Epoch 75, avg train acc: 78.703125, lr: 0.100000, avg loss: 0.618181
2022-08-04 05:29:26,523 [dl_trainer.py:731] WARNING [ 75][ 1880/   25][rank:4] loss: 0.518, average forward (0.009200) and backward (0.025903) time: 0.049992, iotime: 0.014009 
2022-08-04 05:29:27,325 [dist_trainer.py:90] WARNING Time per iteration including communication: 0.123255, Speed: 2077.000129 images/s
2022-08-04 05:29:27,808 [dl_trainer.py:634] INFO train iter: 1900, num_batches_per_epoch: 25
2022-08-04 05:29:27,808 [dl_trainer.py:635] INFO Epoch 76, avg train acc: 78.343750, lr: 0.100000, avg loss: 0.609930
2022-08-04 05:29:30,358 [dl_trainer.py:731] WARNING [ 76][ 1920/   25][rank:4] loss: 0.680, average forward (0.009668) and backward (0.025842) time: 0.045394, iotime: 0.008669 
2022-08-04 05:29:30,366 [dist_trainer.py:90] WARNING Time per iteration including communication: 0.126672, Speed: 2020.972773 images/s
2022-08-04 05:29:30,879 [dl_trainer.py:634] INFO train iter: 1925, num_batches_per_epoch: 25
2022-08-04 05:29:30,880 [dl_trainer.py:635] INFO Epoch 77, avg train acc: 78.781250, lr: 0.100000, avg loss: 0.603886
2022-08-04 05:29:33,289 [dist_trainer.py:90] WARNING Time per iteration including communication: 0.121758, Speed: 2102.538214 images/s
2022-08-04 05:29:33,829 [dl_trainer.py:634] INFO train iter: 1950, num_batches_per_epoch: 25
2022-08-04 05:29:33,829 [dl_trainer.py:635] INFO Epoch 78, avg train acc: 78.781250, lr: 0.100000, avg loss: 0.591943
2022-08-04 05:29:35,840 [dl_trainer.py:731] WARNING [ 78][ 1960/   25][rank:4] loss: 0.607, average forward (0.009282) and backward (0.025186) time: 0.050141, iotime: 0.014851 
2022-08-04 05:29:36,256 [dist_trainer.py:90] WARNING Time per iteration including communication: 0.123580, Speed: 2071.528800 images/s
2022-08-04 05:29:36,848 [dl_trainer.py:634] INFO train iter: 1975, num_batches_per_epoch: 25
2022-08-04 05:29:36,848 [dl_trainer.py:635] INFO Epoch 79, avg train acc: 79.468750, lr: 0.100000, avg loss: 0.587044
2022-08-04 05:29:39,356 [dist_trainer.py:90] WARNING Time per iteration including communication: 0.129152, Speed: 1982.156287 images/s
2022-08-04 05:29:40,020 [dl_trainer.py:731] WARNING [ 79][ 2000/   25][rank:4] loss: 0.641, average forward (0.009479) and backward (0.026434) time: 0.051288, iotime: 0.014043 
2022-08-04 05:29:40,031 [dl_trainer.py:634] INFO train iter: 2000, num_batches_per_epoch: 25
2022-08-04 05:29:40,032 [dl_trainer.py:635] INFO Epoch 80, avg train acc: 78.359375, lr: 0.100000, avg loss: 0.603008
2022-08-04 05:29:42,354 [dist_trainer.py:90] WARNING Time per iteration including communication: 0.124864, Speed: 2050.233716 images/s
2022-08-04 05:29:43,058 [dl_trainer.py:634] INFO train iter: 2025, num_batches_per_epoch: 25
2022-08-04 05:29:43,058 [dl_trainer.py:635] INFO Epoch 81, avg train acc: 79.250000, lr: 0.100000, avg loss: 0.588335
2022-08-04 05:29:45,305 [dl_trainer.py:731] WARNING [ 81][ 2040/   25][rank:4] loss: 0.575, average forward (0.009973) and backward (0.026213) time: 0.045260, iotime: 0.008576 
2022-08-04 05:29:45,311 [dist_trainer.py:90] WARNING Time per iteration including communication: 0.123187, Speed: 2078.147805 images/s
2022-08-04 05:29:46,036 [dl_trainer.py:634] INFO train iter: 2050, num_batches_per_epoch: 25
2022-08-04 05:29:46,036 [dl_trainer.py:635] INFO Epoch 82, avg train acc: 80.484375, lr: 0.010000, avg loss: 0.576214
2022-08-04 05:29:48,288 [dist_trainer.py:90] WARNING Time per iteration including communication: 0.124061, Speed: 2063.508813 images/s
2022-08-04 05:29:49,079 [dl_trainer.py:634] INFO train iter: 2075, num_batches_per_epoch: 25
2022-08-04 05:29:49,079 [dl_trainer.py:635] INFO Epoch 83, avg train acc: 82.671875, lr: 0.010000, avg loss: 0.507901
2022-08-04 05:29:50,854 [dl_trainer.py:731] WARNING [ 83][ 2080/   25][rank:4] loss: 0.490, average forward (0.009760) and backward (0.025920) time: 0.050773, iotime: 0.014006 
2022-08-04 05:29:51,258 [dist_trainer.py:90] WARNING Time per iteration including communication: 0.123720, Speed: 2069.189650 images/s
2022-08-04 05:29:52,112 [dl_trainer.py:634] INFO train iter: 2100, num_batches_per_epoch: 25
2022-08-04 05:29:52,113 [dl_trainer.py:635] INFO Epoch 84, avg train acc: 82.828125, lr: 0.010000, avg loss: 0.502935
2022-08-04 05:29:54,240 [dist_trainer.py:90] WARNING Time per iteration including communication: 0.124217, Speed: 2060.914422 images/s
2022-08-04 05:29:54,851 [dl_trainer.py:731] WARNING [ 84][ 2120/   25][rank:4] loss: 0.504, average forward (0.009667) and backward (0.025199) time: 0.049548, iotime: 0.013936 
2022-08-04 05:29:55,116 [dl_trainer.py:634] INFO train iter: 2125, num_batches_per_epoch: 25
2022-08-04 05:29:55,116 [dl_trainer.py:635] INFO Epoch 85, avg train acc: 81.953125, lr: 0.010000, avg loss: 0.508214
2022-08-04 05:29:57,182 [dist_trainer.py:90] WARNING Time per iteration including communication: 0.122599, Speed: 2088.116072 images/s
2022-08-04 05:29:58,166 [dl_trainer.py:634] INFO train iter: 2150, num_batches_per_epoch: 25
2022-08-04 05:29:58,167 [dl_trainer.py:635] INFO Epoch 86, avg train acc: 82.156250, lr: 0.010000, avg loss: 0.504977
2022-08-04 05:30:00,155 [dl_trainer.py:731] WARNING [ 86][ 2160/   25][rank:4] loss: 0.537, average forward (0.009581) and backward (0.025893) time: 0.045128, iotime: 0.009320 
2022-08-04 05:30:00,171 [dist_trainer.py:90] WARNING Time per iteration including communication: 0.124494, Speed: 2056.326030 images/s
2022-08-04 05:30:01,214 [dl_trainer.py:634] INFO train iter: 2175, num_batches_per_epoch: 25
2022-08-04 05:30:01,215 [dl_trainer.py:635] INFO Epoch 87, avg train acc: 82.625000, lr: 0.010000, avg loss: 0.488183
2022-08-04 05:30:03,181 [dist_trainer.py:90] WARNING Time per iteration including communication: 0.125399, Speed: 2041.488380 images/s
2022-08-04 05:30:04,244 [dl_trainer.py:731] WARNING [ 87][ 2200/   25][rank:4] loss: 0.542, average forward (0.009492) and backward (0.025657) time: 0.049054, iotime: 0.013566 
2022-08-04 05:30:04,274 [dl_trainer.py:634] INFO train iter: 2200, num_batches_per_epoch: 25
2022-08-04 05:30:04,275 [dl_trainer.py:635] INFO Epoch 88, avg train acc: 83.250000, lr: 0.010000, avg loss: 0.485965
2022-08-04 05:30:06,222 [dist_trainer.py:90] WARNING Time per iteration including communication: 0.126677, Speed: 2020.890202 images/s
2022-08-04 05:30:07,287 [dl_trainer.py:634] INFO train iter: 2225, num_batches_per_epoch: 25
2022-08-04 05:30:07,287 [dl_trainer.py:635] INFO Epoch 89, avg train acc: 83.453125, lr: 0.010000, avg loss: 0.474011
2022-08-04 05:30:09,124 [dist_trainer.py:90] WARNING Time per iteration including communication: 0.120895, Speed: 2117.531692 images/s
2022-08-04 05:30:09,786 [dl_trainer.py:731] WARNING [ 89][ 2240/   25][rank:4] loss: 0.422, average forward (0.008806) and backward (0.026300) time: 0.049445, iotime: 0.013937 
2022-08-04 05:30:10,296 [dl_trainer.py:634] INFO train iter: 2250, num_batches_per_epoch: 25
2022-08-04 05:30:10,296 [dl_trainer.py:635] INFO Epoch 90, avg train acc: 83.718750, lr: 0.010000, avg loss: 0.464485
2022-08-04 05:30:12,117 [dist_trainer.py:90] WARNING Time per iteration including communication: 0.124705, Speed: 2052.845094 images/s
2022-08-04 05:30:13,307 [dl_trainer.py:634] INFO train iter: 2275, num_batches_per_epoch: 25
2022-08-04 05:30:13,307 [dl_trainer.py:635] INFO Epoch 91, avg train acc: 83.937500, lr: 0.010000, avg loss: 0.476452
2022-08-04 05:30:15,084 [dl_trainer.py:731] WARNING [ 91][ 2280/   25][rank:4] loss: 0.425, average forward (0.008617) and backward (0.026628) time: 0.043914, iotime: 0.008383 
2022-08-04 05:30:15,097 [dist_trainer.py:90] WARNING Time per iteration including communication: 0.124121, Speed: 2062.500382 images/s
2022-08-04 05:30:16,327 [dl_trainer.py:634] INFO train iter: 2300, num_batches_per_epoch: 25
2022-08-04 05:30:16,327 [dl_trainer.py:635] INFO Epoch 92, avg train acc: 83.062500, lr: 0.010000, avg loss: 0.479822
2022-08-04 05:30:18,080 [dist_trainer.py:90] WARNING Time per iteration including communication: 0.124280, Speed: 2059.860611 images/s
2022-08-04 05:30:19,089 [dl_trainer.py:731] WARNING [ 92][ 2320/   25][rank:4] loss: 0.472, average forward (0.009284) and backward (0.025779) time: 0.049802, iotime: 0.014353 
2022-08-04 05:30:19,352 [dl_trainer.py:634] INFO train iter: 2325, num_batches_per_epoch: 25
2022-08-04 05:30:19,352 [dl_trainer.py:635] INFO Epoch 93, avg train acc: 83.609375, lr: 0.010000, avg loss: 0.466976
2022-08-04 05:30:21,007 [dist_trainer.py:90] WARNING Time per iteration including communication: 0.121945, Speed: 2099.308370 images/s
2022-08-04 05:30:22,313 [dl_trainer.py:634] INFO train iter: 2350, num_batches_per_epoch: 25
2022-08-04 05:30:22,313 [dl_trainer.py:635] INFO Epoch 94, avg train acc: 84.187500, lr: 0.010000, avg loss: 0.468286
2022-08-04 05:30:23,933 [dist_trainer.py:90] WARNING Time per iteration including communication: 0.121914, Speed: 2099.844990 images/s
2022-08-04 05:30:24,595 [dl_trainer.py:731] WARNING [ 94][ 2360/   25][rank:4] loss: 0.498, average forward (0.009902) and backward (0.026424) time: 0.051032, iotime: 0.014379 
2022-08-04 05:30:25,313 [dl_trainer.py:634] INFO train iter: 2375, num_batches_per_epoch: 25
2022-08-04 05:30:25,313 [dl_trainer.py:635] INFO Epoch 95, avg train acc: 83.531250, lr: 0.010000, avg loss: 0.482962
2022-08-04 05:30:26,893 [dist_trainer.py:90] WARNING Time per iteration including communication: 0.123321, Speed: 2075.891011 images/s
2022-08-04 05:30:28,350 [dl_trainer.py:731] WARNING [ 95][ 2400/   25][rank:4] loss: 0.450, average forward (0.008967) and backward (0.025992) time: 0.044133, iotime: 0.008879 
2022-08-04 05:30:28,357 [dist_trainer.py:90] WARNING Time per iteration including communication: 0.060992, Speed: 4197.259297 images/s
2022-08-04 05:30:28,358 [dl_trainer.py:634] INFO train iter: 2400, num_batches_per_epoch: 25
2022-08-04 05:30:28,359 [dl_trainer.py:635] INFO Epoch 96, avg train acc: 83.781250, lr: 0.010000, avg loss: 0.470726
2022-08-04 05:30:31,355 [dist_trainer.py:90] WARNING Time per iteration including communication: 0.124858, Speed: 2050.326207 images/s
2022-08-04 05:30:31,670 [dl_trainer.py:634] INFO train iter: 2425, num_batches_per_epoch: 25
2022-08-04 05:30:31,670 [dl_trainer.py:635] INFO Epoch 97, avg train acc: 83.968750, lr: 0.010000, avg loss: 0.463123
2022-08-04 05:30:33,927 [dl_trainer.py:731] WARNING [ 97][ 2440/   25][rank:4] loss: 0.475, average forward (0.009055) and backward (0.026858) time: 0.050567, iotime: 0.014172 
2022-08-04 05:30:34,395 [dist_trainer.py:90] WARNING Time per iteration including communication: 0.126654, Speed: 2021.251759 images/s
2022-08-04 05:30:34,762 [dl_trainer.py:634] INFO train iter: 2450, num_batches_per_epoch: 25
2022-08-04 05:30:34,762 [dl_trainer.py:635] INFO Epoch 98, avg train acc: 83.546875, lr: 0.010000, avg loss: 0.472389
2022-08-04 05:30:37,534 [dist_trainer.py:90] WARNING Time per iteration including communication: 0.130791, Speed: 1957.315744 images/s
2022-08-04 05:30:37,942 [dl_trainer.py:634] INFO train iter: 2475, num_batches_per_epoch: 25
2022-08-04 05:30:37,942 [dl_trainer.py:635] INFO Epoch 99, avg train acc: 84.187500, lr: 0.010000, avg loss: 0.448365
2022-08-04 05:30:39,915 [dl_trainer.py:731] WARNING [ 99][ 2480/   25][rank:4] loss: 0.469, average forward (0.009521) and backward (0.027102) time: 0.052011, iotime: 0.014433 
2022-08-04 05:30:40,747 [dist_trainer.py:90] WARNING Time per iteration including communication: 0.133830, Speed: 1912.873819 images/s
2022-08-04 05:30:41,197 [dl_trainer.py:634] INFO train iter: 2500, num_batches_per_epoch: 25
2022-08-04 05:30:41,198 [dl_trainer.py:635] INFO Epoch 100, avg train acc: 83.906250, lr: 0.010000, avg loss: 0.453813
2022-08-04 05:30:43,712 [dl_trainer.py:731] WARNING [100][ 2520/   25][rank:4] loss: 0.438, average forward (0.009412) and backward (0.026343) time: 0.044858, iotime: 0.008407 
2022-08-04 05:30:43,722 [dist_trainer.py:90] WARNING Time per iteration including communication: 0.123936, Speed: 2065.589232 images/s
2022-08-04 05:30:44,215 [dl_trainer.py:634] INFO train iter: 2525, num_batches_per_epoch: 25
2022-08-04 05:30:44,215 [dl_trainer.py:635] INFO Epoch 101, avg train acc: 83.750000, lr: 0.010000, avg loss: 0.471698
2022-08-04 05:30:46,662 [dist_trainer.py:90] WARNING Time per iteration including communication: 0.122508, Speed: 2089.651329 images/s
2022-08-04 05:30:47,202 [dl_trainer.py:634] INFO train iter: 2550, num_batches_per_epoch: 25
2022-08-04 05:30:47,203 [dl_trainer.py:635] INFO Epoch 102, avg train acc: 83.578125, lr: 0.010000, avg loss: 0.473391
2022-08-04 05:30:49,251 [dl_trainer.py:731] WARNING [102][ 2560/   25][rank:4] loss: 0.536, average forward (0.009985) and backward (0.025737) time: 0.050087, iotime: 0.013966 
2022-08-04 05:30:49,674 [dist_trainer.py:90] WARNING Time per iteration including communication: 0.125461, Speed: 2040.477279 images/s
2022-08-04 05:30:50,268 [dl_trainer.py:634] INFO train iter: 2575, num_batches_per_epoch: 25
2022-08-04 05:30:50,268 [dl_trainer.py:635] INFO Epoch 103, avg train acc: 83.671875, lr: 0.010000, avg loss: 0.465129
2022-08-04 05:30:52,603 [dist_trainer.py:90] WARNING Time per iteration including communication: 0.122036, Speed: 2097.733281 images/s
2022-08-04 05:30:53,226 [dl_trainer.py:731] WARNING [103][ 2600/   25][rank:4] loss: 0.397, average forward (0.009679) and backward (0.025937) time: 0.050702, iotime: 0.014237 
2022-08-04 05:30:53,254 [dl_trainer.py:634] INFO train iter: 2600, num_batches_per_epoch: 25
2022-08-04 05:30:53,254 [dl_trainer.py:635] INFO Epoch 104, avg train acc: 84.468750, lr: 0.010000, avg loss: 0.447246
2022-08-04 05:30:55,544 [dist_trainer.py:90] WARNING Time per iteration including communication: 0.122493, Speed: 2089.918582 images/s
2022-08-04 05:30:56,236 [dl_trainer.py:634] INFO train iter: 2625, num_batches_per_epoch: 25
2022-08-04 05:30:56,236 [dl_trainer.py:635] INFO Epoch 105, avg train acc: 83.875000, lr: 0.010000, avg loss: 0.466666
2022-08-04 05:30:58,469 [dl_trainer.py:731] WARNING [105][ 2640/   25][rank:4] loss: 0.474, average forward (0.009653) and backward (0.026142) time: 0.044793, iotime: 0.008509 
2022-08-04 05:30:58,476 [dist_trainer.py:90] WARNING Time per iteration including communication: 0.122177, Speed: 2095.314678 images/s
2022-08-04 05:30:59,183 [dl_trainer.py:634] INFO train iter: 2650, num_batches_per_epoch: 25
2022-08-04 05:30:59,184 [dl_trainer.py:635] INFO Epoch 106, avg train acc: 84.046875, lr: 0.010000, avg loss: 0.456930
2022-08-04 05:31:01,415 [dist_trainer.py:90] WARNING Time per iteration including communication: 0.122432, Speed: 2090.949259 images/s
2022-08-04 05:31:02,195 [dl_trainer.py:634] INFO train iter: 2675, num_batches_per_epoch: 25
2022-08-04 05:31:02,196 [dl_trainer.py:635] INFO Epoch 107, avg train acc: 84.484375, lr: 0.010000, avg loss: 0.457590
2022-08-04 05:31:03,931 [dl_trainer.py:731] WARNING [107][ 2680/   25][rank:4] loss: 0.436, average forward (0.009648) and backward (0.026146) time: 0.050193, iotime: 0.014009 
2022-08-04 05:31:04,328 [dist_trainer.py:90] WARNING Time per iteration including communication: 0.121343, Speed: 2109.714830 images/s
2022-08-04 05:31:05,184 [dl_trainer.py:634] INFO train iter: 2700, num_batches_per_epoch: 25
2022-08-04 05:31:05,185 [dl_trainer.py:635] INFO Epoch 108, avg train acc: 85.109375, lr: 0.010000, avg loss: 0.436771
2022-08-04 05:31:07,335 [dist_trainer.py:90] WARNING Time per iteration including communication: 0.125278, Speed: 2043.449424 images/s
2022-08-04 05:31:07,969 [dl_trainer.py:731] WARNING [108][ 2720/   25][rank:4] loss: 0.536, average forward (0.009280) and backward (0.025875) time: 0.050046, iotime: 0.014258 
2022-08-04 05:31:08,223 [dl_trainer.py:634] INFO train iter: 2725, num_batches_per_epoch: 25
2022-08-04 05:31:08,223 [dl_trainer.py:635] INFO Epoch 109, avg train acc: 83.937500, lr: 0.010000, avg loss: 0.462775
2022-08-04 05:31:10,301 [dist_trainer.py:90] WARNING Time per iteration including communication: 0.123535, Speed: 2072.279919 images/s
2022-08-04 05:31:11,236 [dl_trainer.py:634] INFO train iter: 2750, num_batches_per_epoch: 25
2022-08-04 05:31:11,236 [dl_trainer.py:635] INFO Epoch 110, avg train acc: 85.140625, lr: 0.010000, avg loss: 0.441990
2022-08-04 05:31:13,263 [dl_trainer.py:731] WARNING [110][ 2760/   25][rank:4] loss: 0.471, average forward (0.009444) and backward (0.026176) time: 0.044583, iotime: 0.008343 
2022-08-04 05:31:13,271 [dist_trainer.py:90] WARNING Time per iteration including communication: 0.123715, Speed: 2069.274388 images/s
2022-08-04 05:31:14,249 [dl_trainer.py:634] INFO train iter: 2775, num_batches_per_epoch: 25
2022-08-04 05:31:14,249 [dl_trainer.py:635] INFO Epoch 111, avg train acc: 83.750000, lr: 0.010000, avg loss: 0.473280
2022-08-04 05:31:16,249 [dist_trainer.py:90] WARNING Time per iteration including communication: 0.124080, Speed: 2063.180874 images/s
2022-08-04 05:31:17,254 [dl_trainer.py:731] WARNING [111][ 2800/   25][rank:4] loss: 0.429, average forward (0.008876) and backward (0.025407) time: 0.049067, iotime: 0.014483 
2022-08-04 05:31:17,276 [dl_trainer.py:634] INFO train iter: 2800, num_batches_per_epoch: 25
2022-08-04 05:31:17,276 [dl_trainer.py:635] INFO Epoch 112, avg train acc: 83.890625, lr: 0.010000, avg loss: 0.457857
2022-08-04 05:31:19,148 [dist_trainer.py:90] WARNING Time per iteration including communication: 0.120751, Speed: 2120.057001 images/s
2022-08-04 05:31:20,238 [dl_trainer.py:634] INFO train iter: 2825, num_batches_per_epoch: 25
2022-08-04 05:31:20,239 [dl_trainer.py:635] INFO Epoch 113, avg train acc: 84.765625, lr: 0.010000, avg loss: 0.433895
2022-08-04 05:31:22,101 [dist_trainer.py:90] WARNING Time per iteration including communication: 0.122981, Speed: 2081.623845 images/s
2022-08-04 05:31:22,752 [dl_trainer.py:731] WARNING [113][ 2840/   25][rank:4] loss: 0.409, average forward (0.009189) and backward (0.025984) time: 0.051156, iotime: 0.014585 
2022-08-04 05:31:23,219 [dl_trainer.py:634] INFO train iter: 2850, num_batches_per_epoch: 25
2022-08-04 05:31:23,219 [dl_trainer.py:635] INFO Epoch 114, avg train acc: 84.546875, lr: 0.010000, avg loss: 0.432953
2022-08-04 05:31:25,029 [dist_trainer.py:90] WARNING Time per iteration including communication: 0.122017, Speed: 2098.070418 images/s
2022-08-04 05:31:26,188 [dl_trainer.py:634] INFO train iter: 2875, num_batches_per_epoch: 25
2022-08-04 05:31:26,188 [dl_trainer.py:635] INFO Epoch 115, avg train acc: 84.750000, lr: 0.010000, avg loss: 0.446347
2022-08-04 05:31:27,928 [dl_trainer.py:731] WARNING [115][ 2880/   25][rank:4] loss: 0.431, average forward (0.009173) and backward (0.026556) time: 0.044537, iotime: 0.008467 
2022-08-04 05:31:27,938 [dist_trainer.py:90] WARNING Time per iteration including communication: 0.121151, Speed: 2113.059098 images/s
2022-08-04 05:31:29,122 [dl_trainer.py:634] INFO train iter: 2900, num_batches_per_epoch: 25
2022-08-04 05:31:29,123 [dl_trainer.py:635] INFO Epoch 116, avg train acc: 84.671875, lr: 0.010000, avg loss: 0.438256
2022-08-04 05:31:30,935 [dist_trainer.py:90] WARNING Time per iteration including communication: 0.124858, Speed: 2050.336484 images/s
2022-08-04 05:31:31,953 [dl_trainer.py:731] WARNING [116][ 2920/   25][rank:4] loss: 0.471, average forward (0.009235) and backward (0.025322) time: 0.049040, iotime: 0.014183 
2022-08-04 05:31:32,201 [dl_trainer.py:634] INFO train iter: 2925, num_batches_per_epoch: 25
2022-08-04 05:31:32,202 [dl_trainer.py:635] INFO Epoch 117, avg train acc: 84.796875, lr: 0.010000, avg loss: 0.429978
2022-08-04 05:31:33,873 [dist_trainer.py:90] WARNING Time per iteration including communication: 0.122380, Speed: 2091.841025 images/s
2022-08-04 05:31:35,212 [dl_trainer.py:634] INFO train iter: 2950, num_batches_per_epoch: 25
2022-08-04 05:31:35,213 [dl_trainer.py:635] INFO Epoch 118, avg train acc: 84.687500, lr: 0.010000, avg loss: 0.441128
2022-08-04 05:31:36,841 [dist_trainer.py:90] WARNING Time per iteration including communication: 0.123677, Speed: 2069.911307 images/s
2022-08-04 05:31:37,469 [dl_trainer.py:731] WARNING [118][ 2960/   25][rank:4] loss: 0.410, average forward (0.009820) and backward (0.025707) time: 0.051622, iotime: 0.015216 
2022-08-04 05:31:38,306 [dl_trainer.py:634] INFO train iter: 2975, num_batches_per_epoch: 25
2022-08-04 05:31:38,306 [dl_trainer.py:635] INFO Epoch 119, avg train acc: 84.468750, lr: 0.010000, avg loss: 0.439068
2022-08-04 05:31:39,856 [dist_trainer.py:90] WARNING Time per iteration including communication: 0.125589, Speed: 2038.393580 images/s
2022-08-04 05:31:41,273 [dl_trainer.py:731] WARNING [119][ 3000/   25][rank:4] loss: 0.448, average forward (0.009354) and backward (0.025905) time: 0.044477, iotime: 0.008615 
2022-08-04 05:31:41,284 [dist_trainer.py:90] WARNING Time per iteration including communication: 0.059458, Speed: 4305.548900 images/s
2022-08-04 05:31:41,285 [dl_trainer.py:634] INFO train iter: 3000, num_batches_per_epoch: 25
2022-08-04 05:31:41,285 [dl_trainer.py:635] INFO Epoch 120, avg train acc: 85.031250, lr: 0.010000, avg loss: 0.433707
2022-08-04 05:31:44,285 [dist_trainer.py:90] WARNING Time per iteration including communication: 0.125006, Speed: 2047.909184 images/s
2022-08-04 05:31:44,597 [dl_trainer.py:634] INFO train iter: 3025, num_batches_per_epoch: 25
2022-08-04 05:31:44,598 [dl_trainer.py:635] INFO Epoch 121, avg train acc: 84.421875, lr: 0.010000, avg loss: 0.453282
2022-08-04 05:31:46,836 [dl_trainer.py:731] WARNING [121][ 3040/   25][rank:4] loss: 0.435, average forward (0.008976) and backward (0.025834) time: 0.049051, iotime: 0.013931 
2022-08-04 05:31:47,254 [dist_trainer.py:90] WARNING Time per iteration including communication: 0.123691, Speed: 2069.672250 images/s
2022-08-04 05:31:47,610 [dl_trainer.py:634] INFO train iter: 3050, num_batches_per_epoch: 25
2022-08-04 05:31:47,611 [dl_trainer.py:635] INFO Epoch 122, avg train acc: 84.609375, lr: 0.010000, avg loss: 0.442136
2022-08-04 05:31:50,162 [dist_trainer.py:90] WARNING Time per iteration including communication: 0.121162, Speed: 2112.877531 images/s
2022-08-04 05:31:50,568 [dl_trainer.py:634] INFO train iter: 3075, num_batches_per_epoch: 25
2022-08-04 05:31:50,568 [dl_trainer.py:635] INFO Epoch 123, avg train acc: 84.312500, lr: 0.001000, avg loss: 0.450096
2022-08-04 05:31:52,317 [dl_trainer.py:731] WARNING [123][ 3080/   25][rank:4] loss: 0.410, average forward (0.009384) and backward (0.026810) time: 0.051258, iotime: 0.014546 
2022-08-04 05:31:53,126 [dist_trainer.py:90] WARNING Time per iteration including communication: 0.123437, Speed: 2073.936502 images/s
2022-08-04 05:31:53,571 [dl_trainer.py:634] INFO train iter: 3100, num_batches_per_epoch: 25
2022-08-04 05:31:53,572 [dl_trainer.py:635] INFO Epoch 124, avg train acc: 84.296875, lr: 0.001000, avg loss: 0.444810
2022-08-04 05:31:56,076 [dl_trainer.py:731] WARNING [124][ 3120/   25][rank:4] loss: 0.467, average forward (0.009162) and backward (0.025976) time: 0.044126, iotime: 0.008699 
2022-08-04 05:31:56,083 [dist_trainer.py:90] WARNING Time per iteration including communication: 0.123191, Speed: 2078.069712 images/s
2022-08-04 05:31:56,596 [dl_trainer.py:634] INFO train iter: 3125, num_batches_per_epoch: 25
2022-08-04 05:31:56,597 [dl_trainer.py:635] INFO Epoch 125, avg train acc: 85.000000, lr: 0.001000, avg loss: 0.431697
2022-08-04 05:31:59,069 [dist_trainer.py:90] WARNING Time per iteration including communication: 0.124401, Speed: 2057.869108 images/s
2022-08-04 05:31:59,616 [dl_trainer.py:634] INFO train iter: 3150, num_batches_per_epoch: 25
2022-08-04 05:31:59,616 [dl_trainer.py:635] INFO Epoch 126, avg train acc: 84.812500, lr: 0.001000, avg loss: 0.441304
2022-08-04 05:32:01,633 [dl_trainer.py:731] WARNING [126][ 3160/   25][rank:4] loss: 0.388, average forward (0.009809) and backward (0.026241) time: 0.050765, iotime: 0.014360 
2022-08-04 05:32:02,047 [dist_trainer.py:90] WARNING Time per iteration including communication: 0.124084, Speed: 2063.118932 images/s
2022-08-04 05:32:02,643 [dl_trainer.py:634] INFO train iter: 3175, num_batches_per_epoch: 25
2022-08-04 05:32:02,644 [dl_trainer.py:635] INFO Epoch 127, avg train acc: 84.421875, lr: 0.001000, avg loss: 0.445820
2022-08-04 05:32:05,053 [dist_trainer.py:90] WARNING Time per iteration including communication: 0.125207, Speed: 2044.613032 images/s
2022-08-04 05:32:05,702 [dl_trainer.py:731] WARNING [127][ 3200/   25][rank:4] loss: 0.423, average forward (0.009461) and backward (0.025508) time: 0.049206, iotime: 0.013931 
2022-08-04 05:32:05,713 [dl_trainer.py:634] INFO train iter: 3200, num_batches_per_epoch: 25
2022-08-04 05:32:05,713 [dl_trainer.py:635] INFO Epoch 128, avg train acc: 84.812500, lr: 0.001000, avg loss: 0.424904
2022-08-04 05:32:08,089 [dist_trainer.py:90] WARNING Time per iteration including communication: 0.126481, Speed: 2024.014385 images/s
2022-08-04 05:32:08,752 [dl_trainer.py:634] INFO train iter: 3225, num_batches_per_epoch: 25
2022-08-04 05:32:08,753 [dl_trainer.py:635] INFO Epoch 129, avg train acc: 84.687500, lr: 0.001000, avg loss: 0.429610
2022-08-04 05:32:11,016 [dl_trainer.py:731] WARNING [129][ 3240/   25][rank:4] loss: 0.522, average forward (0.009761) and backward (0.026789) time: 0.046230, iotime: 0.009116 
2022-08-04 05:32:11,026 [dist_trainer.py:90] WARNING Time per iteration including communication: 0.122340, Speed: 2092.535582 images/s
2022-08-04 05:32:11,760 [dl_trainer.py:634] INFO train iter: 3250, num_batches_per_epoch: 25
2022-08-04 05:32:11,761 [dl_trainer.py:635] INFO Epoch 130, avg train acc: 85.406250, lr: 0.001000, avg loss: 0.423521
2022-08-04 05:32:13,932 [dist_trainer.py:90] WARNING Time per iteration including communication: 0.121077, Speed: 2114.352797 images/s
2022-08-04 05:32:14,719 [dl_trainer.py:634] INFO train iter: 3275, num_batches_per_epoch: 25
2022-08-04 05:32:14,720 [dl_trainer.py:635] INFO Epoch 131, avg train acc: 84.484375, lr: 0.001000, avg loss: 0.438542
2022-08-04 05:32:16,465 [dl_trainer.py:731] WARNING [131][ 3280/   25][rank:4] loss: 0.416, average forward (0.009044) and backward (0.026456) time: 0.050337, iotime: 0.014459 
2022-08-04 05:32:16,886 [dist_trainer.py:90] WARNING Time per iteration including communication: 0.123056, Speed: 2080.345524 images/s
2022-08-04 05:32:17,747 [dl_trainer.py:634] INFO train iter: 3300, num_batches_per_epoch: 25
2022-08-04 05:32:17,747 [dl_trainer.py:635] INFO Epoch 132, avg train acc: 84.406250, lr: 0.001000, avg loss: 0.447711
2022-08-04 05:32:19,906 [dist_trainer.py:90] WARNING Time per iteration including communication: 0.125799, Speed: 2034.988629 images/s
2022-08-04 05:32:20,546 [dl_trainer.py:731] WARNING [132][ 3320/   25][rank:4] loss: 0.415, average forward (0.009637) and backward (0.025883) time: 0.050758, iotime: 0.014373 
2022-08-04 05:32:20,799 [dl_trainer.py:634] INFO train iter: 3325, num_batches_per_epoch: 25
2022-08-04 05:32:20,799 [dl_trainer.py:635] INFO Epoch 133, avg train acc: 85.500000, lr: 0.001000, avg loss: 0.422382
2022-08-04 05:32:22,862 [dist_trainer.py:90] WARNING Time per iteration including communication: 0.123148, Speed: 2078.794224 images/s
2022-08-04 05:32:23,787 [dl_trainer.py:634] INFO train iter: 3350, num_batches_per_epoch: 25
2022-08-04 05:32:23,787 [dl_trainer.py:635] INFO Epoch 134, avg train acc: 85.203125, lr: 0.001000, avg loss: 0.425682
2022-08-04 05:32:25,794 [dl_trainer.py:731] WARNING [134][ 3360/   25][rank:4] loss: 0.356, average forward (0.009859) and backward (0.025628) time: 0.044534, iotime: 0.008408 
2022-08-04 05:32:25,802 [dist_trainer.py:90] WARNING Time per iteration including communication: 0.122505, Speed: 2089.704537 images/s
2022-08-04 05:32:26,761 [dl_trainer.py:634] INFO train iter: 3375, num_batches_per_epoch: 25
2022-08-04 05:32:26,761 [dl_trainer.py:635] INFO Epoch 135, avg train acc: 84.406250, lr: 0.001000, avg loss: 0.443771
2022-08-04 05:32:28,708 [dist_trainer.py:90] WARNING Time per iteration including communication: 0.121037, Speed: 2115.049366 images/s
