2022-08-04 05:25:03,763 [dist_trainer.py:135] INFO Configurations: Namespace(batch_size=256, compressor='topk', data_dir='./data', dataset='cifar10', density=0.001, dnn='resnet20', lr=0.1, max_epochs=141, nsteps_update=1, num_steps=35, nworkers=8, nwpernode=8, pretrain=None, saved_dir='./logs/iclr', threshold=524288000)
2022-08-04 05:25:32,486 [dl_trainer.py:254] INFO num_batches_per_epoch: 25
2022-08-04 05:25:33,405 [distributed_optimizer.py:63] INFO _dynamic_densities: [0.015625, 0.004, 0.001]
2022-08-04 05:25:33,407 [distributed_optimizer.py:323] INFO # of parameters: 269722
2022-08-04 05:25:33,407 [distributed_optimizer.py:324] INFO Total number of tensors: 59
2022-08-04 05:25:33,407 [distributed_optimizer.py:325] INFO Merged Number of groups: 1
2022-08-04 05:25:34,188 [dist_trainer.py:62] INFO max_epochs: 141
2022-08-04 05:25:37,800 [dist_trainer.py:90] WARNING Time per iteration including communication: 0.150464, Speed: 1701.400082 images/s
2022-08-04 05:25:38,078 [dl_trainer.py:634] INFO train iter: 25, num_batches_per_epoch: 25
2022-08-04 05:25:38,079 [dl_trainer.py:635] INFO Epoch 1, avg train acc: 16.406250, lr: 0.020640, avg loss: 2.630921
2022-08-04 05:25:40,347 [dl_trainer.py:731] WARNING [  1][   40/   25][rank:6] loss: 1.980, average forward (0.063047) and backward (0.029948) time: 0.101555, iotime: 0.007840 
2022-08-04 05:25:40,777 [dist_trainer.py:90] WARNING Time per iteration including communication: 0.124006, Speed: 2064.411886 images/s
2022-08-04 05:25:41,137 [dl_trainer.py:634] INFO train iter: 50, num_batches_per_epoch: 25
2022-08-04 05:25:41,137 [dl_trainer.py:635] INFO Epoch 2, avg train acc: 25.500000, lr: 0.040480, avg loss: 2.036788
2022-08-04 05:25:43,820 [dist_trainer.py:90] WARNING Time per iteration including communication: 0.126787, Speed: 2019.131813 images/s
2022-08-04 05:25:44,225 [dl_trainer.py:634] INFO train iter: 75, num_batches_per_epoch: 25
2022-08-04 05:25:44,225 [dl_trainer.py:635] INFO Epoch 3, avg train acc: 26.625000, lr: 0.060320, avg loss: 1.927809
2022-08-04 05:25:45,976 [dl_trainer.py:731] WARNING [  3][   80/   25][rank:6] loss: 1.984, average forward (0.009286) and backward (0.026597) time: 0.050445, iotime: 0.013989 
2022-08-04 05:25:46,801 [dist_trainer.py:90] WARNING Time per iteration including communication: 0.124188, Speed: 2061.398446 images/s
2022-08-04 05:25:47,249 [dl_trainer.py:634] INFO train iter: 100, num_batches_per_epoch: 25
2022-08-04 05:25:47,249 [dl_trainer.py:635] INFO Epoch 4, avg train acc: 27.250000, lr: 0.080160, avg loss: 1.995242
2022-08-04 05:25:49,921 [dl_trainer.py:731] WARNING [  4][  120/   25][rank:6] loss: 2.107, average forward (0.009510) and backward (0.026425) time: 0.044358, iotime: 0.008150 
2022-08-04 05:25:49,929 [dist_trainer.py:90] WARNING Time per iteration including communication: 0.130335, Speed: 1964.172203 images/s
2022-08-04 05:25:50,452 [dl_trainer.py:634] INFO train iter: 125, num_batches_per_epoch: 25
2022-08-04 05:25:50,453 [dl_trainer.py:635] INFO Epoch 5, avg train acc: 26.812500, lr: 0.100000, avg loss: 1.989045
2022-08-04 05:25:52,895 [dist_trainer.py:90] WARNING Time per iteration including communication: 0.123558, Speed: 2071.894713 images/s
2022-08-04 05:25:53,430 [dl_trainer.py:634] INFO train iter: 150, num_batches_per_epoch: 25
2022-08-04 05:25:53,431 [dl_trainer.py:635] INFO Epoch 6, avg train acc: 28.484375, lr: 0.100000, avg loss: 1.906516
2022-08-04 05:25:55,402 [dl_trainer.py:731] WARNING [  6][  160/   25][rank:6] loss: 1.994, average forward (0.009351) and backward (0.026379) time: 0.049693, iotime: 0.013434 
2022-08-04 05:25:55,818 [dist_trainer.py:90] WARNING Time per iteration including communication: 0.121744, Speed: 2102.769653 images/s
2022-08-04 05:25:56,401 [dl_trainer.py:634] INFO train iter: 175, num_batches_per_epoch: 25
2022-08-04 05:25:56,401 [dl_trainer.py:635] INFO Epoch 7, avg train acc: 29.968750, lr: 0.100000, avg loss: 1.874755
2022-08-04 05:25:58,720 [dist_trainer.py:90] WARNING Time per iteration including communication: 0.120892, Speed: 2117.588939 images/s
2022-08-04 05:25:59,361 [dl_trainer.py:731] WARNING [  7][  200/   25][rank:6] loss: 1.741, average forward (0.009465) and backward (0.026352) time: 0.050428, iotime: 0.013877 
2022-08-04 05:25:59,372 [dl_trainer.py:634] INFO train iter: 200, num_batches_per_epoch: 25
2022-08-04 05:25:59,372 [dl_trainer.py:635] INFO Epoch 8, avg train acc: 31.375000, lr: 0.100000, avg loss: 1.819950
2022-08-04 05:26:01,653 [dist_trainer.py:90] WARNING Time per iteration including communication: 0.122176, Speed: 2095.335974 images/s
2022-08-04 05:26:02,355 [dl_trainer.py:634] INFO train iter: 225, num_batches_per_epoch: 25
2022-08-04 05:26:02,356 [dl_trainer.py:635] INFO Epoch 9, avg train acc: 34.171875, lr: 0.100000, avg loss: 1.718287
2022-08-04 05:26:04,597 [dl_trainer.py:731] WARNING [  9][  240/   25][rank:6] loss: 1.805, average forward (0.009392) and backward (0.026478) time: 0.044744, iotime: 0.008463 
2022-08-04 05:26:04,605 [dist_trainer.py:90] WARNING Time per iteration including communication: 0.122998, Speed: 2081.337527 images/s
2022-08-04 05:26:05,344 [dl_trainer.py:634] INFO train iter: 250, num_batches_per_epoch: 25
2022-08-04 05:26:05,345 [dl_trainer.py:635] INFO Epoch 10, avg train acc: 34.515625, lr: 0.100000, avg loss: 1.730964
2022-08-04 05:26:07,569 [dist_trainer.py:90] WARNING Time per iteration including communication: 0.123504, Speed: 2072.809811 images/s
2022-08-04 05:26:08,344 [dl_trainer.py:634] INFO train iter: 275, num_batches_per_epoch: 25
2022-08-04 05:26:08,344 [dl_trainer.py:635] INFO Epoch 11, avg train acc: 37.953125, lr: 0.100000, avg loss: 1.676769
2022-08-04 05:26:10,066 [dl_trainer.py:731] WARNING [ 11][  280/   25][rank:6] loss: 1.714, average forward (0.009544) and backward (0.025437) time: 0.049117, iotime: 0.013825 
2022-08-04 05:26:10,458 [dist_trainer.py:90] WARNING Time per iteration including communication: 0.120326, Speed: 2127.558004 images/s
2022-08-04 05:26:11,278 [dl_trainer.py:634] INFO train iter: 300, num_batches_per_epoch: 25
2022-08-04 05:26:11,279 [dl_trainer.py:635] INFO Epoch 12, avg train acc: 38.765625, lr: 0.100000, avg loss: 1.637778
2022-08-04 05:26:13,413 [dist_trainer.py:90] WARNING Time per iteration including communication: 0.123122, Speed: 2079.236186 images/s
2022-08-04 05:26:14,065 [dl_trainer.py:731] WARNING [ 12][  320/   25][rank:6] loss: 1.605, average forward (0.009808) and backward (0.026893) time: 0.050483, iotime: 0.013512 
2022-08-04 05:26:14,339 [dl_trainer.py:634] INFO train iter: 325, num_batches_per_epoch: 25
2022-08-04 05:26:14,339 [dl_trainer.py:635] INFO Epoch 13, avg train acc: 40.734375, lr: 0.100000, avg loss: 1.590149
2022-08-04 05:26:16,418 [dist_trainer.py:90] WARNING Time per iteration including communication: 0.125217, Speed: 2044.455364 images/s
2022-08-04 05:26:17,343 [dl_trainer.py:634] INFO train iter: 350, num_batches_per_epoch: 25
2022-08-04 05:26:17,343 [dl_trainer.py:635] INFO Epoch 14, avg train acc: 41.296875, lr: 0.100000, avg loss: 1.573346
2022-08-04 05:26:19,338 [dl_trainer.py:731] WARNING [ 14][  360/   25][rank:6] loss: 1.564, average forward (0.009327) and backward (0.025974) time: 0.043972, iotime: 0.008368 
2022-08-04 05:26:19,354 [dist_trainer.py:90] WARNING Time per iteration including communication: 0.122290, Speed: 2093.386358 images/s
2022-08-04 05:26:20,294 [dl_trainer.py:634] INFO train iter: 375, num_batches_per_epoch: 25
2022-08-04 05:26:20,294 [dl_trainer.py:635] INFO Epoch 15, avg train acc: 44.031250, lr: 0.100000, avg loss: 1.515065
2022-08-04 05:26:22,241 [dist_trainer.py:90] WARNING Time per iteration including communication: 0.120289, Speed: 2128.209870 images/s
2022-08-04 05:26:23,232 [dl_trainer.py:731] WARNING [ 15][  400/   25][rank:6] loss: 1.542, average forward (0.009557) and backward (0.025737) time: 0.050164, iotime: 0.014278 
2022-08-04 05:26:23,243 [dl_trainer.py:634] INFO train iter: 400, num_batches_per_epoch: 25
2022-08-04 05:26:23,244 [dl_trainer.py:635] INFO Epoch 16, avg train acc: 45.968750, lr: 0.100000, avg loss: 1.469175
2022-08-04 05:26:25,176 [dist_trainer.py:90] WARNING Time per iteration including communication: 0.122241, Speed: 2094.219445 images/s
2022-08-04 05:26:26,307 [dl_trainer.py:634] INFO train iter: 425, num_batches_per_epoch: 25
2022-08-04 05:26:26,308 [dl_trainer.py:635] INFO Epoch 17, avg train acc: 46.750000, lr: 0.100000, avg loss: 1.467079
2022-08-04 05:26:28,150 [dist_trainer.py:90] WARNING Time per iteration including communication: 0.123925, Speed: 2065.763921 images/s
2022-08-04 05:26:28,774 [dl_trainer.py:731] WARNING [ 17][  440/   25][rank:6] loss: 1.535, average forward (0.009275) and backward (0.026304) time: 0.050576, iotime: 0.014547 
2022-08-04 05:26:29,275 [dl_trainer.py:634] INFO train iter: 450, num_batches_per_epoch: 25
2022-08-04 05:26:29,275 [dl_trainer.py:635] INFO Epoch 18, avg train acc: 45.828125, lr: 0.100000, avg loss: 1.466168
2022-08-04 05:26:31,092 [dist_trainer.py:90] WARNING Time per iteration including communication: 0.122553, Speed: 2088.886381 images/s
2022-08-04 05:26:32,245 [dl_trainer.py:634] INFO train iter: 475, num_batches_per_epoch: 25
2022-08-04 05:26:32,245 [dl_trainer.py:635] INFO Epoch 19, avg train acc: 47.453125, lr: 0.100000, avg loss: 1.429764
2022-08-04 05:26:34,033 [dl_trainer.py:731] WARNING [ 19][  480/   25][rank:6] loss: 1.409, average forward (0.009557) and backward (0.026775) time: 0.044961, iotime: 0.008334 
2022-08-04 05:26:34,047 [dist_trainer.py:90] WARNING Time per iteration including communication: 0.123091, Speed: 2079.768131 images/s
2022-08-04 05:26:35,304 [dl_trainer.py:634] INFO train iter: 500, num_batches_per_epoch: 25
2022-08-04 05:26:35,304 [dl_trainer.py:635] INFO Epoch 20, avg train acc: 47.125000, lr: 0.100000, avg loss: 1.415823
2022-08-04 05:26:37,031 [dist_trainer.py:90] WARNING Time per iteration including communication: 0.124321, Speed: 2059.181155 images/s
2022-08-04 05:26:38,059 [dl_trainer.py:731] WARNING [ 20][  520/   25][rank:6] loss: 1.226, average forward (0.009884) and backward (0.026078) time: 0.050984, iotime: 0.014736 
2022-08-04 05:26:38,323 [dl_trainer.py:634] INFO train iter: 525, num_batches_per_epoch: 25
2022-08-04 05:26:38,323 [dl_trainer.py:635] INFO Epoch 21, avg train acc: 50.015625, lr: 0.100000, avg loss: 1.363960
2022-08-04 05:26:40,008 [dist_trainer.py:90] WARNING Time per iteration including communication: 0.124011, Speed: 2064.336475 images/s
2022-08-04 05:26:41,414 [dl_trainer.py:634] INFO train iter: 550, num_batches_per_epoch: 25
2022-08-04 05:26:41,414 [dl_trainer.py:635] INFO Epoch 22, avg train acc: 50.843750, lr: 0.100000, avg loss: 1.340182
2022-08-04 05:26:43,013 [dist_trainer.py:90] WARNING Time per iteration including communication: 0.125204, Speed: 2044.669650 images/s
2022-08-04 05:26:43,652 [dl_trainer.py:731] WARNING [ 22][  560/   25][rank:6] loss: 1.352, average forward (0.009372) and backward (0.025881) time: 0.049504, iotime: 0.013915 
2022-08-04 05:26:44,409 [dl_trainer.py:634] INFO train iter: 575, num_batches_per_epoch: 25
2022-08-04 05:26:44,409 [dl_trainer.py:635] INFO Epoch 23, avg train acc: 51.437500, lr: 0.100000, avg loss: 1.333994
2022-08-04 05:26:46,002 [dist_trainer.py:90] WARNING Time per iteration including communication: 0.124512, Speed: 2056.018578 images/s
2022-08-04 05:26:47,424 [dl_trainer.py:731] WARNING [ 23][  600/   25][rank:6] loss: 1.194, average forward (0.009183) and backward (0.026544) time: 0.044564, iotime: 0.008561 
2022-08-04 05:26:47,434 [dist_trainer.py:90] WARNING Time per iteration including communication: 0.059661, Speed: 4290.920243 images/s
2022-08-04 05:26:47,435 [dl_trainer.py:634] INFO train iter: 600, num_batches_per_epoch: 25
2022-08-04 05:26:47,435 [dl_trainer.py:635] INFO Epoch 24, avg train acc: 52.796875, lr: 0.100000, avg loss: 1.295907
2022-08-04 05:26:50,444 [dist_trainer.py:90] WARNING Time per iteration including communication: 0.125382, Speed: 2041.756721 images/s
2022-08-04 05:26:50,751 [dl_trainer.py:634] INFO train iter: 625, num_batches_per_epoch: 25
2022-08-04 05:26:50,752 [dl_trainer.py:635] INFO Epoch 25, avg train acc: 52.437500, lr: 0.100000, avg loss: 1.291138
2022-08-04 05:26:53,003 [dl_trainer.py:731] WARNING [ 25][  640/   25][rank:6] loss: 1.268, average forward (0.009800) and backward (0.025627) time: 0.049776, iotime: 0.013972 
2022-08-04 05:26:53,407 [dist_trainer.py:90] WARNING Time per iteration including communication: 0.123418, Speed: 2074.256850 images/s
2022-08-04 05:26:53,771 [dl_trainer.py:634] INFO train iter: 650, num_batches_per_epoch: 25
2022-08-04 05:26:53,772 [dl_trainer.py:635] INFO Epoch 26, avg train acc: 52.578125, lr: 0.100000, avg loss: 1.278309
2022-08-04 05:26:56,401 [dist_trainer.py:90] WARNING Time per iteration including communication: 0.124736, Speed: 2052.330917 images/s
2022-08-04 05:26:56,833 [dl_trainer.py:634] INFO train iter: 675, num_batches_per_epoch: 25
2022-08-04 05:26:56,834 [dl_trainer.py:635] INFO Epoch 27, avg train acc: 53.421875, lr: 0.100000, avg loss: 1.273353
2022-08-04 05:26:58,565 [dl_trainer.py:731] WARNING [ 27][  680/   25][rank:6] loss: 1.347, average forward (0.009009) and backward (0.026219) time: 0.049649, iotime: 0.014101 
2022-08-04 05:26:59,330 [dist_trainer.py:90] WARNING Time per iteration including communication: 0.122029, Speed: 2097.868362 images/s
2022-08-04 05:26:59,826 [dl_trainer.py:634] INFO train iter: 700, num_batches_per_epoch: 25
2022-08-04 05:26:59,827 [dl_trainer.py:635] INFO Epoch 28, avg train acc: 56.234375, lr: 0.100000, avg loss: 1.207087
2022-08-04 05:27:02,319 [dl_trainer.py:731] WARNING [ 28][  720/   25][rank:6] loss: 1.299, average forward (0.009227) and backward (0.025305) time: 0.043297, iotime: 0.008482 
2022-08-04 05:27:02,335 [dist_trainer.py:90] WARNING Time per iteration including communication: 0.125192, Speed: 2044.851203 images/s
2022-08-04 05:27:02,871 [dl_trainer.py:634] INFO train iter: 725, num_batches_per_epoch: 25
2022-08-04 05:27:02,871 [dl_trainer.py:635] INFO Epoch 29, avg train acc: 54.343750, lr: 0.100000, avg loss: 1.241601
2022-08-04 05:27:05,311 [dist_trainer.py:90] WARNING Time per iteration including communication: 0.123971, Speed: 2065.002294 images/s
2022-08-04 05:27:05,854 [dl_trainer.py:634] INFO train iter: 750, num_batches_per_epoch: 25
2022-08-04 05:27:05,854 [dl_trainer.py:635] INFO Epoch 30, avg train acc: 54.828125, lr: 0.100000, avg loss: 1.230087
2022-08-04 05:27:07,850 [dl_trainer.py:731] WARNING [ 30][  760/   25][rank:6] loss: 1.348, average forward (0.009454) and backward (0.026594) time: 0.050268, iotime: 0.013931 
2022-08-04 05:27:08,327 [dist_trainer.py:90] WARNING Time per iteration including communication: 0.125683, Speed: 2036.862495 images/s
2022-08-04 05:27:08,943 [dl_trainer.py:634] INFO train iter: 775, num_batches_per_epoch: 25
2022-08-04 05:27:08,943 [dl_trainer.py:635] INFO Epoch 31, avg train acc: 56.984375, lr: 0.100000, avg loss: 1.186830
2022-08-04 05:27:11,325 [dist_trainer.py:90] WARNING Time per iteration including communication: 0.124899, Speed: 2049.657427 images/s
2022-08-04 05:27:11,972 [dl_trainer.py:731] WARNING [ 31][  800/   25][rank:6] loss: 1.205, average forward (0.009854) and backward (0.026701) time: 0.050234, iotime: 0.013389 
2022-08-04 05:27:11,994 [dl_trainer.py:634] INFO train iter: 800, num_batches_per_epoch: 25
2022-08-04 05:27:11,995 [dl_trainer.py:635] INFO Epoch 32, avg train acc: 56.968750, lr: 0.100000, avg loss: 1.190677
2022-08-04 05:27:14,385 [dist_trainer.py:90] WARNING Time per iteration including communication: 0.127470, Speed: 2008.313857 images/s
2022-08-04 05:27:15,116 [dl_trainer.py:634] INFO train iter: 825, num_batches_per_epoch: 25
2022-08-04 05:27:15,116 [dl_trainer.py:635] INFO Epoch 33, avg train acc: 58.765625, lr: 0.100000, avg loss: 1.143817
2022-08-04 05:27:17,382 [dl_trainer.py:731] WARNING [ 33][  840/   25][rank:6] loss: 1.069, average forward (0.009899) and backward (0.025746) time: 0.044405, iotime: 0.008448 
2022-08-04 05:27:17,389 [dist_trainer.py:90] WARNING Time per iteration including communication: 0.125137, Speed: 2045.753281 images/s
2022-08-04 05:27:18,148 [dl_trainer.py:634] INFO train iter: 850, num_batches_per_epoch: 25
2022-08-04 05:27:18,149 [dl_trainer.py:635] INFO Epoch 34, avg train acc: 59.687500, lr: 0.100000, avg loss: 1.121283
2022-08-04 05:27:20,371 [dist_trainer.py:90] WARNING Time per iteration including communication: 0.124224, Speed: 2060.786530 images/s
2022-08-04 05:27:21,152 [dl_trainer.py:634] INFO train iter: 875, num_batches_per_epoch: 25
2022-08-04 05:27:21,153 [dl_trainer.py:635] INFO Epoch 35, avg train acc: 59.187500, lr: 0.100000, avg loss: 1.113330
2022-08-04 05:27:22,880 [dl_trainer.py:731] WARNING [ 35][  880/   25][rank:6] loss: 1.206, average forward (0.009958) and backward (0.025301) time: 0.049679, iotime: 0.013995 
2022-08-04 05:27:23,298 [dist_trainer.py:90] WARNING Time per iteration including communication: 0.121946, Speed: 2099.285111 images/s
2022-08-04 05:27:24,166 [dl_trainer.py:634] INFO train iter: 900, num_batches_per_epoch: 25
2022-08-04 05:27:24,167 [dl_trainer.py:635] INFO Epoch 36, avg train acc: 60.765625, lr: 0.100000, avg loss: 1.102033
2022-08-04 05:27:26,258 [dist_trainer.py:90] WARNING Time per iteration including communication: 0.123315, Speed: 2075.988340 images/s
2022-08-04 05:27:26,882 [dl_trainer.py:731] WARNING [ 36][  920/   25][rank:6] loss: 1.048, average forward (0.009144) and backward (0.027177) time: 0.050335, iotime: 0.013548 
2022-08-04 05:27:27,146 [dl_trainer.py:634] INFO train iter: 925, num_batches_per_epoch: 25
2022-08-04 05:27:27,146 [dl_trainer.py:635] INFO Epoch 37, avg train acc: 59.843750, lr: 0.100000, avg loss: 1.106408
2022-08-04 05:27:29,206 [dist_trainer.py:90] WARNING Time per iteration including communication: 0.122810, Speed: 2084.522386 images/s
2022-08-04 05:27:30,165 [dl_trainer.py:634] INFO train iter: 950, num_batches_per_epoch: 25
2022-08-04 05:27:30,165 [dl_trainer.py:635] INFO Epoch 38, avg train acc: 60.500000, lr: 0.100000, avg loss: 1.098788
2022-08-04 05:27:32,170 [dl_trainer.py:731] WARNING [ 38][  960/   25][rank:6] loss: 1.075, average forward (0.008945) and backward (0.026427) time: 0.044063, iotime: 0.008402 
2022-08-04 05:27:32,178 [dist_trainer.py:90] WARNING Time per iteration including communication: 0.123810, Speed: 2067.680984 images/s
2022-08-04 05:27:33,128 [dl_trainer.py:634] INFO train iter: 975, num_batches_per_epoch: 25
2022-08-04 05:27:33,128 [dl_trainer.py:635] INFO Epoch 39, avg train acc: 62.812500, lr: 0.100000, avg loss: 1.048500
2022-08-04 05:27:35,097 [dist_trainer.py:90] WARNING Time per iteration including communication: 0.121609, Speed: 2105.100261 images/s
2022-08-04 05:27:36,142 [dl_trainer.py:731] WARNING [ 39][ 1000/   25][rank:6] loss: 1.129, average forward (0.009218) and backward (0.025622) time: 0.048981, iotime: 0.013868 
2022-08-04 05:27:36,156 [dl_trainer.py:634] INFO train iter: 1000, num_batches_per_epoch: 25
2022-08-04 05:27:36,156 [dl_trainer.py:635] INFO Epoch 40, avg train acc: 62.390625, lr: 0.100000, avg loss: 1.043345
2022-08-04 05:27:38,043 [dist_trainer.py:90] WARNING Time per iteration including communication: 0.122717, Speed: 2086.097449 images/s
2022-08-04 05:27:39,173 [dl_trainer.py:634] INFO train iter: 1025, num_batches_per_epoch: 25
2022-08-04 05:27:39,174 [dl_trainer.py:635] INFO Epoch 41, avg train acc: 62.984375, lr: 0.100000, avg loss: 1.031065
2022-08-04 05:27:41,054 [dist_trainer.py:90] WARNING Time per iteration including communication: 0.125457, Speed: 2040.534636 images/s
2022-08-04 05:27:41,687 [dl_trainer.py:731] WARNING [ 41][ 1040/   25][rank:6] loss: 1.007, average forward (0.009216) and backward (0.026450) time: 0.050615, iotime: 0.014574 
2022-08-04 05:27:42,170 [dl_trainer.py:634] INFO train iter: 1050, num_batches_per_epoch: 25
2022-08-04 05:27:42,171 [dl_trainer.py:635] INFO Epoch 42, avg train acc: 63.437500, lr: 0.100000, avg loss: 1.003150
2022-08-04 05:27:44,035 [dist_trainer.py:90] WARNING Time per iteration including communication: 0.124158, Speed: 2061.881873 images/s
2022-08-04 05:27:45,210 [dl_trainer.py:634] INFO train iter: 1075, num_batches_per_epoch: 25
2022-08-04 05:27:45,211 [dl_trainer.py:635] INFO Epoch 43, avg train acc: 65.234375, lr: 0.100000, avg loss: 0.965033
2022-08-04 05:27:46,996 [dl_trainer.py:731] WARNING [ 43][ 1080/   25][rank:6] loss: 0.967, average forward (0.009043) and backward (0.026024) time: 0.043708, iotime: 0.008375 
2022-08-04 05:27:47,009 [dist_trainer.py:90] WARNING Time per iteration including communication: 0.123894, Speed: 2066.280876 images/s
2022-08-04 05:27:48,261 [dl_trainer.py:634] INFO train iter: 1100, num_batches_per_epoch: 25
2022-08-04 05:27:48,262 [dl_trainer.py:635] INFO Epoch 44, avg train acc: 66.234375, lr: 0.100000, avg loss: 0.948217
2022-08-04 05:27:50,045 [dist_trainer.py:90] WARNING Time per iteration including communication: 0.126487, Speed: 2023.928227 images/s
2022-08-04 05:27:51,031 [dl_trainer.py:731] WARNING [ 44][ 1120/   25][rank:6] loss: 0.890, average forward (0.009736) and backward (0.025872) time: 0.050641, iotime: 0.014033 
2022-08-04 05:27:51,278 [dl_trainer.py:634] INFO train iter: 1125, num_batches_per_epoch: 25
2022-08-04 05:27:51,278 [dl_trainer.py:635] INFO Epoch 45, avg train acc: 65.734375, lr: 0.100000, avg loss: 0.950913
2022-08-04 05:27:53,003 [dist_trainer.py:90] WARNING Time per iteration including communication: 0.123220, Speed: 2077.585533 images/s
2022-08-04 05:27:54,379 [dl_trainer.py:634] INFO train iter: 1150, num_batches_per_epoch: 25
2022-08-04 05:27:54,380 [dl_trainer.py:635] INFO Epoch 46, avg train acc: 65.500000, lr: 0.100000, avg loss: 0.962945
2022-08-04 05:27:56,291 [dist_trainer.py:90] WARNING Time per iteration including communication: 0.137011, Speed: 1868.467295 images/s
2022-08-04 05:27:56,998 [dl_trainer.py:731] WARNING [ 46][ 1160/   25][rank:6] loss: 0.853, average forward (0.009135) and backward (0.027185) time: 0.051403, iotime: 0.014610 
2022-08-04 05:27:57,698 [dl_trainer.py:634] INFO train iter: 1175, num_batches_per_epoch: 25
2022-08-04 05:27:57,699 [dl_trainer.py:635] INFO Epoch 47, avg train acc: 66.062500, lr: 0.100000, avg loss: 0.946546
2022-08-04 05:27:59,304 [dist_trainer.py:90] WARNING Time per iteration including communication: 0.125538, Speed: 2039.218319 images/s
2022-08-04 05:28:00,822 [dl_trainer.py:731] WARNING [ 47][ 1200/   25][rank:6] loss: 0.869, average forward (0.008585) and backward (0.026948) time: 0.044051, iotime: 0.008249 
2022-08-04 05:28:00,833 [dist_trainer.py:90] WARNING Time per iteration including communication: 0.063670, Speed: 4020.730052 images/s
2022-08-04 05:28:00,834 [dl_trainer.py:634] INFO train iter: 1200, num_batches_per_epoch: 25
2022-08-04 05:28:00,834 [dl_trainer.py:635] INFO Epoch 48, avg train acc: 66.546875, lr: 0.100000, avg loss: 0.926618
2022-08-04 05:28:04,015 [dist_trainer.py:90] WARNING Time per iteration including communication: 0.132536, Speed: 1931.545837 images/s
2022-08-04 05:28:04,325 [dl_trainer.py:634] INFO train iter: 1225, num_batches_per_epoch: 25
2022-08-04 05:28:04,326 [dl_trainer.py:635] INFO Epoch 49, avg train acc: 67.375000, lr: 0.100000, avg loss: 0.913703
2022-08-04 05:28:06,590 [dl_trainer.py:731] WARNING [ 49][ 1240/   25][rank:6] loss: 0.870, average forward (0.010050) and backward (0.025521) time: 0.049736, iotime: 0.013871 
2022-08-04 05:28:06,973 [dist_trainer.py:90] WARNING Time per iteration including communication: 0.123242, Speed: 2077.216771 images/s
2022-08-04 05:28:07,365 [dl_trainer.py:634] INFO train iter: 1250, num_batches_per_epoch: 25
2022-08-04 05:28:07,366 [dl_trainer.py:635] INFO Epoch 50, avg train acc: 68.609375, lr: 0.100000, avg loss: 0.877677
2022-08-04 05:28:10,089 [dist_trainer.py:90] WARNING Time per iteration including communication: 0.129827, Speed: 1971.854360 images/s
2022-08-04 05:28:10,553 [dl_trainer.py:634] INFO train iter: 1275, num_batches_per_epoch: 25
2022-08-04 05:28:10,553 [dl_trainer.py:635] INFO Epoch 51, avg train acc: 69.625000, lr: 0.100000, avg loss: 0.857330
2022-08-04 05:28:12,366 [dl_trainer.py:731] WARNING [ 51][ 1280/   25][rank:6] loss: 0.915, average forward (0.009711) and backward (0.026278) time: 0.050579, iotime: 0.014281 
2022-08-04 05:28:13,239 [dist_trainer.py:90] WARNING Time per iteration including communication: 0.131216, Speed: 1950.981447 images/s
2022-08-04 05:28:13,781 [dl_trainer.py:634] INFO train iter: 1300, num_batches_per_epoch: 25
2022-08-04 05:28:13,782 [dl_trainer.py:635] INFO Epoch 52, avg train acc: 69.390625, lr: 0.100000, avg loss: 0.854741
2022-08-04 05:28:16,331 [dl_trainer.py:731] WARNING [ 52][ 1320/   25][rank:6] loss: 0.821, average forward (0.009180) and backward (0.026799) time: 0.044731, iotime: 0.008386 
2022-08-04 05:28:16,339 [dist_trainer.py:90] WARNING Time per iteration including communication: 0.129114, Speed: 1982.741308 images/s
2022-08-04 05:28:16,873 [dl_trainer.py:634] INFO train iter: 1325, num_batches_per_epoch: 25
2022-08-04 05:28:16,873 [dl_trainer.py:635] INFO Epoch 53, avg train acc: 69.171875, lr: 0.100000, avg loss: 0.871867
2022-08-04 05:28:19,349 [dist_trainer.py:90] WARNING Time per iteration including communication: 0.125398, Speed: 2041.495820 images/s
2022-08-04 05:28:19,958 [dl_trainer.py:634] INFO train iter: 1350, num_batches_per_epoch: 25
2022-08-04 05:28:19,958 [dl_trainer.py:635] INFO Epoch 54, avg train acc: 69.421875, lr: 0.100000, avg loss: 0.865939
2022-08-04 05:28:21,987 [dl_trainer.py:731] WARNING [ 54][ 1360/   25][rank:6] loss: 0.747, average forward (0.009582) and backward (0.026080) time: 0.049331, iotime: 0.013371 
2022-08-04 05:28:22,422 [dist_trainer.py:90] WARNING Time per iteration including communication: 0.128028, Speed: 1999.556461 images/s
2022-08-04 05:28:23,111 [dl_trainer.py:634] INFO train iter: 1375, num_batches_per_epoch: 25
2022-08-04 05:28:23,112 [dl_trainer.py:635] INFO Epoch 55, avg train acc: 69.312500, lr: 0.100000, avg loss: 0.861074
2022-08-04 05:28:25,460 [dist_trainer.py:90] WARNING Time per iteration including communication: 0.126569, Speed: 2022.604506 images/s
2022-08-04 05:28:26,130 [dl_trainer.py:731] WARNING [ 55][ 1400/   25][rank:6] loss: 0.904, average forward (0.010058) and backward (0.025825) time: 0.049986, iotime: 0.013832 
2022-08-04 05:28:26,134 [dl_trainer.py:634] INFO train iter: 1400, num_batches_per_epoch: 25
2022-08-04 05:28:26,135 [dl_trainer.py:635] INFO Epoch 56, avg train acc: 70.187500, lr: 0.100000, avg loss: 0.834463
2022-08-04 05:28:28,487 [dist_trainer.py:90] WARNING Time per iteration including communication: 0.126122, Speed: 2029.780244 images/s
2022-08-04 05:28:29,206 [dl_trainer.py:634] INFO train iter: 1425, num_batches_per_epoch: 25
2022-08-04 05:28:29,207 [dl_trainer.py:635] INFO Epoch 57, avg train acc: 70.984375, lr: 0.100000, avg loss: 0.815766
2022-08-04 05:28:31,467 [dl_trainer.py:731] WARNING [ 57][ 1440/   25][rank:6] loss: 0.783, average forward (0.009464) and backward (0.026218) time: 0.044482, iotime: 0.008502 
2022-08-04 05:28:31,474 [dist_trainer.py:90] WARNING Time per iteration including communication: 0.124404, Speed: 2057.818166 images/s
2022-08-04 05:28:32,273 [dl_trainer.py:634] INFO train iter: 1450, num_batches_per_epoch: 25
2022-08-04 05:28:32,273 [dl_trainer.py:635] INFO Epoch 58, avg train acc: 70.953125, lr: 0.100000, avg loss: 0.811155
2022-08-04 05:28:34,488 [dist_trainer.py:90] WARNING Time per iteration including communication: 0.125591, Speed: 2038.356174 images/s
2022-08-04 05:28:35,382 [dl_trainer.py:634] INFO train iter: 1475, num_batches_per_epoch: 25
2022-08-04 05:28:35,383 [dl_trainer.py:635] INFO Epoch 59, avg train acc: 72.750000, lr: 0.100000, avg loss: 0.765866
2022-08-04 05:28:37,206 [dl_trainer.py:731] WARNING [ 59][ 1480/   25][rank:6] loss: 0.725, average forward (0.008891) and backward (0.026550) time: 0.049161, iotime: 0.013422 
2022-08-04 05:28:37,634 [dist_trainer.py:90] WARNING Time per iteration including communication: 0.131063, Speed: 1953.260388 images/s
2022-08-04 05:28:38,569 [dl_trainer.py:634] INFO train iter: 1500, num_batches_per_epoch: 25
2022-08-04 05:28:38,569 [dl_trainer.py:635] INFO Epoch 60, avg train acc: 73.593750, lr: 0.100000, avg loss: 0.754519
2022-08-04 05:28:40,730 [dist_trainer.py:90] WARNING Time per iteration including communication: 0.128949, Speed: 1985.288092 images/s
2022-08-04 05:28:41,491 [dl_trainer.py:731] WARNING [ 60][ 1520/   25][rank:6] loss: 0.795, average forward (0.010865) and backward (0.026705) time: 0.051808, iotime: 0.013935 
2022-08-04 05:28:41,748 [dl_trainer.py:634] INFO train iter: 1525, num_batches_per_epoch: 25
2022-08-04 05:28:41,748 [dl_trainer.py:635] INFO Epoch 61, avg train acc: 73.687500, lr: 0.100000, avg loss: 0.741635
2022-08-04 05:28:43,804 [dist_trainer.py:90] WARNING Time per iteration including communication: 0.128065, Speed: 1998.988612 images/s
2022-08-04 05:28:44,802 [dl_trainer.py:634] INFO train iter: 1550, num_batches_per_epoch: 25
2022-08-04 05:28:44,803 [dl_trainer.py:635] INFO Epoch 62, avg train acc: 73.484375, lr: 0.100000, avg loss: 0.736628
2022-08-04 05:28:46,879 [dl_trainer.py:731] WARNING [ 62][ 1560/   25][rank:6] loss: 0.789, average forward (0.009481) and backward (0.026248) time: 0.044220, iotime: 0.008181 
2022-08-04 05:28:46,893 [dist_trainer.py:90] WARNING Time per iteration including communication: 0.128707, Speed: 1989.014089 images/s
2022-08-04 05:28:47,952 [dl_trainer.py:634] INFO train iter: 1575, num_batches_per_epoch: 25
2022-08-04 05:28:47,953 [dl_trainer.py:635] INFO Epoch 63, avg train acc: 73.140625, lr: 0.100000, avg loss: 0.759517
2022-08-04 05:28:49,972 [dist_trainer.py:90] WARNING Time per iteration including communication: 0.128237, Speed: 1996.298629 images/s
2022-08-04 05:28:51,088 [dl_trainer.py:731] WARNING [ 63][ 1600/   25][rank:6] loss: 0.730, average forward (0.009081) and backward (0.025262) time: 0.049176, iotime: 0.014554 
2022-08-04 05:28:51,097 [dl_trainer.py:634] INFO train iter: 1600, num_batches_per_epoch: 25
2022-08-04 05:28:51,097 [dl_trainer.py:635] INFO Epoch 64, avg train acc: 73.187500, lr: 0.100000, avg loss: 0.747806
2022-08-04 05:28:53,096 [dist_trainer.py:90] WARNING Time per iteration including communication: 0.130159, Speed: 1966.819028 images/s
2022-08-04 05:28:54,153 [dl_trainer.py:634] INFO train iter: 1625, num_batches_per_epoch: 25
2022-08-04 05:28:54,153 [dl_trainer.py:635] INFO Epoch 65, avg train acc: 74.500000, lr: 0.100000, avg loss: 0.718349
2022-08-04 05:28:56,018 [dist_trainer.py:90] WARNING Time per iteration including communication: 0.121681, Speed: 2103.869727 images/s
2022-08-04 05:28:56,655 [dl_trainer.py:731] WARNING [ 65][ 1640/   25][rank:6] loss: 0.877, average forward (0.009823) and backward (0.026567) time: 0.052057, iotime: 0.015217 
2022-08-04 05:28:57,129 [dl_trainer.py:634] INFO train iter: 1650, num_batches_per_epoch: 25
2022-08-04 05:28:57,130 [dl_trainer.py:635] INFO Epoch 66, avg train acc: 73.671875, lr: 0.100000, avg loss: 0.739657
2022-08-04 05:28:59,003 [dist_trainer.py:90] WARNING Time per iteration including communication: 0.124299, Speed: 2059.555064 images/s
2022-08-04 05:29:00,162 [dl_trainer.py:634] INFO train iter: 1675, num_batches_per_epoch: 25
2022-08-04 05:29:00,163 [dl_trainer.py:635] INFO Epoch 67, avg train acc: 74.828125, lr: 0.100000, avg loss: 0.706963
2022-08-04 05:29:01,913 [dl_trainer.py:731] WARNING [ 67][ 1680/   25][rank:6] loss: 0.675, average forward (0.008850) and backward (0.026016) time: 0.043617, iotime: 0.008108 
2022-08-04 05:29:01,925 [dist_trainer.py:90] WARNING Time per iteration including communication: 0.121730, Speed: 2103.009724 images/s
2022-08-04 05:29:03,155 [dl_trainer.py:634] INFO train iter: 1700, num_batches_per_epoch: 25
2022-08-04 05:29:03,155 [dl_trainer.py:635] INFO Epoch 68, avg train acc: 74.578125, lr: 0.100000, avg loss: 0.724514
2022-08-04 05:29:04,881 [dist_trainer.py:90] WARNING Time per iteration including communication: 0.123125, Speed: 2079.188877 images/s
2022-08-04 05:29:05,953 [dl_trainer.py:731] WARNING [ 68][ 1720/   25][rank:6] loss: 0.700, average forward (0.010748) and backward (0.026302) time: 0.051485, iotime: 0.014037 
2022-08-04 05:29:06,198 [dl_trainer.py:634] INFO train iter: 1725, num_batches_per_epoch: 25
2022-08-04 05:29:06,199 [dl_trainer.py:635] INFO Epoch 69, avg train acc: 76.296875, lr: 0.100000, avg loss: 0.684781
2022-08-04 05:29:07,851 [dist_trainer.py:90] WARNING Time per iteration including communication: 0.123728, Speed: 2069.057074 images/s
2022-08-04 05:29:09,175 [dl_trainer.py:634] INFO train iter: 1750, num_batches_per_epoch: 25
2022-08-04 05:29:09,176 [dl_trainer.py:635] INFO Epoch 70, avg train acc: 75.468750, lr: 0.100000, avg loss: 0.692829
2022-08-04 05:29:10,799 [dist_trainer.py:90] WARNING Time per iteration including communication: 0.122813, Speed: 2084.467756 images/s
2022-08-04 05:29:11,445 [dl_trainer.py:731] WARNING [ 70][ 1760/   25][rank:6] loss: 0.697, average forward (0.009284) and backward (0.025847) time: 0.049538, iotime: 0.014083 
2022-08-04 05:29:12,186 [dl_trainer.py:634] INFO train iter: 1775, num_batches_per_epoch: 25
2022-08-04 05:29:12,186 [dl_trainer.py:635] INFO Epoch 71, avg train acc: 76.578125, lr: 0.100000, avg loss: 0.661125
2022-08-04 05:29:13,717 [dist_trainer.py:90] WARNING Time per iteration including communication: 0.121580, Speed: 2105.611459 images/s
2022-08-04 05:29:15,180 [dl_trainer.py:731] WARNING [ 71][ 1800/   25][rank:6] loss: 0.686, average forward (0.009564) and backward (0.025728) time: 0.043914, iotime: 0.008353 
2022-08-04 05:29:15,201 [dist_trainer.py:90] WARNING Time per iteration including communication: 0.061785, Speed: 4143.373683 images/s
2022-08-04 05:29:15,201 [dl_trainer.py:634] INFO train iter: 1800, num_batches_per_epoch: 25
2022-08-04 05:29:15,201 [dl_trainer.py:635] INFO Epoch 72, avg train acc: 77.765625, lr: 0.100000, avg loss: 0.624585
2022-08-04 05:29:18,247 [dist_trainer.py:90] WARNING Time per iteration including communication: 0.126896, Speed: 2017.393697 images/s
2022-08-04 05:29:18,537 [dl_trainer.py:634] INFO train iter: 1825, num_batches_per_epoch: 25
2022-08-04 05:29:18,538 [dl_trainer.py:635] INFO Epoch 73, avg train acc: 78.156250, lr: 0.100000, avg loss: 0.625205
2022-08-04 05:29:20,921 [dl_trainer.py:731] WARNING [ 73][ 1840/   25][rank:6] loss: 0.687, average forward (0.009638) and backward (0.027591) time: 0.051429, iotime: 0.013911 
2022-08-04 05:29:21,341 [dist_trainer.py:90] WARNING Time per iteration including communication: 0.128876, Speed: 1986.402159 images/s
2022-08-04 05:29:21,700 [dl_trainer.py:634] INFO train iter: 1850, num_batches_per_epoch: 25
2022-08-04 05:29:21,701 [dl_trainer.py:635] INFO Epoch 74, avg train acc: 77.937500, lr: 0.100000, avg loss: 0.620964
2022-08-04 05:29:24,363 [dist_trainer.py:90] WARNING Time per iteration including communication: 0.125913, Speed: 2033.145156 images/s
2022-08-04 05:29:24,777 [dl_trainer.py:634] INFO train iter: 1875, num_batches_per_epoch: 25
2022-08-04 05:29:24,778 [dl_trainer.py:635] INFO Epoch 75, avg train acc: 78.281250, lr: 0.100000, avg loss: 0.614682
2022-08-04 05:29:26,528 [dl_trainer.py:731] WARNING [ 75][ 1880/   25][rank:6] loss: 0.658, average forward (0.009690) and backward (0.025532) time: 0.049706, iotime: 0.013982 
2022-08-04 05:29:27,328 [dist_trainer.py:90] WARNING Time per iteration including communication: 0.123531, Speed: 2072.348578 images/s
2022-08-04 05:29:27,807 [dl_trainer.py:634] INFO train iter: 1900, num_batches_per_epoch: 25
2022-08-04 05:29:27,808 [dl_trainer.py:635] INFO Epoch 76, avg train acc: 78.625000, lr: 0.100000, avg loss: 0.615645
2022-08-04 05:29:30,353 [dl_trainer.py:731] WARNING [ 76][ 1920/   25][rank:6] loss: 0.607, average forward (0.009460) and backward (0.025062) time: 0.043328, iotime: 0.008517 
2022-08-04 05:29:30,364 [dist_trainer.py:90] WARNING Time per iteration including communication: 0.126473, Speed: 2024.155243 images/s
2022-08-04 05:29:30,880 [dl_trainer.py:634] INFO train iter: 1925, num_batches_per_epoch: 25
2022-08-04 05:29:30,880 [dl_trainer.py:635] INFO Epoch 77, avg train acc: 78.531250, lr: 0.100000, avg loss: 0.596703
2022-08-04 05:29:33,287 [dist_trainer.py:90] WARNING Time per iteration including communication: 0.121783, Speed: 2102.096923 images/s
2022-08-04 05:29:33,829 [dl_trainer.py:634] INFO train iter: 1950, num_batches_per_epoch: 25
2022-08-04 05:29:33,829 [dl_trainer.py:635] INFO Epoch 78, avg train acc: 79.390625, lr: 0.100000, avg loss: 0.606880
2022-08-04 05:29:35,843 [dl_trainer.py:731] WARNING [ 78][ 1960/   25][rank:6] loss: 0.480, average forward (0.009904) and backward (0.025200) time: 0.049197, iotime: 0.013554 
2022-08-04 05:29:36,257 [dist_trainer.py:90] WARNING Time per iteration including communication: 0.123704, Speed: 2069.464326 images/s
2022-08-04 05:29:36,847 [dl_trainer.py:634] INFO train iter: 1975, num_batches_per_epoch: 25
2022-08-04 05:29:36,848 [dl_trainer.py:635] INFO Epoch 79, avg train acc: 79.125000, lr: 0.100000, avg loss: 0.591839
2022-08-04 05:29:39,356 [dist_trainer.py:90] WARNING Time per iteration including communication: 0.129112, Speed: 1982.771361 images/s
2022-08-04 05:29:40,027 [dl_trainer.py:731] WARNING [ 79][ 2000/   25][rank:6] loss: 0.599, average forward (0.009605) and backward (0.026461) time: 0.049965, iotime: 0.013634 
2022-08-04 05:29:40,032 [dl_trainer.py:634] INFO train iter: 2000, num_batches_per_epoch: 25
2022-08-04 05:29:40,032 [dl_trainer.py:635] INFO Epoch 80, avg train acc: 78.468750, lr: 0.100000, avg loss: 0.608916
2022-08-04 05:29:42,356 [dist_trainer.py:90] WARNING Time per iteration including communication: 0.125016, Speed: 2047.742708 images/s
2022-08-04 05:29:43,058 [dl_trainer.py:634] INFO train iter: 2025, num_batches_per_epoch: 25
2022-08-04 05:29:43,059 [dl_trainer.py:635] INFO Epoch 81, avg train acc: 79.187500, lr: 0.100000, avg loss: 0.588325
2022-08-04 05:29:45,298 [dl_trainer.py:731] WARNING [ 81][ 2040/   25][rank:6] loss: 0.673, average forward (0.009452) and backward (0.027259) time: 0.045196, iotime: 0.008199 
2022-08-04 05:29:45,308 [dist_trainer.py:90] WARNING Time per iteration including communication: 0.122966, Speed: 2081.872903 images/s
2022-08-04 05:29:46,036 [dl_trainer.py:634] INFO train iter: 2050, num_batches_per_epoch: 25
2022-08-04 05:29:46,036 [dl_trainer.py:635] INFO Epoch 82, avg train acc: 80.109375, lr: 0.010000, avg loss: 0.560270
2022-08-04 05:29:48,290 [dist_trainer.py:90] WARNING Time per iteration including communication: 0.124220, Speed: 2060.855748 images/s
2022-08-04 05:29:49,079 [dl_trainer.py:634] INFO train iter: 2075, num_batches_per_epoch: 25
2022-08-04 05:29:49,079 [dl_trainer.py:635] INFO Epoch 83, avg train acc: 82.171875, lr: 0.010000, avg loss: 0.516938
2022-08-04 05:29:50,838 [dl_trainer.py:731] WARNING [ 83][ 2080/   25][rank:6] loss: 0.541, average forward (0.009070) and backward (0.025585) time: 0.049476, iotime: 0.014520 
2022-08-04 05:29:51,258 [dist_trainer.py:90] WARNING Time per iteration including communication: 0.123646, Speed: 2070.430340 images/s
2022-08-04 05:29:52,112 [dl_trainer.py:634] INFO train iter: 2100, num_batches_per_epoch: 25
2022-08-04 05:29:52,113 [dl_trainer.py:635] INFO Epoch 84, avg train acc: 83.187500, lr: 0.010000, avg loss: 0.502800
2022-08-04 05:29:54,239 [dist_trainer.py:90] WARNING Time per iteration including communication: 0.124195, Speed: 2061.266372 images/s
2022-08-04 05:29:54,855 [dl_trainer.py:731] WARNING [ 84][ 2120/   25][rank:6] loss: 0.474, average forward (0.009802) and backward (0.026865) time: 0.050389, iotime: 0.013455 
2022-08-04 05:29:55,116 [dl_trainer.py:634] INFO train iter: 2125, num_batches_per_epoch: 25
2022-08-04 05:29:55,116 [dl_trainer.py:635] INFO Epoch 85, avg train acc: 82.828125, lr: 0.010000, avg loss: 0.490259
2022-08-04 05:29:57,181 [dist_trainer.py:90] WARNING Time per iteration including communication: 0.122543, Speed: 2089.070791 images/s
2022-08-04 05:29:58,169 [dl_trainer.py:634] INFO train iter: 2150, num_batches_per_epoch: 25
2022-08-04 05:29:58,170 [dl_trainer.py:635] INFO Epoch 86, avg train acc: 82.562500, lr: 0.010000, avg loss: 0.498525
2022-08-04 05:30:00,158 [dl_trainer.py:731] WARNING [ 86][ 2160/   25][rank:6] loss: 0.511, average forward (0.009346) and backward (0.025907) time: 0.043811, iotime: 0.008287 
2022-08-04 05:30:00,171 [dist_trainer.py:90] WARNING Time per iteration including communication: 0.124596, Speed: 2054.637327 images/s
2022-08-04 05:30:01,216 [dl_trainer.py:634] INFO train iter: 2175, num_batches_per_epoch: 25
2022-08-04 05:30:01,216 [dl_trainer.py:635] INFO Epoch 87, avg train acc: 81.875000, lr: 0.010000, avg loss: 0.506002
2022-08-04 05:30:03,180 [dist_trainer.py:90] WARNING Time per iteration including communication: 0.125357, Speed: 2042.173201 images/s
2022-08-04 05:30:04,249 [dl_trainer.py:731] WARNING [ 87][ 2200/   25][rank:6] loss: 0.451, average forward (0.009490) and backward (0.025947) time: 0.049694, iotime: 0.013878 
2022-08-04 05:30:04,274 [dl_trainer.py:634] INFO train iter: 2200, num_batches_per_epoch: 25
2022-08-04 05:30:04,274 [dl_trainer.py:635] INFO Epoch 88, avg train acc: 83.515625, lr: 0.010000, avg loss: 0.482287
2022-08-04 05:30:06,224 [dist_trainer.py:90] WARNING Time per iteration including communication: 0.126808, Speed: 2018.805491 images/s
2022-08-04 05:30:07,287 [dl_trainer.py:634] INFO train iter: 2225, num_batches_per_epoch: 25
2022-08-04 05:30:07,287 [dl_trainer.py:635] INFO Epoch 89, avg train acc: 82.640625, lr: 0.010000, avg loss: 0.501065
2022-08-04 05:30:09,120 [dist_trainer.py:90] WARNING Time per iteration including communication: 0.120653, Speed: 2121.791581 images/s
2022-08-04 05:30:09,796 [dl_trainer.py:731] WARNING [ 89][ 2240/   25][rank:6] loss: 0.479, average forward (0.009289) and backward (0.025756) time: 0.049712, iotime: 0.014370 
2022-08-04 05:30:10,296 [dl_trainer.py:634] INFO train iter: 2250, num_batches_per_epoch: 25
2022-08-04 05:30:10,296 [dl_trainer.py:635] INFO Epoch 90, avg train acc: 83.015625, lr: 0.010000, avg loss: 0.475444
2022-08-04 05:30:12,116 [dist_trainer.py:90] WARNING Time per iteration including communication: 0.124825, Speed: 2050.873655 images/s
2022-08-04 05:30:13,307 [dl_trainer.py:634] INFO train iter: 2275, num_batches_per_epoch: 25
2022-08-04 05:30:13,308 [dl_trainer.py:635] INFO Epoch 91, avg train acc: 82.984375, lr: 0.010000, avg loss: 0.479821
2022-08-04 05:30:15,086 [dl_trainer.py:731] WARNING [ 91][ 2280/   25][rank:6] loss: 0.408, average forward (0.009483) and backward (0.026254) time: 0.044263, iotime: 0.008235 
2022-08-04 05:30:15,097 [dist_trainer.py:90] WARNING Time per iteration including communication: 0.124172, Speed: 2061.655718 images/s
2022-08-04 05:30:16,327 [dl_trainer.py:634] INFO train iter: 2300, num_batches_per_epoch: 25
2022-08-04 05:30:16,327 [dl_trainer.py:635] INFO Epoch 92, avg train acc: 84.093750, lr: 0.010000, avg loss: 0.464321
2022-08-04 05:30:18,081 [dist_trainer.py:90] WARNING Time per iteration including communication: 0.124331, Speed: 2059.018600 images/s
2022-08-04 05:30:19,087 [dl_trainer.py:731] WARNING [ 92][ 2320/   25][rank:6] loss: 0.475, average forward (0.009098) and backward (0.025743) time: 0.048836, iotime: 0.013709 
2022-08-04 05:30:19,352 [dl_trainer.py:634] INFO train iter: 2325, num_batches_per_epoch: 25
2022-08-04 05:30:19,352 [dl_trainer.py:635] INFO Epoch 93, avg train acc: 83.828125, lr: 0.010000, avg loss: 0.477442
2022-08-04 05:30:21,005 [dist_trainer.py:90] WARNING Time per iteration including communication: 0.121825, Speed: 2101.381269 images/s
2022-08-04 05:30:22,310 [dl_trainer.py:634] INFO train iter: 2350, num_batches_per_epoch: 25
2022-08-04 05:30:22,311 [dl_trainer.py:635] INFO Epoch 94, avg train acc: 83.703125, lr: 0.010000, avg loss: 0.469714
2022-08-04 05:30:23,932 [dist_trainer.py:90] WARNING Time per iteration including communication: 0.121933, Speed: 2099.508137 images/s
2022-08-04 05:30:24,598 [dl_trainer.py:731] WARNING [ 94][ 2360/   25][rank:6] loss: 0.522, average forward (0.009537) and backward (0.025462) time: 0.049352, iotime: 0.014031 
2022-08-04 05:30:25,316 [dl_trainer.py:634] INFO train iter: 2375, num_batches_per_epoch: 25
2022-08-04 05:30:25,317 [dl_trainer.py:635] INFO Epoch 95, avg train acc: 84.109375, lr: 0.010000, avg loss: 0.470771
2022-08-04 05:30:26,895 [dist_trainer.py:90] WARNING Time per iteration including communication: 0.123428, Speed: 2074.081222 images/s
2022-08-04 05:30:28,343 [dl_trainer.py:731] WARNING [ 95][ 2400/   25][rank:6] loss: 0.493, average forward (0.009872) and backward (0.025200) time: 0.044531, iotime: 0.009154 
2022-08-04 05:30:28,355 [dist_trainer.py:90] WARNING Time per iteration including communication: 0.060824, Speed: 4208.872013 images/s
2022-08-04 05:30:28,356 [dl_trainer.py:634] INFO train iter: 2400, num_batches_per_epoch: 25
2022-08-04 05:30:28,356 [dl_trainer.py:635] INFO Epoch 96, avg train acc: 83.484375, lr: 0.010000, avg loss: 0.486561
2022-08-04 05:30:31,355 [dist_trainer.py:90] WARNING Time per iteration including communication: 0.124963, Speed: 2048.604182 images/s
2022-08-04 05:30:31,670 [dl_trainer.py:634] INFO train iter: 2425, num_batches_per_epoch: 25
2022-08-04 05:30:31,670 [dl_trainer.py:635] INFO Epoch 97, avg train acc: 83.140625, lr: 0.010000, avg loss: 0.487776
2022-08-04 05:30:33,925 [dl_trainer.py:731] WARNING [ 97][ 2440/   25][rank:6] loss: 0.435, average forward (0.009672) and backward (0.025045) time: 0.048640, iotime: 0.013616 
2022-08-04 05:30:34,397 [dist_trainer.py:90] WARNING Time per iteration including communication: 0.126716, Speed: 2020.264242 images/s
2022-08-04 05:30:34,761 [dl_trainer.py:634] INFO train iter: 2450, num_batches_per_epoch: 25
2022-08-04 05:30:34,761 [dl_trainer.py:635] INFO Epoch 98, avg train acc: 83.656250, lr: 0.010000, avg loss: 0.470767
2022-08-04 05:30:37,535 [dist_trainer.py:90] WARNING Time per iteration including communication: 0.130756, Speed: 1957.850045 images/s
2022-08-04 05:30:37,945 [dl_trainer.py:634] INFO train iter: 2475, num_batches_per_epoch: 25
2022-08-04 05:30:37,946 [dl_trainer.py:635] INFO Epoch 99, avg train acc: 83.875000, lr: 0.010000, avg loss: 0.463720
2022-08-04 05:30:39,914 [dl_trainer.py:731] WARNING [ 99][ 2480/   25][rank:6] loss: 0.437, average forward (0.009583) and backward (0.027235) time: 0.051206, iotime: 0.013514 
2022-08-04 05:30:40,746 [dist_trainer.py:90] WARNING Time per iteration including communication: 0.133763, Speed: 1913.832882 images/s
2022-08-04 05:30:41,197 [dl_trainer.py:634] INFO train iter: 2500, num_batches_per_epoch: 25
2022-08-04 05:30:41,198 [dl_trainer.py:635] INFO Epoch 100, avg train acc: 84.359375, lr: 0.010000, avg loss: 0.443221
2022-08-04 05:30:43,711 [dl_trainer.py:731] WARNING [100][ 2520/   25][rank:6] loss: 0.408, average forward (0.009516) and backward (0.025329) time: 0.043758, iotime: 0.008348 
2022-08-04 05:30:43,721 [dist_trainer.py:90] WARNING Time per iteration including communication: 0.123933, Speed: 2065.628307 images/s
2022-08-04 05:30:44,215 [dl_trainer.py:634] INFO train iter: 2525, num_batches_per_epoch: 25
2022-08-04 05:30:44,216 [dl_trainer.py:635] INFO Epoch 101, avg train acc: 83.968750, lr: 0.010000, avg loss: 0.468262
2022-08-04 05:30:46,661 [dist_trainer.py:90] WARNING Time per iteration including communication: 0.122486, Speed: 2090.040623 images/s
2022-08-04 05:30:47,203 [dl_trainer.py:634] INFO train iter: 2550, num_batches_per_epoch: 25
2022-08-04 05:30:47,203 [dl_trainer.py:635] INFO Epoch 102, avg train acc: 83.968750, lr: 0.010000, avg loss: 0.468191
2022-08-04 05:30:49,269 [dl_trainer.py:731] WARNING [102][ 2560/   25][rank:6] loss: 0.378, average forward (0.010022) and backward (0.025735) time: 0.049767, iotime: 0.013467 
2022-08-04 05:30:49,676 [dist_trainer.py:90] WARNING Time per iteration including communication: 0.125591, Speed: 2038.365686 images/s
2022-08-04 05:30:50,268 [dl_trainer.py:634] INFO train iter: 2575, num_batches_per_epoch: 25
2022-08-04 05:30:50,269 [dl_trainer.py:635] INFO Epoch 103, avg train acc: 83.703125, lr: 0.010000, avg loss: 0.462218
2022-08-04 05:30:52,605 [dist_trainer.py:90] WARNING Time per iteration including communication: 0.122010, Speed: 2098.194438 images/s
2022-08-04 05:30:53,231 [dl_trainer.py:731] WARNING [103][ 2600/   25][rank:6] loss: 0.537, average forward (0.010549) and backward (0.025623) time: 0.050205, iotime: 0.013750 
2022-08-04 05:30:53,257 [dl_trainer.py:634] INFO train iter: 2600, num_batches_per_epoch: 25
2022-08-04 05:30:53,257 [dl_trainer.py:635] INFO Epoch 104, avg train acc: 84.328125, lr: 0.010000, avg loss: 0.456621
2022-08-04 05:30:55,544 [dist_trainer.py:90] WARNING Time per iteration including communication: 0.122431, Speed: 2090.975896 images/s
2022-08-04 05:30:56,234 [dl_trainer.py:634] INFO train iter: 2625, num_batches_per_epoch: 25
2022-08-04 05:30:56,235 [dl_trainer.py:635] INFO Epoch 105, avg train acc: 83.828125, lr: 0.010000, avg loss: 0.464013
2022-08-04 05:30:58,464 [dl_trainer.py:731] WARNING [105][ 2640/   25][rank:6] loss: 0.412, average forward (0.009205) and backward (0.026578) time: 0.044078, iotime: 0.007994 
2022-08-04 05:30:58,473 [dist_trainer.py:90] WARNING Time per iteration including communication: 0.122035, Speed: 2097.766068 images/s
2022-08-04 05:30:59,183 [dl_trainer.py:634] INFO train iter: 2650, num_batches_per_epoch: 25
2022-08-04 05:30:59,184 [dl_trainer.py:635] INFO Epoch 106, avg train acc: 84.078125, lr: 0.010000, avg loss: 0.464372
2022-08-04 05:31:01,417 [dist_trainer.py:90] WARNING Time per iteration including communication: 0.122626, Speed: 2087.655952 images/s
2022-08-04 05:31:02,194 [dl_trainer.py:634] INFO train iter: 2675, num_batches_per_epoch: 25
2022-08-04 05:31:02,195 [dl_trainer.py:635] INFO Epoch 107, avg train acc: 83.625000, lr: 0.010000, avg loss: 0.465046
2022-08-04 05:31:03,923 [dl_trainer.py:731] WARNING [107][ 2680/   25][rank:6] loss: 0.472, average forward (0.009625) and backward (0.025594) time: 0.048981, iotime: 0.013461 
2022-08-04 05:31:04,326 [dist_trainer.py:90] WARNING Time per iteration including communication: 0.121189, Speed: 2112.404877 images/s
2022-08-04 05:31:05,184 [dl_trainer.py:634] INFO train iter: 2700, num_batches_per_epoch: 25
2022-08-04 05:31:05,184 [dl_trainer.py:635] INFO Epoch 108, avg train acc: 85.359375, lr: 0.010000, avg loss: 0.442605
2022-08-04 05:31:07,340 [dist_trainer.py:90] WARNING Time per iteration including communication: 0.125561, Speed: 2038.846596 images/s
2022-08-04 05:31:07,969 [dl_trainer.py:731] WARNING [108][ 2720/   25][rank:6] loss: 0.470, average forward (0.009813) and backward (0.025912) time: 0.049716, iotime: 0.013715 
2022-08-04 05:31:08,222 [dl_trainer.py:634] INFO train iter: 2725, num_batches_per_epoch: 25
2022-08-04 05:31:08,223 [dl_trainer.py:635] INFO Epoch 109, avg train acc: 85.343750, lr: 0.010000, avg loss: 0.436925
2022-08-04 05:31:10,300 [dist_trainer.py:90] WARNING Time per iteration including communication: 0.123327, Speed: 2075.786334 images/s
2022-08-04 05:31:11,236 [dl_trainer.py:634] INFO train iter: 2750, num_batches_per_epoch: 25
2022-08-04 05:31:11,236 [dl_trainer.py:635] INFO Epoch 110, avg train acc: 84.484375, lr: 0.010000, avg loss: 0.441031
2022-08-04 05:31:13,264 [dl_trainer.py:731] WARNING [110][ 2760/   25][rank:6] loss: 0.476, average forward (0.009620) and backward (0.026350) time: 0.045370, iotime: 0.009109 
2022-08-04 05:31:13,272 [dist_trainer.py:90] WARNING Time per iteration including communication: 0.123803, Speed: 2067.801934 images/s
2022-08-04 05:31:14,249 [dl_trainer.py:634] INFO train iter: 2775, num_batches_per_epoch: 25
2022-08-04 05:31:14,249 [dl_trainer.py:635] INFO Epoch 111, avg train acc: 83.671875, lr: 0.010000, avg loss: 0.458700
2022-08-04 05:31:16,252 [dist_trainer.py:90] WARNING Time per iteration including communication: 0.124153, Speed: 2061.973438 images/s
2022-08-04 05:31:17,250 [dl_trainer.py:731] WARNING [111][ 2800/   25][rank:6] loss: 0.431, average forward (0.009206) and backward (0.025048) time: 0.048967, iotime: 0.014416 
2022-08-04 05:31:17,276 [dl_trainer.py:634] INFO train iter: 2800, num_batches_per_epoch: 25
2022-08-04 05:31:17,276 [dl_trainer.py:635] INFO Epoch 112, avg train acc: 84.921875, lr: 0.010000, avg loss: 0.448438
2022-08-04 05:31:19,146 [dist_trainer.py:90] WARNING Time per iteration including communication: 0.120561, Speed: 2123.411592 images/s
2022-08-04 05:31:20,238 [dl_trainer.py:634] INFO train iter: 2825, num_batches_per_epoch: 25
2022-08-04 05:31:20,239 [dl_trainer.py:635] INFO Epoch 113, avg train acc: 84.765625, lr: 0.010000, avg loss: 0.435377
2022-08-04 05:31:22,099 [dist_trainer.py:90] WARNING Time per iteration including communication: 0.122997, Speed: 2081.348286 images/s
2022-08-04 05:31:22,751 [dl_trainer.py:731] WARNING [113][ 2840/   25][rank:6] loss: 0.458, average forward (0.009707) and backward (0.025451) time: 0.050145, iotime: 0.014151 
2022-08-04 05:31:23,217 [dl_trainer.py:634] INFO train iter: 2850, num_batches_per_epoch: 25
2022-08-04 05:31:23,217 [dl_trainer.py:635] INFO Epoch 114, avg train acc: 83.828125, lr: 0.010000, avg loss: 0.462482
2022-08-04 05:31:25,028 [dist_trainer.py:90] WARNING Time per iteration including communication: 0.122020, Speed: 2098.016271 images/s
2022-08-04 05:31:26,188 [dl_trainer.py:634] INFO train iter: 2875, num_batches_per_epoch: 25
2022-08-04 05:31:26,188 [dl_trainer.py:635] INFO Epoch 115, avg train acc: 84.796875, lr: 0.010000, avg loss: 0.436550
2022-08-04 05:31:27,922 [dl_trainer.py:731] WARNING [115][ 2880/   25][rank:6] loss: 0.463, average forward (0.010301) and backward (0.025858) time: 0.045184, iotime: 0.008727 
2022-08-04 05:31:27,933 [dist_trainer.py:90] WARNING Time per iteration including communication: 0.121050, Speed: 2114.836216 images/s
2022-08-04 05:31:29,122 [dl_trainer.py:634] INFO train iter: 2900, num_batches_per_epoch: 25
2022-08-04 05:31:29,123 [dl_trainer.py:635] INFO Epoch 116, avg train acc: 83.156250, lr: 0.010000, avg loss: 0.476985
2022-08-04 05:31:30,935 [dist_trainer.py:90] WARNING Time per iteration including communication: 0.125057, Speed: 2047.061953 images/s
2022-08-04 05:31:31,953 [dl_trainer.py:731] WARNING [116][ 2920/   25][rank:6] loss: 0.513, average forward (0.009604) and backward (0.025631) time: 0.049801, iotime: 0.014089 
2022-08-04 05:31:32,202 [dl_trainer.py:634] INFO train iter: 2925, num_batches_per_epoch: 25
2022-08-04 05:31:32,202 [dl_trainer.py:635] INFO Epoch 117, avg train acc: 85.296875, lr: 0.010000, avg loss: 0.417918
2022-08-04 05:31:33,875 [dist_trainer.py:90] WARNING Time per iteration including communication: 0.122490, Speed: 2089.960617 images/s
2022-08-04 05:31:35,207 [dl_trainer.py:634] INFO train iter: 2950, num_batches_per_epoch: 25
2022-08-04 05:31:35,208 [dl_trainer.py:635] INFO Epoch 118, avg train acc: 84.609375, lr: 0.010000, avg loss: 0.451782
2022-08-04 05:31:36,842 [dist_trainer.py:90] WARNING Time per iteration including communication: 0.123569, Speed: 2071.713323 images/s
2022-08-04 05:31:37,470 [dl_trainer.py:731] WARNING [118][ 2960/   25][rank:6] loss: 0.473, average forward (0.009878) and backward (0.025842) time: 0.049642, iotime: 0.013596 
2022-08-04 05:31:38,307 [dl_trainer.py:634] INFO train iter: 2975, num_batches_per_epoch: 25
2022-08-04 05:31:38,308 [dl_trainer.py:635] INFO Epoch 119, avg train acc: 85.265625, lr: 0.010000, avg loss: 0.420971
2022-08-04 05:31:39,854 [dist_trainer.py:90] WARNING Time per iteration including communication: 0.125508, Speed: 2039.711900 images/s
2022-08-04 05:31:41,274 [dl_trainer.py:731] WARNING [119][ 3000/   25][rank:6] loss: 0.449, average forward (0.009152) and backward (0.026178) time: 0.044678, iotime: 0.009054 
2022-08-04 05:31:41,285 [dist_trainer.py:90] WARNING Time per iteration including communication: 0.059578, Speed: 4296.868660 images/s
2022-08-04 05:31:41,286 [dl_trainer.py:634] INFO train iter: 3000, num_batches_per_epoch: 25
2022-08-04 05:31:41,286 [dl_trainer.py:635] INFO Epoch 120, avg train acc: 84.859375, lr: 0.010000, avg loss: 0.437007
2022-08-04 05:31:44,287 [dist_trainer.py:90] WARNING Time per iteration including communication: 0.125047, Speed: 2047.231083 images/s
2022-08-04 05:31:44,597 [dl_trainer.py:634] INFO train iter: 3025, num_batches_per_epoch: 25
2022-08-04 05:31:44,598 [dl_trainer.py:635] INFO Epoch 121, avg train acc: 84.921875, lr: 0.010000, avg loss: 0.439740
2022-08-04 05:31:46,834 [dl_trainer.py:731] WARNING [121][ 3040/   25][rank:6] loss: 0.442, average forward (0.010221) and backward (0.026928) time: 0.052067, iotime: 0.014622 
2022-08-04 05:31:47,253 [dist_trainer.py:90] WARNING Time per iteration including communication: 0.123544, Speed: 2072.138449 images/s
2022-08-04 05:31:47,611 [dl_trainer.py:634] INFO train iter: 3050, num_batches_per_epoch: 25
2022-08-04 05:31:47,611 [dl_trainer.py:635] INFO Epoch 122, avg train acc: 84.781250, lr: 0.010000, avg loss: 0.433648
2022-08-04 05:31:50,161 [dist_trainer.py:90] WARNING Time per iteration including communication: 0.121126, Speed: 2113.507084 images/s
2022-08-04 05:31:50,570 [dl_trainer.py:634] INFO train iter: 3075, num_batches_per_epoch: 25
2022-08-04 05:31:50,571 [dl_trainer.py:635] INFO Epoch 123, avg train acc: 84.546875, lr: 0.001000, avg loss: 0.445945
2022-08-04 05:31:52,318 [dl_trainer.py:731] WARNING [123][ 3080/   25][rank:6] loss: 0.537, average forward (0.009326) and backward (0.026271) time: 0.049678, iotime: 0.013744 
2022-08-04 05:31:53,126 [dist_trainer.py:90] WARNING Time per iteration including communication: 0.123511, Speed: 2072.686106 images/s
2022-08-04 05:31:53,571 [dl_trainer.py:634] INFO train iter: 3100, num_batches_per_epoch: 25
2022-08-04 05:31:53,571 [dl_trainer.py:635] INFO Epoch 124, avg train acc: 84.656250, lr: 0.001000, avg loss: 0.448754
2022-08-04 05:31:56,080 [dl_trainer.py:731] WARNING [124][ 3120/   25][rank:6] loss: 0.524, average forward (0.009479) and backward (0.026063) time: 0.044165, iotime: 0.008214 
2022-08-04 05:31:56,087 [dist_trainer.py:90] WARNING Time per iteration including communication: 0.123370, Speed: 2075.062079 images/s
2022-08-04 05:31:56,596 [dl_trainer.py:634] INFO train iter: 3125, num_batches_per_epoch: 25
2022-08-04 05:31:56,597 [dl_trainer.py:635] INFO Epoch 125, avg train acc: 84.468750, lr: 0.001000, avg loss: 0.435637
2022-08-04 05:31:59,070 [dist_trainer.py:90] WARNING Time per iteration including communication: 0.124235, Speed: 2060.614989 images/s
2022-08-04 05:31:59,614 [dl_trainer.py:634] INFO train iter: 3150, num_batches_per_epoch: 25
2022-08-04 05:31:59,614 [dl_trainer.py:635] INFO Epoch 126, avg train acc: 84.734375, lr: 0.001000, avg loss: 0.441065
2022-08-04 05:32:01,632 [dl_trainer.py:731] WARNING [126][ 3160/   25][rank:6] loss: 0.500, average forward (0.009278) and backward (0.026353) time: 0.051045, iotime: 0.014604 
2022-08-04 05:32:02,048 [dist_trainer.py:90] WARNING Time per iteration including communication: 0.124067, Speed: 2063.393320 images/s
2022-08-04 05:32:02,644 [dl_trainer.py:634] INFO train iter: 3175, num_batches_per_epoch: 25
2022-08-04 05:32:02,644 [dl_trainer.py:635] INFO Epoch 127, avg train acc: 84.984375, lr: 0.001000, avg loss: 0.443290
2022-08-04 05:32:05,051 [dist_trainer.py:90] WARNING Time per iteration including communication: 0.125113, Speed: 2046.151572 images/s
2022-08-04 05:32:05,699 [dl_trainer.py:731] WARNING [127][ 3200/   25][rank:6] loss: 0.432, average forward (0.009938) and backward (0.025685) time: 0.050052, iotime: 0.014141 
2022-08-04 05:32:05,711 [dl_trainer.py:634] INFO train iter: 3200, num_batches_per_epoch: 25
2022-08-04 05:32:05,711 [dl_trainer.py:635] INFO Epoch 128, avg train acc: 84.046875, lr: 0.001000, avg loss: 0.441999
2022-08-04 05:32:08,087 [dist_trainer.py:90] WARNING Time per iteration including communication: 0.126468, Speed: 2024.227905 images/s
2022-08-04 05:32:08,752 [dl_trainer.py:634] INFO train iter: 3225, num_batches_per_epoch: 25
2022-08-04 05:32:08,753 [dl_trainer.py:635] INFO Epoch 129, avg train acc: 85.250000, lr: 0.001000, avg loss: 0.422802
2022-08-04 05:32:11,010 [dl_trainer.py:731] WARNING [129][ 3240/   25][rank:6] loss: 0.435, average forward (0.008932) and backward (0.025128) time: 0.042364, iotime: 0.008030 
2022-08-04 05:32:11,021 [dist_trainer.py:90] WARNING Time per iteration including communication: 0.122212, Speed: 2094.725712 images/s
2022-08-04 05:32:11,759 [dl_trainer.py:634] INFO train iter: 3250, num_batches_per_epoch: 25
2022-08-04 05:32:11,760 [dl_trainer.py:635] INFO Epoch 130, avg train acc: 84.343750, lr: 0.001000, avg loss: 0.444812
2022-08-04 05:32:13,934 [dist_trainer.py:90] WARNING Time per iteration including communication: 0.121365, Speed: 2109.343035 images/s
2022-08-04 05:32:14,719 [dl_trainer.py:634] INFO train iter: 3275, num_batches_per_epoch: 25
2022-08-04 05:32:14,720 [dl_trainer.py:635] INFO Epoch 131, avg train acc: 84.562500, lr: 0.001000, avg loss: 0.438866
2022-08-04 05:32:16,455 [dl_trainer.py:731] WARNING [131][ 3280/   25][rank:6] loss: 0.440, average forward (0.010087) and backward (0.025675) time: 0.050371, iotime: 0.014027 
2022-08-04 05:32:16,887 [dist_trainer.py:90] WARNING Time per iteration including communication: 0.123024, Speed: 2080.901393 images/s
2022-08-04 05:32:17,747 [dl_trainer.py:634] INFO train iter: 3300, num_batches_per_epoch: 25
2022-08-04 05:32:17,747 [dl_trainer.py:635] INFO Epoch 132, avg train acc: 85.453125, lr: 0.001000, avg loss: 0.417382
2022-08-04 05:32:19,907 [dist_trainer.py:90] WARNING Time per iteration including communication: 0.125774, Speed: 2035.401387 images/s
2022-08-04 05:32:20,539 [dl_trainer.py:731] WARNING [132][ 3320/   25][rank:6] loss: 0.447, average forward (0.010056) and backward (0.025694) time: 0.049880, iotime: 0.013854 
2022-08-04 05:32:20,795 [dl_trainer.py:634] INFO train iter: 3325, num_batches_per_epoch: 25
2022-08-04 05:32:20,796 [dl_trainer.py:635] INFO Epoch 133, avg train acc: 85.187500, lr: 0.001000, avg loss: 0.431519
2022-08-04 05:32:22,863 [dist_trainer.py:90] WARNING Time per iteration including communication: 0.123134, Speed: 2079.040760 images/s
2022-08-04 05:32:23,787 [dl_trainer.py:634] INFO train iter: 3350, num_batches_per_epoch: 25
2022-08-04 05:32:23,788 [dl_trainer.py:635] INFO Epoch 134, avg train acc: 84.359375, lr: 0.001000, avg loss: 0.454724
2022-08-04 05:32:25,785 [dl_trainer.py:731] WARNING [134][ 3360/   25][rank:6] loss: 0.410, average forward (0.009252) and backward (0.026186) time: 0.043963, iotime: 0.008226 
2022-08-04 05:32:25,798 [dist_trainer.py:90] WARNING Time per iteration including communication: 0.122277, Speed: 2093.612725 images/s
2022-08-04 05:32:26,760 [dl_trainer.py:634] INFO train iter: 3375, num_batches_per_epoch: 25
2022-08-04 05:32:26,761 [dl_trainer.py:635] INFO Epoch 135, avg train acc: 85.250000, lr: 0.001000, avg loss: 0.416740
2022-08-04 05:32:28,709 [dist_trainer.py:90] WARNING Time per iteration including communication: 0.121292, Speed: 2110.610578 images/s
