2022-08-04 05:25:03,765 [dist_trainer.py:135] INFO Configurations: Namespace(batch_size=256, compressor='topk', data_dir='./data', dataset='cifar10', density=0.001, dnn='resnet20', lr=0.1, max_epochs=141, nsteps_update=1, num_steps=35, nworkers=8, nwpernode=8, pretrain=None, saved_dir='./logs/iclr', threshold=524288000)
2022-08-04 05:25:33,400 [dl_trainer.py:254] INFO num_batches_per_epoch: 25
2022-08-04 05:25:33,405 [distributed_optimizer.py:63] INFO _dynamic_densities: [0.015625, 0.004, 0.001]
2022-08-04 05:25:33,407 [distributed_optimizer.py:323] INFO # of parameters: 269722
2022-08-04 05:25:33,408 [distributed_optimizer.py:324] INFO Total number of tensors: 59
2022-08-04 05:25:33,408 [distributed_optimizer.py:325] INFO Merged Number of groups: 1
2022-08-04 05:25:34,188 [dist_trainer.py:62] INFO max_epochs: 141
2022-08-04 05:25:37,801 [dist_trainer.py:90] WARNING Time per iteration including communication: 0.150462, Speed: 1701.426256 images/s
2022-08-04 05:25:38,078 [dl_trainer.py:634] INFO train iter: 25, num_batches_per_epoch: 25
2022-08-04 05:25:38,078 [dl_trainer.py:635] INFO Epoch 1, avg train acc: 16.390625, lr: 0.020640, avg loss: 2.654844
2022-08-04 05:25:40,347 [dl_trainer.py:731] WARNING [  1][   40/   25][rank:7] loss: 1.968, average forward (0.063257) and backward (0.030865) time: 0.102812, iotime: 0.007891 
2022-08-04 05:25:40,778 [dist_trainer.py:90] WARNING Time per iteration including communication: 0.124024, Speed: 2064.109120 images/s
2022-08-04 05:25:41,136 [dl_trainer.py:634] INFO train iter: 50, num_batches_per_epoch: 25
2022-08-04 05:25:41,137 [dl_trainer.py:635] INFO Epoch 2, avg train acc: 25.390625, lr: 0.040480, avg loss: 2.043139
2022-08-04 05:25:43,820 [dist_trainer.py:90] WARNING Time per iteration including communication: 0.126757, Speed: 2019.609862 images/s
2022-08-04 05:25:44,220 [dl_trainer.py:634] INFO train iter: 75, num_batches_per_epoch: 25
2022-08-04 05:25:44,221 [dl_trainer.py:635] INFO Epoch 3, avg train acc: 27.046875, lr: 0.060320, avg loss: 1.928444
2022-08-04 05:25:45,969 [dl_trainer.py:731] WARNING [  3][   80/   25][rank:7] loss: 1.903, average forward (0.009237) and backward (0.027006) time: 0.050611, iotime: 0.014056 
2022-08-04 05:25:46,800 [dist_trainer.py:90] WARNING Time per iteration including communication: 0.124130, Speed: 2062.346710 images/s
2022-08-04 05:25:47,249 [dl_trainer.py:634] INFO train iter: 100, num_batches_per_epoch: 25
2022-08-04 05:25:47,250 [dl_trainer.py:635] INFO Epoch 4, avg train acc: 27.093750, lr: 0.080160, avg loss: 1.978311
2022-08-04 05:25:49,921 [dl_trainer.py:731] WARNING [  4][  120/   25][rank:7] loss: 2.024, average forward (0.009803) and backward (0.025878) time: 0.045281, iotime: 0.008917 
2022-08-04 05:25:49,929 [dist_trainer.py:90] WARNING Time per iteration including communication: 0.130340, Speed: 1964.094357 images/s
2022-08-04 05:25:50,453 [dl_trainer.py:634] INFO train iter: 125, num_batches_per_epoch: 25
2022-08-04 05:25:50,454 [dl_trainer.py:635] INFO Epoch 5, avg train acc: 26.718750, lr: 0.100000, avg loss: 1.992623
2022-08-04 05:25:52,890 [dist_trainer.py:90] WARNING Time per iteration including communication: 0.123354, Speed: 2075.326617 images/s
2022-08-04 05:25:53,431 [dl_trainer.py:634] INFO train iter: 150, num_batches_per_epoch: 25
2022-08-04 05:25:53,432 [dl_trainer.py:635] INFO Epoch 6, avg train acc: 27.843750, lr: 0.100000, avg loss: 1.934636
2022-08-04 05:25:55,404 [dl_trainer.py:731] WARNING [  6][  160/   25][rank:7] loss: 1.988, average forward (0.009809) and backward (0.025440) time: 0.050435, iotime: 0.014614 
2022-08-04 05:25:55,818 [dist_trainer.py:90] WARNING Time per iteration including communication: 0.121977, Speed: 2098.761768 images/s
2022-08-04 05:25:56,400 [dl_trainer.py:634] INFO train iter: 175, num_batches_per_epoch: 25
2022-08-04 05:25:56,401 [dl_trainer.py:635] INFO Epoch 7, avg train acc: 28.625000, lr: 0.100000, avg loss: 1.898082
2022-08-04 05:25:58,720 [dist_trainer.py:90] WARNING Time per iteration including communication: 0.120905, Speed: 2117.371102 images/s
2022-08-04 05:25:59,367 [dl_trainer.py:731] WARNING [  7][  200/   25][rank:7] loss: 1.676, average forward (0.010095) and backward (0.025750) time: 0.051447, iotime: 0.015240 
2022-08-04 05:25:59,372 [dl_trainer.py:634] INFO train iter: 200, num_batches_per_epoch: 25
2022-08-04 05:25:59,372 [dl_trainer.py:635] INFO Epoch 8, avg train acc: 29.781250, lr: 0.100000, avg loss: 1.839729
2022-08-04 05:26:01,655 [dist_trainer.py:90] WARNING Time per iteration including communication: 0.122250, Speed: 2094.070199 images/s
2022-08-04 05:26:02,354 [dl_trainer.py:634] INFO train iter: 225, num_batches_per_epoch: 25
2022-08-04 05:26:02,355 [dl_trainer.py:635] INFO Epoch 9, avg train acc: 34.171875, lr: 0.100000, avg loss: 1.742717
2022-08-04 05:26:04,598 [dl_trainer.py:731] WARNING [  9][  240/   25][rank:7] loss: 1.684, average forward (0.009614) and backward (0.025294) time: 0.043906, iotime: 0.008398 
2022-08-04 05:26:04,604 [dist_trainer.py:90] WARNING Time per iteration including communication: 0.122822, Speed: 2084.315345 images/s
2022-08-04 05:26:05,344 [dl_trainer.py:634] INFO train iter: 250, num_batches_per_epoch: 25
2022-08-04 05:26:05,344 [dl_trainer.py:635] INFO Epoch 10, avg train acc: 34.906250, lr: 0.100000, avg loss: 1.725058
2022-08-04 05:26:07,572 [dist_trainer.py:90] WARNING Time per iteration including communication: 0.123671, Speed: 2070.001258 images/s
2022-08-04 05:26:08,344 [dl_trainer.py:634] INFO train iter: 275, num_batches_per_epoch: 25
2022-08-04 05:26:08,345 [dl_trainer.py:635] INFO Epoch 11, avg train acc: 37.953125, lr: 0.100000, avg loss: 1.657817
2022-08-04 05:26:10,066 [dl_trainer.py:731] WARNING [ 11][  280/   25][rank:7] loss: 1.739, average forward (0.008606) and backward (0.025785) time: 0.049420, iotime: 0.014765 
2022-08-04 05:26:10,461 [dist_trainer.py:90] WARNING Time per iteration including communication: 0.120332, Speed: 2127.443661 images/s
2022-08-04 05:26:11,278 [dl_trainer.py:634] INFO train iter: 300, num_batches_per_epoch: 25
2022-08-04 05:26:11,279 [dl_trainer.py:635] INFO Epoch 12, avg train acc: 39.046875, lr: 0.100000, avg loss: 1.627234
2022-08-04 05:26:13,414 [dist_trainer.py:90] WARNING Time per iteration including communication: 0.123028, Speed: 2080.827630 images/s
2022-08-04 05:26:14,062 [dl_trainer.py:731] WARNING [ 12][  320/   25][rank:7] loss: 1.570, average forward (0.008919) and backward (0.025705) time: 0.048806, iotime: 0.013921 
2022-08-04 05:26:14,334 [dl_trainer.py:634] INFO train iter: 325, num_batches_per_epoch: 25
2022-08-04 05:26:14,335 [dl_trainer.py:635] INFO Epoch 13, avg train acc: 41.250000, lr: 0.100000, avg loss: 1.562834
2022-08-04 05:26:16,422 [dist_trainer.py:90] WARNING Time per iteration including communication: 0.125300, Speed: 2043.099806 images/s
2022-08-04 05:26:17,343 [dl_trainer.py:634] INFO train iter: 350, num_batches_per_epoch: 25
2022-08-04 05:26:17,344 [dl_trainer.py:635] INFO Epoch 14, avg train acc: 42.234375, lr: 0.100000, avg loss: 1.551978
2022-08-04 05:26:19,346 [dl_trainer.py:731] WARNING [ 14][  360/   25][rank:7] loss: 1.507, average forward (0.008866) and backward (0.025930) time: 0.043399, iotime: 0.008307 
2022-08-04 05:26:19,358 [dist_trainer.py:90] WARNING Time per iteration including communication: 0.122314, Speed: 2092.970488 images/s
2022-08-04 05:26:20,294 [dl_trainer.py:634] INFO train iter: 375, num_batches_per_epoch: 25
2022-08-04 05:26:20,294 [dl_trainer.py:635] INFO Epoch 15, avg train acc: 43.781250, lr: 0.100000, avg loss: 1.519499
2022-08-04 05:26:22,242 [dist_trainer.py:90] WARNING Time per iteration including communication: 0.120156, Speed: 2130.563776 images/s
2022-08-04 05:26:23,229 [dl_trainer.py:731] WARNING [ 15][  400/   25][rank:7] loss: 1.433, average forward (0.009461) and backward (0.025193) time: 0.049215, iotime: 0.014283 
2022-08-04 05:26:23,241 [dl_trainer.py:634] INFO train iter: 400, num_batches_per_epoch: 25
2022-08-04 05:26:23,242 [dl_trainer.py:635] INFO Epoch 16, avg train acc: 44.453125, lr: 0.100000, avg loss: 1.488766
2022-08-04 05:26:25,181 [dist_trainer.py:90] WARNING Time per iteration including communication: 0.122429, Speed: 2091.008132 images/s
2022-08-04 05:26:26,308 [dl_trainer.py:634] INFO train iter: 425, num_batches_per_epoch: 25
2022-08-04 05:26:26,308 [dl_trainer.py:635] INFO Epoch 17, avg train acc: 46.390625, lr: 0.100000, avg loss: 1.458489
2022-08-04 05:26:28,150 [dist_trainer.py:90] WARNING Time per iteration including communication: 0.123670, Speed: 2070.022708 images/s
2022-08-04 05:26:28,765 [dl_trainer.py:731] WARNING [ 17][  440/   25][rank:7] loss: 1.429, average forward (0.008888) and backward (0.026944) time: 0.050133, iotime: 0.013625 
2022-08-04 05:26:29,275 [dl_trainer.py:634] INFO train iter: 450, num_batches_per_epoch: 25
2022-08-04 05:26:29,275 [dl_trainer.py:635] INFO Epoch 18, avg train acc: 47.515625, lr: 0.100000, avg loss: 1.439073
2022-08-04 05:26:31,090 [dist_trainer.py:90] WARNING Time per iteration including communication: 0.122509, Speed: 2089.640314 images/s
2022-08-04 05:26:32,247 [dl_trainer.py:634] INFO train iter: 475, num_batches_per_epoch: 25
2022-08-04 05:26:32,248 [dl_trainer.py:635] INFO Epoch 19, avg train acc: 47.109375, lr: 0.100000, avg loss: 1.424387
2022-08-04 05:26:34,030 [dl_trainer.py:731] WARNING [ 19][  480/   25][rank:7] loss: 1.408, average forward (0.009511) and backward (0.026839) time: 0.045565, iotime: 0.008512 
2022-08-04 05:26:34,045 [dist_trainer.py:90] WARNING Time per iteration including communication: 0.123085, Speed: 2079.864816 images/s
2022-08-04 05:26:35,304 [dl_trainer.py:634] INFO train iter: 500, num_batches_per_epoch: 25
2022-08-04 05:26:35,305 [dl_trainer.py:635] INFO Epoch 20, avg train acc: 48.375000, lr: 0.100000, avg loss: 1.411172
2022-08-04 05:26:37,026 [dist_trainer.py:90] WARNING Time per iteration including communication: 0.124219, Speed: 2060.868604 images/s
2022-08-04 05:26:38,064 [dl_trainer.py:731] WARNING [ 20][  520/   25][rank:7] loss: 1.349, average forward (0.009399) and backward (0.024746) time: 0.049122, iotime: 0.014707 
2022-08-04 05:26:38,323 [dl_trainer.py:634] INFO train iter: 525, num_batches_per_epoch: 25
2022-08-04 05:26:38,323 [dl_trainer.py:635] INFO Epoch 21, avg train acc: 50.531250, lr: 0.100000, avg loss: 1.377529
2022-08-04 05:26:40,009 [dist_trainer.py:90] WARNING Time per iteration including communication: 0.124270, Speed: 2060.022475 images/s
2022-08-04 05:26:41,415 [dl_trainer.py:634] INFO train iter: 550, num_batches_per_epoch: 25
2022-08-04 05:26:41,415 [dl_trainer.py:635] INFO Epoch 22, avg train acc: 48.781250, lr: 0.100000, avg loss: 1.384999
2022-08-04 05:26:43,012 [dist_trainer.py:90] WARNING Time per iteration including communication: 0.125121, Speed: 2046.023719 images/s
2022-08-04 05:26:43,653 [dl_trainer.py:731] WARNING [ 22][  560/   25][rank:7] loss: 1.356, average forward (0.009349) and backward (0.026309) time: 0.050710, iotime: 0.014439 
2022-08-04 05:26:44,412 [dl_trainer.py:634] INFO train iter: 575, num_batches_per_epoch: 25
2022-08-04 05:26:44,413 [dl_trainer.py:635] INFO Epoch 23, avg train acc: 51.171875, lr: 0.100000, avg loss: 1.339488
2022-08-04 05:26:46,002 [dist_trainer.py:90] WARNING Time per iteration including communication: 0.124561, Speed: 2055.224123 images/s
2022-08-04 05:26:47,427 [dl_trainer.py:731] WARNING [ 23][  600/   25][rank:7] loss: 1.287, average forward (0.009472) and backward (0.025243) time: 0.044492, iotime: 0.009136 
2022-08-04 05:26:47,436 [dist_trainer.py:90] WARNING Time per iteration including communication: 0.059692, Speed: 4288.667244 images/s
2022-08-04 05:26:47,437 [dl_trainer.py:634] INFO train iter: 600, num_batches_per_epoch: 25
2022-08-04 05:26:47,437 [dl_trainer.py:635] INFO Epoch 24, avg train acc: 51.734375, lr: 0.100000, avg loss: 1.312004
2022-08-04 05:26:50,449 [dist_trainer.py:90] WARNING Time per iteration including communication: 0.125520, Speed: 2039.523026 images/s
2022-08-04 05:26:50,751 [dl_trainer.py:634] INFO train iter: 625, num_batches_per_epoch: 25
2022-08-04 05:26:50,752 [dl_trainer.py:635] INFO Epoch 25, avg train acc: 52.656250, lr: 0.100000, avg loss: 1.291758
2022-08-04 05:26:53,007 [dl_trainer.py:731] WARNING [ 25][  640/   25][rank:7] loss: 1.296, average forward (0.010196) and backward (0.024855) time: 0.049175, iotime: 0.013834 
2022-08-04 05:26:53,409 [dist_trainer.py:90] WARNING Time per iteration including communication: 0.123296, Speed: 2076.299117 images/s
2022-08-04 05:26:53,771 [dl_trainer.py:634] INFO train iter: 650, num_batches_per_epoch: 25
2022-08-04 05:26:53,772 [dl_trainer.py:635] INFO Epoch 26, avg train acc: 52.718750, lr: 0.100000, avg loss: 1.286041
2022-08-04 05:26:56,403 [dist_trainer.py:90] WARNING Time per iteration including communication: 0.124712, Speed: 2052.733245 images/s
2022-08-04 05:26:56,833 [dl_trainer.py:634] INFO train iter: 675, num_batches_per_epoch: 25
2022-08-04 05:26:56,834 [dl_trainer.py:635] INFO Epoch 27, avg train acc: 53.156250, lr: 0.100000, avg loss: 1.274284
2022-08-04 05:26:58,557 [dl_trainer.py:731] WARNING [ 27][  680/   25][rank:7] loss: 1.281, average forward (0.009158) and backward (0.025710) time: 0.048891, iotime: 0.013745 
2022-08-04 05:26:59,329 [dist_trainer.py:90] WARNING Time per iteration including communication: 0.121920, Speed: 2099.729500 images/s
2022-08-04 05:26:59,825 [dl_trainer.py:634] INFO train iter: 700, num_batches_per_epoch: 25
2022-08-04 05:26:59,826 [dl_trainer.py:635] INFO Epoch 28, avg train acc: 56.171875, lr: 0.100000, avg loss: 1.214735
2022-08-04 05:27:02,331 [dl_trainer.py:731] WARNING [ 28][  720/   25][rank:7] loss: 1.229, average forward (0.009096) and backward (0.025575) time: 0.044456, iotime: 0.009264 
2022-08-04 05:27:02,340 [dist_trainer.py:90] WARNING Time per iteration including communication: 0.125414, Speed: 2041.240806 images/s
2022-08-04 05:27:02,870 [dl_trainer.py:634] INFO train iter: 725, num_batches_per_epoch: 25
2022-08-04 05:27:02,871 [dl_trainer.py:635] INFO Epoch 29, avg train acc: 54.234375, lr: 0.100000, avg loss: 1.232810
2022-08-04 05:27:05,309 [dist_trainer.py:90] WARNING Time per iteration including communication: 0.123691, Speed: 2069.678068 images/s
2022-08-04 05:27:05,854 [dl_trainer.py:634] INFO train iter: 750, num_batches_per_epoch: 25
2022-08-04 05:27:05,854 [dl_trainer.py:635] INFO Epoch 30, avg train acc: 54.593750, lr: 0.100000, avg loss: 1.225876
2022-08-04 05:27:07,850 [dl_trainer.py:731] WARNING [ 30][  760/   25][rank:7] loss: 1.266, average forward (0.009179) and backward (0.025439) time: 0.049732, iotime: 0.014777 
2022-08-04 05:27:08,326 [dist_trainer.py:90] WARNING Time per iteration including communication: 0.125720, Speed: 2036.274228 images/s
2022-08-04 05:27:08,944 [dl_trainer.py:634] INFO train iter: 775, num_batches_per_epoch: 25
2022-08-04 05:27:08,945 [dl_trainer.py:635] INFO Epoch 31, avg train acc: 55.515625, lr: 0.100000, avg loss: 1.207826
2022-08-04 05:27:11,325 [dist_trainer.py:90] WARNING Time per iteration including communication: 0.124909, Speed: 2049.494416 images/s
2022-08-04 05:27:11,972 [dl_trainer.py:731] WARNING [ 31][  800/   25][rank:7] loss: 1.215, average forward (0.009773) and backward (0.025926) time: 0.049996, iotime: 0.013614 
2022-08-04 05:27:11,994 [dl_trainer.py:634] INFO train iter: 800, num_batches_per_epoch: 25
2022-08-04 05:27:11,995 [dl_trainer.py:635] INFO Epoch 32, avg train acc: 57.656250, lr: 0.100000, avg loss: 1.159422
2022-08-04 05:27:14,385 [dist_trainer.py:90] WARNING Time per iteration including communication: 0.127495, Speed: 2007.921085 images/s
2022-08-04 05:27:15,117 [dl_trainer.py:634] INFO train iter: 825, num_batches_per_epoch: 25
2022-08-04 05:27:15,117 [dl_trainer.py:635] INFO Epoch 33, avg train acc: 58.625000, lr: 0.100000, avg loss: 1.146913
2022-08-04 05:27:17,380 [dl_trainer.py:731] WARNING [ 33][  840/   25][rank:7] loss: 1.114, average forward (0.009767) and backward (0.025739) time: 0.045261, iotime: 0.008989 
2022-08-04 05:27:17,386 [dist_trainer.py:90] WARNING Time per iteration including communication: 0.125031, Speed: 2047.488246 images/s
2022-08-04 05:27:18,149 [dl_trainer.py:634] INFO train iter: 850, num_batches_per_epoch: 25
2022-08-04 05:27:18,150 [dl_trainer.py:635] INFO Epoch 34, avg train acc: 60.234375, lr: 0.100000, avg loss: 1.102453
2022-08-04 05:27:20,373 [dist_trainer.py:90] WARNING Time per iteration including communication: 0.124419, Speed: 2057.566779 images/s
2022-08-04 05:27:21,152 [dl_trainer.py:634] INFO train iter: 875, num_batches_per_epoch: 25
2022-08-04 05:27:21,153 [dl_trainer.py:635] INFO Epoch 35, avg train acc: 59.031250, lr: 0.100000, avg loss: 1.139305
2022-08-04 05:27:22,879 [dl_trainer.py:731] WARNING [ 35][  880/   25][rank:7] loss: 1.214, average forward (0.009333) and backward (0.025660) time: 0.051120, iotime: 0.015458 
2022-08-04 05:27:23,297 [dist_trainer.py:90] WARNING Time per iteration including communication: 0.121816, Speed: 2101.526418 images/s
2022-08-04 05:27:24,166 [dl_trainer.py:634] INFO train iter: 900, num_batches_per_epoch: 25
2022-08-04 05:27:24,167 [dl_trainer.py:635] INFO Epoch 36, avg train acc: 59.609375, lr: 0.100000, avg loss: 1.118197
2022-08-04 05:27:26,259 [dist_trainer.py:90] WARNING Time per iteration including communication: 0.123392, Speed: 2074.694713 images/s
2022-08-04 05:27:26,883 [dl_trainer.py:731] WARNING [ 36][  920/   25][rank:7] loss: 1.079, average forward (0.009429) and backward (0.025433) time: 0.049700, iotime: 0.014336 
2022-08-04 05:27:27,146 [dl_trainer.py:634] INFO train iter: 925, num_batches_per_epoch: 25
2022-08-04 05:27:27,146 [dl_trainer.py:635] INFO Epoch 37, avg train acc: 60.453125, lr: 0.100000, avg loss: 1.093288
2022-08-04 05:27:29,206 [dist_trainer.py:90] WARNING Time per iteration including communication: 0.122786, Speed: 2084.920062 images/s
2022-08-04 05:27:30,165 [dl_trainer.py:634] INFO train iter: 950, num_batches_per_epoch: 25
2022-08-04 05:27:30,166 [dl_trainer.py:635] INFO Epoch 38, avg train acc: 61.453125, lr: 0.100000, avg loss: 1.089472
2022-08-04 05:27:32,164 [dl_trainer.py:731] WARNING [ 38][  960/   25][rank:7] loss: 1.125, average forward (0.008818) and backward (0.026068) time: 0.043512, iotime: 0.008361 
2022-08-04 05:27:32,176 [dist_trainer.py:90] WARNING Time per iteration including communication: 0.123718, Speed: 2069.225538 images/s
2022-08-04 05:27:33,127 [dl_trainer.py:634] INFO train iter: 975, num_batches_per_epoch: 25
2022-08-04 05:27:33,127 [dl_trainer.py:635] INFO Epoch 39, avg train acc: 62.968750, lr: 0.100000, avg loss: 1.032594
2022-08-04 05:27:35,096 [dist_trainer.py:90] WARNING Time per iteration including communication: 0.121650, Speed: 2104.405417 images/s
2022-08-04 05:27:36,141 [dl_trainer.py:731] WARNING [ 39][ 1000/   25][rank:7] loss: 1.051, average forward (0.009507) and backward (0.024998) time: 0.048674, iotime: 0.013887 
2022-08-04 05:27:36,156 [dl_trainer.py:634] INFO train iter: 1000, num_batches_per_epoch: 25
2022-08-04 05:27:36,156 [dl_trainer.py:635] INFO Epoch 40, avg train acc: 62.718750, lr: 0.100000, avg loss: 1.035055
2022-08-04 05:27:38,039 [dist_trainer.py:90] WARNING Time per iteration including communication: 0.122633, Speed: 2087.531653 images/s
2022-08-04 05:27:39,171 [dl_trainer.py:634] INFO train iter: 1025, num_batches_per_epoch: 25
2022-08-04 05:27:39,172 [dl_trainer.py:635] INFO Epoch 41, avg train acc: 64.406250, lr: 0.100000, avg loss: 0.991006
2022-08-04 05:27:41,055 [dist_trainer.py:90] WARNING Time per iteration including communication: 0.125655, Speed: 2037.319823 images/s
2022-08-04 05:27:41,687 [dl_trainer.py:731] WARNING [ 41][ 1040/   25][rank:7] loss: 1.045, average forward (0.009442) and backward (0.026673) time: 0.051270, iotime: 0.014835 
2022-08-04 05:27:42,173 [dl_trainer.py:634] INFO train iter: 1050, num_batches_per_epoch: 25
2022-08-04 05:27:42,174 [dl_trainer.py:635] INFO Epoch 42, avg train acc: 64.937500, lr: 0.100000, avg loss: 0.967419
2022-08-04 05:27:44,038 [dist_trainer.py:90] WARNING Time per iteration including communication: 0.124245, Speed: 2060.450230 images/s
2022-08-04 05:27:45,211 [dl_trainer.py:634] INFO train iter: 1075, num_batches_per_epoch: 25
2022-08-04 05:27:45,211 [dl_trainer.py:635] INFO Epoch 43, avg train acc: 65.750000, lr: 0.100000, avg loss: 0.953391
2022-08-04 05:27:47,003 [dl_trainer.py:731] WARNING [ 43][ 1080/   25][rank:7] loss: 0.997, average forward (0.009290) and backward (0.026299) time: 0.044222, iotime: 0.008331 
2022-08-04 05:27:47,012 [dist_trainer.py:90] WARNING Time per iteration including communication: 0.123901, Speed: 2066.163250 images/s
2022-08-04 05:27:48,261 [dl_trainer.py:634] INFO train iter: 1100, num_batches_per_epoch: 25
2022-08-04 05:27:48,262 [dl_trainer.py:635] INFO Epoch 44, avg train acc: 65.046875, lr: 0.100000, avg loss: 0.981976
2022-08-04 05:27:50,044 [dist_trainer.py:90] WARNING Time per iteration including communication: 0.126306, Speed: 2026.818208 images/s
2022-08-04 05:27:51,036 [dl_trainer.py:731] WARNING [ 44][ 1120/   25][rank:7] loss: 0.915, average forward (0.009571) and backward (0.024794) time: 0.048524, iotime: 0.013874 
2022-08-04 05:27:51,278 [dl_trainer.py:634] INFO train iter: 1125, num_batches_per_epoch: 25
2022-08-04 05:27:51,278 [dl_trainer.py:635] INFO Epoch 45, avg train acc: 64.359375, lr: 0.100000, avg loss: 0.985720
2022-08-04 05:27:53,003 [dist_trainer.py:90] WARNING Time per iteration including communication: 0.123261, Speed: 2076.887976 images/s
2022-08-04 05:27:54,377 [dl_trainer.py:634] INFO train iter: 1150, num_batches_per_epoch: 25
2022-08-04 05:27:54,377 [dl_trainer.py:635] INFO Epoch 46, avg train acc: 66.531250, lr: 0.100000, avg loss: 0.924189
2022-08-04 05:27:56,292 [dist_trainer.py:90] WARNING Time per iteration including communication: 0.137036, Speed: 1868.124470 images/s
2022-08-04 05:27:56,989 [dl_trainer.py:731] WARNING [ 46][ 1160/   25][rank:7] loss: 1.042, average forward (0.009210) and backward (0.024920) time: 0.048285, iotime: 0.013886 
2022-08-04 05:27:57,696 [dl_trainer.py:634] INFO train iter: 1175, num_batches_per_epoch: 25
2022-08-04 05:27:57,697 [dl_trainer.py:635] INFO Epoch 47, avg train acc: 66.640625, lr: 0.100000, avg loss: 0.942523
2022-08-04 05:27:59,305 [dist_trainer.py:90] WARNING Time per iteration including communication: 0.125516, Speed: 2039.576456 images/s
2022-08-04 05:28:00,809 [dl_trainer.py:731] WARNING [ 47][ 1200/   25][rank:7] loss: 1.033, average forward (0.008607) and backward (0.025096) time: 0.042774, iotime: 0.008809 
2022-08-04 05:28:00,830 [dist_trainer.py:90] WARNING Time per iteration including communication: 0.063542, Speed: 4028.842759 images/s
2022-08-04 05:28:00,831 [dl_trainer.py:634] INFO train iter: 1200, num_batches_per_epoch: 25
2022-08-04 05:28:00,831 [dl_trainer.py:635] INFO Epoch 48, avg train acc: 66.187500, lr: 0.100000, avg loss: 0.928032
2022-08-04 05:28:04,010 [dist_trainer.py:90] WARNING Time per iteration including communication: 0.132451, Speed: 1932.791431 images/s
2022-08-04 05:28:04,325 [dl_trainer.py:634] INFO train iter: 1225, num_batches_per_epoch: 25
2022-08-04 05:28:04,326 [dl_trainer.py:635] INFO Epoch 49, avg train acc: 67.875000, lr: 0.100000, avg loss: 0.898216
2022-08-04 05:28:06,584 [dl_trainer.py:731] WARNING [ 49][ 1240/   25][rank:7] loss: 0.950, average forward (0.009292) and backward (0.025661) time: 0.049476, iotime: 0.014221 
2022-08-04 05:28:06,971 [dist_trainer.py:90] WARNING Time per iteration including communication: 0.123349, Speed: 2075.410521 images/s
2022-08-04 05:28:07,365 [dl_trainer.py:634] INFO train iter: 1250, num_batches_per_epoch: 25
2022-08-04 05:28:07,366 [dl_trainer.py:635] INFO Epoch 50, avg train acc: 67.687500, lr: 0.100000, avg loss: 0.886089
2022-08-04 05:28:10,087 [dist_trainer.py:90] WARNING Time per iteration including communication: 0.129822, Speed: 1971.924371 images/s
2022-08-04 05:28:10,552 [dl_trainer.py:634] INFO train iter: 1275, num_batches_per_epoch: 25
2022-08-04 05:28:10,553 [dl_trainer.py:635] INFO Epoch 51, avg train acc: 68.984375, lr: 0.100000, avg loss: 0.873738
2022-08-04 05:28:12,367 [dl_trainer.py:731] WARNING [ 51][ 1280/   25][rank:7] loss: 0.925, average forward (0.009753) and backward (0.025621) time: 0.049897, iotime: 0.014231 
2022-08-04 05:28:13,240 [dist_trainer.py:90] WARNING Time per iteration including communication: 0.131320, Speed: 1949.443132 images/s
2022-08-04 05:28:13,780 [dl_trainer.py:634] INFO train iter: 1300, num_batches_per_epoch: 25
2022-08-04 05:28:13,780 [dl_trainer.py:635] INFO Epoch 52, avg train acc: 68.734375, lr: 0.100000, avg loss: 0.874338
2022-08-04 05:28:16,328 [dl_trainer.py:731] WARNING [ 52][ 1320/   25][rank:7] loss: 0.792, average forward (0.009244) and backward (0.026300) time: 0.044596, iotime: 0.008314 
2022-08-04 05:28:16,337 [dist_trainer.py:90] WARNING Time per iteration including communication: 0.129052, Speed: 1983.689726 images/s
2022-08-04 05:28:16,868 [dl_trainer.py:634] INFO train iter: 1325, num_batches_per_epoch: 25
2022-08-04 05:28:16,869 [dl_trainer.py:635] INFO Epoch 53, avg train acc: 68.859375, lr: 0.100000, avg loss: 0.881433
2022-08-04 05:28:19,350 [dist_trainer.py:90] WARNING Time per iteration including communication: 0.125490, Speed: 2040.004643 images/s
2022-08-04 05:28:19,958 [dl_trainer.py:634] INFO train iter: 1350, num_batches_per_epoch: 25
2022-08-04 05:28:19,959 [dl_trainer.py:635] INFO Epoch 54, avg train acc: 69.015625, lr: 0.100000, avg loss: 0.868276
2022-08-04 05:28:21,988 [dl_trainer.py:731] WARNING [ 54][ 1360/   25][rank:7] loss: 0.820, average forward (0.009562) and backward (0.025538) time: 0.050039, iotime: 0.014321 
2022-08-04 05:28:22,422 [dist_trainer.py:90] WARNING Time per iteration including communication: 0.127988, Speed: 2000.182383 images/s
2022-08-04 05:28:23,111 [dl_trainer.py:634] INFO train iter: 1375, num_batches_per_epoch: 25
2022-08-04 05:28:23,112 [dl_trainer.py:635] INFO Epoch 55, avg train acc: 70.375000, lr: 0.100000, avg loss: 0.842363
2022-08-04 05:28:25,462 [dist_trainer.py:90] WARNING Time per iteration including communication: 0.126626, Speed: 2021.704800 images/s
2022-08-04 05:28:26,126 [dl_trainer.py:731] WARNING [ 55][ 1400/   25][rank:7] loss: 0.786, average forward (0.008601) and backward (0.025448) time: 0.048163, iotime: 0.013577 
2022-08-04 05:28:26,134 [dl_trainer.py:634] INFO train iter: 1400, num_batches_per_epoch: 25
2022-08-04 05:28:26,134 [dl_trainer.py:635] INFO Epoch 56, avg train acc: 69.343750, lr: 0.100000, avg loss: 0.845920
2022-08-04 05:28:28,485 [dist_trainer.py:90] WARNING Time per iteration including communication: 0.125932, Speed: 2032.849407 images/s
2022-08-04 05:28:29,206 [dl_trainer.py:634] INFO train iter: 1425, num_batches_per_epoch: 25
2022-08-04 05:28:29,206 [dl_trainer.py:635] INFO Epoch 57, avg train acc: 69.921875, lr: 0.100000, avg loss: 0.839513
2022-08-04 05:28:31,461 [dl_trainer.py:731] WARNING [ 57][ 1440/   25][rank:7] loss: 0.826, average forward (0.009107) and backward (0.026278) time: 0.044543, iotime: 0.008850 
2022-08-04 05:28:31,473 [dist_trainer.py:90] WARNING Time per iteration including communication: 0.124464, Speed: 2056.825794 images/s
2022-08-04 05:28:32,273 [dl_trainer.py:634] INFO train iter: 1450, num_batches_per_epoch: 25
2022-08-04 05:28:32,273 [dl_trainer.py:635] INFO Epoch 58, avg train acc: 72.218750, lr: 0.100000, avg loss: 0.798265
2022-08-04 05:28:34,488 [dist_trainer.py:90] WARNING Time per iteration including communication: 0.125611, Speed: 2038.031344 images/s
2022-08-04 05:28:35,382 [dl_trainer.py:634] INFO train iter: 1475, num_batches_per_epoch: 25
2022-08-04 05:28:35,383 [dl_trainer.py:635] INFO Epoch 59, avg train acc: 71.515625, lr: 0.100000, avg loss: 0.798024
2022-08-04 05:28:37,207 [dl_trainer.py:731] WARNING [ 59][ 1480/   25][rank:7] loss: 0.780, average forward (0.010083) and backward (0.025765) time: 0.050762, iotime: 0.014283 
2022-08-04 05:28:37,633 [dist_trainer.py:90] WARNING Time per iteration including communication: 0.131015, Speed: 1953.981659 images/s
2022-08-04 05:28:38,569 [dl_trainer.py:634] INFO train iter: 1500, num_batches_per_epoch: 25
2022-08-04 05:28:38,569 [dl_trainer.py:635] INFO Epoch 60, avg train acc: 71.671875, lr: 0.100000, avg loss: 0.782987
2022-08-04 05:28:40,730 [dist_trainer.py:90] WARNING Time per iteration including communication: 0.129007, Speed: 1984.387806 images/s
2022-08-04 05:28:41,481 [dl_trainer.py:731] WARNING [ 60][ 1520/   25][rank:7] loss: 0.759, average forward (0.009239) and backward (0.026192) time: 0.050107, iotime: 0.014194 
2022-08-04 05:28:41,748 [dl_trainer.py:634] INFO train iter: 1525, num_batches_per_epoch: 25
2022-08-04 05:28:41,748 [dl_trainer.py:635] INFO Epoch 61, avg train acc: 71.843750, lr: 0.100000, avg loss: 0.777730
2022-08-04 05:28:43,804 [dist_trainer.py:90] WARNING Time per iteration including communication: 0.128066, Speed: 1998.967679 images/s
2022-08-04 05:28:44,803 [dl_trainer.py:634] INFO train iter: 1550, num_batches_per_epoch: 25
2022-08-04 05:28:44,803 [dl_trainer.py:635] INFO Epoch 62, avg train acc: 73.265625, lr: 0.100000, avg loss: 0.774120
2022-08-04 05:28:46,875 [dl_trainer.py:731] WARNING [ 62][ 1560/   25][rank:7] loss: 0.752, average forward (0.009042) and backward (0.025329) time: 0.042947, iotime: 0.008295 
2022-08-04 05:28:46,894 [dist_trainer.py:90] WARNING Time per iteration including communication: 0.128742, Speed: 1988.469242 images/s
2022-08-04 05:28:47,952 [dl_trainer.py:634] INFO train iter: 1575, num_batches_per_epoch: 25
2022-08-04 05:28:47,953 [dl_trainer.py:635] INFO Epoch 63, avg train acc: 74.046875, lr: 0.100000, avg loss: 0.731394
2022-08-04 05:28:49,971 [dist_trainer.py:90] WARNING Time per iteration including communication: 0.128214, Speed: 1996.668922 images/s
2022-08-04 05:28:51,089 [dl_trainer.py:731] WARNING [ 63][ 1600/   25][rank:7] loss: 0.690, average forward (0.010113) and backward (0.025384) time: 0.050201, iotime: 0.014182 
2022-08-04 05:28:51,099 [dl_trainer.py:634] INFO train iter: 1600, num_batches_per_epoch: 25
2022-08-04 05:28:51,099 [dl_trainer.py:635] INFO Epoch 64, avg train acc: 73.859375, lr: 0.100000, avg loss: 0.734011
2022-08-04 05:28:53,097 [dist_trainer.py:90] WARNING Time per iteration including communication: 0.130237, Speed: 1965.645996 images/s
2022-08-04 05:28:54,152 [dl_trainer.py:634] INFO train iter: 1625, num_batches_per_epoch: 25
2022-08-04 05:28:54,153 [dl_trainer.py:635] INFO Epoch 65, avg train acc: 74.109375, lr: 0.100000, avg loss: 0.740695
2022-08-04 05:28:56,015 [dist_trainer.py:90] WARNING Time per iteration including communication: 0.121536, Speed: 2106.372178 images/s
2022-08-04 05:28:56,665 [dl_trainer.py:731] WARNING [ 65][ 1640/   25][rank:7] loss: 0.702, average forward (0.009426) and backward (0.025504) time: 0.050202, iotime: 0.014446 
2022-08-04 05:28:57,128 [dl_trainer.py:634] INFO train iter: 1650, num_batches_per_epoch: 25
2022-08-04 05:28:57,129 [dl_trainer.py:635] INFO Epoch 66, avg train acc: 73.921875, lr: 0.100000, avg loss: 0.727637
2022-08-04 05:28:59,001 [dist_trainer.py:90] WARNING Time per iteration including communication: 0.124400, Speed: 2057.875517 images/s
2022-08-04 05:29:00,162 [dl_trainer.py:634] INFO train iter: 1675, num_batches_per_epoch: 25
2022-08-04 05:29:00,163 [dl_trainer.py:635] INFO Epoch 67, avg train acc: 75.390625, lr: 0.100000, avg loss: 0.697740
2022-08-04 05:29:01,922 [dl_trainer.py:731] WARNING [ 67][ 1680/   25][rank:7] loss: 0.725, average forward (0.008606) and backward (0.026523) time: 0.043614, iotime: 0.008148 
2022-08-04 05:29:01,929 [dist_trainer.py:90] WARNING Time per iteration including communication: 0.121989, Speed: 2098.554281 images/s
2022-08-04 05:29:03,155 [dl_trainer.py:634] INFO train iter: 1700, num_batches_per_epoch: 25
2022-08-04 05:29:03,156 [dl_trainer.py:635] INFO Epoch 68, avg train acc: 75.296875, lr: 0.100000, avg loss: 0.701351
2022-08-04 05:29:04,880 [dist_trainer.py:90] WARNING Time per iteration including communication: 0.122922, Speed: 2082.628850 images/s
2022-08-04 05:29:05,943 [dl_trainer.py:731] WARNING [ 68][ 1720/   25][rank:7] loss: 0.738, average forward (0.009226) and backward (0.025595) time: 0.049386, iotime: 0.014189 
2022-08-04 05:29:06,198 [dl_trainer.py:634] INFO train iter: 1725, num_batches_per_epoch: 25
2022-08-04 05:29:06,198 [dl_trainer.py:635] INFO Epoch 69, avg train acc: 75.562500, lr: 0.100000, avg loss: 0.706070
2022-08-04 05:29:07,848 [dist_trainer.py:90] WARNING Time per iteration including communication: 0.123645, Speed: 2070.440487 images/s
2022-08-04 05:29:09,175 [dl_trainer.py:634] INFO train iter: 1750, num_batches_per_epoch: 25
2022-08-04 05:29:09,176 [dl_trainer.py:635] INFO Epoch 70, avg train acc: 76.375000, lr: 0.100000, avg loss: 0.680298
2022-08-04 05:29:10,798 [dist_trainer.py:90] WARNING Time per iteration including communication: 0.122897, Speed: 2083.037421 images/s
2022-08-04 05:29:11,451 [dl_trainer.py:731] WARNING [ 70][ 1760/   25][rank:7] loss: 0.635, average forward (0.009311) and backward (0.026447) time: 0.050419, iotime: 0.013678 
2022-08-04 05:29:12,189 [dl_trainer.py:634] INFO train iter: 1775, num_batches_per_epoch: 25
2022-08-04 05:29:12,189 [dl_trainer.py:635] INFO Epoch 71, avg train acc: 76.656250, lr: 0.100000, avg loss: 0.658245
2022-08-04 05:29:13,717 [dist_trainer.py:90] WARNING Time per iteration including communication: 0.121610, Speed: 2105.091491 images/s
2022-08-04 05:29:15,189 [dl_trainer.py:731] WARNING [ 71][ 1800/   25][rank:7] loss: 0.585, average forward (0.008836) and backward (0.026123) time: 0.044090, iotime: 0.008713 
2022-08-04 05:29:15,203 [dist_trainer.py:90] WARNING Time per iteration including communication: 0.061914, Speed: 4134.755181 images/s
2022-08-04 05:29:15,204 [dl_trainer.py:634] INFO train iter: 1800, num_batches_per_epoch: 25
2022-08-04 05:29:15,204 [dl_trainer.py:635] INFO Epoch 72, avg train acc: 78.046875, lr: 0.100000, avg loss: 0.630790
2022-08-04 05:29:18,249 [dist_trainer.py:90] WARNING Time per iteration including communication: 0.126863, Speed: 2017.928438 images/s
2022-08-04 05:29:18,537 [dl_trainer.py:634] INFO train iter: 1825, num_batches_per_epoch: 25
2022-08-04 05:29:18,537 [dl_trainer.py:635] INFO Epoch 73, avg train acc: 77.109375, lr: 0.100000, avg loss: 0.638386
2022-08-04 05:29:20,911 [dl_trainer.py:731] WARNING [ 73][ 1840/   25][rank:7] loss: 0.567, average forward (0.009659) and backward (0.025197) time: 0.049767, iotime: 0.014629 
2022-08-04 05:29:21,338 [dist_trainer.py:90] WARNING Time per iteration including communication: 0.128708, Speed: 1989.000886 images/s
2022-08-04 05:29:21,701 [dl_trainer.py:634] INFO train iter: 1850, num_batches_per_epoch: 25
2022-08-04 05:29:21,701 [dl_trainer.py:635] INFO Epoch 74, avg train acc: 77.406250, lr: 0.100000, avg loss: 0.634011
2022-08-04 05:29:24,365 [dist_trainer.py:90] WARNING Time per iteration including communication: 0.126079, Speed: 2030.479948 images/s
2022-08-04 05:29:24,775 [dl_trainer.py:634] INFO train iter: 1875, num_batches_per_epoch: 25
2022-08-04 05:29:24,776 [dl_trainer.py:635] INFO Epoch 75, avg train acc: 78.312500, lr: 0.100000, avg loss: 0.603692
2022-08-04 05:29:26,524 [dl_trainer.py:731] WARNING [ 75][ 1880/   25][rank:7] loss: 0.590, average forward (0.009473) and backward (0.026210) time: 0.050999, iotime: 0.014653 
2022-08-04 05:29:27,327 [dist_trainer.py:90] WARNING Time per iteration including communication: 0.123402, Speed: 2074.525357 images/s
2022-08-04 05:29:27,807 [dl_trainer.py:634] INFO train iter: 1900, num_batches_per_epoch: 25
2022-08-04 05:29:27,808 [dl_trainer.py:635] INFO Epoch 76, avg train acc: 79.046875, lr: 0.100000, avg loss: 0.605325
2022-08-04 05:29:30,357 [dl_trainer.py:731] WARNING [ 76][ 1920/   25][rank:7] loss: 0.517, average forward (0.009026) and backward (0.025545) time: 0.044230, iotime: 0.009401 
2022-08-04 05:29:30,366 [dist_trainer.py:90] WARNING Time per iteration including communication: 0.126607, Speed: 2021.997156 images/s
2022-08-04 05:29:30,879 [dl_trainer.py:634] INFO train iter: 1925, num_batches_per_epoch: 25
2022-08-04 05:29:30,880 [dl_trainer.py:635] INFO Epoch 77, avg train acc: 78.812500, lr: 0.100000, avg loss: 0.594928
2022-08-04 05:29:33,287 [dist_trainer.py:90] WARNING Time per iteration including communication: 0.121708, Speed: 2103.389934 images/s
2022-08-04 05:29:33,829 [dl_trainer.py:634] INFO train iter: 1950, num_batches_per_epoch: 25
2022-08-04 05:29:33,829 [dl_trainer.py:635] INFO Epoch 78, avg train acc: 79.031250, lr: 0.100000, avg loss: 0.599091
2022-08-04 05:29:35,847 [dl_trainer.py:731] WARNING [ 78][ 1960/   25][rank:7] loss: 0.562, average forward (0.008723) and backward (0.024992) time: 0.047735, iotime: 0.013690 
2022-08-04 05:29:36,257 [dist_trainer.py:90] WARNING Time per iteration including communication: 0.123719, Speed: 2069.212412 images/s
2022-08-04 05:29:36,848 [dl_trainer.py:634] INFO train iter: 1975, num_batches_per_epoch: 25
2022-08-04 05:29:36,848 [dl_trainer.py:635] INFO Epoch 79, avg train acc: 78.890625, lr: 0.100000, avg loss: 0.600852
2022-08-04 05:29:39,356 [dist_trainer.py:90] WARNING Time per iteration including communication: 0.129081, Speed: 1983.249134 images/s
2022-08-04 05:29:40,020 [dl_trainer.py:731] WARNING [ 79][ 2000/   25][rank:7] loss: 0.566, average forward (0.009358) and backward (0.026126) time: 0.050951, iotime: 0.015119 
2022-08-04 05:29:40,031 [dl_trainer.py:634] INFO train iter: 2000, num_batches_per_epoch: 25
2022-08-04 05:29:40,031 [dl_trainer.py:635] INFO Epoch 80, avg train acc: 79.343750, lr: 0.100000, avg loss: 0.586224
2022-08-04 05:29:42,355 [dist_trainer.py:90] WARNING Time per iteration including communication: 0.124940, Speed: 2048.977191 images/s
2022-08-04 05:29:43,056 [dl_trainer.py:634] INFO train iter: 2025, num_batches_per_epoch: 25
2022-08-04 05:29:43,057 [dl_trainer.py:635] INFO Epoch 81, avg train acc: 79.750000, lr: 0.100000, avg loss: 0.568174
2022-08-04 05:29:45,297 [dl_trainer.py:731] WARNING [ 81][ 2040/   25][rank:7] loss: 0.437, average forward (0.008944) and backward (0.025297) time: 0.042910, iotime: 0.008380 
2022-08-04 05:29:45,310 [dist_trainer.py:90] WARNING Time per iteration including communication: 0.123078, Speed: 2079.989211 images/s
2022-08-04 05:29:46,036 [dl_trainer.py:634] INFO train iter: 2050, num_batches_per_epoch: 25
2022-08-04 05:29:46,036 [dl_trainer.py:635] INFO Epoch 82, avg train acc: 80.718750, lr: 0.010000, avg loss: 0.547903
2022-08-04 05:29:48,288 [dist_trainer.py:90] WARNING Time per iteration including communication: 0.124071, Speed: 2063.330375 images/s
2022-08-04 05:29:49,079 [dl_trainer.py:634] INFO train iter: 2075, num_batches_per_epoch: 25
2022-08-04 05:29:49,079 [dl_trainer.py:635] INFO Epoch 83, avg train acc: 82.656250, lr: 0.010000, avg loss: 0.498230
2022-08-04 05:29:50,839 [dl_trainer.py:731] WARNING [ 83][ 2080/   25][rank:7] loss: 0.533, average forward (0.009070) and backward (0.025080) time: 0.048706, iotime: 0.014132 
2022-08-04 05:29:51,260 [dist_trainer.py:90] WARNING Time per iteration including communication: 0.123815, Speed: 2067.599196 images/s
2022-08-04 05:29:52,112 [dl_trainer.py:634] INFO train iter: 2100, num_batches_per_epoch: 25
2022-08-04 05:29:52,113 [dl_trainer.py:635] INFO Epoch 84, avg train acc: 81.703125, lr: 0.010000, avg loss: 0.513066
2022-08-04 05:29:54,239 [dist_trainer.py:90] WARNING Time per iteration including communication: 0.124094, Speed: 2062.952948 images/s
2022-08-04 05:29:54,859 [dl_trainer.py:731] WARNING [ 84][ 2120/   25][rank:7] loss: 0.468, average forward (0.010192) and backward (0.025941) time: 0.050270, iotime: 0.013758 
2022-08-04 05:29:55,121 [dl_trainer.py:634] INFO train iter: 2125, num_batches_per_epoch: 25
2022-08-04 05:29:55,122 [dl_trainer.py:635] INFO Epoch 85, avg train acc: 82.796875, lr: 0.010000, avg loss: 0.493169
2022-08-04 05:29:57,180 [dist_trainer.py:90] WARNING Time per iteration including communication: 0.122531, Speed: 2089.262348 images/s
2022-08-04 05:29:58,167 [dl_trainer.py:634] INFO train iter: 2150, num_batches_per_epoch: 25
2022-08-04 05:29:58,167 [dl_trainer.py:635] INFO Epoch 86, avg train acc: 83.406250, lr: 0.010000, avg loss: 0.472294
2022-08-04 05:30:00,161 [dl_trainer.py:731] WARNING [ 86][ 2160/   25][rank:7] loss: 0.426, average forward (0.009450) and backward (0.026422) time: 0.045041, iotime: 0.008872 
2022-08-04 05:30:00,172 [dist_trainer.py:90] WARNING Time per iteration including communication: 0.124666, Speed: 2053.490592 images/s
2022-08-04 05:30:01,216 [dl_trainer.py:634] INFO train iter: 2175, num_batches_per_epoch: 25
2022-08-04 05:30:01,217 [dl_trainer.py:635] INFO Epoch 87, avg train acc: 82.906250, lr: 0.010000, avg loss: 0.490871
2022-08-04 05:30:03,181 [dist_trainer.py:90] WARNING Time per iteration including communication: 0.125334, Speed: 2042.536101 images/s
2022-08-04 05:30:04,246 [dl_trainer.py:731] WARNING [ 87][ 2200/   25][rank:7] loss: 0.461, average forward (0.009842) and backward (0.025184) time: 0.049805, iotime: 0.014115 
2022-08-04 05:30:04,274 [dl_trainer.py:634] INFO train iter: 2200, num_batches_per_epoch: 25
2022-08-04 05:30:04,274 [dl_trainer.py:635] INFO Epoch 88, avg train acc: 83.296875, lr: 0.010000, avg loss: 0.480377
2022-08-04 05:30:06,219 [dist_trainer.py:90] WARNING Time per iteration including communication: 0.126577, Speed: 2022.478944 images/s
2022-08-04 05:30:07,287 [dl_trainer.py:634] INFO train iter: 2225, num_batches_per_epoch: 25
2022-08-04 05:30:07,287 [dl_trainer.py:635] INFO Epoch 89, avg train acc: 82.625000, lr: 0.010000, avg loss: 0.479869
2022-08-04 05:30:09,122 [dist_trainer.py:90] WARNING Time per iteration including communication: 0.120916, Speed: 2117.166529 images/s
2022-08-04 05:30:09,791 [dl_trainer.py:731] WARNING [ 89][ 2240/   25][rank:7] loss: 0.502, average forward (0.009636) and backward (0.025757) time: 0.049880, iotime: 0.013976 
2022-08-04 05:30:10,296 [dl_trainer.py:634] INFO train iter: 2250, num_batches_per_epoch: 25
2022-08-04 05:30:10,296 [dl_trainer.py:635] INFO Epoch 90, avg train acc: 83.468750, lr: 0.010000, avg loss: 0.476745
2022-08-04 05:30:12,120 [dist_trainer.py:90] WARNING Time per iteration including communication: 0.124916, Speed: 2049.376413 images/s
2022-08-04 05:30:13,308 [dl_trainer.py:634] INFO train iter: 2275, num_batches_per_epoch: 25
2022-08-04 05:30:13,308 [dl_trainer.py:635] INFO Epoch 91, avg train acc: 83.750000, lr: 0.010000, avg loss: 0.468551
2022-08-04 05:30:15,082 [dl_trainer.py:731] WARNING [ 91][ 2280/   25][rank:7] loss: 0.528, average forward (0.009249) and backward (0.026591) time: 0.044918, iotime: 0.008771 
2022-08-04 05:30:15,097 [dist_trainer.py:90] WARNING Time per iteration including communication: 0.123987, Speed: 2064.735088 images/s
2022-08-04 05:30:16,327 [dl_trainer.py:634] INFO train iter: 2300, num_batches_per_epoch: 25
2022-08-04 05:30:16,328 [dl_trainer.py:635] INFO Epoch 92, avg train acc: 83.890625, lr: 0.010000, avg loss: 0.456868
2022-08-04 05:30:18,080 [dist_trainer.py:90] WARNING Time per iteration including communication: 0.124274, Speed: 2059.963029 images/s
2022-08-04 05:30:19,087 [dl_trainer.py:731] WARNING [ 92][ 2320/   25][rank:7] loss: 0.421, average forward (0.009426) and backward (0.024855) time: 0.049773, iotime: 0.014925 
2022-08-04 05:30:19,353 [dl_trainer.py:634] INFO train iter: 2325, num_batches_per_epoch: 25
2022-08-04 05:30:19,353 [dl_trainer.py:635] INFO Epoch 93, avg train acc: 83.312500, lr: 0.010000, avg loss: 0.480186
2022-08-04 05:30:21,007 [dist_trainer.py:90] WARNING Time per iteration including communication: 0.121914, Speed: 2099.840370 images/s
2022-08-04 05:30:22,309 [dl_trainer.py:634] INFO train iter: 2350, num_batches_per_epoch: 25
2022-08-04 05:30:22,310 [dl_trainer.py:635] INFO Epoch 94, avg train acc: 83.343750, lr: 0.010000, avg loss: 0.476484
2022-08-04 05:30:23,933 [dist_trainer.py:90] WARNING Time per iteration including communication: 0.121914, Speed: 2099.836092 images/s
2022-08-04 05:30:24,595 [dl_trainer.py:731] WARNING [ 94][ 2360/   25][rank:7] loss: 0.459, average forward (0.009074) and backward (0.025846) time: 0.050723, iotime: 0.015133 
2022-08-04 05:30:25,312 [dl_trainer.py:634] INFO train iter: 2375, num_batches_per_epoch: 25
2022-08-04 05:30:25,313 [dl_trainer.py:635] INFO Epoch 95, avg train acc: 84.203125, lr: 0.010000, avg loss: 0.460106
2022-08-04 05:30:26,894 [dist_trainer.py:90] WARNING Time per iteration including communication: 0.123335, Speed: 2075.651072 images/s
2022-08-04 05:30:28,343 [dl_trainer.py:731] WARNING [ 95][ 2400/   25][rank:7] loss: 0.424, average forward (0.009890) and backward (0.024968) time: 0.044725, iotime: 0.009008 
2022-08-04 05:30:28,355 [dist_trainer.py:90] WARNING Time per iteration including communication: 0.060855, Speed: 4206.699522 images/s
2022-08-04 05:30:28,356 [dl_trainer.py:634] INFO train iter: 2400, num_batches_per_epoch: 25
2022-08-04 05:30:28,356 [dl_trainer.py:635] INFO Epoch 96, avg train acc: 83.765625, lr: 0.010000, avg loss: 0.471062
2022-08-04 05:30:31,355 [dist_trainer.py:90] WARNING Time per iteration including communication: 0.124959, Speed: 2048.671770 images/s
2022-08-04 05:30:31,670 [dl_trainer.py:634] INFO train iter: 2425, num_batches_per_epoch: 25
2022-08-04 05:30:31,670 [dl_trainer.py:635] INFO Epoch 97, avg train acc: 83.359375, lr: 0.010000, avg loss: 0.480904
2022-08-04 05:30:33,924 [dl_trainer.py:731] WARNING [ 97][ 2440/   25][rank:7] loss: 0.524, average forward (0.008895) and backward (0.025707) time: 0.050548, iotime: 0.015386 
2022-08-04 05:30:34,396 [dist_trainer.py:90] WARNING Time per iteration including communication: 0.126694, Speed: 2020.624308 images/s
2022-08-04 05:30:34,761 [dl_trainer.py:634] INFO train iter: 2450, num_batches_per_epoch: 25
2022-08-04 05:30:34,761 [dl_trainer.py:635] INFO Epoch 98, avg train acc: 83.734375, lr: 0.010000, avg loss: 0.468523
2022-08-04 05:30:37,538 [dist_trainer.py:90] WARNING Time per iteration including communication: 0.130895, Speed: 1955.762677 images/s
2022-08-04 05:30:37,943 [dl_trainer.py:634] INFO train iter: 2475, num_batches_per_epoch: 25
2022-08-04 05:30:37,944 [dl_trainer.py:635] INFO Epoch 99, avg train acc: 83.296875, lr: 0.010000, avg loss: 0.484891
2022-08-04 05:30:39,920 [dl_trainer.py:731] WARNING [ 99][ 2480/   25][rank:7] loss: 0.373, average forward (0.009909) and backward (0.025740) time: 0.051420, iotime: 0.015134 
2022-08-04 05:30:40,747 [dist_trainer.py:90] WARNING Time per iteration including communication: 0.133672, Speed: 1915.132154 images/s
2022-08-04 05:30:41,197 [dl_trainer.py:634] INFO train iter: 2500, num_batches_per_epoch: 25
2022-08-04 05:30:41,198 [dl_trainer.py:635] INFO Epoch 100, avg train acc: 84.218750, lr: 0.010000, avg loss: 0.450800
2022-08-04 05:30:43,707 [dl_trainer.py:731] WARNING [100][ 2520/   25][rank:7] loss: 0.489, average forward (0.009449) and backward (0.025510) time: 0.044153, iotime: 0.008887 
2022-08-04 05:30:43,722 [dist_trainer.py:90] WARNING Time per iteration including communication: 0.123897, Speed: 2066.229020 images/s
2022-08-04 05:30:44,215 [dl_trainer.py:634] INFO train iter: 2525, num_batches_per_epoch: 25
2022-08-04 05:30:44,216 [dl_trainer.py:635] INFO Epoch 101, avg train acc: 83.859375, lr: 0.010000, avg loss: 0.460355
2022-08-04 05:30:46,669 [dist_trainer.py:90] WARNING Time per iteration including communication: 0.122763, Speed: 2085.323964 images/s
2022-08-04 05:30:47,202 [dl_trainer.py:634] INFO train iter: 2550, num_batches_per_epoch: 25
2022-08-04 05:30:47,203 [dl_trainer.py:635] INFO Epoch 102, avg train acc: 83.796875, lr: 0.010000, avg loss: 0.465698
2022-08-04 05:30:49,262 [dl_trainer.py:731] WARNING [102][ 2560/   25][rank:7] loss: 0.517, average forward (0.010476) and backward (0.025518) time: 0.052095, iotime: 0.015729 
2022-08-04 05:30:49,673 [dist_trainer.py:90] WARNING Time per iteration including communication: 0.125149, Speed: 2045.555493 images/s
2022-08-04 05:30:50,268 [dl_trainer.py:634] INFO train iter: 2575, num_batches_per_epoch: 25
2022-08-04 05:30:50,269 [dl_trainer.py:635] INFO Epoch 103, avg train acc: 84.359375, lr: 0.010000, avg loss: 0.460771
2022-08-04 05:30:52,604 [dist_trainer.py:90] WARNING Time per iteration including communication: 0.122089, Speed: 2096.826930 images/s
2022-08-04 05:30:53,227 [dl_trainer.py:731] WARNING [103][ 2600/   25][rank:7] loss: 0.511, average forward (0.008822) and backward (0.025053) time: 0.049073, iotime: 0.014857 
2022-08-04 05:30:53,254 [dl_trainer.py:634] INFO train iter: 2600, num_batches_per_epoch: 25
2022-08-04 05:30:53,255 [dl_trainer.py:635] INFO Epoch 104, avg train acc: 83.734375, lr: 0.010000, avg loss: 0.466093
2022-08-04 05:30:55,544 [dist_trainer.py:90] WARNING Time per iteration including communication: 0.122470, Speed: 2090.305433 images/s
2022-08-04 05:30:56,236 [dl_trainer.py:634] INFO train iter: 2625, num_batches_per_epoch: 25
2022-08-04 05:30:56,237 [dl_trainer.py:635] INFO Epoch 105, avg train acc: 83.671875, lr: 0.010000, avg loss: 0.464217
2022-08-04 05:30:58,458 [dl_trainer.py:731] WARNING [105][ 2640/   25][rank:7] loss: 0.426, average forward (0.009010) and backward (0.025294) time: 0.044012, iotime: 0.009089 
2022-08-04 05:30:58,473 [dist_trainer.py:90] WARNING Time per iteration including communication: 0.122047, Speed: 2097.548704 images/s
2022-08-04 05:30:59,184 [dl_trainer.py:634] INFO train iter: 2650, num_batches_per_epoch: 25
2022-08-04 05:30:59,184 [dl_trainer.py:635] INFO Epoch 106, avg train acc: 84.187500, lr: 0.010000, avg loss: 0.445483
2022-08-04 05:31:01,414 [dist_trainer.py:90] WARNING Time per iteration including communication: 0.122491, Speed: 2089.951803 images/s
2022-08-04 05:31:02,195 [dl_trainer.py:634] INFO train iter: 2675, num_batches_per_epoch: 25
2022-08-04 05:31:02,195 [dl_trainer.py:635] INFO Epoch 107, avg train acc: 84.171875, lr: 0.010000, avg loss: 0.448835
2022-08-04 05:31:03,924 [dl_trainer.py:731] WARNING [107][ 2680/   25][rank:7] loss: 0.511, average forward (0.008922) and backward (0.026045) time: 0.050606, iotime: 0.015141 
2022-08-04 05:31:04,326 [dist_trainer.py:90] WARNING Time per iteration including communication: 0.121321, Speed: 2110.106453 images/s
2022-08-04 05:31:05,187 [dl_trainer.py:634] INFO train iter: 2700, num_batches_per_epoch: 25
2022-08-04 05:31:05,187 [dl_trainer.py:635] INFO Epoch 108, avg train acc: 84.515625, lr: 0.010000, avg loss: 0.462184
2022-08-04 05:31:07,335 [dist_trainer.py:90] WARNING Time per iteration including communication: 0.125353, Speed: 2042.234538 images/s
2022-08-04 05:31:07,968 [dl_trainer.py:731] WARNING [108][ 2720/   25][rank:7] loss: 0.416, average forward (0.010516) and backward (0.026690) time: 0.053006, iotime: 0.015068 
2022-08-04 05:31:08,223 [dl_trainer.py:634] INFO train iter: 2725, num_batches_per_epoch: 25
2022-08-04 05:31:08,223 [dl_trainer.py:635] INFO Epoch 109, avg train acc: 84.921875, lr: 0.010000, avg loss: 0.448413
2022-08-04 05:31:10,300 [dist_trainer.py:90] WARNING Time per iteration including communication: 0.123522, Speed: 2072.507744 images/s
2022-08-04 05:31:11,236 [dl_trainer.py:634] INFO train iter: 2750, num_batches_per_epoch: 25
2022-08-04 05:31:11,236 [dl_trainer.py:635] INFO Epoch 110, avg train acc: 83.906250, lr: 0.010000, avg loss: 0.454351
2022-08-04 05:31:13,255 [dl_trainer.py:731] WARNING [110][ 2760/   25][rank:7] loss: 0.429, average forward (0.009809) and backward (0.025422) time: 0.044942, iotime: 0.009300 
2022-08-04 05:31:13,267 [dist_trainer.py:90] WARNING Time per iteration including communication: 0.123611, Speed: 2071.017705 images/s
2022-08-04 05:31:14,250 [dl_trainer.py:634] INFO train iter: 2775, num_batches_per_epoch: 25
2022-08-04 05:31:14,250 [dl_trainer.py:635] INFO Epoch 111, avg train acc: 84.640625, lr: 0.010000, avg loss: 0.446760
2022-08-04 05:31:16,253 [dist_trainer.py:90] WARNING Time per iteration including communication: 0.124364, Speed: 2058.476990 images/s
2022-08-04 05:31:17,248 [dl_trainer.py:731] WARNING [111][ 2800/   25][rank:7] loss: 0.514, average forward (0.009519) and backward (0.024939) time: 0.050415, iotime: 0.015518 
2022-08-04 05:31:17,276 [dl_trainer.py:634] INFO train iter: 2800, num_batches_per_epoch: 25
2022-08-04 05:31:17,277 [dl_trainer.py:635] INFO Epoch 112, avg train acc: 84.890625, lr: 0.010000, avg loss: 0.446704
2022-08-04 05:31:19,146 [dist_trainer.py:90] WARNING Time per iteration including communication: 0.120534, Speed: 2123.877983 images/s
2022-08-04 05:31:20,239 [dl_trainer.py:634] INFO train iter: 2825, num_batches_per_epoch: 25
2022-08-04 05:31:20,239 [dl_trainer.py:635] INFO Epoch 113, avg train acc: 84.640625, lr: 0.010000, avg loss: 0.442178
2022-08-04 05:31:22,098 [dist_trainer.py:90] WARNING Time per iteration including communication: 0.122995, Speed: 2081.382748 images/s
2022-08-04 05:31:22,754 [dl_trainer.py:731] WARNING [113][ 2840/   25][rank:7] loss: 0.488, average forward (0.009108) and backward (0.025956) time: 0.049862, iotime: 0.014063 
2022-08-04 05:31:23,217 [dl_trainer.py:634] INFO train iter: 2850, num_batches_per_epoch: 25
2022-08-04 05:31:23,217 [dl_trainer.py:635] INFO Epoch 114, avg train acc: 84.343750, lr: 0.010000, avg loss: 0.448318
2022-08-04 05:31:25,029 [dist_trainer.py:90] WARNING Time per iteration including communication: 0.122097, Speed: 2096.690960 images/s
2022-08-04 05:31:26,187 [dl_trainer.py:634] INFO train iter: 2875, num_batches_per_epoch: 25
2022-08-04 05:31:26,188 [dl_trainer.py:635] INFO Epoch 115, avg train acc: 84.625000, lr: 0.010000, avg loss: 0.438421
2022-08-04 05:31:27,918 [dl_trainer.py:731] WARNING [115][ 2880/   25][rank:7] loss: 0.481, average forward (0.009369) and backward (0.025391) time: 0.043928, iotime: 0.008827 
2022-08-04 05:31:27,932 [dist_trainer.py:90] WARNING Time per iteration including communication: 0.120925, Speed: 2117.015386 images/s
2022-08-04 05:31:29,124 [dl_trainer.py:634] INFO train iter: 2900, num_batches_per_epoch: 25
2022-08-04 05:31:29,125 [dl_trainer.py:635] INFO Epoch 116, avg train acc: 84.656250, lr: 0.010000, avg loss: 0.441581
2022-08-04 05:31:30,933 [dist_trainer.py:90] WARNING Time per iteration including communication: 0.125002, Speed: 2047.970215 images/s
2022-08-04 05:31:31,953 [dl_trainer.py:731] WARNING [116][ 2920/   25][rank:7] loss: 0.399, average forward (0.009190) and backward (0.025400) time: 0.049976, iotime: 0.015090 
2022-08-04 05:31:32,201 [dl_trainer.py:634] INFO train iter: 2925, num_batches_per_epoch: 25
2022-08-04 05:31:32,202 [dl_trainer.py:635] INFO Epoch 117, avg train acc: 85.453125, lr: 0.010000, avg loss: 0.428601
2022-08-04 05:31:33,875 [dist_trainer.py:90] WARNING Time per iteration including communication: 0.122582, Speed: 2088.396473 images/s
2022-08-04 05:31:35,208 [dl_trainer.py:634] INFO train iter: 2950, num_batches_per_epoch: 25
2022-08-04 05:31:35,208 [dl_trainer.py:635] INFO Epoch 118, avg train acc: 84.031250, lr: 0.010000, avg loss: 0.455557
2022-08-04 05:31:36,841 [dist_trainer.py:90] WARNING Time per iteration including communication: 0.123541, Speed: 2072.189603 images/s
2022-08-04 05:31:37,468 [dl_trainer.py:731] WARNING [118][ 2960/   25][rank:7] loss: 0.424, average forward (0.009503) and backward (0.025859) time: 0.050422, iotime: 0.014378 
2022-08-04 05:31:38,308 [dl_trainer.py:634] INFO train iter: 2975, num_batches_per_epoch: 25
2022-08-04 05:31:38,308 [dl_trainer.py:635] INFO Epoch 119, avg train acc: 84.234375, lr: 0.010000, avg loss: 0.448534
2022-08-04 05:31:39,856 [dist_trainer.py:90] WARNING Time per iteration including communication: 0.125611, Speed: 2038.035696 images/s
2022-08-04 05:31:41,269 [dl_trainer.py:731] WARNING [119][ 3000/   25][rank:7] loss: 0.442, average forward (0.009671) and backward (0.025412) time: 0.045275, iotime: 0.008815 
2022-08-04 05:31:41,283 [dist_trainer.py:90] WARNING Time per iteration including communication: 0.059447, Speed: 4306.375603 images/s
2022-08-04 05:31:41,284 [dl_trainer.py:634] INFO train iter: 3000, num_batches_per_epoch: 25
2022-08-04 05:31:41,284 [dl_trainer.py:635] INFO Epoch 120, avg train acc: 85.218750, lr: 0.010000, avg loss: 0.414369
2022-08-04 05:31:44,288 [dist_trainer.py:90] WARNING Time per iteration including communication: 0.125155, Speed: 2045.466354 images/s
2022-08-04 05:31:44,598 [dl_trainer.py:634] INFO train iter: 3025, num_batches_per_epoch: 25
2022-08-04 05:31:44,598 [dl_trainer.py:635] INFO Epoch 121, avg train acc: 84.890625, lr: 0.010000, avg loss: 0.443900
2022-08-04 05:31:46,834 [dl_trainer.py:731] WARNING [121][ 3040/   25][rank:7] loss: 0.482, average forward (0.009619) and backward (0.025382) time: 0.049898, iotime: 0.014327 
2022-08-04 05:31:47,253 [dist_trainer.py:90] WARNING Time per iteration including communication: 0.123503, Speed: 2072.819148 images/s
2022-08-04 05:31:47,610 [dl_trainer.py:634] INFO train iter: 3050, num_batches_per_epoch: 25
2022-08-04 05:31:47,611 [dl_trainer.py:635] INFO Epoch 122, avg train acc: 84.593750, lr: 0.010000, avg loss: 0.440878
2022-08-04 05:31:50,164 [dist_trainer.py:90] WARNING Time per iteration including communication: 0.121296, Speed: 2110.536422 images/s
2022-08-04 05:31:50,569 [dl_trainer.py:634] INFO train iter: 3075, num_batches_per_epoch: 25
2022-08-04 05:31:50,569 [dl_trainer.py:635] INFO Epoch 123, avg train acc: 85.546875, lr: 0.001000, avg loss: 0.428219
2022-08-04 05:31:52,320 [dl_trainer.py:731] WARNING [123][ 3080/   25][rank:7] loss: 0.447, average forward (0.009304) and backward (0.025775) time: 0.049864, iotime: 0.014456 
2022-08-04 05:31:53,125 [dist_trainer.py:90] WARNING Time per iteration including communication: 0.123358, Speed: 2075.258763 images/s
2022-08-04 05:31:53,571 [dl_trainer.py:634] INFO train iter: 3100, num_batches_per_epoch: 25
2022-08-04 05:31:53,572 [dl_trainer.py:635] INFO Epoch 124, avg train acc: 85.375000, lr: 0.001000, avg loss: 0.427197
2022-08-04 05:31:56,079 [dl_trainer.py:731] WARNING [124][ 3120/   25][rank:7] loss: 0.362, average forward (0.009486) and backward (0.025921) time: 0.045056, iotime: 0.009350 
2022-08-04 05:31:56,087 [dist_trainer.py:90] WARNING Time per iteration including communication: 0.123365, Speed: 2075.137106 images/s
2022-08-04 05:31:56,596 [dl_trainer.py:634] INFO train iter: 3125, num_batches_per_epoch: 25
2022-08-04 05:31:56,597 [dl_trainer.py:635] INFO Epoch 125, avg train acc: 85.765625, lr: 0.001000, avg loss: 0.417927
2022-08-04 05:31:59,071 [dist_trainer.py:90] WARNING Time per iteration including communication: 0.124304, Speed: 2059.464536 images/s
2022-08-04 05:31:59,615 [dl_trainer.py:634] INFO train iter: 3150, num_batches_per_epoch: 25
2022-08-04 05:31:59,615 [dl_trainer.py:635] INFO Epoch 126, avg train acc: 84.828125, lr: 0.001000, avg loss: 0.431157
2022-08-04 05:32:01,644 [dl_trainer.py:731] WARNING [126][ 3160/   25][rank:7] loss: 0.390, average forward (0.009861) and backward (0.025512) time: 0.050737, iotime: 0.014484 
2022-08-04 05:32:02,047 [dist_trainer.py:90] WARNING Time per iteration including communication: 0.123959, Speed: 2065.190952 images/s
2022-08-04 05:32:02,643 [dl_trainer.py:634] INFO train iter: 3175, num_batches_per_epoch: 25
2022-08-04 05:32:02,644 [dl_trainer.py:635] INFO Epoch 127, avg train acc: 85.109375, lr: 0.001000, avg loss: 0.431374
2022-08-04 05:32:05,051 [dist_trainer.py:90] WARNING Time per iteration including communication: 0.125171, Speed: 2045.197363 images/s
2022-08-04 05:32:05,708 [dl_trainer.py:731] WARNING [127][ 3200/   25][rank:7] loss: 0.459, average forward (0.009202) and backward (0.026086) time: 0.050266, iotime: 0.014715 
2022-08-04 05:32:05,717 [dl_trainer.py:634] INFO train iter: 3200, num_batches_per_epoch: 25
2022-08-04 05:32:05,717 [dl_trainer.py:635] INFO Epoch 128, avg train acc: 84.562500, lr: 0.001000, avg loss: 0.443983
2022-08-04 05:32:08,090 [dist_trainer.py:90] WARNING Time per iteration including communication: 0.126606, Speed: 2022.017782 images/s
2022-08-04 05:32:08,753 [dl_trainer.py:634] INFO train iter: 3225, num_batches_per_epoch: 25
2022-08-04 05:32:08,754 [dl_trainer.py:635] INFO Epoch 129, avg train acc: 84.921875, lr: 0.001000, avg loss: 0.443645
2022-08-04 05:32:11,010 [dl_trainer.py:731] WARNING [129][ 3240/   25][rank:7] loss: 0.536, average forward (0.009802) and backward (0.026260) time: 0.044659, iotime: 0.008025 
2022-08-04 05:32:11,021 [dist_trainer.py:90] WARNING Time per iteration including communication: 0.122108, Speed: 2096.509296 images/s
2022-08-04 05:32:11,759 [dl_trainer.py:634] INFO train iter: 3250, num_batches_per_epoch: 25
2022-08-04 05:32:11,760 [dl_trainer.py:635] INFO Epoch 130, avg train acc: 84.500000, lr: 0.001000, avg loss: 0.438740
2022-08-04 05:32:13,934 [dist_trainer.py:90] WARNING Time per iteration including communication: 0.121325, Speed: 2110.033369 images/s
2022-08-04 05:32:14,719 [dl_trainer.py:634] INFO train iter: 3275, num_batches_per_epoch: 25
2022-08-04 05:32:14,720 [dl_trainer.py:635] INFO Epoch 131, avg train acc: 84.468750, lr: 0.001000, avg loss: 0.441876
2022-08-04 05:32:16,455 [dl_trainer.py:731] WARNING [131][ 3280/   25][rank:7] loss: 0.446, average forward (0.009170) and backward (0.026151) time: 0.049686, iotime: 0.013786 
2022-08-04 05:32:16,884 [dist_trainer.py:90] WARNING Time per iteration including communication: 0.122906, Speed: 2082.891112 images/s
2022-08-04 05:32:17,750 [dl_trainer.py:634] INFO train iter: 3300, num_batches_per_epoch: 25
2022-08-04 05:32:17,750 [dl_trainer.py:635] INFO Epoch 132, avg train acc: 84.765625, lr: 0.001000, avg loss: 0.434472
2022-08-04 05:32:19,908 [dist_trainer.py:90] WARNING Time per iteration including communication: 0.125970, Speed: 2032.228678 images/s
2022-08-04 05:32:20,542 [dl_trainer.py:731] WARNING [132][ 3320/   25][rank:7] loss: 0.481, average forward (0.009835) and backward (0.026153) time: 0.051265, iotime: 0.014924 
2022-08-04 05:32:20,795 [dl_trainer.py:634] INFO train iter: 3325, num_batches_per_epoch: 25
2022-08-04 05:32:20,796 [dl_trainer.py:635] INFO Epoch 133, avg train acc: 84.296875, lr: 0.001000, avg loss: 0.447031
2022-08-04 05:32:22,864 [dist_trainer.py:90] WARNING Time per iteration including communication: 0.123132, Speed: 2079.073133 images/s
2022-08-04 05:32:23,787 [dl_trainer.py:634] INFO train iter: 3350, num_batches_per_epoch: 25
2022-08-04 05:32:23,788 [dl_trainer.py:635] INFO Epoch 134, avg train acc: 85.078125, lr: 0.001000, avg loss: 0.441458
2022-08-04 05:32:25,790 [dl_trainer.py:731] WARNING [134][ 3360/   25][rank:7] loss: 0.435, average forward (0.009028) and backward (0.026640) time: 0.044265, iotime: 0.008309 
2022-08-04 05:32:25,800 [dist_trainer.py:90] WARNING Time per iteration including communication: 0.122313, Speed: 2092.994626 images/s
2022-08-04 05:32:26,764 [dl_trainer.py:634] INFO train iter: 3375, num_batches_per_epoch: 25
2022-08-04 05:32:26,764 [dl_trainer.py:635] INFO Epoch 135, avg train acc: 85.171875, lr: 0.001000, avg loss: 0.443561
2022-08-04 05:32:28,704 [dist_trainer.py:90] WARNING Time per iteration including communication: 0.121022, Speed: 2115.324719 images/s
