2022-08-04 05:25:03,766 [dist_trainer.py:135] INFO Configurations: Namespace(batch_size=256, compressor='topk', data_dir='./data', dataset='cifar10', density=0.001, dnn='resnet20', lr=0.1, max_epochs=141, nsteps_update=1, num_steps=35, nworkers=8, nwpernode=8, pretrain=None, saved_dir='./logs/iclr', threshold=524288000)
2022-08-04 05:25:33,135 [dl_trainer.py:254] INFO num_batches_per_epoch: 25
2022-08-04 05:25:33,405 [distributed_optimizer.py:63] INFO _dynamic_densities: [0.015625, 0.004, 0.001]
2022-08-04 05:25:33,407 [distributed_optimizer.py:323] INFO # of parameters: 269722
2022-08-04 05:25:33,407 [distributed_optimizer.py:324] INFO Total number of tensors: 59
2022-08-04 05:25:33,407 [distributed_optimizer.py:325] INFO Merged Number of groups: 1
2022-08-04 05:25:34,188 [dist_trainer.py:62] INFO max_epochs: 141
2022-08-04 05:25:37,801 [dist_trainer.py:90] WARNING Time per iteration including communication: 0.150479, Speed: 1701.232276 images/s
2022-08-04 05:25:38,078 [dl_trainer.py:634] INFO train iter: 25, num_batches_per_epoch: 25
2022-08-04 05:25:38,078 [dl_trainer.py:635] INFO Epoch 1, avg train acc: 16.437500, lr: 0.020640, avg loss: 2.687335
2022-08-04 05:25:40,345 [dl_trainer.py:731] WARNING [  1][   40/   25][rank:1] loss: 2.127, average forward (0.062587) and backward (0.030770) time: 0.102777, iotime: 0.008931 
2022-08-04 05:25:40,779 [dist_trainer.py:90] WARNING Time per iteration including communication: 0.124065, Speed: 2063.439086 images/s
2022-08-04 05:25:41,136 [dl_trainer.py:634] INFO train iter: 50, num_batches_per_epoch: 25
2022-08-04 05:25:41,137 [dl_trainer.py:635] INFO Epoch 2, avg train acc: 24.546875, lr: 0.040480, avg loss: 2.050542
2022-08-04 05:25:43,821 [dist_trainer.py:90] WARNING Time per iteration including communication: 0.126715, Speed: 2020.274061 images/s
2022-08-04 05:25:44,220 [dl_trainer.py:634] INFO train iter: 75, num_batches_per_epoch: 25
2022-08-04 05:25:44,220 [dl_trainer.py:635] INFO Epoch 3, avg train acc: 26.468750, lr: 0.060320, avg loss: 1.935089
2022-08-04 05:25:45,972 [dl_trainer.py:731] WARNING [  3][   80/   25][rank:1] loss: 1.899, average forward (0.010096) and backward (0.027052) time: 0.051676, iotime: 0.014207 
2022-08-04 05:25:46,802 [dist_trainer.py:90] WARNING Time per iteration including communication: 0.124182, Speed: 2061.490463 images/s
2022-08-04 05:25:47,249 [dl_trainer.py:634] INFO train iter: 100, num_batches_per_epoch: 25
2022-08-04 05:25:47,249 [dl_trainer.py:635] INFO Epoch 4, avg train acc: 27.390625, lr: 0.080160, avg loss: 1.996687
2022-08-04 05:25:49,919 [dl_trainer.py:731] WARNING [  4][  120/   25][rank:1] loss: 2.016, average forward (0.009398) and backward (0.025848) time: 0.044363, iotime: 0.008633 
2022-08-04 05:25:49,928 [dist_trainer.py:90] WARNING Time per iteration including communication: 0.130215, Speed: 1965.985055 images/s
2022-08-04 05:25:50,452 [dl_trainer.py:634] INFO train iter: 125, num_batches_per_epoch: 25
2022-08-04 05:25:50,453 [dl_trainer.py:635] INFO Epoch 5, avg train acc: 27.328125, lr: 0.100000, avg loss: 1.968660
2022-08-04 05:25:52,890 [dist_trainer.py:90] WARNING Time per iteration including communication: 0.123427, Speed: 2074.097916 images/s
2022-08-04 05:25:53,430 [dl_trainer.py:634] INFO train iter: 150, num_batches_per_epoch: 25
2022-08-04 05:25:53,431 [dl_trainer.py:635] INFO Epoch 6, avg train acc: 27.125000, lr: 0.100000, avg loss: 1.933918
2022-08-04 05:25:55,403 [dl_trainer.py:731] WARNING [  6][  160/   25][rank:1] loss: 1.995, average forward (0.009314) and backward (0.025584) time: 0.049908, iotime: 0.014289 
2022-08-04 05:25:55,822 [dist_trainer.py:90] WARNING Time per iteration including communication: 0.122147, Speed: 2095.841587 images/s
2022-08-04 05:25:56,400 [dl_trainer.py:634] INFO train iter: 175, num_batches_per_epoch: 25
2022-08-04 05:25:56,401 [dl_trainer.py:635] INFO Epoch 7, avg train acc: 28.609375, lr: 0.100000, avg loss: 1.906414
2022-08-04 05:25:58,720 [dist_trainer.py:90] WARNING Time per iteration including communication: 0.120716, Speed: 2120.673563 images/s
2022-08-04 05:25:59,369 [dl_trainer.py:731] WARNING [  7][  200/   25][rank:1] loss: 1.824, average forward (0.010016) and backward (0.026077) time: 0.050235, iotime: 0.013436 
2022-08-04 05:25:59,373 [dl_trainer.py:634] INFO train iter: 200, num_batches_per_epoch: 25
2022-08-04 05:25:59,373 [dl_trainer.py:635] INFO Epoch 8, avg train acc: 30.109375, lr: 0.100000, avg loss: 1.833999
2022-08-04 05:26:01,652 [dist_trainer.py:90] WARNING Time per iteration including communication: 0.122143, Speed: 2095.898520 images/s
2022-08-04 05:26:02,354 [dl_trainer.py:634] INFO train iter: 225, num_batches_per_epoch: 25
2022-08-04 05:26:02,355 [dl_trainer.py:635] INFO Epoch 9, avg train acc: 34.250000, lr: 0.100000, avg loss: 1.730614
2022-08-04 05:26:04,598 [dl_trainer.py:731] WARNING [  9][  240/   25][rank:1] loss: 1.616, average forward (0.008912) and backward (0.026527) time: 0.044171, iotime: 0.008456 
2022-08-04 05:26:04,607 [dist_trainer.py:90] WARNING Time per iteration including communication: 0.123097, Speed: 2079.660042 images/s
2022-08-04 05:26:05,344 [dl_trainer.py:634] INFO train iter: 250, num_batches_per_epoch: 25
2022-08-04 05:26:05,345 [dl_trainer.py:635] INFO Epoch 10, avg train acc: 36.093750, lr: 0.100000, avg loss: 1.715425
2022-08-04 05:26:07,572 [dist_trainer.py:90] WARNING Time per iteration including communication: 0.123523, Speed: 2072.483576 images/s
2022-08-04 05:26:08,344 [dl_trainer.py:634] INFO train iter: 275, num_batches_per_epoch: 25
2022-08-04 05:26:08,344 [dl_trainer.py:635] INFO Epoch 11, avg train acc: 37.640625, lr: 0.100000, avg loss: 1.659438
2022-08-04 05:26:10,066 [dl_trainer.py:731] WARNING [ 11][  280/   25][rank:1] loss: 1.570, average forward (0.009540) and backward (0.025663) time: 0.049737, iotime: 0.014049 
2022-08-04 05:26:10,461 [dist_trainer.py:90] WARNING Time per iteration including communication: 0.120325, Speed: 2127.577677 images/s
2022-08-04 05:26:11,278 [dl_trainer.py:634] INFO train iter: 300, num_batches_per_epoch: 25
2022-08-04 05:26:11,279 [dl_trainer.py:635] INFO Epoch 12, avg train acc: 38.906250, lr: 0.100000, avg loss: 1.628223
2022-08-04 05:26:13,413 [dist_trainer.py:90] WARNING Time per iteration including communication: 0.122999, Speed: 2081.321053 images/s
2022-08-04 05:26:14,064 [dl_trainer.py:731] WARNING [ 12][  320/   25][rank:1] loss: 1.575, average forward (0.009538) and backward (0.025655) time: 0.050037, iotime: 0.014495 
2022-08-04 05:26:14,334 [dl_trainer.py:634] INFO train iter: 325, num_batches_per_epoch: 25
2022-08-04 05:26:14,335 [dl_trainer.py:635] INFO Epoch 13, avg train acc: 41.156250, lr: 0.100000, avg loss: 1.581360
2022-08-04 05:26:16,420 [dist_trainer.py:90] WARNING Time per iteration including communication: 0.125259, Speed: 2043.773389 images/s
2022-08-04 05:26:17,343 [dl_trainer.py:634] INFO train iter: 350, num_batches_per_epoch: 25
2022-08-04 05:26:17,344 [dl_trainer.py:635] INFO Epoch 14, avg train acc: 41.218750, lr: 0.100000, avg loss: 1.558260
2022-08-04 05:26:19,350 [dl_trainer.py:731] WARNING [ 14][  360/   25][rank:1] loss: 1.513, average forward (0.009561) and backward (0.026395) time: 0.045372, iotime: 0.008731 
2022-08-04 05:26:19,358 [dist_trainer.py:90] WARNING Time per iteration including communication: 0.122391, Speed: 2091.662407 images/s
2022-08-04 05:26:20,294 [dl_trainer.py:634] INFO train iter: 375, num_batches_per_epoch: 25
2022-08-04 05:26:20,294 [dl_trainer.py:635] INFO Epoch 15, avg train acc: 43.656250, lr: 0.100000, avg loss: 1.528191
2022-08-04 05:26:22,240 [dist_trainer.py:90] WARNING Time per iteration including communication: 0.120077, Speed: 2131.963134 images/s
2022-08-04 05:26:23,238 [dl_trainer.py:731] WARNING [ 15][  400/   25][rank:1] loss: 1.442, average forward (0.009195) and backward (0.025252) time: 0.048719, iotime: 0.014027 
2022-08-04 05:26:23,244 [dl_trainer.py:634] INFO train iter: 400, num_batches_per_epoch: 25
2022-08-04 05:26:23,244 [dl_trainer.py:635] INFO Epoch 16, avg train acc: 44.796875, lr: 0.100000, avg loss: 1.511137
2022-08-04 05:26:25,176 [dist_trainer.py:90] WARNING Time per iteration including communication: 0.122320, Speed: 2092.869010 images/s
2022-08-04 05:26:26,308 [dl_trainer.py:634] INFO train iter: 425, num_batches_per_epoch: 25
2022-08-04 05:26:26,308 [dl_trainer.py:635] INFO Epoch 17, avg train acc: 45.578125, lr: 0.100000, avg loss: 1.477399
2022-08-04 05:26:28,148 [dist_trainer.py:90] WARNING Time per iteration including communication: 0.123825, Speed: 2067.429172 images/s
2022-08-04 05:26:28,767 [dl_trainer.py:731] WARNING [ 17][  440/   25][rank:1] loss: 1.522, average forward (0.009370) and backward (0.026759) time: 0.051012, iotime: 0.014583 
2022-08-04 05:26:29,274 [dl_trainer.py:634] INFO train iter: 450, num_batches_per_epoch: 25
2022-08-04 05:26:29,274 [dl_trainer.py:635] INFO Epoch 18, avg train acc: 46.843750, lr: 0.100000, avg loss: 1.442210
2022-08-04 05:26:31,092 [dist_trainer.py:90] WARNING Time per iteration including communication: 0.122598, Speed: 2088.126901 images/s
2022-08-04 05:26:32,245 [dl_trainer.py:634] INFO train iter: 475, num_batches_per_epoch: 25
2022-08-04 05:26:32,246 [dl_trainer.py:635] INFO Epoch 19, avg train acc: 46.812500, lr: 0.100000, avg loss: 1.426509
2022-08-04 05:26:34,021 [dl_trainer.py:731] WARNING [ 19][  480/   25][rank:1] loss: 1.408, average forward (0.009268) and backward (0.025052) time: 0.043394, iotime: 0.008636 
2022-08-04 05:26:34,044 [dist_trainer.py:90] WARNING Time per iteration including communication: 0.122979, Speed: 2081.655121 images/s
2022-08-04 05:26:35,304 [dl_trainer.py:634] INFO train iter: 500, num_batches_per_epoch: 25
2022-08-04 05:26:35,305 [dl_trainer.py:635] INFO Epoch 20, avg train acc: 48.859375, lr: 0.100000, avg loss: 1.399153
2022-08-04 05:26:37,026 [dist_trainer.py:90] WARNING Time per iteration including communication: 0.124219, Speed: 2060.876844 images/s
2022-08-04 05:26:38,061 [dl_trainer.py:731] WARNING [ 20][  520/   25][rank:1] loss: 1.413, average forward (0.009952) and backward (0.025368) time: 0.050665, iotime: 0.014756 
2022-08-04 05:26:38,323 [dl_trainer.py:634] INFO train iter: 525, num_batches_per_epoch: 25
2022-08-04 05:26:38,323 [dl_trainer.py:635] INFO Epoch 21, avg train acc: 49.765625, lr: 0.100000, avg loss: 1.360617
2022-08-04 05:26:40,009 [dist_trainer.py:90] WARNING Time per iteration including communication: 0.124256, Speed: 2060.256673 images/s
2022-08-04 05:26:41,414 [dl_trainer.py:634] INFO train iter: 550, num_batches_per_epoch: 25
2022-08-04 05:26:41,414 [dl_trainer.py:635] INFO Epoch 22, avg train acc: 50.296875, lr: 0.100000, avg loss: 1.349926
2022-08-04 05:26:43,013 [dist_trainer.py:90] WARNING Time per iteration including communication: 0.125149, Speed: 2045.555168 images/s
2022-08-04 05:26:43,647 [dl_trainer.py:731] WARNING [ 22][  560/   25][rank:1] loss: 1.455, average forward (0.009073) and backward (0.025356) time: 0.050045, iotime: 0.014961 
2022-08-04 05:26:44,410 [dl_trainer.py:634] INFO train iter: 575, num_batches_per_epoch: 25
2022-08-04 05:26:44,410 [dl_trainer.py:635] INFO Epoch 23, avg train acc: 51.531250, lr: 0.100000, avg loss: 1.319926
2022-08-04 05:26:46,005 [dist_trainer.py:90] WARNING Time per iteration including communication: 0.124636, Speed: 2053.973099 images/s
2022-08-04 05:26:47,422 [dl_trainer.py:731] WARNING [ 23][  600/   25][rank:1] loss: 1.264, average forward (0.009392) and backward (0.025248) time: 0.043428, iotime: 0.008302 
2022-08-04 05:26:47,433 [dist_trainer.py:90] WARNING Time per iteration including communication: 0.059486, Speed: 4303.565102 images/s
2022-08-04 05:26:47,434 [dl_trainer.py:634] INFO train iter: 600, num_batches_per_epoch: 25
2022-08-04 05:26:47,434 [dl_trainer.py:635] INFO Epoch 24, avg train acc: 52.531250, lr: 0.100000, avg loss: 1.290460
2022-08-04 05:26:50,446 [dist_trainer.py:90] WARNING Time per iteration including communication: 0.125501, Speed: 2039.818299 images/s
2022-08-04 05:26:50,755 [dl_trainer.py:634] INFO train iter: 625, num_batches_per_epoch: 25
2022-08-04 05:26:50,755 [dl_trainer.py:635] INFO Epoch 25, avg train acc: 53.187500, lr: 0.100000, avg loss: 1.301489
2022-08-04 05:26:53,004 [dl_trainer.py:731] WARNING [ 25][  640/   25][rank:1] loss: 1.289, average forward (0.009850) and backward (0.025470) time: 0.050314, iotime: 0.014576 
2022-08-04 05:26:53,409 [dist_trainer.py:90] WARNING Time per iteration including communication: 0.123437, Speed: 2073.927823 images/s
2022-08-04 05:26:53,771 [dl_trainer.py:634] INFO train iter: 650, num_batches_per_epoch: 25
2022-08-04 05:26:53,772 [dl_trainer.py:635] INFO Epoch 26, avg train acc: 53.687500, lr: 0.100000, avg loss: 1.270558
2022-08-04 05:26:56,403 [dist_trainer.py:90] WARNING Time per iteration including communication: 0.124728, Speed: 2052.463810 images/s
2022-08-04 05:26:56,833 [dl_trainer.py:634] INFO train iter: 675, num_batches_per_epoch: 25
2022-08-04 05:26:56,834 [dl_trainer.py:635] INFO Epoch 27, avg train acc: 54.437500, lr: 0.100000, avg loss: 1.238384
2022-08-04 05:26:58,557 [dl_trainer.py:731] WARNING [ 27][  680/   25][rank:1] loss: 1.359, average forward (0.009586) and backward (0.025918) time: 0.049408, iotime: 0.013618 
2022-08-04 05:26:59,330 [dist_trainer.py:90] WARNING Time per iteration including communication: 0.121913, Speed: 2099.863127 images/s
2022-08-04 05:26:59,825 [dl_trainer.py:634] INFO train iter: 700, num_batches_per_epoch: 25
2022-08-04 05:26:59,826 [dl_trainer.py:635] INFO Epoch 28, avg train acc: 55.812500, lr: 0.100000, avg loss: 1.230134
2022-08-04 05:27:02,319 [dl_trainer.py:731] WARNING [ 28][  720/   25][rank:1] loss: 1.254, average forward (0.009072) and backward (0.026122) time: 0.044027, iotime: 0.008573 
2022-08-04 05:27:02,334 [dist_trainer.py:90] WARNING Time per iteration including communication: 0.125160, Speed: 2045.379821 images/s
2022-08-04 05:27:02,868 [dl_trainer.py:634] INFO train iter: 725, num_batches_per_epoch: 25
2022-08-04 05:27:02,869 [dl_trainer.py:635] INFO Epoch 29, avg train acc: 55.218750, lr: 0.100000, avg loss: 1.223259
2022-08-04 05:27:05,310 [dist_trainer.py:90] WARNING Time per iteration including communication: 0.123952, Speed: 2065.315253 images/s
2022-08-04 05:27:05,853 [dl_trainer.py:634] INFO train iter: 750, num_batches_per_epoch: 25
2022-08-04 05:27:05,854 [dl_trainer.py:635] INFO Epoch 30, avg train acc: 54.921875, lr: 0.100000, avg loss: 1.239490
2022-08-04 05:27:07,854 [dl_trainer.py:731] WARNING [ 30][  760/   25][rank:1] loss: 1.144, average forward (0.010086) and backward (0.026443) time: 0.051682, iotime: 0.013850 
2022-08-04 05:27:08,331 [dist_trainer.py:90] WARNING Time per iteration including communication: 0.125845, Speed: 2034.248879 images/s
2022-08-04 05:27:08,946 [dl_trainer.py:634] INFO train iter: 775, num_batches_per_epoch: 25
2022-08-04 05:27:08,947 [dl_trainer.py:635] INFO Epoch 31, avg train acc: 57.421875, lr: 0.100000, avg loss: 1.185038
2022-08-04 05:27:11,325 [dist_trainer.py:90] WARNING Time per iteration including communication: 0.124702, Speed: 2052.892846 images/s
2022-08-04 05:27:11,974 [dl_trainer.py:731] WARNING [ 31][  800/   25][rank:1] loss: 1.164, average forward (0.010371) and backward (0.025435) time: 0.050276, iotime: 0.014173 
2022-08-04 05:27:11,994 [dl_trainer.py:634] INFO train iter: 800, num_batches_per_epoch: 25
2022-08-04 05:27:11,995 [dl_trainer.py:635] INFO Epoch 32, avg train acc: 56.625000, lr: 0.100000, avg loss: 1.177551
2022-08-04 05:27:14,384 [dist_trainer.py:90] WARNING Time per iteration including communication: 0.127461, Speed: 2008.456608 images/s
2022-08-04 05:27:15,116 [dl_trainer.py:634] INFO train iter: 825, num_batches_per_epoch: 25
2022-08-04 05:27:15,117 [dl_trainer.py:635] INFO Epoch 33, avg train acc: 58.765625, lr: 0.100000, avg loss: 1.138399
2022-08-04 05:27:17,378 [dl_trainer.py:731] WARNING [ 33][  840/   25][rank:1] loss: 1.174, average forward (0.009385) and backward (0.026589) time: 0.045154, iotime: 0.008605 
2022-08-04 05:27:17,387 [dist_trainer.py:90] WARNING Time per iteration including communication: 0.123263, Speed: 2076.863873 images/s
2022-08-04 05:27:18,148 [dl_trainer.py:634] INFO train iter: 850, num_batches_per_epoch: 25
2022-08-04 05:27:18,148 [dl_trainer.py:635] INFO Epoch 34, avg train acc: 58.671875, lr: 0.100000, avg loss: 1.131889
2022-08-04 05:27:20,370 [dist_trainer.py:90] WARNING Time per iteration including communication: 0.124294, Speed: 2059.640990 images/s
2022-08-04 05:27:21,152 [dl_trainer.py:634] INFO train iter: 875, num_batches_per_epoch: 25
2022-08-04 05:27:21,153 [dl_trainer.py:635] INFO Epoch 35, avg train acc: 59.546875, lr: 0.100000, avg loss: 1.117296
2022-08-04 05:27:22,884 [dl_trainer.py:731] WARNING [ 35][  880/   25][rank:1] loss: 1.176, average forward (0.009458) and backward (0.025186) time: 0.048764, iotime: 0.013739 
2022-08-04 05:27:23,298 [dist_trainer.py:90] WARNING Time per iteration including communication: 0.121972, Speed: 2098.840911 images/s
2022-08-04 05:27:24,167 [dl_trainer.py:634] INFO train iter: 900, num_batches_per_epoch: 25
2022-08-04 05:27:24,167 [dl_trainer.py:635] INFO Epoch 36, avg train acc: 59.140625, lr: 0.100000, avg loss: 1.133384
2022-08-04 05:27:26,260 [dist_trainer.py:90] WARNING Time per iteration including communication: 0.123375, Speed: 2074.981879 images/s
2022-08-04 05:27:26,880 [dl_trainer.py:731] WARNING [ 36][  920/   25][rank:1] loss: 1.328, average forward (0.009625) and backward (0.026078) time: 0.051475, iotime: 0.014962 
2022-08-04 05:27:27,146 [dl_trainer.py:634] INFO train iter: 925, num_batches_per_epoch: 25
2022-08-04 05:27:27,146 [dl_trainer.py:635] INFO Epoch 37, avg train acc: 59.796875, lr: 0.100000, avg loss: 1.127470
2022-08-04 05:27:29,210 [dist_trainer.py:90] WARNING Time per iteration including communication: 0.122882, Speed: 2083.294396 images/s
2022-08-04 05:27:30,165 [dl_trainer.py:634] INFO train iter: 950, num_batches_per_epoch: 25
2022-08-04 05:27:30,166 [dl_trainer.py:635] INFO Epoch 38, avg train acc: 60.812500, lr: 0.100000, avg loss: 1.097577
2022-08-04 05:27:32,166 [dl_trainer.py:731] WARNING [ 38][  960/   25][rank:1] loss: 1.097, average forward (0.009007) and backward (0.026572) time: 0.044206, iotime: 0.008323 
2022-08-04 05:27:32,176 [dist_trainer.py:90] WARNING Time per iteration including communication: 0.123582, Speed: 2071.496829 images/s
2022-08-04 05:27:33,127 [dl_trainer.py:634] INFO train iter: 975, num_batches_per_epoch: 25
2022-08-04 05:27:33,127 [dl_trainer.py:635] INFO Epoch 39, avg train acc: 62.906250, lr: 0.100000, avg loss: 1.044964
2022-08-04 05:27:35,101 [dist_trainer.py:90] WARNING Time per iteration including communication: 0.121838, Speed: 2101.144654 images/s
2022-08-04 05:27:36,141 [dl_trainer.py:731] WARNING [ 39][ 1000/   25][rank:1] loss: 1.033, average forward (0.010052) and backward (0.025519) time: 0.050756, iotime: 0.014547 
2022-08-04 05:27:36,156 [dl_trainer.py:634] INFO train iter: 1000, num_batches_per_epoch: 25
2022-08-04 05:27:36,156 [dl_trainer.py:635] INFO Epoch 40, avg train acc: 63.421875, lr: 0.100000, avg loss: 1.036737
2022-08-04 05:27:38,041 [dist_trainer.py:90] WARNING Time per iteration including communication: 0.122463, Speed: 2090.422263 images/s
2022-08-04 05:27:39,171 [dl_trainer.py:634] INFO train iter: 1025, num_batches_per_epoch: 25
2022-08-04 05:27:39,172 [dl_trainer.py:635] INFO Epoch 41, avg train acc: 63.796875, lr: 0.100000, avg loss: 1.009956
2022-08-04 05:27:41,052 [dist_trainer.py:90] WARNING Time per iteration including communication: 0.125425, Speed: 2041.058439 images/s
2022-08-04 05:27:41,689 [dl_trainer.py:731] WARNING [ 41][ 1040/   25][rank:1] loss: 0.908, average forward (0.009314) and backward (0.025651) time: 0.050341, iotime: 0.014344 
2022-08-04 05:27:42,171 [dl_trainer.py:634] INFO train iter: 1050, num_batches_per_epoch: 25
2022-08-04 05:27:42,171 [dl_trainer.py:635] INFO Epoch 42, avg train acc: 65.046875, lr: 0.100000, avg loss: 0.989549
2022-08-04 05:27:44,038 [dist_trainer.py:90] WARNING Time per iteration including communication: 0.124379, Speed: 2058.220347 images/s
2022-08-04 05:27:45,210 [dl_trainer.py:634] INFO train iter: 1075, num_batches_per_epoch: 25
2022-08-04 05:27:45,211 [dl_trainer.py:635] INFO Epoch 43, avg train acc: 65.375000, lr: 0.100000, avg loss: 0.983401
2022-08-04 05:27:46,992 [dl_trainer.py:731] WARNING [ 43][ 1080/   25][rank:1] loss: 0.912, average forward (0.008569) and backward (0.025090) time: 0.042201, iotime: 0.008287 
2022-08-04 05:27:47,009 [dist_trainer.py:90] WARNING Time per iteration including communication: 0.123796, Speed: 2067.918419 images/s
2022-08-04 05:27:48,263 [dl_trainer.py:634] INFO train iter: 1100, num_batches_per_epoch: 25
2022-08-04 05:27:48,264 [dl_trainer.py:635] INFO Epoch 44, avg train acc: 64.859375, lr: 0.100000, avg loss: 0.972139
2022-08-04 05:27:50,047 [dist_trainer.py:90] WARNING Time per iteration including communication: 0.126537, Speed: 2023.119142 images/s
2022-08-04 05:27:51,034 [dl_trainer.py:731] WARNING [ 44][ 1120/   25][rank:1] loss: 0.890, average forward (0.009946) and backward (0.025393) time: 0.051347, iotime: 0.015121 
2022-08-04 05:27:51,278 [dl_trainer.py:634] INFO train iter: 1125, num_batches_per_epoch: 25
2022-08-04 05:27:51,278 [dl_trainer.py:635] INFO Epoch 45, avg train acc: 65.218750, lr: 0.100000, avg loss: 0.970098
2022-08-04 05:27:53,002 [dist_trainer.py:90] WARNING Time per iteration including communication: 0.123092, Speed: 2079.737751 images/s
2022-08-04 05:27:54,378 [dl_trainer.py:634] INFO train iter: 1150, num_batches_per_epoch: 25
2022-08-04 05:27:54,379 [dl_trainer.py:635] INFO Epoch 46, avg train acc: 65.359375, lr: 0.100000, avg loss: 0.959219
2022-08-04 05:27:56,294 [dist_trainer.py:90] WARNING Time per iteration including communication: 0.137161, Speed: 1866.425614 images/s
2022-08-04 05:27:56,990 [dl_trainer.py:731] WARNING [ 46][ 1160/   25][rank:1] loss: 0.868, average forward (0.009547) and backward (0.026716) time: 0.051024, iotime: 0.014461 
2022-08-04 05:27:57,697 [dl_trainer.py:634] INFO train iter: 1175, num_batches_per_epoch: 25
2022-08-04 05:27:57,698 [dl_trainer.py:635] INFO Epoch 47, avg train acc: 66.515625, lr: 0.100000, avg loss: 0.935015
2022-08-04 05:27:59,305 [dist_trainer.py:90] WARNING Time per iteration including communication: 0.125445, Speed: 2040.732748 images/s
2022-08-04 05:28:00,818 [dl_trainer.py:731] WARNING [ 47][ 1200/   25][rank:1] loss: 0.931, average forward (0.009144) and backward (0.026296) time: 0.044064, iotime: 0.008279 
2022-08-04 05:28:00,831 [dist_trainer.py:90] WARNING Time per iteration including communication: 0.063553, Speed: 4028.111615 images/s
2022-08-04 05:28:00,832 [dl_trainer.py:634] INFO train iter: 1200, num_batches_per_epoch: 25
2022-08-04 05:28:00,832 [dl_trainer.py:635] INFO Epoch 48, avg train acc: 66.265625, lr: 0.100000, avg loss: 0.924884
2022-08-04 05:28:04,010 [dist_trainer.py:90] WARNING Time per iteration including communication: 0.132400, Speed: 1933.539007 images/s
2022-08-04 05:28:04,325 [dl_trainer.py:634] INFO train iter: 1225, num_batches_per_epoch: 25
2022-08-04 05:28:04,326 [dl_trainer.py:635] INFO Epoch 49, avg train acc: 67.359375, lr: 0.100000, avg loss: 0.899095
2022-08-04 05:28:06,593 [dl_trainer.py:731] WARNING [ 49][ 1240/   25][rank:1] loss: 0.913, average forward (0.009474) and backward (0.026182) time: 0.050336, iotime: 0.014332 
2022-08-04 05:28:06,973 [dist_trainer.py:90] WARNING Time per iteration including communication: 0.123459, Speed: 2073.557688 images/s
2022-08-04 05:28:07,365 [dl_trainer.py:634] INFO train iter: 1250, num_batches_per_epoch: 25
2022-08-04 05:28:07,366 [dl_trainer.py:635] INFO Epoch 50, avg train acc: 68.187500, lr: 0.100000, avg loss: 0.870841
2022-08-04 05:28:10,087 [dist_trainer.py:90] WARNING Time per iteration including communication: 0.129731, Speed: 1973.309184 images/s
2022-08-04 05:28:10,552 [dl_trainer.py:634] INFO train iter: 1275, num_batches_per_epoch: 25
2022-08-04 05:28:10,553 [dl_trainer.py:635] INFO Epoch 51, avg train acc: 68.734375, lr: 0.100000, avg loss: 0.879436
2022-08-04 05:28:12,367 [dl_trainer.py:731] WARNING [ 51][ 1280/   25][rank:1] loss: 0.813, average forward (0.009444) and backward (0.025619) time: 0.049384, iotime: 0.013963 
2022-08-04 05:28:13,241 [dist_trainer.py:90] WARNING Time per iteration including communication: 0.131366, Speed: 1948.757333 images/s
2022-08-04 05:28:13,779 [dl_trainer.py:634] INFO train iter: 1300, num_batches_per_epoch: 25
2022-08-04 05:28:13,780 [dl_trainer.py:635] INFO Epoch 52, avg train acc: 68.250000, lr: 0.100000, avg loss: 0.875394
2022-08-04 05:28:16,324 [dl_trainer.py:731] WARNING [ 52][ 1320/   25][rank:1] loss: 0.835, average forward (0.009730) and backward (0.026096) time: 0.044937, iotime: 0.008497 
2022-08-04 05:28:16,335 [dist_trainer.py:90] WARNING Time per iteration including communication: 0.128894, Speed: 1986.125209 images/s
2022-08-04 05:28:16,868 [dl_trainer.py:634] INFO train iter: 1325, num_batches_per_epoch: 25
2022-08-04 05:28:16,869 [dl_trainer.py:635] INFO Epoch 53, avg train acc: 69.562500, lr: 0.100000, avg loss: 0.845190
2022-08-04 05:28:19,350 [dist_trainer.py:90] WARNING Time per iteration including communication: 0.125612, Speed: 2038.022157 images/s
2022-08-04 05:28:19,958 [dl_trainer.py:634] INFO train iter: 1350, num_batches_per_epoch: 25
2022-08-04 05:28:19,959 [dl_trainer.py:635] INFO Epoch 54, avg train acc: 70.296875, lr: 0.100000, avg loss: 0.846002
2022-08-04 05:28:21,997 [dl_trainer.py:731] WARNING [ 54][ 1360/   25][rank:1] loss: 0.797, average forward (0.010217) and backward (0.025445) time: 0.050696, iotime: 0.014707 
2022-08-04 05:28:22,427 [dist_trainer.py:90] WARNING Time per iteration including communication: 0.128190, Speed: 1997.039506 images/s
2022-08-04 05:28:23,111 [dl_trainer.py:634] INFO train iter: 1375, num_batches_per_epoch: 25
2022-08-04 05:28:23,112 [dl_trainer.py:635] INFO Epoch 55, avg train acc: 70.109375, lr: 0.100000, avg loss: 0.830671
2022-08-04 05:28:25,461 [dist_trainer.py:90] WARNING Time per iteration including communication: 0.126399, Speed: 2025.332789 images/s
2022-08-04 05:28:26,129 [dl_trainer.py:731] WARNING [ 55][ 1400/   25][rank:1] loss: 0.831, average forward (0.009399) and backward (0.025725) time: 0.050055, iotime: 0.014169 
2022-08-04 05:28:26,134 [dl_trainer.py:634] INFO train iter: 1400, num_batches_per_epoch: 25
2022-08-04 05:28:26,135 [dl_trainer.py:635] INFO Epoch 56, avg train acc: 70.375000, lr: 0.100000, avg loss: 0.817333
2022-08-04 05:28:28,487 [dist_trainer.py:90] WARNING Time per iteration including communication: 0.126072, Speed: 2030.590986 images/s
2022-08-04 05:28:29,207 [dl_trainer.py:634] INFO train iter: 1425, num_batches_per_epoch: 25
2022-08-04 05:28:29,208 [dl_trainer.py:635] INFO Epoch 57, avg train acc: 71.625000, lr: 0.100000, avg loss: 0.801812
2022-08-04 05:28:31,454 [dl_trainer.py:731] WARNING [ 57][ 1440/   25][rank:1] loss: 0.800, average forward (0.010027) and backward (0.025772) time: 0.044686, iotime: 0.008541 
2022-08-04 05:28:31,471 [dist_trainer.py:90] WARNING Time per iteration including communication: 0.124302, Speed: 2059.498607 images/s
2022-08-04 05:28:32,273 [dl_trainer.py:634] INFO train iter: 1450, num_batches_per_epoch: 25
2022-08-04 05:28:32,273 [dl_trainer.py:635] INFO Epoch 58, avg train acc: 71.625000, lr: 0.100000, avg loss: 0.797064
2022-08-04 05:28:34,487 [dist_trainer.py:90] WARNING Time per iteration including communication: 0.125652, Speed: 2037.370560 images/s
2022-08-04 05:28:35,383 [dl_trainer.py:634] INFO train iter: 1475, num_batches_per_epoch: 25
2022-08-04 05:28:35,383 [dl_trainer.py:635] INFO Epoch 59, avg train acc: 71.328125, lr: 0.100000, avg loss: 0.796149
2022-08-04 05:28:37,204 [dl_trainer.py:731] WARNING [ 59][ 1480/   25][rank:1] loss: 0.714, average forward (0.010580) and backward (0.025182) time: 0.051210, iotime: 0.014881 
2022-08-04 05:28:37,633 [dist_trainer.py:90] WARNING Time per iteration including communication: 0.131064, Speed: 1953.249432 images/s
2022-08-04 05:28:38,571 [dl_trainer.py:634] INFO train iter: 1500, num_batches_per_epoch: 25
2022-08-04 05:28:38,572 [dl_trainer.py:635] INFO Epoch 60, avg train acc: 71.953125, lr: 0.100000, avg loss: 0.779222
2022-08-04 05:28:40,730 [dist_trainer.py:90] WARNING Time per iteration including communication: 0.129027, Speed: 1984.079338 images/s
2022-08-04 05:28:41,479 [dl_trainer.py:731] WARNING [ 60][ 1520/   25][rank:1] loss: 0.718, average forward (0.008922) and backward (0.025682) time: 0.048979, iotime: 0.014103 
2022-08-04 05:28:41,748 [dl_trainer.py:634] INFO train iter: 1525, num_batches_per_epoch: 25
2022-08-04 05:28:41,749 [dl_trainer.py:635] INFO Epoch 61, avg train acc: 72.078125, lr: 0.100000, avg loss: 0.781384
2022-08-04 05:28:43,803 [dist_trainer.py:90] WARNING Time per iteration including communication: 0.127981, Speed: 2000.300069 images/s
2022-08-04 05:28:44,802 [dl_trainer.py:634] INFO train iter: 1550, num_batches_per_epoch: 25
2022-08-04 05:28:44,803 [dl_trainer.py:635] INFO Epoch 62, avg train acc: 73.390625, lr: 0.100000, avg loss: 0.755460
2022-08-04 05:28:46,891 [dl_trainer.py:731] WARNING [ 62][ 1560/   25][rank:1] loss: 0.832, average forward (0.009338) and backward (0.026115) time: 0.044932, iotime: 0.009165 
2022-08-04 05:28:46,900 [dist_trainer.py:90] WARNING Time per iteration including communication: 0.129015, Speed: 1984.260527 images/s
2022-08-04 05:28:47,952 [dl_trainer.py:634] INFO train iter: 1575, num_batches_per_epoch: 25
2022-08-04 05:28:47,953 [dl_trainer.py:635] INFO Epoch 63, avg train acc: 73.015625, lr: 0.100000, avg loss: 0.753434
2022-08-04 05:28:49,973 [dist_trainer.py:90] WARNING Time per iteration including communication: 0.128040, Speed: 1999.368590 images/s
2022-08-04 05:28:51,088 [dl_trainer.py:731] WARNING [ 63][ 1600/   25][rank:1] loss: 0.681, average forward (0.009537) and backward (0.025064) time: 0.049329, iotime: 0.014440 
2022-08-04 05:28:51,097 [dl_trainer.py:634] INFO train iter: 1600, num_batches_per_epoch: 25
2022-08-04 05:28:51,097 [dl_trainer.py:635] INFO Epoch 64, avg train acc: 74.234375, lr: 0.100000, avg loss: 0.725027
2022-08-04 05:28:53,099 [dist_trainer.py:90] WARNING Time per iteration including communication: 0.130200, Speed: 1966.200307 images/s
2022-08-04 05:28:54,152 [dl_trainer.py:634] INFO train iter: 1625, num_batches_per_epoch: 25
2022-08-04 05:28:54,153 [dl_trainer.py:635] INFO Epoch 65, avg train acc: 74.281250, lr: 0.100000, avg loss: 0.726949
2022-08-04 05:28:56,015 [dist_trainer.py:90] WARNING Time per iteration including communication: 0.121500, Speed: 2106.992347 images/s
2022-08-04 05:28:56,663 [dl_trainer.py:731] WARNING [ 65][ 1640/   25][rank:1] loss: 0.635, average forward (0.009488) and backward (0.027082) time: 0.051843, iotime: 0.014620 
2022-08-04 05:28:57,129 [dl_trainer.py:634] INFO train iter: 1650, num_batches_per_epoch: 25
2022-08-04 05:28:57,129 [dl_trainer.py:635] INFO Epoch 66, avg train acc: 74.500000, lr: 0.100000, avg loss: 0.717705
2022-08-04 05:28:58,999 [dist_trainer.py:90] WARNING Time per iteration including communication: 0.124298, Speed: 2059.570207 images/s
2022-08-04 05:29:00,163 [dl_trainer.py:634] INFO train iter: 1675, num_batches_per_epoch: 25
2022-08-04 05:29:00,163 [dl_trainer.py:635] INFO Epoch 67, avg train acc: 74.687500, lr: 0.100000, avg loss: 0.711726
2022-08-04 05:29:01,919 [dl_trainer.py:731] WARNING [ 67][ 1680/   25][rank:1] loss: 0.732, average forward (0.009827) and backward (0.025710) time: 0.044996, iotime: 0.008687 
2022-08-04 05:29:01,928 [dist_trainer.py:90] WARNING Time per iteration including communication: 0.122014, Speed: 2098.124739 images/s
2022-08-04 05:29:03,154 [dl_trainer.py:634] INFO train iter: 1700, num_batches_per_epoch: 25
2022-08-04 05:29:03,155 [dl_trainer.py:635] INFO Epoch 68, avg train acc: 75.562500, lr: 0.100000, avg loss: 0.699805
2022-08-04 05:29:04,882 [dist_trainer.py:90] WARNING Time per iteration including communication: 0.123061, Speed: 2080.261052 images/s
2022-08-04 05:29:05,944 [dl_trainer.py:731] WARNING [ 68][ 1720/   25][rank:1] loss: 0.643, average forward (0.009609) and backward (0.025143) time: 0.049439, iotime: 0.014082 
2022-08-04 05:29:06,198 [dl_trainer.py:634] INFO train iter: 1725, num_batches_per_epoch: 25
2022-08-04 05:29:06,198 [dl_trainer.py:635] INFO Epoch 69, avg train acc: 76.125000, lr: 0.100000, avg loss: 0.673365
2022-08-04 05:29:07,847 [dist_trainer.py:90] WARNING Time per iteration including communication: 0.123531, Speed: 2072.348078 images/s
2022-08-04 05:29:09,175 [dl_trainer.py:634] INFO train iter: 1750, num_batches_per_epoch: 25
2022-08-04 05:29:09,176 [dl_trainer.py:635] INFO Epoch 70, avg train acc: 75.640625, lr: 0.100000, avg loss: 0.683075
2022-08-04 05:29:10,798 [dist_trainer.py:90] WARNING Time per iteration including communication: 0.122916, Speed: 2082.718564 images/s
2022-08-04 05:29:11,453 [dl_trainer.py:731] WARNING [ 70][ 1760/   25][rank:1] loss: 0.610, average forward (0.009829) and backward (0.024537) time: 0.048943, iotime: 0.013895 
2022-08-04 05:29:12,186 [dl_trainer.py:634] INFO train iter: 1775, num_batches_per_epoch: 25
2022-08-04 05:29:12,187 [dl_trainer.py:635] INFO Epoch 71, avg train acc: 77.218750, lr: 0.100000, avg loss: 0.636485
2022-08-04 05:29:13,718 [dist_trainer.py:90] WARNING Time per iteration including communication: 0.121644, Speed: 2104.498391 images/s
2022-08-04 05:29:15,188 [dl_trainer.py:731] WARNING [ 71][ 1800/   25][rank:1] loss: 0.712, average forward (0.009603) and backward (0.025204) time: 0.043986, iotime: 0.008902 
2022-08-04 05:29:15,203 [dist_trainer.py:90] WARNING Time per iteration including communication: 0.061848, Speed: 4139.185597 images/s
2022-08-04 05:29:15,203 [dl_trainer.py:634] INFO train iter: 1800, num_batches_per_epoch: 25
2022-08-04 05:29:15,203 [dl_trainer.py:635] INFO Epoch 72, avg train acc: 76.859375, lr: 0.100000, avg loss: 0.651258
2022-08-04 05:29:18,246 [dist_trainer.py:90] WARNING Time per iteration including communication: 0.126774, Speed: 2019.346678 images/s
2022-08-04 05:29:18,537 [dl_trainer.py:634] INFO train iter: 1825, num_batches_per_epoch: 25
2022-08-04 05:29:18,537 [dl_trainer.py:635] INFO Epoch 73, avg train acc: 78.437500, lr: 0.100000, avg loss: 0.615952
2022-08-04 05:29:20,913 [dl_trainer.py:731] WARNING [ 73][ 1840/   25][rank:1] loss: 0.624, average forward (0.010398) and backward (0.025165) time: 0.050134, iotime: 0.014028 
2022-08-04 05:29:21,339 [dist_trainer.py:90] WARNING Time per iteration including communication: 0.128828, Speed: 1987.146586 images/s
2022-08-04 05:29:21,701 [dl_trainer.py:634] INFO train iter: 1850, num_batches_per_epoch: 25
2022-08-04 05:29:21,701 [dl_trainer.py:635] INFO Epoch 74, avg train acc: 78.203125, lr: 0.100000, avg loss: 0.613924
2022-08-04 05:29:24,365 [dist_trainer.py:90] WARNING Time per iteration including communication: 0.126080, Speed: 2030.456910 images/s
2022-08-04 05:29:24,777 [dl_trainer.py:634] INFO train iter: 1875, num_batches_per_epoch: 25
2022-08-04 05:29:24,778 [dl_trainer.py:635] INFO Epoch 75, avg train acc: 78.515625, lr: 0.100000, avg loss: 0.623195
2022-08-04 05:29:26,523 [dl_trainer.py:731] WARNING [ 75][ 1880/   25][rank:1] loss: 0.566, average forward (0.009476) and backward (0.025850) time: 0.050273, iotime: 0.014520 
2022-08-04 05:29:27,330 [dist_trainer.py:90] WARNING Time per iteration including communication: 0.123512, Speed: 2072.669936 images/s
2022-08-04 05:29:27,807 [dl_trainer.py:634] INFO train iter: 1900, num_batches_per_epoch: 25
2022-08-04 05:29:27,808 [dl_trainer.py:635] INFO Epoch 76, avg train acc: 78.937500, lr: 0.100000, avg loss: 0.603670
2022-08-04 05:29:30,361 [dl_trainer.py:731] WARNING [ 76][ 1920/   25][rank:1] loss: 0.619, average forward (0.008908) and backward (0.025432) time: 0.043155, iotime: 0.008550 
2022-08-04 05:29:30,370 [dist_trainer.py:90] WARNING Time per iteration including communication: 0.126630, Speed: 2021.635808 images/s
2022-08-04 05:29:30,879 [dl_trainer.py:634] INFO train iter: 1925, num_batches_per_epoch: 25
2022-08-04 05:29:30,880 [dl_trainer.py:635] INFO Epoch 77, avg train acc: 79.000000, lr: 0.100000, avg loss: 0.616475
2022-08-04 05:29:33,290 [dist_trainer.py:90] WARNING Time per iteration including communication: 0.121632, Speed: 2104.717541 images/s
2022-08-04 05:29:33,829 [dl_trainer.py:634] INFO train iter: 1950, num_batches_per_epoch: 25
2022-08-04 05:29:33,829 [dl_trainer.py:635] INFO Epoch 78, avg train acc: 79.046875, lr: 0.100000, avg loss: 0.583632
2022-08-04 05:29:35,843 [dl_trainer.py:731] WARNING [ 78][ 1960/   25][rank:1] loss: 0.562, average forward (0.009956) and backward (0.025175) time: 0.050211, iotime: 0.014449 
2022-08-04 05:29:36,256 [dist_trainer.py:90] WARNING Time per iteration including communication: 0.123559, Speed: 2071.882386 images/s
2022-08-04 05:29:36,848 [dl_trainer.py:634] INFO train iter: 1975, num_batches_per_epoch: 25
2022-08-04 05:29:36,848 [dl_trainer.py:635] INFO Epoch 79, avg train acc: 79.171875, lr: 0.100000, avg loss: 0.582821
2022-08-04 05:29:39,358 [dist_trainer.py:90] WARNING Time per iteration including communication: 0.129228, Speed: 1980.997483 images/s
2022-08-04 05:29:40,017 [dl_trainer.py:731] WARNING [ 79][ 2000/   25][rank:1] loss: 0.575, average forward (0.009781) and backward (0.025662) time: 0.050006, iotime: 0.013864 
2022-08-04 05:29:40,031 [dl_trainer.py:634] INFO train iter: 2000, num_batches_per_epoch: 25
2022-08-04 05:29:40,031 [dl_trainer.py:635] INFO Epoch 80, avg train acc: 78.890625, lr: 0.100000, avg loss: 0.599610
2022-08-04 05:29:42,356 [dist_trainer.py:90] WARNING Time per iteration including communication: 0.124879, Speed: 2049.977330 images/s
2022-08-04 05:29:43,056 [dl_trainer.py:634] INFO train iter: 2025, num_batches_per_epoch: 25
2022-08-04 05:29:43,057 [dl_trainer.py:635] INFO Epoch 81, avg train acc: 79.703125, lr: 0.100000, avg loss: 0.579443
2022-08-04 05:29:45,298 [dl_trainer.py:731] WARNING [ 81][ 2040/   25][rank:1] loss: 0.507, average forward (0.009359) and backward (0.026241) time: 0.045227, iotime: 0.009031 
2022-08-04 05:29:45,309 [dist_trainer.py:90] WARNING Time per iteration including communication: 0.123000, Speed: 2081.304580 images/s
2022-08-04 05:29:46,036 [dl_trainer.py:634] INFO train iter: 2050, num_batches_per_epoch: 25
2022-08-04 05:29:46,036 [dl_trainer.py:635] INFO Epoch 82, avg train acc: 80.578125, lr: 0.010000, avg loss: 0.552822
2022-08-04 05:29:48,289 [dist_trainer.py:90] WARNING Time per iteration including communication: 0.124145, Speed: 2062.109398 images/s
2022-08-04 05:29:49,080 [dl_trainer.py:634] INFO train iter: 2075, num_batches_per_epoch: 25
2022-08-04 05:29:49,080 [dl_trainer.py:635] INFO Epoch 83, avg train acc: 82.093750, lr: 0.010000, avg loss: 0.509779
2022-08-04 05:29:50,840 [dl_trainer.py:731] WARNING [ 83][ 2080/   25][rank:1] loss: 0.558, average forward (0.009376) and backward (0.024774) time: 0.048818, iotime: 0.014353 
2022-08-04 05:29:51,258 [dist_trainer.py:90] WARNING Time per iteration including communication: 0.123698, Speed: 2069.555900 images/s
2022-08-04 05:29:52,112 [dl_trainer.py:634] INFO train iter: 2100, num_batches_per_epoch: 25
2022-08-04 05:29:52,113 [dl_trainer.py:635] INFO Epoch 84, avg train acc: 82.921875, lr: 0.010000, avg loss: 0.505694
2022-08-04 05:29:54,240 [dist_trainer.py:90] WARNING Time per iteration including communication: 0.124210, Speed: 2061.018923 images/s
2022-08-04 05:29:54,855 [dl_trainer.py:731] WARNING [ 84][ 2120/   25][rank:1] loss: 0.485, average forward (0.009830) and backward (0.025921) time: 0.050753, iotime: 0.014225 
2022-08-04 05:29:55,116 [dl_trainer.py:634] INFO train iter: 2125, num_batches_per_epoch: 25
2022-08-04 05:29:55,117 [dl_trainer.py:635] INFO Epoch 85, avg train acc: 82.500000, lr: 0.010000, avg loss: 0.503081
2022-08-04 05:29:57,182 [dist_trainer.py:90] WARNING Time per iteration including communication: 0.122575, Speed: 2088.515289 images/s
2022-08-04 05:29:58,168 [dl_trainer.py:634] INFO train iter: 2150, num_batches_per_epoch: 25
2022-08-04 05:29:58,168 [dl_trainer.py:635] INFO Epoch 86, avg train acc: 83.484375, lr: 0.010000, avg loss: 0.485297
2022-08-04 05:30:00,158 [dl_trainer.py:731] WARNING [ 86][ 2160/   25][rank:1] loss: 0.439, average forward (0.010092) and backward (0.025886) time: 0.044838, iotime: 0.008559 
2022-08-04 05:30:00,171 [dist_trainer.py:90] WARNING Time per iteration including communication: 0.124510, Speed: 2056.058768 images/s
2022-08-04 05:30:01,214 [dl_trainer.py:634] INFO train iter: 2175, num_batches_per_epoch: 25
2022-08-04 05:30:01,215 [dl_trainer.py:635] INFO Epoch 87, avg train acc: 83.796875, lr: 0.010000, avg loss: 0.474230
2022-08-04 05:30:03,182 [dist_trainer.py:90] WARNING Time per iteration including communication: 0.125440, Speed: 2040.823575 images/s
2022-08-04 05:30:04,245 [dl_trainer.py:731] WARNING [ 87][ 2200/   25][rank:1] loss: 0.444, average forward (0.008879) and backward (0.025504) time: 0.047938, iotime: 0.013302 
2022-08-04 05:30:04,274 [dl_trainer.py:634] INFO train iter: 2200, num_batches_per_epoch: 25
2022-08-04 05:30:04,274 [dl_trainer.py:635] INFO Epoch 88, avg train acc: 83.265625, lr: 0.010000, avg loss: 0.483737
2022-08-04 05:30:06,220 [dist_trainer.py:90] WARNING Time per iteration including communication: 0.126560, Speed: 2022.756440 images/s
2022-08-04 05:30:07,287 [dl_trainer.py:634] INFO train iter: 2225, num_batches_per_epoch: 25
2022-08-04 05:30:07,287 [dl_trainer.py:635] INFO Epoch 89, avg train acc: 82.890625, lr: 0.010000, avg loss: 0.489520
2022-08-04 05:30:09,123 [dist_trainer.py:90] WARNING Time per iteration including communication: 0.120965, Speed: 2116.311091 images/s
2022-08-04 05:30:09,789 [dl_trainer.py:731] WARNING [ 89][ 2240/   25][rank:1] loss: 0.481, average forward (0.009104) and backward (0.026415) time: 0.050585, iotime: 0.014622 
2022-08-04 05:30:10,296 [dl_trainer.py:634] INFO train iter: 2250, num_batches_per_epoch: 25
2022-08-04 05:30:10,296 [dl_trainer.py:635] INFO Epoch 90, avg train acc: 83.671875, lr: 0.010000, avg loss: 0.467963
2022-08-04 05:30:12,116 [dist_trainer.py:90] WARNING Time per iteration including communication: 0.124668, Speed: 2053.448048 images/s
2022-08-04 05:30:13,306 [dl_trainer.py:634] INFO train iter: 2275, num_batches_per_epoch: 25
2022-08-04 05:30:13,307 [dl_trainer.py:635] INFO Epoch 91, avg train acc: 83.000000, lr: 0.010000, avg loss: 0.488354
2022-08-04 05:30:15,080 [dl_trainer.py:731] WARNING [ 91][ 2280/   25][rank:1] loss: 0.390, average forward (0.008984) and backward (0.026356) time: 0.044394, iotime: 0.008526 
2022-08-04 05:30:15,096 [dist_trainer.py:90] WARNING Time per iteration including communication: 0.124158, Speed: 2061.890287 images/s
2022-08-04 05:30:16,330 [dl_trainer.py:634] INFO train iter: 2300, num_batches_per_epoch: 25
2022-08-04 05:30:16,330 [dl_trainer.py:635] INFO Epoch 92, avg train acc: 83.968750, lr: 0.010000, avg loss: 0.453197
2022-08-04 05:30:18,080 [dist_trainer.py:90] WARNING Time per iteration including communication: 0.124294, Speed: 2059.637533 images/s
2022-08-04 05:30:19,092 [dl_trainer.py:731] WARNING [ 92][ 2320/   25][rank:1] loss: 0.548, average forward (0.010141) and backward (0.025271) time: 0.049884, iotime: 0.014178 
2022-08-04 05:30:19,352 [dl_trainer.py:634] INFO train iter: 2325, num_batches_per_epoch: 25
2022-08-04 05:30:19,353 [dl_trainer.py:635] INFO Epoch 93, avg train acc: 83.531250, lr: 0.010000, avg loss: 0.485405
2022-08-04 05:30:21,006 [dist_trainer.py:90] WARNING Time per iteration including communication: 0.121916, Speed: 2099.798450 images/s
2022-08-04 05:30:22,308 [dl_trainer.py:634] INFO train iter: 2350, num_batches_per_epoch: 25
2022-08-04 05:30:22,309 [dl_trainer.py:635] INFO Epoch 94, avg train acc: 83.578125, lr: 0.010000, avg loss: 0.474533
2022-08-04 05:30:23,936 [dist_trainer.py:90] WARNING Time per iteration including communication: 0.122032, Speed: 2097.807736 images/s
2022-08-04 05:30:24,592 [dl_trainer.py:731] WARNING [ 94][ 2360/   25][rank:1] loss: 0.509, average forward (0.009749) and backward (0.025783) time: 0.050495, iotime: 0.014358 
2022-08-04 05:30:25,314 [dl_trainer.py:634] INFO train iter: 2375, num_batches_per_epoch: 25
2022-08-04 05:30:25,314 [dl_trainer.py:635] INFO Epoch 95, avg train acc: 83.828125, lr: 0.010000, avg loss: 0.462235
2022-08-04 05:30:26,894 [dist_trainer.py:90] WARNING Time per iteration including communication: 0.123221, Speed: 2077.571296 images/s
2022-08-04 05:30:28,345 [dl_trainer.py:731] WARNING [ 95][ 2400/   25][rank:1] loss: 0.454, average forward (0.008861) and backward (0.026429) time: 0.044651, iotime: 0.009040 
2022-08-04 05:30:28,355 [dist_trainer.py:90] WARNING Time per iteration including communication: 0.060861, Speed: 4206.294404 images/s
2022-08-04 05:30:28,356 [dl_trainer.py:634] INFO train iter: 2400, num_batches_per_epoch: 25
2022-08-04 05:30:28,356 [dl_trainer.py:635] INFO Epoch 96, avg train acc: 84.562500, lr: 0.010000, avg loss: 0.438859
2022-08-04 05:30:31,355 [dist_trainer.py:90] WARNING Time per iteration including communication: 0.124986, Speed: 2048.223657 images/s
2022-08-04 05:30:31,669 [dl_trainer.py:634] INFO train iter: 2425, num_batches_per_epoch: 25
2022-08-04 05:30:31,670 [dl_trainer.py:635] INFO Epoch 97, avg train acc: 83.812500, lr: 0.010000, avg loss: 0.468524
2022-08-04 05:30:33,922 [dl_trainer.py:731] WARNING [ 97][ 2440/   25][rank:1] loss: 0.395, average forward (0.009306) and backward (0.025011) time: 0.048425, iotime: 0.013851 
2022-08-04 05:30:34,395 [dist_trainer.py:90] WARNING Time per iteration including communication: 0.126630, Speed: 2021.635650 images/s
2022-08-04 05:30:34,761 [dl_trainer.py:634] INFO train iter: 2450, num_batches_per_epoch: 25
2022-08-04 05:30:34,761 [dl_trainer.py:635] INFO Epoch 98, avg train acc: 83.953125, lr: 0.010000, avg loss: 0.472330
2022-08-04 05:30:37,534 [dist_trainer.py:90] WARNING Time per iteration including communication: 0.130766, Speed: 1957.699674 images/s
2022-08-04 05:30:37,942 [dl_trainer.py:634] INFO train iter: 2475, num_batches_per_epoch: 25
2022-08-04 05:30:37,943 [dl_trainer.py:635] INFO Epoch 99, avg train acc: 83.046875, lr: 0.010000, avg loss: 0.482299
2022-08-04 05:30:39,913 [dl_trainer.py:731] WARNING [ 99][ 2480/   25][rank:1] loss: 0.468, average forward (0.009405) and backward (0.025722) time: 0.050293, iotime: 0.014452 
2022-08-04 05:30:40,748 [dist_trainer.py:90] WARNING Time per iteration including communication: 0.133912, Speed: 1911.708497 images/s
2022-08-04 05:30:41,197 [dl_trainer.py:634] INFO train iter: 2500, num_batches_per_epoch: 25
2022-08-04 05:30:41,198 [dl_trainer.py:635] INFO Epoch 100, avg train acc: 84.453125, lr: 0.010000, avg loss: 0.456817
2022-08-04 05:30:43,703 [dl_trainer.py:731] WARNING [100][ 2520/   25][rank:1] loss: 0.510, average forward (0.009159) and backward (0.025317) time: 0.043117, iotime: 0.008391 
2022-08-04 05:30:43,721 [dist_trainer.py:90] WARNING Time per iteration including communication: 0.123847, Speed: 2067.074783 images/s
2022-08-04 05:30:44,215 [dl_trainer.py:634] INFO train iter: 2525, num_batches_per_epoch: 25
2022-08-04 05:30:44,216 [dl_trainer.py:635] INFO Epoch 101, avg train acc: 83.500000, lr: 0.010000, avg loss: 0.478614
2022-08-04 05:30:46,664 [dist_trainer.py:90] WARNING Time per iteration including communication: 0.122587, Speed: 2088.320823 images/s
2022-08-04 05:30:47,202 [dl_trainer.py:634] INFO train iter: 2550, num_batches_per_epoch: 25
2022-08-04 05:30:47,203 [dl_trainer.py:635] INFO Epoch 102, avg train acc: 83.765625, lr: 0.010000, avg loss: 0.482367
2022-08-04 05:30:49,256 [dl_trainer.py:731] WARNING [102][ 2560/   25][rank:1] loss: 0.417, average forward (0.009447) and backward (0.026417) time: 0.050076, iotime: 0.013824 
2022-08-04 05:30:49,676 [dist_trainer.py:90] WARNING Time per iteration including communication: 0.125477, Speed: 2040.221873 images/s
2022-08-04 05:30:50,268 [dl_trainer.py:634] INFO train iter: 2575, num_batches_per_epoch: 25
2022-08-04 05:30:50,268 [dl_trainer.py:635] INFO Epoch 103, avg train acc: 84.265625, lr: 0.010000, avg loss: 0.446218
2022-08-04 05:30:52,603 [dist_trainer.py:90] WARNING Time per iteration including communication: 0.121947, Speed: 2099.265103 images/s
2022-08-04 05:30:53,233 [dl_trainer.py:731] WARNING [103][ 2600/   25][rank:1] loss: 0.536, average forward (0.009611) and backward (0.026149) time: 0.049516, iotime: 0.013485 
2022-08-04 05:30:53,254 [dl_trainer.py:634] INFO train iter: 2600, num_batches_per_epoch: 25
2022-08-04 05:30:53,254 [dl_trainer.py:635] INFO Epoch 104, avg train acc: 84.187500, lr: 0.010000, avg loss: 0.456039
2022-08-04 05:30:55,542 [dist_trainer.py:90] WARNING Time per iteration including communication: 0.122447, Speed: 2090.698534 images/s
2022-08-04 05:30:56,234 [dl_trainer.py:634] INFO train iter: 2625, num_batches_per_epoch: 25
2022-08-04 05:30:56,235 [dl_trainer.py:635] INFO Epoch 105, avg train acc: 83.796875, lr: 0.010000, avg loss: 0.449428
2022-08-04 05:30:58,468 [dl_trainer.py:731] WARNING [105][ 2640/   25][rank:1] loss: 0.488, average forward (0.009242) and backward (0.026471) time: 0.044817, iotime: 0.008700 
2022-08-04 05:30:58,475 [dist_trainer.py:90] WARNING Time per iteration including communication: 0.122192, Speed: 2095.069377 images/s
2022-08-04 05:30:59,183 [dl_trainer.py:634] INFO train iter: 2650, num_batches_per_epoch: 25
2022-08-04 05:30:59,184 [dl_trainer.py:635] INFO Epoch 106, avg train acc: 83.703125, lr: 0.010000, avg loss: 0.472039
2022-08-04 05:31:01,414 [dist_trainer.py:90] WARNING Time per iteration including communication: 0.122428, Speed: 2091.023572 images/s
2022-08-04 05:31:02,194 [dl_trainer.py:634] INFO train iter: 2675, num_batches_per_epoch: 25
2022-08-04 05:31:02,195 [dl_trainer.py:635] INFO Epoch 107, avg train acc: 83.968750, lr: 0.010000, avg loss: 0.454593
2022-08-04 05:31:03,926 [dl_trainer.py:731] WARNING [107][ 2680/   25][rank:1] loss: 0.421, average forward (0.009908) and backward (0.024945) time: 0.048801, iotime: 0.013662 
2022-08-04 05:31:04,324 [dist_trainer.py:90] WARNING Time per iteration including communication: 0.121209, Speed: 2112.056886 images/s
2022-08-04 05:31:05,184 [dl_trainer.py:634] INFO train iter: 2700, num_batches_per_epoch: 25
2022-08-04 05:31:05,184 [dl_trainer.py:635] INFO Epoch 108, avg train acc: 84.843750, lr: 0.010000, avg loss: 0.441393
2022-08-04 05:31:07,336 [dist_trainer.py:90] WARNING Time per iteration including communication: 0.125490, Speed: 2039.996569 images/s
2022-08-04 05:31:07,965 [dl_trainer.py:731] WARNING [108][ 2720/   25][rank:1] loss: 0.388, average forward (0.009047) and backward (0.026127) time: 0.049299, iotime: 0.013863 
2022-08-04 05:31:08,224 [dl_trainer.py:634] INFO train iter: 2725, num_batches_per_epoch: 25
2022-08-04 05:31:08,224 [dl_trainer.py:635] INFO Epoch 109, avg train acc: 84.062500, lr: 0.010000, avg loss: 0.459544
2022-08-04 05:31:10,304 [dist_trainer.py:90] WARNING Time per iteration including communication: 0.123646, Speed: 2070.427346 images/s
2022-08-04 05:31:11,236 [dl_trainer.py:634] INFO train iter: 2750, num_batches_per_epoch: 25
2022-08-04 05:31:11,237 [dl_trainer.py:635] INFO Epoch 110, avg train acc: 84.171875, lr: 0.010000, avg loss: 0.439035
2022-08-04 05:31:13,257 [dl_trainer.py:731] WARNING [110][ 2760/   25][rank:1] loss: 0.436, average forward (0.010030) and backward (0.026310) time: 0.044979, iotime: 0.008331 
2022-08-04 05:31:13,268 [dist_trainer.py:90] WARNING Time per iteration including communication: 0.123491, Speed: 2073.032250 images/s
2022-08-04 05:31:14,249 [dl_trainer.py:634] INFO train iter: 2775, num_batches_per_epoch: 25
2022-08-04 05:31:14,250 [dl_trainer.py:635] INFO Epoch 111, avg train acc: 84.937500, lr: 0.010000, avg loss: 0.433445
2022-08-04 05:31:16,251 [dist_trainer.py:90] WARNING Time per iteration including communication: 0.124244, Speed: 2060.463410 images/s
2022-08-04 05:31:17,248 [dl_trainer.py:731] WARNING [111][ 2800/   25][rank:1] loss: 0.532, average forward (0.010511) and backward (0.025295) time: 0.050420, iotime: 0.014331 
2022-08-04 05:31:17,276 [dl_trainer.py:634] INFO train iter: 2800, num_batches_per_epoch: 25
2022-08-04 05:31:17,277 [dl_trainer.py:635] INFO Epoch 112, avg train acc: 84.015625, lr: 0.010000, avg loss: 0.450710
2022-08-04 05:31:19,147 [dist_trainer.py:90] WARNING Time per iteration including communication: 0.120669, Speed: 2121.507207 images/s
2022-08-04 05:31:20,240 [dl_trainer.py:634] INFO train iter: 2825, num_batches_per_epoch: 25
2022-08-04 05:31:20,241 [dl_trainer.py:635] INFO Epoch 113, avg train acc: 84.234375, lr: 0.010000, avg loss: 0.464235
2022-08-04 05:31:22,101 [dist_trainer.py:90] WARNING Time per iteration including communication: 0.123057, Speed: 2080.337127 images/s
2022-08-04 05:31:22,757 [dl_trainer.py:731] WARNING [113][ 2840/   25][rank:1] loss: 0.528, average forward (0.009430) and backward (0.026628) time: 0.050832, iotime: 0.014406 
2022-08-04 05:31:23,217 [dl_trainer.py:634] INFO train iter: 2850, num_batches_per_epoch: 25
2022-08-04 05:31:23,217 [dl_trainer.py:635] INFO Epoch 114, avg train acc: 84.531250, lr: 0.010000, avg loss: 0.435937
2022-08-04 05:31:25,028 [dist_trainer.py:90] WARNING Time per iteration including communication: 0.121937, Speed: 2099.450324 images/s
2022-08-04 05:31:26,188 [dl_trainer.py:634] INFO train iter: 2875, num_batches_per_epoch: 25
2022-08-04 05:31:26,188 [dl_trainer.py:635] INFO Epoch 115, avg train acc: 84.453125, lr: 0.010000, avg loss: 0.448538
2022-08-04 05:31:27,919 [dl_trainer.py:731] WARNING [115][ 2880/   25][rank:1] loss: 0.439, average forward (0.009505) and backward (0.026301) time: 0.044725, iotime: 0.008644 
2022-08-04 05:31:27,931 [dist_trainer.py:90] WARNING Time per iteration including communication: 0.120929, Speed: 2116.943736 images/s
2022-08-04 05:31:29,122 [dl_trainer.py:634] INFO train iter: 2900, num_batches_per_epoch: 25
2022-08-04 05:31:29,123 [dl_trainer.py:635] INFO Epoch 116, avg train acc: 84.437500, lr: 0.010000, avg loss: 0.449221
2022-08-04 05:31:30,929 [dist_trainer.py:90] WARNING Time per iteration including communication: 0.124906, Speed: 2049.543969 images/s
2022-08-04 05:31:31,963 [dl_trainer.py:731] WARNING [116][ 2920/   25][rank:1] loss: 0.466, average forward (0.009362) and backward (0.025074) time: 0.048415, iotime: 0.013709 
2022-08-04 05:31:32,201 [dl_trainer.py:634] INFO train iter: 2925, num_batches_per_epoch: 25
2022-08-04 05:31:32,202 [dl_trainer.py:635] INFO Epoch 117, avg train acc: 84.593750, lr: 0.010000, avg loss: 0.441875
2022-08-04 05:31:33,873 [dist_trainer.py:90] WARNING Time per iteration including communication: 0.122626, Speed: 2087.651893 images/s
2022-08-04 05:31:35,209 [dl_trainer.py:634] INFO train iter: 2950, num_batches_per_epoch: 25
2022-08-04 05:31:35,210 [dl_trainer.py:635] INFO Epoch 118, avg train acc: 84.046875, lr: 0.010000, avg loss: 0.449918
2022-08-04 05:31:36,841 [dist_trainer.py:90] WARNING Time per iteration including communication: 0.123651, Speed: 2070.339519 images/s
2022-08-04 05:31:37,471 [dl_trainer.py:731] WARNING [118][ 2960/   25][rank:1] loss: 0.486, average forward (0.009181) and backward (0.025860) time: 0.049716, iotime: 0.014081 
2022-08-04 05:31:38,306 [dl_trainer.py:634] INFO train iter: 2975, num_batches_per_epoch: 25
2022-08-04 05:31:38,307 [dl_trainer.py:635] INFO Epoch 119, avg train acc: 84.218750, lr: 0.010000, avg loss: 0.450522
2022-08-04 05:31:39,854 [dist_trainer.py:90] WARNING Time per iteration including communication: 0.125531, Speed: 2039.332412 images/s
2022-08-04 05:31:41,276 [dl_trainer.py:731] WARNING [119][ 3000/   25][rank:1] loss: 0.490, average forward (0.008829) and backward (0.025913) time: 0.043850, iotime: 0.008812 
2022-08-04 05:31:41,286 [dist_trainer.py:90] WARNING Time per iteration including communication: 0.059646, Speed: 4292.003667 images/s
2022-08-04 05:31:41,287 [dl_trainer.py:634] INFO train iter: 3000, num_batches_per_epoch: 25
2022-08-04 05:31:41,287 [dl_trainer.py:635] INFO Epoch 120, avg train acc: 85.250000, lr: 0.010000, avg loss: 0.428445
2022-08-04 05:31:44,287 [dist_trainer.py:90] WARNING Time per iteration including communication: 0.125020, Speed: 2047.664280 images/s
2022-08-04 05:31:44,598 [dl_trainer.py:634] INFO train iter: 3025, num_batches_per_epoch: 25
2022-08-04 05:31:44,598 [dl_trainer.py:635] INFO Epoch 121, avg train acc: 84.468750, lr: 0.010000, avg loss: 0.447016
2022-08-04 05:31:46,841 [dl_trainer.py:731] WARNING [121][ 3040/   25][rank:1] loss: 0.396, average forward (0.009639) and backward (0.025760) time: 0.049741, iotime: 0.014055 
2022-08-04 05:31:47,252 [dist_trainer.py:90] WARNING Time per iteration including communication: 0.123512, Speed: 2072.665601 images/s
2022-08-04 05:31:47,610 [dl_trainer.py:634] INFO train iter: 3050, num_batches_per_epoch: 25
2022-08-04 05:31:47,611 [dl_trainer.py:635] INFO Epoch 122, avg train acc: 84.421875, lr: 0.010000, avg loss: 0.454180
2022-08-04 05:31:50,166 [dist_trainer.py:90] WARNING Time per iteration including communication: 0.121376, Speed: 2109.149332 images/s
2022-08-04 05:31:50,571 [dl_trainer.py:634] INFO train iter: 3075, num_batches_per_epoch: 25
2022-08-04 05:31:50,571 [dl_trainer.py:635] INFO Epoch 123, avg train acc: 84.687500, lr: 0.001000, avg loss: 0.441924
2022-08-04 05:31:52,325 [dl_trainer.py:731] WARNING [123][ 3080/   25][rank:1] loss: 0.455, average forward (0.009943) and backward (0.027088) time: 0.051354, iotime: 0.014010 
2022-08-04 05:31:53,126 [dist_trainer.py:90] WARNING Time per iteration including communication: 0.123315, Speed: 2075.980814 images/s
2022-08-04 05:31:53,571 [dl_trainer.py:634] INFO train iter: 3100, num_batches_per_epoch: 25
2022-08-04 05:31:53,572 [dl_trainer.py:635] INFO Epoch 124, avg train acc: 84.796875, lr: 0.001000, avg loss: 0.438734
2022-08-04 05:31:56,075 [dl_trainer.py:731] WARNING [124][ 3120/   25][rank:1] loss: 0.473, average forward (0.009352) and backward (0.025557) time: 0.043747, iotime: 0.008567 
2022-08-04 05:31:56,083 [dist_trainer.py:90] WARNING Time per iteration including communication: 0.123173, Speed: 2078.370888 images/s
2022-08-04 05:31:56,596 [dl_trainer.py:634] INFO train iter: 3125, num_batches_per_epoch: 25
2022-08-04 05:31:56,597 [dl_trainer.py:635] INFO Epoch 125, avg train acc: 83.906250, lr: 0.001000, avg loss: 0.448520
2022-08-04 05:31:59,070 [dist_trainer.py:90] WARNING Time per iteration including communication: 0.124459, Speed: 2056.901150 images/s
2022-08-04 05:31:59,615 [dl_trainer.py:634] INFO train iter: 3150, num_batches_per_epoch: 25
2022-08-04 05:31:59,615 [dl_trainer.py:635] INFO Epoch 126, avg train acc: 85.609375, lr: 0.001000, avg loss: 0.420779
2022-08-04 05:32:01,640 [dl_trainer.py:731] WARNING [126][ 3160/   25][rank:1] loss: 0.519, average forward (0.009680) and backward (0.025743) time: 0.050191, iotime: 0.014467 
2022-08-04 05:32:02,050 [dist_trainer.py:90] WARNING Time per iteration including communication: 0.124144, Speed: 2062.129364 images/s
2022-08-04 05:32:02,643 [dl_trainer.py:634] INFO train iter: 3175, num_batches_per_epoch: 25
2022-08-04 05:32:02,644 [dl_trainer.py:635] INFO Epoch 127, avg train acc: 84.828125, lr: 0.001000, avg loss: 0.428357
2022-08-04 05:32:05,053 [dist_trainer.py:90] WARNING Time per iteration including communication: 0.125090, Speed: 2046.519138 images/s
2022-08-04 05:32:05,700 [dl_trainer.py:731] WARNING [127][ 3200/   25][rank:1] loss: 0.315, average forward (0.009465) and backward (0.026267) time: 0.050062, iotime: 0.014061 
2022-08-04 05:32:05,711 [dl_trainer.py:634] INFO train iter: 3200, num_batches_per_epoch: 25
2022-08-04 05:32:05,711 [dl_trainer.py:635] INFO Epoch 128, avg train acc: 84.968750, lr: 0.001000, avg loss: 0.435659
2022-08-04 05:32:08,088 [dist_trainer.py:90] WARNING Time per iteration including communication: 0.126444, Speed: 2024.609904 images/s
2022-08-04 05:32:08,752 [dl_trainer.py:634] INFO train iter: 3225, num_batches_per_epoch: 25
2022-08-04 05:32:08,753 [dl_trainer.py:635] INFO Epoch 129, avg train acc: 85.687500, lr: 0.001000, avg loss: 0.417397
2022-08-04 05:32:11,008 [dl_trainer.py:731] WARNING [129][ 3240/   25][rank:1] loss: 0.462, average forward (0.009759) and backward (0.026158) time: 0.044637, iotime: 0.008437 
2022-08-04 05:32:11,020 [dist_trainer.py:90] WARNING Time per iteration including communication: 0.122170, Speed: 2095.433772 images/s
2022-08-04 05:32:11,762 [dl_trainer.py:634] INFO train iter: 3250, num_batches_per_epoch: 25
2022-08-04 05:32:11,762 [dl_trainer.py:635] INFO Epoch 130, avg train acc: 84.953125, lr: 0.001000, avg loss: 0.426152
2022-08-04 05:32:13,933 [dist_trainer.py:90] WARNING Time per iteration including communication: 0.121350, Speed: 2109.596180 images/s
2022-08-04 05:32:14,722 [dl_trainer.py:634] INFO train iter: 3275, num_batches_per_epoch: 25
2022-08-04 05:32:14,723 [dl_trainer.py:635] INFO Epoch 131, avg train acc: 85.937500, lr: 0.001000, avg loss: 0.418079
2022-08-04 05:32:16,461 [dl_trainer.py:731] WARNING [131][ 3280/   25][rank:1] loss: 0.441, average forward (0.009875) and backward (0.025137) time: 0.049894, iotime: 0.014362 
2022-08-04 05:32:16,884 [dist_trainer.py:90] WARNING Time per iteration including communication: 0.122904, Speed: 2082.926803 images/s
2022-08-04 05:32:17,746 [dl_trainer.py:634] INFO train iter: 3300, num_batches_per_epoch: 25
2022-08-04 05:32:17,747 [dl_trainer.py:635] INFO Epoch 132, avg train acc: 84.421875, lr: 0.001000, avg loss: 0.440349
2022-08-04 05:32:19,908 [dist_trainer.py:90] WARNING Time per iteration including communication: 0.125989, Speed: 2031.927908 images/s
2022-08-04 05:32:20,541 [dl_trainer.py:731] WARNING [132][ 3320/   25][rank:1] loss: 0.423, average forward (0.009409) and backward (0.025973) time: 0.049847, iotime: 0.014198 
2022-08-04 05:32:20,795 [dl_trainer.py:634] INFO train iter: 3325, num_batches_per_epoch: 25
2022-08-04 05:32:20,796 [dl_trainer.py:635] INFO Epoch 133, avg train acc: 84.703125, lr: 0.001000, avg loss: 0.435867
2022-08-04 05:32:22,862 [dist_trainer.py:90] WARNING Time per iteration including communication: 0.123054, Speed: 2080.383143 images/s
2022-08-04 05:32:23,787 [dl_trainer.py:634] INFO train iter: 3350, num_batches_per_epoch: 25
2022-08-04 05:32:23,788 [dl_trainer.py:635] INFO Epoch 134, avg train acc: 85.015625, lr: 0.001000, avg loss: 0.434519
2022-08-04 05:32:25,789 [dl_trainer.py:731] WARNING [134][ 3360/   25][rank:1] loss: 0.441, average forward (0.009404) and backward (0.025320) time: 0.043615, iotime: 0.008438 
2022-08-04 05:32:25,800 [dist_trainer.py:90] WARNING Time per iteration including communication: 0.122425, Speed: 2091.072099 images/s
2022-08-04 05:32:26,761 [dl_trainer.py:634] INFO train iter: 3375, num_batches_per_epoch: 25
2022-08-04 05:32:26,761 [dl_trainer.py:635] INFO Epoch 135, avg train acc: 85.000000, lr: 0.001000, avg loss: 0.423592
2022-08-04 05:32:28,706 [dist_trainer.py:90] WARNING Time per iteration including communication: 0.121035, Speed: 2115.095195 images/s
