2022-08-04 05:13:59,751 [dist_trainer.py:135] INFO Configurations: Namespace(batch_size=128, compressor='topk', data_dir='./data', dataset='cifar10', density=0.001, dnn='resnet20', lr=0.1, max_epochs=141, nsteps_update=1, num_steps=35, nworkers=8, nwpernode=8, pretrain=None, saved_dir='./logs/iclr', threshold=524288000)
2022-08-04 05:14:28,190 [dl_trainer.py:254] INFO num_batches_per_epoch: 49
2022-08-04 05:14:28,535 [distributed_optimizer.py:63] INFO _dynamic_densities: [0.015625, 0.004, 0.001]
2022-08-04 05:14:28,537 [distributed_optimizer.py:323] INFO # of parameters: 269722
2022-08-04 05:14:28,537 [distributed_optimizer.py:324] INFO Total number of tensors: 59
2022-08-04 05:14:28,537 [distributed_optimizer.py:325] INFO Merged Number of groups: 1
2022-08-04 05:14:29,300 [dist_trainer.py:62] INFO max_epochs: 141
2022-08-04 05:14:33,625 [dl_trainer.py:731] WARNING [  0][   40/   49][rank:6] loss: 2.134, average forward (0.057567) and backward (0.029074) time: 0.089278, iotime: 0.002113 
2022-08-04 05:14:33,699 [dist_trainer.py:90] WARNING Time per iteration including communication: 0.107272, Speed: 1193.228915 images/s
2022-08-04 05:14:34,296 [dl_trainer.py:634] INFO train iter: 49, num_batches_per_epoch: 49
2022-08-04 05:14:34,297 [dl_trainer.py:635] INFO Epoch 1, avg train acc: 19.674745, lr: 0.020327, avg loss: 2.386738
2022-08-04 05:14:37,391 [dl_trainer.py:731] WARNING [  1][   80/   49][rank:6] loss: 1.828, average forward (0.009503) and backward (0.025934) time: 0.041389, iotime: 0.005635 
2022-08-04 05:14:37,857 [dist_trainer.py:90] WARNING Time per iteration including communication: 0.086621, Speed: 1477.703129 images/s
2022-08-04 05:14:38,503 [dl_trainer.py:634] INFO train iter: 98, num_batches_per_epoch: 49
2022-08-04 05:14:38,503 [dl_trainer.py:635] INFO Epoch 2, avg train acc: 29.368622, lr: 0.040245, avg loss: 1.865592
2022-08-04 05:14:41,142 [dl_trainer.py:731] WARNING [  2][  120/   49][rank:6] loss: 1.713, average forward (0.009237) and backward (0.024565) time: 0.040454, iotime: 0.006357 
2022-08-04 05:14:42,015 [dist_trainer.py:90] WARNING Time per iteration including communication: 0.086602, Speed: 1478.028414 images/s
2022-08-04 05:14:42,725 [dl_trainer.py:634] INFO train iter: 147, num_batches_per_epoch: 49
2022-08-04 05:14:42,726 [dl_trainer.py:635] INFO Epoch 3, avg train acc: 30.357143, lr: 0.060163, avg loss: 1.875859
2022-08-04 05:14:44,931 [dl_trainer.py:731] WARNING [  3][  160/   49][rank:6] loss: 1.907, average forward (0.009536) and backward (0.025744) time: 0.042549, iotime: 0.006930 
2022-08-04 05:14:46,160 [dist_trainer.py:90] WARNING Time per iteration including communication: 0.086352, Speed: 1482.301904 images/s
2022-08-04 05:14:46,894 [dl_trainer.py:634] INFO train iter: 196, num_batches_per_epoch: 49
2022-08-04 05:14:46,895 [dl_trainer.py:635] INFO Epoch 4, avg train acc: 26.801658, lr: 0.080082, avg loss: 2.013350
2022-08-04 05:14:48,646 [dl_trainer.py:731] WARNING [  4][  200/   49][rank:6] loss: 1.998, average forward (0.008709) and backward (0.025214) time: 0.041046, iotime: 0.006828 
2022-08-04 05:14:50,288 [dist_trainer.py:90] WARNING Time per iteration including communication: 0.085995, Speed: 1488.454701 images/s
2022-08-04 05:14:50,608 [dl_trainer.py:731] WARNING [  4][  240/   49][rank:6] loss: 1.952, average forward (0.008705) and backward (0.024113) time: 0.034979, iotime: 0.001910 
2022-08-04 05:14:51,064 [dl_trainer.py:634] INFO train iter: 245, num_batches_per_epoch: 49
2022-08-04 05:14:51,065 [dl_trainer.py:635] INFO Epoch 5, avg train acc: 29.352679, lr: 0.100000, avg loss: 1.887675
2022-08-04 05:14:54,283 [dl_trainer.py:731] WARNING [  5][  280/   49][rank:6] loss: 1.613, average forward (0.008691) and backward (0.019685) time: 0.034842, iotime: 0.006220 
2022-08-04 05:14:54,345 [dist_trainer.py:90] WARNING Time per iteration including communication: 0.084510, Speed: 1514.608607 images/s
2022-08-04 05:14:55,179 [dl_trainer.py:634] INFO train iter: 294, num_batches_per_epoch: 49
2022-08-04 05:14:55,179 [dl_trainer.py:635] INFO Epoch 6, avg train acc: 33.609694, lr: 0.100000, avg loss: 1.740894
2022-08-04 05:14:58,064 [dl_trainer.py:731] WARNING [  6][  320/   49][rank:6] loss: 1.469, average forward (0.009246) and backward (0.024370) time: 0.040923, iotime: 0.006899 
2022-08-04 05:14:58,509 [dist_trainer.py:90] WARNING Time per iteration including communication: 0.086732, Speed: 1475.804202 images/s
2022-08-04 05:14:59,373 [dl_trainer.py:634] INFO train iter: 343, num_batches_per_epoch: 49
2022-08-04 05:14:59,374 [dl_trainer.py:635] INFO Epoch 7, avg train acc: 37.388393, lr: 0.100000, avg loss: 1.653681
2022-08-04 05:15:01,718 [dl_trainer.py:731] WARNING [  7][  360/   49][rank:6] loss: 1.691, average forward (0.009503) and backward (0.023940) time: 0.040985, iotime: 0.007263 
2022-08-04 05:15:02,554 [dist_trainer.py:90] WARNING Time per iteration including communication: 0.084266, Speed: 1518.993056 images/s
2022-08-04 05:15:03,492 [dl_trainer.py:634] INFO train iter: 392, num_batches_per_epoch: 49
2022-08-04 05:15:03,493 [dl_trainer.py:635] INFO Epoch 8, avg train acc: 41.055485, lr: 0.100000, avg loss: 1.569493
2022-08-04 05:15:05,519 [dl_trainer.py:731] WARNING [  8][  400/   49][rank:6] loss: 1.540, average forward (0.009095) and backward (0.023277) time: 0.039434, iotime: 0.006790 
2022-08-04 05:15:06,727 [dist_trainer.py:90] WARNING Time per iteration including communication: 0.086929, Speed: 1472.466819 images/s
2022-08-04 05:15:07,626 [dl_trainer.py:731] WARNING [  8][  440/   49][rank:6] loss: 1.473, average forward (0.009357) and backward (0.020054) time: 0.036903, iotime: 0.007234 
2022-08-04 05:15:07,685 [dl_trainer.py:634] INFO train iter: 441, num_batches_per_epoch: 49
2022-08-04 05:15:07,685 [dl_trainer.py:635] INFO Epoch 9, avg train acc: 45.009566, lr: 0.100000, avg loss: 1.493680
2022-08-04 05:15:10,803 [dist_trainer.py:90] WARNING Time per iteration including communication: 0.084886, Speed: 1507.907198 images/s
2022-08-04 05:15:11,128 [dl_trainer.py:731] WARNING [  9][  480/   49][rank:6] loss: 1.662, average forward (0.009331) and backward (0.023284) time: 0.035059, iotime: 0.002103 
2022-08-04 05:15:11,817 [dl_trainer.py:634] INFO train iter: 490, num_batches_per_epoch: 49
2022-08-04 05:15:11,817 [dl_trainer.py:635] INFO Epoch 10, avg train acc: 45.918367, lr: 0.100000, avg loss: 1.457144
2022-08-04 05:15:14,820 [dl_trainer.py:731] WARNING [ 10][  520/   49][rank:6] loss: 1.453, average forward (0.008600) and backward (0.022529) time: 0.037852, iotime: 0.006460 
2022-08-04 05:15:14,875 [dist_trainer.py:90] WARNING Time per iteration including communication: 0.084794, Speed: 1509.544222 images/s
2022-08-04 05:15:15,887 [dl_trainer.py:634] INFO train iter: 539, num_batches_per_epoch: 49
2022-08-04 05:15:15,888 [dl_trainer.py:635] INFO Epoch 11, avg train acc: 48.182398, lr: 0.100000, avg loss: 1.413962
2022-08-04 05:15:18,369 [dl_trainer.py:731] WARNING [ 11][  560/   49][rank:6] loss: 1.411, average forward (0.009635) and backward (0.022947) time: 0.039246, iotime: 0.006405 
2022-08-04 05:15:18,822 [dist_trainer.py:90] WARNING Time per iteration including communication: 0.082231, Speed: 1556.584279 images/s
2022-08-04 05:15:19,964 [dl_trainer.py:634] INFO train iter: 588, num_batches_per_epoch: 49
2022-08-04 05:15:19,965 [dl_trainer.py:635] INFO Epoch 12, avg train acc: 51.514668, lr: 0.100000, avg loss: 1.335073
2022-08-04 05:15:22,108 [dl_trainer.py:731] WARNING [ 12][  600/   49][rank:6] loss: 1.365, average forward (0.008807) and backward (0.024103) time: 0.039901, iotime: 0.006701 
2022-08-04 05:15:22,951 [dist_trainer.py:90] WARNING Time per iteration including communication: 0.086007, Speed: 1488.248309 images/s
2022-08-04 05:15:24,114 [dl_trainer.py:634] INFO train iter: 637, num_batches_per_epoch: 49
2022-08-04 05:15:24,115 [dl_trainer.py:635] INFO Epoch 13, avg train acc: 52.981505, lr: 0.100000, avg loss: 1.293227
2022-08-04 05:15:25,736 [dl_trainer.py:731] WARNING [ 13][  640/   49][rank:6] loss: 1.404, average forward (0.009300) and backward (0.022383) time: 0.038475, iotime: 0.006487 
2022-08-04 05:15:26,952 [dist_trainer.py:90] WARNING Time per iteration including communication: 0.083352, Speed: 1535.654283 images/s
2022-08-04 05:15:27,889 [dl_trainer.py:731] WARNING [ 13][  680/   49][rank:6] loss: 1.306, average forward (0.009421) and backward (0.023185) time: 0.039976, iotime: 0.007082 
2022-08-04 05:15:28,185 [dl_trainer.py:634] INFO train iter: 686, num_batches_per_epoch: 49
2022-08-04 05:15:28,186 [dl_trainer.py:635] INFO Epoch 14, avg train acc: 54.862883, lr: 0.100000, avg loss: 1.259654
2022-08-04 05:15:31,071 [dist_trainer.py:90] WARNING Time per iteration including communication: 0.085802, Speed: 1491.813993 images/s
2022-08-04 05:15:31,412 [dl_trainer.py:731] WARNING [ 14][  720/   49][rank:6] loss: 1.317, average forward (0.008818) and backward (0.023434) time: 0.034571, iotime: 0.002036 
2022-08-04 05:15:32,356 [dl_trainer.py:634] INFO train iter: 735, num_batches_per_epoch: 49
2022-08-04 05:15:32,356 [dl_trainer.py:635] INFO Epoch 15, avg train acc: 56.250000, lr: 0.100000, avg loss: 1.216498
2022-08-04 05:15:35,098 [dl_trainer.py:731] WARNING [ 15][  760/   49][rank:6] loss: 1.035, average forward (0.008895) and backward (0.022790) time: 0.038925, iotime: 0.006673 
2022-08-04 05:15:35,159 [dist_trainer.py:90] WARNING Time per iteration including communication: 0.085146, Speed: 1503.298109 images/s
2022-08-04 05:15:36,493 [dl_trainer.py:634] INFO train iter: 784, num_batches_per_epoch: 49
2022-08-04 05:15:36,494 [dl_trainer.py:635] INFO Epoch 16, avg train acc: 59.438776, lr: 0.100000, avg loss: 1.121284
2022-08-04 05:15:38,755 [dl_trainer.py:731] WARNING [ 16][  800/   49][rank:6] loss: 1.130, average forward (0.009344) and backward (0.023228) time: 0.040210, iotime: 0.007341 
2022-08-04 05:15:39,229 [dist_trainer.py:90] WARNING Time per iteration including communication: 0.084783, Speed: 1509.728966 images/s
2022-08-04 05:15:40,585 [dl_trainer.py:634] INFO train iter: 833, num_batches_per_epoch: 49
2022-08-04 05:15:40,586 [dl_trainer.py:635] INFO Epoch 17, avg train acc: 61.017219, lr: 0.100000, avg loss: 1.095786
2022-08-04 05:15:42,652 [dl_trainer.py:731] WARNING [ 17][  840/   49][rank:6] loss: 1.120, average forward (0.009751) and backward (0.023620) time: 0.041033, iotime: 0.007357 
2022-08-04 05:15:43,511 [dist_trainer.py:90] WARNING Time per iteration including communication: 0.089195, Speed: 1435.063083 images/s
2022-08-04 05:15:44,803 [dl_trainer.py:731] WARNING [ 17][  880/   49][rank:6] loss: 1.096, average forward (0.008820) and backward (0.023402) time: 0.039787, iotime: 0.007208 
2022-08-04 05:15:44,917 [dl_trainer.py:634] INFO train iter: 882, num_batches_per_epoch: 49
2022-08-04 05:15:44,917 [dl_trainer.py:635] INFO Epoch 18, avg train acc: 60.682398, lr: 0.100000, avg loss: 1.079329
2022-08-04 05:15:47,588 [dist_trainer.py:90] WARNING Time per iteration including communication: 0.084915, Speed: 1507.392790 images/s
2022-08-04 05:15:48,516 [dl_trainer.py:731] WARNING [ 18][  920/   49][rank:6] loss: 0.998, average forward (0.009278) and backward (0.021922) time: 0.038286, iotime: 0.006794 
2022-08-04 05:15:49,073 [dl_trainer.py:634] INFO train iter: 931, num_batches_per_epoch: 49
2022-08-04 05:15:49,075 [dl_trainer.py:635] INFO Epoch 19, avg train acc: 61.957908, lr: 0.100000, avg loss: 1.073487
2022-08-04 05:15:51,633 [dist_trainer.py:90] WARNING Time per iteration including communication: 0.084272, Speed: 1518.893498 images/s
2022-08-04 05:15:51,939 [dl_trainer.py:731] WARNING [ 19][  960/   49][rank:6] loss: 1.133, average forward (0.008757) and backward (0.019759) time: 0.030924, iotime: 0.002116 
2022-08-04 05:15:53,080 [dl_trainer.py:634] INFO train iter: 980, num_batches_per_epoch: 49
2022-08-04 05:15:53,081 [dl_trainer.py:635] INFO Epoch 20, avg train acc: 61.623087, lr: 0.100000, avg loss: 1.060366
2022-08-04 05:15:55,559 [dl_trainer.py:731] WARNING [ 20][ 1000/   49][rank:6] loss: 1.030, average forward (0.009473) and backward (0.022678) time: 0.039340, iotime: 0.006893 
2022-08-04 05:15:55,617 [dist_trainer.py:90] WARNING Time per iteration including communication: 0.082974, Speed: 1542.659639 images/s
2022-08-04 05:15:57,202 [dl_trainer.py:634] INFO train iter: 1029, num_batches_per_epoch: 49
2022-08-04 05:15:57,203 [dl_trainer.py:635] INFO Epoch 21, avg train acc: 63.791454, lr: 0.100000, avg loss: 1.022693
2022-08-04 05:15:59,217 [dl_trainer.py:731] WARNING [ 21][ 1040/   49][rank:6] loss: 1.019, average forward (0.009314) and backward (0.022367) time: 0.038774, iotime: 0.006791 
2022-08-04 05:15:59,652 [dist_trainer.py:90] WARNING Time per iteration including communication: 0.084064, Speed: 1522.640560 images/s
2022-08-04 05:16:01,297 [dl_trainer.py:634] INFO train iter: 1078, num_batches_per_epoch: 49
2022-08-04 05:16:01,297 [dl_trainer.py:635] INFO Epoch 22, avg train acc: 65.035077, lr: 0.100000, avg loss: 0.986154
2022-08-04 05:16:02,972 [dl_trainer.py:731] WARNING [ 22][ 1080/   49][rank:6] loss: 0.896, average forward (0.009139) and backward (0.021428) time: 0.037912, iotime: 0.007044 
2022-08-04 05:16:03,826 [dist_trainer.py:90] WARNING Time per iteration including communication: 0.086943, Speed: 1472.225390 images/s
2022-08-04 05:16:05,148 [dl_trainer.py:731] WARNING [ 22][ 1120/   49][rank:6] loss: 1.000, average forward (0.009658) and backward (0.021591) time: 0.039093, iotime: 0.007491 
2022-08-04 05:16:05,505 [dl_trainer.py:634] INFO train iter: 1127, num_batches_per_epoch: 49
2022-08-04 05:16:05,505 [dl_trainer.py:635] INFO Epoch 23, avg train acc: 66.119260, lr: 0.100000, avg loss: 0.950959
2022-08-04 05:16:08,002 [dist_trainer.py:90] WARNING Time per iteration including communication: 0.086975, Speed: 1471.692590 images/s
2022-08-04 05:16:08,903 [dl_trainer.py:731] WARNING [ 23][ 1160/   49][rank:6] loss: 0.934, average forward (0.008911) and backward (0.021817) time: 0.038322, iotime: 0.007305 
2022-08-04 05:16:09,710 [dl_trainer.py:634] INFO train iter: 1176, num_batches_per_epoch: 49
2022-08-04 05:16:09,711 [dl_trainer.py:635] INFO Epoch 24, avg train acc: 67.235332, lr: 0.100000, avg loss: 0.914157
2022-08-04 05:16:12,032 [dist_trainer.py:90] WARNING Time per iteration including communication: 0.083956, Speed: 1524.615467 images/s
2022-08-04 05:16:12,389 [dl_trainer.py:731] WARNING [ 24][ 1200/   49][rank:6] loss: 0.838, average forward (0.010188) and backward (0.024127) time: 0.036856, iotime: 0.002213 
2022-08-04 05:16:13,801 [dl_trainer.py:634] INFO train iter: 1225, num_batches_per_epoch: 49
2022-08-04 05:16:13,802 [dl_trainer.py:635] INFO Epoch 25, avg train acc: 69.435587, lr: 0.100000, avg loss: 0.862510
2022-08-04 05:16:16,043 [dl_trainer.py:731] WARNING [ 25][ 1240/   49][rank:6] loss: 0.887, average forward (0.009694) and backward (0.023404) time: 0.040621, iotime: 0.007205 
2022-08-04 05:16:16,089 [dist_trainer.py:90] WARNING Time per iteration including communication: 0.084497, Speed: 1514.849623 images/s
2022-08-04 05:16:17,834 [dl_trainer.py:634] INFO train iter: 1274, num_batches_per_epoch: 49
2022-08-04 05:16:17,835 [dl_trainer.py:635] INFO Epoch 26, avg train acc: 69.196429, lr: 0.100000, avg loss: 0.844672
2022-08-04 05:16:19,610 [dl_trainer.py:731] WARNING [ 26][ 1280/   49][rank:6] loss: 0.829, average forward (0.008803) and backward (0.020572) time: 0.036658, iotime: 0.006953 
2022-08-04 05:16:20,072 [dist_trainer.py:90] WARNING Time per iteration including communication: 0.082966, Speed: 1542.792540 images/s
2022-08-04 05:16:21,802 [dl_trainer.py:731] WARNING [ 26][ 1320/   49][rank:6] loss: 0.806, average forward (0.009891) and backward (0.023724) time: 0.041406, iotime: 0.007307 
2022-08-04 05:16:21,951 [dl_trainer.py:634] INFO train iter: 1323, num_batches_per_epoch: 49
2022-08-04 05:16:21,951 [dl_trainer.py:635] INFO Epoch 27, avg train acc: 70.982143, lr: 0.100000, avg loss: 0.821553
2022-08-04 05:16:24,169 [dist_trainer.py:90] WARNING Time per iteration including communication: 0.085348, Speed: 1499.734112 images/s
2022-08-04 05:16:25,494 [dl_trainer.py:731] WARNING [ 27][ 1360/   49][rank:6] loss: 0.773, average forward (0.008786) and backward (0.022575) time: 0.038839, iotime: 0.007214 
2022-08-04 05:16:26,105 [dl_trainer.py:634] INFO train iter: 1372, num_batches_per_epoch: 49
2022-08-04 05:16:26,106 [dl_trainer.py:635] INFO Epoch 28, avg train acc: 71.699617, lr: 0.100000, avg loss: 0.785536
2022-08-04 05:16:28,236 [dist_trainer.py:90] WARNING Time per iteration including communication: 0.084705, Speed: 1511.126141 images/s
2022-08-04 05:16:29,174 [dl_trainer.py:731] WARNING [ 28][ 1400/   49][rank:6] loss: 0.853, average forward (0.010303) and backward (0.024016) time: 0.041650, iotime: 0.007014 
2022-08-04 05:16:30,191 [dl_trainer.py:634] INFO train iter: 1421, num_batches_per_epoch: 49
2022-08-04 05:16:30,192 [dl_trainer.py:635] INFO Epoch 29, avg train acc: 71.348852, lr: 0.100000, avg loss: 0.805772
2022-08-04 05:16:32,504 [dist_trainer.py:90] WARNING Time per iteration including communication: 0.088908, Speed: 1439.698400 images/s
2022-08-04 05:16:32,850 [dl_trainer.py:731] WARNING [ 29][ 1440/   49][rank:6] loss: 0.825, average forward (0.009198) and backward (0.024724) time: 0.036402, iotime: 0.002148 
2022-08-04 05:16:34,549 [dl_trainer.py:634] INFO train iter: 1470, num_batches_per_epoch: 49
2022-08-04 05:16:34,549 [dl_trainer.py:635] INFO Epoch 30, avg train acc: 72.369260, lr: 0.100000, avg loss: 0.788392
2022-08-04 05:16:36,509 [dl_trainer.py:731] WARNING [ 30][ 1480/   49][rank:6] loss: 0.964, average forward (0.009525) and backward (0.024155) time: 0.041105, iotime: 0.007127 
2022-08-04 05:16:36,559 [dist_trainer.py:90] WARNING Time per iteration including communication: 0.084478, Speed: 1515.184788 images/s
2022-08-04 05:16:38,634 [dl_trainer.py:634] INFO train iter: 1519, num_batches_per_epoch: 49
2022-08-04 05:16:38,635 [dl_trainer.py:635] INFO Epoch 31, avg train acc: 73.437500, lr: 0.100000, avg loss: 0.754083
2022-08-04 05:16:38,673 [dl_trainer.py:731] WARNING [ 31][ 1520/   49][rank:6] loss: 0.600, average forward (0.008903) and backward (0.021512) time: 0.037958, iotime: 0.007214 
2022-08-04 05:16:40,621 [dist_trainer.py:90] WARNING Time per iteration including communication: 0.084607, Speed: 1512.879492 images/s
2022-08-04 05:16:42,281 [dl_trainer.py:731] WARNING [ 31][ 1560/   49][rank:6] loss: 0.648, average forward (0.009216) and backward (0.023438) time: 0.039735, iotime: 0.006788 
2022-08-04 05:16:42,711 [dl_trainer.py:634] INFO train iter: 1568, num_batches_per_epoch: 49
2022-08-04 05:16:42,711 [dl_trainer.py:635] INFO Epoch 32, avg train acc: 74.107143, lr: 0.100000, avg loss: 0.733954
2022-08-04 05:16:44,675 [dist_trainer.py:90] WARNING Time per iteration including communication: 0.084442, Speed: 1515.830418 images/s
2022-08-04 05:16:45,972 [dl_trainer.py:731] WARNING [ 32][ 1600/   49][rank:6] loss: 0.715, average forward (0.009571) and backward (0.024742) time: 0.041839, iotime: 0.007236 
2022-08-04 05:16:46,813 [dl_trainer.py:634] INFO train iter: 1617, num_batches_per_epoch: 49
2022-08-04 05:16:46,814 [dl_trainer.py:635] INFO Epoch 33, avg train acc: 74.011480, lr: 0.100000, avg loss: 0.743579
2022-08-04 05:16:48,729 [dist_trainer.py:90] WARNING Time per iteration including communication: 0.084447, Speed: 1515.735732 images/s
2022-08-04 05:16:49,650 [dl_trainer.py:731] WARNING [ 33][ 1640/   49][rank:6] loss: 0.862, average forward (0.008829) and backward (0.023141) time: 0.038982, iotime: 0.006685 
2022-08-04 05:16:50,901 [dl_trainer.py:634] INFO train iter: 1666, num_batches_per_epoch: 49
2022-08-04 05:16:50,901 [dl_trainer.py:635] INFO Epoch 34, avg train acc: 75.127551, lr: 0.100000, avg loss: 0.716489
2022-08-04 05:16:52,717 [dist_trainer.py:90] WARNING Time per iteration including communication: 0.083056, Speed: 1541.120621 images/s
2022-08-04 05:16:53,049 [dl_trainer.py:731] WARNING [ 34][ 1680/   49][rank:6] loss: 0.884, average forward (0.009164) and backward (0.024495) time: 0.036174, iotime: 0.002201 
2022-08-04 05:16:54,964 [dl_trainer.py:634] INFO train iter: 1715, num_batches_per_epoch: 49
2022-08-04 05:16:54,964 [dl_trainer.py:635] INFO Epoch 35, avg train acc: 75.223214, lr: 0.100000, avg loss: 0.698162
2022-08-04 05:16:56,658 [dl_trainer.py:731] WARNING [ 35][ 1720/   49][rank:6] loss: 0.646, average forward (0.008939) and backward (0.021819) time: 0.038070, iotime: 0.007034 
2022-08-04 05:16:56,729 [dist_trainer.py:90] WARNING Time per iteration including communication: 0.083573, Speed: 1531.590879 images/s
2022-08-04 05:16:58,767 [dl_trainer.py:731] WARNING [ 35][ 1760/   49][rank:6] loss: 0.752, average forward (0.008782) and backward (0.023628) time: 0.039234, iotime: 0.006560 
2022-08-04 05:16:58,953 [dl_trainer.py:634] INFO train iter: 1764, num_batches_per_epoch: 49
2022-08-04 05:16:58,954 [dl_trainer.py:635] INFO Epoch 36, avg train acc: 76.913265, lr: 0.100000, avg loss: 0.654907
2022-08-04 05:17:00,723 [dist_trainer.py:90] WARNING Time per iteration including communication: 0.083182, Speed: 1538.789266 images/s
2022-08-04 05:17:02,447 [dl_trainer.py:731] WARNING [ 36][ 1800/   49][rank:6] loss: 0.740, average forward (0.009307) and backward (0.024026) time: 0.040831, iotime: 0.007189 
2022-08-04 05:17:03,120 [dl_trainer.py:634] INFO train iter: 1813, num_batches_per_epoch: 49
2022-08-04 05:17:03,120 [dl_trainer.py:635] INFO Epoch 37, avg train acc: 77.423469, lr: 0.100000, avg loss: 0.656241
2022-08-04 05:17:04,822 [dist_trainer.py:90] WARNING Time per iteration including communication: 0.085381, Speed: 1499.170928 images/s
2022-08-04 05:17:06,098 [dl_trainer.py:731] WARNING [ 37][ 1840/   49][rank:6] loss: 0.473, average forward (0.009463) and backward (0.025373) time: 0.041913, iotime: 0.006754 
2022-08-04 05:17:07,141 [dl_trainer.py:634] INFO train iter: 1862, num_batches_per_epoch: 49
2022-08-04 05:17:07,141 [dl_trainer.py:635] INFO Epoch 38, avg train acc: 77.088648, lr: 0.100000, avg loss: 0.650203
2022-08-04 05:17:08,914 [dist_trainer.py:90] WARNING Time per iteration including communication: 0.085241, Speed: 1501.623232 images/s
2022-08-04 05:17:09,855 [dl_trainer.py:731] WARNING [ 38][ 1880/   49][rank:6] loss: 0.637, average forward (0.009469) and backward (0.021214) time: 0.037851, iotime: 0.006880 
2022-08-04 05:17:11,388 [dl_trainer.py:634] INFO train iter: 1911, num_batches_per_epoch: 49
2022-08-04 05:17:11,389 [dl_trainer.py:635] INFO Epoch 39, avg train acc: 77.455357, lr: 0.100000, avg loss: 0.635608
2022-08-04 05:17:13,013 [dist_trainer.py:90] WARNING Time per iteration including communication: 0.085384, Speed: 1499.113020 images/s
2022-08-04 05:17:13,367 [dl_trainer.py:731] WARNING [ 39][ 1920/   49][rank:6] loss: 0.611, average forward (0.008397) and backward (0.024563) time: 0.035243, iotime: 0.002023 
2022-08-04 05:17:15,487 [dl_trainer.py:731] WARNING [ 39][ 1960/   49][rank:6] loss: 0.594, average forward (0.009838) and backward (0.023062) time: 0.040032, iotime: 0.006851 
2022-08-04 05:17:15,497 [dl_trainer.py:634] INFO train iter: 1960, num_batches_per_epoch: 49
2022-08-04 05:17:15,498 [dl_trainer.py:635] INFO Epoch 40, avg train acc: 78.172832, lr: 0.100000, avg loss: 0.634096
2022-08-04 05:17:17,032 [dist_trainer.py:90] WARNING Time per iteration including communication: 0.083713, Speed: 1529.040617 images/s
2022-08-04 05:17:19,119 [dl_trainer.py:731] WARNING [ 40][ 2000/   49][rank:6] loss: 0.669, average forward (0.009220) and backward (0.022804) time: 0.039318, iotime: 0.007015 
2022-08-04 05:17:19,541 [dist_trainer.py:90] WARNING Time per iteration including communication: 0.052252, Speed: 2449.654676 images/s
2022-08-04 05:17:19,542 [dl_trainer.py:634] INFO train iter: 2009, num_batches_per_epoch: 49
2022-08-04 05:17:19,542 [dl_trainer.py:635] INFO Epoch 41, avg train acc: 79.065689, lr: 0.100000, avg loss: 0.602947
2022-08-04 05:17:22,759 [dl_trainer.py:731] WARNING [ 41][ 2040/   49][rank:6] loss: 0.640, average forward (0.008301) and backward (0.023110) time: 0.038066, iotime: 0.006423 
2022-08-04 05:17:23,586 [dist_trainer.py:90] WARNING Time per iteration including communication: 0.084251, Speed: 1519.274342 images/s
2022-08-04 05:17:23,640 [dl_trainer.py:634] INFO train iter: 2058, num_batches_per_epoch: 49
2022-08-04 05:17:23,640 [dl_trainer.py:635] INFO Epoch 42, avg train acc: 78.475765, lr: 0.100000, avg loss: 0.606016
2022-08-04 05:17:26,405 [dl_trainer.py:731] WARNING [ 42][ 2080/   49][rank:6] loss: 0.660, average forward (0.009236) and backward (0.022470) time: 0.038686, iotime: 0.006705 
2022-08-04 05:17:27,595 [dist_trainer.py:90] WARNING Time per iteration including communication: 0.083515, Speed: 1532.659563 images/s
2022-08-04 05:17:27,692 [dl_trainer.py:634] INFO train iter: 2107, num_batches_per_epoch: 49
2022-08-04 05:17:27,692 [dl_trainer.py:635] INFO Epoch 43, avg train acc: 80.915179, lr: 0.100000, avg loss: 0.548735
2022-08-04 05:17:30,057 [dl_trainer.py:731] WARNING [ 43][ 2120/   49][rank:6] loss: 0.565, average forward (0.009100) and backward (0.022520) time: 0.038353, iotime: 0.006449 
2022-08-04 05:17:31,634 [dist_trainer.py:90] WARNING Time per iteration including communication: 0.084135, Speed: 1521.359787 images/s
2022-08-04 05:17:31,778 [dl_trainer.py:634] INFO train iter: 2156, num_batches_per_epoch: 49
2022-08-04 05:17:31,778 [dl_trainer.py:635] INFO Epoch 44, avg train acc: 80.660077, lr: 0.100000, avg loss: 0.560359
2022-08-04 05:17:33,519 [dl_trainer.py:731] WARNING [ 44][ 2160/   49][rank:6] loss: 0.551, average forward (0.008499) and backward (0.020833) time: 0.031537, iotime: 0.001956 
2022-08-04 05:17:35,716 [dl_trainer.py:731] WARNING [ 44][ 2200/   49][rank:6] loss: 0.538, average forward (0.008541) and backward (0.023438) time: 0.038966, iotime: 0.006765 
2022-08-04 05:17:35,769 [dist_trainer.py:90] WARNING Time per iteration including communication: 0.086123, Speed: 1486.251137 images/s
2022-08-04 05:17:35,960 [dl_trainer.py:634] INFO train iter: 2205, num_batches_per_epoch: 49
2022-08-04 05:17:35,960 [dl_trainer.py:635] INFO Epoch 45, avg train acc: 80.963010, lr: 0.100000, avg loss: 0.542256
2022-08-04 05:17:39,309 [dl_trainer.py:731] WARNING [ 45][ 2240/   49][rank:6] loss: 0.550, average forward (0.008397) and backward (0.021379) time: 0.036803, iotime: 0.006783 
2022-08-04 05:17:39,766 [dist_trainer.py:90] WARNING Time per iteration including communication: 0.083260, Speed: 1537.356269 images/s
2022-08-04 05:17:39,998 [dl_trainer.py:634] INFO train iter: 2254, num_batches_per_epoch: 49
2022-08-04 05:17:39,998 [dl_trainer.py:635] INFO Epoch 46, avg train acc: 80.389031, lr: 0.100000, avg loss: 0.567169
2022-08-04 05:17:42,932 [dl_trainer.py:731] WARNING [ 46][ 2280/   49][rank:6] loss: 0.478, average forward (0.008392) and backward (0.022860) time: 0.038057, iotime: 0.006534 
2022-08-04 05:17:43,761 [dist_trainer.py:90] WARNING Time per iteration including communication: 0.083214, Speed: 1538.198393 images/s
2022-08-04 05:17:44,070 [dl_trainer.py:634] INFO train iter: 2303, num_batches_per_epoch: 49
2022-08-04 05:17:44,071 [dl_trainer.py:635] INFO Epoch 47, avg train acc: 80.978954, lr: 0.100000, avg loss: 0.554120
2022-08-04 05:17:46,576 [dl_trainer.py:731] WARNING [ 47][ 2320/   49][rank:6] loss: 0.592, average forward (0.009733) and backward (0.022508) time: 0.040129, iotime: 0.007259 
2022-08-04 05:17:47,818 [dist_trainer.py:90] WARNING Time per iteration including communication: 0.084519, Speed: 1514.444382 images/s
2022-08-04 05:17:48,175 [dl_trainer.py:634] INFO train iter: 2352, num_batches_per_epoch: 49
2022-08-04 05:17:48,176 [dl_trainer.py:635] INFO Epoch 48, avg train acc: 81.712372, lr: 0.100000, avg loss: 0.531371
2022-08-04 05:17:50,287 [dl_trainer.py:731] WARNING [ 48][ 2360/   49][rank:6] loss: 0.567, average forward (0.008724) and backward (0.021740) time: 0.036966, iotime: 0.006259 
2022-08-04 05:17:51,954 [dist_trainer.py:90] WARNING Time per iteration including communication: 0.086156, Speed: 1485.684498 images/s
2022-08-04 05:17:52,299 [dl_trainer.py:731] WARNING [ 48][ 2400/   49][rank:6] loss: 0.452, average forward (0.008496) and backward (0.022743) time: 0.033472, iotime: 0.001990 
2022-08-04 05:17:52,583 [dl_trainer.py:634] INFO train iter: 2401, num_batches_per_epoch: 49
2022-08-04 05:17:52,583 [dl_trainer.py:635] INFO Epoch 49, avg train acc: 82.684949, lr: 0.100000, avg loss: 0.504808
2022-08-04 05:17:55,915 [dl_trainer.py:731] WARNING [ 49][ 2440/   49][rank:6] loss: 0.414, average forward (0.009114) and backward (0.021866) time: 0.038560, iotime: 0.007310 
2022-08-04 05:17:55,978 [dist_trainer.py:90] WARNING Time per iteration including communication: 0.083820, Speed: 1527.088986 images/s
2022-08-04 05:17:56,631 [dl_trainer.py:634] INFO train iter: 2450, num_batches_per_epoch: 49
2022-08-04 05:17:56,632 [dl_trainer.py:635] INFO Epoch 50, avg train acc: 81.855867, lr: 0.100000, avg loss: 0.516188
2022-08-04 05:17:59,622 [dl_trainer.py:731] WARNING [ 50][ 2480/   49][rank:6] loss: 0.488, average forward (0.008929) and backward (0.024515) time: 0.040498, iotime: 0.006773 
2022-08-04 05:18:00,068 [dist_trainer.py:90] WARNING Time per iteration including communication: 0.085200, Speed: 1502.353780 images/s
2022-08-04 05:18:00,789 [dl_trainer.py:634] INFO train iter: 2499, num_batches_per_epoch: 49
2022-08-04 05:18:00,790 [dl_trainer.py:635] INFO Epoch 51, avg train acc: 82.429847, lr: 0.100000, avg loss: 0.500407
2022-08-04 05:18:03,359 [dl_trainer.py:731] WARNING [ 51][ 2520/   49][rank:6] loss: 0.400, average forward (0.008906) and backward (0.024336) time: 0.040388, iotime: 0.006659 
2022-08-04 05:18:04,235 [dist_trainer.py:90] WARNING Time per iteration including communication: 0.086799, Speed: 1474.668233 images/s
2022-08-04 05:18:04,978 [dl_trainer.py:634] INFO train iter: 2548, num_batches_per_epoch: 49
2022-08-04 05:18:04,979 [dl_trainer.py:635] INFO Epoch 52, avg train acc: 82.828444, lr: 0.100000, avg loss: 0.496619
2022-08-04 05:18:07,074 [dl_trainer.py:731] WARNING [ 52][ 2560/   49][rank:6] loss: 0.635, average forward (0.008878) and backward (0.021717) time: 0.037383, iotime: 0.006523 
2022-08-04 05:18:08,276 [dist_trainer.py:90] WARNING Time per iteration including communication: 0.084174, Speed: 1520.663135 images/s
2022-08-04 05:18:09,095 [dl_trainer.py:634] INFO train iter: 2597, num_batches_per_epoch: 49
2022-08-04 05:18:09,096 [dl_trainer.py:635] INFO Epoch 53, avg train acc: 82.924107, lr: 0.100000, avg loss: 0.485725
2022-08-04 05:18:10,767 [dl_trainer.py:731] WARNING [ 53][ 2600/   49][rank:6] loss: 0.421, average forward (0.009539) and backward (0.024155) time: 0.040628, iotime: 0.006657 
2022-08-04 05:18:12,348 [dist_trainer.py:90] WARNING Time per iteration including communication: 0.084826, Speed: 1508.966755 images/s
2022-08-04 05:18:12,674 [dl_trainer.py:731] WARNING [ 53][ 2640/   49][rank:6] loss: 0.416, average forward (0.008548) and backward (0.022134) time: 0.032850, iotime: 0.001911 
2022-08-04 05:18:13,173 [dl_trainer.py:634] INFO train iter: 2646, num_batches_per_epoch: 49
2022-08-04 05:18:13,174 [dl_trainer.py:635] INFO Epoch 54, avg train acc: 83.147321, lr: 0.100000, avg loss: 0.475820
2022-08-04 05:18:16,548 [dl_trainer.py:731] WARNING [ 54][ 2680/   49][rank:6] loss: 0.489, average forward (0.008728) and backward (0.023868) time: 0.039505, iotime: 0.006632 
2022-08-04 05:18:16,597 [dist_trainer.py:90] WARNING Time per iteration including communication: 0.088503, Speed: 1446.286317 images/s
2022-08-04 05:18:17,469 [dl_trainer.py:634] INFO train iter: 2695, num_batches_per_epoch: 49
2022-08-04 05:18:17,469 [dl_trainer.py:635] INFO Epoch 55, avg train acc: 84.024235, lr: 0.100000, avg loss: 0.461990
2022-08-04 05:18:20,213 [dl_trainer.py:731] WARNING [ 55][ 2720/   49][rank:6] loss: 0.388, average forward (0.009075) and backward (0.022518) time: 0.038807, iotime: 0.006932 
2022-08-04 05:18:20,670 [dist_trainer.py:90] WARNING Time per iteration including communication: 0.084822, Speed: 1509.047165 images/s
2022-08-04 05:18:21,588 [dl_trainer.py:634] INFO train iter: 2744, num_batches_per_epoch: 49
2022-08-04 05:18:21,589 [dl_trainer.py:635] INFO Epoch 56, avg train acc: 84.263393, lr: 0.100000, avg loss: 0.446150
2022-08-04 05:18:23,832 [dl_trainer.py:731] WARNING [ 56][ 2760/   49][rank:6] loss: 0.479, average forward (0.009197) and backward (0.023133) time: 0.039673, iotime: 0.006454 
2022-08-04 05:18:24,622 [dist_trainer.py:90] WARNING Time per iteration including communication: 0.082321, Speed: 1554.888637 images/s
2022-08-04 05:18:25,604 [dl_trainer.py:634] INFO train iter: 2793, num_batches_per_epoch: 49
2022-08-04 05:18:25,604 [dl_trainer.py:635] INFO Epoch 57, avg train acc: 84.789541, lr: 0.100000, avg loss: 0.428890
2022-08-04 05:18:27,447 [dl_trainer.py:731] WARNING [ 57][ 2800/   49][rank:6] loss: 0.544, average forward (0.009447) and backward (0.023761) time: 0.040208, iotime: 0.006715 
2022-08-04 05:18:28,698 [dist_trainer.py:90] WARNING Time per iteration including communication: 0.084898, Speed: 1507.697405 images/s
2022-08-04 05:18:29,621 [dl_trainer.py:731] WARNING [ 57][ 2840/   49][rank:6] loss: 0.394, average forward (0.008822) and backward (0.024157) time: 0.040054, iotime: 0.006657 
2022-08-04 05:18:29,736 [dl_trainer.py:634] INFO train iter: 2842, num_batches_per_epoch: 49
2022-08-04 05:18:29,736 [dl_trainer.py:635] INFO Epoch 58, avg train acc: 83.960459, lr: 0.100000, avg loss: 0.444264
2022-08-04 05:18:32,778 [dist_trainer.py:90] WARNING Time per iteration including communication: 0.084988, Speed: 1506.086651 images/s
2022-08-04 05:18:33,110 [dl_trainer.py:731] WARNING [ 58][ 2880/   49][rank:6] loss: 0.358, average forward (0.008852) and backward (0.022964) time: 0.034329, iotime: 0.001990 
2022-08-04 05:18:33,847 [dl_trainer.py:634] INFO train iter: 2891, num_batches_per_epoch: 49
2022-08-04 05:18:33,847 [dl_trainer.py:635] INFO Epoch 59, avg train acc: 84.693878, lr: 0.100000, avg loss: 0.437092
2022-08-04 05:18:36,733 [dl_trainer.py:731] WARNING [ 59][ 2920/   49][rank:6] loss: 0.383, average forward (0.009030) and backward (0.020647) time: 0.036800, iotime: 0.006861 
2022-08-04 05:18:36,805 [dist_trainer.py:90] WARNING Time per iteration including communication: 0.083891, Speed: 1525.796114 images/s
2022-08-04 05:18:37,880 [dl_trainer.py:634] INFO train iter: 2940, num_batches_per_epoch: 49
2022-08-04 05:18:37,881 [dl_trainer.py:635] INFO Epoch 60, avg train acc: 85.953444, lr: 0.100000, avg loss: 0.412449
2022-08-04 05:18:40,326 [dl_trainer.py:731] WARNING [ 60][ 2960/   49][rank:6] loss: 0.289, average forward (0.008905) and backward (0.022559) time: 0.038509, iotime: 0.006652 
2022-08-04 05:18:40,759 [dist_trainer.py:90] WARNING Time per iteration including communication: 0.082353, Speed: 1554.291713 images/s
2022-08-04 05:18:41,926 [dl_trainer.py:634] INFO train iter: 2989, num_batches_per_epoch: 49
2022-08-04 05:18:41,927 [dl_trainer.py:635] INFO Epoch 61, avg train acc: 85.586735, lr: 0.100000, avg loss: 0.408347
2022-08-04 05:18:43,938 [dl_trainer.py:731] WARNING [ 61][ 3000/   49][rank:6] loss: 0.394, average forward (0.008591) and backward (0.023152) time: 0.038655, iotime: 0.006594 
2022-08-04 05:18:44,797 [dist_trainer.py:90] WARNING Time per iteration including communication: 0.084132, Speed: 1521.424277 images/s
2022-08-04 05:18:46,029 [dl_trainer.py:634] INFO train iter: 3038, num_batches_per_epoch: 49
2022-08-04 05:18:46,030 [dl_trainer.py:635] INFO Epoch 62, avg train acc: 85.331633, lr: 0.100000, avg loss: 0.415615
2022-08-04 05:18:47,623 [dl_trainer.py:731] WARNING [ 62][ 3040/   49][rank:6] loss: 0.392, average forward (0.008885) and backward (0.022769) time: 0.038392, iotime: 0.006461 
2022-08-04 05:18:48,883 [dist_trainer.py:90] WARNING Time per iteration including communication: 0.085106, Speed: 1504.011766 images/s
2022-08-04 05:18:49,778 [dl_trainer.py:731] WARNING [ 62][ 3080/   49][rank:6] loss: 0.285, average forward (0.009107) and backward (0.022475) time: 0.038564, iotime: 0.006710 
2022-08-04 05:18:50,123 [dl_trainer.py:634] INFO train iter: 3087, num_batches_per_epoch: 49
2022-08-04 05:18:50,124 [dl_trainer.py:635] INFO Epoch 63, avg train acc: 86.049107, lr: 0.100000, avg loss: 0.400913
2022-08-04 05:18:53,068 [dist_trainer.py:90] WARNING Time per iteration including communication: 0.087170, Speed: 1468.396264 images/s
2022-08-04 05:18:53,401 [dl_trainer.py:731] WARNING [ 63][ 3120/   49][rank:6] loss: 0.360, average forward (0.008760) and backward (0.024392) time: 0.035348, iotime: 0.001935 
2022-08-04 05:18:54,358 [dl_trainer.py:634] INFO train iter: 3136, num_batches_per_epoch: 49
2022-08-04 05:18:54,359 [dl_trainer.py:635] INFO Epoch 64, avg train acc: 85.347577, lr: 0.100000, avg loss: 0.417334
2022-08-04 05:18:57,045 [dl_trainer.py:731] WARNING [ 64][ 3160/   49][rank:6] loss: 0.427, average forward (0.009872) and backward (0.023926) time: 0.040855, iotime: 0.006719 
2022-08-04 05:18:57,120 [dist_trainer.py:90] WARNING Time per iteration including communication: 0.084391, Speed: 1516.751865 images/s
2022-08-04 05:18:58,465 [dl_trainer.py:634] INFO train iter: 3185, num_batches_per_epoch: 49
2022-08-04 05:18:58,466 [dl_trainer.py:635] INFO Epoch 65, avg train acc: 86.750638, lr: 0.100000, avg loss: 0.380816
2022-08-04 05:19:00,776 [dl_trainer.py:731] WARNING [ 65][ 3200/   49][rank:6] loss: 0.361, average forward (0.009011) and backward (0.022310) time: 0.038861, iotime: 0.007202 
2022-08-04 05:19:01,212 [dist_trainer.py:90] WARNING Time per iteration including communication: 0.085254, Speed: 1501.390255 images/s
2022-08-04 05:19:02,673 [dl_trainer.py:634] INFO train iter: 3234, num_batches_per_epoch: 49
2022-08-04 05:19:02,673 [dl_trainer.py:635] INFO Epoch 66, avg train acc: 87.069515, lr: 0.100000, avg loss: 0.370957
2022-08-04 05:19:04,453 [dl_trainer.py:731] WARNING [ 66][ 3240/   49][rank:6] loss: 0.273, average forward (0.009402) and backward (0.021980) time: 0.038836, iotime: 0.007182 
2022-08-04 05:19:05,290 [dist_trainer.py:90] WARNING Time per iteration including communication: 0.084932, Speed: 1507.084596 images/s
2022-08-04 05:19:06,582 [dl_trainer.py:731] WARNING [ 66][ 3280/   49][rank:6] loss: 0.443, average forward (0.009073) and backward (0.022221) time: 0.038688, iotime: 0.007027 
2022-08-04 05:19:06,743 [dl_trainer.py:634] INFO train iter: 3283, num_batches_per_epoch: 49
2022-08-04 05:19:06,743 [dl_trainer.py:635] INFO Epoch 67, avg train acc: 85.427296, lr: 0.100000, avg loss: 0.401933
2022-08-04 05:19:09,361 [dist_trainer.py:90] WARNING Time per iteration including communication: 0.084820, Speed: 1509.081276 images/s
2022-08-04 05:19:10,282 [dl_trainer.py:731] WARNING [ 67][ 3320/   49][rank:6] loss: 0.427, average forward (0.010035) and backward (0.023630) time: 0.041056, iotime: 0.007091 
2022-08-04 05:19:10,829 [dl_trainer.py:634] INFO train iter: 3332, num_batches_per_epoch: 49
2022-08-04 05:19:10,830 [dl_trainer.py:635] INFO Epoch 68, avg train acc: 85.873724, lr: 0.100000, avg loss: 0.405515
2022-08-04 05:19:13,599 [dist_trainer.py:90] WARNING Time per iteration including communication: 0.088264, Speed: 1450.190081 images/s
2022-08-04 05:19:13,944 [dl_trainer.py:731] WARNING [ 68][ 3360/   49][rank:6] loss: 0.416, average forward (0.009027) and backward (0.022848) time: 0.034170, iotime: 0.002016 
2022-08-04 05:19:15,164 [dl_trainer.py:634] INFO train iter: 3381, num_batches_per_epoch: 49
2022-08-04 05:19:15,165 [dl_trainer.py:635] INFO Epoch 69, avg train acc: 85.953444, lr: 0.100000, avg loss: 0.390056
2022-08-04 05:19:17,688 [dl_trainer.py:731] WARNING [ 69][ 3400/   49][rank:6] loss: 0.310, average forward (0.009383) and backward (0.025065) time: 0.041466, iotime: 0.006660 
2022-08-04 05:19:17,740 [dist_trainer.py:90] WARNING Time per iteration including communication: 0.086266, Speed: 1483.776891 images/s
2022-08-04 05:19:19,349 [dl_trainer.py:634] INFO train iter: 3430, num_batches_per_epoch: 49
2022-08-04 05:19:19,350 [dl_trainer.py:635] INFO Epoch 70, avg train acc: 86.654974, lr: 0.100000, avg loss: 0.382965
2022-08-04 05:19:21,393 [dl_trainer.py:731] WARNING [ 70][ 3440/   49][rank:6] loss: 0.289, average forward (0.009323) and backward (0.023332) time: 0.039881, iotime: 0.006716 
2022-08-04 05:19:21,847 [dist_trainer.py:90] WARNING Time per iteration including communication: 0.085562, Speed: 1495.987812 images/s
2022-08-04 05:19:23,473 [dl_trainer.py:634] INFO train iter: 3479, num_batches_per_epoch: 49
2022-08-04 05:19:23,473 [dl_trainer.py:635] INFO Epoch 71, avg train acc: 86.750638, lr: 0.100000, avg loss: 0.380172
2022-08-04 05:19:23,502 [dl_trainer.py:731] WARNING [ 71][ 3480/   49][rank:6] loss: 0.286, average forward (0.008978) and backward (0.021719) time: 0.037801, iotime: 0.006796 
2022-08-04 05:19:25,784 [dist_trainer.py:90] WARNING Time per iteration including communication: 0.082006, Speed: 1560.865324 images/s
2022-08-04 05:19:27,103 [dl_trainer.py:731] WARNING [ 71][ 3520/   49][rank:6] loss: 0.499, average forward (0.008475) and backward (0.021151) time: 0.036399, iotime: 0.006546 
2022-08-04 05:19:27,521 [dl_trainer.py:634] INFO train iter: 3528, num_batches_per_epoch: 49
2022-08-04 05:19:27,522 [dl_trainer.py:635] INFO Epoch 72, avg train acc: 87.133291, lr: 0.100000, avg loss: 0.371041
2022-08-04 05:19:29,867 [dist_trainer.py:90] WARNING Time per iteration including communication: 0.085048, Speed: 1505.031221 images/s
2022-08-04 05:19:30,756 [dl_trainer.py:731] WARNING [ 72][ 3560/   49][rank:6] loss: 0.537, average forward (0.009025) and backward (0.022567) time: 0.038657, iotime: 0.006775 
2022-08-04 05:19:31,583 [dl_trainer.py:634] INFO train iter: 3577, num_batches_per_epoch: 49
2022-08-04 05:19:31,583 [dl_trainer.py:635] INFO Epoch 73, avg train acc: 87.372449, lr: 0.100000, avg loss: 0.369559
2022-08-04 05:19:33,772 [dist_trainer.py:90] WARNING Time per iteration including communication: 0.081348, Speed: 1573.484597 images/s
2022-08-04 05:19:34,097 [dl_trainer.py:731] WARNING [ 73][ 3600/   49][rank:6] loss: 0.352, average forward (0.009473) and backward (0.022990) time: 0.034916, iotime: 0.002044 
2022-08-04 05:19:35,577 [dl_trainer.py:634] INFO train iter: 3626, num_batches_per_epoch: 49
2022-08-04 05:19:35,577 [dl_trainer.py:635] INFO Epoch 74, avg train acc: 87.595663, lr: 0.100000, avg loss: 0.351435
2022-08-04 05:19:37,734 [dl_trainer.py:731] WARNING [ 74][ 3640/   49][rank:6] loss: 0.359, average forward (0.009520) and backward (0.024054) time: 0.040527, iotime: 0.006655 
2022-08-04 05:19:37,790 [dist_trainer.py:90] WARNING Time per iteration including communication: 0.083696, Speed: 1529.342156 images/s
2022-08-04 05:19:39,643 [dl_trainer.py:634] INFO train iter: 3675, num_batches_per_epoch: 49
2022-08-04 05:19:39,644 [dl_trainer.py:635] INFO Epoch 75, avg train acc: 87.260842, lr: 0.100000, avg loss: 0.366793
2022-08-04 05:19:41,614 [dl_trainer.py:731] WARNING [ 75][ 3680/   49][rank:6] loss: 0.455, average forward (0.009256) and backward (0.023417) time: 0.039677, iotime: 0.006709 
2022-08-04 05:19:42,096 [dist_trainer.py:90] WARNING Time per iteration including communication: 0.089696, Speed: 1427.036448 images/s
2022-08-04 05:19:43,692 [dl_trainer.py:731] WARNING [ 75][ 3720/   49][rank:6] loss: 0.228, average forward (0.009497) and backward (0.022635) time: 0.039198, iotime: 0.006792 
2022-08-04 05:19:43,891 [dl_trainer.py:634] INFO train iter: 3724, num_batches_per_epoch: 49
2022-08-04 05:19:43,891 [dl_trainer.py:635] INFO Epoch 76, avg train acc: 88.169643, lr: 0.100000, avg loss: 0.342656
2022-08-04 05:19:46,268 [dist_trainer.py:90] WARNING Time per iteration including communication: 0.086910, Speed: 1472.779955 images/s
2022-08-04 05:19:47,527 [dl_trainer.py:731] WARNING [ 76][ 3760/   49][rank:6] loss: 0.448, average forward (0.009552) and backward (0.022628) time: 0.038984, iotime: 0.006539 
2022-08-04 05:19:48,199 [dl_trainer.py:634] INFO train iter: 3773, num_batches_per_epoch: 49
2022-08-04 05:19:48,199 [dl_trainer.py:635] INFO Epoch 77, avg train acc: 87.053571, lr: 0.100000, avg loss: 0.365579
2022-08-04 05:19:50,337 [dist_trainer.py:90] WARNING Time per iteration including communication: 0.084751, Speed: 1510.311531 images/s
2022-08-04 05:19:51,243 [dl_trainer.py:731] WARNING [ 77][ 3800/   49][rank:6] loss: 0.260, average forward (0.009073) and backward (0.023627) time: 0.039665, iotime: 0.006671 
2022-08-04 05:19:52,320 [dl_trainer.py:634] INFO train iter: 3822, num_batches_per_epoch: 49
2022-08-04 05:19:52,320 [dl_trainer.py:635] INFO Epoch 78, avg train acc: 88.201531, lr: 0.100000, avg loss: 0.352256
2022-08-04 05:19:54,396 [dist_trainer.py:90] WARNING Time per iteration including communication: 0.084540, Speed: 1514.075829 images/s
2022-08-04 05:19:54,730 [dl_trainer.py:731] WARNING [ 78][ 3840/   49][rank:6] loss: 0.401, average forward (0.009438) and backward (0.024834) time: 0.036640, iotime: 0.002081 
2022-08-04 05:19:56,358 [dl_trainer.py:634] INFO train iter: 3871, num_batches_per_epoch: 49
2022-08-04 05:19:56,359 [dl_trainer.py:635] INFO Epoch 79, avg train acc: 87.404337, lr: 0.100000, avg loss: 0.356987
2022-08-04 05:19:58,289 [dl_trainer.py:731] WARNING [ 79][ 3880/   49][rank:6] loss: 0.387, average forward (0.008575) and backward (0.022266) time: 0.037824, iotime: 0.006639 
2022-08-04 05:19:58,347 [dist_trainer.py:90] WARNING Time per iteration including communication: 0.082297, Speed: 1555.345009 images/s
2022-08-04 05:20:00,473 [dl_trainer.py:731] WARNING [ 79][ 3920/   49][rank:6] loss: 0.273, average forward (0.009408) and backward (0.024290) time: 0.041619, iotime: 0.007336 
2022-08-04 05:20:00,489 [dl_trainer.py:634] INFO train iter: 3920, num_batches_per_epoch: 49
2022-08-04 05:20:00,490 [dl_trainer.py:635] INFO Epoch 80, avg train acc: 87.850765, lr: 0.100000, avg loss: 0.346476
2022-08-04 05:20:02,446 [dist_trainer.py:90] WARNING Time per iteration including communication: 0.085372, Speed: 1499.315283 images/s
2022-08-04 05:20:04,149 [dl_trainer.py:731] WARNING [ 80][ 3960/   49][rank:6] loss: 0.262, average forward (0.009652) and backward (0.023452) time: 0.040568, iotime: 0.007164 
2022-08-04 05:20:04,564 [dl_trainer.py:634] INFO train iter: 3969, num_batches_per_epoch: 49
2022-08-04 05:20:04,565 [dl_trainer.py:635] INFO Epoch 81, avg train acc: 88.313138, lr: 0.100000, avg loss: 0.331583
2022-08-04 05:20:06,701 [dist_trainer.py:90] WARNING Time per iteration including communication: 0.088620, Speed: 1444.361411 images/s
2022-08-04 05:20:08,025 [dl_trainer.py:731] WARNING [ 81][ 4000/   49][rank:6] loss: 0.276, average forward (0.009605) and backward (0.022820) time: 0.039891, iotime: 0.006889 
2022-08-04 05:20:08,865 [dl_trainer.py:634] INFO train iter: 4018, num_batches_per_epoch: 49
2022-08-04 05:20:08,865 [dl_trainer.py:635] INFO Epoch 82, avg train acc: 89.875638, lr: 0.010000, avg loss: 0.286932
2022-08-04 05:20:10,722 [dist_trainer.py:90] WARNING Time per iteration including communication: 0.083756, Speed: 1528.253348 images/s
2022-08-04 05:20:11,624 [dl_trainer.py:731] WARNING [ 82][ 4040/   49][rank:6] loss: 0.314, average forward (0.009103) and backward (0.023509) time: 0.039845, iotime: 0.006908 
2022-08-04 05:20:12,958 [dl_trainer.py:634] INFO train iter: 4067, num_batches_per_epoch: 49
2022-08-04 05:20:12,958 [dl_trainer.py:635] INFO Epoch 83, avg train acc: 91.198980, lr: 0.010000, avg loss: 0.257281
2022-08-04 05:20:14,744 [dist_trainer.py:90] WARNING Time per iteration including communication: 0.083771, Speed: 1527.974798 images/s
2022-08-04 05:20:15,078 [dl_trainer.py:731] WARNING [ 83][ 4080/   49][rank:6] loss: 0.334, average forward (0.008804) and backward (0.023271) time: 0.034366, iotime: 0.002031 
2022-08-04 05:20:17,069 [dl_trainer.py:634] INFO train iter: 4116, num_batches_per_epoch: 49
2022-08-04 05:20:17,070 [dl_trainer.py:635] INFO Epoch 84, avg train acc: 90.417730, lr: 0.010000, avg loss: 0.264913
2022-08-04 05:20:18,756 [dl_trainer.py:731] WARNING [ 84][ 4120/   49][rank:6] loss: 0.253, average forward (0.008213) and backward (0.023360) time: 0.038437, iotime: 0.006606 
2022-08-04 05:20:18,828 [dist_trainer.py:90] WARNING Time per iteration including communication: 0.085079, Speed: 1504.490315 images/s
2022-08-04 05:20:20,890 [dl_trainer.py:731] WARNING [ 84][ 4160/   49][rank:6] loss: 0.304, average forward (0.008244) and backward (0.022330) time: 0.037500, iotime: 0.006694 
2022-08-04 05:20:21,165 [dl_trainer.py:634] INFO train iter: 4165, num_batches_per_epoch: 49
2022-08-04 05:20:21,165 [dl_trainer.py:635] INFO Epoch 85, avg train acc: 90.768495, lr: 0.010000, avg loss: 0.260269
2022-08-04 05:20:22,828 [dist_trainer.py:90] WARNING Time per iteration including communication: 0.083323, Speed: 1536.182395 images/s
2022-08-04 05:20:24,542 [dl_trainer.py:731] WARNING [ 85][ 4200/   49][rank:6] loss: 0.144, average forward (0.009450) and backward (0.023991) time: 0.040553, iotime: 0.006825 
2022-08-04 05:20:25,235 [dl_trainer.py:634] INFO train iter: 4214, num_batches_per_epoch: 49
2022-08-04 05:20:25,236 [dl_trainer.py:635] INFO Epoch 86, avg train acc: 90.991709, lr: 0.010000, avg loss: 0.243086
2022-08-04 05:20:26,873 [dist_trainer.py:90] WARNING Time per iteration including communication: 0.084256, Speed: 1519.179583 images/s
2022-08-04 05:20:28,181 [dl_trainer.py:731] WARNING [ 86][ 4240/   49][rank:6] loss: 0.246, average forward (0.008937) and backward (0.023284) time: 0.038830, iotime: 0.006346 
2022-08-04 05:20:29,361 [dl_trainer.py:634] INFO train iter: 4263, num_batches_per_epoch: 49
2022-08-04 05:20:29,362 [dl_trainer.py:635] INFO Epoch 87, avg train acc: 90.656888, lr: 0.010000, avg loss: 0.257049
2022-08-04 05:20:30,948 [dist_trainer.py:90] WARNING Time per iteration including communication: 0.084868, Speed: 1508.220672 images/s
2022-08-04 05:20:31,841 [dl_trainer.py:731] WARNING [ 87][ 4280/   49][rank:6] loss: 0.209, average forward (0.008486) and backward (0.021564) time: 0.036909, iotime: 0.006606 
2022-08-04 05:20:33,499 [dl_trainer.py:634] INFO train iter: 4312, num_batches_per_epoch: 49
2022-08-04 05:20:33,500 [dl_trainer.py:635] INFO Epoch 88, avg train acc: 92.123724, lr: 0.010000, avg loss: 0.236178
2022-08-04 05:20:35,027 [dist_trainer.py:90] WARNING Time per iteration including communication: 0.084956, Speed: 1506.663149 images/s
2022-08-04 05:20:35,362 [dl_trainer.py:731] WARNING [ 88][ 4320/   49][rank:6] loss: 0.250, average forward (0.008579) and backward (0.025810) time: 0.036599, iotime: 0.001946 
2022-08-04 05:20:37,450 [dl_trainer.py:731] WARNING [ 88][ 4360/   49][rank:6] loss: 0.360, average forward (0.008848) and backward (0.022212) time: 0.037747, iotime: 0.006435 
2022-08-04 05:20:37,505 [dist_trainer.py:90] WARNING Time per iteration including communication: 0.051625, Speed: 2479.438045 images/s
2022-08-04 05:20:37,506 [dl_trainer.py:634] INFO train iter: 4361, num_batches_per_epoch: 49
2022-08-04 05:20:37,506 [dl_trainer.py:635] INFO Epoch 89, avg train acc: 91.565689, lr: 0.010000, avg loss: 0.238953
2022-08-04 05:20:41,065 [dl_trainer.py:731] WARNING [ 89][ 4400/   49][rank:6] loss: 0.236, average forward (0.009030) and backward (0.022898) time: 0.038856, iotime: 0.006668 
2022-08-04 05:20:41,516 [dist_trainer.py:90] WARNING Time per iteration including communication: 0.083548, Speed: 1532.057266 images/s
2022-08-04 05:20:41,563 [dl_trainer.py:634] INFO train iter: 4410, num_batches_per_epoch: 49
2022-08-04 05:20:41,563 [dl_trainer.py:635] INFO Epoch 90, avg train acc: 92.235332, lr: 0.010000, avg loss: 0.226466
2022-08-04 05:20:44,800 [dl_trainer.py:731] WARNING [ 90][ 4440/   49][rank:6] loss: 0.118, average forward (0.009017) and backward (0.022801) time: 0.039572, iotime: 0.007344 
2022-08-04 05:20:45,642 [dist_trainer.py:90] WARNING Time per iteration including communication: 0.085930, Speed: 1489.589286 images/s
2022-08-04 05:20:45,739 [dl_trainer.py:634] INFO train iter: 4459, num_batches_per_epoch: 49
2022-08-04 05:20:45,740 [dl_trainer.py:635] INFO Epoch 91, avg train acc: 92.155612, lr: 0.010000, avg loss: 0.224302
2022-08-04 05:20:48,479 [dl_trainer.py:731] WARNING [ 91][ 4480/   49][rank:6] loss: 0.146, average forward (0.009065) and backward (0.024995) time: 0.041099, iotime: 0.006765 
2022-08-04 05:20:49,683 [dist_trainer.py:90] WARNING Time per iteration including communication: 0.084179, Speed: 1520.562192 images/s
2022-08-04 05:20:49,839 [dl_trainer.py:634] INFO train iter: 4508, num_batches_per_epoch: 49
2022-08-04 05:20:49,840 [dl_trainer.py:635] INFO Epoch 92, avg train acc: 91.804847, lr: 0.010000, avg loss: 0.233418
2022-08-04 05:20:52,114 [dl_trainer.py:731] WARNING [ 92][ 4520/   49][rank:6] loss: 0.355, average forward (0.008628) and backward (0.023625) time: 0.039625, iotime: 0.007107 
2022-08-04 05:20:53,714 [dist_trainer.py:90] WARNING Time per iteration including communication: 0.083975, Speed: 1524.259077 images/s
2022-08-04 05:20:53,902 [dl_trainer.py:634] INFO train iter: 4557, num_batches_per_epoch: 49
2022-08-04 05:20:53,903 [dl_trainer.py:635] INFO Epoch 93, avg train acc: 91.709184, lr: 0.010000, avg loss: 0.235918
2022-08-04 05:20:55,516 [dl_trainer.py:731] WARNING [ 93][ 4560/   49][rank:6] loss: 0.337, average forward (0.009171) and backward (0.022023) time: 0.033530, iotime: 0.002048 
2022-08-04 05:20:57,690 [dl_trainer.py:731] WARNING [ 93][ 4600/   49][rank:6] loss: 0.275, average forward (0.010669) and backward (0.023651) time: 0.042207, iotime: 0.007583 
2022-08-04 05:20:57,750 [dist_trainer.py:90] WARNING Time per iteration including communication: 0.084063, Speed: 1522.673309 images/s
2022-08-04 05:20:58,000 [dl_trainer.py:634] INFO train iter: 4606, num_batches_per_epoch: 49
2022-08-04 05:20:58,001 [dl_trainer.py:635] INFO Epoch 94, avg train acc: 92.394770, lr: 0.010000, avg loss: 0.218976
2022-08-04 05:21:01,379 [dl_trainer.py:731] WARNING [ 94][ 4640/   49][rank:6] loss: 0.188, average forward (0.008877) and backward (0.022983) time: 0.038923, iotime: 0.006799 
2022-08-04 05:21:01,845 [dist_trainer.py:90] WARNING Time per iteration including communication: 0.085291, Speed: 1500.742531 images/s
2022-08-04 05:21:02,132 [dl_trainer.py:634] INFO train iter: 4655, num_batches_per_epoch: 49
2022-08-04 05:21:02,133 [dl_trainer.py:635] INFO Epoch 95, avg train acc: 91.996173, lr: 0.010000, avg loss: 0.215519
2022-08-04 05:21:05,013 [dl_trainer.py:731] WARNING [ 95][ 4680/   49][rank:6] loss: 0.163, average forward (0.009488) and backward (0.023848) time: 0.040398, iotime: 0.006741 
2022-08-04 05:21:05,862 [dist_trainer.py:90] WARNING Time per iteration including communication: 0.083679, Speed: 1529.656616 images/s
2022-08-04 05:21:06,230 [dl_trainer.py:634] INFO train iter: 4704, num_batches_per_epoch: 49
2022-08-04 05:21:06,230 [dl_trainer.py:635] INFO Epoch 96, avg train acc: 91.932398, lr: 0.010000, avg loss: 0.229573
2022-08-04 05:21:08,685 [dl_trainer.py:731] WARNING [ 96][ 4720/   49][rank:6] loss: 0.200, average forward (0.009466) and backward (0.023801) time: 0.040444, iotime: 0.006853 
2022-08-04 05:21:09,891 [dist_trainer.py:90] WARNING Time per iteration including communication: 0.083922, Speed: 1525.218064 images/s
2022-08-04 05:21:10,494 [dl_trainer.py:634] INFO train iter: 4753, num_batches_per_epoch: 49
2022-08-04 05:21:10,495 [dl_trainer.py:635] INFO Epoch 97, avg train acc: 91.629464, lr: 0.010000, avg loss: 0.230004
2022-08-04 05:21:12,375 [dl_trainer.py:731] WARNING [ 97][ 4760/   49][rank:6] loss: 0.272, average forward (0.009956) and backward (0.022916) time: 0.040342, iotime: 0.007154 
2022-08-04 05:21:14,026 [dist_trainer.py:90] WARNING Time per iteration including communication: 0.086116, Speed: 1486.371752 images/s
2022-08-04 05:21:14,362 [dl_trainer.py:731] WARNING [ 97][ 4800/   49][rank:6] loss: 0.241, average forward (0.009161) and backward (0.021884) time: 0.033562, iotime: 0.002102 
2022-08-04 05:21:14,662 [dl_trainer.py:634] INFO train iter: 4802, num_batches_per_epoch: 49
2022-08-04 05:21:14,662 [dl_trainer.py:635] INFO Epoch 98, avg train acc: 92.235332, lr: 0.010000, avg loss: 0.224885
2022-08-04 05:21:17,999 [dl_trainer.py:731] WARNING [ 98][ 4840/   49][rank:6] loss: 0.274, average forward (0.009301) and backward (0.022892) time: 0.039270, iotime: 0.006801 
2022-08-04 05:21:18,072 [dist_trainer.py:90] WARNING Time per iteration including communication: 0.084280, Speed: 1518.742484 images/s
2022-08-04 05:21:18,764 [dl_trainer.py:634] INFO train iter: 4851, num_batches_per_epoch: 49
2022-08-04 05:21:18,765 [dl_trainer.py:635] INFO Epoch 99, avg train acc: 92.203444, lr: 0.010000, avg loss: 0.221918
2022-08-04 05:21:21,657 [dl_trainer.py:731] WARNING [ 99][ 4880/   49][rank:6] loss: 0.108, average forward (0.009282) and backward (0.024495) time: 0.040856, iotime: 0.006801 
2022-08-04 05:21:22,094 [dist_trainer.py:90] WARNING Time per iteration including communication: 0.083791, Speed: 1527.603072 images/s
2022-08-04 05:21:22,819 [dl_trainer.py:634] INFO train iter: 4900, num_batches_per_epoch: 49
2022-08-04 05:21:22,820 [dl_trainer.py:635] INFO Epoch 100, avg train acc: 92.554209, lr: 0.010000, avg loss: 0.213195
2022-08-04 05:21:25,322 [dl_trainer.py:731] WARNING [100][ 4920/   49][rank:6] loss: 0.151, average forward (0.009135) and backward (0.022874) time: 0.039041, iotime: 0.006726 
2022-08-04 05:21:26,185 [dist_trainer.py:90] WARNING Time per iteration including communication: 0.085198, Speed: 1502.375501 images/s
2022-08-04 05:21:26,948 [dl_trainer.py:634] INFO train iter: 4949, num_batches_per_epoch: 49
2022-08-04 05:21:26,949 [dl_trainer.py:635] INFO Epoch 101, avg train acc: 92.283163, lr: 0.010000, avg loss: 0.214450
2022-08-04 05:21:29,212 [dl_trainer.py:731] WARNING [101][ 4960/   49][rank:6] loss: 0.286, average forward (0.009456) and backward (0.022555) time: 0.039220, iotime: 0.006906 
2022-08-04 05:21:30,435 [dist_trainer.py:90] WARNING Time per iteration including communication: 0.088528, Speed: 1445.868816 images/s
2022-08-04 05:21:31,276 [dl_trainer.py:634] INFO train iter: 4998, num_batches_per_epoch: 49
2022-08-04 05:21:31,276 [dl_trainer.py:635] INFO Epoch 102, avg train acc: 92.315051, lr: 0.010000, avg loss: 0.218736
2022-08-04 05:21:32,951 [dl_trainer.py:731] WARNING [102][ 5000/   49][rank:6] loss: 0.191, average forward (0.009501) and backward (0.023043) time: 0.039885, iotime: 0.007033 
2022-08-04 05:21:34,612 [dist_trainer.py:90] WARNING Time per iteration including communication: 0.087007, Speed: 1471.141867 images/s
2022-08-04 05:21:34,928 [dl_trainer.py:731] WARNING [102][ 5040/   49][rank:6] loss: 0.212, average forward (0.009152) and backward (0.022318) time: 0.033826, iotime: 0.002096 
2022-08-04 05:21:35,464 [dl_trainer.py:634] INFO train iter: 5047, num_batches_per_epoch: 49
2022-08-04 05:21:35,465 [dl_trainer.py:635] INFO Epoch 103, avg train acc: 92.362883, lr: 0.010000, avg loss: 0.219597
2022-08-04 05:21:38,673 [dl_trainer.py:731] WARNING [103][ 5080/   49][rank:6] loss: 0.202, average forward (0.009789) and backward (0.024849) time: 0.042049, iotime: 0.007082 
2022-08-04 05:21:38,745 [dist_trainer.py:90] WARNING Time per iteration including communication: 0.086108, Speed: 1486.511423 images/s
2022-08-04 05:21:39,672 [dl_trainer.py:634] INFO train iter: 5096, num_batches_per_epoch: 49
2022-08-04 05:21:39,672 [dl_trainer.py:635] INFO Epoch 104, avg train acc: 92.665816, lr: 0.010000, avg loss: 0.213950
2022-08-04 05:21:42,335 [dl_trainer.py:731] WARNING [104][ 5120/   49][rank:6] loss: 0.147, average forward (0.009162) and backward (0.021667) time: 0.038003, iotime: 0.006880 
2022-08-04 05:21:42,782 [dist_trainer.py:90] WARNING Time per iteration including communication: 0.084084, Speed: 1522.282035 images/s
2022-08-04 05:21:43,774 [dl_trainer.py:634] INFO train iter: 5145, num_batches_per_epoch: 49
2022-08-04 05:21:43,775 [dl_trainer.py:635] INFO Epoch 105, avg train acc: 92.123724, lr: 0.010000, avg loss: 0.221713
2022-08-04 05:21:45,972 [dl_trainer.py:731] WARNING [105][ 5160/   49][rank:6] loss: 0.234, average forward (0.009587) and backward (0.023765) time: 0.041013, iotime: 0.007359 
2022-08-04 05:21:46,847 [dist_trainer.py:90] WARNING Time per iteration including communication: 0.084670, Speed: 1511.748095 images/s
2022-08-04 05:21:47,896 [dl_trainer.py:634] INFO train iter: 5194, num_batches_per_epoch: 49
2022-08-04 05:21:47,897 [dl_trainer.py:635] INFO Epoch 106, avg train acc: 93.271684, lr: 0.010000, avg loss: 0.199169
2022-08-04 05:21:49,691 [dl_trainer.py:731] WARNING [106][ 5200/   49][rank:6] loss: 0.161, average forward (0.009098) and backward (0.023907) time: 0.040852, iotime: 0.007301 
2022-08-04 05:21:50,919 [dist_trainer.py:90] WARNING Time per iteration including communication: 0.084824, Speed: 1508.998034 images/s
2022-08-04 05:21:51,840 [dl_trainer.py:731] WARNING [106][ 5240/   49][rank:6] loss: 0.240, average forward (0.008886) and backward (0.023559) time: 0.040048, iotime: 0.007328 
2022-08-04 05:21:52,024 [dl_trainer.py:634] INFO train iter: 5243, num_batches_per_epoch: 49
2022-08-04 05:21:52,025 [dl_trainer.py:635] INFO Epoch 107, avg train acc: 92.283163, lr: 0.010000, avg loss: 0.218430
2022-08-04 05:21:55,177 [dist_trainer.py:90] WARNING Time per iteration including communication: 0.088684, Speed: 1443.332000 images/s
2022-08-04 05:21:55,517 [dl_trainer.py:731] WARNING [107][ 5280/   49][rank:6] loss: 0.240, average forward (0.008598) and backward (0.022924) time: 0.033760, iotime: 0.001894 
2022-08-04 05:21:56,315 [dl_trainer.py:634] INFO train iter: 5292, num_batches_per_epoch: 49
2022-08-04 05:21:56,316 [dl_trainer.py:635] INFO Epoch 108, avg train acc: 93.032526, lr: 0.010000, avg loss: 0.200118
2022-08-04 05:21:59,218 [dl_trainer.py:731] WARNING [108][ 5320/   49][rank:6] loss: 0.213, average forward (0.009551) and backward (0.023584) time: 0.039888, iotime: 0.006414 
2022-08-04 05:21:59,277 [dist_trainer.py:90] WARNING Time per iteration including communication: 0.085416, Speed: 1498.550650 images/s
2022-08-04 05:22:00,439 [dl_trainer.py:634] INFO train iter: 5341, num_batches_per_epoch: 49
2022-08-04 05:22:00,440 [dl_trainer.py:635] INFO Epoch 109, avg train acc: 93.000638, lr: 0.010000, avg loss: 0.206789
2022-08-04 05:22:02,816 [dl_trainer.py:731] WARNING [109][ 5360/   49][rank:6] loss: 0.219, average forward (0.009136) and backward (0.023066) time: 0.039299, iotime: 0.006738 
2022-08-04 05:22:03,258 [dist_trainer.py:90] WARNING Time per iteration including communication: 0.082916, Speed: 1543.728573 images/s
2022-08-04 05:22:04,484 [dl_trainer.py:634] INFO train iter: 5390, num_batches_per_epoch: 49
2022-08-04 05:22:04,484 [dl_trainer.py:635] INFO Epoch 110, avg train acc: 92.841199, lr: 0.010000, avg loss: 0.197137
2022-08-04 05:22:06,521 [dl_trainer.py:731] WARNING [110][ 5400/   49][rank:6] loss: 0.306, average forward (0.008980) and backward (0.022217) time: 0.038942, iotime: 0.007277 
2022-08-04 05:22:07,404 [dist_trainer.py:90] WARNING Time per iteration including communication: 0.086370, Speed: 1481.992463 images/s
2022-08-04 05:22:08,718 [dl_trainer.py:634] INFO train iter: 5439, num_batches_per_epoch: 49
2022-08-04 05:22:08,719 [dl_trainer.py:635] INFO Epoch 111, avg train acc: 92.203444, lr: 0.010000, avg loss: 0.215597
2022-08-04 05:22:08,753 [dl_trainer.py:731] WARNING [111][ 5440/   49][rank:6] loss: 0.190, average forward (0.009883) and backward (0.025517) time: 0.042399, iotime: 0.006678 
2022-08-04 05:22:11,482 [dist_trainer.py:90] WARNING Time per iteration including communication: 0.084921, Speed: 1507.290956 images/s
2022-08-04 05:22:12,371 [dl_trainer.py:731] WARNING [111][ 5480/   49][rank:6] loss: 0.144, average forward (0.008773) and backward (0.021871) time: 0.038066, iotime: 0.007151 
2022-08-04 05:22:12,765 [dl_trainer.py:634] INFO train iter: 5488, num_batches_per_epoch: 49
2022-08-04 05:22:12,766 [dl_trainer.py:635] INFO Epoch 112, avg train acc: 92.649872, lr: 0.010000, avg loss: 0.207823
2022-08-04 05:22:15,513 [dist_trainer.py:90] WARNING Time per iteration including communication: 0.083959, Speed: 1524.553411 images/s
2022-08-04 05:22:15,826 [dl_trainer.py:731] WARNING [112][ 5520/   49][rank:6] loss: 0.196, average forward (0.009541) and backward (0.023147) time: 0.035111, iotime: 0.002116 
2022-08-04 05:22:16,846 [dl_trainer.py:634] INFO train iter: 5537, num_batches_per_epoch: 49
2022-08-04 05:22:16,847 [dl_trainer.py:635] INFO Epoch 113, avg train acc: 93.176020, lr: 0.010000, avg loss: 0.197087
2022-08-04 05:22:19,521 [dl_trainer.py:731] WARNING [113][ 5560/   49][rank:6] loss: 0.149, average forward (0.009087) and backward (0.022697) time: 0.039121, iotime: 0.007080 
2022-08-04 05:22:19,592 [dist_trainer.py:90] WARNING Time per iteration including communication: 0.084957, Speed: 1506.653371 images/s
2022-08-04 05:22:21,050 [dl_trainer.py:634] INFO train iter: 5586, num_batches_per_epoch: 49
2022-08-04 05:22:21,051 [dl_trainer.py:635] INFO Epoch 114, avg train acc: 92.825255, lr: 0.010000, avg loss: 0.204312
2022-08-04 05:22:23,293 [dl_trainer.py:731] WARNING [114][ 5600/   49][rank:6] loss: 0.220, average forward (0.008595) and backward (0.022871) time: 0.038419, iotime: 0.006678 
2022-08-04 05:22:23,741 [dist_trainer.py:90] WARNING Time per iteration including communication: 0.086426, Speed: 1481.036484 images/s
2022-08-04 05:22:25,204 [dl_trainer.py:634] INFO train iter: 5635, num_batches_per_epoch: 49
2022-08-04 05:22:25,204 [dl_trainer.py:635] INFO Epoch 115, avg train acc: 93.080357, lr: 0.010000, avg loss: 0.203769
2022-08-04 05:22:26,985 [dl_trainer.py:731] WARNING [115][ 5640/   49][rank:6] loss: 0.164, average forward (0.009417) and backward (0.022420) time: 0.038975, iotime: 0.006827 
2022-08-04 05:22:27,796 [dist_trainer.py:90] WARNING Time per iteration including communication: 0.084478, Speed: 1515.183452 images/s
2022-08-04 05:22:29,122 [dl_trainer.py:731] WARNING [115][ 5680/   49][rank:6] loss: 0.172, average forward (0.008629) and backward (0.023221) time: 0.038675, iotime: 0.006590 
2022-08-04 05:22:29,312 [dl_trainer.py:634] INFO train iter: 5684, num_batches_per_epoch: 49
2022-08-04 05:22:29,312 [dl_trainer.py:635] INFO Epoch 116, avg train acc: 92.841199, lr: 0.010000, avg loss: 0.209493
2022-08-04 05:22:31,899 [dist_trainer.py:90] WARNING Time per iteration including communication: 0.085457, Speed: 1497.823099 images/s
2022-08-04 05:22:32,810 [dl_trainer.py:731] WARNING [116][ 5720/   49][rank:6] loss: 0.193, average forward (0.009544) and backward (0.023218) time: 0.039703, iotime: 0.006652 
2022-08-04 05:22:33,430 [dl_trainer.py:634] INFO train iter: 5733, num_batches_per_epoch: 49
2022-08-04 05:22:33,431 [dl_trainer.py:635] INFO Epoch 117, avg train acc: 93.160077, lr: 0.010000, avg loss: 0.192617
2022-08-04 05:22:36,075 [dist_trainer.py:90] WARNING Time per iteration including communication: 0.086987, Speed: 1471.484182 images/s
2022-08-04 05:22:36,405 [dl_trainer.py:731] WARNING [117][ 5760/   49][rank:6] loss: 0.240, average forward (0.008712) and backward (0.022403) time: 0.033443, iotime: 0.002046 
2022-08-04 05:22:37,761 [dl_trainer.py:634] INFO train iter: 5782, num_batches_per_epoch: 49
2022-08-04 05:22:37,762 [dl_trainer.py:635] INFO Epoch 118, avg train acc: 93.287628, lr: 0.010000, avg loss: 0.195429
2022-08-04 05:22:40,100 [dl_trainer.py:731] WARNING [118][ 5800/   49][rank:6] loss: 0.224, average forward (0.009663) and backward (0.022099) time: 0.038875, iotime: 0.006806 
2022-08-04 05:22:40,166 [dist_trainer.py:90] WARNING Time per iteration including communication: 0.085220, Speed: 1501.997478 images/s
2022-08-04 05:22:41,839 [dl_trainer.py:634] INFO train iter: 5831, num_batches_per_epoch: 49
2022-08-04 05:22:41,840 [dl_trainer.py:635] INFO Epoch 119, avg train acc: 93.399235, lr: 0.010000, avg loss: 0.191091
2022-08-04 05:22:43,744 [dl_trainer.py:731] WARNING [119][ 5840/   49][rank:6] loss: 0.249, average forward (0.008975) and backward (0.023524) time: 0.039555, iotime: 0.006762 
2022-08-04 05:22:44,182 [dist_trainer.py:90] WARNING Time per iteration including communication: 0.083665, Speed: 1529.914980 images/s
2022-08-04 05:22:45,873 [dl_trainer.py:731] WARNING [119][ 5880/   49][rank:6] loss: 0.231, average forward (0.009000) and backward (0.023281) time: 0.039350, iotime: 0.006817 
2022-08-04 05:22:45,886 [dl_trainer.py:634] INFO train iter: 5880, num_batches_per_epoch: 49
2022-08-04 05:22:45,886 [dl_trainer.py:635] INFO Epoch 120, avg train acc: 93.319515, lr: 0.010000, avg loss: 0.183271
2022-08-04 05:22:48,168 [dist_trainer.py:90] WARNING Time per iteration including communication: 0.083019, Speed: 1541.824339 images/s
2022-08-04 05:22:49,429 [dl_trainer.py:731] WARNING [120][ 5920/   49][rank:6] loss: 0.158, average forward (0.009649) and backward (0.021813) time: 0.038418, iotime: 0.006615 
2022-08-04 05:22:49,833 [dl_trainer.py:634] INFO train iter: 5929, num_batches_per_epoch: 49
2022-08-04 05:22:49,833 [dl_trainer.py:635] INFO Epoch 121, avg train acc: 93.463010, lr: 0.010000, avg loss: 0.184294
2022-08-04 05:22:52,088 [dist_trainer.py:90] WARNING Time per iteration including communication: 0.081650, Speed: 1567.664509 images/s
2022-08-04 05:22:52,990 [dl_trainer.py:731] WARNING [121][ 5960/   49][rank:6] loss: 0.114, average forward (0.008906) and backward (0.023702) time: 0.039351, iotime: 0.006488 
2022-08-04 05:22:53,883 [dl_trainer.py:634] INFO train iter: 5978, num_batches_per_epoch: 49
2022-08-04 05:22:53,884 [dl_trainer.py:635] INFO Epoch 122, avg train acc: 92.984694, lr: 0.010000, avg loss: 0.194349
2022-08-04 05:22:56,178 [dist_trainer.py:90] WARNING Time per iteration including communication: 0.085200, Speed: 1502.354743 images/s
2022-08-04 05:22:56,521 [dl_trainer.py:731] WARNING [122][ 6000/   49][rank:6] loss: 0.095, average forward (0.008564) and backward (0.020396) time: 0.031316, iotime: 0.001832 
2022-08-04 05:22:57,969 [dl_trainer.py:634] INFO train iter: 6027, num_batches_per_epoch: 49
2022-08-04 05:22:57,970 [dl_trainer.py:635] INFO Epoch 123, avg train acc: 93.447066, lr: 0.001000, avg loss: 0.188136
2022-08-04 05:23:00,056 [dl_trainer.py:731] WARNING [123][ 6040/   49][rank:6] loss: 0.186, average forward (0.008581) and backward (0.020845) time: 0.036369, iotime: 0.006558 
2022-08-04 05:23:00,115 [dist_trainer.py:90] WARNING Time per iteration including communication: 0.082015, Speed: 1560.681464 images/s
2022-08-04 05:23:01,964 [dl_trainer.py:634] INFO train iter: 6076, num_batches_per_epoch: 49
2022-08-04 05:23:01,965 [dl_trainer.py:635] INFO Epoch 124, avg train acc: 93.319515, lr: 0.001000, avg loss: 0.192542
2022-08-04 05:23:03,737 [dl_trainer.py:731] WARNING [124][ 6080/   49][rank:6] loss: 0.185, average forward (0.009079) and backward (0.021438) time: 0.038022, iotime: 0.006629 
2022-08-04 05:23:04,172 [dist_trainer.py:90] WARNING Time per iteration including communication: 0.084502, Speed: 1514.759690 images/s
2022-08-04 05:23:05,878 [dl_trainer.py:731] WARNING [124][ 6120/   49][rank:6] loss: 0.222, average forward (0.008894) and backward (0.024522) time: 0.040607, iotime: 0.006750 
2022-08-04 05:23:06,137 [dl_trainer.py:634] INFO train iter: 6125, num_batches_per_epoch: 49
2022-08-04 05:23:06,137 [dl_trainer.py:635] INFO Epoch 125, avg train acc: 93.112245, lr: 0.001000, avg loss: 0.191302
2022-08-04 05:23:08,157 [dist_trainer.py:90] WARNING Time per iteration including communication: 0.083005, Speed: 1542.067268 images/s
2022-08-04 05:23:09,409 [dl_trainer.py:731] WARNING [125][ 6160/   49][rank:6] loss: 0.246, average forward (0.008686) and backward (0.023695) time: 0.039567, iotime: 0.006805 
2022-08-04 05:23:10,090 [dl_trainer.py:634] INFO train iter: 6174, num_batches_per_epoch: 49
2022-08-04 05:23:10,091 [dl_trainer.py:635] INFO Epoch 126, avg train acc: 93.176020, lr: 0.001000, avg loss: 0.193154
2022-08-04 05:23:12,133 [dist_trainer.py:90] WARNING Time per iteration including communication: 0.082822, Speed: 1545.477987 images/s
2022-08-04 05:23:13,042 [dl_trainer.py:731] WARNING [126][ 6200/   49][rank:6] loss: 0.161, average forward (0.008919) and backward (0.024498) time: 0.040693, iotime: 0.006660 
2022-08-04 05:23:14,118 [dl_trainer.py:634] INFO train iter: 6223, num_batches_per_epoch: 49
2022-08-04 05:23:14,119 [dl_trainer.py:635] INFO Epoch 127, avg train acc: 93.447066, lr: 0.001000, avg loss: 0.190183
2022-08-04 05:23:16,155 [dist_trainer.py:90] WARNING Time per iteration including communication: 0.083792, Speed: 1527.597095 images/s
2022-08-04 05:23:16,474 [dl_trainer.py:731] WARNING [127][ 6240/   49][rank:6] loss: 0.204, average forward (0.008390) and backward (0.021295) time: 0.032003, iotime: 0.001826 
2022-08-04 05:23:18,228 [dl_trainer.py:634] INFO train iter: 6272, num_batches_per_epoch: 49
2022-08-04 05:23:18,229 [dl_trainer.py:635] INFO Epoch 128, avg train acc: 93.431122, lr: 0.001000, avg loss: 0.185621
2022-08-04 05:23:20,114 [dl_trainer.py:731] WARNING [128][ 6280/   49][rank:6] loss: 0.284, average forward (0.009556) and backward (0.023146) time: 0.039963, iotime: 0.006906 
2022-08-04 05:23:20,179 [dist_trainer.py:90] WARNING Time per iteration including communication: 0.083804, Speed: 1527.380612 images/s
2022-08-04 05:23:22,280 [dl_trainer.py:731] WARNING [128][ 6320/   49][rank:6] loss: 0.228, average forward (0.009258) and backward (0.022226) time: 0.038429, iotime: 0.006647 
2022-08-04 05:23:22,340 [dl_trainer.py:634] INFO train iter: 6321, num_batches_per_epoch: 49
2022-08-04 05:23:22,340 [dl_trainer.py:635] INFO Epoch 129, avg train acc: 93.176020, lr: 0.001000, avg loss: 0.199553
2022-08-04 05:23:24,297 [dist_trainer.py:90] WARNING Time per iteration including communication: 0.085781, Speed: 1492.177144 images/s
2022-08-04 05:23:26,009 [dl_trainer.py:731] WARNING [129][ 6360/   49][rank:6] loss: 0.092, average forward (0.008853) and backward (0.025310) time: 0.041374, iotime: 0.006615 
2022-08-04 05:23:26,497 [dl_trainer.py:634] INFO train iter: 6370, num_batches_per_epoch: 49
2022-08-04 05:23:26,498 [dl_trainer.py:635] INFO Epoch 130, avg train acc: 93.558673, lr: 0.001000, avg loss: 0.194290
2022-08-04 05:23:28,359 [dist_trainer.py:90] WARNING Time per iteration including communication: 0.084623, Speed: 1512.589026 images/s
2022-08-04 05:23:29,711 [dl_trainer.py:731] WARNING [130][ 6400/   49][rank:6] loss: 0.301, average forward (0.009649) and backward (0.022781) time: 0.040153, iotime: 0.007384 
2022-08-04 05:23:30,629 [dl_trainer.py:634] INFO train iter: 6419, num_batches_per_epoch: 49
2022-08-04 05:23:30,629 [dl_trainer.py:635] INFO Epoch 131, avg train acc: 93.144133, lr: 0.001000, avg loss: 0.192125
2022-08-04 05:23:32,690 [dist_trainer.py:90] WARNING Time per iteration including communication: 0.090210, Speed: 1418.918762 images/s
2022-08-04 05:23:33,592 [dl_trainer.py:731] WARNING [131][ 6440/   49][rank:6] loss: 0.109, average forward (0.008640) and backward (0.022298) time: 0.037947, iotime: 0.006728 
2022-08-04 05:23:34,945 [dl_trainer.py:634] INFO train iter: 6468, num_batches_per_epoch: 49
2022-08-04 05:23:34,946 [dl_trainer.py:635] INFO Epoch 132, avg train acc: 93.335459, lr: 0.001000, avg loss: 0.186266
2022-08-04 05:23:36,853 [dist_trainer.py:90] WARNING Time per iteration including communication: 0.086699, Speed: 1476.363920 images/s
2022-08-04 05:23:37,198 [dl_trainer.py:731] WARNING [132][ 6480/   49][rank:6] loss: 0.159, average forward (0.009206) and backward (0.025740) time: 0.037487, iotime: 0.001927 
2022-08-04 05:23:39,183 [dl_trainer.py:634] INFO train iter: 6517, num_batches_per_epoch: 49
2022-08-04 05:23:39,184 [dl_trainer.py:635] INFO Epoch 133, avg train acc: 93.064413, lr: 0.001000, avg loss: 0.195650
2022-08-04 05:23:40,996 [dl_trainer.py:731] WARNING [133][ 6520/   49][rank:6] loss: 0.160, average forward (0.009539) and backward (0.023584) time: 0.040120, iotime: 0.006715 
2022-08-04 05:23:41,051 [dist_trainer.py:90] WARNING Time per iteration including communication: 0.087446, Speed: 1463.768321 images/s
2022-08-04 05:23:43,118 [dl_trainer.py:731] WARNING [133][ 6560/   49][rank:6] loss: 0.181, average forward (0.009297) and backward (0.023149) time: 0.039913, iotime: 0.007189 
2022-08-04 05:23:43,444 [dl_trainer.py:634] INFO train iter: 6566, num_batches_per_epoch: 49
2022-08-04 05:23:43,444 [dl_trainer.py:635] INFO Epoch 134, avg train acc: 93.016582, lr: 0.001000, avg loss: 0.193772
2022-08-04 05:23:45,137 [dist_trainer.py:90] WARNING Time per iteration including communication: 0.085129, Speed: 1503.597387 images/s
2022-08-04 05:23:46,842 [dl_trainer.py:731] WARNING [134][ 6600/   49][rank:6] loss: 0.283, average forward (0.009203) and backward (0.023798) time: 0.040083, iotime: 0.006787 
2022-08-04 05:23:47,556 [dl_trainer.py:634] INFO train iter: 6615, num_batches_per_epoch: 49
2022-08-04 05:23:47,557 [dl_trainer.py:635] INFO Epoch 135, avg train acc: 93.861607, lr: 0.001000, avg loss: 0.180483
2022-08-04 05:23:49,165 [dist_trainer.py:90] WARNING Time per iteration including communication: 0.083896, Speed: 1525.696565 images/s
2022-08-04 05:23:50,487 [dl_trainer.py:731] WARNING [135][ 6640/   49][rank:6] loss: 0.185, average forward (0.009129) and backward (0.022320) time: 0.038814, iotime: 0.007043 
2022-08-04 05:23:51,492 [dl_trainer.py:634] INFO train iter: 6664, num_batches_per_epoch: 49
2022-08-04 05:23:51,493 [dl_trainer.py:635] INFO Epoch 136, avg train acc: 93.064413, lr: 0.001000, avg loss: 0.198063
2022-08-04 05:23:53,120 [dist_trainer.py:90] WARNING Time per iteration including communication: 0.082369, Speed: 1553.980819 images/s
2022-08-04 05:23:54,048 [dl_trainer.py:731] WARNING [136][ 6680/   49][rank:6] loss: 0.262, average forward (0.008951) and backward (0.019249) time: 0.035926, iotime: 0.007224 
2022-08-04 05:23:55,558 [dist_trainer.py:90] WARNING Time per iteration including communication: 0.050756, Speed: 2521.876370 images/s
2022-08-04 05:23:55,558 [dl_trainer.py:634] INFO train iter: 6713, num_batches_per_epoch: 49
2022-08-04 05:23:55,558 [dl_trainer.py:635] INFO Epoch 137, avg train acc: 93.670281, lr: 0.001000, avg loss: 0.183679
2022-08-04 05:23:57,401 [dl_trainer.py:731] WARNING [137][ 6720/   49][rank:6] loss: 0.069, average forward (0.009171) and backward (0.021599) time: 0.033154, iotime: 0.002107 
2022-08-04 05:23:59,526 [dl_trainer.py:731] WARNING [137][ 6760/   49][rank:6] loss: 0.195, average forward (0.009916) and backward (0.022905) time: 0.040250, iotime: 0.007133 
2022-08-04 05:23:59,591 [dist_trainer.py:90] WARNING Time per iteration including communication: 0.084006, Speed: 1523.697417 images/s
2022-08-04 05:23:59,635 [dl_trainer.py:634] INFO train iter: 6762, num_batches_per_epoch: 49
2022-08-04 05:23:59,635 [dl_trainer.py:635] INFO Epoch 138, avg train acc: 93.383291, lr: 0.001000, avg loss: 0.183812
