2022-08-04 05:13:59,752 [dist_trainer.py:135] INFO Configurations: Namespace(batch_size=128, compressor='topk', data_dir='./data', dataset='cifar10', density=0.001, dnn='resnet20', lr=0.1, max_epochs=141, nsteps_update=1, num_steps=35, nworkers=8, nwpernode=8, pretrain=None, saved_dir='./logs/iclr', threshold=524288000)
2022-08-04 05:14:28,221 [dl_trainer.py:254] INFO num_batches_per_epoch: 49
2022-08-04 05:14:28,535 [distributed_optimizer.py:63] INFO _dynamic_densities: [0.015625, 0.004, 0.001]
2022-08-04 05:14:28,537 [distributed_optimizer.py:323] INFO # of parameters: 269722
2022-08-04 05:14:28,537 [distributed_optimizer.py:324] INFO Total number of tensors: 59
2022-08-04 05:14:28,537 [distributed_optimizer.py:325] INFO Merged Number of groups: 1
2022-08-04 05:14:29,300 [dist_trainer.py:62] INFO max_epochs: 141
2022-08-04 05:14:33,636 [dl_trainer.py:731] WARNING [  0][   40/   49][rank:4] loss: 1.936, average forward (0.058171) and backward (0.031042) time: 0.091824, iotime: 0.002081 
2022-08-04 05:14:33,702 [dist_trainer.py:90] WARNING Time per iteration including communication: 0.107319, Speed: 1192.708892 images/s
2022-08-04 05:14:34,296 [dl_trainer.py:634] INFO train iter: 49, num_batches_per_epoch: 49
2022-08-04 05:14:34,296 [dl_trainer.py:635] INFO Epoch 1, avg train acc: 18.734056, lr: 0.020327, avg loss: 2.426041
2022-08-04 05:14:37,395 [dl_trainer.py:731] WARNING [  1][   80/   49][rank:4] loss: 1.887, average forward (0.009774) and backward (0.023949) time: 0.039699, iotime: 0.005665 
2022-08-04 05:14:37,855 [dist_trainer.py:90] WARNING Time per iteration including communication: 0.086517, Speed: 1479.479955 images/s
2022-08-04 05:14:38,503 [dl_trainer.py:634] INFO train iter: 98, num_batches_per_epoch: 49
2022-08-04 05:14:38,503 [dl_trainer.py:635] INFO Epoch 2, avg train acc: 28.443878, lr: 0.040245, avg loss: 1.895241
2022-08-04 05:14:41,133 [dl_trainer.py:731] WARNING [  2][  120/   49][rank:4] loss: 1.972, average forward (0.008963) and backward (0.021570) time: 0.037272, iotime: 0.006459 
2022-08-04 05:14:42,015 [dist_trainer.py:90] WARNING Time per iteration including communication: 0.086657, Speed: 1477.084737 images/s
2022-08-04 05:14:42,725 [dl_trainer.py:634] INFO train iter: 147, num_batches_per_epoch: 49
2022-08-04 05:14:42,726 [dl_trainer.py:635] INFO Epoch 3, avg train acc: 29.017857, lr: 0.060163, avg loss: 1.883002
2022-08-04 05:14:44,920 [dl_trainer.py:731] WARNING [  3][  160/   49][rank:4] loss: 2.071, average forward (0.008897) and backward (0.021424) time: 0.037427, iotime: 0.006796 
2022-08-04 05:14:46,162 [dist_trainer.py:90] WARNING Time per iteration including communication: 0.086374, Speed: 1481.924880 images/s
2022-08-04 05:14:46,901 [dl_trainer.py:634] INFO train iter: 196, num_batches_per_epoch: 49
2022-08-04 05:14:46,902 [dl_trainer.py:635] INFO Epoch 4, avg train acc: 27.678571, lr: 0.080082, avg loss: 2.002645
2022-08-04 05:14:48,648 [dl_trainer.py:731] WARNING [  4][  200/   49][rank:4] loss: 2.011, average forward (0.009961) and backward (0.022662) time: 0.040257, iotime: 0.007321 
2022-08-04 05:14:50,289 [dist_trainer.py:90] WARNING Time per iteration including communication: 0.085977, Speed: 1488.775964 images/s
2022-08-04 05:14:50,609 [dl_trainer.py:731] WARNING [  4][  240/   49][rank:4] loss: 1.843, average forward (0.009513) and backward (0.023728) time: 0.035605, iotime: 0.002094 
2022-08-04 05:14:51,064 [dl_trainer.py:634] INFO train iter: 245, num_batches_per_epoch: 49
2022-08-04 05:14:51,065 [dl_trainer.py:635] INFO Epoch 5, avg train acc: 28.762755, lr: 0.100000, avg loss: 1.894315
2022-08-04 05:14:54,284 [dl_trainer.py:731] WARNING [  5][  280/   49][rank:4] loss: 1.616, average forward (0.008494) and backward (0.020519) time: 0.035634, iotime: 0.006376 
2022-08-04 05:14:54,345 [dist_trainer.py:90] WARNING Time per iteration including communication: 0.084498, Speed: 1514.828964 images/s
2022-08-04 05:14:55,177 [dl_trainer.py:634] INFO train iter: 294, num_batches_per_epoch: 49
2022-08-04 05:14:55,178 [dl_trainer.py:635] INFO Epoch 6, avg train acc: 33.227041, lr: 0.100000, avg loss: 1.750342
2022-08-04 05:14:58,068 [dl_trainer.py:731] WARNING [  6][  320/   49][rank:4] loss: 1.684, average forward (0.009130) and backward (0.022710) time: 0.038452, iotime: 0.006349 
2022-08-04 05:14:58,506 [dist_trainer.py:90] WARNING Time per iteration including communication: 0.086676, Speed: 1476.763845 images/s
2022-08-04 05:14:59,379 [dl_trainer.py:634] INFO train iter: 343, num_batches_per_epoch: 49
2022-08-04 05:14:59,379 [dl_trainer.py:635] INFO Epoch 7, avg train acc: 36.256378, lr: 0.100000, avg loss: 1.691271
2022-08-04 05:15:01,709 [dl_trainer.py:731] WARNING [  7][  360/   49][rank:4] loss: 1.519, average forward (0.009275) and backward (0.022491) time: 0.038947, iotime: 0.006891 
2022-08-04 05:15:02,554 [dist_trainer.py:90] WARNING Time per iteration including communication: 0.084302, Speed: 1518.359312 images/s
2022-08-04 05:15:03,493 [dl_trainer.py:634] INFO train iter: 392, num_batches_per_epoch: 49
2022-08-04 05:15:03,494 [dl_trainer.py:635] INFO Epoch 8, avg train acc: 40.481505, lr: 0.100000, avg loss: 1.581342
2022-08-04 05:15:05,511 [dl_trainer.py:731] WARNING [  8][  400/   49][rank:4] loss: 1.667, average forward (0.008573) and backward (0.023023) time: 0.039131, iotime: 0.007236 
2022-08-04 05:15:06,728 [dist_trainer.py:90] WARNING Time per iteration including communication: 0.086947, Speed: 1472.158022 images/s
2022-08-04 05:15:07,629 [dl_trainer.py:731] WARNING [  8][  440/   49][rank:4] loss: 1.487, average forward (0.008799) and backward (0.020581) time: 0.036188, iotime: 0.006551 
2022-08-04 05:15:07,684 [dl_trainer.py:634] INFO train iter: 441, num_batches_per_epoch: 49
2022-08-04 05:15:07,685 [dl_trainer.py:635] INFO Epoch 9, avg train acc: 44.467474, lr: 0.100000, avg loss: 1.495000
2022-08-04 05:15:10,803 [dist_trainer.py:90] WARNING Time per iteration including communication: 0.084876, Speed: 1508.076627 images/s
2022-08-04 05:15:11,128 [dl_trainer.py:731] WARNING [  9][  480/   49][rank:4] loss: 1.579, average forward (0.009327) and backward (0.026011) time: 0.037721, iotime: 0.002077 
2022-08-04 05:15:11,819 [dl_trainer.py:634] INFO train iter: 490, num_batches_per_epoch: 49
2022-08-04 05:15:11,820 [dl_trainer.py:635] INFO Epoch 10, avg train acc: 47.688138, lr: 0.100000, avg loss: 1.429758
2022-08-04 05:15:14,822 [dl_trainer.py:731] WARNING [ 10][  520/   49][rank:4] loss: 1.422, average forward (0.009631) and backward (0.022226) time: 0.039342, iotime: 0.007189 
2022-08-04 05:15:14,877 [dist_trainer.py:90] WARNING Time per iteration including communication: 0.084869, Speed: 1508.199310 images/s
2022-08-04 05:15:15,887 [dl_trainer.py:634] INFO train iter: 539, num_batches_per_epoch: 49
2022-08-04 05:15:15,889 [dl_trainer.py:635] INFO Epoch 11, avg train acc: 49.537628, lr: 0.100000, avg loss: 1.377206
2022-08-04 05:15:18,372 [dl_trainer.py:731] WARNING [ 11][  560/   49][rank:4] loss: 1.444, average forward (0.008843) and backward (0.023069) time: 0.038895, iotime: 0.006642 
2022-08-04 05:15:18,824 [dist_trainer.py:90] WARNING Time per iteration including communication: 0.082217, Speed: 1556.853044 images/s
2022-08-04 05:15:19,968 [dl_trainer.py:634] INFO train iter: 588, num_batches_per_epoch: 49
2022-08-04 05:15:19,968 [dl_trainer.py:635] INFO Epoch 12, avg train acc: 51.100128, lr: 0.100000, avg loss: 1.337542
2022-08-04 05:15:22,104 [dl_trainer.py:731] WARNING [ 12][  600/   49][rank:4] loss: 1.266, average forward (0.010365) and backward (0.024609) time: 0.042239, iotime: 0.006945 
2022-08-04 05:15:22,948 [dist_trainer.py:90] WARNING Time per iteration including communication: 0.085887, Speed: 1490.337041 images/s
2022-08-04 05:15:24,114 [dl_trainer.py:634] INFO train iter: 637, num_batches_per_epoch: 49
2022-08-04 05:15:24,114 [dl_trainer.py:635] INFO Epoch 13, avg train acc: 54.129464, lr: 0.100000, avg loss: 1.264034
2022-08-04 05:15:25,737 [dl_trainer.py:731] WARNING [ 13][  640/   49][rank:4] loss: 1.109, average forward (0.009240) and backward (0.024336) time: 0.041050, iotime: 0.007182 
2022-08-04 05:15:26,954 [dist_trainer.py:90] WARNING Time per iteration including communication: 0.083460, Speed: 1533.667488 images/s
2022-08-04 05:15:27,885 [dl_trainer.py:731] WARNING [ 13][  680/   49][rank:4] loss: 1.402, average forward (0.009853) and backward (0.024290) time: 0.041117, iotime: 0.006708 
2022-08-04 05:15:28,188 [dl_trainer.py:634] INFO train iter: 686, num_batches_per_epoch: 49
2022-08-04 05:15:28,189 [dl_trainer.py:635] INFO Epoch 14, avg train acc: 54.081633, lr: 0.100000, avg loss: 1.252176
2022-08-04 05:15:31,072 [dist_trainer.py:90] WARNING Time per iteration including communication: 0.085777, Speed: 1492.249985 images/s
2022-08-04 05:15:31,399 [dl_trainer.py:731] WARNING [ 14][  720/   49][rank:4] loss: 1.213, average forward (0.008964) and backward (0.021570) time: 0.032796, iotime: 0.001992 
2022-08-04 05:15:32,355 [dl_trainer.py:634] INFO train iter: 735, num_batches_per_epoch: 49
2022-08-04 05:15:32,356 [dl_trainer.py:635] INFO Epoch 15, avg train acc: 55.978954, lr: 0.100000, avg loss: 1.201395
2022-08-04 05:15:35,098 [dl_trainer.py:731] WARNING [ 15][  760/   49][rank:4] loss: 1.266, average forward (0.008695) and backward (0.023546) time: 0.039355, iotime: 0.006854 
2022-08-04 05:15:35,160 [dist_trainer.py:90] WARNING Time per iteration including communication: 0.085153, Speed: 1503.177712 images/s
2022-08-04 05:15:36,494 [dl_trainer.py:634] INFO train iter: 784, num_batches_per_epoch: 49
2022-08-04 05:15:36,495 [dl_trainer.py:635] INFO Epoch 16, avg train acc: 58.179209, lr: 0.100000, avg loss: 1.156286
2022-08-04 05:15:38,755 [dl_trainer.py:731] WARNING [ 16][  800/   49][rank:4] loss: 1.198, average forward (0.008924) and backward (0.024193) time: 0.039825, iotime: 0.006450 
2022-08-04 05:15:39,226 [dist_trainer.py:90] WARNING Time per iteration including communication: 0.084694, Speed: 1511.330507 images/s
2022-08-04 05:15:40,585 [dl_trainer.py:634] INFO train iter: 833, num_batches_per_epoch: 49
2022-08-04 05:15:40,586 [dl_trainer.py:635] INFO Epoch 17, avg train acc: 59.853316, lr: 0.100000, avg loss: 1.125276
2022-08-04 05:15:42,640 [dl_trainer.py:731] WARNING [ 17][  840/   49][rank:4] loss: 1.292, average forward (0.008972) and backward (0.023663) time: 0.039328, iotime: 0.006390 
2022-08-04 05:15:43,510 [dist_trainer.py:90] WARNING Time per iteration including communication: 0.089252, Speed: 1434.139057 images/s
2022-08-04 05:15:44,802 [dl_trainer.py:731] WARNING [ 17][  880/   49][rank:4] loss: 1.031, average forward (0.009180) and backward (0.023453) time: 0.039094, iotime: 0.006228 
2022-08-04 05:15:44,917 [dl_trainer.py:634] INFO train iter: 882, num_batches_per_epoch: 49
2022-08-04 05:15:44,918 [dl_trainer.py:635] INFO Epoch 18, avg train acc: 62.085459, lr: 0.100000, avg loss: 1.058627
2022-08-04 05:15:47,587 [dist_trainer.py:90] WARNING Time per iteration including communication: 0.084924, Speed: 1507.237972 images/s
2022-08-04 05:15:48,528 [dl_trainer.py:731] WARNING [ 18][  920/   49][rank:4] loss: 0.900, average forward (0.008916) and backward (0.022232) time: 0.037806, iotime: 0.006388 
2022-08-04 05:15:49,073 [dl_trainer.py:634] INFO train iter: 931, num_batches_per_epoch: 49
2022-08-04 05:15:49,074 [dl_trainer.py:635] INFO Epoch 19, avg train acc: 61.782526, lr: 0.100000, avg loss: 1.066197
2022-08-04 05:15:51,631 [dist_trainer.py:90] WARNING Time per iteration including communication: 0.084242, Speed: 1519.438631 images/s
2022-08-04 05:15:51,954 [dl_trainer.py:731] WARNING [ 19][  960/   49][rank:4] loss: 1.166, average forward (0.008480) and backward (0.020459) time: 0.031107, iotime: 0.001923 
2022-08-04 05:15:53,084 [dl_trainer.py:634] INFO train iter: 980, num_batches_per_epoch: 49
2022-08-04 05:15:53,085 [dl_trainer.py:635] INFO Epoch 20, avg train acc: 62.659439, lr: 0.100000, avg loss: 1.034770
2022-08-04 05:15:55,567 [dl_trainer.py:731] WARNING [ 20][ 1000/   49][rank:4] loss: 1.265, average forward (0.009118) and backward (0.024428) time: 0.040567, iotime: 0.006738 
2022-08-04 05:15:55,620 [dist_trainer.py:90] WARNING Time per iteration including communication: 0.083086, Speed: 1540.564059 images/s
2022-08-04 05:15:57,203 [dl_trainer.py:634] INFO train iter: 1029, num_batches_per_epoch: 49
2022-08-04 05:15:57,203 [dl_trainer.py:635] INFO Epoch 21, avg train acc: 64.779974, lr: 0.100000, avg loss: 0.989217
2022-08-04 05:15:59,219 [dl_trainer.py:731] WARNING [ 21][ 1040/   49][rank:4] loss: 0.873, average forward (0.009983) and backward (0.023339) time: 0.040197, iotime: 0.006567 
2022-08-04 05:15:59,654 [dist_trainer.py:90] WARNING Time per iteration including communication: 0.084029, Speed: 1523.289769 images/s
2022-08-04 05:16:01,294 [dl_trainer.py:634] INFO train iter: 1078, num_batches_per_epoch: 49
2022-08-04 05:16:01,295 [dl_trainer.py:635] INFO Epoch 22, avg train acc: 63.695791, lr: 0.100000, avg loss: 1.003445
2022-08-04 05:16:02,968 [dl_trainer.py:731] WARNING [ 22][ 1080/   49][rank:4] loss: 0.854, average forward (0.008947) and backward (0.021647) time: 0.038361, iotime: 0.007316 
2022-08-04 05:16:03,825 [dist_trainer.py:90] WARNING Time per iteration including communication: 0.086894, Speed: 1473.067456 images/s
2022-08-04 05:16:05,158 [dl_trainer.py:731] WARNING [ 22][ 1120/   49][rank:4] loss: 0.884, average forward (0.009250) and backward (0.023021) time: 0.039136, iotime: 0.006613 
2022-08-04 05:16:05,502 [dl_trainer.py:634] INFO train iter: 1127, num_batches_per_epoch: 49
2022-08-04 05:16:05,502 [dl_trainer.py:635] INFO Epoch 23, avg train acc: 65.752551, lr: 0.100000, avg loss: 0.944195
2022-08-04 05:16:08,001 [dist_trainer.py:90] WARNING Time per iteration including communication: 0.086987, Speed: 1471.490232 images/s
2022-08-04 05:16:08,902 [dl_trainer.py:731] WARNING [ 23][ 1160/   49][rank:4] loss: 0.704, average forward (0.009419) and backward (0.023372) time: 0.039751, iotime: 0.006673 
2022-08-04 05:16:09,706 [dl_trainer.py:634] INFO train iter: 1176, num_batches_per_epoch: 49
2022-08-04 05:16:09,706 [dl_trainer.py:635] INFO Epoch 24, avg train acc: 67.649872, lr: 0.100000, avg loss: 0.905413
2022-08-04 05:16:12,029 [dist_trainer.py:90] WARNING Time per iteration including communication: 0.083898, Speed: 1525.663506 images/s
2022-08-04 05:16:12,381 [dl_trainer.py:731] WARNING [ 24][ 1200/   49][rank:4] loss: 0.957, average forward (0.008665) and backward (0.024431) time: 0.035402, iotime: 0.002033 
2022-08-04 05:16:13,798 [dl_trainer.py:634] INFO train iter: 1225, num_batches_per_epoch: 49
2022-08-04 05:16:13,799 [dl_trainer.py:635] INFO Epoch 25, avg train acc: 68.877551, lr: 0.100000, avg loss: 0.869454
2022-08-04 05:16:16,034 [dl_trainer.py:731] WARNING [ 25][ 1240/   49][rank:4] loss: 0.943, average forward (0.008875) and backward (0.023606) time: 0.039545, iotime: 0.006729 
2022-08-04 05:16:16,089 [dist_trainer.py:90] WARNING Time per iteration including communication: 0.084566, Speed: 1513.606989 images/s
2022-08-04 05:16:17,835 [dl_trainer.py:634] INFO train iter: 1274, num_batches_per_epoch: 49
2022-08-04 05:16:17,835 [dl_trainer.py:635] INFO Epoch 26, avg train acc: 68.861607, lr: 0.100000, avg loss: 0.877782
2022-08-04 05:16:19,615 [dl_trainer.py:731] WARNING [ 26][ 1280/   49][rank:4] loss: 0.772, average forward (0.008942) and backward (0.023468) time: 0.039766, iotime: 0.007084 
2022-08-04 05:16:20,071 [dist_trainer.py:90] WARNING Time per iteration including communication: 0.082962, Speed: 1542.883617 images/s
2022-08-04 05:16:21,803 [dl_trainer.py:731] WARNING [ 26][ 1320/   49][rank:4] loss: 1.111, average forward (0.009070) and backward (0.023393) time: 0.039955, iotime: 0.007255 
2022-08-04 05:16:21,951 [dl_trainer.py:634] INFO train iter: 1323, num_batches_per_epoch: 49
2022-08-04 05:16:21,951 [dl_trainer.py:635] INFO Epoch 27, avg train acc: 69.658801, lr: 0.100000, avg loss: 0.859070
2022-08-04 05:16:24,170 [dist_trainer.py:90] WARNING Time per iteration including communication: 0.085381, Speed: 1499.154445 images/s
2022-08-04 05:16:25,488 [dl_trainer.py:731] WARNING [ 27][ 1360/   49][rank:4] loss: 0.754, average forward (0.008888) and backward (0.023718) time: 0.039490, iotime: 0.006623 
2022-08-04 05:16:26,107 [dl_trainer.py:634] INFO train iter: 1372, num_batches_per_epoch: 49
2022-08-04 05:16:26,108 [dl_trainer.py:635] INFO Epoch 28, avg train acc: 70.934311, lr: 0.100000, avg loss: 0.824530
2022-08-04 05:16:28,238 [dist_trainer.py:90] WARNING Time per iteration including communication: 0.084727, Speed: 1510.735111 images/s
2022-08-04 05:16:29,166 [dl_trainer.py:731] WARNING [ 28][ 1400/   49][rank:4] loss: 0.834, average forward (0.009242) and backward (0.023539) time: 0.039857, iotime: 0.006779 
2022-08-04 05:16:30,190 [dl_trainer.py:634] INFO train iter: 1421, num_batches_per_epoch: 49
2022-08-04 05:16:30,191 [dl_trainer.py:635] INFO Epoch 29, avg train acc: 72.751913, lr: 0.100000, avg loss: 0.774374
2022-08-04 05:16:32,507 [dist_trainer.py:90] WARNING Time per iteration including communication: 0.088898, Speed: 1439.852365 images/s
2022-08-04 05:16:32,847 [dl_trainer.py:731] WARNING [ 29][ 1440/   49][rank:4] loss: 0.677, average forward (0.008930) and backward (0.022979) time: 0.034394, iotime: 0.002158 
2022-08-04 05:16:34,548 [dl_trainer.py:634] INFO train iter: 1470, num_batches_per_epoch: 49
2022-08-04 05:16:34,549 [dl_trainer.py:635] INFO Epoch 30, avg train acc: 72.369260, lr: 0.100000, avg loss: 0.788781
2022-08-04 05:16:36,509 [dl_trainer.py:731] WARNING [ 30][ 1480/   49][rank:4] loss: 0.846, average forward (0.009489) and backward (0.022636) time: 0.039661, iotime: 0.007234 
2022-08-04 05:16:36,559 [dist_trainer.py:90] WARNING Time per iteration including communication: 0.084410, Speed: 1516.406369 images/s
2022-08-04 05:16:38,633 [dl_trainer.py:634] INFO train iter: 1519, num_batches_per_epoch: 49
2022-08-04 05:16:38,634 [dl_trainer.py:635] INFO Epoch 31, avg train acc: 73.628827, lr: 0.100000, avg loss: 0.749602
2022-08-04 05:16:38,662 [dl_trainer.py:731] WARNING [ 31][ 1520/   49][rank:4] loss: 0.749, average forward (0.008953) and backward (0.022262) time: 0.038173, iotime: 0.006696 
2022-08-04 05:16:40,621 [dist_trainer.py:90] WARNING Time per iteration including communication: 0.084610, Speed: 1512.819542 images/s
2022-08-04 05:16:42,288 [dl_trainer.py:731] WARNING [ 31][ 1560/   49][rank:4] loss: 0.544, average forward (0.009018) and backward (0.023972) time: 0.040346, iotime: 0.007089 
2022-08-04 05:16:42,714 [dl_trainer.py:634] INFO train iter: 1568, num_batches_per_epoch: 49
2022-08-04 05:16:42,714 [dl_trainer.py:635] INFO Epoch 32, avg train acc: 73.883929, lr: 0.100000, avg loss: 0.723609
2022-08-04 05:16:44,675 [dist_trainer.py:90] WARNING Time per iteration including communication: 0.084440, Speed: 1515.875090 images/s
2022-08-04 05:16:45,971 [dl_trainer.py:731] WARNING [ 32][ 1600/   49][rank:4] loss: 0.695, average forward (0.009267) and backward (0.022317) time: 0.038732, iotime: 0.006882 
2022-08-04 05:16:46,814 [dl_trainer.py:634] INFO train iter: 1617, num_batches_per_epoch: 49
2022-08-04 05:16:46,814 [dl_trainer.py:635] INFO Epoch 33, avg train acc: 73.453444, lr: 0.100000, avg loss: 0.751158
2022-08-04 05:16:48,728 [dist_trainer.py:90] WARNING Time per iteration including communication: 0.084415, Speed: 1516.325084 images/s
2022-08-04 05:16:49,652 [dl_trainer.py:731] WARNING [ 33][ 1640/   49][rank:4] loss: 0.676, average forward (0.009404) and backward (0.021791) time: 0.038331, iotime: 0.006739 
2022-08-04 05:16:50,900 [dl_trainer.py:634] INFO train iter: 1666, num_batches_per_epoch: 49
2022-08-04 05:16:50,900 [dl_trainer.py:635] INFO Epoch 34, avg train acc: 73.660714, lr: 0.100000, avg loss: 0.730557
2022-08-04 05:16:52,717 [dist_trainer.py:90] WARNING Time per iteration including communication: 0.083094, Speed: 1540.418650 images/s
2022-08-04 05:16:53,043 [dl_trainer.py:731] WARNING [ 34][ 1680/   49][rank:4] loss: 0.633, average forward (0.010141) and backward (0.022945) time: 0.035742, iotime: 0.002208 
2022-08-04 05:16:54,964 [dl_trainer.py:634] INFO train iter: 1715, num_batches_per_epoch: 49
2022-08-04 05:16:54,964 [dl_trainer.py:635] INFO Epoch 35, avg train acc: 75.207270, lr: 0.100000, avg loss: 0.714710
2022-08-04 05:16:56,660 [dl_trainer.py:731] WARNING [ 35][ 1720/   49][rank:4] loss: 0.588, average forward (0.009367) and backward (0.019772) time: 0.036380, iotime: 0.006928 
2022-08-04 05:16:56,729 [dist_trainer.py:90] WARNING Time per iteration including communication: 0.083560, Speed: 1531.836694 images/s
2022-08-04 05:16:58,777 [dl_trainer.py:731] WARNING [ 35][ 1760/   49][rank:4] loss: 0.604, average forward (0.009323) and backward (0.021693) time: 0.038681, iotime: 0.007395 
2022-08-04 05:16:58,953 [dl_trainer.py:634] INFO train iter: 1764, num_batches_per_epoch: 49
2022-08-04 05:16:58,953 [dl_trainer.py:635] INFO Epoch 36, avg train acc: 76.434949, lr: 0.100000, avg loss: 0.675455
2022-08-04 05:17:00,722 [dist_trainer.py:90] WARNING Time per iteration including communication: 0.083169, Speed: 1539.031974 images/s
2022-08-04 05:17:02,442 [dl_trainer.py:731] WARNING [ 36][ 1800/   49][rank:4] loss: 0.743, average forward (0.009298) and backward (0.022443) time: 0.038999, iotime: 0.006979 
2022-08-04 05:17:03,121 [dl_trainer.py:634] INFO train iter: 1813, num_batches_per_epoch: 49
2022-08-04 05:17:03,122 [dl_trainer.py:635] INFO Epoch 37, avg train acc: 77.566964, lr: 0.100000, avg loss: 0.637238
2022-08-04 05:17:04,822 [dist_trainer.py:90] WARNING Time per iteration including communication: 0.085404, Speed: 1498.765226 images/s
2022-08-04 05:17:06,102 [dl_trainer.py:731] WARNING [ 37][ 1840/   49][rank:4] loss: 0.631, average forward (0.010239) and backward (0.024863) time: 0.042436, iotime: 0.007020 
2022-08-04 05:17:07,139 [dl_trainer.py:634] INFO train iter: 1862, num_batches_per_epoch: 49
2022-08-04 05:17:07,140 [dl_trainer.py:635] INFO Epoch 38, avg train acc: 77.152423, lr: 0.100000, avg loss: 0.651919
2022-08-04 05:17:08,909 [dist_trainer.py:90] WARNING Time per iteration including communication: 0.085136, Speed: 1503.470364 images/s
2022-08-04 05:17:09,865 [dl_trainer.py:731] WARNING [ 38][ 1880/   49][rank:4] loss: 0.633, average forward (0.010392) and backward (0.023234) time: 0.041214, iotime: 0.007273 
2022-08-04 05:17:11,394 [dl_trainer.py:634] INFO train iter: 1911, num_batches_per_epoch: 49
2022-08-04 05:17:11,395 [dl_trainer.py:635] INFO Epoch 39, avg train acc: 78.698980, lr: 0.100000, avg loss: 0.613985
2022-08-04 05:17:13,013 [dist_trainer.py:90] WARNING Time per iteration including communication: 0.085488, Speed: 1497.277704 images/s
2022-08-04 05:17:13,370 [dl_trainer.py:731] WARNING [ 39][ 1920/   49][rank:4] loss: 0.689, average forward (0.010016) and backward (0.023810) time: 0.036427, iotime: 0.002279 
2022-08-04 05:17:15,474 [dl_trainer.py:731] WARNING [ 39][ 1960/   49][rank:4] loss: 0.487, average forward (0.009842) and backward (0.022323) time: 0.039320, iotime: 0.006867 
2022-08-04 05:17:15,493 [dl_trainer.py:634] INFO train iter: 1960, num_batches_per_epoch: 49
2022-08-04 05:17:15,494 [dl_trainer.py:635] INFO Epoch 40, avg train acc: 78.954082, lr: 0.100000, avg loss: 0.606196
2022-08-04 05:17:17,032 [dist_trainer.py:90] WARNING Time per iteration including communication: 0.083715, Speed: 1529.001425 images/s
2022-08-04 05:17:19,114 [dl_trainer.py:731] WARNING [ 40][ 2000/   49][rank:4] loss: 0.528, average forward (0.009440) and backward (0.023989) time: 0.040685, iotime: 0.006865 
2022-08-04 05:17:19,541 [dist_trainer.py:90] WARNING Time per iteration including communication: 0.052261, Speed: 2449.263764 images/s
2022-08-04 05:17:19,542 [dl_trainer.py:634] INFO train iter: 2009, num_batches_per_epoch: 49
2022-08-04 05:17:19,542 [dl_trainer.py:635] INFO Epoch 41, avg train acc: 77.822066, lr: 0.100000, avg loss: 0.619709
2022-08-04 05:17:22,765 [dl_trainer.py:731] WARNING [ 41][ 2040/   49][rank:4] loss: 0.642, average forward (0.009537) and backward (0.021783) time: 0.038732, iotime: 0.007122 
2022-08-04 05:17:23,588 [dist_trainer.py:90] WARNING Time per iteration including communication: 0.084297, Speed: 1518.442158 images/s
2022-08-04 05:17:23,640 [dl_trainer.py:634] INFO train iter: 2058, num_batches_per_epoch: 49
2022-08-04 05:17:23,640 [dl_trainer.py:635] INFO Epoch 42, avg train acc: 79.464286, lr: 0.100000, avg loss: 0.583359
2022-08-04 05:17:26,406 [dl_trainer.py:731] WARNING [ 42][ 2080/   49][rank:4] loss: 0.452, average forward (0.009314) and backward (0.022995) time: 0.039714, iotime: 0.007083 
2022-08-04 05:17:27,594 [dist_trainer.py:90] WARNING Time per iteration including communication: 0.083441, Speed: 1534.022264 images/s
2022-08-04 05:17:27,692 [dl_trainer.py:634] INFO train iter: 2107, num_batches_per_epoch: 49
2022-08-04 05:17:27,692 [dl_trainer.py:635] INFO Epoch 43, avg train acc: 80.484694, lr: 0.100000, avg loss: 0.555707
2022-08-04 05:17:30,062 [dl_trainer.py:731] WARNING [ 43][ 2120/   49][rank:4] loss: 0.699, average forward (0.008826) and backward (0.022031) time: 0.037614, iotime: 0.006502 
2022-08-04 05:17:31,633 [dist_trainer.py:90] WARNING Time per iteration including communication: 0.084125, Speed: 1521.550400 images/s
2022-08-04 05:17:31,780 [dl_trainer.py:634] INFO train iter: 2156, num_batches_per_epoch: 49
2022-08-04 05:17:31,781 [dl_trainer.py:635] INFO Epoch 44, avg train acc: 80.851403, lr: 0.100000, avg loss: 0.560605
2022-08-04 05:17:33,512 [dl_trainer.py:731] WARNING [ 44][ 2160/   49][rank:4] loss: 0.647, average forward (0.008841) and backward (0.023525) time: 0.034655, iotime: 0.002018 
2022-08-04 05:17:35,720 [dl_trainer.py:731] WARNING [ 44][ 2200/   49][rank:4] loss: 0.457, average forward (0.009090) and backward (0.024924) time: 0.041030, iotime: 0.006768 
2022-08-04 05:17:35,769 [dist_trainer.py:90] WARNING Time per iteration including communication: 0.086154, Speed: 1485.714049 images/s
2022-08-04 05:17:35,960 [dl_trainer.py:634] INFO train iter: 2205, num_batches_per_epoch: 49
2022-08-04 05:17:35,960 [dl_trainer.py:635] INFO Epoch 45, avg train acc: 80.086097, lr: 0.100000, avg loss: 0.564784
2022-08-04 05:17:39,314 [dl_trainer.py:731] WARNING [ 45][ 2240/   49][rank:4] loss: 0.602, average forward (0.009128) and backward (0.021136) time: 0.037452, iotime: 0.006924 
2022-08-04 05:17:39,767 [dist_trainer.py:90] WARNING Time per iteration including communication: 0.083254, Speed: 1537.456060 images/s
2022-08-04 05:17:39,998 [dl_trainer.py:634] INFO train iter: 2254, num_batches_per_epoch: 49
2022-08-04 05:17:39,998 [dl_trainer.py:635] INFO Epoch 46, avg train acc: 81.074617, lr: 0.100000, avg loss: 0.546813
2022-08-04 05:17:42,930 [dl_trainer.py:731] WARNING [ 46][ 2280/   49][rank:4] loss: 0.584, average forward (0.010240) and backward (0.021792) time: 0.039792, iotime: 0.007454 
2022-08-04 05:17:43,762 [dist_trainer.py:90] WARNING Time per iteration including communication: 0.083218, Speed: 1538.122283 images/s
2022-08-04 05:17:44,073 [dl_trainer.py:634] INFO train iter: 2303, num_batches_per_epoch: 49
2022-08-04 05:17:44,073 [dl_trainer.py:635] INFO Epoch 47, avg train acc: 81.074617, lr: 0.100000, avg loss: 0.551375
2022-08-04 05:17:46,583 [dl_trainer.py:731] WARNING [ 47][ 2320/   49][rank:4] loss: 0.592, average forward (0.010028) and backward (0.022791) time: 0.040200, iotime: 0.007088 
2022-08-04 05:17:47,818 [dist_trainer.py:90] WARNING Time per iteration including communication: 0.084488, Speed: 1515.002001 images/s
2022-08-04 05:17:48,173 [dl_trainer.py:634] INFO train iter: 2352, num_batches_per_epoch: 49
2022-08-04 05:17:48,174 [dl_trainer.py:635] INFO Epoch 48, avg train acc: 81.106505, lr: 0.100000, avg loss: 0.543866
2022-08-04 05:17:50,306 [dl_trainer.py:731] WARNING [ 48][ 2360/   49][rank:4] loss: 0.517, average forward (0.009689) and backward (0.022091) time: 0.039366, iotime: 0.007033 
2022-08-04 05:17:51,954 [dist_trainer.py:90] WARNING Time per iteration including communication: 0.086138, Speed: 1485.983487 images/s
2022-08-04 05:17:52,305 [dl_trainer.py:731] WARNING [ 48][ 2400/   49][rank:4] loss: 0.482, average forward (0.009780) and backward (0.024919) time: 0.037062, iotime: 0.002051 
2022-08-04 05:17:52,581 [dl_trainer.py:634] INFO train iter: 2401, num_batches_per_epoch: 49
2022-08-04 05:17:52,582 [dl_trainer.py:635] INFO Epoch 49, avg train acc: 81.776148, lr: 0.100000, avg loss: 0.515549
2022-08-04 05:17:55,913 [dl_trainer.py:731] WARNING [ 49][ 2440/   49][rank:4] loss: 0.452, average forward (0.009756) and backward (0.021173) time: 0.038461, iotime: 0.007234 
2022-08-04 05:17:55,979 [dist_trainer.py:90] WARNING Time per iteration including communication: 0.083840, Speed: 1526.714253 images/s
2022-08-04 05:17:56,631 [dl_trainer.py:634] INFO train iter: 2450, num_batches_per_epoch: 49
2022-08-04 05:17:56,632 [dl_trainer.py:635] INFO Epoch 50, avg train acc: 81.903699, lr: 0.100000, avg loss: 0.525506
2022-08-04 05:17:59,626 [dl_trainer.py:731] WARNING [ 50][ 2480/   49][rank:4] loss: 0.380, average forward (0.008795) and backward (0.023803) time: 0.039850, iotime: 0.006925 
2022-08-04 05:18:00,070 [dist_trainer.py:90] WARNING Time per iteration including communication: 0.085228, Speed: 1501.847267 images/s
2022-08-04 05:18:00,793 [dl_trainer.py:634] INFO train iter: 2499, num_batches_per_epoch: 49
2022-08-04 05:18:00,794 [dl_trainer.py:635] INFO Epoch 51, avg train acc: 81.521046, lr: 0.100000, avg loss: 0.517839
2022-08-04 05:18:03,358 [dl_trainer.py:731] WARNING [ 51][ 2520/   49][rank:4] loss: 0.397, average forward (0.008899) and backward (0.021199) time: 0.037184, iotime: 0.006780 
2022-08-04 05:18:04,237 [dist_trainer.py:90] WARNING Time per iteration including communication: 0.086800, Speed: 1474.647052 images/s
2022-08-04 05:18:04,978 [dl_trainer.py:634] INFO train iter: 2548, num_batches_per_epoch: 49
2022-08-04 05:18:04,979 [dl_trainer.py:635] INFO Epoch 52, avg train acc: 82.716837, lr: 0.100000, avg loss: 0.507327
2022-08-04 05:18:07,078 [dl_trainer.py:731] WARNING [ 52][ 2560/   49][rank:4] loss: 0.485, average forward (0.009040) and backward (0.021956) time: 0.037640, iotime: 0.006360 
2022-08-04 05:18:08,271 [dist_trainer.py:90] WARNING Time per iteration including communication: 0.084032, Speed: 1523.228632 images/s
2022-08-04 05:18:09,091 [dl_trainer.py:634] INFO train iter: 2597, num_batches_per_epoch: 49
2022-08-04 05:18:09,091 [dl_trainer.py:635] INFO Epoch 53, avg train acc: 82.828444, lr: 0.100000, avg loss: 0.497072
2022-08-04 05:18:10,759 [dl_trainer.py:731] WARNING [ 53][ 2600/   49][rank:4] loss: 0.479, average forward (0.008735) and backward (0.021858) time: 0.037454, iotime: 0.006601 
2022-08-04 05:18:12,351 [dist_trainer.py:90] WARNING Time per iteration including communication: 0.084991, Speed: 1506.041498 images/s
2022-08-04 05:18:12,672 [dl_trainer.py:731] WARNING [ 53][ 2640/   49][rank:4] loss: 0.481, average forward (0.009053) and backward (0.021051) time: 0.032457, iotime: 0.002085 
2022-08-04 05:18:13,173 [dl_trainer.py:634] INFO train iter: 2646, num_batches_per_epoch: 49
2022-08-04 05:18:13,174 [dl_trainer.py:635] INFO Epoch 54, avg train acc: 83.641582, lr: 0.100000, avg loss: 0.472520
2022-08-04 05:18:16,543 [dl_trainer.py:731] WARNING [ 54][ 2680/   49][rank:4] loss: 0.430, average forward (0.009401) and backward (0.022742) time: 0.039251, iotime: 0.006808 
2022-08-04 05:18:16,598 [dist_trainer.py:90] WARNING Time per iteration including communication: 0.088466, Speed: 1446.885440 images/s
2022-08-04 05:18:17,470 [dl_trainer.py:634] INFO train iter: 2695, num_batches_per_epoch: 49
2022-08-04 05:18:17,470 [dl_trainer.py:635] INFO Epoch 55, avg train acc: 83.928571, lr: 0.100000, avg loss: 0.458966
2022-08-04 05:18:20,221 [dl_trainer.py:731] WARNING [ 55][ 2720/   49][rank:4] loss: 0.418, average forward (0.009405) and backward (0.023336) time: 0.039371, iotime: 0.006361 
2022-08-04 05:18:20,678 [dist_trainer.py:90] WARNING Time per iteration including communication: 0.084975, Speed: 1506.326460 images/s
2022-08-04 05:18:21,589 [dl_trainer.py:634] INFO train iter: 2744, num_batches_per_epoch: 49
2022-08-04 05:18:21,589 [dl_trainer.py:635] INFO Epoch 56, avg train acc: 84.072066, lr: 0.100000, avg loss: 0.454002
2022-08-04 05:18:23,812 [dl_trainer.py:731] WARNING [ 56][ 2760/   49][rank:4] loss: 0.460, average forward (0.009246) and backward (0.021382) time: 0.037690, iotime: 0.006772 
2022-08-04 05:18:24,622 [dist_trainer.py:90] WARNING Time per iteration including communication: 0.082168, Speed: 1557.791719 images/s
2022-08-04 05:18:25,606 [dl_trainer.py:634] INFO train iter: 2793, num_batches_per_epoch: 49
2022-08-04 05:18:25,606 [dl_trainer.py:635] INFO Epoch 57, avg train acc: 84.869260, lr: 0.100000, avg loss: 0.432577
2022-08-04 05:18:27,447 [dl_trainer.py:731] WARNING [ 57][ 2800/   49][rank:4] loss: 0.364, average forward (0.009017) and backward (0.022731) time: 0.038775, iotime: 0.006742 
2022-08-04 05:18:28,698 [dist_trainer.py:90] WARNING Time per iteration including communication: 0.084906, Speed: 1507.556459 images/s
2022-08-04 05:18:29,618 [dl_trainer.py:731] WARNING [ 57][ 2840/   49][rank:4] loss: 0.341, average forward (0.009823) and backward (0.022621) time: 0.040014, iotime: 0.007306 
2022-08-04 05:18:29,734 [dl_trainer.py:634] INFO train iter: 2842, num_batches_per_epoch: 49
2022-08-04 05:18:29,734 [dl_trainer.py:635] INFO Epoch 58, avg train acc: 85.028699, lr: 0.100000, avg loss: 0.418512
2022-08-04 05:18:32,774 [dist_trainer.py:90] WARNING Time per iteration including communication: 0.084896, Speed: 1507.728456 images/s
2022-08-04 05:18:33,107 [dl_trainer.py:731] WARNING [ 58][ 2880/   49][rank:4] loss: 0.348, average forward (0.009232) and backward (0.024985) time: 0.036520, iotime: 0.002032 
2022-08-04 05:18:33,848 [dl_trainer.py:634] INFO train iter: 2891, num_batches_per_epoch: 49
2022-08-04 05:18:33,848 [dl_trainer.py:635] INFO Epoch 59, avg train acc: 84.677934, lr: 0.100000, avg loss: 0.436574
2022-08-04 05:18:36,731 [dl_trainer.py:731] WARNING [ 59][ 2920/   49][rank:4] loss: 0.291, average forward (0.008872) and backward (0.021081) time: 0.036855, iotime: 0.006646 
2022-08-04 05:18:36,805 [dist_trainer.py:90] WARNING Time per iteration including communication: 0.083959, Speed: 1524.548090 images/s
2022-08-04 05:18:37,878 [dl_trainer.py:634] INFO train iter: 2940, num_batches_per_epoch: 49
2022-08-04 05:18:37,879 [dl_trainer.py:635] INFO Epoch 60, avg train acc: 85.347577, lr: 0.100000, avg loss: 0.421205
2022-08-04 05:18:40,326 [dl_trainer.py:731] WARNING [ 60][ 2960/   49][rank:4] loss: 0.524, average forward (0.009220) and backward (0.021732) time: 0.037713, iotime: 0.006492 
2022-08-04 05:18:40,759 [dist_trainer.py:90] WARNING Time per iteration including communication: 0.082368, Speed: 1554.006214 images/s
2022-08-04 05:18:41,924 [dl_trainer.py:634] INFO train iter: 2989, num_batches_per_epoch: 49
2022-08-04 05:18:41,925 [dl_trainer.py:635] INFO Epoch 61, avg train acc: 84.088010, lr: 0.100000, avg loss: 0.444240
2022-08-04 05:18:43,938 [dl_trainer.py:731] WARNING [ 61][ 3000/   49][rank:4] loss: 0.410, average forward (0.009032) and backward (0.023184) time: 0.039011, iotime: 0.006530 
2022-08-04 05:18:44,797 [dist_trainer.py:90] WARNING Time per iteration including communication: 0.084121, Speed: 1521.617782 images/s
2022-08-04 05:18:46,029 [dl_trainer.py:634] INFO train iter: 3038, num_batches_per_epoch: 49
2022-08-04 05:18:46,030 [dl_trainer.py:635] INFO Epoch 62, avg train acc: 84.454719, lr: 0.100000, avg loss: 0.434424
2022-08-04 05:18:47,627 [dl_trainer.py:731] WARNING [ 62][ 3040/   49][rank:4] loss: 0.292, average forward (0.009128) and backward (0.023666) time: 0.039799, iotime: 0.006726 
2022-08-04 05:18:48,879 [dist_trainer.py:90] WARNING Time per iteration including communication: 0.085022, Speed: 1505.496874 images/s
2022-08-04 05:18:49,771 [dl_trainer.py:731] WARNING [ 62][ 3080/   49][rank:4] loss: 0.429, average forward (0.009415) and backward (0.021986) time: 0.038226, iotime: 0.006543 
2022-08-04 05:18:50,122 [dl_trainer.py:634] INFO train iter: 3087, num_batches_per_epoch: 49
2022-08-04 05:18:50,123 [dl_trainer.py:635] INFO Epoch 63, avg train acc: 85.602679, lr: 0.100000, avg loss: 0.406504
2022-08-04 05:18:53,068 [dist_trainer.py:90] WARNING Time per iteration including communication: 0.087267, Speed: 1466.763149 images/s
2022-08-04 05:18:53,405 [dl_trainer.py:731] WARNING [ 63][ 3120/   49][rank:4] loss: 0.350, average forward (0.009212) and backward (0.021960) time: 0.033540, iotime: 0.002013 
2022-08-04 05:18:54,353 [dl_trainer.py:634] INFO train iter: 3136, num_batches_per_epoch: 49
2022-08-04 05:18:54,353 [dl_trainer.py:635] INFO Epoch 64, avg train acc: 85.841837, lr: 0.100000, avg loss: 0.418043
2022-08-04 05:18:57,039 [dl_trainer.py:731] WARNING [ 64][ 3160/   49][rank:4] loss: 0.363, average forward (0.008752) and backward (0.021485) time: 0.037055, iotime: 0.006560 
2022-08-04 05:18:57,116 [dist_trainer.py:90] WARNING Time per iteration including communication: 0.084328, Speed: 1517.886743 images/s
2022-08-04 05:18:58,463 [dl_trainer.py:634] INFO train iter: 3185, num_batches_per_epoch: 49
2022-08-04 05:18:58,464 [dl_trainer.py:635] INFO Epoch 65, avg train acc: 86.734694, lr: 0.100000, avg loss: 0.389906
2022-08-04 05:19:00,770 [dl_trainer.py:731] WARNING [ 65][ 3200/   49][rank:4] loss: 0.401, average forward (0.008897) and backward (0.021748) time: 0.037409, iotime: 0.006503 
2022-08-04 05:19:01,210 [dist_trainer.py:90] WARNING Time per iteration including communication: 0.085279, Speed: 1500.964293 images/s
2022-08-04 05:19:02,673 [dl_trainer.py:634] INFO train iter: 3234, num_batches_per_epoch: 49
2022-08-04 05:19:02,673 [dl_trainer.py:635] INFO Epoch 66, avg train acc: 85.475128, lr: 0.100000, avg loss: 0.410390
2022-08-04 05:19:04,458 [dl_trainer.py:731] WARNING [ 66][ 3240/   49][rank:4] loss: 0.310, average forward (0.008853) and backward (0.023569) time: 0.039176, iotime: 0.006468 
2022-08-04 05:19:05,293 [dist_trainer.py:90] WARNING Time per iteration including communication: 0.085040, Speed: 1505.176707 images/s
2022-08-04 05:19:06,585 [dl_trainer.py:731] WARNING [ 66][ 3280/   49][rank:4] loss: 0.420, average forward (0.008884) and backward (0.024417) time: 0.039917, iotime: 0.006380 
2022-08-04 05:19:06,748 [dl_trainer.py:634] INFO train iter: 3283, num_batches_per_epoch: 49
2022-08-04 05:19:06,749 [dl_trainer.py:635] INFO Epoch 67, avg train acc: 86.718750, lr: 0.100000, avg loss: 0.381097
2022-08-04 05:19:09,361 [dist_trainer.py:90] WARNING Time per iteration including communication: 0.084753, Speed: 1510.263115 images/s
2022-08-04 05:19:10,275 [dl_trainer.py:731] WARNING [ 67][ 3320/   49][rank:4] loss: 0.455, average forward (0.010626) and backward (0.025052) time: 0.042976, iotime: 0.006972 
2022-08-04 05:19:10,828 [dl_trainer.py:634] INFO train iter: 3332, num_batches_per_epoch: 49
2022-08-04 05:19:10,828 [dl_trainer.py:635] INFO Epoch 68, avg train acc: 86.336097, lr: 0.100000, avg loss: 0.392744
2022-08-04 05:19:13,603 [dist_trainer.py:90] WARNING Time per iteration including communication: 0.088337, Speed: 1448.996144 images/s
2022-08-04 05:19:13,939 [dl_trainer.py:731] WARNING [ 68][ 3360/   49][rank:4] loss: 0.374, average forward (0.008635) and backward (0.022323) time: 0.033262, iotime: 0.002014 
2022-08-04 05:19:15,162 [dl_trainer.py:634] INFO train iter: 3381, num_batches_per_epoch: 49
2022-08-04 05:19:15,163 [dl_trainer.py:635] INFO Epoch 69, avg train acc: 87.069515, lr: 0.100000, avg loss: 0.375328
2022-08-04 05:19:17,676 [dl_trainer.py:731] WARNING [ 69][ 3400/   49][rank:4] loss: 0.408, average forward (0.009538) and backward (0.023266) time: 0.039929, iotime: 0.006823 
2022-08-04 05:19:17,744 [dist_trainer.py:90] WARNING Time per iteration including communication: 0.086259, Speed: 1483.894627 images/s
2022-08-04 05:19:19,349 [dl_trainer.py:634] INFO train iter: 3430, num_batches_per_epoch: 49
2022-08-04 05:19:19,350 [dl_trainer.py:635] INFO Epoch 70, avg train acc: 86.686862, lr: 0.100000, avg loss: 0.389598
2022-08-04 05:19:21,394 [dl_trainer.py:731] WARNING [ 70][ 3440/   49][rank:4] loss: 0.329, average forward (0.009533) and backward (0.023611) time: 0.040201, iotime: 0.006752 
2022-08-04 05:19:21,847 [dist_trainer.py:90] WARNING Time per iteration including communication: 0.085471, Speed: 1497.581900 images/s
2022-08-04 05:19:23,472 [dl_trainer.py:634] INFO train iter: 3479, num_batches_per_epoch: 49
2022-08-04 05:19:23,472 [dl_trainer.py:635] INFO Epoch 71, avg train acc: 87.468112, lr: 0.100000, avg loss: 0.364849
2022-08-04 05:19:23,502 [dl_trainer.py:731] WARNING [ 71][ 3480/   49][rank:4] loss: 0.303, average forward (0.009427) and backward (0.023545) time: 0.039770, iotime: 0.006526 
2022-08-04 05:19:25,789 [dist_trainer.py:90] WARNING Time per iteration including communication: 0.082097, Speed: 1559.130538 images/s
2022-08-04 05:19:27,103 [dl_trainer.py:731] WARNING [ 71][ 3520/   49][rank:4] loss: 0.377, average forward (0.008992) and backward (0.022650) time: 0.038665, iotime: 0.006753 
2022-08-04 05:19:27,519 [dl_trainer.py:634] INFO train iter: 3528, num_batches_per_epoch: 49
2022-08-04 05:19:27,520 [dl_trainer.py:635] INFO Epoch 72, avg train acc: 86.240434, lr: 0.100000, avg loss: 0.389366
2022-08-04 05:19:29,865 [dist_trainer.py:90] WARNING Time per iteration including communication: 0.084916, Speed: 1507.374626 images/s
2022-08-04 05:19:30,759 [dl_trainer.py:731] WARNING [ 72][ 3560/   49][rank:4] loss: 0.373, average forward (0.009693) and backward (0.024611) time: 0.041176, iotime: 0.006546 
2022-08-04 05:19:31,586 [dl_trainer.py:634] INFO train iter: 3577, num_batches_per_epoch: 49
2022-08-04 05:19:31,586 [dl_trainer.py:635] INFO Epoch 73, avg train acc: 87.404337, lr: 0.100000, avg loss: 0.365995
2022-08-04 05:19:33,772 [dist_trainer.py:90] WARNING Time per iteration including communication: 0.081381, Speed: 1572.857568 images/s
2022-08-04 05:19:34,087 [dl_trainer.py:731] WARNING [ 73][ 3600/   49][rank:4] loss: 0.420, average forward (0.009011) and backward (0.022260) time: 0.033523, iotime: 0.001951 
2022-08-04 05:19:35,575 [dl_trainer.py:634] INFO train iter: 3626, num_batches_per_epoch: 49
2022-08-04 05:19:35,575 [dl_trainer.py:635] INFO Epoch 74, avg train acc: 87.468112, lr: 0.100000, avg loss: 0.364774
2022-08-04 05:19:37,723 [dl_trainer.py:731] WARNING [ 74][ 3640/   49][rank:4] loss: 0.352, average forward (0.009983) and backward (0.024335) time: 0.041562, iotime: 0.006949 
2022-08-04 05:19:37,786 [dist_trainer.py:90] WARNING Time per iteration including communication: 0.083618, Speed: 1530.764246 images/s
2022-08-04 05:19:39,643 [dl_trainer.py:634] INFO train iter: 3675, num_batches_per_epoch: 49
2022-08-04 05:19:39,644 [dl_trainer.py:635] INFO Epoch 75, avg train acc: 86.798469, lr: 0.100000, avg loss: 0.367130
2022-08-04 05:19:41,613 [dl_trainer.py:731] WARNING [ 75][ 3680/   49][rank:4] loss: 0.416, average forward (0.009238) and backward (0.023062) time: 0.038961, iotime: 0.006376 
2022-08-04 05:19:42,096 [dist_trainer.py:90] WARNING Time per iteration including communication: 0.089774, Speed: 1425.804817 images/s
2022-08-04 05:19:43,682 [dl_trainer.py:731] WARNING [ 75][ 3720/   49][rank:4] loss: 0.531, average forward (0.008644) and backward (0.023353) time: 0.038706, iotime: 0.006477 
2022-08-04 05:19:43,891 [dl_trainer.py:634] INFO train iter: 3724, num_batches_per_epoch: 49
2022-08-04 05:19:43,891 [dl_trainer.py:635] INFO Epoch 76, avg train acc: 87.547832, lr: 0.100000, avg loss: 0.361674
2022-08-04 05:19:46,266 [dist_trainer.py:90] WARNING Time per iteration including communication: 0.086867, Speed: 1473.512863 images/s
2022-08-04 05:19:47,536 [dl_trainer.py:731] WARNING [ 76][ 3760/   49][rank:4] loss: 0.353, average forward (0.008797) and backward (0.022239) time: 0.038474, iotime: 0.007174 
2022-08-04 05:19:48,198 [dl_trainer.py:634] INFO train iter: 3773, num_batches_per_epoch: 49
2022-08-04 05:19:48,199 [dl_trainer.py:635] INFO Epoch 77, avg train acc: 87.962372, lr: 0.100000, avg loss: 0.339121
2022-08-04 05:19:50,338 [dist_trainer.py:90] WARNING Time per iteration including communication: 0.084806, Speed: 1509.320095 images/s
2022-08-04 05:19:51,239 [dl_trainer.py:731] WARNING [ 77][ 3800/   49][rank:4] loss: 0.368, average forward (0.010073) and backward (0.024656) time: 0.041670, iotime: 0.006640 
2022-08-04 05:19:52,317 [dl_trainer.py:634] INFO train iter: 3822, num_batches_per_epoch: 49
2022-08-04 05:19:52,318 [dl_trainer.py:635] INFO Epoch 78, avg train acc: 87.627551, lr: 0.100000, avg loss: 0.354281
2022-08-04 05:19:54,393 [dist_trainer.py:90] WARNING Time per iteration including communication: 0.084468, Speed: 1515.368065 images/s
2022-08-04 05:19:54,730 [dl_trainer.py:731] WARNING [ 78][ 3840/   49][rank:4] loss: 0.466, average forward (0.008411) and backward (0.020980) time: 0.031768, iotime: 0.002096 
2022-08-04 05:19:56,360 [dl_trainer.py:634] INFO train iter: 3871, num_batches_per_epoch: 49
2022-08-04 05:19:56,361 [dl_trainer.py:635] INFO Epoch 79, avg train acc: 87.786990, lr: 0.100000, avg loss: 0.344364
2022-08-04 05:19:58,299 [dl_trainer.py:731] WARNING [ 79][ 3880/   49][rank:4] loss: 0.266, average forward (0.008793) and backward (0.021639) time: 0.037285, iotime: 0.006580 
2022-08-04 05:19:58,347 [dist_trainer.py:90] WARNING Time per iteration including communication: 0.082362, Speed: 1554.116896 images/s
2022-08-04 05:20:00,472 [dl_trainer.py:731] WARNING [ 79][ 3920/   49][rank:4] loss: 0.377, average forward (0.009061) and backward (0.023557) time: 0.039311, iotime: 0.006450 
2022-08-04 05:20:00,489 [dl_trainer.py:634] INFO train iter: 3920, num_batches_per_epoch: 49
2022-08-04 05:20:00,489 [dl_trainer.py:635] INFO Epoch 80, avg train acc: 88.058036, lr: 0.100000, avg loss: 0.346050
2022-08-04 05:20:02,443 [dist_trainer.py:90] WARNING Time per iteration including communication: 0.085323, Speed: 1500.184877 images/s
2022-08-04 05:20:04,147 [dl_trainer.py:731] WARNING [ 80][ 3960/   49][rank:4] loss: 0.316, average forward (0.009417) and backward (0.022035) time: 0.038411, iotime: 0.006685 
2022-08-04 05:20:04,569 [dl_trainer.py:634] INFO train iter: 3969, num_batches_per_epoch: 49
2022-08-04 05:20:04,570 [dl_trainer.py:635] INFO Epoch 81, avg train acc: 88.903061, lr: 0.100000, avg loss: 0.315727
2022-08-04 05:20:06,700 [dist_trainer.py:90] WARNING Time per iteration including communication: 0.088677, Speed: 1443.441627 images/s
2022-08-04 05:20:08,029 [dl_trainer.py:731] WARNING [ 81][ 4000/   49][rank:4] loss: 0.264, average forward (0.008946) and backward (0.023080) time: 0.038879, iotime: 0.006588 
2022-08-04 05:20:08,865 [dl_trainer.py:634] INFO train iter: 4018, num_batches_per_epoch: 49
2022-08-04 05:20:08,865 [dl_trainer.py:635] INFO Epoch 82, avg train acc: 89.014668, lr: 0.010000, avg loss: 0.306175
2022-08-04 05:20:10,724 [dist_trainer.py:90] WARNING Time per iteration including communication: 0.083821, Speed: 1527.071430 images/s
2022-08-04 05:20:11,634 [dl_trainer.py:731] WARNING [ 82][ 4040/   49][rank:4] loss: 0.205, average forward (0.009324) and backward (0.022171) time: 0.038873, iotime: 0.007053 
2022-08-04 05:20:12,958 [dl_trainer.py:634] INFO train iter: 4067, num_batches_per_epoch: 49
2022-08-04 05:20:12,958 [dl_trainer.py:635] INFO Epoch 83, avg train acc: 90.497449, lr: 0.010000, avg loss: 0.268739
2022-08-04 05:20:14,743 [dist_trainer.py:90] WARNING Time per iteration including communication: 0.083728, Speed: 1528.767765 images/s
2022-08-04 05:20:15,079 [dl_trainer.py:731] WARNING [ 83][ 4080/   49][rank:4] loss: 0.208, average forward (0.009590) and backward (0.023045) time: 0.034999, iotime: 0.002070 
2022-08-04 05:20:17,069 [dl_trainer.py:634] INFO train iter: 4116, num_batches_per_epoch: 49
2022-08-04 05:20:17,070 [dl_trainer.py:635] INFO Epoch 84, avg train acc: 91.103316, lr: 0.010000, avg loss: 0.263759
2022-08-04 05:20:18,769 [dl_trainer.py:731] WARNING [ 84][ 4120/   49][rank:4] loss: 0.287, average forward (0.009051) and backward (0.022110) time: 0.038532, iotime: 0.007081 
2022-08-04 05:20:18,828 [dist_trainer.py:90] WARNING Time per iteration including communication: 0.085077, Speed: 1504.523956 images/s
2022-08-04 05:20:20,890 [dl_trainer.py:731] WARNING [ 84][ 4160/   49][rank:4] loss: 0.254, average forward (0.010427) and backward (0.021328) time: 0.039007, iotime: 0.006968 
2022-08-04 05:20:21,166 [dl_trainer.py:634] INFO train iter: 4165, num_batches_per_epoch: 49
2022-08-04 05:20:21,167 [dl_trainer.py:635] INFO Epoch 85, avg train acc: 90.911990, lr: 0.010000, avg loss: 0.264732
2022-08-04 05:20:22,827 [dist_trainer.py:90] WARNING Time per iteration including communication: 0.083315, Speed: 1536.329203 images/s
2022-08-04 05:20:24,534 [dl_trainer.py:731] WARNING [ 85][ 4200/   49][rank:4] loss: 0.304, average forward (0.009179) and backward (0.023242) time: 0.039396, iotime: 0.006699 
2022-08-04 05:20:25,236 [dl_trainer.py:634] INFO train iter: 4214, num_batches_per_epoch: 49
2022-08-04 05:20:25,237 [dl_trainer.py:635] INFO Epoch 86, avg train acc: 91.645408, lr: 0.010000, avg loss: 0.243037
2022-08-04 05:20:26,869 [dist_trainer.py:90] WARNING Time per iteration including communication: 0.084194, Speed: 1520.295137 images/s
2022-08-04 05:20:28,183 [dl_trainer.py:731] WARNING [ 86][ 4240/   49][rank:4] loss: 0.325, average forward (0.009908) and backward (0.022400) time: 0.039314, iotime: 0.006719 
2022-08-04 05:20:29,361 [dl_trainer.py:634] INFO train iter: 4263, num_batches_per_epoch: 49
2022-08-04 05:20:29,362 [dl_trainer.py:635] INFO Epoch 87, avg train acc: 91.693240, lr: 0.010000, avg loss: 0.236742
2022-08-04 05:20:30,948 [dist_trainer.py:90] WARNING Time per iteration including communication: 0.084969, Speed: 1506.435033 images/s
2022-08-04 05:20:31,848 [dl_trainer.py:731] WARNING [ 87][ 4280/   49][rank:4] loss: 0.269, average forward (0.008780) and backward (0.020625) time: 0.036171, iotime: 0.006510 
2022-08-04 05:20:33,498 [dl_trainer.py:634] INFO train iter: 4312, num_batches_per_epoch: 49
2022-08-04 05:20:33,498 [dl_trainer.py:635] INFO Epoch 88, avg train acc: 92.251276, lr: 0.010000, avg loss: 0.227813
2022-08-04 05:20:35,027 [dist_trainer.py:90] WARNING Time per iteration including communication: 0.084956, Speed: 1506.653635 images/s
2022-08-04 05:20:35,360 [dl_trainer.py:731] WARNING [ 88][ 4320/   49][rank:4] loss: 0.173, average forward (0.008642) and backward (0.023364) time: 0.034244, iotime: 0.001964 
2022-08-04 05:20:37,442 [dl_trainer.py:731] WARNING [ 88][ 4360/   49][rank:4] loss: 0.248, average forward (0.009592) and backward (0.022095) time: 0.038299, iotime: 0.006361 
2022-08-04 05:20:37,507 [dist_trainer.py:90] WARNING Time per iteration including communication: 0.051653, Speed: 2478.058035 images/s
2022-08-04 05:20:37,507 [dl_trainer.py:634] INFO train iter: 4361, num_batches_per_epoch: 49
2022-08-04 05:20:37,508 [dl_trainer.py:635] INFO Epoch 89, avg train acc: 92.315051, lr: 0.010000, avg loss: 0.222058
2022-08-04 05:20:41,065 [dl_trainer.py:731] WARNING [ 89][ 4400/   49][rank:4] loss: 0.181, average forward (0.009428) and backward (0.023111) time: 0.039315, iotime: 0.006510 
2022-08-04 05:20:41,514 [dist_trainer.py:90] WARNING Time per iteration including communication: 0.083474, Speed: 1533.406121 images/s
2022-08-04 05:20:41,563 [dl_trainer.py:634] INFO train iter: 4410, num_batches_per_epoch: 49
2022-08-04 05:20:41,564 [dl_trainer.py:635] INFO Epoch 90, avg train acc: 92.490434, lr: 0.010000, avg loss: 0.220892
2022-08-04 05:20:44,797 [dl_trainer.py:731] WARNING [ 90][ 4440/   49][rank:4] loss: 0.330, average forward (0.009498) and backward (0.025169) time: 0.041996, iotime: 0.007047 
2022-08-04 05:20:45,642 [dist_trainer.py:90] WARNING Time per iteration including communication: 0.085977, Speed: 1488.778200 images/s
2022-08-04 05:20:45,739 [dl_trainer.py:634] INFO train iter: 4459, num_batches_per_epoch: 49
2022-08-04 05:20:45,740 [dl_trainer.py:635] INFO Epoch 91, avg train acc: 92.139668, lr: 0.010000, avg loss: 0.235407
2022-08-04 05:20:48,472 [dl_trainer.py:731] WARNING [ 91][ 4480/   49][rank:4] loss: 0.207, average forward (0.009541) and backward (0.024043) time: 0.040580, iotime: 0.006703 
2022-08-04 05:20:49,683 [dist_trainer.py:90] WARNING Time per iteration including communication: 0.084184, Speed: 1520.481357 images/s
2022-08-04 05:20:49,840 [dl_trainer.py:634] INFO train iter: 4508, num_batches_per_epoch: 49
2022-08-04 05:20:49,840 [dl_trainer.py:635] INFO Epoch 92, avg train acc: 92.123724, lr: 0.010000, avg loss: 0.225378
2022-08-04 05:20:52,118 [dl_trainer.py:731] WARNING [ 92][ 4520/   49][rank:4] loss: 0.153, average forward (0.010188) and backward (0.022317) time: 0.039508, iotime: 0.006710 
2022-08-04 05:20:53,717 [dist_trainer.py:90] WARNING Time per iteration including communication: 0.084008, Speed: 1523.666786 images/s
2022-08-04 05:20:53,907 [dl_trainer.py:634] INFO train iter: 4557, num_batches_per_epoch: 49
2022-08-04 05:20:53,908 [dl_trainer.py:635] INFO Epoch 93, avg train acc: 91.772959, lr: 0.010000, avg loss: 0.227462
2022-08-04 05:20:55,515 [dl_trainer.py:731] WARNING [ 93][ 4560/   49][rank:4] loss: 0.254, average forward (0.008993) and backward (0.023655) time: 0.034998, iotime: 0.002065 
2022-08-04 05:20:57,695 [dl_trainer.py:731] WARNING [ 93][ 4600/   49][rank:4] loss: 0.232, average forward (0.009146) and backward (0.024779) time: 0.040873, iotime: 0.006679 
2022-08-04 05:20:57,753 [dist_trainer.py:90] WARNING Time per iteration including communication: 0.084076, Speed: 1522.434653 images/s
2022-08-04 05:20:57,999 [dl_trainer.py:634] INFO train iter: 4606, num_batches_per_epoch: 49
2022-08-04 05:20:57,999 [dl_trainer.py:635] INFO Epoch 94, avg train acc: 92.187500, lr: 0.010000, avg loss: 0.220738
2022-08-04 05:21:01,393 [dl_trainer.py:731] WARNING [ 94][ 4640/   49][rank:4] loss: 0.192, average forward (0.008821) and backward (0.023686) time: 0.039292, iotime: 0.006527 
2022-08-04 05:21:01,844 [dist_trainer.py:90] WARNING Time per iteration including communication: 0.085215, Speed: 1502.089930 images/s
2022-08-04 05:21:02,137 [dl_trainer.py:634] INFO train iter: 4655, num_batches_per_epoch: 49
2022-08-04 05:21:02,137 [dl_trainer.py:635] INFO Epoch 95, avg train acc: 91.916454, lr: 0.010000, avg loss: 0.220753
2022-08-04 05:21:05,006 [dl_trainer.py:731] WARNING [ 95][ 4680/   49][rank:4] loss: 0.164, average forward (0.009379) and backward (0.024024) time: 0.040341, iotime: 0.006651 
2022-08-04 05:21:05,858 [dist_trainer.py:90] WARNING Time per iteration including communication: 0.083599, Speed: 1531.124685 images/s
2022-08-04 05:21:06,228 [dl_trainer.py:634] INFO train iter: 4704, num_batches_per_epoch: 49
2022-08-04 05:21:06,228 [dl_trainer.py:635] INFO Epoch 96, avg train acc: 92.586097, lr: 0.010000, avg loss: 0.217673
2022-08-04 05:21:08,681 [dl_trainer.py:731] WARNING [ 96][ 4720/   49][rank:4] loss: 0.228, average forward (0.008999) and backward (0.023571) time: 0.039531, iotime: 0.006699 
2022-08-04 05:21:09,888 [dist_trainer.py:90] WARNING Time per iteration including communication: 0.083946, Speed: 1524.790566 images/s
2022-08-04 05:21:10,494 [dl_trainer.py:634] INFO train iter: 4753, num_batches_per_epoch: 49
2022-08-04 05:21:10,495 [dl_trainer.py:635] INFO Epoch 97, avg train acc: 92.123724, lr: 0.010000, avg loss: 0.219700
2022-08-04 05:21:12,371 [dl_trainer.py:731] WARNING [ 97][ 4760/   49][rank:4] loss: 0.178, average forward (0.009338) and backward (0.023690) time: 0.040256, iotime: 0.006921 
2022-08-04 05:21:14,025 [dist_trainer.py:90] WARNING Time per iteration including communication: 0.086176, Speed: 1485.337171 images/s
2022-08-04 05:21:14,367 [dl_trainer.py:731] WARNING [ 97][ 4800/   49][rank:4] loss: 0.139, average forward (0.009275) and backward (0.025651) time: 0.037178, iotime: 0.001984 
2022-08-04 05:21:14,661 [dl_trainer.py:634] INFO train iter: 4802, num_batches_per_epoch: 49
2022-08-04 05:21:14,662 [dl_trainer.py:635] INFO Epoch 98, avg train acc: 92.123724, lr: 0.010000, avg loss: 0.220709
2022-08-04 05:21:18,005 [dl_trainer.py:731] WARNING [ 98][ 4840/   49][rank:4] loss: 0.242, average forward (0.009144) and backward (0.024059) time: 0.040540, iotime: 0.006915 
2022-08-04 05:21:18,072 [dist_trainer.py:90] WARNING Time per iteration including communication: 0.084292, Speed: 1518.526535 images/s
2022-08-04 05:21:18,764 [dl_trainer.py:634] INFO train iter: 4851, num_batches_per_epoch: 49
2022-08-04 05:21:18,765 [dl_trainer.py:635] INFO Epoch 99, avg train acc: 92.554209, lr: 0.010000, avg loss: 0.209778
2022-08-04 05:21:21,645 [dl_trainer.py:731] WARNING [ 99][ 4880/   49][rank:4] loss: 0.221, average forward (0.009289) and backward (0.023815) time: 0.040381, iotime: 0.006975 
2022-08-04 05:21:22,092 [dist_trainer.py:90] WARNING Time per iteration including communication: 0.083739, Speed: 1528.568086 images/s
2022-08-04 05:21:22,818 [dl_trainer.py:634] INFO train iter: 4900, num_batches_per_epoch: 49
2022-08-04 05:21:22,819 [dl_trainer.py:635] INFO Epoch 100, avg train acc: 92.602041, lr: 0.010000, avg loss: 0.210561
2022-08-04 05:21:25,333 [dl_trainer.py:731] WARNING [100][ 4920/   49][rank:4] loss: 0.206, average forward (0.010001) and backward (0.024384) time: 0.041477, iotime: 0.006792 
2022-08-04 05:21:26,187 [dist_trainer.py:90] WARNING Time per iteration including communication: 0.085298, Speed: 1500.613805 images/s
2022-08-04 05:21:26,949 [dl_trainer.py:634] INFO train iter: 4949, num_batches_per_epoch: 49
2022-08-04 05:21:26,950 [dl_trainer.py:635] INFO Epoch 101, avg train acc: 92.107781, lr: 0.010000, avg loss: 0.222359
2022-08-04 05:21:29,211 [dl_trainer.py:731] WARNING [101][ 4960/   49][rank:4] loss: 0.231, average forward (0.009863) and backward (0.023530) time: 0.040811, iotime: 0.007120 
2022-08-04 05:21:30,434 [dist_trainer.py:90] WARNING Time per iteration including communication: 0.088465, Speed: 1446.895433 images/s
2022-08-04 05:21:31,278 [dl_trainer.py:634] INFO train iter: 4998, num_batches_per_epoch: 49
2022-08-04 05:21:31,279 [dl_trainer.py:635] INFO Epoch 102, avg train acc: 92.426658, lr: 0.010000, avg loss: 0.220832
2022-08-04 05:21:32,953 [dl_trainer.py:731] WARNING [102][ 5000/   49][rank:4] loss: 0.234, average forward (0.009746) and backward (0.024536) time: 0.041555, iotime: 0.006945 
2022-08-04 05:21:34,607 [dist_trainer.py:90] WARNING Time per iteration including communication: 0.086933, Speed: 1472.404982 images/s
2022-08-04 05:21:34,928 [dl_trainer.py:731] WARNING [102][ 5040/   49][rank:4] loss: 0.198, average forward (0.009197) and backward (0.024503) time: 0.036027, iotime: 0.002067 
2022-08-04 05:21:35,463 [dl_trainer.py:634] INFO train iter: 5047, num_batches_per_epoch: 49
2022-08-04 05:21:35,464 [dl_trainer.py:635] INFO Epoch 103, avg train acc: 92.346939, lr: 0.010000, avg loss: 0.217207
2022-08-04 05:21:38,690 [dl_trainer.py:731] WARNING [103][ 5080/   49][rank:4] loss: 0.192, average forward (0.009389) and backward (0.022951) time: 0.039382, iotime: 0.006729 
2022-08-04 05:21:38,749 [dist_trainer.py:90] WARNING Time per iteration including communication: 0.086261, Speed: 1483.874718 images/s
2022-08-04 05:21:39,674 [dl_trainer.py:634] INFO train iter: 5096, num_batches_per_epoch: 49
2022-08-04 05:21:39,675 [dl_trainer.py:635] INFO Epoch 104, avg train acc: 91.980230, lr: 0.010000, avg loss: 0.213745
2022-08-04 05:21:42,334 [dl_trainer.py:731] WARNING [104][ 5120/   49][rank:4] loss: 0.145, average forward (0.009256) and backward (0.023553) time: 0.039892, iotime: 0.006780 
2022-08-04 05:21:42,783 [dist_trainer.py:90] WARNING Time per iteration including communication: 0.084040, Speed: 1523.085757 images/s
2022-08-04 05:21:43,774 [dl_trainer.py:634] INFO train iter: 5145, num_batches_per_epoch: 49
2022-08-04 05:21:43,774 [dl_trainer.py:635] INFO Epoch 105, avg train acc: 92.713648, lr: 0.010000, avg loss: 0.205848
2022-08-04 05:21:45,981 [dl_trainer.py:731] WARNING [105][ 5160/   49][rank:4] loss: 0.171, average forward (0.009276) and backward (0.021865) time: 0.038150, iotime: 0.006708 
2022-08-04 05:21:46,848 [dist_trainer.py:90] WARNING Time per iteration including communication: 0.084666, Speed: 1511.819756 images/s
2022-08-04 05:21:47,897 [dl_trainer.py:634] INFO train iter: 5194, num_batches_per_epoch: 49
2022-08-04 05:21:47,898 [dl_trainer.py:635] INFO Epoch 106, avg train acc: 92.490434, lr: 0.010000, avg loss: 0.204214
2022-08-04 05:21:49,699 [dl_trainer.py:731] WARNING [106][ 5200/   49][rank:4] loss: 0.216, average forward (0.009107) and backward (0.023346) time: 0.039684, iotime: 0.006925 
2022-08-04 05:21:50,919 [dist_trainer.py:90] WARNING Time per iteration including communication: 0.084811, Speed: 1509.234175 images/s
2022-08-04 05:21:51,838 [dl_trainer.py:731] WARNING [106][ 5240/   49][rank:4] loss: 0.162, average forward (0.008581) and backward (0.020133) time: 0.035635, iotime: 0.006669 
2022-08-04 05:21:52,024 [dl_trainer.py:634] INFO train iter: 5243, num_batches_per_epoch: 49
2022-08-04 05:21:52,025 [dl_trainer.py:635] INFO Epoch 107, avg train acc: 93.000638, lr: 0.010000, avg loss: 0.199533
2022-08-04 05:21:55,178 [dist_trainer.py:90] WARNING Time per iteration including communication: 0.088722, Speed: 1442.714493 images/s
2022-08-04 05:21:55,518 [dl_trainer.py:731] WARNING [107][ 5280/   49][rank:4] loss: 0.243, average forward (0.009183) and backward (0.021964) time: 0.033638, iotime: 0.002030 
2022-08-04 05:21:56,315 [dl_trainer.py:634] INFO train iter: 5292, num_batches_per_epoch: 49
2022-08-04 05:21:56,316 [dl_trainer.py:635] INFO Epoch 108, avg train acc: 92.968750, lr: 0.010000, avg loss: 0.197335
2022-08-04 05:21:59,219 [dl_trainer.py:731] WARNING [108][ 5320/   49][rank:4] loss: 0.207, average forward (0.009831) and backward (0.024013) time: 0.040884, iotime: 0.006597 
2022-08-04 05:21:59,278 [dist_trainer.py:90] WARNING Time per iteration including communication: 0.085392, Speed: 1498.972889 images/s
2022-08-04 05:22:00,440 [dl_trainer.py:634] INFO train iter: 5341, num_batches_per_epoch: 49
2022-08-04 05:22:00,440 [dl_trainer.py:635] INFO Epoch 109, avg train acc: 92.665816, lr: 0.010000, avg loss: 0.208587
2022-08-04 05:22:02,812 [dl_trainer.py:731] WARNING [109][ 5360/   49][rank:4] loss: 0.120, average forward (0.009002) and backward (0.023577) time: 0.039304, iotime: 0.006443 
2022-08-04 05:22:03,257 [dist_trainer.py:90] WARNING Time per iteration including communication: 0.082890, Speed: 1544.208767 images/s
2022-08-04 05:22:04,483 [dl_trainer.py:634] INFO train iter: 5390, num_batches_per_epoch: 49
2022-08-04 05:22:04,484 [dl_trainer.py:635] INFO Epoch 110, avg train acc: 93.223852, lr: 0.010000, avg loss: 0.188303
2022-08-04 05:22:06,521 [dl_trainer.py:731] WARNING [110][ 5400/   49][rank:4] loss: 0.167, average forward (0.009009) and backward (0.022722) time: 0.038801, iotime: 0.006551 
2022-08-04 05:22:07,402 [dist_trainer.py:90] WARNING Time per iteration including communication: 0.086339, Speed: 1482.530274 images/s
2022-08-04 05:22:08,717 [dl_trainer.py:634] INFO train iter: 5439, num_batches_per_epoch: 49
2022-08-04 05:22:08,717 [dl_trainer.py:635] INFO Epoch 111, avg train acc: 92.378827, lr: 0.010000, avg loss: 0.215000
2022-08-04 05:22:08,745 [dl_trainer.py:731] WARNING [111][ 5440/   49][rank:4] loss: 0.145, average forward (0.009275) and backward (0.021277) time: 0.037033, iotime: 0.006172 
2022-08-04 05:22:11,480 [dist_trainer.py:90] WARNING Time per iteration including communication: 0.084948, Speed: 1506.812122 images/s
2022-08-04 05:22:12,374 [dl_trainer.py:731] WARNING [111][ 5480/   49][rank:4] loss: 0.221, average forward (0.008668) and backward (0.022959) time: 0.038244, iotime: 0.006392 
2022-08-04 05:22:12,765 [dl_trainer.py:634] INFO train iter: 5488, num_batches_per_epoch: 49
2022-08-04 05:22:12,765 [dl_trainer.py:635] INFO Epoch 112, avg train acc: 93.239796, lr: 0.010000, avg loss: 0.203303
2022-08-04 05:22:15,512 [dist_trainer.py:90] WARNING Time per iteration including communication: 0.083976, Speed: 1524.250692 images/s
2022-08-04 05:22:15,831 [dl_trainer.py:731] WARNING [112][ 5520/   49][rank:4] loss: 0.176, average forward (0.008505) and backward (0.022404) time: 0.033189, iotime: 0.002025 
2022-08-04 05:22:16,849 [dl_trainer.py:634] INFO train iter: 5537, num_batches_per_epoch: 49
2022-08-04 05:22:16,849 [dl_trainer.py:635] INFO Epoch 113, avg train acc: 93.622449, lr: 0.010000, avg loss: 0.180438
2022-08-04 05:22:19,512 [dl_trainer.py:731] WARNING [113][ 5560/   49][rank:4] loss: 0.178, average forward (0.009801) and backward (0.022553) time: 0.039574, iotime: 0.006932 
2022-08-04 05:22:19,592 [dist_trainer.py:90] WARNING Time per iteration including communication: 0.084985, Speed: 1506.152318 images/s
2022-08-04 05:22:21,057 [dl_trainer.py:634] INFO train iter: 5586, num_batches_per_epoch: 49
2022-08-04 05:22:21,058 [dl_trainer.py:635] INFO Epoch 114, avg train acc: 93.239796, lr: 0.010000, avg loss: 0.194380
2022-08-04 05:22:23,284 [dl_trainer.py:731] WARNING [114][ 5600/   49][rank:4] loss: 0.185, average forward (0.008595) and backward (0.022562) time: 0.037717, iotime: 0.006282 
2022-08-04 05:22:23,741 [dist_trainer.py:90] WARNING Time per iteration including communication: 0.086442, Speed: 1480.765603 images/s
2022-08-04 05:22:25,203 [dl_trainer.py:634] INFO train iter: 5635, num_batches_per_epoch: 49
2022-08-04 05:22:25,203 [dl_trainer.py:635] INFO Epoch 115, avg train acc: 93.367347, lr: 0.010000, avg loss: 0.200609
2022-08-04 05:22:26,980 [dl_trainer.py:731] WARNING [115][ 5640/   49][rank:4] loss: 0.250, average forward (0.008815) and backward (0.023438) time: 0.039327, iotime: 0.006791 
2022-08-04 05:22:27,796 [dist_trainer.py:90] WARNING Time per iteration including communication: 0.084461, Speed: 1515.495413 images/s
2022-08-04 05:22:29,116 [dl_trainer.py:731] WARNING [115][ 5680/   49][rank:4] loss: 0.153, average forward (0.009825) and backward (0.024549) time: 0.041783, iotime: 0.007138 
2022-08-04 05:22:29,314 [dl_trainer.py:634] INFO train iter: 5684, num_batches_per_epoch: 49
2022-08-04 05:22:29,314 [dl_trainer.py:635] INFO Epoch 116, avg train acc: 93.207908, lr: 0.010000, avg loss: 0.195466
2022-08-04 05:22:31,894 [dist_trainer.py:90] WARNING Time per iteration including communication: 0.085358, Speed: 1499.561579 images/s
2022-08-04 05:22:32,818 [dl_trainer.py:731] WARNING [116][ 5720/   49][rank:4] loss: 0.225, average forward (0.008768) and backward (0.021450) time: 0.037088, iotime: 0.006604 
2022-08-04 05:22:33,430 [dl_trainer.py:634] INFO train iter: 5733, num_batches_per_epoch: 49
2022-08-04 05:22:33,430 [dl_trainer.py:635] INFO Epoch 117, avg train acc: 93.415179, lr: 0.010000, avg loss: 0.182898
2022-08-04 05:22:36,075 [dist_trainer.py:90] WARNING Time per iteration including communication: 0.087104, Speed: 1469.513704 images/s
2022-08-04 05:22:36,407 [dl_trainer.py:731] WARNING [117][ 5760/   49][rank:4] loss: 0.247, average forward (0.009381) and backward (0.023270) time: 0.034865, iotime: 0.001943 
2022-08-04 05:22:37,761 [dl_trainer.py:634] INFO train iter: 5782, num_batches_per_epoch: 49
2022-08-04 05:22:37,762 [dl_trainer.py:635] INFO Epoch 118, avg train acc: 92.936862, lr: 0.010000, avg loss: 0.194825
2022-08-04 05:22:40,101 [dl_trainer.py:731] WARNING [118][ 5800/   49][rank:4] loss: 0.169, average forward (0.009707) and backward (0.023839) time: 0.040372, iotime: 0.006536 
2022-08-04 05:22:40,165 [dist_trainer.py:90] WARNING Time per iteration including communication: 0.085203, Speed: 1502.293261 images/s
2022-08-04 05:22:41,836 [dl_trainer.py:634] INFO train iter: 5831, num_batches_per_epoch: 49
2022-08-04 05:22:41,837 [dl_trainer.py:635] INFO Epoch 119, avg train acc: 92.825255, lr: 0.010000, avg loss: 0.202319
2022-08-04 05:22:43,748 [dl_trainer.py:731] WARNING [119][ 5840/   49][rank:4] loss: 0.186, average forward (0.009185) and backward (0.023551) time: 0.039607, iotime: 0.006590 
2022-08-04 05:22:44,185 [dist_trainer.py:90] WARNING Time per iteration including communication: 0.083722, Speed: 1528.871434 images/s
2022-08-04 05:22:45,873 [dl_trainer.py:731] WARNING [119][ 5880/   49][rank:4] loss: 0.159, average forward (0.009546) and backward (0.023797) time: 0.040124, iotime: 0.006499 
2022-08-04 05:22:45,887 [dl_trainer.py:634] INFO train iter: 5880, num_batches_per_epoch: 49
2022-08-04 05:22:45,887 [dl_trainer.py:635] INFO Epoch 120, avg train acc: 93.271684, lr: 0.010000, avg loss: 0.194411
2022-08-04 05:22:48,171 [dist_trainer.py:90] WARNING Time per iteration including communication: 0.083034, Speed: 1541.543587 images/s
2022-08-04 05:22:49,428 [dl_trainer.py:731] WARNING [120][ 5920/   49][rank:4] loss: 0.208, average forward (0.008952) and backward (0.022211) time: 0.038167, iotime: 0.006698 
2022-08-04 05:22:49,834 [dl_trainer.py:634] INFO train iter: 5929, num_batches_per_epoch: 49
2022-08-04 05:22:49,835 [dl_trainer.py:635] INFO Epoch 121, avg train acc: 92.665816, lr: 0.010000, avg loss: 0.200813
2022-08-04 05:22:52,087 [dist_trainer.py:90] WARNING Time per iteration including communication: 0.081589, Speed: 1568.838203 images/s
2022-08-04 05:22:52,994 [dl_trainer.py:731] WARNING [121][ 5960/   49][rank:4] loss: 0.123, average forward (0.008856) and backward (0.023328) time: 0.038899, iotime: 0.006455 
2022-08-04 05:22:53,886 [dl_trainer.py:634] INFO train iter: 5978, num_batches_per_epoch: 49
2022-08-04 05:22:53,886 [dl_trainer.py:635] INFO Epoch 122, avg train acc: 93.207908, lr: 0.010000, avg loss: 0.185503
2022-08-04 05:22:56,177 [dist_trainer.py:90] WARNING Time per iteration including communication: 0.085193, Speed: 1502.477636 images/s
2022-08-04 05:22:56,520 [dl_trainer.py:731] WARNING [122][ 6000/   49][rank:4] loss: 0.049, average forward (0.008300) and backward (0.022571) time: 0.032994, iotime: 0.001867 
2022-08-04 05:22:57,969 [dl_trainer.py:634] INFO train iter: 6027, num_batches_per_epoch: 49
2022-08-04 05:22:57,969 [dl_trainer.py:635] INFO Epoch 123, avg train acc: 93.048469, lr: 0.001000, avg loss: 0.200733
2022-08-04 05:23:00,055 [dl_trainer.py:731] WARNING [123][ 6040/   49][rank:4] loss: 0.211, average forward (0.009117) and backward (0.020933) time: 0.036864, iotime: 0.006557 
2022-08-04 05:23:00,112 [dist_trainer.py:90] WARNING Time per iteration including communication: 0.081956, Speed: 1561.820299 images/s
2022-08-04 05:23:01,967 [dl_trainer.py:634] INFO train iter: 6076, num_batches_per_epoch: 49
2022-08-04 05:23:01,968 [dl_trainer.py:635] INFO Epoch 124, avg train acc: 93.303571, lr: 0.001000, avg loss: 0.191227
2022-08-04 05:23:03,736 [dl_trainer.py:731] WARNING [124][ 6080/   49][rank:4] loss: 0.240, average forward (0.009261) and backward (0.023590) time: 0.039884, iotime: 0.006525 
2022-08-04 05:23:04,171 [dist_trainer.py:90] WARNING Time per iteration including communication: 0.084553, Speed: 1513.841106 images/s
2022-08-04 05:23:05,883 [dl_trainer.py:731] WARNING [124][ 6120/   49][rank:4] loss: 0.226, average forward (0.009557) and backward (0.023514) time: 0.040610, iotime: 0.007270 
2022-08-04 05:23:06,137 [dl_trainer.py:634] INFO train iter: 6125, num_batches_per_epoch: 49
2022-08-04 05:23:06,137 [dl_trainer.py:635] INFO Epoch 125, avg train acc: 93.064413, lr: 0.001000, avg loss: 0.200817
2022-08-04 05:23:08,155 [dist_trainer.py:90] WARNING Time per iteration including communication: 0.082989, Speed: 1542.373320 images/s
2022-08-04 05:23:09,404 [dl_trainer.py:731] WARNING [125][ 6160/   49][rank:4] loss: 0.231, average forward (0.009279) and backward (0.021274) time: 0.037274, iotime: 0.006462 
2022-08-04 05:23:10,090 [dl_trainer.py:634] INFO train iter: 6174, num_batches_per_epoch: 49
2022-08-04 05:23:10,090 [dl_trainer.py:635] INFO Epoch 126, avg train acc: 92.697704, lr: 0.001000, avg loss: 0.204312
2022-08-04 05:23:12,131 [dist_trainer.py:90] WARNING Time per iteration including communication: 0.082818, Speed: 1545.565117 images/s
2022-08-04 05:23:13,046 [dl_trainer.py:731] WARNING [126][ 6200/   49][rank:4] loss: 0.294, average forward (0.008711) and backward (0.021114) time: 0.036741, iotime: 0.006662 
2022-08-04 05:23:14,118 [dl_trainer.py:634] INFO train iter: 6223, num_batches_per_epoch: 49
2022-08-04 05:23:14,118 [dl_trainer.py:635] INFO Epoch 127, avg train acc: 93.064413, lr: 0.001000, avg loss: 0.190257
2022-08-04 05:23:16,155 [dist_trainer.py:90] WARNING Time per iteration including communication: 0.083814, Speed: 1527.184462 images/s
2022-08-04 05:23:16,477 [dl_trainer.py:731] WARNING [127][ 6240/   49][rank:4] loss: 0.098, average forward (0.008368) and backward (0.021488) time: 0.032029, iotime: 0.001924 
2022-08-04 05:23:18,228 [dl_trainer.py:634] INFO train iter: 6272, num_batches_per_epoch: 49
2022-08-04 05:23:18,230 [dl_trainer.py:635] INFO Epoch 128, avg train acc: 92.793367, lr: 0.001000, avg loss: 0.197120
2022-08-04 05:23:20,127 [dl_trainer.py:731] WARNING [128][ 6280/   49][rank:4] loss: 0.157, average forward (0.009024) and backward (0.021842) time: 0.038295, iotime: 0.007073 
2022-08-04 05:23:20,182 [dist_trainer.py:90] WARNING Time per iteration including communication: 0.083904, Speed: 1525.558014 images/s
2022-08-04 05:23:22,285 [dl_trainer.py:731] WARNING [128][ 6320/   49][rank:4] loss: 0.151, average forward (0.009844) and backward (0.024720) time: 0.041556, iotime: 0.006702 
2022-08-04 05:23:22,338 [dl_trainer.py:634] INFO train iter: 6321, num_batches_per_epoch: 49
2022-08-04 05:23:22,339 [dl_trainer.py:635] INFO Epoch 129, avg train acc: 94.148597, lr: 0.001000, avg loss: 0.179530
2022-08-04 05:23:24,299 [dist_trainer.py:90] WARNING Time per iteration including communication: 0.085740, Speed: 1492.878895 images/s
2022-08-04 05:23:25,988 [dl_trainer.py:731] WARNING [129][ 6360/   49][rank:4] loss: 0.130, average forward (0.008850) and backward (0.022288) time: 0.037953, iotime: 0.006565 
2022-08-04 05:23:26,496 [dl_trainer.py:634] INFO train iter: 6370, num_batches_per_epoch: 49
2022-08-04 05:23:26,497 [dl_trainer.py:635] INFO Epoch 130, avg train acc: 93.558673, lr: 0.001000, avg loss: 0.188084
2022-08-04 05:23:28,361 [dist_trainer.py:90] WARNING Time per iteration including communication: 0.084611, Speed: 1512.801248 images/s
2022-08-04 05:23:29,709 [dl_trainer.py:731] WARNING [130][ 6400/   49][rank:4] loss: 0.136, average forward (0.009331) and backward (0.022864) time: 0.040096, iotime: 0.007359 
2022-08-04 05:23:30,628 [dl_trainer.py:634] INFO train iter: 6419, num_batches_per_epoch: 49
2022-08-04 05:23:30,628 [dl_trainer.py:635] INFO Epoch 131, avg train acc: 93.335459, lr: 0.001000, avg loss: 0.185550
2022-08-04 05:23:32,692 [dist_trainer.py:90] WARNING Time per iteration including communication: 0.090228, Speed: 1418.628422 images/s
2022-08-04 05:23:33,597 [dl_trainer.py:731] WARNING [131][ 6440/   49][rank:4] loss: 0.166, average forward (0.009648) and backward (0.024360) time: 0.040946, iotime: 0.006583 
2022-08-04 05:23:34,945 [dl_trainer.py:634] INFO train iter: 6468, num_batches_per_epoch: 49
2022-08-04 05:23:34,945 [dl_trainer.py:635] INFO Epoch 132, avg train acc: 93.526786, lr: 0.001000, avg loss: 0.182751
2022-08-04 05:23:36,848 [dist_trainer.py:90] WARNING Time per iteration including communication: 0.086575, Speed: 1478.492434 images/s
2022-08-04 05:23:37,186 [dl_trainer.py:731] WARNING [132][ 6480/   49][rank:4] loss: 0.215, average forward (0.008555) and backward (0.023135) time: 0.033932, iotime: 0.001996 
2022-08-04 05:23:39,183 [dl_trainer.py:634] INFO train iter: 6517, num_batches_per_epoch: 49
2022-08-04 05:23:39,184 [dl_trainer.py:635] INFO Epoch 133, avg train acc: 93.191964, lr: 0.001000, avg loss: 0.191000
2022-08-04 05:23:40,984 [dl_trainer.py:731] WARNING [133][ 6520/   49][rank:4] loss: 0.136, average forward (0.009172) and backward (0.022481) time: 0.038761, iotime: 0.006844 
2022-08-04 05:23:41,050 [dist_trainer.py:90] WARNING Time per iteration including communication: 0.087538, Speed: 1462.222885 images/s
2022-08-04 05:23:43,119 [dl_trainer.py:731] WARNING [133][ 6560/   49][rank:4] loss: 0.115, average forward (0.009360) and backward (0.022869) time: 0.039045, iotime: 0.006535 
2022-08-04 05:23:43,444 [dl_trainer.py:634] INFO train iter: 6566, num_batches_per_epoch: 49
2022-08-04 05:23:43,445 [dl_trainer.py:635] INFO Epoch 134, avg train acc: 93.223852, lr: 0.001000, avg loss: 0.195670
2022-08-04 05:23:45,140 [dist_trainer.py:90] WARNING Time per iteration including communication: 0.085182, Speed: 1502.658903 images/s
2022-08-04 05:23:46,849 [dl_trainer.py:731] WARNING [134][ 6600/   49][rank:4] loss: 0.144, average forward (0.009480) and backward (0.022595) time: 0.039373, iotime: 0.007021 
2022-08-04 05:23:47,557 [dl_trainer.py:634] INFO train iter: 6615, num_batches_per_epoch: 49
2022-08-04 05:23:47,557 [dl_trainer.py:635] INFO Epoch 135, avg train acc: 93.813776, lr: 0.001000, avg loss: 0.184155
2022-08-04 05:23:49,164 [dist_trainer.py:90] WARNING Time per iteration including communication: 0.083832, Speed: 1526.856815 images/s
2022-08-04 05:23:50,480 [dl_trainer.py:731] WARNING [135][ 6640/   49][rank:4] loss: 0.199, average forward (0.009203) and backward (0.021334) time: 0.037565, iotime: 0.006769 
2022-08-04 05:23:51,492 [dl_trainer.py:634] INFO train iter: 6664, num_batches_per_epoch: 49
2022-08-04 05:23:51,493 [dl_trainer.py:635] INFO Epoch 136, avg train acc: 93.447066, lr: 0.001000, avg loss: 0.192612
2022-08-04 05:23:53,115 [dist_trainer.py:90] WARNING Time per iteration including communication: 0.082296, Speed: 1555.353270 images/s
2022-08-04 05:23:54,054 [dl_trainer.py:731] WARNING [136][ 6680/   49][rank:4] loss: 0.154, average forward (0.008666) and backward (0.020651) time: 0.036033, iotime: 0.006470 
2022-08-04 05:23:55,558 [dist_trainer.py:90] WARNING Time per iteration including communication: 0.050876, Speed: 2515.918532 images/s
2022-08-04 05:23:55,558 [dl_trainer.py:634] INFO train iter: 6713, num_batches_per_epoch: 49
2022-08-04 05:23:55,559 [dl_trainer.py:635] INFO Epoch 137, avg train acc: 93.239796, lr: 0.001000, avg loss: 0.187346
2022-08-04 05:23:57,396 [dl_trainer.py:731] WARNING [137][ 6720/   49][rank:4] loss: 0.160, average forward (0.008702) and backward (0.022272) time: 0.033299, iotime: 0.002061 
2022-08-04 05:23:59,536 [dl_trainer.py:731] WARNING [137][ 6760/   49][rank:4] loss: 0.198, average forward (0.008911) and backward (0.022849) time: 0.038867, iotime: 0.006870 
2022-08-04 05:23:59,592 [dist_trainer.py:90] WARNING Time per iteration including communication: 0.084023, Speed: 1523.389995 images/s
2022-08-04 05:23:59,635 [dl_trainer.py:634] INFO train iter: 6762, num_batches_per_epoch: 49
2022-08-04 05:23:59,635 [dl_trainer.py:635] INFO Epoch 138, avg train acc: 93.654337, lr: 0.001000, avg loss: 0.188769
