2022-08-04 18:14:42,620 [dist_trainer.py:135] INFO Configurations: Namespace(batch_size=128, compressor='topk', data_dir='./data', dataset='cifar10', density=1.0, dnn='resnet20', lr=0.1, max_epochs=141, nsteps_update=1, num_steps=35, nworkers=8, nwpernode=8, pretrain=None, saved_dir='./logs/iclr', threshold=524288000)
2022-08-04 18:15:15,793 [dl_trainer.py:254] INFO num_batches_per_epoch: 49
2022-08-04 18:15:16,874 [distributed_optimizer.py:63] INFO _dynamic_densities: [0.015625, 0.004, 0.001]
2022-08-04 18:15:16,879 [distributed_optimizer.py:323] INFO # of parameters: 269722
2022-08-04 18:15:16,880 [distributed_optimizer.py:324] INFO Total number of tensors: 59
2022-08-04 18:15:16,880 [distributed_optimizer.py:325] INFO Merged Number of groups: 1
2022-08-04 18:15:17,665 [dist_trainer.py:62] INFO max_epochs: 141
2022-08-04 18:15:21,765 [dl_trainer.py:731] WARNING [  0][   40/   49][rank:6] loss: 1.763, average forward (0.059981) and backward (0.027288) time: 0.090446, iotime: 0.002052 
2022-08-04 18:15:21,824 [dist_trainer.py:90] WARNING Time per iteration including communication: 0.101410, Speed: 1262.198894 images/s
2022-08-04 18:15:22,445 [dl_trainer.py:634] INFO train iter: 49, num_batches_per_epoch: 49
2022-08-04 18:15:22,446 [dl_trainer.py:635] INFO Epoch 1, avg train acc: 27.391582, lr: 0.020327, avg loss: 2.053500
2022-08-04 18:15:25,439 [dl_trainer.py:731] WARNING [  1][   80/   49][rank:6] loss: 1.332, average forward (0.009464) and backward (0.020233) time: 0.037570, iotime: 0.007548 
2022-08-04 18:15:25,886 [dist_trainer.py:90] WARNING Time per iteration including communication: 0.084602, Speed: 1512.957744 images/s
2022-08-04 18:15:26,529 [dl_trainer.py:634] INFO train iter: 98, num_batches_per_epoch: 49
2022-08-04 18:15:26,530 [dl_trainer.py:635] INFO Epoch 2, avg train acc: 46.189413, lr: 0.040245, avg loss: 1.457994
2022-08-04 18:15:29,198 [dl_trainer.py:731] WARNING [  2][  120/   49][rank:6] loss: 1.272, average forward (0.009497) and backward (0.023017) time: 0.039493, iotime: 0.006651 
2022-08-04 18:15:30,024 [dist_trainer.py:90] WARNING Time per iteration including communication: 0.086191, Speed: 1485.070535 images/s
2022-08-04 18:15:30,697 [dl_trainer.py:634] INFO train iter: 147, num_batches_per_epoch: 49
2022-08-04 18:15:30,698 [dl_trainer.py:635] INFO Epoch 3, avg train acc: 54.990434, lr: 0.060163, avg loss: 1.244378
2022-08-04 18:15:32,805 [dl_trainer.py:731] WARNING [  3][  160/   49][rank:6] loss: 1.139, average forward (0.010930) and backward (0.022785) time: 0.040947, iotime: 0.006856 
2022-08-04 18:15:33,958 [dist_trainer.py:90] WARNING Time per iteration including communication: 0.081939, Speed: 1562.135569 images/s
2022-08-04 18:15:34,692 [dl_trainer.py:634] INFO train iter: 196, num_batches_per_epoch: 49
2022-08-04 18:15:34,693 [dl_trainer.py:635] INFO Epoch 4, avg train acc: 62.085459, lr: 0.080082, avg loss: 1.049194
2022-08-04 18:15:36,448 [dl_trainer.py:731] WARNING [  4][  200/   49][rank:6] loss: 0.955, average forward (0.010075) and backward (0.021659) time: 0.038954, iotime: 0.006880 
2022-08-04 18:15:38,036 [dist_trainer.py:90] WARNING Time per iteration including communication: 0.084963, Speed: 1506.537632 images/s
2022-08-04 18:15:38,347 [dl_trainer.py:731] WARNING [  4][  240/   49][rank:6] loss: 0.923, average forward (0.009395) and backward (0.023457) time: 0.035150, iotime: 0.002028 
2022-08-04 18:15:38,820 [dl_trainer.py:634] INFO train iter: 245, num_batches_per_epoch: 49
2022-08-04 18:15:38,821 [dl_trainer.py:635] INFO Epoch 5, avg train acc: 67.968750, lr: 0.100000, avg loss: 0.901007
2022-08-04 18:15:42,013 [dl_trainer.py:731] WARNING [  5][  280/   49][rank:6] loss: 0.707, average forward (0.008790) and backward (0.020545) time: 0.036308, iotime: 0.006700 
2022-08-04 18:15:42,091 [dist_trainer.py:90] WARNING Time per iteration including communication: 0.084470, Speed: 1515.334026 images/s
2022-08-04 18:15:42,875 [dl_trainer.py:634] INFO train iter: 294, num_batches_per_epoch: 49
2022-08-04 18:15:42,876 [dl_trainer.py:635] INFO Epoch 6, avg train acc: 72.050383, lr: 0.100000, avg loss: 0.800437
2022-08-04 18:15:45,670 [dl_trainer.py:731] WARNING [  6][  320/   49][rank:6] loss: 0.585, average forward (0.009409) and backward (0.021779) time: 0.038219, iotime: 0.006754 
2022-08-04 18:15:46,132 [dist_trainer.py:90] WARNING Time per iteration including communication: 0.084168, Speed: 1520.764721 images/s
2022-08-04 18:15:46,992 [dl_trainer.py:634] INFO train iter: 343, num_batches_per_epoch: 49
2022-08-04 18:15:46,993 [dl_trainer.py:635] INFO Epoch 7, avg train acc: 76.801658, lr: 0.100000, avg loss: 0.681801
2022-08-04 18:15:49,369 [dl_trainer.py:731] WARNING [  7][  360/   49][rank:6] loss: 0.713, average forward (0.009683) and backward (0.023729) time: 0.040696, iotime: 0.007003 
2022-08-04 18:15:50,170 [dist_trainer.py:90] WARNING Time per iteration including communication: 0.084122, Speed: 1521.600711 images/s
2022-08-04 18:15:51,062 [dl_trainer.py:634] INFO train iter: 392, num_batches_per_epoch: 49
2022-08-04 18:15:51,063 [dl_trainer.py:635] INFO Epoch 8, avg train acc: 77.439413, lr: 0.100000, avg loss: 0.643698
2022-08-04 18:15:53,001 [dl_trainer.py:731] WARNING [  8][  400/   49][rank:6] loss: 0.700, average forward (0.010542) and backward (0.022704) time: 0.040737, iotime: 0.007156 
2022-08-04 18:15:54,250 [dist_trainer.py:90] WARNING Time per iteration including communication: 0.084974, Speed: 1506.343014 images/s
2022-08-04 18:15:55,155 [dl_trainer.py:731] WARNING [  8][  440/   49][rank:6] loss: 0.557, average forward (0.010276) and backward (0.023042) time: 0.041446, iotime: 0.007223 
2022-08-04 18:15:55,220 [dl_trainer.py:634] INFO train iter: 441, num_batches_per_epoch: 49
2022-08-04 18:15:55,220 [dl_trainer.py:635] INFO Epoch 9, avg train acc: 79.065689, lr: 0.100000, avg loss: 0.587150
2022-08-04 18:15:58,263 [dist_trainer.py:90] WARNING Time per iteration including communication: 0.083575, Speed: 1531.552102 images/s
2022-08-04 18:15:58,585 [dl_trainer.py:731] WARNING [  9][  480/   49][rank:6] loss: 0.778, average forward (0.008939) and backward (0.020129) time: 0.031345, iotime: 0.001990 
2022-08-04 18:15:59,257 [dl_trainer.py:634] INFO train iter: 490, num_batches_per_epoch: 49
2022-08-04 18:15:59,258 [dl_trainer.py:635] INFO Epoch 10, avg train acc: 80.006378, lr: 0.100000, avg loss: 0.572630
2022-08-04 18:16:02,273 [dl_trainer.py:731] WARNING [ 10][  520/   49][rank:6] loss: 0.484, average forward (0.009653) and backward (0.020823) time: 0.037825, iotime: 0.007037 
2022-08-04 18:16:02,331 [dist_trainer.py:90] WARNING Time per iteration including communication: 0.084741, Speed: 1510.488319 images/s
2022-08-04 18:16:03,399 [dl_trainer.py:634] INFO train iter: 539, num_batches_per_epoch: 49
2022-08-04 18:16:03,400 [dl_trainer.py:635] INFO Epoch 11, avg train acc: 81.871811, lr: 0.100000, avg loss: 0.527399
2022-08-04 18:16:05,995 [dl_trainer.py:731] WARNING [ 11][  560/   49][rank:6] loss: 0.553, average forward (0.008933) and backward (0.021234) time: 0.037028, iotime: 0.006600 
2022-08-04 18:16:06,465 [dist_trainer.py:90] WARNING Time per iteration including communication: 0.086105, Speed: 1486.549239 images/s
2022-08-04 18:16:07,627 [dl_trainer.py:634] INFO train iter: 588, num_batches_per_epoch: 49
2022-08-04 18:16:07,628 [dl_trainer.py:635] INFO Epoch 12, avg train acc: 82.302296, lr: 0.100000, avg loss: 0.507162
2022-08-04 18:16:09,867 [dl_trainer.py:731] WARNING [ 12][  600/   49][rank:6] loss: 0.603, average forward (0.009264) and backward (0.021219) time: 0.037772, iotime: 0.006981 
2022-08-04 18:16:10,695 [dist_trainer.py:90] WARNING Time per iteration including communication: 0.088131, Speed: 1452.387385 images/s
2022-08-04 18:16:11,832 [dl_trainer.py:634] INFO train iter: 637, num_batches_per_epoch: 49
2022-08-04 18:16:11,832 [dl_trainer.py:635] INFO Epoch 13, avg train acc: 83.115434, lr: 0.100000, avg loss: 0.488949
2022-08-04 18:16:13,506 [dl_trainer.py:731] WARNING [ 13][  640/   49][rank:6] loss: 0.509, average forward (0.011350) and backward (0.022706) time: 0.041513, iotime: 0.007123 
2022-08-04 18:16:14,702 [dist_trainer.py:90] WARNING Time per iteration including communication: 0.083464, Speed: 1533.587992 images/s
2022-08-04 18:16:15,627 [dl_trainer.py:731] WARNING [ 13][  680/   49][rank:6] loss: 0.453, average forward (0.010042) and backward (0.021906) time: 0.039138, iotime: 0.006898 
2022-08-04 18:16:15,924 [dl_trainer.py:634] INFO train iter: 686, num_batches_per_epoch: 49
2022-08-04 18:16:15,924 [dl_trainer.py:635] INFO Epoch 14, avg train acc: 84.534439, lr: 0.100000, avg loss: 0.449234
2022-08-04 18:16:18,790 [dist_trainer.py:90] WARNING Time per iteration including communication: 0.085158, Speed: 1503.086178 images/s
2022-08-04 18:16:19,125 [dl_trainer.py:731] WARNING [ 14][  720/   49][rank:6] loss: 0.469, average forward (0.008845) and backward (0.023723) time: 0.034817, iotime: 0.001989 
2022-08-04 18:16:20,046 [dl_trainer.py:634] INFO train iter: 735, num_batches_per_epoch: 49
2022-08-04 18:16:20,047 [dl_trainer.py:635] INFO Epoch 15, avg train acc: 84.311224, lr: 0.100000, avg loss: 0.435464
2022-08-04 18:16:22,783 [dl_trainer.py:731] WARNING [ 15][  760/   49][rank:6] loss: 0.501, average forward (0.010091) and backward (0.021790) time: 0.039508, iotime: 0.007307 
2022-08-04 18:16:22,830 [dist_trainer.py:90] WARNING Time per iteration including communication: 0.084139, Speed: 1521.295122 images/s
2022-08-04 18:16:24,146 [dl_trainer.py:634] INFO train iter: 784, num_batches_per_epoch: 49
2022-08-04 18:16:24,147 [dl_trainer.py:635] INFO Epoch 16, avg train acc: 85.395408, lr: 0.100000, avg loss: 0.420646
2022-08-04 18:16:26,475 [dl_trainer.py:731] WARNING [ 16][  800/   49][rank:6] loss: 0.401, average forward (0.009052) and backward (0.022168) time: 0.038609, iotime: 0.007071 
2022-08-04 18:16:26,904 [dist_trainer.py:90] WARNING Time per iteration including communication: 0.084867, Speed: 1508.250155 images/s
2022-08-04 18:16:28,219 [dl_trainer.py:634] INFO train iter: 833, num_batches_per_epoch: 49
2022-08-04 18:16:28,220 [dl_trainer.py:635] INFO Epoch 17, avg train acc: 85.220026, lr: 0.100000, avg loss: 0.417911
2022-08-04 18:16:30,189 [dl_trainer.py:731] WARNING [ 17][  840/   49][rank:6] loss: 0.530, average forward (0.009607) and backward (0.021500) time: 0.038940, iotime: 0.007510 
2022-08-04 18:16:31,014 [dist_trainer.py:90] WARNING Time per iteration including communication: 0.085605, Speed: 1495.233943 images/s
2022-08-04 18:16:32,300 [dl_trainer.py:731] WARNING [ 17][  880/   49][rank:6] loss: 0.481, average forward (0.010237) and backward (0.022844) time: 0.040784, iotime: 0.007419 
2022-08-04 18:16:32,383 [dl_trainer.py:634] INFO train iter: 882, num_batches_per_epoch: 49
2022-08-04 18:16:32,384 [dl_trainer.py:635] INFO Epoch 18, avg train acc: 86.830357, lr: 0.100000, avg loss: 0.382104
2022-08-04 18:16:35,166 [dist_trainer.py:90] WARNING Time per iteration including communication: 0.086489, Speed: 1479.951941 images/s
2022-08-04 18:16:36,079 [dl_trainer.py:731] WARNING [ 18][  920/   49][rank:6] loss: 0.364, average forward (0.008715) and backward (0.023188) time: 0.039440, iotime: 0.007244 
2022-08-04 18:16:36,643 [dl_trainer.py:634] INFO train iter: 931, num_batches_per_epoch: 49
2022-08-04 18:16:36,644 [dl_trainer.py:635] INFO Epoch 19, avg train acc: 86.830357, lr: 0.100000, avg loss: 0.384144
2022-08-04 18:16:39,215 [dist_trainer.py:90] WARNING Time per iteration including communication: 0.084340, Speed: 1517.669159 images/s
2022-08-04 18:16:39,544 [dl_trainer.py:731] WARNING [ 19][  960/   49][rank:6] loss: 0.431, average forward (0.009705) and backward (0.022203) time: 0.034489, iotime: 0.002179 
2022-08-04 18:16:40,721 [dl_trainer.py:634] INFO train iter: 980, num_batches_per_epoch: 49
2022-08-04 18:16:40,722 [dl_trainer.py:635] INFO Epoch 20, avg train acc: 87.069515, lr: 0.100000, avg loss: 0.370658
2022-08-04 18:16:43,291 [dl_trainer.py:731] WARNING [ 20][ 1000/   49][rank:6] loss: 0.380, average forward (0.010493) and backward (0.024593) time: 0.042920, iotime: 0.007472 
2022-08-04 18:16:43,356 [dist_trainer.py:90] WARNING Time per iteration including communication: 0.086245, Speed: 1484.150071 images/s
2022-08-04 18:16:44,872 [dl_trainer.py:634] INFO train iter: 1029, num_batches_per_epoch: 49
2022-08-04 18:16:44,872 [dl_trainer.py:635] INFO Epoch 21, avg train acc: 87.563776, lr: 0.100000, avg loss: 0.352733
2022-08-04 18:16:46,926 [dl_trainer.py:731] WARNING [ 21][ 1040/   49][rank:6] loss: 0.357, average forward (0.009865) and backward (0.021385) time: 0.038205, iotime: 0.006614 
2022-08-04 18:16:47,376 [dist_trainer.py:90] WARNING Time per iteration including communication: 0.083737, Speed: 1528.590482 images/s
2022-08-04 18:16:48,962 [dl_trainer.py:634] INFO train iter: 1078, num_batches_per_epoch: 49
2022-08-04 18:16:48,963 [dl_trainer.py:635] INFO Epoch 22, avg train acc: 88.520408, lr: 0.100000, avg loss: 0.330484
2022-08-04 18:16:50,655 [dl_trainer.py:731] WARNING [ 22][ 1080/   49][rank:6] loss: 0.299, average forward (0.010592) and backward (0.020447) time: 0.038574, iotime: 0.007190 
2022-08-04 18:16:51,458 [dist_trainer.py:90] WARNING Time per iteration including communication: 0.085037, Speed: 1505.220754 images/s
2022-08-04 18:16:52,760 [dl_trainer.py:731] WARNING [ 22][ 1120/   49][rank:6] loss: 0.422, average forward (0.009024) and backward (0.019108) time: 0.035144, iotime: 0.006758 
2022-08-04 18:16:53,109 [dl_trainer.py:634] INFO train iter: 1127, num_batches_per_epoch: 49
2022-08-04 18:16:53,110 [dl_trainer.py:635] INFO Epoch 23, avg train acc: 87.978316, lr: 0.100000, avg loss: 0.332818
2022-08-04 18:16:55,463 [dist_trainer.py:90] WARNING Time per iteration including communication: 0.083400, Speed: 1534.771156 images/s
2022-08-04 18:16:56,366 [dl_trainer.py:731] WARNING [ 23][ 1160/   49][rank:6] loss: 0.425, average forward (0.010359) and backward (0.023822) time: 0.041570, iotime: 0.007071 
2022-08-04 18:16:57,155 [dl_trainer.py:634] INFO train iter: 1176, num_batches_per_epoch: 49
2022-08-04 18:16:57,155 [dl_trainer.py:635] INFO Epoch 24, avg train acc: 88.679847, lr: 0.100000, avg loss: 0.330023
2022-08-04 18:16:59,590 [dist_trainer.py:90] WARNING Time per iteration including communication: 0.085957, Speed: 1489.123782 images/s
2022-08-04 18:16:59,929 [dl_trainer.py:731] WARNING [ 24][ 1200/   49][rank:6] loss: 0.276, average forward (0.010099) and backward (0.022633) time: 0.035180, iotime: 0.002160 
2022-08-04 18:17:01,303 [dl_trainer.py:634] INFO train iter: 1225, num_batches_per_epoch: 49
2022-08-04 18:17:01,303 [dl_trainer.py:635] INFO Epoch 25, avg train acc: 88.265306, lr: 0.100000, avg loss: 0.331411
2022-08-04 18:17:03,563 [dl_trainer.py:731] WARNING [ 25][ 1240/   49][rank:6] loss: 0.339, average forward (0.009428) and backward (0.020486) time: 0.037140, iotime: 0.006935 
2022-08-04 18:17:03,628 [dist_trainer.py:90] WARNING Time per iteration including communication: 0.084129, Speed: 1521.465867 images/s
2022-08-04 18:17:05,401 [dl_trainer.py:634] INFO train iter: 1274, num_batches_per_epoch: 49
2022-08-04 18:17:05,401 [dl_trainer.py:635] INFO Epoch 26, avg train acc: 89.859694, lr: 0.100000, avg loss: 0.288748
2022-08-04 18:17:07,189 [dl_trainer.py:731] WARNING [ 26][ 1280/   49][rank:6] loss: 0.299, average forward (0.008635) and backward (0.020554) time: 0.036189, iotime: 0.006727 
2022-08-04 18:17:07,620 [dist_trainer.py:90] WARNING Time per iteration including communication: 0.083143, Speed: 1539.507503 images/s
2022-08-04 18:17:09,317 [dl_trainer.py:731] WARNING [ 26][ 1320/   49][rank:6] loss: 0.330, average forward (0.009841) and backward (0.023934) time: 0.040797, iotime: 0.006709 
2022-08-04 18:17:09,472 [dl_trainer.py:634] INFO train iter: 1323, num_batches_per_epoch: 49
2022-08-04 18:17:09,473 [dl_trainer.py:635] INFO Epoch 27, avg train acc: 89.126276, lr: 0.100000, avg loss: 0.296774
2022-08-04 18:17:11,612 [dist_trainer.py:90] WARNING Time per iteration including communication: 0.083154, Speed: 1539.314663 images/s
2022-08-04 18:17:12,920 [dl_trainer.py:731] WARNING [ 27][ 1360/   49][rank:6] loss: 0.325, average forward (0.009582) and backward (0.019985) time: 0.036925, iotime: 0.007053 
2022-08-04 18:17:13,507 [dl_trainer.py:634] INFO train iter: 1372, num_batches_per_epoch: 49
2022-08-04 18:17:13,507 [dl_trainer.py:635] INFO Epoch 28, avg train acc: 89.285714, lr: 0.100000, avg loss: 0.294308
2022-08-04 18:17:15,700 [dist_trainer.py:90] WARNING Time per iteration including communication: 0.085144, Speed: 1503.328803 images/s
2022-08-04 18:17:16,590 [dl_trainer.py:731] WARNING [ 28][ 1400/   49][rank:6] loss: 0.272, average forward (0.010881) and backward (0.020313) time: 0.039140, iotime: 0.007628 
2022-08-04 18:17:17,622 [dl_trainer.py:634] INFO train iter: 1421, num_batches_per_epoch: 49
2022-08-04 18:17:17,623 [dl_trainer.py:635] INFO Epoch 29, avg train acc: 89.540816, lr: 0.100000, avg loss: 0.293989
2022-08-04 18:17:19,802 [dist_trainer.py:90] WARNING Time per iteration including communication: 0.085455, Speed: 1497.868197 images/s
2022-08-04 18:17:20,132 [dl_trainer.py:731] WARNING [ 29][ 1440/   49][rank:6] loss: 0.197, average forward (0.009795) and backward (0.020641) time: 0.032807, iotime: 0.002068 
2022-08-04 18:17:21,779 [dl_trainer.py:634] INFO train iter: 1470, num_batches_per_epoch: 49
2022-08-04 18:17:21,780 [dl_trainer.py:635] INFO Epoch 30, avg train acc: 89.636480, lr: 0.100000, avg loss: 0.294526
2022-08-04 18:17:23,810 [dl_trainer.py:731] WARNING [ 30][ 1480/   49][rank:6] loss: 0.342, average forward (0.010060) and backward (0.020606) time: 0.038162, iotime: 0.007131 
2022-08-04 18:17:23,880 [dist_trainer.py:90] WARNING Time per iteration including communication: 0.084934, Speed: 1507.047402 images/s
2022-08-04 18:17:25,882 [dl_trainer.py:634] INFO train iter: 1519, num_batches_per_epoch: 49
2022-08-04 18:17:25,883 [dl_trainer.py:635] INFO Epoch 31, avg train acc: 90.561224, lr: 0.100000, avg loss: 0.282417
2022-08-04 18:17:25,914 [dl_trainer.py:731] WARNING [ 31][ 1520/   49][rank:6] loss: 0.317, average forward (0.009560) and backward (0.021338) time: 0.038227, iotime: 0.007026 
2022-08-04 18:17:27,987 [dist_trainer.py:90] WARNING Time per iteration including communication: 0.085557, Speed: 1496.084130 images/s
2022-08-04 18:17:29,581 [dl_trainer.py:731] WARNING [ 31][ 1560/   49][rank:6] loss: 0.191, average forward (0.010271) and backward (0.021965) time: 0.039858, iotime: 0.007315 
2022-08-04 18:17:29,974 [dl_trainer.py:634] INFO train iter: 1568, num_batches_per_epoch: 49
2022-08-04 18:17:29,974 [dl_trainer.py:635] INFO Epoch 32, avg train acc: 90.322066, lr: 0.100000, avg loss: 0.280070
2022-08-04 18:17:32,033 [dist_trainer.py:90] WARNING Time per iteration including communication: 0.084279, Speed: 1518.767278 images/s
2022-08-04 18:17:33,308 [dl_trainer.py:731] WARNING [ 32][ 1600/   49][rank:6] loss: 0.329, average forward (0.009251) and backward (0.021471) time: 0.037734, iotime: 0.006722 
2022-08-04 18:17:34,129 [dl_trainer.py:634] INFO train iter: 1617, num_batches_per_epoch: 49
2022-08-04 18:17:34,130 [dl_trainer.py:635] INFO Epoch 33, avg train acc: 90.290179, lr: 0.100000, avg loss: 0.281605
2022-08-04 18:17:36,048 [dist_trainer.py:90] WARNING Time per iteration including communication: 0.083636, Speed: 1530.432879 images/s
2022-08-04 18:17:36,931 [dl_trainer.py:731] WARNING [ 33][ 1640/   49][rank:6] loss: 0.200, average forward (0.009005) and backward (0.021489) time: 0.037636, iotime: 0.006861 
2022-08-04 18:17:38,117 [dl_trainer.py:634] INFO train iter: 1666, num_batches_per_epoch: 49
2022-08-04 18:17:38,118 [dl_trainer.py:635] INFO Epoch 34, avg train acc: 91.597577, lr: 0.100000, avg loss: 0.254230
2022-08-04 18:17:39,969 [dist_trainer.py:90] WARNING Time per iteration including communication: 0.081656, Speed: 1567.547217 images/s
2022-08-04 18:17:40,295 [dl_trainer.py:731] WARNING [ 34][ 1680/   49][rank:6] loss: 0.271, average forward (0.009476) and backward (0.020471) time: 0.032390, iotime: 0.002125 
2022-08-04 18:17:42,122 [dl_trainer.py:634] INFO train iter: 1715, num_batches_per_epoch: 49
2022-08-04 18:17:42,122 [dl_trainer.py:635] INFO Epoch 35, avg train acc: 91.087372, lr: 0.100000, avg loss: 0.263233
2022-08-04 18:17:43,894 [dl_trainer.py:731] WARNING [ 35][ 1720/   49][rank:6] loss: 0.292, average forward (0.010729) and backward (0.020083) time: 0.038242, iotime: 0.007114 
2022-08-04 18:17:43,968 [dist_trainer.py:90] WARNING Time per iteration including communication: 0.083303, Speed: 1536.559866 images/s
2022-08-04 18:17:46,103 [dl_trainer.py:731] WARNING [ 35][ 1760/   49][rank:6] loss: 0.317, average forward (0.009826) and backward (0.020827) time: 0.038609, iotime: 0.007436 
2022-08-04 18:17:46,282 [dl_trainer.py:634] INFO train iter: 1764, num_batches_per_epoch: 49
2022-08-04 18:17:46,283 [dl_trainer.py:635] INFO Epoch 36, avg train acc: 91.374362, lr: 0.100000, avg loss: 0.249783
2022-08-04 18:17:48,152 [dist_trainer.py:90] WARNING Time per iteration including communication: 0.087158, Speed: 1468.604885 images/s
2022-08-04 18:17:49,848 [dl_trainer.py:731] WARNING [ 36][ 1800/   49][rank:6] loss: 0.442, average forward (0.010310) and backward (0.022393) time: 0.039864, iotime: 0.006861 
2022-08-04 18:17:50,486 [dl_trainer.py:634] INFO train iter: 1813, num_batches_per_epoch: 49
2022-08-04 18:17:50,487 [dl_trainer.py:635] INFO Epoch 37, avg train acc: 90.943878, lr: 0.100000, avg loss: 0.251777
2022-08-04 18:17:52,248 [dist_trainer.py:90] WARNING Time per iteration including communication: 0.085312, Speed: 1500.374851 images/s
2022-08-04 18:17:53,525 [dl_trainer.py:731] WARNING [ 37][ 1840/   49][rank:6] loss: 0.333, average forward (0.009238) and backward (0.022054) time: 0.038419, iotime: 0.006826 
2022-08-04 18:17:54,604 [dl_trainer.py:634] INFO train iter: 1862, num_batches_per_epoch: 49
2022-08-04 18:17:54,605 [dl_trainer.py:635] INFO Epoch 38, avg train acc: 91.852679, lr: 0.100000, avg loss: 0.242632
2022-08-04 18:17:56,328 [dist_trainer.py:90] WARNING Time per iteration including communication: 0.085006, Speed: 1505.772656 images/s
2022-08-04 18:17:57,267 [dl_trainer.py:731] WARNING [ 38][ 1880/   49][rank:6] loss: 0.242, average forward (0.010193) and backward (0.021541) time: 0.039950, iotime: 0.007810 
2022-08-04 18:17:58,842 [dl_trainer.py:634] INFO train iter: 1911, num_batches_per_epoch: 49
2022-08-04 18:17:58,843 [dl_trainer.py:635] INFO Epoch 39, avg train acc: 90.704719, lr: 0.100000, avg loss: 0.254463
2022-08-04 18:18:00,525 [dist_trainer.py:90] WARNING Time per iteration including communication: 0.087407, Speed: 1464.409896 images/s
2022-08-04 18:18:00,844 [dl_trainer.py:731] WARNING [ 39][ 1920/   49][rank:6] loss: 0.130, average forward (0.009178) and backward (0.023716) time: 0.035287, iotime: 0.002095 
2022-08-04 18:18:02,998 [dl_trainer.py:731] WARNING [ 39][ 1960/   49][rank:6] loss: 0.213, average forward (0.008882) and backward (0.022019) time: 0.037783, iotime: 0.006611 
2022-08-04 18:18:03,010 [dl_trainer.py:634] INFO train iter: 1960, num_batches_per_epoch: 49
2022-08-04 18:18:03,011 [dl_trainer.py:635] INFO Epoch 40, avg train acc: 92.107781, lr: 0.100000, avg loss: 0.220061
2022-08-04 18:18:04,683 [dist_trainer.py:90] WARNING Time per iteration including communication: 0.086620, Speed: 1477.717450 images/s
2022-08-04 18:18:06,793 [dl_trainer.py:731] WARNING [ 40][ 2000/   49][rank:6] loss: 0.330, average forward (0.008691) and backward (0.020645) time: 0.036340, iotime: 0.006728 
2022-08-04 18:18:07,203 [dist_trainer.py:90] WARNING Time per iteration including communication: 0.052476, Speed: 2439.204128 images/s
2022-08-04 18:18:07,203 [dl_trainer.py:634] INFO train iter: 2009, num_batches_per_epoch: 49
2022-08-04 18:18:07,204 [dl_trainer.py:635] INFO Epoch 41, avg train acc: 92.203444, lr: 0.100000, avg loss: 0.217322
2022-08-04 18:18:10,457 [dl_trainer.py:731] WARNING [ 41][ 2040/   49][rank:6] loss: 0.190, average forward (0.009593) and backward (0.018827) time: 0.035899, iotime: 0.007163 
2022-08-04 18:18:11,283 [dist_trainer.py:90] WARNING Time per iteration including communication: 0.084995, Speed: 1505.974608 images/s
2022-08-04 18:18:11,333 [dl_trainer.py:634] INFO train iter: 2058, num_batches_per_epoch: 49
2022-08-04 18:18:11,334 [dl_trainer.py:635] INFO Epoch 42, avg train acc: 91.310587, lr: 0.100000, avg loss: 0.243902
2022-08-04 18:18:14,245 [dl_trainer.py:731] WARNING [ 42][ 2080/   49][rank:6] loss: 0.167, average forward (0.010286) and backward (0.019582) time: 0.037023, iotime: 0.006842 
2022-08-04 18:18:15,431 [dist_trainer.py:90] WARNING Time per iteration including communication: 0.086396, Speed: 1481.558099 images/s
2022-08-04 18:18:15,532 [dl_trainer.py:634] INFO train iter: 2107, num_batches_per_epoch: 49
2022-08-04 18:18:15,533 [dl_trainer.py:635] INFO Epoch 43, avg train acc: 92.075893, lr: 0.100000, avg loss: 0.217029
2022-08-04 18:18:17,936 [dl_trainer.py:731] WARNING [ 43][ 2120/   49][rank:6] loss: 0.112, average forward (0.009434) and backward (0.019398) time: 0.035719, iotime: 0.006619 
2022-08-04 18:18:19,546 [dist_trainer.py:90] WARNING Time per iteration including communication: 0.085709, Speed: 1493.421176 images/s
2022-08-04 18:18:19,691 [dl_trainer.py:634] INFO train iter: 2156, num_batches_per_epoch: 49
2022-08-04 18:18:19,691 [dl_trainer.py:635] INFO Epoch 44, avg train acc: 92.793367, lr: 0.100000, avg loss: 0.209637
2022-08-04 18:18:21,506 [dl_trainer.py:731] WARNING [ 44][ 2160/   49][rank:6] loss: 0.177, average forward (0.008757) and backward (0.020118) time: 0.031194, iotime: 0.002049 
2022-08-04 18:18:23,677 [dl_trainer.py:731] WARNING [ 44][ 2200/   49][rank:6] loss: 0.132, average forward (0.008559) and backward (0.020455) time: 0.036196, iotime: 0.006941 
2022-08-04 18:18:23,738 [dist_trainer.py:90] WARNING Time per iteration including communication: 0.087328, Speed: 1465.743420 images/s
2022-08-04 18:18:23,933 [dl_trainer.py:634] INFO train iter: 2205, num_batches_per_epoch: 49
2022-08-04 18:18:23,933 [dl_trainer.py:635] INFO Epoch 45, avg train acc: 92.267219, lr: 0.100000, avg loss: 0.219194
2022-08-04 18:18:27,503 [dl_trainer.py:731] WARNING [ 45][ 2240/   49][rank:6] loss: 0.307, average forward (0.009602) and backward (0.019375) time: 0.036331, iotime: 0.007078 
2022-08-04 18:18:27,933 [dist_trainer.py:90] WARNING Time per iteration including communication: 0.087377, Speed: 1464.910537 images/s
2022-08-04 18:18:28,152 [dl_trainer.py:634] INFO train iter: 2254, num_batches_per_epoch: 49
2022-08-04 18:18:28,153 [dl_trainer.py:635] INFO Epoch 46, avg train acc: 92.554209, lr: 0.100000, avg loss: 0.210254
2022-08-04 18:18:31,265 [dl_trainer.py:731] WARNING [ 46][ 2280/   49][rank:6] loss: 0.264, average forward (0.009406) and backward (0.021004) time: 0.037791, iotime: 0.007018 
2022-08-04 18:18:32,129 [dist_trainer.py:90] WARNING Time per iteration including communication: 0.087395, Speed: 1464.609895 images/s
2022-08-04 18:18:32,412 [dl_trainer.py:634] INFO train iter: 2303, num_batches_per_epoch: 49
2022-08-04 18:18:32,413 [dl_trainer.py:635] INFO Epoch 47, avg train acc: 92.617985, lr: 0.100000, avg loss: 0.212468
2022-08-04 18:18:35,039 [dl_trainer.py:731] WARNING [ 47][ 2320/   49][rank:6] loss: 0.269, average forward (0.009554) and backward (0.020068) time: 0.037234, iotime: 0.007297 
2022-08-04 18:18:36,288 [dist_trainer.py:90] WARNING Time per iteration including communication: 0.086645, Speed: 1477.293041 images/s
2022-08-04 18:18:36,614 [dl_trainer.py:634] INFO train iter: 2352, num_batches_per_epoch: 49
2022-08-04 18:18:36,614 [dl_trainer.py:635] INFO Epoch 48, avg train acc: 92.841199, lr: 0.100000, avg loss: 0.203476
2022-08-04 18:18:38,861 [dl_trainer.py:731] WARNING [ 48][ 2360/   49][rank:6] loss: 0.201, average forward (0.010145) and backward (0.021445) time: 0.038854, iotime: 0.006968 
2022-08-04 18:18:40,453 [dist_trainer.py:90] WARNING Time per iteration including communication: 0.086746, Speed: 1475.568267 images/s
2022-08-04 18:18:40,742 [dl_trainer.py:731] WARNING [ 48][ 2400/   49][rank:6] loss: 0.138, average forward (0.008941) and backward (0.020058) time: 0.031272, iotime: 0.001995 
2022-08-04 18:18:41,031 [dl_trainer.py:634] INFO train iter: 2401, num_batches_per_epoch: 49
2022-08-04 18:18:41,032 [dl_trainer.py:635] INFO Epoch 49, avg train acc: 93.478954, lr: 0.100000, avg loss: 0.187879
2022-08-04 18:18:44,452 [dl_trainer.py:731] WARNING [ 49][ 2440/   49][rank:6] loss: 0.160, average forward (0.010178) and backward (0.022746) time: 0.040588, iotime: 0.007163 
2022-08-04 18:18:44,510 [dist_trainer.py:90] WARNING Time per iteration including communication: 0.084501, Speed: 1514.769573 images/s
2022-08-04 18:18:45,139 [dl_trainer.py:634] INFO train iter: 2450, num_batches_per_epoch: 49
2022-08-04 18:18:45,140 [dl_trainer.py:635] INFO Epoch 50, avg train acc: 93.590561, lr: 0.100000, avg loss: 0.179506
2022-08-04 18:18:48,194 [dl_trainer.py:731] WARNING [ 50][ 2480/   49][rank:6] loss: 0.124, average forward (0.009641) and backward (0.020430) time: 0.037595, iotime: 0.007223 
2022-08-04 18:18:48,627 [dist_trainer.py:90] WARNING Time per iteration including communication: 0.085753, Speed: 1492.662801 images/s
2022-08-04 18:18:49,278 [dl_trainer.py:634] INFO train iter: 2499, num_batches_per_epoch: 49
2022-08-04 18:18:49,279 [dl_trainer.py:635] INFO Epoch 51, avg train acc: 93.542730, lr: 0.100000, avg loss: 0.178507
2022-08-04 18:18:51,826 [dl_trainer.py:731] WARNING [ 51][ 2520/   49][rank:6] loss: 0.234, average forward (0.010302) and backward (0.022954) time: 0.040598, iotime: 0.007010 
2022-08-04 18:18:52,634 [dist_trainer.py:90] WARNING Time per iteration including communication: 0.083472, Speed: 1533.457493 images/s
2022-08-04 18:18:53,369 [dl_trainer.py:634] INFO train iter: 2548, num_batches_per_epoch: 49
2022-08-04 18:18:53,369 [dl_trainer.py:635] INFO Epoch 52, avg train acc: 93.718112, lr: 0.100000, avg loss: 0.172779
2022-08-04 18:18:55,541 [dl_trainer.py:731] WARNING [ 52][ 2560/   49][rank:6] loss: 0.217, average forward (0.009610) and backward (0.021716) time: 0.038429, iotime: 0.006804 
2022-08-04 18:18:56,723 [dist_trainer.py:90] WARNING Time per iteration including communication: 0.085166, Speed: 1502.944603 images/s
2022-08-04 18:18:57,498 [dl_trainer.py:634] INFO train iter: 2597, num_batches_per_epoch: 49
2022-08-04 18:18:57,498 [dl_trainer.py:635] INFO Epoch 53, avg train acc: 93.510842, lr: 0.100000, avg loss: 0.181938
2022-08-04 18:18:59,167 [dl_trainer.py:731] WARNING [ 53][ 2600/   49][rank:6] loss: 0.147, average forward (0.010139) and backward (0.022535) time: 0.039819, iotime: 0.006815 
2022-08-04 18:19:00,715 [dist_trainer.py:90] WARNING Time per iteration including communication: 0.083163, Speed: 1539.141820 images/s
2022-08-04 18:19:01,044 [dl_trainer.py:731] WARNING [ 53][ 2640/   49][rank:6] loss: 0.162, average forward (0.008923) and backward (0.020987) time: 0.032186, iotime: 0.002019 
2022-08-04 18:19:01,529 [dl_trainer.py:634] INFO train iter: 2646, num_batches_per_epoch: 49
2022-08-04 18:19:01,530 [dl_trainer.py:635] INFO Epoch 54, avg train acc: 93.096301, lr: 0.100000, avg loss: 0.189235
2022-08-04 18:19:04,703 [dl_trainer.py:731] WARNING [ 54][ 2680/   49][rank:6] loss: 0.251, average forward (0.010017) and backward (0.020460) time: 0.037751, iotime: 0.006960 
2022-08-04 18:19:04,763 [dist_trainer.py:90] WARNING Time per iteration including communication: 0.084326, Speed: 1517.923221 images/s
2022-08-04 18:19:05,603 [dl_trainer.py:634] INFO train iter: 2695, num_batches_per_epoch: 49
2022-08-04 18:19:05,604 [dl_trainer.py:635] INFO Epoch 55, avg train acc: 93.718112, lr: 0.100000, avg loss: 0.175829
2022-08-04 18:19:08,266 [dl_trainer.py:731] WARNING [ 55][ 2720/   49][rank:6] loss: 0.253, average forward (0.010884) and backward (0.021639) time: 0.040261, iotime: 0.007327 
2022-08-04 18:19:08,719 [dist_trainer.py:90] WARNING Time per iteration including communication: 0.082394, Speed: 1553.515694 images/s
2022-08-04 18:19:09,581 [dl_trainer.py:634] INFO train iter: 2744, num_batches_per_epoch: 49
2022-08-04 18:19:09,581 [dl_trainer.py:635] INFO Epoch 56, avg train acc: 93.463010, lr: 0.100000, avg loss: 0.182821
2022-08-04 18:19:11,911 [dl_trainer.py:731] WARNING [ 56][ 2760/   49][rank:6] loss: 0.131, average forward (0.009775) and backward (0.022367) time: 0.039612, iotime: 0.006975 
2022-08-04 18:19:12,765 [dist_trainer.py:90] WARNING Time per iteration including communication: 0.084286, Speed: 1518.641438 images/s
2022-08-04 18:19:13,688 [dl_trainer.py:634] INFO train iter: 2793, num_batches_per_epoch: 49
2022-08-04 18:19:13,688 [dl_trainer.py:635] INFO Epoch 57, avg train acc: 93.941327, lr: 0.100000, avg loss: 0.173021
2022-08-04 18:19:15,490 [dl_trainer.py:731] WARNING [ 57][ 2800/   49][rank:6] loss: 0.216, average forward (0.009136) and backward (0.021657) time: 0.037919, iotime: 0.006847 
2022-08-04 18:19:16,632 [dist_trainer.py:90] WARNING Time per iteration including communication: 0.080551, Speed: 1589.047083 images/s
2022-08-04 18:19:17,492 [dl_trainer.py:731] WARNING [ 57][ 2840/   49][rank:6] loss: 0.191, average forward (0.009427) and backward (0.021861) time: 0.038332, iotime: 0.006777 
2022-08-04 18:19:17,602 [dl_trainer.py:634] INFO train iter: 2842, num_batches_per_epoch: 49
2022-08-04 18:19:17,602 [dl_trainer.py:635] INFO Epoch 58, avg train acc: 93.351403, lr: 0.100000, avg loss: 0.182694
2022-08-04 18:19:20,661 [dist_trainer.py:90] WARNING Time per iteration including communication: 0.083907, Speed: 1525.496604 images/s
2022-08-04 18:19:20,966 [dl_trainer.py:731] WARNING [ 58][ 2880/   49][rank:6] loss: 0.203, average forward (0.010590) and backward (0.019989) time: 0.033378, iotime: 0.002425 
2022-08-04 18:19:21,710 [dl_trainer.py:634] INFO train iter: 2891, num_batches_per_epoch: 49
2022-08-04 18:19:21,711 [dl_trainer.py:635] INFO Epoch 59, avg train acc: 93.909439, lr: 0.100000, avg loss: 0.169152
2022-08-04 18:19:24,609 [dl_trainer.py:731] WARNING [ 59][ 2920/   49][rank:6] loss: 0.187, average forward (0.010588) and backward (0.020180) time: 0.038583, iotime: 0.007508 
2022-08-04 18:19:24,669 [dist_trainer.py:90] WARNING Time per iteration including communication: 0.083492, Speed: 1533.082548 images/s
2022-08-04 18:19:25,734 [dl_trainer.py:634] INFO train iter: 2940, num_batches_per_epoch: 49
2022-08-04 18:19:25,734 [dl_trainer.py:635] INFO Epoch 60, avg train acc: 94.212372, lr: 0.100000, avg loss: 0.159885
2022-08-04 18:19:28,238 [dl_trainer.py:731] WARNING [ 60][ 2960/   49][rank:6] loss: 0.078, average forward (0.010303) and backward (0.019226) time: 0.036701, iotime: 0.006858 
2022-08-04 18:19:28,697 [dist_trainer.py:90] WARNING Time per iteration including communication: 0.083908, Speed: 1525.482697 images/s
2022-08-04 18:19:29,868 [dl_trainer.py:634] INFO train iter: 2989, num_batches_per_epoch: 49
2022-08-04 18:19:29,869 [dl_trainer.py:635] INFO Epoch 61, avg train acc: 94.308036, lr: 0.100000, avg loss: 0.157829
2022-08-04 18:19:31,923 [dl_trainer.py:731] WARNING [ 61][ 3000/   49][rank:6] loss: 0.089, average forward (0.008981) and backward (0.020711) time: 0.037411, iotime: 0.007119 
2022-08-04 18:19:32,765 [dist_trainer.py:90] WARNING Time per iteration including communication: 0.084731, Speed: 1510.663199 images/s
2022-08-04 18:19:33,912 [dl_trainer.py:634] INFO train iter: 3038, num_batches_per_epoch: 49
2022-08-04 18:19:33,912 [dl_trainer.py:635] INFO Epoch 62, avg train acc: 94.308036, lr: 0.100000, avg loss: 0.163028
2022-08-04 18:19:35,580 [dl_trainer.py:731] WARNING [ 62][ 3040/   49][rank:6] loss: 0.155, average forward (0.009519) and backward (0.019544) time: 0.036249, iotime: 0.006882 
2022-08-04 18:19:36,776 [dist_trainer.py:90] WARNING Time per iteration including communication: 0.083543, Speed: 1532.152727 images/s
2022-08-04 18:19:37,622 [dl_trainer.py:731] WARNING [ 62][ 3080/   49][rank:6] loss: 0.115, average forward (0.010566) and backward (0.021596) time: 0.039780, iotime: 0.007313 
2022-08-04 18:19:37,969 [dl_trainer.py:634] INFO train iter: 3087, num_batches_per_epoch: 49
2022-08-04 18:19:37,970 [dl_trainer.py:635] INFO Epoch 63, avg train acc: 94.483418, lr: 0.100000, avg loss: 0.158943
2022-08-04 18:19:40,808 [dist_trainer.py:90] WARNING Time per iteration including communication: 0.083985, Speed: 1524.074996 images/s
2022-08-04 18:19:41,154 [dl_trainer.py:731] WARNING [ 63][ 3120/   49][rank:6] loss: 0.198, average forward (0.009167) and backward (0.022053) time: 0.033619, iotime: 0.002110 
2022-08-04 18:19:42,046 [dl_trainer.py:634] INFO train iter: 3136, num_batches_per_epoch: 49
2022-08-04 18:19:42,047 [dl_trainer.py:635] INFO Epoch 64, avg train acc: 93.494898, lr: 0.100000, avg loss: 0.174777
2022-08-04 18:19:44,696 [dl_trainer.py:731] WARNING [ 64][ 3160/   49][rank:6] loss: 0.177, average forward (0.009761) and backward (0.019459) time: 0.036752, iotime: 0.007207 
2022-08-04 18:19:44,763 [dist_trainer.py:90] WARNING Time per iteration including communication: 0.082396, Speed: 1553.466153 images/s
2022-08-04 18:19:46,149 [dl_trainer.py:634] INFO train iter: 3185, num_batches_per_epoch: 49
2022-08-04 18:19:46,149 [dl_trainer.py:635] INFO Epoch 65, avg train acc: 94.754464, lr: 0.100000, avg loss: 0.144117
2022-08-04 18:19:48,468 [dl_trainer.py:731] WARNING [ 65][ 3200/   49][rank:6] loss: 0.122, average forward (0.009685) and backward (0.021371) time: 0.038953, iotime: 0.007561 
2022-08-04 18:19:48,904 [dist_trainer.py:90] WARNING Time per iteration including communication: 0.086243, Speed: 1484.181527 images/s
2022-08-04 18:19:50,285 [dl_trainer.py:634] INFO train iter: 3234, num_batches_per_epoch: 49
2022-08-04 18:19:50,286 [dl_trainer.py:635] INFO Epoch 66, avg train acc: 94.897959, lr: 0.100000, avg loss: 0.146255
2022-08-04 18:19:52,172 [dl_trainer.py:731] WARNING [ 66][ 3240/   49][rank:6] loss: 0.094, average forward (0.010259) and backward (0.021932) time: 0.039799, iotime: 0.007272 
2022-08-04 18:19:52,968 [dist_trainer.py:90] WARNING Time per iteration including communication: 0.084644, Speed: 1512.207621 images/s
2022-08-04 18:19:54,226 [dl_trainer.py:731] WARNING [ 66][ 3280/   49][rank:6] loss: 0.106, average forward (0.010347) and backward (0.021389) time: 0.039768, iotime: 0.007719 
2022-08-04 18:19:54,376 [dl_trainer.py:634] INFO train iter: 3283, num_batches_per_epoch: 49
2022-08-04 18:19:54,377 [dl_trainer.py:635] INFO Epoch 67, avg train acc: 94.180485, lr: 0.100000, avg loss: 0.160661
2022-08-04 18:19:56,992 [dist_trainer.py:90] WARNING Time per iteration including communication: 0.083826, Speed: 1526.980854 images/s
2022-08-04 18:19:57,864 [dl_trainer.py:731] WARNING [ 67][ 3320/   49][rank:6] loss: 0.107, average forward (0.009166) and backward (0.020207) time: 0.036805, iotime: 0.007129 
2022-08-04 18:19:58,477 [dl_trainer.py:634] INFO train iter: 3332, num_batches_per_epoch: 49
2022-08-04 18:19:58,477 [dl_trainer.py:635] INFO Epoch 68, avg train acc: 94.866071, lr: 0.100000, avg loss: 0.139669
2022-08-04 18:20:01,084 [dist_trainer.py:90] WARNING Time per iteration including communication: 0.085232, Speed: 1501.783726 images/s
2022-08-04 18:20:01,409 [dl_trainer.py:731] WARNING [ 68][ 3360/   49][rank:6] loss: 0.147, average forward (0.009067) and backward (0.022021) time: 0.033405, iotime: 0.002029 
2022-08-04 18:20:02,619 [dl_trainer.py:634] INFO train iter: 3381, num_batches_per_epoch: 49
2022-08-04 18:20:02,620 [dl_trainer.py:635] INFO Epoch 69, avg train acc: 94.595026, lr: 0.100000, avg loss: 0.146917
2022-08-04 18:20:05,064 [dl_trainer.py:731] WARNING [ 69][ 3400/   49][rank:6] loss: 0.091, average forward (0.009032) and backward (0.019895) time: 0.036236, iotime: 0.007007 
2022-08-04 18:20:05,126 [dist_trainer.py:90] WARNING Time per iteration including communication: 0.084195, Speed: 1520.285361 images/s
2022-08-04 18:20:06,626 [dl_trainer.py:634] INFO train iter: 3430, num_batches_per_epoch: 49
2022-08-04 18:20:06,627 [dl_trainer.py:635] INFO Epoch 70, avg train acc: 94.595026, lr: 0.100000, avg loss: 0.155590
2022-08-04 18:20:08,716 [dl_trainer.py:731] WARNING [ 70][ 3440/   49][rank:6] loss: 0.079, average forward (0.009018) and backward (0.018064) time: 0.034399, iotime: 0.007021 
2022-08-04 18:20:09,123 [dist_trainer.py:90] WARNING Time per iteration including communication: 0.083254, Speed: 1537.471562 images/s
2022-08-04 18:20:10,800 [dl_trainer.py:634] INFO train iter: 3479, num_batches_per_epoch: 49
2022-08-04 18:20:10,801 [dl_trainer.py:635] INFO Epoch 71, avg train acc: 94.690689, lr: 0.100000, avg loss: 0.142681
2022-08-04 18:20:10,831 [dl_trainer.py:731] WARNING [ 71][ 3480/   49][rank:6] loss: 0.120, average forward (0.009075) and backward (0.020161) time: 0.036396, iotime: 0.006878 
2022-08-04 18:20:13,228 [dist_trainer.py:90] WARNING Time per iteration including communication: 0.085525, Speed: 1496.645171 images/s
2022-08-04 18:20:14,496 [dl_trainer.py:731] WARNING [ 71][ 3520/   49][rank:6] loss: 0.174, average forward (0.009440) and backward (0.018745) time: 0.035824, iotime: 0.007344 
2022-08-04 18:20:14,883 [dl_trainer.py:634] INFO train iter: 3528, num_batches_per_epoch: 49
2022-08-04 18:20:14,884 [dl_trainer.py:635] INFO Epoch 72, avg train acc: 95.408163, lr: 0.100000, avg loss: 0.132797
2022-08-04 18:20:17,223 [dist_trainer.py:90] WARNING Time per iteration including communication: 0.083201, Speed: 1538.444589 images/s
2022-08-04 18:20:18,098 [dl_trainer.py:731] WARNING [ 72][ 3560/   49][rank:6] loss: 0.148, average forward (0.009739) and backward (0.021467) time: 0.039250, iotime: 0.007714 
2022-08-04 18:20:18,927 [dl_trainer.py:634] INFO train iter: 3577, num_batches_per_epoch: 49
2022-08-04 18:20:18,927 [dl_trainer.py:635] INFO Epoch 73, avg train acc: 95.184949, lr: 0.100000, avg loss: 0.132969
2022-08-04 18:20:21,291 [dist_trainer.py:90] WARNING Time per iteration including communication: 0.084732, Speed: 1510.652484 images/s
2022-08-04 18:20:21,611 [dl_trainer.py:731] WARNING [ 73][ 3600/   49][rank:6] loss: 0.099, average forward (0.009900) and backward (0.023535) time: 0.035903, iotime: 0.002160 
2022-08-04 18:20:23,034 [dl_trainer.py:634] INFO train iter: 3626, num_batches_per_epoch: 49
2022-08-04 18:20:23,035 [dl_trainer.py:635] INFO Epoch 74, avg train acc: 94.802296, lr: 0.100000, avg loss: 0.141491
2022-08-04 18:20:25,347 [dl_trainer.py:731] WARNING [ 74][ 3640/   49][rank:6] loss: 0.173, average forward (0.010339) and backward (0.021879) time: 0.040000, iotime: 0.007441 
2022-08-04 18:20:25,405 [dist_trainer.py:90] WARNING Time per iteration including communication: 0.085693, Speed: 1493.706317 images/s
2022-08-04 18:20:27,219 [dl_trainer.py:634] INFO train iter: 3675, num_batches_per_epoch: 49
2022-08-04 18:20:27,220 [dl_trainer.py:635] INFO Epoch 75, avg train acc: 94.451531, lr: 0.100000, avg loss: 0.147931
2022-08-04 18:20:28,958 [dl_trainer.py:731] WARNING [ 75][ 3680/   49][rank:6] loss: 0.161, average forward (0.009152) and backward (0.021999) time: 0.038146, iotime: 0.006659 
2022-08-04 18:20:29,370 [dist_trainer.py:90] WARNING Time per iteration including communication: 0.082596, Speed: 1549.710564 images/s
2022-08-04 18:20:30,935 [dl_trainer.py:731] WARNING [ 75][ 3720/   49][rank:6] loss: 0.050, average forward (0.009259) and backward (0.020922) time: 0.037270, iotime: 0.006827 
2022-08-04 18:20:31,127 [dl_trainer.py:634] INFO train iter: 3724, num_batches_per_epoch: 49
2022-08-04 18:20:31,128 [dl_trainer.py:635] INFO Epoch 76, avg train acc: 95.455995, lr: 0.100000, avg loss: 0.128501
2022-08-04 18:20:33,328 [dist_trainer.py:90] WARNING Time per iteration including communication: 0.082455, Speed: 1552.360225 images/s
2022-08-04 18:20:34,623 [dl_trainer.py:731] WARNING [ 76][ 3760/   49][rank:6] loss: 0.224, average forward (0.009395) and backward (0.021087) time: 0.037596, iotime: 0.006852 
2022-08-04 18:20:35,238 [dl_trainer.py:634] INFO train iter: 3773, num_batches_per_epoch: 49
2022-08-04 18:20:35,238 [dl_trainer.py:635] INFO Epoch 77, avg train acc: 95.312500, lr: 0.100000, avg loss: 0.136241
2022-08-04 18:20:37,340 [dist_trainer.py:90] WARNING Time per iteration including communication: 0.083553, Speed: 1531.969922 images/s
2022-08-04 18:20:38,208 [dl_trainer.py:731] WARNING [ 77][ 3800/   49][rank:6] loss: 0.148, average forward (0.010191) and backward (0.021914) time: 0.039593, iotime: 0.007188 
2022-08-04 18:20:39,257 [dl_trainer.py:634] INFO train iter: 3822, num_batches_per_epoch: 49
2022-08-04 18:20:39,258 [dl_trainer.py:635] INFO Epoch 78, avg train acc: 95.184949, lr: 0.100000, avg loss: 0.130465
2022-08-04 18:20:41,353 [dist_trainer.py:90] WARNING Time per iteration including communication: 0.083595, Speed: 1531.195920 images/s
2022-08-04 18:20:41,668 [dl_trainer.py:731] WARNING [ 78][ 3840/   49][rank:6] loss: 0.088, average forward (0.008999) and backward (0.021115) time: 0.032444, iotime: 0.002071 
2022-08-04 18:20:43,389 [dl_trainer.py:634] INFO train iter: 3871, num_batches_per_epoch: 49
2022-08-04 18:20:43,390 [dl_trainer.py:635] INFO Epoch 79, avg train acc: 95.742985, lr: 0.100000, avg loss: 0.120684
2022-08-04 18:20:45,371 [dl_trainer.py:731] WARNING [ 79][ 3880/   49][rank:6] loss: 0.201, average forward (0.010336) and backward (0.021889) time: 0.039618, iotime: 0.007055 
2022-08-04 18:20:45,425 [dist_trainer.py:90] WARNING Time per iteration including communication: 0.084815, Speed: 1509.161610 images/s
2022-08-04 18:20:47,424 [dl_trainer.py:731] WARNING [ 79][ 3920/   49][rank:6] loss: 0.135, average forward (0.009106) and backward (0.019179) time: 0.036235, iotime: 0.007387 
2022-08-04 18:20:47,439 [dl_trainer.py:634] INFO train iter: 3920, num_batches_per_epoch: 49
2022-08-04 18:20:47,439 [dl_trainer.py:635] INFO Epoch 80, avg train acc: 95.360332, lr: 0.100000, avg loss: 0.133098
2022-08-04 18:20:49,465 [dist_trainer.py:90] WARNING Time per iteration including communication: 0.084162, Speed: 1520.870448 images/s
2022-08-04 18:20:51,178 [dl_trainer.py:731] WARNING [ 80][ 3960/   49][rank:6] loss: 0.038, average forward (0.010648) and backward (0.023108) time: 0.041067, iotime: 0.006992 
2022-08-04 18:20:51,579 [dl_trainer.py:634] INFO train iter: 3969, num_batches_per_epoch: 49
2022-08-04 18:20:51,580 [dl_trainer.py:635] INFO Epoch 81, avg train acc: 95.169005, lr: 0.100000, avg loss: 0.134343
2022-08-04 18:20:53,543 [dist_trainer.py:90] WARNING Time per iteration including communication: 0.084946, Speed: 1506.833091 images/s
2022-08-04 18:20:54,795 [dl_trainer.py:731] WARNING [ 81][ 4000/   49][rank:6] loss: 0.077, average forward (0.010731) and backward (0.020648) time: 0.038697, iotime: 0.006908 
2022-08-04 18:20:55,670 [dl_trainer.py:634] INFO train iter: 4018, num_batches_per_epoch: 49
2022-08-04 18:20:55,670 [dl_trainer.py:635] INFO Epoch 82, avg train acc: 96.269133, lr: 0.010000, avg loss: 0.104673
2022-08-04 18:20:57,576 [dist_trainer.py:90] WARNING Time per iteration including communication: 0.084008, Speed: 1523.657687 images/s
2022-08-04 18:20:58,506 [dl_trainer.py:731] WARNING [ 82][ 4040/   49][rank:6] loss: 0.061, average forward (0.009903) and backward (0.022693) time: 0.040399, iotime: 0.007483 
2022-08-04 18:20:59,807 [dl_trainer.py:634] INFO train iter: 4067, num_batches_per_epoch: 49
2022-08-04 18:20:59,807 [dl_trainer.py:635] INFO Epoch 83, avg train acc: 97.576531, lr: 0.010000, avg loss: 0.072580
2022-08-04 18:21:01,631 [dist_trainer.py:90] WARNING Time per iteration including communication: 0.084468, Speed: 1515.362451 images/s
2022-08-04 18:21:01,945 [dl_trainer.py:731] WARNING [ 83][ 4080/   49][rank:6] loss: 0.101, average forward (0.009370) and backward (0.021417) time: 0.033058, iotime: 0.002005 
2022-08-04 18:21:03,820 [dl_trainer.py:634] INFO train iter: 4116, num_batches_per_epoch: 49
2022-08-04 18:21:03,820 [dl_trainer.py:635] INFO Epoch 84, avg train acc: 97.831633, lr: 0.010000, avg loss: 0.071599
2022-08-04 18:21:05,529 [dl_trainer.py:731] WARNING [ 84][ 4120/   49][rank:6] loss: 0.061, average forward (0.010114) and backward (0.021746) time: 0.039207, iotime: 0.006952 
2022-08-04 18:21:05,584 [dist_trainer.py:90] WARNING Time per iteration including communication: 0.082341, Speed: 1554.514486 images/s
2022-08-04 18:21:07,517 [dl_trainer.py:731] WARNING [ 84][ 4160/   49][rank:6] loss: 0.085, average forward (0.009151) and backward (0.018725) time: 0.035130, iotime: 0.006977 
2022-08-04 18:21:07,773 [dl_trainer.py:634] INFO train iter: 4165, num_batches_per_epoch: 49
2022-08-04 18:21:07,774 [dl_trainer.py:635] INFO Epoch 85, avg train acc: 97.783801, lr: 0.010000, avg loss: 0.065926
2022-08-04 18:21:09,500 [dist_trainer.py:90] WARNING Time per iteration including communication: 0.081578, Speed: 1569.041950 images/s
2022-08-04 18:21:11,155 [dl_trainer.py:731] WARNING [ 85][ 4200/   49][rank:6] loss: 0.035, average forward (0.010596) and backward (0.022902) time: 0.041185, iotime: 0.007351 
2022-08-04 18:21:11,828 [dl_trainer.py:634] INFO train iter: 4214, num_batches_per_epoch: 49
2022-08-04 18:21:11,829 [dl_trainer.py:635] INFO Epoch 86, avg train acc: 97.991071, lr: 0.010000, avg loss: 0.060754
2022-08-04 18:21:13,573 [dist_trainer.py:90] WARNING Time per iteration including communication: 0.084833, Speed: 1508.841738 images/s
2022-08-04 18:21:14,761 [dl_trainer.py:731] WARNING [ 86][ 4240/   49][rank:6] loss: 0.118, average forward (0.010095) and backward (0.022274) time: 0.039564, iotime: 0.006868 
2022-08-04 18:21:15,904 [dl_trainer.py:634] INFO train iter: 4263, num_batches_per_epoch: 49
2022-08-04 18:21:15,905 [dl_trainer.py:635] INFO Epoch 87, avg train acc: 97.847577, lr: 0.010000, avg loss: 0.065753
2022-08-04 18:21:17,523 [dist_trainer.py:90] WARNING Time per iteration including communication: 0.082290, Speed: 1555.472875 images/s
2022-08-04 18:21:18,441 [dl_trainer.py:731] WARNING [ 87][ 4280/   49][rank:6] loss: 0.055, average forward (0.009642) and backward (0.021102) time: 0.038152, iotime: 0.007096 
2022-08-04 18:21:19,922 [dl_trainer.py:634] INFO train iter: 4312, num_batches_per_epoch: 49
2022-08-04 18:21:19,923 [dl_trainer.py:635] INFO Epoch 88, avg train acc: 97.927296, lr: 0.010000, avg loss: 0.062742
2022-08-04 18:21:21,537 [dist_trainer.py:90] WARNING Time per iteration including communication: 0.083608, Speed: 1530.948492 images/s
2022-08-04 18:21:21,879 [dl_trainer.py:731] WARNING [ 88][ 4320/   49][rank:6] loss: 0.075, average forward (0.010586) and backward (0.019786) time: 0.032978, iotime: 0.002298 
2022-08-04 18:21:23,958 [dl_trainer.py:731] WARNING [ 88][ 4360/   49][rank:6] loss: 0.066, average forward (0.010654) and backward (0.022012) time: 0.040480, iotime: 0.007452 
2022-08-04 18:21:24,018 [dist_trainer.py:90] WARNING Time per iteration including communication: 0.051661, Speed: 2477.673490 images/s
2022-08-04 18:21:24,019 [dl_trainer.py:634] INFO train iter: 4361, num_batches_per_epoch: 49
2022-08-04 18:21:24,019 [dl_trainer.py:635] INFO Epoch 89, avg train acc: 97.751913, lr: 0.010000, avg loss: 0.064296
2022-08-04 18:21:27,621 [dl_trainer.py:731] WARNING [ 89][ 4400/   49][rank:6] loss: 0.106, average forward (0.009367) and backward (0.020588) time: 0.037273, iotime: 0.007020 
2022-08-04 18:21:28,040 [dist_trainer.py:90] WARNING Time per iteration including communication: 0.083768, Speed: 1528.026712 images/s
2022-08-04 18:21:28,093 [dl_trainer.py:634] INFO train iter: 4410, num_batches_per_epoch: 49
2022-08-04 18:21:28,094 [dl_trainer.py:635] INFO Epoch 90, avg train acc: 98.469388, lr: 0.010000, avg loss: 0.053748
2022-08-04 18:21:31,338 [dl_trainer.py:731] WARNING [ 90][ 4440/   49][rank:6] loss: 0.017, average forward (0.009766) and backward (0.021270) time: 0.038426, iotime: 0.007113 
2022-08-04 18:21:32,139 [dist_trainer.py:90] WARNING Time per iteration including communication: 0.085384, Speed: 1499.104299 images/s
2022-08-04 18:21:32,239 [dl_trainer.py:634] INFO train iter: 4459, num_batches_per_epoch: 49
2022-08-04 18:21:32,239 [dl_trainer.py:635] INFO Epoch 91, avg train acc: 98.166454, lr: 0.010000, avg loss: 0.056162
2022-08-04 18:21:34,951 [dl_trainer.py:731] WARNING [ 91][ 4480/   49][rank:6] loss: 0.012, average forward (0.009535) and backward (0.020273) time: 0.037087, iotime: 0.006977 
2022-08-04 18:21:36,127 [dist_trainer.py:90] WARNING Time per iteration including communication: 0.083069, Speed: 1540.893194 images/s
2022-08-04 18:21:36,272 [dl_trainer.py:634] INFO train iter: 4508, num_batches_per_epoch: 49
2022-08-04 18:21:36,272 [dl_trainer.py:635] INFO Epoch 92, avg train acc: 98.262117, lr: 0.010000, avg loss: 0.054559
2022-08-04 18:21:38,742 [dl_trainer.py:731] WARNING [ 92][ 4520/   49][rank:6] loss: 0.046, average forward (0.010122) and backward (0.020371) time: 0.037849, iotime: 0.007054 
2022-08-04 18:21:40,268 [dist_trainer.py:90] WARNING Time per iteration including communication: 0.086238, Speed: 1484.267182 images/s
2022-08-04 18:21:40,467 [dl_trainer.py:634] INFO train iter: 4557, num_batches_per_epoch: 49
2022-08-04 18:21:40,468 [dl_trainer.py:635] INFO Epoch 93, avg train acc: 97.895408, lr: 0.010000, avg loss: 0.062272
2022-08-04 18:21:42,140 [dl_trainer.py:731] WARNING [ 93][ 4560/   49][rank:6] loss: 0.080, average forward (0.010122) and backward (0.021730) time: 0.034370, iotime: 0.002224 
2022-08-04 18:21:44,131 [dl_trainer.py:731] WARNING [ 93][ 4600/   49][rank:6] loss: 0.073, average forward (0.009565) and backward (0.020513) time: 0.037258, iotime: 0.006863 
2022-08-04 18:21:44,188 [dist_trainer.py:90] WARNING Time per iteration including communication: 0.081663, Speed: 1567.416215 images/s
2022-08-04 18:21:44,409 [dl_trainer.py:634] INFO train iter: 4606, num_batches_per_epoch: 49
2022-08-04 18:21:44,410 [dl_trainer.py:635] INFO Epoch 94, avg train acc: 98.262117, lr: 0.010000, avg loss: 0.052765
2022-08-04 18:21:47,786 [dl_trainer.py:731] WARNING [ 94][ 4640/   49][rank:6] loss: 0.041, average forward (0.010283) and backward (0.020797) time: 0.038681, iotime: 0.006919 
2022-08-04 18:21:48,238 [dist_trainer.py:90] WARNING Time per iteration including communication: 0.084343, Speed: 1517.611958 images/s
2022-08-04 18:21:48,535 [dl_trainer.py:634] INFO train iter: 4655, num_batches_per_epoch: 49
2022-08-04 18:21:48,536 [dl_trainer.py:635] INFO Epoch 95, avg train acc: 98.485332, lr: 0.010000, avg loss: 0.049769
2022-08-04 18:21:51,399 [dl_trainer.py:731] WARNING [ 95][ 4680/   49][rank:6] loss: 0.029, average forward (0.009862) and backward (0.020218) time: 0.037444, iotime: 0.007050 
2022-08-04 18:21:52,216 [dist_trainer.py:90] WARNING Time per iteration including communication: 0.082871, Speed: 1544.562976 images/s
2022-08-04 18:21:52,564 [dl_trainer.py:634] INFO train iter: 4704, num_batches_per_epoch: 49
2022-08-04 18:21:52,564 [dl_trainer.py:635] INFO Epoch 96, avg train acc: 98.262117, lr: 0.010000, avg loss: 0.052056
2022-08-04 18:21:55,235 [dl_trainer.py:731] WARNING [ 96][ 4720/   49][rank:6] loss: 0.046, average forward (0.010037) and backward (0.020111) time: 0.037526, iotime: 0.007065 
2022-08-04 18:21:56,456 [dist_trainer.py:90] WARNING Time per iteration including communication: 0.088304, Speed: 1449.540029 images/s
2022-08-04 18:21:57,055 [dl_trainer.py:634] INFO train iter: 4753, num_batches_per_epoch: 49
2022-08-04 18:21:57,056 [dl_trainer.py:635] INFO Epoch 97, avg train acc: 98.357781, lr: 0.010000, avg loss: 0.050465
2022-08-04 18:21:58,919 [dl_trainer.py:731] WARNING [ 97][ 4760/   49][rank:6] loss: 0.084, average forward (0.009573) and backward (0.021664) time: 0.038709, iotime: 0.007158 
2022-08-04 18:22:00,474 [dist_trainer.py:90] WARNING Time per iteration including communication: 0.083710, Speed: 1529.084983 images/s
2022-08-04 18:22:00,785 [dl_trainer.py:731] WARNING [ 97][ 4800/   49][rank:6] loss: 0.095, average forward (0.008874) and backward (0.019802) time: 0.030920, iotime: 0.001996 
2022-08-04 18:22:01,072 [dl_trainer.py:634] INFO train iter: 4802, num_batches_per_epoch: 49
2022-08-04 18:22:01,072 [dl_trainer.py:635] INFO Epoch 98, avg train acc: 98.070791, lr: 0.010000, avg loss: 0.057572
2022-08-04 18:22:04,455 [dl_trainer.py:731] WARNING [ 98][ 4840/   49][rank:6] loss: 0.049, average forward (0.009240) and backward (0.020516) time: 0.036910, iotime: 0.006833 
2022-08-04 18:22:04,496 [dist_trainer.py:90] WARNING Time per iteration including communication: 0.083785, Speed: 1527.727866 images/s
2022-08-04 18:22:05,144 [dl_trainer.py:634] INFO train iter: 4851, num_batches_per_epoch: 49
2022-08-04 18:22:05,145 [dl_trainer.py:635] INFO Epoch 99, avg train acc: 98.549107, lr: 0.010000, avg loss: 0.049199
2022-08-04 18:22:07,961 [dl_trainer.py:731] WARNING [ 99][ 4880/   49][rank:6] loss: 0.042, average forward (0.009716) and backward (0.021214) time: 0.038360, iotime: 0.007133 
2022-08-04 18:22:08,406 [dist_trainer.py:90] WARNING Time per iteration including communication: 0.081448, Speed: 1571.545682 images/s
2022-08-04 18:22:09,121 [dl_trainer.py:634] INFO train iter: 4900, num_batches_per_epoch: 49
2022-08-04 18:22:09,122 [dl_trainer.py:635] INFO Epoch 100, avg train acc: 98.628827, lr: 0.010000, avg loss: 0.046801
2022-08-04 18:22:11,770 [dl_trainer.py:731] WARNING [100][ 4920/   49][rank:6] loss: 0.019, average forward (0.009136) and backward (0.020819) time: 0.036819, iotime: 0.006565 
2022-08-04 18:22:12,594 [dist_trainer.py:90] WARNING Time per iteration including communication: 0.087227, Speed: 1467.441110 images/s
2022-08-04 18:22:13,387 [dl_trainer.py:634] INFO train iter: 4949, num_batches_per_epoch: 49
2022-08-04 18:22:13,388 [dl_trainer.py:635] INFO Epoch 101, avg train acc: 98.772321, lr: 0.010000, avg loss: 0.040327
2022-08-04 18:22:15,424 [dl_trainer.py:731] WARNING [101][ 4960/   49][rank:6] loss: 0.081, average forward (0.009109) and backward (0.020094) time: 0.036463, iotime: 0.006969 
2022-08-04 18:22:16,692 [dist_trainer.py:90] WARNING Time per iteration including communication: 0.085368, Speed: 1499.392574 images/s
2022-08-04 18:22:17,500 [dl_trainer.py:634] INFO train iter: 4998, num_batches_per_epoch: 49
2022-08-04 18:22:17,501 [dl_trainer.py:635] INFO Epoch 102, avg train acc: 98.485332, lr: 0.010000, avg loss: 0.051108
2022-08-04 18:22:19,175 [dl_trainer.py:731] WARNING [102][ 5000/   49][rank:6] loss: 0.033, average forward (0.008932) and backward (0.020501) time: 0.036576, iotime: 0.006866 
2022-08-04 18:22:20,737 [dist_trainer.py:90] WARNING Time per iteration including communication: 0.084241, Speed: 1519.443379 images/s
2022-08-04 18:22:21,057 [dl_trainer.py:731] WARNING [102][ 5040/   49][rank:6] loss: 0.081, average forward (0.009927) and backward (0.023031) time: 0.035394, iotime: 0.002169 
2022-08-04 18:22:21,579 [dl_trainer.py:634] INFO train iter: 5047, num_batches_per_epoch: 49
2022-08-04 18:22:21,579 [dl_trainer.py:635] INFO Epoch 103, avg train acc: 98.517219, lr: 0.010000, avg loss: 0.046899
2022-08-04 18:22:24,693 [dl_trainer.py:731] WARNING [103][ 5080/   49][rank:6] loss: 0.049, average forward (0.009806) and backward (0.019034) time: 0.036611, iotime: 0.007474 
2022-08-04 18:22:24,767 [dist_trainer.py:90] WARNING Time per iteration including communication: 0.083951, Speed: 1524.704680 images/s
2022-08-04 18:22:25,691 [dl_trainer.py:634] INFO train iter: 5096, num_batches_per_epoch: 49
2022-08-04 18:22:25,692 [dl_trainer.py:635] INFO Epoch 104, avg train acc: 98.485332, lr: 0.010000, avg loss: 0.046450
2022-08-04 18:22:28,438 [dl_trainer.py:731] WARNING [104][ 5120/   49][rank:6] loss: 0.016, average forward (0.009504) and backward (0.020691) time: 0.037834, iotime: 0.007340 
2022-08-04 18:22:28,863 [dist_trainer.py:90] WARNING Time per iteration including communication: 0.085325, Speed: 1500.145316 images/s
2022-08-04 18:22:29,818 [dl_trainer.py:634] INFO train iter: 5145, num_batches_per_epoch: 49
2022-08-04 18:22:29,819 [dl_trainer.py:635] INFO Epoch 105, avg train acc: 98.596939, lr: 0.010000, avg loss: 0.049593
2022-08-04 18:22:32,203 [dl_trainer.py:731] WARNING [105][ 5160/   49][rank:6] loss: 0.056, average forward (0.009599) and backward (0.021000) time: 0.038203, iotime: 0.007022 
2022-08-04 18:22:33,022 [dist_trainer.py:90] WARNING Time per iteration including communication: 0.086645, Speed: 1477.295666 images/s
2022-08-04 18:22:34,010 [dl_trainer.py:634] INFO train iter: 5194, num_batches_per_epoch: 49
2022-08-04 18:22:34,011 [dl_trainer.py:635] INFO Epoch 106, avg train acc: 98.198342, lr: 0.010000, avg loss: 0.047873
2022-08-04 18:22:35,883 [dl_trainer.py:731] WARNING [106][ 5200/   49][rank:6] loss: 0.067, average forward (0.009905) and backward (0.020954) time: 0.038238, iotime: 0.007075 
2022-08-04 18:22:37,068 [dist_trainer.py:90] WARNING Time per iteration including communication: 0.084261, Speed: 1519.090657 images/s
2022-08-04 18:22:37,944 [dl_trainer.py:731] WARNING [106][ 5240/   49][rank:6] loss: 0.045, average forward (0.009632) and backward (0.021085) time: 0.038257, iotime: 0.007084 
2022-08-04 18:22:38,109 [dl_trainer.py:634] INFO train iter: 5243, num_batches_per_epoch: 49
2022-08-04 18:22:38,110 [dl_trainer.py:635] INFO Epoch 107, avg train acc: 98.182398, lr: 0.010000, avg loss: 0.052312
2022-08-04 18:22:41,136 [dist_trainer.py:90] WARNING Time per iteration including communication: 0.084753, Speed: 1510.279224 images/s
2022-08-04 18:22:41,459 [dl_trainer.py:731] WARNING [107][ 5280/   49][rank:6] loss: 0.050, average forward (0.009980) and backward (0.023446) time: 0.035912, iotime: 0.002208 
2022-08-04 18:22:42,211 [dl_trainer.py:634] INFO train iter: 5292, num_batches_per_epoch: 49
2022-08-04 18:22:42,212 [dl_trainer.py:635] INFO Epoch 108, avg train acc: 98.660714, lr: 0.010000, avg loss: 0.045106
2022-08-04 18:22:45,186 [dl_trainer.py:731] WARNING [108][ 5320/   49][rank:6] loss: 0.034, average forward (0.008763) and backward (0.018881) time: 0.035250, iotime: 0.007314 
2022-08-04 18:22:45,245 [dist_trainer.py:90] WARNING Time per iteration including communication: 0.085579, Speed: 1495.686694 images/s
2022-08-04 18:22:46,380 [dl_trainer.py:634] INFO train iter: 5341, num_batches_per_epoch: 49
2022-08-04 18:22:46,380 [dl_trainer.py:635] INFO Epoch 109, avg train acc: 98.612883, lr: 0.010000, avg loss: 0.044207
2022-08-04 18:22:48,767 [dl_trainer.py:731] WARNING [109][ 5360/   49][rank:6] loss: 0.039, average forward (0.009201) and backward (0.019797) time: 0.036644, iotime: 0.007331 
2022-08-04 18:22:49,240 [dist_trainer.py:90] WARNING Time per iteration including communication: 0.083220, Speed: 1538.091069 images/s
2022-08-04 18:22:50,411 [dl_trainer.py:634] INFO train iter: 5390, num_batches_per_epoch: 49
2022-08-04 18:22:50,412 [dl_trainer.py:635] INFO Epoch 110, avg train acc: 98.437500, lr: 0.010000, avg loss: 0.045998
2022-08-04 18:22:52,478 [dl_trainer.py:731] WARNING [110][ 5400/   49][rank:6] loss: 0.103, average forward (0.010244) and backward (0.021144) time: 0.038776, iotime: 0.007059 
2022-08-04 18:22:53,303 [dist_trainer.py:90] WARNING Time per iteration including communication: 0.084625, Speed: 1512.555555 images/s
2022-08-04 18:22:54,559 [dl_trainer.py:634] INFO train iter: 5439, num_batches_per_epoch: 49
2022-08-04 18:22:54,559 [dl_trainer.py:635] INFO Epoch 111, avg train acc: 98.533163, lr: 0.010000, avg loss: 0.048429
2022-08-04 18:22:54,591 [dl_trainer.py:731] WARNING [111][ 5440/   49][rank:6] loss: 0.045, average forward (0.010002) and backward (0.022032) time: 0.039431, iotime: 0.007082 
2022-08-04 18:22:57,360 [dist_trainer.py:90] WARNING Time per iteration including communication: 0.084526, Speed: 1514.323528 images/s
2022-08-04 18:22:58,225 [dl_trainer.py:731] WARNING [111][ 5480/   49][rank:6] loss: 0.029, average forward (0.010252) and backward (0.021354) time: 0.039068, iotime: 0.007143 
2022-08-04 18:22:58,575 [dl_trainer.py:634] INFO train iter: 5488, num_batches_per_epoch: 49
2022-08-04 18:22:58,575 [dl_trainer.py:635] INFO Epoch 112, avg train acc: 98.692602, lr: 0.010000, avg loss: 0.044083
2022-08-04 18:23:01,341 [dist_trainer.py:90] WARNING Time per iteration including communication: 0.082927, Speed: 1543.530422 images/s
2022-08-04 18:23:01,649 [dl_trainer.py:731] WARNING [112][ 5520/   49][rank:6] loss: 0.049, average forward (0.009785) and backward (0.020369) time: 0.032675, iotime: 0.002236 
2022-08-04 18:23:02,671 [dl_trainer.py:634] INFO train iter: 5537, num_batches_per_epoch: 49
2022-08-04 18:23:02,672 [dl_trainer.py:635] INFO Epoch 113, avg train acc: 98.708546, lr: 0.010000, avg loss: 0.043248
2022-08-04 18:23:05,279 [dl_trainer.py:731] WARNING [113][ 5560/   49][rank:6] loss: 0.074, average forward (0.009908) and backward (0.020113) time: 0.037514, iotime: 0.007170 
2022-08-04 18:23:05,344 [dist_trainer.py:90] WARNING Time per iteration including communication: 0.083376, Speed: 1535.220092 images/s
2022-08-04 18:23:06,720 [dl_trainer.py:634] INFO train iter: 5586, num_batches_per_epoch: 49
2022-08-04 18:23:06,721 [dl_trainer.py:635] INFO Epoch 114, avg train acc: 98.676658, lr: 0.010000, avg loss: 0.040562
2022-08-04 18:23:09,026 [dl_trainer.py:731] WARNING [114][ 5600/   49][rank:6] loss: 0.034, average forward (0.010803) and backward (0.022514) time: 0.040828, iotime: 0.007190 
2022-08-04 18:23:09,481 [dist_trainer.py:90] WARNING Time per iteration including communication: 0.086184, Speed: 1485.202771 images/s
2022-08-04 18:23:10,877 [dl_trainer.py:634] INFO train iter: 5635, num_batches_per_epoch: 49
2022-08-04 18:23:10,877 [dl_trainer.py:635] INFO Epoch 115, avg train acc: 98.628827, lr: 0.010000, avg loss: 0.044141
2022-08-04 18:23:12,624 [dl_trainer.py:731] WARNING [115][ 5640/   49][rank:6] loss: 0.027, average forward (0.009323) and backward (0.020808) time: 0.037800, iotime: 0.007362 
2022-08-04 18:23:13,385 [dist_trainer.py:90] WARNING Time per iteration including communication: 0.081317, Speed: 1574.078185 images/s
2022-08-04 18:23:14,697 [dl_trainer.py:731] WARNING [115][ 5680/   49][rank:6] loss: 0.031, average forward (0.010104) and backward (0.019869) time: 0.036995, iotime: 0.006738 
2022-08-04 18:23:14,905 [dl_trainer.py:634] INFO train iter: 5684, num_batches_per_epoch: 49
2022-08-04 18:23:14,905 [dl_trainer.py:635] INFO Epoch 116, avg train acc: 98.899872, lr: 0.010000, avg loss: 0.040891
2022-08-04 18:23:17,420 [dist_trainer.py:90] WARNING Time per iteration including communication: 0.084045, Speed: 1522.999703 images/s
2022-08-04 18:23:18,308 [dl_trainer.py:731] WARNING [116][ 5720/   49][rank:6] loss: 0.042, average forward (0.009264) and backward (0.020456) time: 0.037097, iotime: 0.007060 
2022-08-04 18:23:18,975 [dl_trainer.py:634] INFO train iter: 5733, num_batches_per_epoch: 49
2022-08-04 18:23:18,976 [dl_trainer.py:635] INFO Epoch 117, avg train acc: 98.836097, lr: 0.010000, avg loss: 0.039239
2022-08-04 18:23:21,579 [dist_trainer.py:90] WARNING Time per iteration including communication: 0.086639, Speed: 1477.396283 images/s
2022-08-04 18:23:21,910 [dl_trainer.py:731] WARNING [117][ 5760/   49][rank:6] loss: 0.020, average forward (0.009869) and backward (0.023494) time: 0.035841, iotime: 0.002178 
2022-08-04 18:23:23,092 [dl_trainer.py:634] INFO train iter: 5782, num_batches_per_epoch: 49
2022-08-04 18:23:23,093 [dl_trainer.py:635] INFO Epoch 118, avg train acc: 98.788265, lr: 0.010000, avg loss: 0.040545
2022-08-04 18:23:25,480 [dl_trainer.py:731] WARNING [118][ 5800/   49][rank:6] loss: 0.059, average forward (0.008921) and backward (0.018925) time: 0.035129, iotime: 0.006996 
2022-08-04 18:23:25,551 [dist_trainer.py:90] WARNING Time per iteration including communication: 0.082740, Speed: 1547.013558 images/s
2022-08-04 18:23:27,198 [dl_trainer.py:634] INFO train iter: 5831, num_batches_per_epoch: 49
2022-08-04 18:23:27,198 [dl_trainer.py:635] INFO Epoch 119, avg train acc: 98.740434, lr: 0.010000, avg loss: 0.040542
2022-08-04 18:23:29,219 [dl_trainer.py:731] WARNING [119][ 5840/   49][rank:6] loss: 0.028, average forward (0.009133) and backward (0.022922) time: 0.039095, iotime: 0.006758 
2022-08-04 18:23:29,660 [dist_trainer.py:90] WARNING Time per iteration including communication: 0.085594, Speed: 1495.438459 images/s
2022-08-04 18:23:31,335 [dl_trainer.py:731] WARNING [119][ 5880/   49][rank:6] loss: 0.034, average forward (0.009074) and backward (0.020692) time: 0.036756, iotime: 0.006732 
2022-08-04 18:23:31,342 [dl_trainer.py:634] INFO train iter: 5880, num_batches_per_epoch: 49
2022-08-04 18:23:31,343 [dl_trainer.py:635] INFO Epoch 120, avg train acc: 98.883929, lr: 0.010000, avg loss: 0.038145
2022-08-04 18:23:33,740 [dist_trainer.py:90] WARNING Time per iteration including communication: 0.085001, Speed: 1505.865222 images/s
2022-08-04 18:23:35,053 [dl_trainer.py:731] WARNING [120][ 5920/   49][rank:6] loss: 0.032, average forward (0.009005) and backward (0.019822) time: 0.036256, iotime: 0.007130 
2022-08-04 18:23:35,504 [dl_trainer.py:634] INFO train iter: 5929, num_batches_per_epoch: 49
2022-08-04 18:23:35,505 [dl_trainer.py:635] INFO Epoch 121, avg train acc: 98.756378, lr: 0.010000, avg loss: 0.036795
2022-08-04 18:23:37,829 [dist_trainer.py:90] WARNING Time per iteration including communication: 0.085168, Speed: 1502.908227 images/s
2022-08-04 18:23:38,768 [dl_trainer.py:731] WARNING [121][ 5960/   49][rank:6] loss: 0.019, average forward (0.011367) and backward (0.024146) time: 0.043179, iotime: 0.007327 
2022-08-04 18:23:39,674 [dl_trainer.py:634] INFO train iter: 5978, num_batches_per_epoch: 49
2022-08-04 18:23:39,675 [dl_trainer.py:635] INFO Epoch 122, avg train acc: 98.947704, lr: 0.010000, avg loss: 0.037276
2022-08-04 18:23:41,974 [dist_trainer.py:90] WARNING Time per iteration including communication: 0.086321, Speed: 1482.843780 images/s
2022-08-04 18:23:42,298 [dl_trainer.py:731] WARNING [122][ 6000/   49][rank:6] loss: 0.007, average forward (0.010548) and backward (0.023127) time: 0.036271, iotime: 0.002291 
2022-08-04 18:23:43,762 [dl_trainer.py:634] INFO train iter: 6027, num_batches_per_epoch: 49
2022-08-04 18:23:43,763 [dl_trainer.py:635] INFO Epoch 123, avg train acc: 98.820153, lr: 0.001000, avg loss: 0.035838
2022-08-04 18:23:45,981 [dl_trainer.py:731] WARNING [123][ 6040/   49][rank:6] loss: 0.065, average forward (0.009230) and backward (0.019014) time: 0.035573, iotime: 0.007027 
2022-08-04 18:23:46,043 [dist_trainer.py:90] WARNING Time per iteration including communication: 0.084762, Speed: 1510.102928 images/s
2022-08-04 18:23:47,840 [dl_trainer.py:634] INFO train iter: 6076, num_batches_per_epoch: 49
2022-08-04 18:23:47,841 [dl_trainer.py:635] INFO Epoch 124, avg train acc: 99.011480, lr: 0.001000, avg loss: 0.034219
2022-08-04 18:23:49,656 [dl_trainer.py:731] WARNING [124][ 6080/   49][rank:6] loss: 0.027, average forward (0.009836) and backward (0.020125) time: 0.037377, iotime: 0.007066 
2022-08-04 18:23:50,151 [dist_trainer.py:90] WARNING Time per iteration including communication: 0.085573, Speed: 1495.801900 images/s
2022-08-04 18:23:51,795 [dl_trainer.py:731] WARNING [124][ 6120/   49][rank:6] loss: 0.060, average forward (0.009846) and backward (0.020666) time: 0.038112, iotime: 0.007304 
2022-08-04 18:23:52,048 [dl_trainer.py:634] INFO train iter: 6125, num_batches_per_epoch: 49
2022-08-04 18:23:52,049 [dl_trainer.py:635] INFO Epoch 125, avg train acc: 98.836097, lr: 0.001000, avg loss: 0.038270
2022-08-04 18:23:54,214 [dist_trainer.py:90] WARNING Time per iteration including communication: 0.084636, Speed: 1512.355562 images/s
2022-08-04 18:23:55,450 [dl_trainer.py:731] WARNING [125][ 6160/   49][rank:6] loss: 0.054, average forward (0.010436) and backward (0.020627) time: 0.038959, iotime: 0.007554 
2022-08-04 18:23:56,087 [dl_trainer.py:634] INFO train iter: 6174, num_batches_per_epoch: 49
2022-08-04 18:23:56,087 [dl_trainer.py:635] INFO Epoch 126, avg train acc: 98.740434, lr: 0.001000, avg loss: 0.037724
2022-08-04 18:23:58,221 [dist_trainer.py:90] WARNING Time per iteration including communication: 0.083465, Speed: 1533.571838 images/s
2022-08-04 18:23:59,104 [dl_trainer.py:731] WARNING [126][ 6200/   49][rank:6] loss: 0.019, average forward (0.009583) and backward (0.021750) time: 0.038520, iotime: 0.006891 
2022-08-04 18:24:00,230 [dl_trainer.py:634] INFO train iter: 6223, num_batches_per_epoch: 49
2022-08-04 18:24:00,231 [dl_trainer.py:635] INFO Epoch 127, avg train acc: 98.915816, lr: 0.001000, avg loss: 0.037332
2022-08-04 18:24:02,274 [dist_trainer.py:90] WARNING Time per iteration including communication: 0.084418, Speed: 1516.263790 images/s
2022-08-04 18:24:02,628 [dl_trainer.py:731] WARNING [127][ 6240/   49][rank:6] loss: 0.038, average forward (0.009971) and backward (0.023670) time: 0.036246, iotime: 0.002279 
2022-08-04 18:24:04,361 [dl_trainer.py:634] INFO train iter: 6272, num_batches_per_epoch: 49
2022-08-04 18:24:04,362 [dl_trainer.py:635] INFO Epoch 128, avg train acc: 98.676658, lr: 0.001000, avg loss: 0.039829
2022-08-04 18:24:06,264 [dl_trainer.py:731] WARNING [128][ 6280/   49][rank:6] loss: 0.053, average forward (0.009720) and backward (0.022265) time: 0.039389, iotime: 0.007076 
2022-08-04 18:24:06,339 [dist_trainer.py:90] WARNING Time per iteration including communication: 0.084673, Speed: 1511.704464 images/s
2022-08-04 18:24:08,385 [dl_trainer.py:731] WARNING [128][ 6320/   49][rank:6] loss: 0.021, average forward (0.008820) and backward (0.018744) time: 0.034563, iotime: 0.006731 
2022-08-04 18:24:08,449 [dl_trainer.py:634] INFO train iter: 6321, num_batches_per_epoch: 49
2022-08-04 18:24:08,450 [dl_trainer.py:635] INFO Epoch 129, avg train acc: 98.915816, lr: 0.001000, avg loss: 0.036008
2022-08-04 18:24:10,353 [dist_trainer.py:90] WARNING Time per iteration including communication: 0.083619, Speed: 1530.757881 images/s
2022-08-04 18:24:11,998 [dl_trainer.py:731] WARNING [129][ 6360/   49][rank:6] loss: 0.010, average forward (0.009822) and backward (0.022998) time: 0.040173, iotime: 0.007033 
2022-08-04 18:24:12,515 [dl_trainer.py:634] INFO train iter: 6370, num_batches_per_epoch: 49
2022-08-04 18:24:12,516 [dl_trainer.py:635] INFO Epoch 130, avg train acc: 98.915816, lr: 0.001000, avg loss: 0.036129
2022-08-04 18:24:14,394 [dist_trainer.py:90] WARNING Time per iteration including communication: 0.084155, Speed: 1520.999621 images/s
2022-08-04 18:24:15,655 [dl_trainer.py:731] WARNING [130][ 6400/   49][rank:6] loss: 0.030, average forward (0.009660) and backward (0.019925) time: 0.036709, iotime: 0.006843 
2022-08-04 18:24:16,579 [dl_trainer.py:634] INFO train iter: 6419, num_batches_per_epoch: 49
2022-08-04 18:24:16,579 [dl_trainer.py:635] INFO Epoch 131, avg train acc: 98.883929, lr: 0.001000, avg loss: 0.034441
2022-08-04 18:24:18,428 [dist_trainer.py:90] WARNING Time per iteration including communication: 0.084020, Speed: 1523.453126 images/s
2022-08-04 18:24:19,290 [dl_trainer.py:731] WARNING [131][ 6440/   49][rank:6] loss: 0.010, average forward (0.011173) and backward (0.021628) time: 0.040510, iotime: 0.007143 
2022-08-04 18:24:20,714 [dl_trainer.py:634] INFO train iter: 6468, num_batches_per_epoch: 49
2022-08-04 18:24:20,714 [dl_trainer.py:635] INFO Epoch 132, avg train acc: 98.995536, lr: 0.001000, avg loss: 0.032909
2022-08-04 18:24:22,503 [dist_trainer.py:90] WARNING Time per iteration including communication: 0.084889, Speed: 1507.847642 images/s
2022-08-04 18:24:22,831 [dl_trainer.py:731] WARNING [132][ 6480/   49][rank:6] loss: 0.041, average forward (0.008370) and backward (0.019204) time: 0.029792, iotime: 0.001965 
2022-08-04 18:24:24,817 [dl_trainer.py:634] INFO train iter: 6517, num_batches_per_epoch: 49
2022-08-04 18:24:24,817 [dl_trainer.py:635] INFO Epoch 133, avg train acc: 98.804209, lr: 0.001000, avg loss: 0.035296
2022-08-04 18:24:26,455 [dl_trainer.py:731] WARNING [133][ 6520/   49][rank:6] loss: 0.025, average forward (0.009919) and backward (0.021274) time: 0.038587, iotime: 0.007076 
2022-08-04 18:24:26,529 [dist_trainer.py:90] WARNING Time per iteration including communication: 0.083870, Speed: 1526.174192 images/s
2022-08-04 18:24:28,540 [dl_trainer.py:731] WARNING [133][ 6560/   49][rank:6] loss: 0.015, average forward (0.010040) and backward (0.022130) time: 0.039140, iotime: 0.006631 
2022-08-04 18:24:28,830 [dl_trainer.py:634] INFO train iter: 6566, num_batches_per_epoch: 49
2022-08-04 18:24:28,830 [dl_trainer.py:635] INFO Epoch 134, avg train acc: 98.692602, lr: 0.001000, avg loss: 0.037230
2022-08-04 18:24:30,598 [dist_trainer.py:90] WARNING Time per iteration including communication: 0.084755, Speed: 1510.233287 images/s
2022-08-04 18:24:32,198 [dl_trainer.py:731] WARNING [134][ 6600/   49][rank:6] loss: 0.047, average forward (0.010182) and backward (0.020579) time: 0.038376, iotime: 0.007323 
2022-08-04 18:24:32,897 [dl_trainer.py:634] INFO train iter: 6615, num_batches_per_epoch: 49
2022-08-04 18:24:32,898 [dl_trainer.py:635] INFO Epoch 135, avg train acc: 99.091199, lr: 0.001000, avg loss: 0.034686
2022-08-04 18:24:34,532 [dist_trainer.py:90] WARNING Time per iteration including communication: 0.081936, Speed: 1562.187084 images/s
2022-08-04 18:24:35,761 [dl_trainer.py:731] WARNING [135][ 6640/   49][rank:6] loss: 0.048, average forward (0.009186) and backward (0.020241) time: 0.036584, iotime: 0.006862 
2022-08-04 18:24:36,846 [dl_trainer.py:634] INFO train iter: 6664, num_batches_per_epoch: 49
2022-08-04 18:24:36,846 [dl_trainer.py:635] INFO Epoch 136, avg train acc: 98.772321, lr: 0.001000, avg loss: 0.038087
2022-08-04 18:24:38,486 [dist_trainer.py:90] WARNING Time per iteration including communication: 0.082365, Speed: 1554.067223 images/s
2022-08-04 18:24:39,376 [dl_trainer.py:731] WARNING [136][ 6680/   49][rank:6] loss: 0.021, average forward (0.009018) and backward (0.019750) time: 0.035560, iotime: 0.006530 
2022-08-04 18:24:41,025 [dist_trainer.py:90] WARNING Time per iteration including communication: 0.052879, Speed: 2420.603350 images/s
2022-08-04 18:24:41,025 [dl_trainer.py:634] INFO train iter: 6713, num_batches_per_epoch: 49
2022-08-04 18:24:41,026 [dl_trainer.py:635] INFO Epoch 137, avg train acc: 99.170918, lr: 0.001000, avg loss: 0.031614
2022-08-04 18:24:42,988 [dl_trainer.py:731] WARNING [137][ 6720/   49][rank:6] loss: 0.028, average forward (0.009025) and backward (0.019306) time: 0.030652, iotime: 0.002058 
2022-08-04 18:24:45,104 [dl_trainer.py:731] WARNING [137][ 6760/   49][rank:6] loss: 0.028, average forward (0.008716) and backward (0.020496) time: 0.035885, iotime: 0.006434 
2022-08-04 18:24:45,181 [dist_trainer.py:90] WARNING Time per iteration including communication: 0.086571, Speed: 1478.550966 images/s
2022-08-04 18:24:45,232 [dl_trainer.py:634] INFO train iter: 6762, num_batches_per_epoch: 49
2022-08-04 18:24:45,232 [dl_trainer.py:635] INFO Epoch 138, avg train acc: 98.867985, lr: 0.001000, avg loss: 0.038117
