2022-08-04 18:14:42,622 [dist_trainer.py:135] INFO Configurations: Namespace(batch_size=128, compressor='topk', data_dir='./data', dataset='cifar10', density=1.0, dnn='resnet20', lr=0.1, max_epochs=141, nsteps_update=1, num_steps=35, nworkers=8, nwpernode=8, pretrain=None, saved_dir='./logs/iclr', threshold=524288000)
2022-08-04 18:15:16,362 [dl_trainer.py:254] INFO num_batches_per_epoch: 49
2022-08-04 18:15:16,874 [distributed_optimizer.py:63] INFO _dynamic_densities: [0.015625, 0.004, 0.001]
2022-08-04 18:15:16,879 [distributed_optimizer.py:323] INFO # of parameters: 269722
2022-08-04 18:15:16,879 [distributed_optimizer.py:324] INFO Total number of tensors: 59
2022-08-04 18:15:16,880 [distributed_optimizer.py:325] INFO Merged Number of groups: 1
2022-08-04 18:15:17,665 [dist_trainer.py:62] INFO max_epochs: 141
2022-08-04 18:15:21,753 [dl_trainer.py:731] WARNING [  0][   40/   49][rank:1] loss: 1.690, average forward (0.059443) and backward (0.027094) time: 0.089709, iotime: 0.002093 
2022-08-04 18:15:21,822 [dist_trainer.py:90] WARNING Time per iteration including communication: 0.101361, Speed: 1262.813096 images/s
2022-08-04 18:15:22,445 [dl_trainer.py:634] INFO train iter: 49, num_batches_per_epoch: 49
2022-08-04 18:15:22,446 [dl_trainer.py:635] INFO Epoch 1, avg train acc: 26.961097, lr: 0.020327, avg loss: 2.119645
2022-08-04 18:15:25,444 [dl_trainer.py:731] WARNING [  1][   80/   49][rank:1] loss: 1.511, average forward (0.010281) and backward (0.022265) time: 0.040333, iotime: 0.007493 
2022-08-04 18:15:25,890 [dist_trainer.py:90] WARNING Time per iteration including communication: 0.084722, Speed: 1510.821910 images/s
2022-08-04 18:15:26,530 [dl_trainer.py:634] INFO train iter: 98, num_batches_per_epoch: 49
2022-08-04 18:15:26,530 [dl_trainer.py:635] INFO Epoch 2, avg train acc: 45.312500, lr: 0.040245, avg loss: 1.477827
2022-08-04 18:15:29,188 [dl_trainer.py:731] WARNING [  2][  120/   49][rank:1] loss: 1.245, average forward (0.010183) and backward (0.024549) time: 0.042018, iotime: 0.006991 
2022-08-04 18:15:30,020 [dist_trainer.py:90] WARNING Time per iteration including communication: 0.086035, Speed: 1487.763286 images/s
2022-08-04 18:15:30,692 [dl_trainer.py:634] INFO train iter: 147, num_batches_per_epoch: 49
2022-08-04 18:15:30,693 [dl_trainer.py:635] INFO Epoch 3, avg train acc: 54.687500, lr: 0.060163, avg loss: 1.249263
2022-08-04 18:15:32,817 [dl_trainer.py:731] WARNING [  3][  160/   49][rank:1] loss: 1.038, average forward (0.009858) and backward (0.022879) time: 0.040604, iotime: 0.007565 
2022-08-04 18:15:33,955 [dist_trainer.py:90] WARNING Time per iteration including communication: 0.081961, Speed: 1561.726878 images/s
2022-08-04 18:15:34,687 [dl_trainer.py:634] INFO train iter: 196, num_batches_per_epoch: 49
2022-08-04 18:15:34,688 [dl_trainer.py:635] INFO Epoch 4, avg train acc: 61.256378, lr: 0.080082, avg loss: 1.079505
2022-08-04 18:15:36,438 [dl_trainer.py:731] WARNING [  4][  200/   49][rank:1] loss: 0.866, average forward (0.009124) and backward (0.020793) time: 0.037181, iotime: 0.007005 
2022-08-04 18:15:38,037 [dist_trainer.py:90] WARNING Time per iteration including communication: 0.085022, Speed: 1505.491421 images/s
2022-08-04 18:15:38,347 [dl_trainer.py:731] WARNING [  4][  240/   49][rank:1] loss: 0.771, average forward (0.009012) and backward (0.020497) time: 0.031801, iotime: 0.002053 
2022-08-04 18:15:38,820 [dl_trainer.py:634] INFO train iter: 245, num_batches_per_epoch: 49
2022-08-04 18:15:38,821 [dl_trainer.py:635] INFO Epoch 5, avg train acc: 67.777423, lr: 0.100000, avg loss: 0.910435
2022-08-04 18:15:42,015 [dl_trainer.py:731] WARNING [  5][  280/   49][rank:1] loss: 1.059, average forward (0.009064) and backward (0.020388) time: 0.036594, iotime: 0.006867 
2022-08-04 18:15:42,090 [dist_trainer.py:90] WARNING Time per iteration including communication: 0.084431, Speed: 1516.031777 images/s
2022-08-04 18:15:42,873 [dl_trainer.py:634] INFO train iter: 294, num_batches_per_epoch: 49
2022-08-04 18:15:42,873 [dl_trainer.py:635] INFO Epoch 6, avg train acc: 70.631378, lr: 0.100000, avg loss: 0.831456
2022-08-04 18:15:45,663 [dl_trainer.py:731] WARNING [  6][  320/   49][rank:1] loss: 0.563, average forward (0.009897) and backward (0.021280) time: 0.038180, iotime: 0.006730 
2022-08-04 18:15:46,132 [dist_trainer.py:90] WARNING Time per iteration including communication: 0.084202, Speed: 1520.147253 images/s
2022-08-04 18:15:46,991 [dl_trainer.py:634] INFO train iter: 343, num_batches_per_epoch: 49
2022-08-04 18:15:46,992 [dl_trainer.py:635] INFO Epoch 7, avg train acc: 75.255102, lr: 0.100000, avg loss: 0.701271
2022-08-04 18:15:49,376 [dl_trainer.py:731] WARNING [  7][  360/   49][rank:1] loss: 0.766, average forward (0.009562) and backward (0.021908) time: 0.038475, iotime: 0.006722 
2022-08-04 18:15:50,173 [dist_trainer.py:90] WARNING Time per iteration including communication: 0.084169, Speed: 1520.745067 images/s
2022-08-04 18:15:51,064 [dl_trainer.py:634] INFO train iter: 392, num_batches_per_epoch: 49
2022-08-04 18:15:51,065 [dl_trainer.py:635] INFO Epoch 8, avg train acc: 77.279974, lr: 0.100000, avg loss: 0.662543
2022-08-04 18:15:53,002 [dl_trainer.py:731] WARNING [  8][  400/   49][rank:1] loss: 0.652, average forward (0.010054) and backward (0.023450) time: 0.041332, iotime: 0.007459 
2022-08-04 18:15:54,244 [dist_trainer.py:90] WARNING Time per iteration including communication: 0.084821, Speed: 1509.060951 images/s
2022-08-04 18:15:55,150 [dl_trainer.py:731] WARNING [  8][  440/   49][rank:1] loss: 0.520, average forward (0.010105) and backward (0.022617) time: 0.040559, iotime: 0.007552 
2022-08-04 18:15:55,221 [dl_trainer.py:634] INFO train iter: 441, num_batches_per_epoch: 49
2022-08-04 18:15:55,222 [dl_trainer.py:635] INFO Epoch 9, avg train acc: 79.751276, lr: 0.100000, avg loss: 0.591287
2022-08-04 18:15:58,263 [dist_trainer.py:90] WARNING Time per iteration including communication: 0.083711, Speed: 1529.077271 images/s
2022-08-04 18:15:58,586 [dl_trainer.py:731] WARNING [  9][  480/   49][rank:1] loss: 0.384, average forward (0.009564) and backward (0.023229) time: 0.035148, iotime: 0.002081 
2022-08-04 18:15:59,252 [dl_trainer.py:634] INFO train iter: 490, num_batches_per_epoch: 49
2022-08-04 18:15:59,252 [dl_trainer.py:635] INFO Epoch 10, avg train acc: 80.644133, lr: 0.100000, avg loss: 0.558501
2022-08-04 18:16:02,272 [dl_trainer.py:731] WARNING [ 10][  520/   49][rank:1] loss: 0.571, average forward (0.009545) and backward (0.022511) time: 0.039355, iotime: 0.007030 
2022-08-04 18:16:02,329 [dist_trainer.py:90] WARNING Time per iteration including communication: 0.084685, Speed: 1511.485192 images/s
2022-08-04 18:16:03,397 [dl_trainer.py:634] INFO train iter: 539, num_batches_per_epoch: 49
2022-08-04 18:16:03,398 [dl_trainer.py:635] INFO Epoch 11, avg train acc: 81.760204, lr: 0.100000, avg loss: 0.522758
2022-08-04 18:16:05,985 [dl_trainer.py:731] WARNING [ 11][  560/   49][rank:1] loss: 0.514, average forward (0.008539) and backward (0.021752) time: 0.037078, iotime: 0.006517 
2022-08-04 18:16:06,465 [dist_trainer.py:90] WARNING Time per iteration including communication: 0.086146, Speed: 1485.858051 images/s
2022-08-04 18:16:07,626 [dl_trainer.py:634] INFO train iter: 588, num_batches_per_epoch: 49
2022-08-04 18:16:07,627 [dl_trainer.py:635] INFO Epoch 12, avg train acc: 82.605230, lr: 0.100000, avg loss: 0.504191
2022-08-04 18:16:09,866 [dl_trainer.py:731] WARNING [ 12][  600/   49][rank:1] loss: 0.375, average forward (0.009222) and backward (0.022020) time: 0.038362, iotime: 0.006874 
2022-08-04 18:16:10,696 [dist_trainer.py:90] WARNING Time per iteration including communication: 0.088132, Speed: 1452.372896 images/s
2022-08-04 18:16:11,833 [dl_trainer.py:634] INFO train iter: 637, num_batches_per_epoch: 49
2022-08-04 18:16:11,834 [dl_trainer.py:635] INFO Epoch 13, avg train acc: 83.274872, lr: 0.100000, avg loss: 0.487102
2022-08-04 18:16:13,512 [dl_trainer.py:731] WARNING [ 13][  640/   49][rank:1] loss: 0.375, average forward (0.009734) and backward (0.023034) time: 0.040085, iotime: 0.007037 
2022-08-04 18:16:14,703 [dist_trainer.py:90] WARNING Time per iteration including communication: 0.083468, Speed: 1533.525021 images/s
2022-08-04 18:16:15,634 [dl_trainer.py:731] WARNING [ 13][  680/   49][rank:1] loss: 0.447, average forward (0.009625) and backward (0.022095) time: 0.039129, iotime: 0.007138 
2022-08-04 18:16:15,925 [dl_trainer.py:634] INFO train iter: 686, num_batches_per_epoch: 49
2022-08-04 18:16:15,926 [dl_trainer.py:635] INFO Epoch 14, avg train acc: 84.598214, lr: 0.100000, avg loss: 0.453190
2022-08-04 18:16:18,790 [dist_trainer.py:90] WARNING Time per iteration including communication: 0.085140, Speed: 1503.400457 images/s
2022-08-04 18:16:19,120 [dl_trainer.py:731] WARNING [ 14][  720/   49][rank:1] loss: 0.431, average forward (0.009744) and backward (0.022870) time: 0.035081, iotime: 0.002187 
2022-08-04 18:16:20,042 [dl_trainer.py:634] INFO train iter: 735, num_batches_per_epoch: 49
2022-08-04 18:16:20,042 [dl_trainer.py:635] INFO Epoch 15, avg train acc: 85.028699, lr: 0.100000, avg loss: 0.434276
2022-08-04 18:16:22,775 [dl_trainer.py:731] WARNING [ 15][  760/   49][rank:1] loss: 0.473, average forward (0.009013) and backward (0.021999) time: 0.038091, iotime: 0.006803 
2022-08-04 18:16:22,832 [dist_trainer.py:90] WARNING Time per iteration including communication: 0.084188, Speed: 1520.414794 images/s
2022-08-04 18:16:24,146 [dl_trainer.py:634] INFO train iter: 784, num_batches_per_epoch: 49
2022-08-04 18:16:24,147 [dl_trainer.py:635] INFO Epoch 16, avg train acc: 85.267857, lr: 0.100000, avg loss: 0.433296
2022-08-04 18:16:26,486 [dl_trainer.py:731] WARNING [ 16][  800/   49][rank:1] loss: 0.403, average forward (0.009663) and backward (0.023902) time: 0.040865, iotime: 0.007024 
2022-08-04 18:16:26,903 [dist_trainer.py:90] WARNING Time per iteration including communication: 0.084796, Speed: 1509.502574 images/s
2022-08-04 18:16:28,217 [dl_trainer.py:634] INFO train iter: 833, num_batches_per_epoch: 49
2022-08-04 18:16:28,217 [dl_trainer.py:635] INFO Epoch 17, avg train acc: 86.447704, lr: 0.100000, avg loss: 0.395770
2022-08-04 18:16:30,190 [dl_trainer.py:731] WARNING [ 17][  840/   49][rank:1] loss: 0.527, average forward (0.010566) and backward (0.023305) time: 0.041199, iotime: 0.007033 
2022-08-04 18:16:31,015 [dist_trainer.py:90] WARNING Time per iteration including communication: 0.085665, Speed: 1494.186733 images/s
2022-08-04 18:16:32,276 [dl_trainer.py:731] WARNING [ 17][  880/   49][rank:1] loss: 0.361, average forward (0.009133) and backward (0.020485) time: 0.036945, iotime: 0.007069 
2022-08-04 18:16:32,386 [dl_trainer.py:634] INFO train iter: 882, num_batches_per_epoch: 49
2022-08-04 18:16:32,386 [dl_trainer.py:635] INFO Epoch 18, avg train acc: 85.682398, lr: 0.100000, avg loss: 0.397928
2022-08-04 18:16:35,168 [dist_trainer.py:90] WARNING Time per iteration including communication: 0.086494, Speed: 1479.865848 images/s
2022-08-04 18:16:36,080 [dl_trainer.py:731] WARNING [ 18][  920/   49][rank:1] loss: 0.321, average forward (0.009150) and backward (0.020146) time: 0.036551, iotime: 0.006984 
2022-08-04 18:16:36,642 [dl_trainer.py:634] INFO train iter: 931, num_batches_per_epoch: 49
2022-08-04 18:16:36,642 [dl_trainer.py:635] INFO Epoch 19, avg train acc: 87.308673, lr: 0.100000, avg loss: 0.376954
2022-08-04 18:16:39,214 [dist_trainer.py:90] WARNING Time per iteration including communication: 0.084275, Speed: 1518.836383 images/s
2022-08-04 18:16:39,539 [dl_trainer.py:731] WARNING [ 19][  960/   49][rank:1] loss: 0.337, average forward (0.011071) and backward (0.022580) time: 0.036325, iotime: 0.002378 
2022-08-04 18:16:40,720 [dl_trainer.py:634] INFO train iter: 980, num_batches_per_epoch: 49
2022-08-04 18:16:40,721 [dl_trainer.py:635] INFO Epoch 20, avg train acc: 86.782526, lr: 0.100000, avg loss: 0.372827
2022-08-04 18:16:43,281 [dl_trainer.py:731] WARNING [ 20][ 1000/   49][rank:1] loss: 0.414, average forward (0.009612) and backward (0.021065) time: 0.037745, iotime: 0.006780 
2022-08-04 18:16:43,355 [dist_trainer.py:90] WARNING Time per iteration including communication: 0.086268, Speed: 1483.744427 images/s
2022-08-04 18:16:44,873 [dl_trainer.py:634] INFO train iter: 1029, num_batches_per_epoch: 49
2022-08-04 18:16:44,874 [dl_trainer.py:635] INFO Epoch 21, avg train acc: 87.101403, lr: 0.100000, avg loss: 0.369685
2022-08-04 18:16:46,951 [dl_trainer.py:731] WARNING [ 21][ 1040/   49][rank:1] loss: 0.367, average forward (0.009309) and backward (0.022955) time: 0.039399, iotime: 0.006853 
2022-08-04 18:16:47,376 [dist_trainer.py:90] WARNING Time per iteration including communication: 0.083761, Speed: 1528.158463 images/s
2022-08-04 18:16:48,961 [dl_trainer.py:634] INFO train iter: 1078, num_batches_per_epoch: 49
2022-08-04 18:16:48,961 [dl_trainer.py:635] INFO Epoch 22, avg train acc: 87.292730, lr: 0.100000, avg loss: 0.345952
2022-08-04 18:16:50,656 [dl_trainer.py:731] WARNING [ 22][ 1080/   49][rank:1] loss: 0.365, average forward (0.009483) and backward (0.020981) time: 0.037243, iotime: 0.006512 
2022-08-04 18:16:51,458 [dist_trainer.py:90] WARNING Time per iteration including communication: 0.085025, Speed: 1505.440850 images/s
2022-08-04 18:16:52,763 [dl_trainer.py:731] WARNING [ 22][ 1120/   49][rank:1] loss: 0.243, average forward (0.008943) and backward (0.019661) time: 0.035617, iotime: 0.006770 
2022-08-04 18:16:53,110 [dl_trainer.py:634] INFO train iter: 1127, num_batches_per_epoch: 49
2022-08-04 18:16:53,110 [dl_trainer.py:635] INFO Epoch 23, avg train acc: 88.137755, lr: 0.100000, avg loss: 0.334179
2022-08-04 18:16:55,459 [dist_trainer.py:90] WARNING Time per iteration including communication: 0.083350, Speed: 1535.695098 images/s
2022-08-04 18:16:56,369 [dl_trainer.py:731] WARNING [ 23][ 1160/   49][rank:1] loss: 0.245, average forward (0.009528) and backward (0.022457) time: 0.039090, iotime: 0.006818 
2022-08-04 18:16:57,158 [dl_trainer.py:634] INFO train iter: 1176, num_batches_per_epoch: 49
2022-08-04 18:16:57,159 [dl_trainer.py:635] INFO Epoch 24, avg train acc: 88.584184, lr: 0.100000, avg loss: 0.317738
2022-08-04 18:16:59,589 [dist_trainer.py:90] WARNING Time per iteration including communication: 0.086025, Speed: 1487.938872 images/s
2022-08-04 18:16:59,933 [dl_trainer.py:731] WARNING [ 24][ 1200/   49][rank:1] loss: 0.246, average forward (0.010490) and backward (0.023675) time: 0.036821, iotime: 0.002348 
2022-08-04 18:17:01,303 [dl_trainer.py:634] INFO train iter: 1225, num_batches_per_epoch: 49
2022-08-04 18:17:01,304 [dl_trainer.py:635] INFO Epoch 25, avg train acc: 89.078444, lr: 0.100000, avg loss: 0.321879
2022-08-04 18:17:03,560 [dl_trainer.py:731] WARNING [ 25][ 1240/   49][rank:1] loss: 0.331, average forward (0.009525) and backward (0.021990) time: 0.038397, iotime: 0.006615 
2022-08-04 18:17:03,628 [dist_trainer.py:90] WARNING Time per iteration including communication: 0.084137, Speed: 1521.335807 images/s
2022-08-04 18:17:05,401 [dl_trainer.py:634] INFO train iter: 1274, num_batches_per_epoch: 49
2022-08-04 18:17:05,401 [dl_trainer.py:635] INFO Epoch 26, avg train acc: 89.221939, lr: 0.100000, avg loss: 0.300815
2022-08-04 18:17:07,191 [dl_trainer.py:731] WARNING [ 26][ 1280/   49][rank:1] loss: 0.261, average forward (0.009331) and backward (0.020812) time: 0.037764, iotime: 0.007356 
2022-08-04 18:17:07,619 [dist_trainer.py:90] WARNING Time per iteration including communication: 0.083140, Speed: 1539.572621 images/s
2022-08-04 18:17:09,327 [dl_trainer.py:731] WARNING [ 26][ 1320/   49][rank:1] loss: 0.212, average forward (0.010234) and backward (0.023578) time: 0.040900, iotime: 0.006814 
2022-08-04 18:17:09,473 [dl_trainer.py:634] INFO train iter: 1323, num_batches_per_epoch: 49
2022-08-04 18:17:09,473 [dl_trainer.py:635] INFO Epoch 27, avg train acc: 89.859694, lr: 0.100000, avg loss: 0.288844
2022-08-04 18:17:11,611 [dist_trainer.py:90] WARNING Time per iteration including communication: 0.083146, Speed: 1539.457288 images/s
2022-08-04 18:17:12,934 [dl_trainer.py:731] WARNING [ 27][ 1360/   49][rank:1] loss: 0.289, average forward (0.009934) and backward (0.022036) time: 0.039356, iotime: 0.007094 
2022-08-04 18:17:13,504 [dl_trainer.py:634] INFO train iter: 1372, num_batches_per_epoch: 49
2022-08-04 18:17:13,504 [dl_trainer.py:635] INFO Epoch 28, avg train acc: 89.636480, lr: 0.100000, avg loss: 0.293548
2022-08-04 18:17:15,697 [dist_trainer.py:90] WARNING Time per iteration including communication: 0.085114, Speed: 1503.870630 images/s
2022-08-04 18:17:16,585 [dl_trainer.py:731] WARNING [ 28][ 1400/   49][rank:1] loss: 0.296, average forward (0.008918) and backward (0.020777) time: 0.036955, iotime: 0.006977 
2022-08-04 18:17:17,622 [dl_trainer.py:634] INFO train iter: 1421, num_batches_per_epoch: 49
2022-08-04 18:17:17,622 [dl_trainer.py:635] INFO Epoch 29, avg train acc: 89.604592, lr: 0.100000, avg loss: 0.300518
2022-08-04 18:17:19,804 [dist_trainer.py:90] WARNING Time per iteration including communication: 0.085544, Speed: 1496.306254 images/s
2022-08-04 18:17:20,117 [dl_trainer.py:731] WARNING [ 29][ 1440/   49][rank:1] loss: 0.393, average forward (0.008121) and backward (0.020756) time: 0.031023, iotime: 0.001901 
2022-08-04 18:17:21,781 [dl_trainer.py:634] INFO train iter: 1470, num_batches_per_epoch: 49
2022-08-04 18:17:21,781 [dl_trainer.py:635] INFO Epoch 30, avg train acc: 89.365434, lr: 0.100000, avg loss: 0.298838
2022-08-04 18:17:23,821 [dl_trainer.py:731] WARNING [ 30][ 1480/   49][rank:1] loss: 0.258, average forward (0.009887) and backward (0.023103) time: 0.040324, iotime: 0.007039 
2022-08-04 18:17:23,881 [dist_trainer.py:90] WARNING Time per iteration including communication: 0.084935, Speed: 1507.027573 images/s
2022-08-04 18:17:25,882 [dl_trainer.py:634] INFO train iter: 1519, num_batches_per_epoch: 49
2022-08-04 18:17:25,882 [dl_trainer.py:635] INFO Epoch 31, avg train acc: 90.130740, lr: 0.100000, avg loss: 0.292693
2022-08-04 18:17:25,920 [dl_trainer.py:731] WARNING [ 31][ 1520/   49][rank:1] loss: 0.265, average forward (0.009388) and backward (0.022026) time: 0.038761, iotime: 0.007046 
2022-08-04 18:17:27,990 [dist_trainer.py:90] WARNING Time per iteration including communication: 0.085586, Speed: 1495.578363 images/s
2022-08-04 18:17:29,578 [dl_trainer.py:731] WARNING [ 31][ 1560/   49][rank:1] loss: 0.211, average forward (0.010277) and backward (0.023474) time: 0.041131, iotime: 0.007103 
2022-08-04 18:17:29,973 [dl_trainer.py:634] INFO train iter: 1568, num_batches_per_epoch: 49
2022-08-04 18:17:29,973 [dl_trainer.py:635] INFO Epoch 32, avg train acc: 90.800383, lr: 0.100000, avg loss: 0.264966
2022-08-04 18:17:32,035 [dist_trainer.py:90] WARNING Time per iteration including communication: 0.084260, Speed: 1519.110447 images/s
2022-08-04 18:17:33,304 [dl_trainer.py:731] WARNING [ 32][ 1600/   49][rank:1] loss: 0.309, average forward (0.009549) and backward (0.020862) time: 0.037490, iotime: 0.006805 
2022-08-04 18:17:34,129 [dl_trainer.py:634] INFO train iter: 1617, num_batches_per_epoch: 49
2022-08-04 18:17:34,130 [dl_trainer.py:635] INFO Epoch 33, avg train acc: 90.975765, lr: 0.100000, avg loss: 0.261372
2022-08-04 18:17:36,049 [dist_trainer.py:90] WARNING Time per iteration including communication: 0.083602, Speed: 1531.057550 images/s
2022-08-04 18:17:36,931 [dl_trainer.py:731] WARNING [ 33][ 1640/   49][rank:1] loss: 0.268, average forward (0.008804) and backward (0.020699) time: 0.036662, iotime: 0.006900 
2022-08-04 18:17:38,113 [dl_trainer.py:634] INFO train iter: 1666, num_batches_per_epoch: 49
2022-08-04 18:17:38,113 [dl_trainer.py:635] INFO Epoch 34, avg train acc: 90.816327, lr: 0.100000, avg loss: 0.251108
2022-08-04 18:17:39,969 [dist_trainer.py:90] WARNING Time per iteration including communication: 0.081658, Speed: 1567.509840 images/s
2022-08-04 18:17:40,286 [dl_trainer.py:731] WARNING [ 34][ 1680/   49][rank:1] loss: 0.329, average forward (0.009139) and backward (0.021005) time: 0.032494, iotime: 0.002081 
2022-08-04 18:17:42,125 [dl_trainer.py:634] INFO train iter: 1715, num_batches_per_epoch: 49
2022-08-04 18:17:42,125 [dl_trainer.py:635] INFO Epoch 35, avg train acc: 89.955357, lr: 0.100000, avg loss: 0.270715
2022-08-04 18:17:43,900 [dl_trainer.py:731] WARNING [ 35][ 1720/   49][rank:1] loss: 0.167, average forward (0.009392) and backward (0.020991) time: 0.037764, iotime: 0.007090 
2022-08-04 18:17:43,969 [dist_trainer.py:90] WARNING Time per iteration including communication: 0.083329, Speed: 1536.088353 images/s
2022-08-04 18:17:46,104 [dl_trainer.py:731] WARNING [ 35][ 1760/   49][rank:1] loss: 0.184, average forward (0.009470) and backward (0.023795) time: 0.040306, iotime: 0.006785 
2022-08-04 18:17:46,283 [dl_trainer.py:634] INFO train iter: 1764, num_batches_per_epoch: 49
2022-08-04 18:17:46,283 [dl_trainer.py:635] INFO Epoch 36, avg train acc: 91.230867, lr: 0.100000, avg loss: 0.244434
2022-08-04 18:17:48,148 [dist_trainer.py:90] WARNING Time per iteration including communication: 0.087036, Speed: 1470.648037 images/s
2022-08-04 18:17:49,867 [dl_trainer.py:731] WARNING [ 36][ 1800/   49][rank:1] loss: 0.147, average forward (0.009292) and backward (0.022424) time: 0.038917, iotime: 0.006926 
2022-08-04 18:17:50,485 [dl_trainer.py:634] INFO train iter: 1813, num_batches_per_epoch: 49
2022-08-04 18:17:50,485 [dl_trainer.py:635] INFO Epoch 37, avg train acc: 91.517857, lr: 0.100000, avg loss: 0.250115
2022-08-04 18:17:52,248 [dist_trainer.py:90] WARNING Time per iteration including communication: 0.085399, Speed: 1498.843594 images/s
2022-08-04 18:17:53,505 [dl_trainer.py:731] WARNING [ 37][ 1840/   49][rank:1] loss: 0.232, average forward (0.009730) and backward (0.020571) time: 0.037242, iotime: 0.006650 
2022-08-04 18:17:54,604 [dl_trainer.py:634] INFO train iter: 1862, num_batches_per_epoch: 49
2022-08-04 18:17:54,605 [dl_trainer.py:635] INFO Epoch 38, avg train acc: 91.629464, lr: 0.100000, avg loss: 0.239335
2022-08-04 18:17:56,329 [dist_trainer.py:90] WARNING Time per iteration including communication: 0.085023, Speed: 1505.472336 images/s
2022-08-04 18:17:57,268 [dl_trainer.py:731] WARNING [ 38][ 1880/   49][rank:1] loss: 0.168, average forward (0.008738) and backward (0.022928) time: 0.038606, iotime: 0.006692 
2022-08-04 18:17:58,842 [dl_trainer.py:634] INFO train iter: 1911, num_batches_per_epoch: 49
2022-08-04 18:17:58,843 [dl_trainer.py:635] INFO Epoch 39, avg train acc: 91.501913, lr: 0.100000, avg loss: 0.242589
2022-08-04 18:18:00,524 [dist_trainer.py:90] WARNING Time per iteration including communication: 0.087388, Speed: 1464.729437 images/s
2022-08-04 18:18:00,849 [dl_trainer.py:731] WARNING [ 39][ 1920/   49][rank:1] loss: 0.226, average forward (0.008867) and backward (0.020336) time: 0.031551, iotime: 0.002074 
2022-08-04 18:18:03,004 [dl_trainer.py:731] WARNING [ 39][ 1960/   49][rank:1] loss: 0.176, average forward (0.010164) and backward (0.023195) time: 0.040299, iotime: 0.006619 
2022-08-04 18:18:03,012 [dl_trainer.py:634] INFO train iter: 1960, num_batches_per_epoch: 49
2022-08-04 18:18:03,013 [dl_trainer.py:635] INFO Epoch 40, avg train acc: 92.362883, lr: 0.100000, avg loss: 0.220285
2022-08-04 18:18:04,683 [dist_trainer.py:90] WARNING Time per iteration including communication: 0.086630, Speed: 1477.545369 images/s
2022-08-04 18:18:06,789 [dl_trainer.py:731] WARNING [ 40][ 2000/   49][rank:1] loss: 0.220, average forward (0.008931) and backward (0.021175) time: 0.037040, iotime: 0.006665 
2022-08-04 18:18:07,204 [dist_trainer.py:90] WARNING Time per iteration including communication: 0.052490, Speed: 2438.539838 images/s
2022-08-04 18:18:07,204 [dl_trainer.py:634] INFO train iter: 2009, num_batches_per_epoch: 49
2022-08-04 18:18:07,205 [dl_trainer.py:635] INFO Epoch 41, avg train acc: 91.900510, lr: 0.100000, avg loss: 0.226119
2022-08-04 18:18:10,467 [dl_trainer.py:731] WARNING [ 41][ 2040/   49][rank:1] loss: 0.167, average forward (0.009403) and backward (0.020984) time: 0.037747, iotime: 0.007088 
2022-08-04 18:18:11,282 [dist_trainer.py:90] WARNING Time per iteration including communication: 0.084949, Speed: 1506.786219 images/s
2022-08-04 18:18:11,333 [dl_trainer.py:634] INFO train iter: 2058, num_batches_per_epoch: 49
2022-08-04 18:18:11,334 [dl_trainer.py:635] INFO Epoch 42, avg train acc: 91.980230, lr: 0.100000, avg loss: 0.235114
2022-08-04 18:18:14,240 [dl_trainer.py:731] WARNING [ 42][ 2080/   49][rank:1] loss: 0.226, average forward (0.008727) and backward (0.019304) time: 0.035351, iotime: 0.007074 
2022-08-04 18:18:15,431 [dist_trainer.py:90] WARNING Time per iteration including communication: 0.086419, Speed: 1481.152594 images/s
2022-08-04 18:18:15,532 [dl_trainer.py:634] INFO train iter: 2107, num_batches_per_epoch: 49
2022-08-04 18:18:15,533 [dl_trainer.py:635] INFO Epoch 43, avg train acc: 92.012117, lr: 0.100000, avg loss: 0.222020
2022-08-04 18:18:17,941 [dl_trainer.py:731] WARNING [ 43][ 2120/   49][rank:1] loss: 0.184, average forward (0.008849) and backward (0.019635) time: 0.035672, iotime: 0.006923 
2022-08-04 18:18:19,545 [dist_trainer.py:90] WARNING Time per iteration including communication: 0.085703, Speed: 1493.538024 images/s
2022-08-04 18:18:19,691 [dl_trainer.py:634] INFO train iter: 2156, num_batches_per_epoch: 49
2022-08-04 18:18:19,691 [dl_trainer.py:635] INFO Epoch 44, avg train acc: 92.490434, lr: 0.100000, avg loss: 0.222062
2022-08-04 18:18:21,519 [dl_trainer.py:731] WARNING [ 44][ 2160/   49][rank:1] loss: 0.227, average forward (0.009451) and backward (0.021849) time: 0.033668, iotime: 0.002106 
2022-08-04 18:18:23,679 [dl_trainer.py:731] WARNING [ 44][ 2200/   49][rank:1] loss: 0.199, average forward (0.008733) and backward (0.020035) time: 0.036423, iotime: 0.007413 
2022-08-04 18:18:23,741 [dist_trainer.py:90] WARNING Time per iteration including communication: 0.087395, Speed: 1464.606482 images/s
2022-08-04 18:18:23,935 [dl_trainer.py:634] INFO train iter: 2205, num_batches_per_epoch: 49
2022-08-04 18:18:23,935 [dl_trainer.py:635] INFO Epoch 45, avg train acc: 92.219388, lr: 0.100000, avg loss: 0.211403
2022-08-04 18:18:27,495 [dl_trainer.py:731] WARNING [ 45][ 2240/   49][rank:1] loss: 0.189, average forward (0.009693) and backward (0.020745) time: 0.037685, iotime: 0.006991 
2022-08-04 18:18:27,932 [dist_trainer.py:90] WARNING Time per iteration including communication: 0.087301, Speed: 1466.190498 images/s
2022-08-04 18:18:28,152 [dl_trainer.py:634] INFO train iter: 2254, num_batches_per_epoch: 49
2022-08-04 18:18:28,153 [dl_trainer.py:635] INFO Epoch 46, avg train acc: 92.633929, lr: 0.100000, avg loss: 0.207041
2022-08-04 18:18:31,258 [dl_trainer.py:731] WARNING [ 46][ 2280/   49][rank:1] loss: 0.205, average forward (0.009917) and backward (0.021023) time: 0.038180, iotime: 0.006937 
2022-08-04 18:18:32,128 [dist_trainer.py:90] WARNING Time per iteration including communication: 0.087401, Speed: 1464.519169 images/s
2022-08-04 18:18:32,418 [dl_trainer.py:634] INFO train iter: 2303, num_batches_per_epoch: 49
2022-08-04 18:18:32,418 [dl_trainer.py:635] INFO Epoch 47, avg train acc: 92.745536, lr: 0.100000, avg loss: 0.207387
2022-08-04 18:18:35,030 [dl_trainer.py:731] WARNING [ 47][ 2320/   49][rank:1] loss: 0.201, average forward (0.009526) and backward (0.022730) time: 0.039702, iotime: 0.007156 
2022-08-04 18:18:36,290 [dist_trainer.py:90] WARNING Time per iteration including communication: 0.086691, Speed: 1476.503239 images/s
2022-08-04 18:18:36,610 [dl_trainer.py:634] INFO train iter: 2352, num_batches_per_epoch: 49
2022-08-04 18:18:36,610 [dl_trainer.py:635] INFO Epoch 48, avg train acc: 92.330995, lr: 0.100000, avg loss: 0.214873
2022-08-04 18:18:38,871 [dl_trainer.py:731] WARNING [ 48][ 2360/   49][rank:1] loss: 0.157, average forward (0.009857) and backward (0.023331) time: 0.040422, iotime: 0.006953 
2022-08-04 18:18:40,451 [dist_trainer.py:90] WARNING Time per iteration including communication: 0.086680, Speed: 1476.702916 images/s
2022-08-04 18:18:40,749 [dl_trainer.py:731] WARNING [ 48][ 2400/   49][rank:1] loss: 0.235, average forward (0.010556) and backward (0.022791) time: 0.035893, iotime: 0.002259 
2022-08-04 18:18:41,031 [dl_trainer.py:634] INFO train iter: 2401, num_batches_per_epoch: 49
2022-08-04 18:18:41,031 [dl_trainer.py:635] INFO Epoch 49, avg train acc: 93.223852, lr: 0.100000, avg loss: 0.189660
2022-08-04 18:18:44,456 [dl_trainer.py:731] WARNING [ 49][ 2440/   49][rank:1] loss: 0.173, average forward (0.009526) and backward (0.021415) time: 0.038308, iotime: 0.007083 
2022-08-04 18:18:44,509 [dist_trainer.py:90] WARNING Time per iteration including communication: 0.084515, Speed: 1514.531875 images/s
2022-08-04 18:18:45,137 [dl_trainer.py:634] INFO train iter: 2450, num_batches_per_epoch: 49
2022-08-04 18:18:45,138 [dl_trainer.py:635] INFO Epoch 50, avg train acc: 93.319515, lr: 0.100000, avg loss: 0.185962
2022-08-04 18:18:48,202 [dl_trainer.py:731] WARNING [ 50][ 2480/   49][rank:1] loss: 0.229, average forward (0.009329) and backward (0.022069) time: 0.038546, iotime: 0.006868 
2022-08-04 18:18:48,626 [dist_trainer.py:90] WARNING Time per iteration including communication: 0.085777, Speed: 1492.242554 images/s
2022-08-04 18:18:49,275 [dl_trainer.py:634] INFO train iter: 2499, num_batches_per_epoch: 49
2022-08-04 18:18:49,276 [dl_trainer.py:635] INFO Epoch 51, avg train acc: 92.729592, lr: 0.100000, avg loss: 0.206520
2022-08-04 18:18:51,804 [dl_trainer.py:731] WARNING [ 51][ 2520/   49][rank:1] loss: 0.153, average forward (0.009693) and backward (0.020833) time: 0.037782, iotime: 0.006960 
2022-08-04 18:18:52,634 [dist_trainer.py:90] WARNING Time per iteration including communication: 0.083489, Speed: 1533.144661 images/s
2022-08-04 18:18:53,368 [dl_trainer.py:634] INFO train iter: 2548, num_batches_per_epoch: 49
2022-08-04 18:18:53,369 [dl_trainer.py:635] INFO Epoch 52, avg train acc: 92.155612, lr: 0.100000, avg loss: 0.212470
2022-08-04 18:18:55,532 [dl_trainer.py:731] WARNING [ 52][ 2560/   49][rank:1] loss: 0.117, average forward (0.008861) and backward (0.020929) time: 0.036743, iotime: 0.006697 
2022-08-04 18:18:56,726 [dist_trainer.py:90] WARNING Time per iteration including communication: 0.085224, Speed: 1501.924295 images/s
2022-08-04 18:18:57,497 [dl_trainer.py:634] INFO train iter: 2597, num_batches_per_epoch: 49
2022-08-04 18:18:57,498 [dl_trainer.py:635] INFO Epoch 53, avg train acc: 93.845663, lr: 0.100000, avg loss: 0.183428
2022-08-04 18:18:59,176 [dl_trainer.py:731] WARNING [ 53][ 2600/   49][rank:1] loss: 0.156, average forward (0.009421) and backward (0.021235) time: 0.038123, iotime: 0.007187 
2022-08-04 18:19:00,716 [dist_trainer.py:90] WARNING Time per iteration including communication: 0.083125, Speed: 1539.842904 images/s
2022-08-04 18:19:01,043 [dl_trainer.py:731] WARNING [ 53][ 2640/   49][rank:1] loss: 0.131, average forward (0.009742) and backward (0.023031) time: 0.035197, iotime: 0.002168 
2022-08-04 18:19:01,529 [dl_trainer.py:634] INFO train iter: 2646, num_batches_per_epoch: 49
2022-08-04 18:19:01,530 [dl_trainer.py:635] INFO Epoch 54, avg train acc: 94.036990, lr: 0.100000, avg loss: 0.168675
2022-08-04 18:19:04,693 [dl_trainer.py:731] WARNING [ 54][ 2680/   49][rank:1] loss: 0.229, average forward (0.009474) and backward (0.019111) time: 0.036166, iotime: 0.007302 
2022-08-04 18:19:04,759 [dist_trainer.py:90] WARNING Time per iteration including communication: 0.084203, Speed: 1520.130126 images/s
2022-08-04 18:19:05,601 [dl_trainer.py:634] INFO train iter: 2695, num_batches_per_epoch: 49
2022-08-04 18:19:05,601 [dl_trainer.py:635] INFO Epoch 55, avg train acc: 93.335459, lr: 0.100000, avg loss: 0.186012
2022-08-04 18:19:08,275 [dl_trainer.py:731] WARNING [ 55][ 2720/   49][rank:1] loss: 0.140, average forward (0.008956) and backward (0.021004) time: 0.036982, iotime: 0.006763 
2022-08-04 18:19:08,717 [dist_trainer.py:90] WARNING Time per iteration including communication: 0.082462, Speed: 1552.237171 images/s
2022-08-04 18:19:09,583 [dl_trainer.py:634] INFO train iter: 2744, num_batches_per_epoch: 49
2022-08-04 18:19:09,584 [dl_trainer.py:635] INFO Epoch 56, avg train acc: 93.925383, lr: 0.100000, avg loss: 0.175446
2022-08-04 18:19:11,910 [dl_trainer.py:731] WARNING [ 56][ 2760/   49][rank:1] loss: 0.124, average forward (0.010165) and backward (0.023376) time: 0.040869, iotime: 0.007021 
2022-08-04 18:19:12,765 [dist_trainer.py:90] WARNING Time per iteration including communication: 0.084310, Speed: 1518.212072 images/s
2022-08-04 18:19:13,690 [dl_trainer.py:634] INFO train iter: 2793, num_batches_per_epoch: 49
2022-08-04 18:19:13,691 [dl_trainer.py:635] INFO Epoch 57, avg train acc: 93.638393, lr: 0.100000, avg loss: 0.171409
2022-08-04 18:19:15,483 [dl_trainer.py:731] WARNING [ 57][ 2800/   49][rank:1] loss: 0.164, average forward (0.010117) and backward (0.020638) time: 0.038063, iotime: 0.007005 
2022-08-04 18:19:16,629 [dist_trainer.py:90] WARNING Time per iteration including communication: 0.080503, Speed: 1590.003704 images/s
2022-08-04 18:19:17,494 [dl_trainer.py:731] WARNING [ 57][ 2840/   49][rank:1] loss: 0.140, average forward (0.008810) and backward (0.021597) time: 0.037191, iotime: 0.006552 
2022-08-04 18:19:17,602 [dl_trainer.py:634] INFO train iter: 2842, num_batches_per_epoch: 49
2022-08-04 18:19:17,602 [dl_trainer.py:635] INFO Epoch 58, avg train acc: 93.638393, lr: 0.100000, avg loss: 0.178813
2022-08-04 18:19:20,656 [dist_trainer.py:90] WARNING Time per iteration including communication: 0.083887, Speed: 1525.857096 images/s
2022-08-04 18:19:20,974 [dl_trainer.py:731] WARNING [ 58][ 2880/   49][rank:1] loss: 0.145, average forward (0.009279) and backward (0.021274) time: 0.032849, iotime: 0.002043 
2022-08-04 18:19:21,711 [dl_trainer.py:634] INFO train iter: 2891, num_batches_per_epoch: 49
2022-08-04 18:19:21,711 [dl_trainer.py:635] INFO Epoch 59, avg train acc: 94.371811, lr: 0.100000, avg loss: 0.168396
2022-08-04 18:19:24,616 [dl_trainer.py:731] WARNING [ 59][ 2920/   49][rank:1] loss: 0.188, average forward (0.010353) and backward (0.023229) time: 0.041021, iotime: 0.007118 
2022-08-04 18:19:24,669 [dist_trainer.py:90] WARNING Time per iteration including communication: 0.083583, Speed: 1531.413395 images/s
2022-08-04 18:19:25,735 [dl_trainer.py:634] INFO train iter: 2940, num_batches_per_epoch: 49
2022-08-04 18:19:25,736 [dl_trainer.py:635] INFO Epoch 60, avg train acc: 94.531250, lr: 0.100000, avg loss: 0.160561
2022-08-04 18:19:28,236 [dl_trainer.py:731] WARNING [ 60][ 2960/   49][rank:1] loss: 0.219, average forward (0.009206) and backward (0.021925) time: 0.038248, iotime: 0.006841 
2022-08-04 18:19:28,701 [dist_trainer.py:90] WARNING Time per iteration including communication: 0.083986, Speed: 1524.068416 images/s
2022-08-04 18:19:29,866 [dl_trainer.py:634] INFO train iter: 2989, num_batches_per_epoch: 49
2022-08-04 18:19:29,866 [dl_trainer.py:635] INFO Epoch 61, avg train acc: 94.276148, lr: 0.100000, avg loss: 0.161520
2022-08-04 18:19:31,934 [dl_trainer.py:731] WARNING [ 61][ 3000/   49][rank:1] loss: 0.109, average forward (0.008924) and backward (0.021769) time: 0.037751, iotime: 0.006801 
2022-08-04 18:19:32,761 [dist_trainer.py:90] WARNING Time per iteration including communication: 0.084579, Speed: 1513.382454 images/s
2022-08-04 18:19:33,912 [dl_trainer.py:634] INFO train iter: 3038, num_batches_per_epoch: 49
2022-08-04 18:19:33,913 [dl_trainer.py:635] INFO Epoch 62, avg train acc: 94.196429, lr: 0.100000, avg loss: 0.155625
2022-08-04 18:19:35,581 [dl_trainer.py:731] WARNING [ 62][ 3040/   49][rank:1] loss: 0.118, average forward (0.009561) and backward (0.021840) time: 0.038785, iotime: 0.007105 
2022-08-04 18:19:36,778 [dist_trainer.py:90] WARNING Time per iteration including communication: 0.083673, Speed: 1529.762040 images/s
2022-08-04 18:19:37,632 [dl_trainer.py:731] WARNING [ 62][ 3080/   49][rank:1] loss: 0.257, average forward (0.009731) and backward (0.021221) time: 0.037864, iotime: 0.006641 
2022-08-04 18:19:37,970 [dl_trainer.py:634] INFO train iter: 3087, num_batches_per_epoch: 49
2022-08-04 18:19:37,971 [dl_trainer.py:635] INFO Epoch 63, avg train acc: 94.148597, lr: 0.100000, avg loss: 0.164625
2022-08-04 18:19:40,808 [dist_trainer.py:90] WARNING Time per iteration including communication: 0.083954, Speed: 1524.648300 images/s
2022-08-04 18:19:41,140 [dl_trainer.py:731] WARNING [ 63][ 3120/   49][rank:1] loss: 0.220, average forward (0.009008) and backward (0.019742) time: 0.031028, iotime: 0.001996 
2022-08-04 18:19:42,045 [dl_trainer.py:634] INFO train iter: 3136, num_batches_per_epoch: 49
2022-08-04 18:19:42,046 [dl_trainer.py:635] INFO Epoch 64, avg train acc: 94.786352, lr: 0.100000, avg loss: 0.153080
2022-08-04 18:19:44,709 [dl_trainer.py:731] WARNING [ 64][ 3160/   49][rank:1] loss: 0.118, average forward (0.008919) and backward (0.021493) time: 0.037822, iotime: 0.007103 
2022-08-04 18:19:44,764 [dist_trainer.py:90] WARNING Time per iteration including communication: 0.082393, Speed: 1553.525059 images/s
2022-08-04 18:19:46,151 [dl_trainer.py:634] INFO train iter: 3185, num_batches_per_epoch: 49
2022-08-04 18:19:46,151 [dl_trainer.py:635] INFO Epoch 65, avg train acc: 94.244260, lr: 0.100000, avg loss: 0.158841
2022-08-04 18:19:48,458 [dl_trainer.py:731] WARNING [ 65][ 3200/   49][rank:1] loss: 0.071, average forward (0.010233) and backward (0.019783) time: 0.037406, iotime: 0.007076 
2022-08-04 18:19:48,903 [dist_trainer.py:90] WARNING Time per iteration including communication: 0.086230, Speed: 1484.402610 images/s
2022-08-04 18:19:50,284 [dl_trainer.py:634] INFO train iter: 3234, num_batches_per_epoch: 49
2022-08-04 18:19:50,284 [dl_trainer.py:635] INFO Epoch 66, avg train acc: 94.403699, lr: 0.100000, avg loss: 0.154939
2022-08-04 18:19:52,164 [dl_trainer.py:731] WARNING [ 66][ 3240/   49][rank:1] loss: 0.160, average forward (0.009597) and backward (0.022476) time: 0.039455, iotime: 0.007091 
2022-08-04 18:19:52,964 [dist_trainer.py:90] WARNING Time per iteration including communication: 0.084585, Speed: 1513.276254 images/s
2022-08-04 18:19:54,224 [dl_trainer.py:731] WARNING [ 66][ 3280/   49][rank:1] loss: 0.105, average forward (0.009870) and backward (0.021664) time: 0.039008, iotime: 0.007204 
2022-08-04 18:19:54,374 [dl_trainer.py:634] INFO train iter: 3283, num_batches_per_epoch: 49
2022-08-04 18:19:54,375 [dl_trainer.py:635] INFO Epoch 67, avg train acc: 94.052934, lr: 0.100000, avg loss: 0.163789
2022-08-04 18:19:56,992 [dist_trainer.py:90] WARNING Time per iteration including communication: 0.083903, Speed: 1525.576077 images/s
2022-08-04 18:19:57,864 [dl_trainer.py:731] WARNING [ 67][ 3320/   49][rank:1] loss: 0.117, average forward (0.008710) and backward (0.020934) time: 0.036561, iotime: 0.006660 
2022-08-04 18:19:58,477 [dl_trainer.py:634] INFO train iter: 3332, num_batches_per_epoch: 49
2022-08-04 18:19:58,477 [dl_trainer.py:635] INFO Epoch 68, avg train acc: 95.184949, lr: 0.100000, avg loss: 0.140685
2022-08-04 18:20:01,084 [dist_trainer.py:90] WARNING Time per iteration including communication: 0.085247, Speed: 1501.521126 images/s
2022-08-04 18:20:01,413 [dl_trainer.py:731] WARNING [ 68][ 3360/   49][rank:1] loss: 0.195, average forward (0.010034) and backward (0.022424) time: 0.035059, iotime: 0.002301 
2022-08-04 18:20:02,618 [dl_trainer.py:634] INFO train iter: 3381, num_batches_per_epoch: 49
2022-08-04 18:20:02,619 [dl_trainer.py:635] INFO Epoch 69, avg train acc: 94.531250, lr: 0.100000, avg loss: 0.150438
2022-08-04 18:20:05,063 [dl_trainer.py:731] WARNING [ 69][ 3400/   49][rank:1] loss: 0.156, average forward (0.008956) and backward (0.021963) time: 0.037892, iotime: 0.006709 
2022-08-04 18:20:05,126 [dist_trainer.py:90] WARNING Time per iteration including communication: 0.084188, Speed: 1520.409053 images/s
2022-08-04 18:20:06,624 [dl_trainer.py:634] INFO train iter: 3430, num_batches_per_epoch: 49
2022-08-04 18:20:06,625 [dl_trainer.py:635] INFO Epoch 70, avg train acc: 94.674745, lr: 0.100000, avg loss: 0.149745
2022-08-04 18:20:08,709 [dl_trainer.py:731] WARNING [ 70][ 3440/   49][rank:1] loss: 0.187, average forward (0.009109) and backward (0.019257) time: 0.035605, iotime: 0.006918 
2022-08-04 18:20:09,123 [dist_trainer.py:90] WARNING Time per iteration including communication: 0.083265, Speed: 1537.265843 images/s
2022-08-04 18:20:10,800 [dl_trainer.py:634] INFO train iter: 3479, num_batches_per_epoch: 49
2022-08-04 18:20:10,800 [dl_trainer.py:635] INFO Epoch 71, avg train acc: 94.563138, lr: 0.100000, avg loss: 0.144544
2022-08-04 18:20:10,830 [dl_trainer.py:731] WARNING [ 71][ 3480/   49][rank:1] loss: 0.215, average forward (0.009508) and backward (0.020506) time: 0.037080, iotime: 0.006800 
2022-08-04 18:20:13,225 [dist_trainer.py:90] WARNING Time per iteration including communication: 0.085452, Speed: 1497.913732 images/s
2022-08-04 18:20:14,511 [dl_trainer.py:731] WARNING [ 71][ 3520/   49][rank:1] loss: 0.124, average forward (0.009211) and backward (0.019739) time: 0.036671, iotime: 0.007435 
2022-08-04 18:20:14,886 [dl_trainer.py:634] INFO train iter: 3528, num_batches_per_epoch: 49
2022-08-04 18:20:14,887 [dl_trainer.py:635] INFO Epoch 72, avg train acc: 95.200893, lr: 0.100000, avg loss: 0.138805
2022-08-04 18:20:17,221 [dist_trainer.py:90] WARNING Time per iteration including communication: 0.083223, Speed: 1538.032685 images/s
2022-08-04 18:20:18,103 [dl_trainer.py:731] WARNING [ 72][ 3560/   49][rank:1] loss: 0.158, average forward (0.009565) and backward (0.022760) time: 0.039692, iotime: 0.007067 
2022-08-04 18:20:18,927 [dl_trainer.py:634] INFO train iter: 3577, num_batches_per_epoch: 49
2022-08-04 18:20:18,927 [dl_trainer.py:635] INFO Epoch 73, avg train acc: 94.866071, lr: 0.100000, avg loss: 0.140877
2022-08-04 18:20:21,292 [dist_trainer.py:90] WARNING Time per iteration including communication: 0.084809, Speed: 1509.271388 images/s
2022-08-04 18:20:21,609 [dl_trainer.py:731] WARNING [ 73][ 3600/   49][rank:1] loss: 0.136, average forward (0.009797) and backward (0.021424) time: 0.033693, iotime: 0.002179 
2022-08-04 18:20:23,037 [dl_trainer.py:634] INFO train iter: 3626, num_batches_per_epoch: 49
2022-08-04 18:20:23,037 [dl_trainer.py:635] INFO Epoch 74, avg train acc: 94.993622, lr: 0.100000, avg loss: 0.137001
2022-08-04 18:20:25,356 [dl_trainer.py:731] WARNING [ 74][ 3640/   49][rank:1] loss: 0.090, average forward (0.009508) and backward (0.023604) time: 0.040802, iotime: 0.007376 
2022-08-04 18:20:25,405 [dist_trainer.py:90] WARNING Time per iteration including communication: 0.085673, Speed: 1494.048301 images/s
2022-08-04 18:20:27,225 [dl_trainer.py:634] INFO train iter: 3675, num_batches_per_epoch: 49
2022-08-04 18:20:27,226 [dl_trainer.py:635] INFO Epoch 75, avg train acc: 94.387755, lr: 0.100000, avg loss: 0.156079
2022-08-04 18:20:28,958 [dl_trainer.py:731] WARNING [ 75][ 3680/   49][rank:1] loss: 0.079, average forward (0.009689) and backward (0.021662) time: 0.038566, iotime: 0.006900 
2022-08-04 18:20:29,369 [dist_trainer.py:90] WARNING Time per iteration including communication: 0.082562, Speed: 1550.348836 images/s
2022-08-04 18:20:30,953 [dl_trainer.py:731] WARNING [ 75][ 3720/   49][rank:1] loss: 0.172, average forward (0.009099) and backward (0.020766) time: 0.036719, iotime: 0.006592 
2022-08-04 18:20:31,128 [dl_trainer.py:634] INFO train iter: 3724, num_batches_per_epoch: 49
2022-08-04 18:20:31,129 [dl_trainer.py:635] INFO Epoch 76, avg train acc: 94.897959, lr: 0.100000, avg loss: 0.144789
2022-08-04 18:20:33,327 [dist_trainer.py:90] WARNING Time per iteration including communication: 0.082457, Speed: 1552.322727 images/s
2022-08-04 18:20:34,620 [dl_trainer.py:731] WARNING [ 76][ 3760/   49][rank:1] loss: 0.060, average forward (0.009700) and backward (0.020846) time: 0.037921, iotime: 0.007089 
2022-08-04 18:20:35,240 [dl_trainer.py:634] INFO train iter: 3773, num_batches_per_epoch: 49
2022-08-04 18:20:35,241 [dl_trainer.py:635] INFO Epoch 77, avg train acc: 95.774872, lr: 0.100000, avg loss: 0.120784
2022-08-04 18:20:37,338 [dist_trainer.py:90] WARNING Time per iteration including communication: 0.083547, Speed: 1532.069562 images/s
2022-08-04 18:20:38,209 [dl_trainer.py:731] WARNING [ 77][ 3800/   49][rank:1] loss: 0.086, average forward (0.009902) and backward (0.022812) time: 0.040025, iotime: 0.006988 
2022-08-04 18:20:39,258 [dl_trainer.py:634] INFO train iter: 3822, num_batches_per_epoch: 49
2022-08-04 18:20:39,258 [dl_trainer.py:635] INFO Epoch 78, avg train acc: 95.503827, lr: 0.100000, avg loss: 0.126734
2022-08-04 18:20:41,356 [dist_trainer.py:90] WARNING Time per iteration including communication: 0.083676, Speed: 1529.704105 images/s
2022-08-04 18:20:41,665 [dl_trainer.py:731] WARNING [ 78][ 3840/   49][rank:1] loss: 0.132, average forward (0.009324) and backward (0.021729) time: 0.033472, iotime: 0.002128 
2022-08-04 18:20:43,389 [dl_trainer.py:634] INFO train iter: 3871, num_batches_per_epoch: 49
2022-08-04 18:20:43,390 [dl_trainer.py:635] INFO Epoch 79, avg train acc: 95.455995, lr: 0.100000, avg loss: 0.128797
2022-08-04 18:20:45,375 [dl_trainer.py:731] WARNING [ 79][ 3880/   49][rank:1] loss: 0.113, average forward (0.011115) and backward (0.023899) time: 0.042371, iotime: 0.007033 
2022-08-04 18:20:45,427 [dist_trainer.py:90] WARNING Time per iteration including communication: 0.084799, Speed: 1509.445103 images/s
2022-08-04 18:20:47,424 [dl_trainer.py:731] WARNING [ 79][ 3920/   49][rank:1] loss: 0.138, average forward (0.009851) and backward (0.020200) time: 0.036991, iotime: 0.006682 
2022-08-04 18:20:47,438 [dl_trainer.py:634] INFO train iter: 3920, num_batches_per_epoch: 49
2022-08-04 18:20:47,439 [dl_trainer.py:635] INFO Epoch 80, avg train acc: 95.424107, lr: 0.100000, avg loss: 0.131527
2022-08-04 18:20:49,471 [dist_trainer.py:90] WARNING Time per iteration including communication: 0.084231, Speed: 1519.630645 images/s
2022-08-04 18:20:51,169 [dl_trainer.py:731] WARNING [ 80][ 3960/   49][rank:1] loss: 0.160, average forward (0.010583) and backward (0.022088) time: 0.040204, iotime: 0.007217 
2022-08-04 18:20:51,580 [dl_trainer.py:634] INFO train iter: 3969, num_batches_per_epoch: 49
2022-08-04 18:20:51,581 [dl_trainer.py:635] INFO Epoch 81, avg train acc: 95.471939, lr: 0.100000, avg loss: 0.129963
2022-08-04 18:20:53,545 [dist_trainer.py:90] WARNING Time per iteration including communication: 0.084882, Speed: 1507.979642 images/s
2022-08-04 18:20:54,793 [dl_trainer.py:731] WARNING [ 81][ 4000/   49][rank:1] loss: 0.039, average forward (0.010155) and backward (0.021956) time: 0.039424, iotime: 0.007012 
2022-08-04 18:20:55,666 [dl_trainer.py:634] INFO train iter: 4018, num_batches_per_epoch: 49
2022-08-04 18:20:55,667 [dl_trainer.py:635] INFO Epoch 82, avg train acc: 96.364796, lr: 0.010000, avg loss: 0.100570
2022-08-04 18:20:57,578 [dist_trainer.py:90] WARNING Time per iteration including communication: 0.084004, Speed: 1523.745707 images/s
2022-08-04 18:20:58,500 [dl_trainer.py:731] WARNING [ 82][ 4040/   49][rank:1] loss: 0.111, average forward (0.009637) and backward (0.022217) time: 0.039014, iotime: 0.006888 
2022-08-04 18:20:59,807 [dl_trainer.py:634] INFO train iter: 4067, num_batches_per_epoch: 49
2022-08-04 18:20:59,807 [dl_trainer.py:635] INFO Epoch 83, avg train acc: 97.018495, lr: 0.010000, avg loss: 0.078653
2022-08-04 18:21:01,629 [dist_trainer.py:90] WARNING Time per iteration including communication: 0.084381, Speed: 1516.930699 images/s
2022-08-04 18:21:01,951 [dl_trainer.py:731] WARNING [ 83][ 4080/   49][rank:1] loss: 0.086, average forward (0.009135) and backward (0.020152) time: 0.031601, iotime: 0.002061 
2022-08-04 18:21:03,819 [dl_trainer.py:634] INFO train iter: 4116, num_batches_per_epoch: 49
2022-08-04 18:21:03,820 [dl_trainer.py:635] INFO Epoch 84, avg train acc: 97.273597, lr: 0.010000, avg loss: 0.073986
2022-08-04 18:21:05,538 [dl_trainer.py:731] WARNING [ 84][ 4120/   49][rank:1] loss: 0.077, average forward (0.009487) and backward (0.022238) time: 0.038713, iotime: 0.006700 
2022-08-04 18:21:05,586 [dist_trainer.py:90] WARNING Time per iteration including communication: 0.082410, Speed: 1553.207357 images/s
2022-08-04 18:21:07,514 [dl_trainer.py:731] WARNING [ 84][ 4160/   49][rank:1] loss: 0.051, average forward (0.009755) and backward (0.020401) time: 0.037801, iotime: 0.007398 
2022-08-04 18:21:07,771 [dl_trainer.py:634] INFO train iter: 4165, num_batches_per_epoch: 49
2022-08-04 18:21:07,771 [dl_trainer.py:635] INFO Epoch 85, avg train acc: 98.054847, lr: 0.010000, avg loss: 0.065036
2022-08-04 18:21:09,505 [dist_trainer.py:90] WARNING Time per iteration including communication: 0.081638, Speed: 1567.894090 images/s
2022-08-04 18:21:11,143 [dl_trainer.py:731] WARNING [ 85][ 4200/   49][rank:1] loss: 0.076, average forward (0.008897) and backward (0.021274) time: 0.037159, iotime: 0.006726 
2022-08-04 18:21:11,826 [dl_trainer.py:634] INFO train iter: 4214, num_batches_per_epoch: 49
2022-08-04 18:21:11,826 [dl_trainer.py:635] INFO Epoch 86, avg train acc: 97.640306, lr: 0.010000, avg loss: 0.072391
2022-08-04 18:21:13,568 [dist_trainer.py:90] WARNING Time per iteration including communication: 0.084628, Speed: 1512.496253 images/s
2022-08-04 18:21:14,768 [dl_trainer.py:731] WARNING [ 86][ 4240/   49][rank:1] loss: 0.063, average forward (0.008974) and backward (0.021692) time: 0.037645, iotime: 0.006709 
2022-08-04 18:21:15,906 [dl_trainer.py:634] INFO train iter: 4263, num_batches_per_epoch: 49
2022-08-04 18:21:15,906 [dl_trainer.py:635] INFO Epoch 87, avg train acc: 97.911352, lr: 0.010000, avg loss: 0.064608
2022-08-04 18:21:17,521 [dist_trainer.py:90] WARNING Time per iteration including communication: 0.082350, Speed: 1554.350025 images/s
2022-08-04 18:21:18,443 [dl_trainer.py:731] WARNING [ 87][ 4280/   49][rank:1] loss: 0.084, average forward (0.011038) and backward (0.023416) time: 0.042336, iotime: 0.007522 
2022-08-04 18:21:19,922 [dl_trainer.py:634] INFO train iter: 4312, num_batches_per_epoch: 49
2022-08-04 18:21:19,923 [dl_trainer.py:635] INFO Epoch 88, avg train acc: 97.895408, lr: 0.010000, avg loss: 0.064235
2022-08-04 18:21:21,537 [dist_trainer.py:90] WARNING Time per iteration including communication: 0.083651, Speed: 1530.158167 images/s
2022-08-04 18:21:21,871 [dl_trainer.py:731] WARNING [ 88][ 4320/   49][rank:1] loss: 0.028, average forward (0.008827) and backward (0.019271) time: 0.030323, iotime: 0.001974 
2022-08-04 18:21:23,945 [dl_trainer.py:731] WARNING [ 88][ 4360/   49][rank:1] loss: 0.060, average forward (0.009773) and backward (0.023775) time: 0.040734, iotime: 0.006853 
2022-08-04 18:21:24,013 [dist_trainer.py:90] WARNING Time per iteration including communication: 0.051565, Speed: 2482.279910 images/s
2022-08-04 18:21:24,014 [dl_trainer.py:634] INFO train iter: 4361, num_batches_per_epoch: 49
2022-08-04 18:21:24,014 [dl_trainer.py:635] INFO Epoch 89, avg train acc: 98.214286, lr: 0.010000, avg loss: 0.055130
2022-08-04 18:21:27,615 [dl_trainer.py:731] WARNING [ 89][ 4400/   49][rank:1] loss: 0.034, average forward (0.009548) and backward (0.024390) time: 0.041165, iotime: 0.006971 
2022-08-04 18:21:28,041 [dist_trainer.py:90] WARNING Time per iteration including communication: 0.083913, Speed: 1525.397456 images/s
2022-08-04 18:21:28,093 [dl_trainer.py:634] INFO train iter: 4410, num_batches_per_epoch: 49
2022-08-04 18:21:28,093 [dl_trainer.py:635] INFO Epoch 90, avg train acc: 98.166454, lr: 0.010000, avg loss: 0.057016
2022-08-04 18:21:31,334 [dl_trainer.py:731] WARNING [ 90][ 4440/   49][rank:1] loss: 0.065, average forward (0.009515) and backward (0.022153) time: 0.039002, iotime: 0.007057 
2022-08-04 18:21:32,143 [dist_trainer.py:90] WARNING Time per iteration including communication: 0.085437, Speed: 1498.185523 images/s
2022-08-04 18:21:32,245 [dl_trainer.py:634] INFO train iter: 4459, num_batches_per_epoch: 49
2022-08-04 18:21:32,245 [dl_trainer.py:635] INFO Epoch 91, avg train acc: 98.214286, lr: 0.010000, avg loss: 0.057277
2022-08-04 18:21:34,960 [dl_trainer.py:731] WARNING [ 91][ 4480/   49][rank:1] loss: 0.048, average forward (0.010479) and backward (0.024171) time: 0.041808, iotime: 0.006857 
2022-08-04 18:21:36,130 [dist_trainer.py:90] WARNING Time per iteration including communication: 0.083036, Speed: 1541.497757 images/s
2022-08-04 18:21:36,273 [dl_trainer.py:634] INFO train iter: 4508, num_batches_per_epoch: 49
2022-08-04 18:21:36,274 [dl_trainer.py:635] INFO Epoch 92, avg train acc: 98.262117, lr: 0.010000, avg loss: 0.052097
2022-08-04 18:21:38,751 [dl_trainer.py:731] WARNING [ 92][ 4520/   49][rank:1] loss: 0.090, average forward (0.010225) and backward (0.022513) time: 0.040190, iotime: 0.007171 
2022-08-04 18:21:40,265 [dist_trainer.py:90] WARNING Time per iteration including communication: 0.086148, Speed: 1485.819328 images/s
2022-08-04 18:21:40,465 [dl_trainer.py:634] INFO train iter: 4557, num_batches_per_epoch: 49
2022-08-04 18:21:40,465 [dl_trainer.py:635] INFO Epoch 93, avg train acc: 98.198342, lr: 0.010000, avg loss: 0.056190
2022-08-04 18:21:42,141 [dl_trainer.py:731] WARNING [ 93][ 4560/   49][rank:1] loss: 0.047, average forward (0.009939) and backward (0.022198) time: 0.034604, iotime: 0.002188 
2022-08-04 18:21:44,131 [dl_trainer.py:731] WARNING [ 93][ 4600/   49][rank:1] loss: 0.023, average forward (0.009437) and backward (0.021251) time: 0.037491, iotime: 0.006548 
2022-08-04 18:21:44,185 [dist_trainer.py:90] WARNING Time per iteration including communication: 0.081655, Speed: 1567.577540 images/s
2022-08-04 18:21:44,409 [dl_trainer.py:634] INFO train iter: 4606, num_batches_per_epoch: 49
2022-08-04 18:21:44,409 [dl_trainer.py:635] INFO Epoch 94, avg train acc: 98.278061, lr: 0.010000, avg loss: 0.055411
2022-08-04 18:21:47,783 [dl_trainer.py:731] WARNING [ 94][ 4640/   49][rank:1] loss: 0.046, average forward (0.008969) and backward (0.022940) time: 0.038928, iotime: 0.006758 
2022-08-04 18:21:48,237 [dist_trainer.py:90] WARNING Time per iteration including communication: 0.084404, Speed: 1516.517471 images/s
2022-08-04 18:21:48,533 [dl_trainer.py:634] INFO train iter: 4655, num_batches_per_epoch: 49
2022-08-04 18:21:48,533 [dl_trainer.py:635] INFO Epoch 95, avg train acc: 98.517219, lr: 0.010000, avg loss: 0.047446
2022-08-04 18:21:51,422 [dl_trainer.py:731] WARNING [ 95][ 4680/   49][rank:1] loss: 0.028, average forward (0.009493) and backward (0.020569) time: 0.037151, iotime: 0.006813 
2022-08-04 18:21:52,214 [dist_trainer.py:90] WARNING Time per iteration including communication: 0.082842, Speed: 1545.117522 images/s
2022-08-04 18:21:52,569 [dl_trainer.py:634] INFO train iter: 4704, num_batches_per_epoch: 49
2022-08-04 18:21:52,569 [dl_trainer.py:635] INFO Epoch 96, avg train acc: 98.724490, lr: 0.010000, avg loss: 0.044294
2022-08-04 18:21:55,233 [dl_trainer.py:731] WARNING [ 96][ 4720/   49][rank:1] loss: 0.020, average forward (0.011736) and backward (0.022803) time: 0.042034, iotime: 0.007167 
2022-08-04 18:21:56,452 [dist_trainer.py:90] WARNING Time per iteration including communication: 0.088280, Speed: 1449.936076 images/s
2022-08-04 18:21:57,055 [dl_trainer.py:634] INFO train iter: 4753, num_batches_per_epoch: 49
2022-08-04 18:21:57,056 [dl_trainer.py:635] INFO Epoch 97, avg train acc: 98.373724, lr: 0.010000, avg loss: 0.052998
2022-08-04 18:21:58,927 [dl_trainer.py:731] WARNING [ 97][ 4760/   49][rank:1] loss: 0.049, average forward (0.010259) and backward (0.023966) time: 0.041697, iotime: 0.007163 
2022-08-04 18:22:00,474 [dist_trainer.py:90] WARNING Time per iteration including communication: 0.083771, Speed: 1527.977878 images/s
2022-08-04 18:22:00,783 [dl_trainer.py:731] WARNING [ 97][ 4800/   49][rank:1] loss: 0.022, average forward (0.008796) and backward (0.021149) time: 0.032122, iotime: 0.001942 
2022-08-04 18:22:01,071 [dl_trainer.py:634] INFO train iter: 4802, num_batches_per_epoch: 49
2022-08-04 18:22:01,072 [dl_trainer.py:635] INFO Epoch 98, avg train acc: 98.469388, lr: 0.010000, avg loss: 0.047765
2022-08-04 18:22:04,448 [dl_trainer.py:731] WARNING [ 98][ 4840/   49][rank:1] loss: 0.031, average forward (0.009957) and backward (0.021875) time: 0.038972, iotime: 0.006836 
2022-08-04 18:22:04,497 [dist_trainer.py:90] WARNING Time per iteration including communication: 0.083803, Speed: 1527.395458 images/s
2022-08-04 18:22:05,143 [dl_trainer.py:634] INFO train iter: 4851, num_batches_per_epoch: 49
2022-08-04 18:22:05,143 [dl_trainer.py:635] INFO Epoch 99, avg train acc: 98.517219, lr: 0.010000, avg loss: 0.049637
2022-08-04 18:22:07,956 [dl_trainer.py:731] WARNING [ 99][ 4880/   49][rank:1] loss: 0.030, average forward (0.010110) and backward (0.021199) time: 0.038814, iotime: 0.007207 
2022-08-04 18:22:08,409 [dist_trainer.py:90] WARNING Time per iteration including communication: 0.081477, Speed: 1570.990011 images/s
2022-08-04 18:22:09,121 [dl_trainer.py:634] INFO train iter: 4900, num_batches_per_epoch: 49
2022-08-04 18:22:09,122 [dl_trainer.py:635] INFO Epoch 100, avg train acc: 98.405612, lr: 0.010000, avg loss: 0.051362
2022-08-04 18:22:11,778 [dl_trainer.py:731] WARNING [100][ 4920/   49][rank:1] loss: 0.031, average forward (0.009587) and backward (0.023782) time: 0.040522, iotime: 0.006849 
2022-08-04 18:22:12,593 [dist_trainer.py:90] WARNING Time per iteration including communication: 0.087162, Speed: 1468.525212 images/s
2022-08-04 18:22:13,387 [dl_trainer.py:634] INFO train iter: 4949, num_batches_per_epoch: 49
2022-08-04 18:22:13,388 [dl_trainer.py:635] INFO Epoch 101, avg train acc: 98.325893, lr: 0.010000, avg loss: 0.051581
2022-08-04 18:22:15,418 [dl_trainer.py:731] WARNING [101][ 4960/   49][rank:1] loss: 0.047, average forward (0.010150) and backward (0.021700) time: 0.039468, iotime: 0.007329 
2022-08-04 18:22:16,691 [dist_trainer.py:90] WARNING Time per iteration including communication: 0.085362, Speed: 1499.495264 images/s
2022-08-04 18:22:17,495 [dl_trainer.py:634] INFO train iter: 4998, num_batches_per_epoch: 49
2022-08-04 18:22:17,495 [dl_trainer.py:635] INFO Epoch 102, avg train acc: 98.628827, lr: 0.010000, avg loss: 0.044563
2022-08-04 18:22:19,160 [dl_trainer.py:731] WARNING [102][ 5000/   49][rank:1] loss: 0.018, average forward (0.008541) and backward (0.021698) time: 0.037647, iotime: 0.007159 
2022-08-04 18:22:20,738 [dist_trainer.py:90] WARNING Time per iteration including communication: 0.084294, Speed: 1518.501212 images/s
2022-08-04 18:22:21,057 [dl_trainer.py:731] WARNING [102][ 5040/   49][rank:1] loss: 0.027, average forward (0.009694) and backward (0.021117) time: 0.033219, iotime: 0.002139 
2022-08-04 18:22:21,579 [dl_trainer.py:634] INFO train iter: 5047, num_batches_per_epoch: 49
2022-08-04 18:22:21,579 [dl_trainer.py:635] INFO Epoch 103, avg train acc: 98.628827, lr: 0.010000, avg loss: 0.045949
2022-08-04 18:22:24,700 [dl_trainer.py:731] WARNING [103][ 5080/   49][rank:1] loss: 0.022, average forward (0.010473) and backward (0.021887) time: 0.039943, iotime: 0.007268 
2022-08-04 18:22:24,767 [dist_trainer.py:90] WARNING Time per iteration including communication: 0.083911, Speed: 1525.428969 images/s
2022-08-04 18:22:25,691 [dl_trainer.py:634] INFO train iter: 5096, num_batches_per_epoch: 49
2022-08-04 18:22:25,692 [dl_trainer.py:635] INFO Epoch 104, avg train acc: 98.788265, lr: 0.010000, avg loss: 0.042541
2022-08-04 18:22:28,437 [dl_trainer.py:731] WARNING [104][ 5120/   49][rank:1] loss: 0.050, average forward (0.009207) and backward (0.020469) time: 0.037002, iotime: 0.007061 
2022-08-04 18:22:28,862 [dist_trainer.py:90] WARNING Time per iteration including communication: 0.085312, Speed: 1500.367600 images/s
2022-08-04 18:22:29,818 [dl_trainer.py:634] INFO train iter: 5145, num_batches_per_epoch: 49
2022-08-04 18:22:29,818 [dl_trainer.py:635] INFO Epoch 105, avg train acc: 98.517219, lr: 0.010000, avg loss: 0.049287
2022-08-04 18:22:32,213 [dl_trainer.py:731] WARNING [105][ 5160/   49][rank:1] loss: 0.005, average forward (0.008551) and backward (0.021016) time: 0.036590, iotime: 0.006772 
2022-08-04 18:22:33,021 [dist_trainer.py:90] WARNING Time per iteration including communication: 0.086640, Speed: 1477.379258 images/s
2022-08-04 18:22:34,011 [dl_trainer.py:634] INFO train iter: 5194, num_batches_per_epoch: 49
2022-08-04 18:22:34,012 [dl_trainer.py:635] INFO Epoch 106, avg train acc: 98.724490, lr: 0.010000, avg loss: 0.044643
2022-08-04 18:22:35,891 [dl_trainer.py:731] WARNING [106][ 5200/   49][rank:1] loss: 0.087, average forward (0.008852) and backward (0.022847) time: 0.038850, iotime: 0.006893 
2022-08-04 18:22:37,069 [dist_trainer.py:90] WARNING Time per iteration including communication: 0.084323, Speed: 1517.966408 images/s
2022-08-04 18:22:37,951 [dl_trainer.py:731] WARNING [106][ 5240/   49][rank:1] loss: 0.019, average forward (0.009894) and backward (0.022340) time: 0.039296, iotime: 0.006796 
2022-08-04 18:22:38,114 [dl_trainer.py:634] INFO train iter: 5243, num_batches_per_epoch: 49
2022-08-04 18:22:38,114 [dl_trainer.py:635] INFO Epoch 107, avg train acc: 98.676658, lr: 0.010000, avg loss: 0.041009
2022-08-04 18:22:41,137 [dist_trainer.py:90] WARNING Time per iteration including communication: 0.084716, Speed: 1510.927500 images/s
2022-08-04 18:22:41,450 [dl_trainer.py:731] WARNING [107][ 5280/   49][rank:1] loss: 0.026, average forward (0.008812) and backward (0.021582) time: 0.032713, iotime: 0.002057 
2022-08-04 18:22:42,210 [dl_trainer.py:634] INFO train iter: 5292, num_batches_per_epoch: 49
2022-08-04 18:22:42,210 [dl_trainer.py:635] INFO Epoch 108, avg train acc: 98.565051, lr: 0.010000, avg loss: 0.044218
2022-08-04 18:22:45,178 [dl_trainer.py:731] WARNING [108][ 5320/   49][rank:1] loss: 0.048, average forward (0.009260) and backward (0.021690) time: 0.037892, iotime: 0.006696 
2022-08-04 18:22:45,244 [dist_trainer.py:90] WARNING Time per iteration including communication: 0.085560, Speed: 1496.025070 images/s
2022-08-04 18:22:46,381 [dl_trainer.py:634] INFO train iter: 5341, num_batches_per_epoch: 49
2022-08-04 18:22:46,382 [dl_trainer.py:635] INFO Epoch 109, avg train acc: 98.692602, lr: 0.010000, avg loss: 0.042454
2022-08-04 18:22:48,769 [dl_trainer.py:731] WARNING [109][ 5360/   49][rank:1] loss: 0.017, average forward (0.009072) and backward (0.021057) time: 0.037409, iotime: 0.007006 
2022-08-04 18:22:49,239 [dist_trainer.py:90] WARNING Time per iteration including communication: 0.083216, Speed: 1538.168738 images/s
2022-08-04 18:22:50,414 [dl_trainer.py:634] INFO train iter: 5390, num_batches_per_epoch: 49
2022-08-04 18:22:50,415 [dl_trainer.py:635] INFO Epoch 110, avg train acc: 98.517219, lr: 0.010000, avg loss: 0.044613
2022-08-04 18:22:52,489 [dl_trainer.py:731] WARNING [110][ 5400/   49][rank:1] loss: 0.050, average forward (0.009942) and backward (0.023799) time: 0.041462, iotime: 0.007413 
2022-08-04 18:22:53,301 [dist_trainer.py:90] WARNING Time per iteration including communication: 0.084614, Speed: 1512.760752 images/s
2022-08-04 18:22:54,558 [dl_trainer.py:634] INFO train iter: 5439, num_batches_per_epoch: 49
2022-08-04 18:22:54,558 [dl_trainer.py:635] INFO Epoch 111, avg train acc: 98.644770, lr: 0.010000, avg loss: 0.043778
2022-08-04 18:22:54,595 [dl_trainer.py:731] WARNING [111][ 5440/   49][rank:1] loss: 0.013, average forward (0.010055) and backward (0.022025) time: 0.039478, iotime: 0.007123 
2022-08-04 18:22:57,361 [dist_trainer.py:90] WARNING Time per iteration including communication: 0.084569, Speed: 1513.556316 images/s
2022-08-04 18:22:58,236 [dl_trainer.py:731] WARNING [111][ 5480/   49][rank:1] loss: 0.058, average forward (0.009510) and backward (0.021672) time: 0.038418, iotime: 0.006961 
2022-08-04 18:22:58,574 [dl_trainer.py:634] INFO train iter: 5488, num_batches_per_epoch: 49
2022-08-04 18:22:58,574 [dl_trainer.py:635] INFO Epoch 112, avg train acc: 99.043367, lr: 0.010000, avg loss: 0.036764
2022-08-04 18:23:01,345 [dist_trainer.py:90] WARNING Time per iteration including communication: 0.082989, Speed: 1542.375351 images/s
2022-08-04 18:23:01,665 [dl_trainer.py:731] WARNING [112][ 5520/   49][rank:1] loss: 0.031, average forward (0.010455) and backward (0.023452) time: 0.036496, iotime: 0.002295 
2022-08-04 18:23:02,670 [dl_trainer.py:634] INFO train iter: 5537, num_batches_per_epoch: 49
2022-08-04 18:23:02,670 [dl_trainer.py:635] INFO Epoch 113, avg train acc: 98.628827, lr: 0.010000, avg loss: 0.044637
2022-08-04 18:23:05,286 [dl_trainer.py:731] WARNING [113][ 5560/   49][rank:1] loss: 0.035, average forward (0.008955) and backward (0.021945) time: 0.037967, iotime: 0.006808 
2022-08-04 18:23:05,343 [dist_trainer.py:90] WARNING Time per iteration including communication: 0.083281, Speed: 1536.966397 images/s
2022-08-04 18:23:06,717 [dl_trainer.py:634] INFO train iter: 5586, num_batches_per_epoch: 49
2022-08-04 18:23:06,717 [dl_trainer.py:635] INFO Epoch 114, avg train acc: 98.596939, lr: 0.010000, avg loss: 0.042878
2022-08-04 18:23:09,016 [dl_trainer.py:731] WARNING [114][ 5600/   49][rank:1] loss: 0.074, average forward (0.009162) and backward (0.021346) time: 0.037729, iotime: 0.006955 
2022-08-04 18:23:09,481 [dist_trainer.py:90] WARNING Time per iteration including communication: 0.086185, Speed: 1485.177178 images/s
2022-08-04 18:23:10,880 [dl_trainer.py:634] INFO train iter: 5635, num_batches_per_epoch: 49
2022-08-04 18:23:10,880 [dl_trainer.py:635] INFO Epoch 115, avg train acc: 98.676658, lr: 0.010000, avg loss: 0.042094
2022-08-04 18:23:12,632 [dl_trainer.py:731] WARNING [115][ 5640/   49][rank:1] loss: 0.040, average forward (0.009379) and backward (0.023463) time: 0.040603, iotime: 0.007451 
2022-08-04 18:23:13,385 [dist_trainer.py:90] WARNING Time per iteration including communication: 0.081334, Speed: 1573.759998 images/s
2022-08-04 18:23:14,702 [dl_trainer.py:731] WARNING [115][ 5680/   49][rank:1] loss: 0.015, average forward (0.009459) and backward (0.022343) time: 0.038815, iotime: 0.006744 
2022-08-04 18:23:14,899 [dl_trainer.py:634] INFO train iter: 5684, num_batches_per_epoch: 49
2022-08-04 18:23:14,900 [dl_trainer.py:635] INFO Epoch 116, avg train acc: 98.804209, lr: 0.010000, avg loss: 0.041208
2022-08-04 18:23:17,420 [dist_trainer.py:90] WARNING Time per iteration including communication: 0.084045, Speed: 1522.991062 images/s
2022-08-04 18:23:18,319 [dl_trainer.py:731] WARNING [116][ 5720/   49][rank:1] loss: 0.053, average forward (0.009920) and backward (0.021948) time: 0.039169, iotime: 0.007036 
2022-08-04 18:23:18,976 [dl_trainer.py:634] INFO train iter: 5733, num_batches_per_epoch: 49
2022-08-04 18:23:18,976 [dl_trainer.py:635] INFO Epoch 117, avg train acc: 98.501276, lr: 0.010000, avg loss: 0.042657
2022-08-04 18:23:21,583 [dist_trainer.py:90] WARNING Time per iteration including communication: 0.086700, Speed: 1476.359352 images/s
2022-08-04 18:23:21,899 [dl_trainer.py:731] WARNING [117][ 5760/   49][rank:1] loss: 0.020, average forward (0.010881) and backward (0.023162) time: 0.036639, iotime: 0.002306 
2022-08-04 18:23:23,093 [dl_trainer.py:634] INFO train iter: 5782, num_batches_per_epoch: 49
2022-08-04 18:23:23,093 [dl_trainer.py:635] INFO Epoch 118, avg train acc: 98.820153, lr: 0.010000, avg loss: 0.039563
2022-08-04 18:23:25,490 [dl_trainer.py:731] WARNING [118][ 5800/   49][rank:1] loss: 0.032, average forward (0.009039) and backward (0.019808) time: 0.036077, iotime: 0.006979 
2022-08-04 18:23:25,551 [dist_trainer.py:90] WARNING Time per iteration including communication: 0.082665, Speed: 1548.411963 images/s
2022-08-04 18:23:27,197 [dl_trainer.py:634] INFO train iter: 5831, num_batches_per_epoch: 49
2022-08-04 18:23:27,198 [dl_trainer.py:635] INFO Epoch 119, avg train acc: 98.804209, lr: 0.010000, avg loss: 0.040433
2022-08-04 18:23:29,217 [dl_trainer.py:731] WARNING [119][ 5840/   49][rank:1] loss: 0.040, average forward (0.009186) and backward (0.020688) time: 0.037033, iotime: 0.006869 
2022-08-04 18:23:29,660 [dist_trainer.py:90] WARNING Time per iteration including communication: 0.085597, Speed: 1495.372248 images/s
2022-08-04 18:23:31,335 [dl_trainer.py:731] WARNING [119][ 5880/   49][rank:1] loss: 0.019, average forward (0.009424) and backward (0.020376) time: 0.037174, iotime: 0.007101 
2022-08-04 18:23:31,339 [dl_trainer.py:634] INFO train iter: 5880, num_batches_per_epoch: 49
2022-08-04 18:23:31,340 [dl_trainer.py:635] INFO Epoch 120, avg train acc: 98.852041, lr: 0.010000, avg loss: 0.037954
2022-08-04 18:23:33,742 [dist_trainer.py:90] WARNING Time per iteration including communication: 0.085021, Speed: 1505.506285 images/s
2022-08-04 18:23:35,057 [dl_trainer.py:731] WARNING [120][ 5920/   49][rank:1] loss: 0.057, average forward (0.010711) and backward (0.023333) time: 0.041394, iotime: 0.007057 
2022-08-04 18:23:35,500 [dl_trainer.py:634] INFO train iter: 5929, num_batches_per_epoch: 49
2022-08-04 18:23:35,501 [dl_trainer.py:635] INFO Epoch 121, avg train acc: 98.867985, lr: 0.010000, avg loss: 0.036976
2022-08-04 18:23:37,829 [dist_trainer.py:90] WARNING Time per iteration including communication: 0.085133, Speed: 1503.521416 images/s
2022-08-04 18:23:38,772 [dl_trainer.py:731] WARNING [121][ 5960/   49][rank:1] loss: 0.047, average forward (0.010000) and backward (0.023907) time: 0.041642, iotime: 0.007420 
2022-08-04 18:23:39,675 [dl_trainer.py:634] INFO train iter: 5978, num_batches_per_epoch: 49
2022-08-04 18:23:39,675 [dl_trainer.py:635] INFO Epoch 122, avg train acc: 99.107143, lr: 0.010000, avg loss: 0.034886
2022-08-04 18:23:41,973 [dist_trainer.py:90] WARNING Time per iteration including communication: 0.086310, Speed: 1483.025546 images/s
2022-08-04 18:23:42,292 [dl_trainer.py:731] WARNING [122][ 6000/   49][rank:1] loss: 0.015, average forward (0.008681) and backward (0.019233) time: 0.030169, iotime: 0.001998 
2022-08-04 18:23:43,762 [dl_trainer.py:634] INFO train iter: 6027, num_batches_per_epoch: 49
2022-08-04 18:23:43,762 [dl_trainer.py:635] INFO Epoch 123, avg train acc: 98.931760, lr: 0.001000, avg loss: 0.035639
2022-08-04 18:23:45,989 [dl_trainer.py:731] WARNING [123][ 6040/   49][rank:1] loss: 0.012, average forward (0.009195) and backward (0.021562) time: 0.037849, iotime: 0.006822 
2022-08-04 18:23:46,043 [dist_trainer.py:90] WARNING Time per iteration including communication: 0.084788, Speed: 1509.653967 images/s
2022-08-04 18:23:47,845 [dl_trainer.py:634] INFO train iter: 6076, num_batches_per_epoch: 49
2022-08-04 18:23:47,846 [dl_trainer.py:635] INFO Epoch 124, avg train acc: 98.852041, lr: 0.001000, avg loss: 0.037099
2022-08-04 18:23:49,661 [dl_trainer.py:731] WARNING [124][ 6080/   49][rank:1] loss: 0.030, average forward (0.009810) and backward (0.021024) time: 0.038383, iotime: 0.007266 
2022-08-04 18:23:50,147 [dist_trainer.py:90] WARNING Time per iteration including communication: 0.085486, Speed: 1497.326597 images/s
2022-08-04 18:23:51,802 [dl_trainer.py:731] WARNING [124][ 6120/   49][rank:1] loss: 0.055, average forward (0.009300) and backward (0.021176) time: 0.037776, iotime: 0.007036 
2022-08-04 18:23:52,044 [dl_trainer.py:634] INFO train iter: 6125, num_batches_per_epoch: 49
2022-08-04 18:23:52,044 [dl_trainer.py:635] INFO Epoch 125, avg train acc: 98.836097, lr: 0.001000, avg loss: 0.036237
2022-08-04 18:23:54,214 [dist_trainer.py:90] WARNING Time per iteration including communication: 0.084712, Speed: 1510.995539 images/s
2022-08-04 18:23:55,443 [dl_trainer.py:731] WARNING [125][ 6160/   49][rank:1] loss: 0.030, average forward (0.008863) and backward (0.018782) time: 0.035051, iotime: 0.007137 
2022-08-04 18:23:56,088 [dl_trainer.py:634] INFO train iter: 6174, num_batches_per_epoch: 49
2022-08-04 18:23:56,088 [dl_trainer.py:635] INFO Epoch 126, avg train acc: 98.931760, lr: 0.001000, avg loss: 0.037027
2022-08-04 18:23:58,223 [dist_trainer.py:90] WARNING Time per iteration including communication: 0.083502, Speed: 1532.902165 images/s
2022-08-04 18:23:59,114 [dl_trainer.py:731] WARNING [126][ 6200/   49][rank:1] loss: 0.033, average forward (0.009099) and backward (0.022050) time: 0.038550, iotime: 0.007129 
2022-08-04 18:24:00,221 [dl_trainer.py:634] INFO train iter: 6223, num_batches_per_epoch: 49
2022-08-04 18:24:00,222 [dl_trainer.py:635] INFO Epoch 127, avg train acc: 98.947704, lr: 0.001000, avg loss: 0.034848
2022-08-04 18:24:02,274 [dist_trainer.py:90] WARNING Time per iteration including communication: 0.084376, Speed: 1517.013389 images/s
2022-08-04 18:24:02,611 [dl_trainer.py:731] WARNING [127][ 6240/   49][rank:1] loss: 0.028, average forward (0.009694) and backward (0.022058) time: 0.034282, iotime: 0.002210 
2022-08-04 18:24:04,361 [dl_trainer.py:634] INFO train iter: 6272, num_batches_per_epoch: 49
2022-08-04 18:24:04,362 [dl_trainer.py:635] INFO Epoch 128, avg train acc: 99.202806, lr: 0.001000, avg loss: 0.031192
2022-08-04 18:24:06,265 [dl_trainer.py:731] WARNING [128][ 6280/   49][rank:1] loss: 0.023, average forward (0.009291) and backward (0.021072) time: 0.037655, iotime: 0.006965 
2022-08-04 18:24:06,339 [dist_trainer.py:90] WARNING Time per iteration including communication: 0.084680, Speed: 1511.580146 images/s
2022-08-04 18:24:08,389 [dl_trainer.py:731] WARNING [128][ 6320/   49][rank:1] loss: 0.033, average forward (0.010502) and backward (0.022350) time: 0.040509, iotime: 0.007372 
2022-08-04 18:24:08,449 [dl_trainer.py:634] INFO train iter: 6321, num_batches_per_epoch: 49
2022-08-04 18:24:08,449 [dl_trainer.py:635] INFO Epoch 129, avg train acc: 98.867985, lr: 0.001000, avg loss: 0.036020
2022-08-04 18:24:10,355 [dist_trainer.py:90] WARNING Time per iteration including communication: 0.083655, Speed: 1530.092934 images/s
2022-08-04 18:24:11,996 [dl_trainer.py:731] WARNING [129][ 6360/   49][rank:1] loss: 0.045, average forward (0.009640) and backward (0.022590) time: 0.039607, iotime: 0.007061 
2022-08-04 18:24:12,515 [dl_trainer.py:634] INFO train iter: 6370, num_batches_per_epoch: 49
2022-08-04 18:24:12,516 [dl_trainer.py:635] INFO Epoch 130, avg train acc: 98.756378, lr: 0.001000, avg loss: 0.037021
2022-08-04 18:24:14,393 [dist_trainer.py:90] WARNING Time per iteration including communication: 0.084108, Speed: 1521.861574 images/s
2022-08-04 18:24:15,665 [dl_trainer.py:731] WARNING [130][ 6400/   49][rank:1] loss: 0.044, average forward (0.010451) and backward (0.021678) time: 0.039588, iotime: 0.007146 
2022-08-04 18:24:16,584 [dl_trainer.py:634] INFO train iter: 6419, num_batches_per_epoch: 49
2022-08-04 18:24:16,585 [dl_trainer.py:635] INFO Epoch 131, avg train acc: 98.915816, lr: 0.001000, avg loss: 0.034198
2022-08-04 18:24:18,425 [dist_trainer.py:90] WARNING Time per iteration including communication: 0.083982, Speed: 1524.132415 images/s
2022-08-04 18:24:19,299 [dl_trainer.py:731] WARNING [131][ 6440/   49][rank:1] loss: 0.023, average forward (0.009940) and backward (0.022776) time: 0.039957, iotime: 0.006939 
2022-08-04 18:24:20,712 [dl_trainer.py:634] INFO train iter: 6468, num_batches_per_epoch: 49
2022-08-04 18:24:20,713 [dl_trainer.py:635] INFO Epoch 132, avg train acc: 98.963648, lr: 0.001000, avg loss: 0.034738
2022-08-04 18:24:22,503 [dist_trainer.py:90] WARNING Time per iteration including communication: 0.084940, Speed: 1506.952488 images/s
2022-08-04 18:24:22,830 [dl_trainer.py:731] WARNING [132][ 6480/   49][rank:1] loss: 0.042, average forward (0.008296) and backward (0.019343) time: 0.029906, iotime: 0.002000 
2022-08-04 18:24:24,817 [dl_trainer.py:634] INFO train iter: 6517, num_batches_per_epoch: 49
2022-08-04 18:24:24,818 [dl_trainer.py:635] INFO Epoch 133, avg train acc: 99.107143, lr: 0.001000, avg loss: 0.031498
2022-08-04 18:24:26,445 [dl_trainer.py:731] WARNING [133][ 6520/   49][rank:1] loss: 0.041, average forward (0.009384) and backward (0.021575) time: 0.038033, iotime: 0.006789 
2022-08-04 18:24:26,529 [dist_trainer.py:90] WARNING Time per iteration including communication: 0.083856, Speed: 1526.429121 images/s
2022-08-04 18:24:28,549 [dl_trainer.py:731] WARNING [133][ 6560/   49][rank:1] loss: 0.041, average forward (0.010464) and backward (0.022374) time: 0.040529, iotime: 0.007053 
2022-08-04 18:24:28,829 [dl_trainer.py:634] INFO train iter: 6566, num_batches_per_epoch: 49
2022-08-04 18:24:28,830 [dl_trainer.py:635] INFO Epoch 134, avg train acc: 99.091199, lr: 0.001000, avg loss: 0.033684
2022-08-04 18:24:30,598 [dist_trainer.py:90] WARNING Time per iteration including communication: 0.084752, Speed: 1510.286305 images/s
2022-08-04 18:24:32,186 [dl_trainer.py:731] WARNING [134][ 6600/   49][rank:1] loss: 0.023, average forward (0.009150) and backward (0.019388) time: 0.036268, iotime: 0.007358 
2022-08-04 18:24:32,897 [dl_trainer.py:634] INFO train iter: 6615, num_batches_per_epoch: 49
2022-08-04 18:24:32,898 [dl_trainer.py:635] INFO Epoch 135, avg train acc: 98.931760, lr: 0.001000, avg loss: 0.033955
2022-08-04 18:24:34,532 [dist_trainer.py:90] WARNING Time per iteration including communication: 0.081945, Speed: 1562.027245 images/s
2022-08-04 18:24:35,761 [dl_trainer.py:731] WARNING [135][ 6640/   49][rank:1] loss: 0.022, average forward (0.010022) and backward (0.020618) time: 0.038946, iotime: 0.007215 
2022-08-04 18:24:36,846 [dl_trainer.py:634] INFO train iter: 6664, num_batches_per_epoch: 49
2022-08-04 18:24:36,847 [dl_trainer.py:635] INFO Epoch 136, avg train acc: 99.186862, lr: 0.001000, avg loss: 0.031442
2022-08-04 18:24:38,485 [dist_trainer.py:90] WARNING Time per iteration including communication: 0.082350, Speed: 1554.335587 images/s
2022-08-04 18:24:39,386 [dl_trainer.py:731] WARNING [136][ 6680/   49][rank:1] loss: 0.048, average forward (0.009823) and backward (0.020156) time: 0.037161, iotime: 0.006913 
2022-08-04 18:24:41,025 [dist_trainer.py:90] WARNING Time per iteration including communication: 0.052905, Speed: 2419.423866 images/s
2022-08-04 18:24:41,026 [dl_trainer.py:634] INFO train iter: 6713, num_batches_per_epoch: 49
2022-08-04 18:24:41,026 [dl_trainer.py:635] INFO Epoch 137, avg train acc: 99.011480, lr: 0.001000, avg loss: 0.032683
2022-08-04 18:24:42,977 [dl_trainer.py:731] WARNING [137][ 6720/   49][rank:1] loss: 0.078, average forward (0.008581) and backward (0.022387) time: 0.033221, iotime: 0.001989 
2022-08-04 18:24:45,102 [dl_trainer.py:731] WARNING [137][ 6760/   49][rank:1] loss: 0.025, average forward (0.009117) and backward (0.019931) time: 0.036723, iotime: 0.007176 
2022-08-04 18:24:45,181 [dist_trainer.py:90] WARNING Time per iteration including communication: 0.086566, Speed: 1478.643694 images/s
2022-08-04 18:24:45,232 [dl_trainer.py:634] INFO train iter: 6762, num_batches_per_epoch: 49
2022-08-04 18:24:45,233 [dl_trainer.py:635] INFO Epoch 138, avg train acc: 98.867985, lr: 0.001000, avg loss: 0.035916
