2022-08-04 18:14:42,635 [dist_trainer.py:135] INFO Configurations: Namespace(batch_size=128, compressor='topk', data_dir='./data', dataset='cifar10', density=1.0, dnn='resnet20', lr=0.1, max_epochs=141, nsteps_update=1, num_steps=35, nworkers=8, nwpernode=8, pretrain=None, saved_dir='./logs/iclr', threshold=524288000)
2022-08-04 18:15:16,618 [dl_trainer.py:254] INFO num_batches_per_epoch: 49
2022-08-04 18:15:16,874 [distributed_optimizer.py:63] INFO _dynamic_densities: [0.015625, 0.004, 0.001]
2022-08-04 18:15:16,879 [distributed_optimizer.py:323] INFO # of parameters: 269722
2022-08-04 18:15:16,880 [distributed_optimizer.py:324] INFO Total number of tensors: 59
2022-08-04 18:15:16,880 [distributed_optimizer.py:325] INFO Merged Number of groups: 1
2022-08-04 18:15:17,665 [dist_trainer.py:62] INFO max_epochs: 141
2022-08-04 18:15:21,740 [dl_trainer.py:731] WARNING [  0][   40/   49][rank:3] loss: 1.595, average forward (0.059180) and backward (0.028514) time: 0.090853, iotime: 0.002125 
2022-08-04 18:15:21,820 [dist_trainer.py:90] WARNING Time per iteration including communication: 0.101321, Speed: 1263.313908 images/s
2022-08-04 18:15:22,448 [dl_trainer.py:634] INFO train iter: 49, num_batches_per_epoch: 49
2022-08-04 18:15:22,449 [dl_trainer.py:635] INFO Epoch 1, avg train acc: 27.662628, lr: 0.020327, avg loss: 2.075813
2022-08-04 18:15:25,463 [dl_trainer.py:731] WARNING [  1][   80/   49][rank:3] loss: 1.402, average forward (0.009017) and backward (0.020625) time: 0.037706, iotime: 0.007794 
2022-08-04 18:15:25,890 [dist_trainer.py:90] WARNING Time per iteration including communication: 0.084766, Speed: 1510.040013 images/s
2022-08-04 18:15:26,530 [dl_trainer.py:634] INFO train iter: 98, num_batches_per_epoch: 49
2022-08-04 18:15:26,530 [dl_trainer.py:635] INFO Epoch 2, avg train acc: 44.802296, lr: 0.040245, avg loss: 1.476253
2022-08-04 18:15:29,180 [dl_trainer.py:731] WARNING [  2][  120/   49][rank:3] loss: 1.328, average forward (0.010513) and backward (0.021336) time: 0.039817, iotime: 0.007652 
2022-08-04 18:15:30,019 [dist_trainer.py:90] WARNING Time per iteration including communication: 0.086018, Speed: 1488.060878 images/s
2022-08-04 18:15:30,692 [dl_trainer.py:634] INFO train iter: 147, num_batches_per_epoch: 49
2022-08-04 18:15:30,693 [dl_trainer.py:635] INFO Epoch 3, avg train acc: 54.272959, lr: 0.060163, avg loss: 1.248424
2022-08-04 18:15:32,819 [dl_trainer.py:731] WARNING [  3][  160/   49][rank:3] loss: 1.187, average forward (0.008518) and backward (0.021090) time: 0.037272, iotime: 0.007361 
2022-08-04 18:15:33,955 [dist_trainer.py:90] WARNING Time per iteration including communication: 0.081972, Speed: 1561.512630 images/s
2022-08-04 18:15:34,688 [dl_trainer.py:634] INFO train iter: 196, num_batches_per_epoch: 49
2022-08-04 18:15:34,689 [dl_trainer.py:635] INFO Epoch 4, avg train acc: 61.798469, lr: 0.080082, avg loss: 1.053832
2022-08-04 18:15:36,434 [dl_trainer.py:731] WARNING [  4][  200/   49][rank:3] loss: 0.865, average forward (0.009521) and backward (0.018613) time: 0.036155, iotime: 0.007722 
2022-08-04 18:15:38,040 [dist_trainer.py:90] WARNING Time per iteration including communication: 0.085094, Speed: 1504.215705 images/s
2022-08-04 18:15:38,360 [dl_trainer.py:731] WARNING [  4][  240/   49][rank:3] loss: 0.993, average forward (0.008872) and backward (0.019540) time: 0.030762, iotime: 0.002077 
2022-08-04 18:15:38,821 [dl_trainer.py:634] INFO train iter: 245, num_batches_per_epoch: 49
2022-08-04 18:15:38,821 [dl_trainer.py:635] INFO Epoch 5, avg train acc: 67.761480, lr: 0.100000, avg loss: 0.913958
2022-08-04 18:15:42,023 [dl_trainer.py:731] WARNING [  5][  280/   49][rank:3] loss: 0.808, average forward (0.009057) and backward (0.019462) time: 0.036323, iotime: 0.007504 
2022-08-04 18:15:42,090 [dist_trainer.py:90] WARNING Time per iteration including communication: 0.084365, Speed: 1517.215956 images/s
2022-08-04 18:15:42,872 [dl_trainer.py:634] INFO train iter: 294, num_batches_per_epoch: 49
2022-08-04 18:15:42,873 [dl_trainer.py:635] INFO Epoch 6, avg train acc: 71.348852, lr: 0.100000, avg loss: 0.809828
2022-08-04 18:15:45,687 [dl_trainer.py:731] WARNING [  6][  320/   49][rank:3] loss: 0.641, average forward (0.009971) and backward (0.021648) time: 0.039097, iotime: 0.007175 
2022-08-04 18:15:46,134 [dist_trainer.py:90] WARNING Time per iteration including communication: 0.084246, Speed: 1519.360692 images/s
2022-08-04 18:15:46,992 [dl_trainer.py:634] INFO train iter: 343, num_batches_per_epoch: 49
2022-08-04 18:15:46,993 [dl_trainer.py:635] INFO Epoch 7, avg train acc: 74.968112, lr: 0.100000, avg loss: 0.715907
2022-08-04 18:15:49,357 [dl_trainer.py:731] WARNING [  7][  360/   49][rank:3] loss: 0.670, average forward (0.010514) and backward (0.021562) time: 0.039675, iotime: 0.007291 
2022-08-04 18:15:50,175 [dist_trainer.py:90] WARNING Time per iteration including communication: 0.084166, Speed: 1520.797479 images/s
2022-08-04 18:15:51,062 [dl_trainer.py:634] INFO train iter: 392, num_batches_per_epoch: 49
2022-08-04 18:15:51,063 [dl_trainer.py:635] INFO Epoch 8, avg train acc: 77.678571, lr: 0.100000, avg loss: 0.631076
2022-08-04 18:15:53,000 [dl_trainer.py:731] WARNING [  8][  400/   49][rank:3] loss: 0.636, average forward (0.009764) and backward (0.020039) time: 0.037426, iotime: 0.007301 
2022-08-04 18:15:54,245 [dist_trainer.py:90] WARNING Time per iteration including communication: 0.084767, Speed: 1510.016476 images/s
2022-08-04 18:15:55,158 [dl_trainer.py:731] WARNING [  8][  440/   49][rank:3] loss: 0.544, average forward (0.009362) and backward (0.021349) time: 0.038434, iotime: 0.007450 
2022-08-04 18:15:55,222 [dl_trainer.py:634] INFO train iter: 441, num_batches_per_epoch: 49
2022-08-04 18:15:55,222 [dl_trainer.py:635] INFO Epoch 9, avg train acc: 79.272959, lr: 0.100000, avg loss: 0.591875
2022-08-04 18:15:58,263 [dist_trainer.py:90] WARNING Time per iteration including communication: 0.083698, Speed: 1529.301496 images/s
2022-08-04 18:15:58,589 [dl_trainer.py:731] WARNING [  9][  480/   49][rank:3] loss: 0.763, average forward (0.010266) and backward (0.019291) time: 0.032103, iotime: 0.002250 
2022-08-04 18:15:59,251 [dl_trainer.py:634] INFO train iter: 490, num_batches_per_epoch: 49
2022-08-04 18:15:59,252 [dl_trainer.py:635] INFO Epoch 10, avg train acc: 80.803571, lr: 0.100000, avg loss: 0.567174
2022-08-04 18:16:02,265 [dl_trainer.py:731] WARNING [ 10][  520/   49][rank:3] loss: 0.526, average forward (0.008954) and backward (0.022294) time: 0.038458, iotime: 0.006944 
2022-08-04 18:16:02,331 [dist_trainer.py:90] WARNING Time per iteration including communication: 0.084729, Speed: 1510.696674 images/s
2022-08-04 18:16:03,398 [dl_trainer.py:634] INFO train iter: 539, num_batches_per_epoch: 49
2022-08-04 18:16:03,399 [dl_trainer.py:635] INFO Epoch 11, avg train acc: 81.250000, lr: 0.100000, avg loss: 0.533084
2022-08-04 18:16:05,988 [dl_trainer.py:731] WARNING [ 11][  560/   49][rank:3] loss: 0.637, average forward (0.009501) and backward (0.019179) time: 0.036377, iotime: 0.007054 
2022-08-04 18:16:06,465 [dist_trainer.py:90] WARNING Time per iteration including communication: 0.086118, Speed: 1486.330945 images/s
2022-08-04 18:16:07,629 [dl_trainer.py:634] INFO train iter: 588, num_batches_per_epoch: 49
2022-08-04 18:16:07,632 [dl_trainer.py:635] INFO Epoch 12, avg train acc: 82.764668, lr: 0.100000, avg loss: 0.496311
2022-08-04 18:16:09,854 [dl_trainer.py:731] WARNING [ 12][  600/   49][rank:3] loss: 0.520, average forward (0.008859) and backward (0.020417) time: 0.036586, iotime: 0.006966 
2022-08-04 18:16:10,695 [dist_trainer.py:90] WARNING Time per iteration including communication: 0.088117, Speed: 1452.615473 images/s
2022-08-04 18:16:11,830 [dl_trainer.py:634] INFO train iter: 637, num_batches_per_epoch: 49
2022-08-04 18:16:11,831 [dl_trainer.py:635] INFO Epoch 13, avg train acc: 82.955995, lr: 0.100000, avg loss: 0.492201
2022-08-04 18:16:13,503 [dl_trainer.py:731] WARNING [ 13][  640/   49][rank:3] loss: 0.432, average forward (0.009791) and backward (0.021216) time: 0.038542, iotime: 0.007168 
2022-08-04 18:16:14,702 [dist_trainer.py:90] WARNING Time per iteration including communication: 0.083459, Speed: 1533.689485 images/s
2022-08-04 18:16:15,626 [dl_trainer.py:731] WARNING [ 13][  680/   49][rank:3] loss: 0.567, average forward (0.009798) and backward (0.022639) time: 0.040264, iotime: 0.007532 
2022-08-04 18:16:15,923 [dl_trainer.py:634] INFO train iter: 686, num_batches_per_epoch: 49
2022-08-04 18:16:15,924 [dl_trainer.py:635] INFO Epoch 14, avg train acc: 84.008291, lr: 0.100000, avg loss: 0.457951
2022-08-04 18:16:18,790 [dist_trainer.py:90] WARNING Time per iteration including communication: 0.085161, Speed: 1503.034279 images/s
2022-08-04 18:16:19,124 [dl_trainer.py:731] WARNING [ 14][  720/   49][rank:3] loss: 0.509, average forward (0.008908) and backward (0.022554) time: 0.033761, iotime: 0.002023 
2022-08-04 18:16:20,041 [dl_trainer.py:634] INFO train iter: 735, num_batches_per_epoch: 49
2022-08-04 18:16:20,042 [dl_trainer.py:635] INFO Epoch 15, avg train acc: 84.757653, lr: 0.100000, avg loss: 0.436895
2022-08-04 18:16:22,784 [dl_trainer.py:731] WARNING [ 15][  760/   49][rank:3] loss: 0.332, average forward (0.010261) and backward (0.020311) time: 0.038390, iotime: 0.007508 
2022-08-04 18:16:22,832 [dist_trainer.py:90] WARNING Time per iteration including communication: 0.084205, Speed: 1520.105736 images/s
2022-08-04 18:16:24,148 [dl_trainer.py:634] INFO train iter: 784, num_batches_per_epoch: 49
2022-08-04 18:16:24,149 [dl_trainer.py:635] INFO Epoch 16, avg train acc: 85.060587, lr: 0.100000, avg loss: 0.426790
2022-08-04 18:16:26,482 [dl_trainer.py:731] WARNING [ 16][  800/   49][rank:3] loss: 0.402, average forward (0.009595) and backward (0.022904) time: 0.040351, iotime: 0.007483 
2022-08-04 18:16:26,901 [dist_trainer.py:90] WARNING Time per iteration including communication: 0.084760, Speed: 1510.154963 images/s
2022-08-04 18:16:28,217 [dl_trainer.py:634] INFO train iter: 833, num_batches_per_epoch: 49
2022-08-04 18:16:28,218 [dl_trainer.py:635] INFO Epoch 17, avg train acc: 86.176658, lr: 0.100000, avg loss: 0.410310
2022-08-04 18:16:30,191 [dl_trainer.py:731] WARNING [ 17][  840/   49][rank:3] loss: 0.451, average forward (0.009460) and backward (0.022685) time: 0.039557, iotime: 0.007076 
2022-08-04 18:16:31,013 [dist_trainer.py:90] WARNING Time per iteration including communication: 0.085656, Speed: 1494.355519 images/s
2022-08-04 18:16:32,280 [dl_trainer.py:731] WARNING [ 17][  880/   49][rank:3] loss: 0.326, average forward (0.010853) and backward (0.022755) time: 0.041688, iotime: 0.007792 
2022-08-04 18:16:32,384 [dl_trainer.py:634] INFO train iter: 882, num_batches_per_epoch: 49
2022-08-04 18:16:32,384 [dl_trainer.py:635] INFO Epoch 18, avg train acc: 86.527423, lr: 0.100000, avg loss: 0.391914
2022-08-04 18:16:35,166 [dist_trainer.py:90] WARNING Time per iteration including communication: 0.086498, Speed: 1479.796845 images/s
2022-08-04 18:16:36,079 [dl_trainer.py:731] WARNING [ 18][  920/   49][rank:3] loss: 0.383, average forward (0.008465) and backward (0.021723) time: 0.037669, iotime: 0.007216 
2022-08-04 18:16:36,642 [dl_trainer.py:634] INFO train iter: 931, num_batches_per_epoch: 49
2022-08-04 18:16:36,642 [dl_trainer.py:635] INFO Epoch 19, avg train acc: 86.463648, lr: 0.100000, avg loss: 0.388044
2022-08-04 18:16:39,214 [dist_trainer.py:90] WARNING Time per iteration including communication: 0.084328, Speed: 1517.876193 images/s
2022-08-04 18:16:39,544 [dl_trainer.py:731] WARNING [ 19][  960/   49][rank:3] loss: 0.404, average forward (0.008809) and backward (0.021558) time: 0.032681, iotime: 0.002049 
2022-08-04 18:16:40,722 [dl_trainer.py:634] INFO train iter: 980, num_batches_per_epoch: 49
2022-08-04 18:16:40,723 [dl_trainer.py:635] INFO Epoch 20, avg train acc: 86.782526, lr: 0.100000, avg loss: 0.380311
2022-08-04 18:16:43,292 [dl_trainer.py:731] WARNING [ 20][ 1000/   49][rank:3] loss: 0.216, average forward (0.008531) and backward (0.022499) time: 0.038380, iotime: 0.007075 
2022-08-04 18:16:43,355 [dist_trainer.py:90] WARNING Time per iteration including communication: 0.086246, Speed: 1484.125112 images/s
2022-08-04 18:16:44,873 [dl_trainer.py:634] INFO train iter: 1029, num_batches_per_epoch: 49
2022-08-04 18:16:44,874 [dl_trainer.py:635] INFO Epoch 21, avg train acc: 87.627551, lr: 0.100000, avg loss: 0.350387
2022-08-04 18:16:46,940 [dl_trainer.py:731] WARNING [ 21][ 1040/   49][rank:3] loss: 0.362, average forward (0.009323) and backward (0.022472) time: 0.039124, iotime: 0.007059 
2022-08-04 18:16:47,378 [dist_trainer.py:90] WARNING Time per iteration including communication: 0.083804, Speed: 1527.382241 images/s
2022-08-04 18:16:48,961 [dl_trainer.py:634] INFO train iter: 1078, num_batches_per_epoch: 49
2022-08-04 18:16:48,962 [dl_trainer.py:635] INFO Epoch 22, avg train acc: 88.089923, lr: 0.100000, avg loss: 0.341660
2022-08-04 18:16:50,663 [dl_trainer.py:731] WARNING [ 22][ 1080/   49][rank:3] loss: 0.314, average forward (0.009089) and backward (0.019048) time: 0.035561, iotime: 0.007139 
2022-08-04 18:16:51,458 [dist_trainer.py:90] WARNING Time per iteration including communication: 0.084988, Speed: 1506.098886 images/s
2022-08-04 18:16:52,745 [dl_trainer.py:731] WARNING [ 22][ 1120/   49][rank:3] loss: 0.348, average forward (0.008820) and backward (0.020505) time: 0.036979, iotime: 0.007384 
2022-08-04 18:16:53,110 [dl_trainer.py:634] INFO train iter: 1127, num_batches_per_epoch: 49
2022-08-04 18:16:53,110 [dl_trainer.py:635] INFO Epoch 23, avg train acc: 88.345026, lr: 0.100000, avg loss: 0.338178
2022-08-04 18:16:55,460 [dist_trainer.py:90] WARNING Time per iteration including communication: 0.083350, Speed: 1535.692536 images/s
2022-08-04 18:16:56,364 [dl_trainer.py:731] WARNING [ 23][ 1160/   49][rank:3] loss: 0.351, average forward (0.009159) and backward (0.022347) time: 0.038592, iotime: 0.006795 
2022-08-04 18:16:57,157 [dl_trainer.py:634] INFO train iter: 1176, num_batches_per_epoch: 49
2022-08-04 18:16:57,158 [dl_trainer.py:635] INFO Epoch 24, avg train acc: 88.376913, lr: 0.100000, avg loss: 0.331728
2022-08-04 18:16:59,592 [dist_trainer.py:90] WARNING Time per iteration including communication: 0.086079, Speed: 1487.010817 images/s
2022-08-04 18:16:59,928 [dl_trainer.py:731] WARNING [ 24][ 1200/   49][rank:3] loss: 0.334, average forward (0.009512) and backward (0.021057) time: 0.032913, iotime: 0.002018 
2022-08-04 18:17:01,303 [dl_trainer.py:634] INFO train iter: 1225, num_batches_per_epoch: 49
2022-08-04 18:17:01,304 [dl_trainer.py:635] INFO Epoch 25, avg train acc: 89.445153, lr: 0.100000, avg loss: 0.304028
2022-08-04 18:17:03,554 [dl_trainer.py:731] WARNING [ 25][ 1240/   49][rank:3] loss: 0.336, average forward (0.009635) and backward (0.021382) time: 0.038453, iotime: 0.007148 
2022-08-04 18:17:03,628 [dist_trainer.py:90] WARNING Time per iteration including communication: 0.084076, Speed: 1522.423860 images/s
2022-08-04 18:17:05,402 [dl_trainer.py:634] INFO train iter: 1274, num_batches_per_epoch: 49
2022-08-04 18:17:05,403 [dl_trainer.py:635] INFO Epoch 26, avg train acc: 89.556760, lr: 0.100000, avg loss: 0.307050
2022-08-04 18:17:07,184 [dl_trainer.py:731] WARNING [ 26][ 1280/   49][rank:3] loss: 0.355, average forward (0.008802) and backward (0.019529) time: 0.035585, iotime: 0.006983 
2022-08-04 18:17:07,620 [dist_trainer.py:90] WARNING Time per iteration including communication: 0.083155, Speed: 1539.293791 images/s
2022-08-04 18:17:09,322 [dl_trainer.py:731] WARNING [ 26][ 1320/   49][rank:3] loss: 0.315, average forward (0.009424) and backward (0.021841) time: 0.038385, iotime: 0.006865 
2022-08-04 18:17:09,472 [dl_trainer.py:634] INFO train iter: 1323, num_batches_per_epoch: 49
2022-08-04 18:17:09,473 [dl_trainer.py:635] INFO Epoch 27, avg train acc: 89.859694, lr: 0.100000, avg loss: 0.298521
2022-08-04 18:17:11,614 [dist_trainer.py:90] WARNING Time per iteration including communication: 0.083181, Speed: 1538.820232 images/s
2022-08-04 18:17:12,922 [dl_trainer.py:731] WARNING [ 27][ 1360/   49][rank:3] loss: 0.333, average forward (0.009547) and backward (0.021792) time: 0.038506, iotime: 0.006880 
2022-08-04 18:17:13,509 [dl_trainer.py:634] INFO train iter: 1372, num_batches_per_epoch: 49
2022-08-04 18:17:13,509 [dl_trainer.py:635] INFO Epoch 28, avg train acc: 89.939413, lr: 0.100000, avg loss: 0.285909
2022-08-04 18:17:15,698 [dist_trainer.py:90] WARNING Time per iteration including communication: 0.085074, Speed: 1504.580263 images/s
2022-08-04 18:17:16,595 [dl_trainer.py:731] WARNING [ 28][ 1400/   49][rank:3] loss: 0.190, average forward (0.009421) and backward (0.021914) time: 0.038904, iotime: 0.007017 
2022-08-04 18:17:17,623 [dl_trainer.py:634] INFO train iter: 1421, num_batches_per_epoch: 49
2022-08-04 18:17:17,623 [dl_trainer.py:635] INFO Epoch 29, avg train acc: 89.700255, lr: 0.100000, avg loss: 0.296430
2022-08-04 18:17:19,806 [dist_trainer.py:90] WARNING Time per iteration including communication: 0.085557, Speed: 1496.078050 images/s
2022-08-04 18:17:20,133 [dl_trainer.py:731] WARNING [ 29][ 1440/   49][rank:3] loss: 0.342, average forward (0.009018) and backward (0.022991) time: 0.034279, iotime: 0.001997 
2022-08-04 18:17:21,779 [dl_trainer.py:634] INFO train iter: 1470, num_batches_per_epoch: 49
2022-08-04 18:17:21,780 [dl_trainer.py:635] INFO Epoch 30, avg train acc: 89.716199, lr: 0.100000, avg loss: 0.288714
2022-08-04 18:17:23,817 [dl_trainer.py:731] WARNING [ 30][ 1480/   49][rank:3] loss: 0.327, average forward (0.009732) and backward (0.023416) time: 0.041159, iotime: 0.007570 
2022-08-04 18:17:23,880 [dist_trainer.py:90] WARNING Time per iteration including communication: 0.084869, Speed: 1508.206637 images/s
2022-08-04 18:17:25,883 [dl_trainer.py:634] INFO train iter: 1519, num_batches_per_epoch: 49
2022-08-04 18:17:25,883 [dl_trainer.py:635] INFO Epoch 31, avg train acc: 90.290179, lr: 0.100000, avg loss: 0.287270
2022-08-04 18:17:25,920 [dl_trainer.py:731] WARNING [ 31][ 1520/   49][rank:3] loss: 0.210, average forward (0.009766) and backward (0.021985) time: 0.039564, iotime: 0.007292 
2022-08-04 18:17:27,985 [dist_trainer.py:90] WARNING Time per iteration including communication: 0.085514, Speed: 1496.838509 images/s
2022-08-04 18:17:29,567 [dl_trainer.py:731] WARNING [ 31][ 1560/   49][rank:3] loss: 0.177, average forward (0.009950) and backward (0.020271) time: 0.037559, iotime: 0.007060 
2022-08-04 18:17:29,975 [dl_trainer.py:634] INFO train iter: 1568, num_batches_per_epoch: 49
2022-08-04 18:17:29,975 [dl_trainer.py:635] INFO Epoch 32, avg train acc: 90.194515, lr: 0.100000, avg loss: 0.269371
2022-08-04 18:17:32,033 [dist_trainer.py:90] WARNING Time per iteration including communication: 0.084302, Speed: 1518.355018 images/s
2022-08-04 18:17:33,317 [dl_trainer.py:731] WARNING [ 32][ 1600/   49][rank:3] loss: 0.308, average forward (0.010027) and backward (0.021334) time: 0.038529, iotime: 0.006871 
2022-08-04 18:17:34,129 [dl_trainer.py:634] INFO train iter: 1617, num_batches_per_epoch: 49
2022-08-04 18:17:34,131 [dl_trainer.py:635] INFO Epoch 33, avg train acc: 90.465561, lr: 0.100000, avg loss: 0.272955
2022-08-04 18:17:36,052 [dist_trainer.py:90] WARNING Time per iteration including communication: 0.083730, Speed: 1528.716435 images/s
2022-08-04 18:17:36,941 [dl_trainer.py:731] WARNING [ 33][ 1640/   49][rank:3] loss: 0.366, average forward (0.009465) and backward (0.020782) time: 0.037767, iotime: 0.007223 
2022-08-04 18:17:38,114 [dl_trainer.py:634] INFO train iter: 1666, num_batches_per_epoch: 49
2022-08-04 18:17:38,115 [dl_trainer.py:635] INFO Epoch 34, avg train acc: 91.167092, lr: 0.100000, avg loss: 0.255954
2022-08-04 18:17:39,969 [dist_trainer.py:90] WARNING Time per iteration including communication: 0.081589, Speed: 1568.843838 images/s
2022-08-04 18:17:40,290 [dl_trainer.py:731] WARNING [ 34][ 1680/   49][rank:3] loss: 0.162, average forward (0.009705) and backward (0.021932) time: 0.034090, iotime: 0.002154 
2022-08-04 18:17:42,122 [dl_trainer.py:634] INFO train iter: 1715, num_batches_per_epoch: 49
2022-08-04 18:17:42,123 [dl_trainer.py:635] INFO Epoch 35, avg train acc: 90.943878, lr: 0.100000, avg loss: 0.270792
2022-08-04 18:17:43,892 [dl_trainer.py:731] WARNING [ 35][ 1720/   49][rank:3] loss: 0.283, average forward (0.009932) and backward (0.021799) time: 0.039111, iotime: 0.007082 
2022-08-04 18:17:43,968 [dist_trainer.py:90] WARNING Time per iteration including communication: 0.083283, Speed: 1536.930923 images/s
2022-08-04 18:17:46,106 [dl_trainer.py:731] WARNING [ 35][ 1760/   49][rank:3] loss: 0.278, average forward (0.010162) and backward (0.023154) time: 0.040709, iotime: 0.007105 
2022-08-04 18:17:46,282 [dl_trainer.py:634] INFO train iter: 1764, num_batches_per_epoch: 49
2022-08-04 18:17:46,282 [dl_trainer.py:635] INFO Epoch 36, avg train acc: 91.549745, lr: 0.100000, avg loss: 0.242297
2022-08-04 18:17:48,148 [dist_trainer.py:90] WARNING Time per iteration including communication: 0.087086, Speed: 1469.813680 images/s
2022-08-04 18:17:49,849 [dl_trainer.py:731] WARNING [ 36][ 1800/   49][rank:3] loss: 0.262, average forward (0.009232) and backward (0.021488) time: 0.038139, iotime: 0.007157 
2022-08-04 18:17:50,485 [dl_trainer.py:634] INFO train iter: 1813, num_batches_per_epoch: 49
2022-08-04 18:17:50,485 [dl_trainer.py:635] INFO Epoch 37, avg train acc: 91.230867, lr: 0.100000, avg loss: 0.246980
2022-08-04 18:17:52,248 [dist_trainer.py:90] WARNING Time per iteration including communication: 0.085385, Speed: 1499.093049 images/s
2022-08-04 18:17:53,517 [dl_trainer.py:731] WARNING [ 37][ 1840/   49][rank:3] loss: 0.279, average forward (0.008851) and backward (0.022697) time: 0.038581, iotime: 0.006784 
2022-08-04 18:17:54,606 [dl_trainer.py:634] INFO train iter: 1862, num_batches_per_epoch: 49
2022-08-04 18:17:54,607 [dl_trainer.py:635] INFO Epoch 38, avg train acc: 90.896046, lr: 0.100000, avg loss: 0.254552
2022-08-04 18:17:56,329 [dist_trainer.py:90] WARNING Time per iteration including communication: 0.085013, Speed: 1505.646760 images/s
2022-08-04 18:17:57,273 [dl_trainer.py:731] WARNING [ 38][ 1880/   49][rank:3] loss: 0.180, average forward (0.008982) and backward (0.021384) time: 0.037609, iotime: 0.006966 
2022-08-04 18:17:58,842 [dl_trainer.py:634] INFO train iter: 1911, num_batches_per_epoch: 49
2022-08-04 18:17:58,843 [dl_trainer.py:635] INFO Epoch 39, avg train acc: 91.900510, lr: 0.100000, avg loss: 0.231775
2022-08-04 18:18:00,525 [dist_trainer.py:90] WARNING Time per iteration including communication: 0.087410, Speed: 1464.365792 images/s
2022-08-04 18:18:00,850 [dl_trainer.py:731] WARNING [ 39][ 1920/   49][rank:3] loss: 0.258, average forward (0.008453) and backward (0.022072) time: 0.032653, iotime: 0.001887 
2022-08-04 18:18:03,005 [dl_trainer.py:731] WARNING [ 39][ 1960/   49][rank:3] loss: 0.318, average forward (0.009611) and backward (0.022006) time: 0.039179, iotime: 0.007300 
2022-08-04 18:18:03,009 [dl_trainer.py:634] INFO train iter: 1960, num_batches_per_epoch: 49
2022-08-04 18:18:03,009 [dl_trainer.py:635] INFO Epoch 40, avg train acc: 91.470026, lr: 0.100000, avg loss: 0.238196
2022-08-04 18:18:04,683 [dist_trainer.py:90] WARNING Time per iteration including communication: 0.086620, Speed: 1477.716348 images/s
2022-08-04 18:18:06,781 [dl_trainer.py:731] WARNING [ 40][ 2000/   49][rank:3] loss: 0.178, average forward (0.009385) and backward (0.020290) time: 0.037007, iotime: 0.007057 
2022-08-04 18:18:07,203 [dist_trainer.py:90] WARNING Time per iteration including communication: 0.052487, Speed: 2438.695376 images/s
2022-08-04 18:18:07,204 [dl_trainer.py:634] INFO train iter: 2009, num_batches_per_epoch: 49
2022-08-04 18:18:07,204 [dl_trainer.py:635] INFO Epoch 41, avg train acc: 92.729592, lr: 0.100000, avg loss: 0.211677
2022-08-04 18:18:10,463 [dl_trainer.py:731] WARNING [ 41][ 2040/   49][rank:3] loss: 0.220, average forward (0.008638) and backward (0.019790) time: 0.035896, iotime: 0.007228 
2022-08-04 18:18:11,281 [dist_trainer.py:90] WARNING Time per iteration including communication: 0.084953, Speed: 1506.720056 images/s
2022-08-04 18:18:11,333 [dl_trainer.py:634] INFO train iter: 2058, num_batches_per_epoch: 49
2022-08-04 18:18:11,333 [dl_trainer.py:635] INFO Epoch 42, avg train acc: 92.219388, lr: 0.100000, avg loss: 0.224747
2022-08-04 18:18:14,254 [dl_trainer.py:731] WARNING [ 42][ 2080/   49][rank:3] loss: 0.178, average forward (0.009024) and backward (0.019555) time: 0.036071, iotime: 0.007231 
2022-08-04 18:18:15,431 [dist_trainer.py:90] WARNING Time per iteration including communication: 0.086434, Speed: 1480.899287 images/s
2022-08-04 18:18:15,532 [dl_trainer.py:634] INFO train iter: 2107, num_batches_per_epoch: 49
2022-08-04 18:18:15,533 [dl_trainer.py:635] INFO Epoch 43, avg train acc: 92.139668, lr: 0.100000, avg loss: 0.215228
2022-08-04 18:18:17,938 [dl_trainer.py:731] WARNING [ 43][ 2120/   49][rank:3] loss: 0.258, average forward (0.008748) and backward (0.019172) time: 0.035236, iotime: 0.007081 
2022-08-04 18:18:19,545 [dist_trainer.py:90] WARNING Time per iteration including communication: 0.085701, Speed: 1493.572130 images/s
2022-08-04 18:18:19,690 [dl_trainer.py:634] INFO train iter: 2156, num_batches_per_epoch: 49
2022-08-04 18:18:19,691 [dl_trainer.py:635] INFO Epoch 44, avg train acc: 92.044005, lr: 0.100000, avg loss: 0.224126
2022-08-04 18:18:21,518 [dl_trainer.py:731] WARNING [ 44][ 2160/   49][rank:3] loss: 0.259, average forward (0.008320) and backward (0.022025) time: 0.032479, iotime: 0.001899 
2022-08-04 18:18:23,666 [dl_trainer.py:731] WARNING [ 44][ 2200/   49][rank:3] loss: 0.255, average forward (0.008624) and backward (0.020459) time: 0.036362, iotime: 0.007037 
2022-08-04 18:18:23,742 [dist_trainer.py:90] WARNING Time per iteration including communication: 0.087426, Speed: 1464.101557 images/s
2022-08-04 18:18:23,932 [dl_trainer.py:634] INFO train iter: 2205, num_batches_per_epoch: 49
2022-08-04 18:18:23,933 [dl_trainer.py:635] INFO Epoch 45, avg train acc: 92.538265, lr: 0.100000, avg loss: 0.204458
2022-08-04 18:18:27,488 [dl_trainer.py:731] WARNING [ 45][ 2240/   49][rank:3] loss: 0.264, average forward (0.008990) and backward (0.019013) time: 0.035705, iotime: 0.007425 
2022-08-04 18:18:27,933 [dist_trainer.py:90] WARNING Time per iteration including communication: 0.087289, Speed: 1466.385726 images/s
2022-08-04 18:18:28,151 [dl_trainer.py:634] INFO train iter: 2254, num_batches_per_epoch: 49
2022-08-04 18:18:28,151 [dl_trainer.py:635] INFO Epoch 46, avg train acc: 92.841199, lr: 0.100000, avg loss: 0.200275
2022-08-04 18:18:31,270 [dl_trainer.py:731] WARNING [ 46][ 2280/   49][rank:3] loss: 0.234, average forward (0.008986) and backward (0.022218) time: 0.038829, iotime: 0.007363 
2022-08-04 18:18:32,126 [dist_trainer.py:90] WARNING Time per iteration including communication: 0.087337, Speed: 1465.594205 images/s
2022-08-04 18:18:32,412 [dl_trainer.py:634] INFO train iter: 2303, num_batches_per_epoch: 49
2022-08-04 18:18:32,412 [dl_trainer.py:635] INFO Epoch 47, avg train acc: 92.968750, lr: 0.100000, avg loss: 0.198166
2022-08-04 18:18:35,039 [dl_trainer.py:731] WARNING [ 47][ 2320/   49][rank:3] loss: 0.169, average forward (0.008965) and backward (0.021979) time: 0.038289, iotime: 0.007074 
2022-08-04 18:18:36,288 [dist_trainer.py:90] WARNING Time per iteration including communication: 0.086698, Speed: 1476.382697 images/s
2022-08-04 18:18:36,614 [dl_trainer.py:634] INFO train iter: 2352, num_batches_per_epoch: 49
2022-08-04 18:18:36,614 [dl_trainer.py:635] INFO Epoch 48, avg train acc: 92.649872, lr: 0.100000, avg loss: 0.208295
2022-08-04 18:18:38,868 [dl_trainer.py:731] WARNING [ 48][ 2360/   49][rank:3] loss: 0.135, average forward (0.009904) and backward (0.022952) time: 0.040237, iotime: 0.007082 
2022-08-04 18:18:40,451 [dist_trainer.py:90] WARNING Time per iteration including communication: 0.086722, Speed: 1475.975201 images/s
2022-08-04 18:18:40,738 [dl_trainer.py:731] WARNING [ 48][ 2400/   49][rank:3] loss: 0.167, average forward (0.009937) and backward (0.020811) time: 0.033195, iotime: 0.002174 
2022-08-04 18:18:41,033 [dl_trainer.py:634] INFO train iter: 2401, num_batches_per_epoch: 49
2022-08-04 18:18:41,033 [dl_trainer.py:635] INFO Epoch 49, avg train acc: 93.319515, lr: 0.100000, avg loss: 0.199476
2022-08-04 18:18:44,447 [dl_trainer.py:731] WARNING [ 49][ 2440/   49][rank:3] loss: 0.188, average forward (0.009620) and backward (0.020856) time: 0.037951, iotime: 0.007166 
2022-08-04 18:18:44,508 [dist_trainer.py:90] WARNING Time per iteration including communication: 0.084506, Speed: 1514.689620 images/s
2022-08-04 18:18:45,138 [dl_trainer.py:634] INFO train iter: 2450, num_batches_per_epoch: 49
2022-08-04 18:18:45,139 [dl_trainer.py:635] INFO Epoch 50, avg train acc: 93.191964, lr: 0.100000, avg loss: 0.189596
2022-08-04 18:18:48,203 [dl_trainer.py:731] WARNING [ 50][ 2480/   49][rank:3] loss: 0.219, average forward (0.010118) and backward (0.021576) time: 0.039284, iotime: 0.007221 
2022-08-04 18:18:48,628 [dist_trainer.py:90] WARNING Time per iteration including communication: 0.085823, Speed: 1491.433583 images/s
2022-08-04 18:18:49,275 [dl_trainer.py:634] INFO train iter: 2499, num_batches_per_epoch: 49
2022-08-04 18:18:49,276 [dl_trainer.py:635] INFO Epoch 51, avg train acc: 92.936862, lr: 0.100000, avg loss: 0.197685
2022-08-04 18:18:51,809 [dl_trainer.py:731] WARNING [ 51][ 2520/   49][rank:3] loss: 0.303, average forward (0.009654) and backward (0.020925) time: 0.037861, iotime: 0.007000 
2022-08-04 18:18:52,634 [dist_trainer.py:90] WARNING Time per iteration including communication: 0.083437, Speed: 1534.088837 images/s
2022-08-04 18:18:53,368 [dl_trainer.py:634] INFO train iter: 2548, num_batches_per_epoch: 49
2022-08-04 18:18:53,369 [dl_trainer.py:635] INFO Epoch 52, avg train acc: 93.080357, lr: 0.100000, avg loss: 0.198409
2022-08-04 18:18:55,530 [dl_trainer.py:731] WARNING [ 52][ 2560/   49][rank:3] loss: 0.266, average forward (0.008791) and backward (0.019413) time: 0.035444, iotime: 0.006976 
2022-08-04 18:18:56,722 [dist_trainer.py:90] WARNING Time per iteration including communication: 0.085154, Speed: 1503.164122 images/s
2022-08-04 18:18:57,498 [dl_trainer.py:634] INFO train iter: 2597, num_batches_per_epoch: 49
2022-08-04 18:18:57,499 [dl_trainer.py:635] INFO Epoch 53, avg train acc: 93.813776, lr: 0.100000, avg loss: 0.174447
2022-08-04 18:18:59,186 [dl_trainer.py:731] WARNING [ 53][ 2600/   49][rank:3] loss: 0.148, average forward (0.009440) and backward (0.020785) time: 0.037363, iotime: 0.006849 
2022-08-04 18:19:00,719 [dist_trainer.py:90] WARNING Time per iteration including communication: 0.083266, Speed: 1537.246769 images/s
2022-08-04 18:19:01,043 [dl_trainer.py:731] WARNING [ 53][ 2640/   49][rank:3] loss: 0.149, average forward (0.010039) and backward (0.021118) time: 0.033597, iotime: 0.002163 
2022-08-04 18:19:01,529 [dl_trainer.py:634] INFO train iter: 2646, num_batches_per_epoch: 49
2022-08-04 18:19:01,530 [dl_trainer.py:635] INFO Epoch 54, avg train acc: 93.431122, lr: 0.100000, avg loss: 0.184459
2022-08-04 18:19:04,685 [dl_trainer.py:731] WARNING [ 54][ 2680/   49][rank:3] loss: 0.221, average forward (0.008501) and backward (0.020922) time: 0.036769, iotime: 0.007081 
2022-08-04 18:19:04,758 [dist_trainer.py:90] WARNING Time per iteration including communication: 0.084124, Speed: 1521.556958 images/s
2022-08-04 18:19:05,601 [dl_trainer.py:634] INFO train iter: 2695, num_batches_per_epoch: 49
2022-08-04 18:19:05,601 [dl_trainer.py:635] INFO Epoch 55, avg train acc: 93.606505, lr: 0.100000, avg loss: 0.175974
2022-08-04 18:19:08,277 [dl_trainer.py:731] WARNING [ 55][ 2720/   49][rank:3] loss: 0.184, average forward (0.009792) and backward (0.023138) time: 0.040582, iotime: 0.007368 
2022-08-04 18:19:08,718 [dist_trainer.py:90] WARNING Time per iteration including communication: 0.082496, Speed: 1551.594541 images/s
2022-08-04 18:19:09,580 [dl_trainer.py:634] INFO train iter: 2744, num_batches_per_epoch: 49
2022-08-04 18:19:09,581 [dl_trainer.py:635] INFO Epoch 56, avg train acc: 94.021046, lr: 0.100000, avg loss: 0.171809
2022-08-04 18:19:11,896 [dl_trainer.py:731] WARNING [ 56][ 2760/   49][rank:3] loss: 0.248, average forward (0.009274) and backward (0.019965) time: 0.036898, iotime: 0.007215 
2022-08-04 18:19:12,765 [dist_trainer.py:90] WARNING Time per iteration including communication: 0.084293, Speed: 1518.519018 images/s
2022-08-04 18:19:13,688 [dl_trainer.py:634] INFO train iter: 2793, num_batches_per_epoch: 49
2022-08-04 18:19:13,688 [dl_trainer.py:635] INFO Epoch 57, avg train acc: 93.255740, lr: 0.100000, avg loss: 0.192413
2022-08-04 18:19:15,491 [dl_trainer.py:731] WARNING [ 57][ 2800/   49][rank:3] loss: 0.187, average forward (0.008443) and backward (0.021484) time: 0.037218, iotime: 0.007013 
2022-08-04 18:19:16,630 [dist_trainer.py:90] WARNING Time per iteration including communication: 0.080516, Speed: 1589.751422 images/s
2022-08-04 18:19:17,489 [dl_trainer.py:731] WARNING [ 57][ 2840/   49][rank:3] loss: 0.163, average forward (0.009921) and backward (0.019234) time: 0.036573, iotime: 0.007142 
2022-08-04 18:19:17,601 [dl_trainer.py:634] INFO train iter: 2842, num_batches_per_epoch: 49
2022-08-04 18:19:17,601 [dl_trainer.py:635] INFO Epoch 58, avg train acc: 94.100765, lr: 0.100000, avg loss: 0.167544
2022-08-04 18:19:20,656 [dist_trainer.py:90] WARNING Time per iteration including communication: 0.083877, Speed: 1526.036005 images/s
2022-08-04 18:19:20,952 [dl_trainer.py:731] WARNING [ 58][ 2880/   49][rank:3] loss: 0.230, average forward (0.008859) and backward (0.021154) time: 0.032207, iotime: 0.001933 
2022-08-04 18:19:21,711 [dl_trainer.py:634] INFO train iter: 2891, num_batches_per_epoch: 49
2022-08-04 18:19:21,712 [dl_trainer.py:635] INFO Epoch 59, avg train acc: 93.973214, lr: 0.100000, avg loss: 0.170066
2022-08-04 18:19:24,613 [dl_trainer.py:731] WARNING [ 59][ 2920/   49][rank:3] loss: 0.120, average forward (0.009673) and backward (0.021226) time: 0.038422, iotime: 0.007204 
2022-08-04 18:19:24,672 [dist_trainer.py:90] WARNING Time per iteration including communication: 0.083637, Speed: 1530.414520 images/s
2022-08-04 18:19:25,737 [dl_trainer.py:634] INFO train iter: 2940, num_batches_per_epoch: 49
2022-08-04 18:19:25,738 [dl_trainer.py:635] INFO Epoch 60, avg train acc: 93.606505, lr: 0.100000, avg loss: 0.177102
2022-08-04 18:19:28,238 [dl_trainer.py:731] WARNING [ 60][ 2960/   49][rank:3] loss: 0.234, average forward (0.009465) and backward (0.020031) time: 0.037028, iotime: 0.007243 
2022-08-04 18:19:28,698 [dist_trainer.py:90] WARNING Time per iteration including communication: 0.083868, Speed: 1526.199681 images/s
2022-08-04 18:19:29,869 [dl_trainer.py:634] INFO train iter: 2989, num_batches_per_epoch: 49
2022-08-04 18:19:29,870 [dl_trainer.py:635] INFO Epoch 61, avg train acc: 94.499362, lr: 0.100000, avg loss: 0.153698
2022-08-04 18:19:31,944 [dl_trainer.py:731] WARNING [ 61][ 3000/   49][rank:3] loss: 0.145, average forward (0.009576) and backward (0.021852) time: 0.038637, iotime: 0.006886 
2022-08-04 18:19:32,761 [dist_trainer.py:90] WARNING Time per iteration including communication: 0.084632, Speed: 1512.424884 images/s
2022-08-04 18:19:33,913 [dl_trainer.py:634] INFO train iter: 3038, num_batches_per_epoch: 49
2022-08-04 18:19:33,914 [dl_trainer.py:635] INFO Epoch 62, avg train acc: 94.323980, lr: 0.100000, avg loss: 0.158906
2022-08-04 18:19:35,574 [dl_trainer.py:731] WARNING [ 62][ 3040/   49][rank:3] loss: 0.183, average forward (0.009432) and backward (0.019535) time: 0.036722, iotime: 0.007486 
2022-08-04 18:19:36,776 [dist_trainer.py:90] WARNING Time per iteration including communication: 0.083634, Speed: 1530.482689 images/s
2022-08-04 18:19:37,623 [dl_trainer.py:731] WARNING [ 62][ 3080/   49][rank:3] loss: 0.135, average forward (0.009456) and backward (0.021492) time: 0.038181, iotime: 0.006969 
2022-08-04 18:19:37,969 [dl_trainer.py:634] INFO train iter: 3087, num_batches_per_epoch: 49
2022-08-04 18:19:37,970 [dl_trainer.py:635] INFO Epoch 63, avg train acc: 94.116709, lr: 0.100000, avg loss: 0.162695
2022-08-04 18:19:40,809 [dist_trainer.py:90] WARNING Time per iteration including communication: 0.084004, Speed: 1523.745707 images/s
2022-08-04 18:19:41,139 [dl_trainer.py:731] WARNING [ 63][ 3120/   49][rank:3] loss: 0.221, average forward (0.009389) and backward (0.022464) time: 0.034314, iotime: 0.002177 
2022-08-04 18:19:42,044 [dl_trainer.py:634] INFO train iter: 3136, num_batches_per_epoch: 49
2022-08-04 18:19:42,045 [dl_trainer.py:635] INFO Epoch 64, avg train acc: 93.941327, lr: 0.100000, avg loss: 0.164652
2022-08-04 18:19:44,688 [dl_trainer.py:731] WARNING [ 64][ 3160/   49][rank:3] loss: 0.171, average forward (0.009605) and backward (0.020455) time: 0.037647, iotime: 0.007252 
2022-08-04 18:19:44,759 [dist_trainer.py:90] WARNING Time per iteration including communication: 0.082285, Speed: 1555.574188 images/s
2022-08-04 18:19:46,147 [dl_trainer.py:634] INFO train iter: 3185, num_batches_per_epoch: 49
2022-08-04 18:19:46,149 [dl_trainer.py:635] INFO Epoch 65, avg train acc: 94.786352, lr: 0.100000, avg loss: 0.152823
2022-08-04 18:19:48,452 [dl_trainer.py:731] WARNING [ 65][ 3200/   49][rank:3] loss: 0.197, average forward (0.008719) and backward (0.021645) time: 0.037867, iotime: 0.007202 
2022-08-04 18:19:48,904 [dist_trainer.py:90] WARNING Time per iteration including communication: 0.086331, Speed: 1482.665044 images/s
2022-08-04 18:19:50,284 [dl_trainer.py:634] INFO train iter: 3234, num_batches_per_epoch: 49
2022-08-04 18:19:50,285 [dl_trainer.py:635] INFO Epoch 66, avg train acc: 94.036990, lr: 0.100000, avg loss: 0.167444
2022-08-04 18:19:52,161 [dl_trainer.py:731] WARNING [ 66][ 3240/   49][rank:3] loss: 0.204, average forward (0.009776) and backward (0.022499) time: 0.039710, iotime: 0.007148 
2022-08-04 18:19:52,967 [dist_trainer.py:90] WARNING Time per iteration including communication: 0.084625, Speed: 1512.561504 images/s
2022-08-04 18:19:54,212 [dl_trainer.py:731] WARNING [ 66][ 3280/   49][rank:3] loss: 0.149, average forward (0.008928) and backward (0.019495) time: 0.035708, iotime: 0.007022 
2022-08-04 18:19:54,375 [dl_trainer.py:634] INFO train iter: 3283, num_batches_per_epoch: 49
2022-08-04 18:19:54,375 [dl_trainer.py:635] INFO Epoch 67, avg train acc: 93.829719, lr: 0.100000, avg loss: 0.167297
2022-08-04 18:19:56,992 [dist_trainer.py:90] WARNING Time per iteration including communication: 0.083837, Speed: 1526.772143 images/s
2022-08-04 18:19:57,872 [dl_trainer.py:731] WARNING [ 67][ 3320/   49][rank:3] loss: 0.178, average forward (0.009774) and backward (0.020881) time: 0.038510, iotime: 0.007547 
2022-08-04 18:19:58,476 [dl_trainer.py:634] INFO train iter: 3332, num_batches_per_epoch: 49
2022-08-04 18:19:58,477 [dl_trainer.py:635] INFO Epoch 68, avg train acc: 94.850128, lr: 0.100000, avg loss: 0.148536
2022-08-04 18:20:01,084 [dist_trainer.py:90] WARNING Time per iteration including communication: 0.085242, Speed: 1501.612995 images/s
2022-08-04 18:20:01,412 [dl_trainer.py:731] WARNING [ 68][ 3360/   49][rank:3] loss: 0.240, average forward (0.008963) and backward (0.020617) time: 0.031913, iotime: 0.002058 
2022-08-04 18:20:02,619 [dl_trainer.py:634] INFO train iter: 3381, num_batches_per_epoch: 49
2022-08-04 18:20:02,619 [dl_trainer.py:635] INFO Epoch 69, avg train acc: 94.642857, lr: 0.100000, avg loss: 0.153211
2022-08-04 18:20:05,064 [dl_trainer.py:731] WARNING [ 69][ 3400/   49][rank:3] loss: 0.176, average forward (0.008585) and backward (0.022296) time: 0.038069, iotime: 0.006926 
2022-08-04 18:20:05,126 [dist_trainer.py:90] WARNING Time per iteration including communication: 0.084193, Speed: 1520.312986 images/s
2022-08-04 18:20:06,626 [dl_trainer.py:634] INFO train iter: 3430, num_batches_per_epoch: 49
2022-08-04 18:20:06,627 [dl_trainer.py:635] INFO Epoch 70, avg train acc: 94.563138, lr: 0.100000, avg loss: 0.152581
2022-08-04 18:20:08,709 [dl_trainer.py:731] WARNING [ 70][ 3440/   49][rank:3] loss: 0.112, average forward (0.010222) and backward (0.020596) time: 0.038366, iotime: 0.007253 
2022-08-04 18:20:09,123 [dist_trainer.py:90] WARNING Time per iteration including communication: 0.083255, Speed: 1537.445420 images/s
2022-08-04 18:20:10,803 [dl_trainer.py:634] INFO train iter: 3479, num_batches_per_epoch: 49
2022-08-04 18:20:10,804 [dl_trainer.py:635] INFO Epoch 71, avg train acc: 94.706633, lr: 0.100000, avg loss: 0.145540
2022-08-04 18:20:10,845 [dl_trainer.py:731] WARNING [ 71][ 3480/   49][rank:3] loss: 0.126, average forward (0.009219) and backward (0.020535) time: 0.037124, iotime: 0.007079 
2022-08-04 18:20:13,225 [dist_trainer.py:90] WARNING Time per iteration including communication: 0.085450, Speed: 1497.953089 images/s
2022-08-04 18:20:14,508 [dl_trainer.py:731] WARNING [ 71][ 3520/   49][rank:3] loss: 0.065, average forward (0.008906) and backward (0.020803) time: 0.036921, iotime: 0.006969 
2022-08-04 18:20:14,882 [dl_trainer.py:634] INFO train iter: 3528, num_batches_per_epoch: 49
2022-08-04 18:20:14,882 [dl_trainer.py:635] INFO Epoch 72, avg train acc: 95.232781, lr: 0.100000, avg loss: 0.130146
2022-08-04 18:20:17,220 [dist_trainer.py:90] WARNING Time per iteration including communication: 0.083218, Speed: 1538.136513 images/s
2022-08-04 18:20:18,095 [dl_trainer.py:731] WARNING [ 72][ 3560/   49][rank:3] loss: 0.117, average forward (0.009315) and backward (0.022251) time: 0.038931, iotime: 0.007105 
2022-08-04 18:20:18,929 [dl_trainer.py:634] INFO train iter: 3577, num_batches_per_epoch: 49
2022-08-04 18:20:18,930 [dl_trainer.py:635] INFO Epoch 73, avg train acc: 94.882015, lr: 0.100000, avg loss: 0.145057
2022-08-04 18:20:21,292 [dist_trainer.py:90] WARNING Time per iteration including communication: 0.084820, Speed: 1509.081276 images/s
2022-08-04 18:20:21,610 [dl_trainer.py:731] WARNING [ 73][ 3600/   49][rank:3] loss: 0.120, average forward (0.009419) and backward (0.022137) time: 0.033930, iotime: 0.002080 
2022-08-04 18:20:23,034 [dl_trainer.py:634] INFO train iter: 3626, num_batches_per_epoch: 49
2022-08-04 18:20:23,035 [dl_trainer.py:635] INFO Epoch 74, avg train acc: 94.642857, lr: 0.100000, avg loss: 0.154267
2022-08-04 18:20:25,346 [dl_trainer.py:731] WARNING [ 74][ 3640/   49][rank:3] loss: 0.110, average forward (0.008848) and backward (0.020551) time: 0.037035, iotime: 0.007342 
2022-08-04 18:20:25,404 [dist_trainer.py:90] WARNING Time per iteration including communication: 0.085657, Speed: 1494.326143 images/s
2022-08-04 18:20:27,220 [dl_trainer.py:634] INFO train iter: 3675, num_batches_per_epoch: 49
2022-08-04 18:20:27,221 [dl_trainer.py:635] INFO Epoch 75, avg train acc: 95.009566, lr: 0.100000, avg loss: 0.138416
2022-08-04 18:20:28,950 [dl_trainer.py:731] WARNING [ 75][ 3680/   49][rank:3] loss: 0.181, average forward (0.010102) and backward (0.019561) time: 0.036777, iotime: 0.006819 
2022-08-04 18:20:29,369 [dist_trainer.py:90] WARNING Time per iteration including communication: 0.082586, Speed: 1549.898839 images/s
2022-08-04 18:20:30,939 [dl_trainer.py:731] WARNING [ 75][ 3720/   49][rank:3] loss: 0.092, average forward (0.009257) and backward (0.021713) time: 0.038292, iotime: 0.007093 
2022-08-04 18:20:31,130 [dl_trainer.py:634] INFO train iter: 3724, num_batches_per_epoch: 49
2022-08-04 18:20:31,131 [dl_trainer.py:635] INFO Epoch 76, avg train acc: 95.328444, lr: 0.100000, avg loss: 0.134219
2022-08-04 18:20:33,327 [dist_trainer.py:90] WARNING Time per iteration including communication: 0.082463, Speed: 1552.207345 images/s
2022-08-04 18:20:34,622 [dl_trainer.py:731] WARNING [ 76][ 3760/   49][rank:3] loss: 0.093, average forward (0.009266) and backward (0.022472) time: 0.039079, iotime: 0.007069 
2022-08-04 18:20:35,235 [dl_trainer.py:634] INFO train iter: 3773, num_batches_per_epoch: 49
2022-08-04 18:20:35,235 [dl_trainer.py:635] INFO Epoch 77, avg train acc: 95.073342, lr: 0.100000, avg loss: 0.137427
2022-08-04 18:20:37,340 [dist_trainer.py:90] WARNING Time per iteration including communication: 0.083579, Speed: 1531.489572 images/s
2022-08-04 18:20:38,212 [dl_trainer.py:731] WARNING [ 77][ 3800/   49][rank:3] loss: 0.115, average forward (0.009454) and backward (0.022397) time: 0.039140, iotime: 0.007010 
2022-08-04 18:20:39,258 [dl_trainer.py:634] INFO train iter: 3822, num_batches_per_epoch: 49
2022-08-04 18:20:39,259 [dl_trainer.py:635] INFO Epoch 78, avg train acc: 95.153061, lr: 0.100000, avg loss: 0.136870
2022-08-04 18:20:41,356 [dist_trainer.py:90] WARNING Time per iteration including communication: 0.083652, Speed: 1530.141177 images/s
2022-08-04 18:20:41,665 [dl_trainer.py:731] WARNING [ 78][ 3840/   49][rank:3] loss: 0.138, average forward (0.008798) and backward (0.021412) time: 0.032487, iotime: 0.001993 
2022-08-04 18:20:43,388 [dl_trainer.py:634] INFO train iter: 3871, num_batches_per_epoch: 49
2022-08-04 18:20:43,389 [dl_trainer.py:635] INFO Epoch 79, avg train acc: 95.169005, lr: 0.100000, avg loss: 0.135289
2022-08-04 18:20:45,380 [dl_trainer.py:731] WARNING [ 79][ 3880/   49][rank:3] loss: 0.112, average forward (0.009773) and backward (0.022279) time: 0.039114, iotime: 0.006758 
2022-08-04 18:20:45,425 [dist_trainer.py:90] WARNING Time per iteration including communication: 0.084769, Speed: 1509.992056 images/s
2022-08-04 18:20:47,425 [dl_trainer.py:731] WARNING [ 79][ 3920/   49][rank:3] loss: 0.151, average forward (0.009631) and backward (0.020732) time: 0.037601, iotime: 0.006978 
2022-08-04 18:20:47,438 [dl_trainer.py:634] INFO train iter: 3920, num_batches_per_epoch: 49
2022-08-04 18:20:47,438 [dl_trainer.py:635] INFO Epoch 80, avg train acc: 95.966199, lr: 0.100000, avg loss: 0.115758
2022-08-04 18:20:49,470 [dist_trainer.py:90] WARNING Time per iteration including communication: 0.084254, Speed: 1519.209676 images/s
2022-08-04 18:20:51,168 [dl_trainer.py:731] WARNING [ 80][ 3960/   49][rank:3] loss: 0.134, average forward (0.009474) and backward (0.023237) time: 0.040168, iotime: 0.007164 
2022-08-04 18:20:51,582 [dl_trainer.py:634] INFO train iter: 3969, num_batches_per_epoch: 49
2022-08-04 18:20:51,582 [dl_trainer.py:635] INFO Epoch 81, avg train acc: 95.184949, lr: 0.100000, avg loss: 0.129211
2022-08-04 18:20:53,549 [dist_trainer.py:90] WARNING Time per iteration including communication: 0.084955, Speed: 1506.674424 images/s
2022-08-04 18:20:54,799 [dl_trainer.py:731] WARNING [ 81][ 4000/   49][rank:3] loss: 0.119, average forward (0.009804) and backward (0.021068) time: 0.038647, iotime: 0.007461 
2022-08-04 18:20:55,669 [dl_trainer.py:634] INFO train iter: 4018, num_batches_per_epoch: 49
2022-08-04 18:20:55,669 [dl_trainer.py:635] INFO Epoch 82, avg train acc: 96.141582, lr: 0.010000, avg loss: 0.105266
2022-08-04 18:20:57,577 [dist_trainer.py:90] WARNING Time per iteration including communication: 0.083890, Speed: 1525.811382 images/s
2022-08-04 18:20:58,506 [dl_trainer.py:731] WARNING [ 82][ 4040/   49][rank:3] loss: 0.087, average forward (0.010482) and backward (0.022629) time: 0.040903, iotime: 0.007476 
2022-08-04 18:20:59,806 [dl_trainer.py:634] INFO train iter: 4067, num_batches_per_epoch: 49
2022-08-04 18:20:59,807 [dl_trainer.py:635] INFO Epoch 83, avg train acc: 97.656250, lr: 0.010000, avg loss: 0.071828
2022-08-04 18:21:01,630 [dist_trainer.py:90] WARNING Time per iteration including communication: 0.084423, Speed: 1516.174759 images/s
2022-08-04 18:21:01,954 [dl_trainer.py:731] WARNING [ 83][ 4080/   49][rank:3] loss: 0.047, average forward (0.009949) and backward (0.020720) time: 0.033071, iotime: 0.002109 
2022-08-04 18:21:03,822 [dl_trainer.py:634] INFO train iter: 4116, num_batches_per_epoch: 49
2022-08-04 18:21:03,823 [dl_trainer.py:635] INFO Epoch 84, avg train acc: 97.975128, lr: 0.010000, avg loss: 0.065840
2022-08-04 18:21:05,537 [dl_trainer.py:731] WARNING [ 84][ 4120/   49][rank:3] loss: 0.051, average forward (0.008755) and backward (0.021636) time: 0.038079, iotime: 0.007413 
2022-08-04 18:21:05,585 [dist_trainer.py:90] WARNING Time per iteration including communication: 0.082384, Speed: 1553.707799 images/s
2022-08-04 18:21:07,521 [dl_trainer.py:731] WARNING [ 84][ 4160/   49][rank:3] loss: 0.068, average forward (0.009739) and backward (0.019995) time: 0.037430, iotime: 0.007402 
2022-08-04 18:21:07,771 [dl_trainer.py:634] INFO train iter: 4165, num_batches_per_epoch: 49
2022-08-04 18:21:07,772 [dl_trainer.py:635] INFO Epoch 85, avg train acc: 97.879464, lr: 0.010000, avg loss: 0.066210
2022-08-04 18:21:09,501 [dist_trainer.py:90] WARNING Time per iteration including communication: 0.081582, Speed: 1568.964189 images/s
2022-08-04 18:21:11,142 [dl_trainer.py:731] WARNING [ 85][ 4200/   49][rank:3] loss: 0.046, average forward (0.009647) and backward (0.021116) time: 0.038067, iotime: 0.007028 
2022-08-04 18:21:11,823 [dl_trainer.py:634] INFO train iter: 4214, num_batches_per_epoch: 49
2022-08-04 18:21:11,823 [dl_trainer.py:635] INFO Epoch 86, avg train acc: 97.751913, lr: 0.010000, avg loss: 0.068870
2022-08-04 18:21:13,568 [dist_trainer.py:90] WARNING Time per iteration including communication: 0.084685, Speed: 1511.476415 images/s
2022-08-04 18:21:14,755 [dl_trainer.py:731] WARNING [ 86][ 4240/   49][rank:3] loss: 0.043, average forward (0.009778) and backward (0.021079) time: 0.038465, iotime: 0.007188 
2022-08-04 18:21:15,904 [dl_trainer.py:634] INFO train iter: 4263, num_batches_per_epoch: 49
2022-08-04 18:21:15,905 [dl_trainer.py:635] INFO Epoch 87, avg train acc: 98.150510, lr: 0.010000, avg loss: 0.055901
2022-08-04 18:21:17,523 [dist_trainer.py:90] WARNING Time per iteration including communication: 0.082388, Speed: 1553.620405 images/s
2022-08-04 18:21:18,441 [dl_trainer.py:731] WARNING [ 87][ 4280/   49][rank:3] loss: 0.020, average forward (0.009245) and backward (0.022198) time: 0.039147, iotime: 0.007405 
2022-08-04 18:21:19,923 [dl_trainer.py:634] INFO train iter: 4312, num_batches_per_epoch: 49
2022-08-04 18:21:19,924 [dl_trainer.py:635] INFO Epoch 88, avg train acc: 98.022959, lr: 0.010000, avg loss: 0.064138
2022-08-04 18:21:21,537 [dist_trainer.py:90] WARNING Time per iteration including communication: 0.083615, Speed: 1530.828445 images/s
2022-08-04 18:21:21,863 [dl_trainer.py:731] WARNING [ 88][ 4320/   49][rank:3] loss: 0.081, average forward (0.009662) and backward (0.021578) time: 0.033666, iotime: 0.002111 
2022-08-04 18:21:23,944 [dl_trainer.py:731] WARNING [ 88][ 4360/   49][rank:3] loss: 0.048, average forward (0.008933) and backward (0.020287) time: 0.036481, iotime: 0.007020 
2022-08-04 18:21:24,016 [dist_trainer.py:90] WARNING Time per iteration including communication: 0.051613, Speed: 2479.991148 images/s
2022-08-04 18:21:24,018 [dl_trainer.py:634] INFO train iter: 4361, num_batches_per_epoch: 49
2022-08-04 18:21:24,018 [dl_trainer.py:635] INFO Epoch 89, avg train acc: 97.688138, lr: 0.010000, avg loss: 0.064653
2022-08-04 18:21:27,623 [dl_trainer.py:731] WARNING [ 89][ 4400/   49][rank:3] loss: 0.108, average forward (0.010970) and backward (0.021532) time: 0.040540, iotime: 0.007712 
2022-08-04 18:21:28,040 [dist_trainer.py:90] WARNING Time per iteration including communication: 0.083800, Speed: 1527.444346 images/s
2022-08-04 18:21:28,093 [dl_trainer.py:634] INFO train iter: 4410, num_batches_per_epoch: 49
2022-08-04 18:21:28,093 [dl_trainer.py:635] INFO Epoch 90, avg train acc: 98.198342, lr: 0.010000, avg loss: 0.052736
2022-08-04 18:21:31,332 [dl_trainer.py:731] WARNING [ 90][ 4440/   49][rank:3] loss: 0.051, average forward (0.010184) and backward (0.022677) time: 0.040179, iotime: 0.007035 
2022-08-04 18:21:32,139 [dist_trainer.py:90] WARNING Time per iteration including communication: 0.085380, Speed: 1499.182964 images/s
2022-08-04 18:21:32,242 [dl_trainer.py:634] INFO train iter: 4459, num_batches_per_epoch: 49
2022-08-04 18:21:32,242 [dl_trainer.py:635] INFO Epoch 91, avg train acc: 98.007015, lr: 0.010000, avg loss: 0.059517
2022-08-04 18:21:34,937 [dl_trainer.py:731] WARNING [ 91][ 4480/   49][rank:3] loss: 0.030, average forward (0.009441) and backward (0.021389) time: 0.038700, iotime: 0.007279 
2022-08-04 18:21:36,129 [dist_trainer.py:90] WARNING Time per iteration including communication: 0.083092, Speed: 1540.468743 images/s
2022-08-04 18:21:36,276 [dl_trainer.py:634] INFO train iter: 4508, num_batches_per_epoch: 49
2022-08-04 18:21:36,277 [dl_trainer.py:635] INFO Epoch 92, avg train acc: 98.501276, lr: 0.010000, avg loss: 0.051736
2022-08-04 18:21:38,741 [dl_trainer.py:731] WARNING [ 92][ 4520/   49][rank:3] loss: 0.075, average forward (0.009655) and backward (0.022701) time: 0.040040, iotime: 0.007382 
2022-08-04 18:21:40,269 [dist_trainer.py:90] WARNING Time per iteration including communication: 0.086230, Speed: 1484.409365 images/s
2022-08-04 18:21:40,462 [dl_trainer.py:634] INFO train iter: 4557, num_batches_per_epoch: 49
2022-08-04 18:21:40,463 [dl_trainer.py:635] INFO Epoch 93, avg train acc: 98.309949, lr: 0.010000, avg loss: 0.052916
2022-08-04 18:21:42,142 [dl_trainer.py:731] WARNING [ 93][ 4560/   49][rank:3] loss: 0.083, average forward (0.009617) and backward (0.022031) time: 0.034071, iotime: 0.002146 
2022-08-04 18:21:44,123 [dl_trainer.py:731] WARNING [ 93][ 4600/   49][rank:3] loss: 0.078, average forward (0.009293) and backward (0.020845) time: 0.037784, iotime: 0.007395 
2022-08-04 18:21:44,184 [dist_trainer.py:90] WARNING Time per iteration including communication: 0.081557, Speed: 1569.458493 images/s
2022-08-04 18:21:44,409 [dl_trainer.py:634] INFO train iter: 4606, num_batches_per_epoch: 49
2022-08-04 18:21:44,409 [dl_trainer.py:635] INFO Epoch 94, avg train acc: 98.054847, lr: 0.010000, avg loss: 0.053926
2022-08-04 18:21:47,786 [dl_trainer.py:731] WARNING [ 94][ 4640/   49][rank:3] loss: 0.019, average forward (0.008873) and backward (0.021149) time: 0.037292, iotime: 0.007010 
2022-08-04 18:21:48,241 [dist_trainer.py:90] WARNING Time per iteration including communication: 0.084495, Speed: 1514.875448 images/s
2022-08-04 18:21:48,535 [dl_trainer.py:634] INFO train iter: 4655, num_batches_per_epoch: 49
2022-08-04 18:21:48,535 [dl_trainer.py:635] INFO Epoch 95, avg train acc: 98.565051, lr: 0.010000, avg loss: 0.047635
2022-08-04 18:21:51,407 [dl_trainer.py:731] WARNING [ 95][ 4680/   49][rank:3] loss: 0.032, average forward (0.010196) and backward (0.023157) time: 0.040754, iotime: 0.007076 
2022-08-04 18:21:52,215 [dist_trainer.py:90] WARNING Time per iteration including communication: 0.082784, Speed: 1546.185784 images/s
2022-08-04 18:21:52,567 [dl_trainer.py:634] INFO train iter: 4704, num_batches_per_epoch: 49
2022-08-04 18:21:52,567 [dl_trainer.py:635] INFO Epoch 96, avg train acc: 98.501276, lr: 0.010000, avg loss: 0.051033
2022-08-04 18:21:55,213 [dl_trainer.py:731] WARNING [ 96][ 4720/   49][rank:3] loss: 0.040, average forward (0.010091) and backward (0.021994) time: 0.039654, iotime: 0.007261 
2022-08-04 18:21:56,452 [dist_trainer.py:90] WARNING Time per iteration including communication: 0.088260, Speed: 1450.267940 images/s
2022-08-04 18:21:57,057 [dl_trainer.py:634] INFO train iter: 4753, num_batches_per_epoch: 49
2022-08-04 18:21:57,058 [dl_trainer.py:635] INFO Epoch 97, avg train acc: 98.453444, lr: 0.010000, avg loss: 0.049592
2022-08-04 18:21:58,929 [dl_trainer.py:731] WARNING [ 97][ 4760/   49][rank:3] loss: 0.026, average forward (0.009215) and backward (0.021988) time: 0.038901, iotime: 0.007122 
2022-08-04 18:22:00,475 [dist_trainer.py:90] WARNING Time per iteration including communication: 0.083791, Speed: 1527.619281 images/s
2022-08-04 18:22:00,787 [dl_trainer.py:731] WARNING [ 97][ 4800/   49][rank:3] loss: 0.040, average forward (0.009817) and backward (0.022867) time: 0.035036, iotime: 0.002067 
2022-08-04 18:22:01,072 [dl_trainer.py:634] INFO train iter: 4802, num_batches_per_epoch: 49
2022-08-04 18:22:01,073 [dl_trainer.py:635] INFO Epoch 98, avg train acc: 98.708546, lr: 0.010000, avg loss: 0.048161
2022-08-04 18:22:04,444 [dl_trainer.py:731] WARNING [ 98][ 4840/   49][rank:3] loss: 0.043, average forward (0.009436) and backward (0.020687) time: 0.037561, iotime: 0.006499 
2022-08-04 18:22:04,497 [dist_trainer.py:90] WARNING Time per iteration including communication: 0.083774, Speed: 1527.914190 images/s
2022-08-04 18:22:05,141 [dl_trainer.py:634] INFO train iter: 4851, num_batches_per_epoch: 49
2022-08-04 18:22:05,142 [dl_trainer.py:635] INFO Epoch 99, avg train acc: 98.262117, lr: 0.010000, avg loss: 0.053980
2022-08-04 18:22:07,963 [dl_trainer.py:731] WARNING [ 99][ 4880/   49][rank:3] loss: 0.064, average forward (0.008475) and backward (0.021518) time: 0.037176, iotime: 0.006925 
2022-08-04 18:22:08,406 [dist_trainer.py:90] WARNING Time per iteration including communication: 0.081442, Speed: 1571.666065 images/s
2022-08-04 18:22:09,121 [dl_trainer.py:634] INFO train iter: 4900, num_batches_per_epoch: 49
2022-08-04 18:22:09,122 [dl_trainer.py:635] INFO Epoch 100, avg train acc: 98.294005, lr: 0.010000, avg loss: 0.048319
2022-08-04 18:22:11,761 [dl_trainer.py:731] WARNING [100][ 4920/   49][rank:3] loss: 0.041, average forward (0.009106) and backward (0.021404) time: 0.037730, iotime: 0.006912 
2022-08-04 18:22:12,593 [dist_trainer.py:90] WARNING Time per iteration including communication: 0.087217, Speed: 1467.601567 images/s
2022-08-04 18:22:13,392 [dl_trainer.py:634] INFO train iter: 4949, num_batches_per_epoch: 49
2022-08-04 18:22:13,392 [dl_trainer.py:635] INFO Epoch 101, avg train acc: 98.596939, lr: 0.010000, avg loss: 0.044508
2022-08-04 18:22:15,419 [dl_trainer.py:731] WARNING [101][ 4960/   49][rank:3] loss: 0.048, average forward (0.009562) and backward (0.019372) time: 0.036419, iotime: 0.007170 
2022-08-04 18:22:16,692 [dist_trainer.py:90] WARNING Time per iteration including communication: 0.085380, Speed: 1499.172149 images/s
2022-08-04 18:22:17,496 [dl_trainer.py:634] INFO train iter: 4998, num_batches_per_epoch: 49
2022-08-04 18:22:17,496 [dl_trainer.py:635] INFO Epoch 102, avg train acc: 98.453444, lr: 0.010000, avg loss: 0.050083
2022-08-04 18:22:19,170 [dl_trainer.py:731] WARNING [102][ 5000/   49][rank:3] loss: 0.042, average forward (0.008587) and backward (0.019758) time: 0.035828, iotime: 0.007211 
2022-08-04 18:22:20,737 [dist_trainer.py:90] WARNING Time per iteration including communication: 0.084251, Speed: 1519.264669 images/s
2022-08-04 18:22:21,065 [dl_trainer.py:731] WARNING [102][ 5040/   49][rank:3] loss: 0.034, average forward (0.008623) and backward (0.021362) time: 0.032203, iotime: 0.001970 
2022-08-04 18:22:21,579 [dl_trainer.py:634] INFO train iter: 5047, num_batches_per_epoch: 49
2022-08-04 18:22:21,580 [dl_trainer.py:635] INFO Epoch 103, avg train acc: 98.644770, lr: 0.010000, avg loss: 0.043075
2022-08-04 18:22:24,697 [dl_trainer.py:731] WARNING [103][ 5080/   49][rank:3] loss: 0.052, average forward (0.009127) and backward (0.020662) time: 0.037209, iotime: 0.007149 
2022-08-04 18:22:24,768 [dist_trainer.py:90] WARNING Time per iteration including communication: 0.083978, Speed: 1524.199665 images/s
2022-08-04 18:22:25,692 [dl_trainer.py:634] INFO train iter: 5096, num_batches_per_epoch: 49
2022-08-04 18:22:25,692 [dl_trainer.py:635] INFO Epoch 104, avg train acc: 98.373724, lr: 0.010000, avg loss: 0.049141
2022-08-04 18:22:28,457 [dl_trainer.py:731] WARNING [104][ 5120/   49][rank:3] loss: 0.043, average forward (0.009354) and backward (0.023999) time: 0.041076, iotime: 0.007427 
2022-08-04 18:22:28,862 [dist_trainer.py:90] WARNING Time per iteration including communication: 0.085278, Speed: 1500.973210 images/s
2022-08-04 18:22:29,819 [dl_trainer.py:634] INFO train iter: 5145, num_batches_per_epoch: 49
2022-08-04 18:22:29,820 [dl_trainer.py:635] INFO Epoch 105, avg train acc: 98.565051, lr: 0.010000, avg loss: 0.045049
2022-08-04 18:22:32,207 [dl_trainer.py:731] WARNING [105][ 5160/   49][rank:3] loss: 0.032, average forward (0.010026) and backward (0.021255) time: 0.039132, iotime: 0.007522 
2022-08-04 18:22:33,024 [dist_trainer.py:90] WARNING Time per iteration including communication: 0.086695, Speed: 1476.447829 images/s
2022-08-04 18:22:34,010 [dl_trainer.py:634] INFO train iter: 5194, num_batches_per_epoch: 49
2022-08-04 18:22:34,011 [dl_trainer.py:635] INFO Epoch 106, avg train acc: 98.469388, lr: 0.010000, avg loss: 0.047147
2022-08-04 18:22:35,887 [dl_trainer.py:731] WARNING [106][ 5200/   49][rank:3] loss: 0.055, average forward (0.009807) and backward (0.023396) time: 0.041023, iotime: 0.007524 
2022-08-04 18:22:37,068 [dist_trainer.py:90] WARNING Time per iteration including communication: 0.084225, Speed: 1519.744729 images/s
2022-08-04 18:22:37,952 [dl_trainer.py:731] WARNING [106][ 5240/   49][rank:3] loss: 0.039, average forward (0.009517) and backward (0.020966) time: 0.038253, iotime: 0.007438 
2022-08-04 18:22:38,115 [dl_trainer.py:634] INFO train iter: 5243, num_batches_per_epoch: 49
2022-08-04 18:22:38,116 [dl_trainer.py:635] INFO Epoch 107, avg train acc: 98.533163, lr: 0.010000, avg loss: 0.044220
2022-08-04 18:22:41,136 [dist_trainer.py:90] WARNING Time per iteration including communication: 0.084738, Speed: 1510.533297 images/s
2022-08-04 18:22:41,450 [dl_trainer.py:731] WARNING [107][ 5280/   49][rank:3] loss: 0.055, average forward (0.008937) and backward (0.022694) time: 0.034031, iotime: 0.002110 
2022-08-04 18:22:42,212 [dl_trainer.py:634] INFO train iter: 5292, num_batches_per_epoch: 49
2022-08-04 18:22:42,213 [dl_trainer.py:635] INFO Epoch 108, avg train acc: 98.740434, lr: 0.010000, avg loss: 0.041229
2022-08-04 18:22:45,171 [dl_trainer.py:731] WARNING [108][ 5320/   49][rank:3] loss: 0.037, average forward (0.009225) and backward (0.019618) time: 0.036444, iotime: 0.007311 
2022-08-04 18:22:45,245 [dist_trainer.py:90] WARNING Time per iteration including communication: 0.085593, Speed: 1495.450001 images/s
2022-08-04 18:22:46,383 [dl_trainer.py:634] INFO train iter: 5341, num_batches_per_epoch: 49
2022-08-04 18:22:46,383 [dl_trainer.py:635] INFO Epoch 109, avg train acc: 98.804209, lr: 0.010000, avg loss: 0.040571
2022-08-04 18:22:48,780 [dl_trainer.py:731] WARNING [109][ 5360/   49][rank:3] loss: 0.048, average forward (0.009078) and backward (0.020802) time: 0.037408, iotime: 0.007235 
2022-08-04 18:22:49,241 [dist_trainer.py:90] WARNING Time per iteration including communication: 0.083243, Speed: 1537.658344 images/s
2022-08-04 18:22:50,412 [dl_trainer.py:634] INFO train iter: 5390, num_batches_per_epoch: 49
2022-08-04 18:22:50,412 [dl_trainer.py:635] INFO Epoch 110, avg train acc: 98.804209, lr: 0.010000, avg loss: 0.036228
2022-08-04 18:22:52,479 [dl_trainer.py:731] WARNING [110][ 5400/   49][rank:3] loss: 0.102, average forward (0.009413) and backward (0.020004) time: 0.036931, iotime: 0.007206 
2022-08-04 18:22:53,302 [dist_trainer.py:90] WARNING Time per iteration including communication: 0.084581, Speed: 1513.345215 images/s
2022-08-04 18:22:54,558 [dl_trainer.py:634] INFO train iter: 5439, num_batches_per_epoch: 49
2022-08-04 18:22:54,559 [dl_trainer.py:635] INFO Epoch 111, avg train acc: 98.724490, lr: 0.010000, avg loss: 0.042019
2022-08-04 18:22:54,591 [dl_trainer.py:731] WARNING [111][ 5440/   49][rank:3] loss: 0.069, average forward (0.009519) and backward (0.022983) time: 0.040235, iotime: 0.007415 
2022-08-04 18:22:57,364 [dist_trainer.py:90] WARNING Time per iteration including communication: 0.084619, Speed: 1512.658902 images/s
2022-08-04 18:22:58,232 [dl_trainer.py:731] WARNING [111][ 5480/   49][rank:3] loss: 0.021, average forward (0.010078) and backward (0.022032) time: 0.039547, iotime: 0.007170 
2022-08-04 18:22:58,575 [dl_trainer.py:634] INFO train iter: 5488, num_batches_per_epoch: 49
2022-08-04 18:22:58,575 [dl_trainer.py:635] INFO Epoch 112, avg train acc: 98.708546, lr: 0.010000, avg loss: 0.042452
2022-08-04 18:23:01,342 [dist_trainer.py:90] WARNING Time per iteration including communication: 0.082864, Speed: 1544.701112 images/s
2022-08-04 18:23:01,661 [dl_trainer.py:731] WARNING [112][ 5520/   49][rank:3] loss: 0.041, average forward (0.010631) and backward (0.022834) time: 0.036095, iotime: 0.002333 
2022-08-04 18:23:02,671 [dl_trainer.py:634] INFO train iter: 5537, num_batches_per_epoch: 49
2022-08-04 18:23:02,671 [dl_trainer.py:635] INFO Epoch 113, avg train acc: 98.660714, lr: 0.010000, avg loss: 0.043337
2022-08-04 18:23:05,278 [dl_trainer.py:731] WARNING [113][ 5560/   49][rank:3] loss: 0.063, average forward (0.009217) and backward (0.019130) time: 0.036068, iotime: 0.007179 
2022-08-04 18:23:05,344 [dist_trainer.py:90] WARNING Time per iteration including communication: 0.083352, Speed: 1535.662611 images/s
2022-08-04 18:23:06,717 [dl_trainer.py:634] INFO train iter: 5586, num_batches_per_epoch: 49
2022-08-04 18:23:06,718 [dl_trainer.py:635] INFO Epoch 114, avg train acc: 98.612883, lr: 0.010000, avg loss: 0.041974
2022-08-04 18:23:09,027 [dl_trainer.py:731] WARNING [114][ 5600/   49][rank:3] loss: 0.111, average forward (0.009707) and backward (0.020806) time: 0.037875, iotime: 0.007071 
2022-08-04 18:23:09,486 [dist_trainer.py:90] WARNING Time per iteration including communication: 0.086280, Speed: 1483.548649 images/s
2022-08-04 18:23:10,882 [dl_trainer.py:634] INFO train iter: 5635, num_batches_per_epoch: 49
2022-08-04 18:23:10,883 [dl_trainer.py:635] INFO Epoch 115, avg train acc: 98.708546, lr: 0.010000, avg loss: 0.041679
2022-08-04 18:23:12,617 [dl_trainer.py:731] WARNING [115][ 5640/   49][rank:3] loss: 0.065, average forward (0.010146) and backward (0.023285) time: 0.041113, iotime: 0.007364 
2022-08-04 18:23:13,385 [dist_trainer.py:90] WARNING Time per iteration including communication: 0.081214, Speed: 1576.077046 images/s
2022-08-04 18:23:14,706 [dl_trainer.py:731] WARNING [115][ 5680/   49][rank:3] loss: 0.037, average forward (0.010843) and backward (0.022579) time: 0.040877, iotime: 0.007006 
2022-08-04 18:23:14,899 [dl_trainer.py:634] INFO train iter: 5684, num_batches_per_epoch: 49
2022-08-04 18:23:14,900 [dl_trainer.py:635] INFO Epoch 116, avg train acc: 98.836097, lr: 0.010000, avg loss: 0.036610
2022-08-04 18:23:17,420 [dist_trainer.py:90] WARNING Time per iteration including communication: 0.084049, Speed: 1522.926619 images/s
2022-08-04 18:23:18,307 [dl_trainer.py:731] WARNING [116][ 5720/   49][rank:3] loss: 0.041, average forward (0.009738) and backward (0.020655) time: 0.038148, iotime: 0.007468 
2022-08-04 18:23:18,975 [dl_trainer.py:634] INFO train iter: 5733, num_batches_per_epoch: 49
2022-08-04 18:23:18,975 [dl_trainer.py:635] INFO Epoch 117, avg train acc: 98.772321, lr: 0.010000, avg loss: 0.038468
2022-08-04 18:23:21,578 [dist_trainer.py:90] WARNING Time per iteration including communication: 0.086611, Speed: 1477.866093 images/s
2022-08-04 18:23:21,890 [dl_trainer.py:731] WARNING [117][ 5760/   49][rank:3] loss: 0.039, average forward (0.008956) and backward (0.021745) time: 0.033150, iotime: 0.002169 
2022-08-04 18:23:23,092 [dl_trainer.py:634] INFO train iter: 5782, num_batches_per_epoch: 49
2022-08-04 18:23:23,093 [dl_trainer.py:635] INFO Epoch 118, avg train acc: 98.836097, lr: 0.010000, avg loss: 0.034600
2022-08-04 18:23:25,491 [dl_trainer.py:731] WARNING [118][ 5800/   49][rank:3] loss: 0.033, average forward (0.010207) and backward (0.019836) time: 0.037707, iotime: 0.007285 
2022-08-04 18:23:25,552 [dist_trainer.py:90] WARNING Time per iteration including communication: 0.082766, Speed: 1546.520110 images/s
2022-08-04 18:23:27,197 [dl_trainer.py:634] INFO train iter: 5831, num_batches_per_epoch: 49
2022-08-04 18:23:27,198 [dl_trainer.py:635] INFO Epoch 119, avg train acc: 98.963648, lr: 0.010000, avg loss: 0.037345
2022-08-04 18:23:29,223 [dl_trainer.py:731] WARNING [119][ 5840/   49][rank:3] loss: 0.033, average forward (0.009514) and backward (0.018887) time: 0.035933, iotime: 0.006929 
2022-08-04 18:23:29,660 [dist_trainer.py:90] WARNING Time per iteration including communication: 0.085571, Speed: 1495.832723 images/s
2022-08-04 18:23:31,328 [dl_trainer.py:731] WARNING [119][ 5880/   49][rank:3] loss: 0.096, average forward (0.009741) and backward (0.022438) time: 0.040112, iotime: 0.007666 
2022-08-04 18:23:31,341 [dl_trainer.py:634] INFO train iter: 5880, num_batches_per_epoch: 49
2022-08-04 18:23:31,341 [dl_trainer.py:635] INFO Epoch 120, avg train acc: 98.836097, lr: 0.010000, avg loss: 0.039059
2022-08-04 18:23:33,741 [dist_trainer.py:90] WARNING Time per iteration including communication: 0.085013, Speed: 1505.654150 images/s
2022-08-04 18:23:35,050 [dl_trainer.py:731] WARNING [120][ 5920/   49][rank:3] loss: 0.054, average forward (0.009591) and backward (0.018742) time: 0.036288, iotime: 0.007674 
2022-08-04 18:23:35,499 [dl_trainer.py:634] INFO train iter: 5929, num_batches_per_epoch: 49
2022-08-04 18:23:35,499 [dl_trainer.py:635] INFO Epoch 121, avg train acc: 98.692602, lr: 0.010000, avg loss: 0.042013
2022-08-04 18:23:37,826 [dist_trainer.py:90] WARNING Time per iteration including communication: 0.085083, Speed: 1504.416449 images/s
2022-08-04 18:23:38,769 [dl_trainer.py:731] WARNING [121][ 5960/   49][rank:3] loss: 0.029, average forward (0.009862) and backward (0.021150) time: 0.039089, iotime: 0.007647 
2022-08-04 18:23:39,674 [dl_trainer.py:634] INFO train iter: 5978, num_batches_per_epoch: 49
2022-08-04 18:23:39,674 [dl_trainer.py:635] INFO Epoch 122, avg train acc: 98.852041, lr: 0.010000, avg loss: 0.037631
2022-08-04 18:23:41,971 [dist_trainer.py:90] WARNING Time per iteration including communication: 0.086343, Speed: 1482.455991 images/s
2022-08-04 18:23:42,291 [dl_trainer.py:731] WARNING [122][ 6000/   49][rank:3] loss: 0.015, average forward (0.008487) and backward (0.019160) time: 0.029857, iotime: 0.001945 
2022-08-04 18:23:43,762 [dl_trainer.py:634] INFO train iter: 6027, num_batches_per_epoch: 49
2022-08-04 18:23:43,763 [dl_trainer.py:635] INFO Epoch 123, avg train acc: 98.820153, lr: 0.001000, avg loss: 0.037990
2022-08-04 18:23:45,994 [dl_trainer.py:731] WARNING [123][ 6040/   49][rank:3] loss: 0.023, average forward (0.008910) and backward (0.021351) time: 0.037533, iotime: 0.006943 
2022-08-04 18:23:46,043 [dist_trainer.py:90] WARNING Time per iteration including communication: 0.084821, Speed: 1509.061658 images/s
2022-08-04 18:23:47,840 [dl_trainer.py:634] INFO train iter: 6076, num_batches_per_epoch: 49
2022-08-04 18:23:47,841 [dl_trainer.py:635] INFO Epoch 124, avg train acc: 99.075255, lr: 0.001000, avg loss: 0.036153
2022-08-04 18:23:49,663 [dl_trainer.py:731] WARNING [124][ 6080/   49][rank:3] loss: 0.030, average forward (0.009467) and backward (0.021490) time: 0.038434, iotime: 0.007183 
2022-08-04 18:23:50,146 [dist_trainer.py:90] WARNING Time per iteration including communication: 0.085469, Speed: 1497.615929 images/s
2022-08-04 18:23:51,809 [dl_trainer.py:731] WARNING [124][ 6120/   49][rank:3] loss: 0.015, average forward (0.009167) and backward (0.020898) time: 0.037839, iotime: 0.007195 
2022-08-04 18:23:52,042 [dl_trainer.py:634] INFO train iter: 6125, num_batches_per_epoch: 49
2022-08-04 18:23:52,042 [dl_trainer.py:635] INFO Epoch 125, avg train acc: 99.059311, lr: 0.001000, avg loss: 0.032871
2022-08-04 18:23:54,214 [dist_trainer.py:90] WARNING Time per iteration including communication: 0.084715, Speed: 1510.949559 images/s
2022-08-04 18:23:55,442 [dl_trainer.py:731] WARNING [125][ 6160/   49][rank:3] loss: 0.037, average forward (0.009726) and backward (0.021457) time: 0.038326, iotime: 0.006868 
2022-08-04 18:23:56,092 [dl_trainer.py:634] INFO train iter: 6174, num_batches_per_epoch: 49
2022-08-04 18:23:56,093 [dl_trainer.py:635] INFO Epoch 126, avg train acc: 98.931760, lr: 0.001000, avg loss: 0.035889
2022-08-04 18:23:58,220 [dist_trainer.py:90] WARNING Time per iteration including communication: 0.083461, Speed: 1533.641292 images/s
2022-08-04 18:23:59,112 [dl_trainer.py:731] WARNING [126][ 6200/   49][rank:3] loss: 0.012, average forward (0.009293) and backward (0.020170) time: 0.037101, iotime: 0.007225 
2022-08-04 18:24:00,221 [dl_trainer.py:634] INFO train iter: 6223, num_batches_per_epoch: 49
2022-08-04 18:24:00,221 [dl_trainer.py:635] INFO Epoch 127, avg train acc: 98.852041, lr: 0.001000, avg loss: 0.037404
2022-08-04 18:24:02,271 [dist_trainer.py:90] WARNING Time per iteration including communication: 0.084372, Speed: 1517.094481 images/s
2022-08-04 18:24:02,620 [dl_trainer.py:731] WARNING [127][ 6240/   49][rank:3] loss: 0.056, average forward (0.009594) and backward (0.021997) time: 0.034018, iotime: 0.002151 
2022-08-04 18:24:04,359 [dl_trainer.py:634] INFO train iter: 6272, num_batches_per_epoch: 49
2022-08-04 18:24:04,360 [dl_trainer.py:635] INFO Epoch 128, avg train acc: 98.931760, lr: 0.001000, avg loss: 0.038023
2022-08-04 18:24:06,275 [dl_trainer.py:731] WARNING [128][ 6280/   49][rank:3] loss: 0.057, average forward (0.009207) and backward (0.023022) time: 0.039393, iotime: 0.006894 
2022-08-04 18:24:06,339 [dist_trainer.py:90] WARNING Time per iteration including communication: 0.084748, Speed: 1510.355437 images/s
2022-08-04 18:24:08,393 [dl_trainer.py:731] WARNING [128][ 6320/   49][rank:3] loss: 0.032, average forward (0.009663) and backward (0.021728) time: 0.038709, iotime: 0.007063 
2022-08-04 18:24:08,450 [dl_trainer.py:634] INFO train iter: 6321, num_batches_per_epoch: 49
2022-08-04 18:24:08,450 [dl_trainer.py:635] INFO Epoch 129, avg train acc: 98.867985, lr: 0.001000, avg loss: 0.032859
2022-08-04 18:24:10,352 [dist_trainer.py:90] WARNING Time per iteration including communication: 0.083584, Speed: 1531.386549 images/s
2022-08-04 18:24:11,989 [dl_trainer.py:731] WARNING [129][ 6360/   49][rank:3] loss: 0.012, average forward (0.008878) and backward (0.018003) time: 0.034483, iotime: 0.007324 
2022-08-04 18:24:12,513 [dl_trainer.py:634] INFO train iter: 6370, num_batches_per_epoch: 49
2022-08-04 18:24:12,514 [dl_trainer.py:635] INFO Epoch 130, avg train acc: 98.756378, lr: 0.001000, avg loss: 0.039069
2022-08-04 18:24:14,393 [dist_trainer.py:90] WARNING Time per iteration including communication: 0.084183, Speed: 1520.490239 images/s
2022-08-04 18:24:15,665 [dl_trainer.py:731] WARNING [130][ 6400/   49][rank:3] loss: 0.044, average forward (0.009986) and backward (0.021581) time: 0.039285, iotime: 0.007193 
2022-08-04 18:24:16,578 [dl_trainer.py:634] INFO train iter: 6419, num_batches_per_epoch: 49
2022-08-04 18:24:16,579 [dl_trainer.py:635] INFO Epoch 131, avg train acc: 98.899872, lr: 0.001000, avg loss: 0.035682
2022-08-04 18:24:18,423 [dist_trainer.py:90] WARNING Time per iteration including communication: 0.083927, Speed: 1525.127076 images/s
2022-08-04 18:24:19,297 [dl_trainer.py:731] WARNING [131][ 6440/   49][rank:3] loss: 0.009, average forward (0.009629) and backward (0.021094) time: 0.037923, iotime: 0.006924 
2022-08-04 18:24:20,713 [dl_trainer.py:634] INFO train iter: 6468, num_batches_per_epoch: 49
2022-08-04 18:24:20,713 [dl_trainer.py:635] INFO Epoch 132, avg train acc: 99.043367, lr: 0.001000, avg loss: 0.031942
2022-08-04 18:24:22,505 [dist_trainer.py:90] WARNING Time per iteration including communication: 0.085031, Speed: 1505.330222 images/s
2022-08-04 18:24:22,830 [dl_trainer.py:731] WARNING [132][ 6480/   49][rank:3] loss: 0.049, average forward (0.008748) and backward (0.022089) time: 0.033038, iotime: 0.001946 
2022-08-04 18:24:24,818 [dl_trainer.py:634] INFO train iter: 6517, num_batches_per_epoch: 49
2022-08-04 18:24:24,819 [dl_trainer.py:635] INFO Epoch 133, avg train acc: 98.931760, lr: 0.001000, avg loss: 0.035260
2022-08-04 18:24:26,468 [dl_trainer.py:731] WARNING [133][ 6520/   49][rank:3] loss: 0.043, average forward (0.009555) and backward (0.021451) time: 0.038830, iotime: 0.006979 
2022-08-04 18:24:26,535 [dist_trainer.py:90] WARNING Time per iteration including communication: 0.083941, Speed: 1524.885034 images/s
2022-08-04 18:24:28,546 [dl_trainer.py:731] WARNING [133][ 6560/   49][rank:3] loss: 0.025, average forward (0.009739) and backward (0.022703) time: 0.039830, iotime: 0.006736 
2022-08-04 18:24:28,832 [dl_trainer.py:634] INFO train iter: 6566, num_batches_per_epoch: 49
2022-08-04 18:24:28,833 [dl_trainer.py:635] INFO Epoch 134, avg train acc: 98.660714, lr: 0.001000, avg loss: 0.040704
2022-08-04 18:24:30,598 [dist_trainer.py:90] WARNING Time per iteration including communication: 0.084630, Speed: 1512.474061 images/s
2022-08-04 18:24:32,195 [dl_trainer.py:731] WARNING [134][ 6600/   49][rank:3] loss: 0.049, average forward (0.009637) and backward (0.021098) time: 0.038656, iotime: 0.007646 
2022-08-04 18:24:32,897 [dl_trainer.py:634] INFO train iter: 6615, num_batches_per_epoch: 49
2022-08-04 18:24:32,898 [dl_trainer.py:635] INFO Epoch 135, avg train acc: 98.947704, lr: 0.001000, avg loss: 0.035252
2022-08-04 18:24:34,533 [dist_trainer.py:90] WARNING Time per iteration including communication: 0.081972, Speed: 1561.504209 images/s
2022-08-04 18:24:35,758 [dl_trainer.py:731] WARNING [135][ 6640/   49][rank:3] loss: 0.019, average forward (0.008680) and backward (0.021043) time: 0.037160, iotime: 0.007168 
2022-08-04 18:24:36,847 [dl_trainer.py:634] INFO train iter: 6664, num_batches_per_epoch: 49
2022-08-04 18:24:36,848 [dl_trainer.py:635] INFO Epoch 136, avg train acc: 99.043367, lr: 0.001000, avg loss: 0.032788
2022-08-04 18:24:38,486 [dist_trainer.py:90] WARNING Time per iteration including communication: 0.082335, Speed: 1554.629179 images/s
2022-08-04 18:24:39,389 [dl_trainer.py:731] WARNING [136][ 6680/   49][rank:3] loss: 0.016, average forward (0.009188) and backward (0.020749) time: 0.037544, iotime: 0.007323 
2022-08-04 18:24:41,025 [dist_trainer.py:90] WARNING Time per iteration including communication: 0.052878, Speed: 2420.672700 images/s
2022-08-04 18:24:41,026 [dl_trainer.py:634] INFO train iter: 6713, num_batches_per_epoch: 49
2022-08-04 18:24:41,026 [dl_trainer.py:635] INFO Epoch 137, avg train acc: 98.947704, lr: 0.001000, avg loss: 0.033863
2022-08-04 18:24:42,979 [dl_trainer.py:731] WARNING [137][ 6720/   49][rank:3] loss: 0.080, average forward (0.009330) and backward (0.024237) time: 0.035969, iotime: 0.002118 
2022-08-04 18:24:45,112 [dl_trainer.py:731] WARNING [137][ 6760/   49][rank:3] loss: 0.033, average forward (0.008877) and backward (0.021478) time: 0.037872, iotime: 0.007076 
2022-08-04 18:24:45,181 [dist_trainer.py:90] WARNING Time per iteration including communication: 0.086573, Speed: 1478.518816 images/s
2022-08-04 18:24:45,232 [dl_trainer.py:634] INFO train iter: 6762, num_batches_per_epoch: 49
2022-08-04 18:24:45,232 [dl_trainer.py:635] INFO Epoch 138, avg train acc: 98.947704, lr: 0.001000, avg loss: 0.035778
