2022-08-04 18:25:05,148 [dist_trainer.py:135] INFO Configurations: Namespace(batch_size=256, compressor='topk', data_dir='./data', dataset='cifar10', density=1.0, dnn='resnet20', lr=0.1, max_epochs=141, nsteps_update=1, num_steps=35, nworkers=8, nwpernode=8, pretrain=None, saved_dir='./logs/iclr', threshold=524288000)
2022-08-04 18:25:29,066 [dl_trainer.py:254] INFO num_batches_per_epoch: 25
2022-08-04 18:25:29,652 [distributed_optimizer.py:63] INFO _dynamic_densities: [0.015625, 0.004, 0.001]
2022-08-04 18:25:29,653 [distributed_optimizer.py:323] INFO # of parameters: 269722
2022-08-04 18:25:29,654 [distributed_optimizer.py:324] INFO Total number of tensors: 59
2022-08-04 18:25:29,654 [distributed_optimizer.py:325] INFO Merged Number of groups: 1
2022-08-04 18:25:30,470 [dist_trainer.py:62] INFO max_epochs: 141
2022-08-04 18:25:33,607 [dist_trainer.py:90] WARNING Time per iteration including communication: 0.130668, Speed: 1959.168830 images/s
2022-08-04 18:25:33,875 [dl_trainer.py:634] INFO train iter: 25, num_batches_per_epoch: 25
2022-08-04 18:25:33,876 [dl_trainer.py:635] INFO Epoch 1, avg train acc: 22.265625, lr: 0.020640, avg loss: 2.400757
2022-08-04 18:25:36,071 [dl_trainer.py:731] WARNING [  1][   40/   25][rank:5] loss: 1.708, average forward (0.055866) and backward (0.026917) time: 0.091796, iotime: 0.008384 
2022-08-04 18:25:36,457 [dist_trainer.py:90] WARNING Time per iteration including communication: 0.118751, Speed: 2155.766101 images/s
2022-08-04 18:25:36,801 [dl_trainer.py:634] INFO train iter: 50, num_batches_per_epoch: 25
2022-08-04 18:25:36,802 [dl_trainer.py:635] INFO Epoch 2, avg train acc: 38.484375, lr: 0.040480, avg loss: 1.670587
2022-08-04 18:25:39,456 [dist_trainer.py:90] WARNING Time per iteration including communication: 0.124921, Speed: 2049.295741 images/s
2022-08-04 18:25:39,847 [dl_trainer.py:634] INFO train iter: 75, num_batches_per_epoch: 25
2022-08-04 18:25:39,848 [dl_trainer.py:635] INFO Epoch 3, avg train acc: 45.062500, lr: 0.060320, avg loss: 1.481904
2022-08-04 18:25:41,564 [dl_trainer.py:731] WARNING [  3][   80/   25][rank:5] loss: 1.364, average forward (0.009929) and backward (0.023176) time: 0.047733, iotime: 0.014300 
2022-08-04 18:25:42,308 [dist_trainer.py:90] WARNING Time per iteration including communication: 0.118831, Speed: 2154.318403 images/s
2022-08-04 18:25:42,764 [dl_trainer.py:634] INFO train iter: 100, num_batches_per_epoch: 25
2022-08-04 18:25:42,764 [dl_trainer.py:635] INFO Epoch 4, avg train acc: 50.921875, lr: 0.080160, avg loss: 1.333876
2022-08-04 18:25:45,384 [dl_trainer.py:731] WARNING [  4][  120/   25][rank:5] loss: 1.190, average forward (0.009472) and backward (0.023929) time: 0.043072, iotime: 0.009276 
2022-08-04 18:25:45,392 [dist_trainer.py:90] WARNING Time per iteration including communication: 0.128483, Speed: 1992.477992 images/s
2022-08-04 18:25:45,871 [dl_trainer.py:634] INFO train iter: 125, num_batches_per_epoch: 25
2022-08-04 18:25:45,872 [dl_trainer.py:635] INFO Epoch 5, avg train acc: 54.703125, lr: 0.100000, avg loss: 1.238189
2022-08-04 18:25:48,270 [dist_trainer.py:90] WARNING Time per iteration including communication: 0.119910, Speed: 2134.927605 images/s
2022-08-04 18:25:48,809 [dl_trainer.py:634] INFO train iter: 150, num_batches_per_epoch: 25
2022-08-04 18:25:48,810 [dl_trainer.py:635] INFO Epoch 6, avg train acc: 62.234375, lr: 0.100000, avg loss: 1.058845
2022-08-04 18:25:50,818 [dl_trainer.py:731] WARNING [  6][  160/   25][rank:5] loss: 0.967, average forward (0.009634) and backward (0.024325) time: 0.048762, iotime: 0.013787 
2022-08-04 18:25:51,210 [dist_trainer.py:90] WARNING Time per iteration including communication: 0.122488, Speed: 2089.995704 images/s
2022-08-04 18:25:51,787 [dl_trainer.py:634] INFO train iter: 175, num_batches_per_epoch: 25
2022-08-04 18:25:51,788 [dl_trainer.py:635] INFO Epoch 7, avg train acc: 66.890625, lr: 0.100000, avg loss: 0.932381
2022-08-04 18:25:54,088 [dist_trainer.py:90] WARNING Time per iteration including communication: 0.119896, Speed: 2135.185513 images/s
2022-08-04 18:25:54,712 [dl_trainer.py:731] WARNING [  7][  200/   25][rank:5] loss: 0.788, average forward (0.009366) and backward (0.024377) time: 0.048168, iotime: 0.013460 
2022-08-04 18:25:54,721 [dl_trainer.py:634] INFO train iter: 200, num_batches_per_epoch: 25
2022-08-04 18:25:54,721 [dl_trainer.py:635] INFO Epoch 8, avg train acc: 70.031250, lr: 0.100000, avg loss: 0.848757
2022-08-04 18:25:56,996 [dist_trainer.py:90] WARNING Time per iteration including communication: 0.121121, Speed: 2113.590290 images/s
2022-08-04 18:25:57,687 [dl_trainer.py:634] INFO train iter: 225, num_batches_per_epoch: 25
2022-08-04 18:25:57,688 [dl_trainer.py:635] INFO Epoch 9, avg train acc: 70.781250, lr: 0.100000, avg loss: 0.810103
2022-08-04 18:25:59,868 [dl_trainer.py:731] WARNING [  9][  240/   25][rank:5] loss: 0.754, average forward (0.009775) and backward (0.024360) time: 0.043188, iotime: 0.008415 
2022-08-04 18:25:59,881 [dist_trainer.py:90] WARNING Time per iteration including communication: 0.120204, Speed: 2129.710504 images/s
2022-08-04 18:26:00,596 [dl_trainer.py:634] INFO train iter: 250, num_batches_per_epoch: 25
2022-08-04 18:26:00,597 [dl_trainer.py:635] INFO Epoch 10, avg train acc: 75.593750, lr: 0.100000, avg loss: 0.691452
2022-08-04 18:26:02,833 [dist_trainer.py:90] WARNING Time per iteration including communication: 0.122962, Speed: 2081.949264 images/s
2022-08-04 18:26:03,591 [dl_trainer.py:634] INFO train iter: 275, num_batches_per_epoch: 25
2022-08-04 18:26:03,592 [dl_trainer.py:635] INFO Epoch 11, avg train acc: 76.375000, lr: 0.100000, avg loss: 0.676333
2022-08-04 18:26:05,278 [dl_trainer.py:731] WARNING [ 11][  280/   25][rank:5] loss: 0.589, average forward (0.009985) and backward (0.023676) time: 0.047801, iotime: 0.013821 
2022-08-04 18:26:05,651 [dist_trainer.py:90] WARNING Time per iteration including communication: 0.117393, Speed: 2180.710590 images/s
2022-08-04 18:26:06,432 [dl_trainer.py:634] INFO train iter: 300, num_batches_per_epoch: 25
2022-08-04 18:26:06,432 [dl_trainer.py:635] INFO Epoch 12, avg train acc: 78.015625, lr: 0.100000, avg loss: 0.619631
2022-08-04 18:26:08,479 [dist_trainer.py:90] WARNING Time per iteration including communication: 0.117812, Speed: 2172.951546 images/s
2022-08-04 18:26:09,077 [dl_trainer.py:731] WARNING [ 12][  320/   25][rank:5] loss: 0.642, average forward (0.009277) and backward (0.023691) time: 0.047567, iotime: 0.014030 
2022-08-04 18:26:09,310 [dl_trainer.py:634] INFO train iter: 325, num_batches_per_epoch: 25
2022-08-04 18:26:09,310 [dl_trainer.py:635] INFO Epoch 13, avg train acc: 79.734375, lr: 0.100000, avg loss: 0.602837
2022-08-04 18:26:11,289 [dist_trainer.py:90] WARNING Time per iteration including communication: 0.117047, Speed: 2187.150910 images/s
2022-08-04 18:26:12,183 [dl_trainer.py:634] INFO train iter: 350, num_batches_per_epoch: 25
2022-08-04 18:26:12,183 [dl_trainer.py:635] INFO Epoch 14, avg train acc: 79.937500, lr: 0.100000, avg loss: 0.570645
2022-08-04 18:26:14,162 [dl_trainer.py:731] WARNING [ 14][  360/   25][rank:5] loss: 0.579, average forward (0.009532) and backward (0.025071) time: 0.043343, iotime: 0.008430 
2022-08-04 18:26:14,170 [dist_trainer.py:90] WARNING Time per iteration including communication: 0.120023, Speed: 2132.926249 images/s
2022-08-04 18:26:15,089 [dl_trainer.py:634] INFO train iter: 375, num_batches_per_epoch: 25
2022-08-04 18:26:15,090 [dl_trainer.py:635] INFO Epoch 15, avg train acc: 81.609375, lr: 0.100000, avg loss: 0.526564
2022-08-04 18:26:16,955 [dist_trainer.py:90] WARNING Time per iteration including communication: 0.116039, Speed: 2206.146367 images/s
2022-08-04 18:26:17,930 [dl_trainer.py:731] WARNING [ 15][  400/   25][rank:5] loss: 0.571, average forward (0.009386) and backward (0.023584) time: 0.047144, iotime: 0.013874 
2022-08-04 18:26:17,947 [dl_trainer.py:634] INFO train iter: 400, num_batches_per_epoch: 25
2022-08-04 18:26:17,947 [dl_trainer.py:635] INFO Epoch 16, avg train acc: 82.281250, lr: 0.100000, avg loss: 0.514371
2022-08-04 18:26:19,805 [dist_trainer.py:90] WARNING Time per iteration including communication: 0.118747, Speed: 2155.838059 images/s
2022-08-04 18:26:20,823 [dl_trainer.py:634] INFO train iter: 425, num_batches_per_epoch: 25
2022-08-04 18:26:20,823 [dl_trainer.py:635] INFO Epoch 17, avg train acc: 83.187500, lr: 0.100000, avg loss: 0.476021
2022-08-04 18:26:22,644 [dist_trainer.py:90] WARNING Time per iteration including communication: 0.118237, Speed: 2165.150373 images/s
2022-08-04 18:26:23,244 [dl_trainer.py:731] WARNING [ 17][  440/   25][rank:5] loss: 0.504, average forward (0.010086) and backward (0.023621) time: 0.048462, iotime: 0.014283 
2022-08-04 18:26:23,677 [dl_trainer.py:634] INFO train iter: 450, num_batches_per_epoch: 25
2022-08-04 18:26:23,677 [dl_trainer.py:635] INFO Epoch 18, avg train acc: 83.890625, lr: 0.100000, avg loss: 0.463837
2022-08-04 18:26:25,478 [dist_trainer.py:90] WARNING Time per iteration including communication: 0.118055, Speed: 2168.482692 images/s
2022-08-04 18:26:26,555 [dl_trainer.py:634] INFO train iter: 475, num_batches_per_epoch: 25
2022-08-04 18:26:26,555 [dl_trainer.py:635] INFO Epoch 19, avg train acc: 84.281250, lr: 0.100000, avg loss: 0.455095
2022-08-04 18:26:28,347 [dl_trainer.py:731] WARNING [ 19][  480/   25][rank:5] loss: 0.358, average forward (0.009172) and backward (0.024018) time: 0.042150, iotime: 0.008625 
2022-08-04 18:26:28,360 [dist_trainer.py:90] WARNING Time per iteration including communication: 0.120060, Speed: 2132.267256 images/s
2022-08-04 18:26:29,468 [dl_trainer.py:634] INFO train iter: 500, num_batches_per_epoch: 25
2022-08-04 18:26:29,468 [dl_trainer.py:635] INFO Epoch 20, avg train acc: 85.156250, lr: 0.100000, avg loss: 0.443490
2022-08-04 18:26:31,208 [dist_trainer.py:90] WARNING Time per iteration including communication: 0.118657, Speed: 2157.473108 images/s
2022-08-04 18:26:32,203 [dl_trainer.py:731] WARNING [ 20][  520/   25][rank:5] loss: 0.494, average forward (0.009794) and backward (0.023249) time: 0.047422, iotime: 0.014107 
2022-08-04 18:26:32,455 [dl_trainer.py:634] INFO train iter: 525, num_batches_per_epoch: 25
2022-08-04 18:26:32,456 [dl_trainer.py:635] INFO Epoch 21, avg train acc: 85.156250, lr: 0.100000, avg loss: 0.436235
2022-08-04 18:26:34,131 [dist_trainer.py:90] WARNING Time per iteration including communication: 0.121763, Speed: 2102.441639 images/s
2022-08-04 18:26:35,332 [dl_trainer.py:634] INFO train iter: 550, num_batches_per_epoch: 25
2022-08-04 18:26:35,332 [dl_trainer.py:635] INFO Epoch 22, avg train acc: 86.203125, lr: 0.100000, avg loss: 0.400455
2022-08-04 18:26:37,046 [dist_trainer.py:90] WARNING Time per iteration including communication: 0.121436, Speed: 2108.098225 images/s
2022-08-04 18:26:37,648 [dl_trainer.py:731] WARNING [ 22][  560/   25][rank:5] loss: 0.401, average forward (0.009755) and backward (0.023869) time: 0.048826, iotime: 0.014537 
2022-08-04 18:26:38,341 [dl_trainer.py:634] INFO train iter: 575, num_batches_per_epoch: 25
2022-08-04 18:26:38,342 [dl_trainer.py:635] INFO Epoch 23, avg train acc: 85.953125, lr: 0.100000, avg loss: 0.396300
2022-08-04 18:26:39,915 [dist_trainer.py:90] WARNING Time per iteration including communication: 0.119525, Speed: 2141.808569 images/s
2022-08-04 18:26:41,222 [dl_trainer.py:731] WARNING [ 23][  600/   25][rank:5] loss: 0.334, average forward (0.008581) and backward (0.023131) time: 0.040426, iotime: 0.008155 
2022-08-04 18:26:41,235 [dist_trainer.py:90] WARNING Time per iteration including communication: 0.054975, Speed: 4656.686267 images/s
2022-08-04 18:26:41,236 [dl_trainer.py:634] INFO train iter: 600, num_batches_per_epoch: 25
2022-08-04 18:26:41,236 [dl_trainer.py:635] INFO Epoch 24, avg train acc: 86.328125, lr: 0.100000, avg loss: 0.390251
2022-08-04 18:26:44,281 [dist_trainer.py:90] WARNING Time per iteration including communication: 0.126917, Speed: 2017.065252 images/s
2022-08-04 18:26:44,571 [dl_trainer.py:634] INFO train iter: 625, num_batches_per_epoch: 25
2022-08-04 18:26:44,571 [dl_trainer.py:635] INFO Epoch 25, avg train acc: 87.453125, lr: 0.100000, avg loss: 0.363076
2022-08-04 18:26:46,796 [dl_trainer.py:731] WARNING [ 25][  640/   25][rank:5] loss: 0.351, average forward (0.009979) and backward (0.023519) time: 0.048148, iotime: 0.014219 
2022-08-04 18:26:47,168 [dist_trainer.py:90] WARNING Time per iteration including communication: 0.120237, Speed: 2129.120340 images/s
2022-08-04 18:26:47,510 [dl_trainer.py:634] INFO train iter: 650, num_batches_per_epoch: 25
2022-08-04 18:26:47,510 [dl_trainer.py:635] INFO Epoch 26, avg train acc: 87.937500, lr: 0.100000, avg loss: 0.349258
2022-08-04 18:26:50,085 [dist_trainer.py:90] WARNING Time per iteration including communication: 0.121508, Speed: 2106.852816 images/s
2022-08-04 18:26:50,487 [dl_trainer.py:634] INFO train iter: 675, num_batches_per_epoch: 25
2022-08-04 18:26:50,487 [dl_trainer.py:635] INFO Epoch 27, avg train acc: 87.296875, lr: 0.100000, avg loss: 0.367351
2022-08-04 18:26:52,264 [dl_trainer.py:731] WARNING [ 27][  680/   25][rank:5] loss: 0.353, average forward (0.009417) and backward (0.023939) time: 0.048672, iotime: 0.014742 
2022-08-04 18:26:53,028 [dist_trainer.py:90] WARNING Time per iteration including communication: 0.122632, Speed: 2087.545181 images/s
2022-08-04 18:26:53,445 [dl_trainer.py:634] INFO train iter: 700, num_batches_per_epoch: 25
2022-08-04 18:26:53,445 [dl_trainer.py:635] INFO Epoch 28, avg train acc: 88.515625, lr: 0.100000, avg loss: 0.336422
2022-08-04 18:26:56,222 [dl_trainer.py:731] WARNING [ 28][  720/   25][rank:5] loss: 0.345, average forward (0.008885) and backward (0.024584) time: 0.042587, iotime: 0.008840 
2022-08-04 18:26:56,229 [dist_trainer.py:90] WARNING Time per iteration including communication: 0.133323, Speed: 1920.151045 images/s
2022-08-04 18:26:56,718 [dl_trainer.py:634] INFO train iter: 725, num_batches_per_epoch: 25
2022-08-04 18:26:56,718 [dl_trainer.py:635] INFO Epoch 29, avg train acc: 88.562500, lr: 0.100000, avg loss: 0.334132
2022-08-04 18:26:59,172 [dist_trainer.py:90] WARNING Time per iteration including communication: 0.122598, Speed: 2088.121825 images/s
2022-08-04 18:26:59,703 [dl_trainer.py:634] INFO train iter: 750, num_batches_per_epoch: 25
2022-08-04 18:26:59,704 [dl_trainer.py:635] INFO Epoch 30, avg train acc: 87.875000, lr: 0.100000, avg loss: 0.340502
2022-08-04 18:27:01,841 [dl_trainer.py:731] WARNING [ 30][  760/   25][rank:5] loss: 0.380, average forward (0.010549) and backward (0.023952) time: 0.049089, iotime: 0.014209 
2022-08-04 18:27:02,217 [dist_trainer.py:90] WARNING Time per iteration including communication: 0.126839, Speed: 2018.301741 images/s
2022-08-04 18:27:02,809 [dl_trainer.py:634] INFO train iter: 775, num_batches_per_epoch: 25
2022-08-04 18:27:02,809 [dl_trainer.py:635] INFO Epoch 31, avg train acc: 89.031250, lr: 0.100000, avg loss: 0.317954
2022-08-04 18:27:05,156 [dist_trainer.py:90] WARNING Time per iteration including communication: 0.122466, Speed: 2090.367831 images/s
2022-08-04 18:27:05,786 [dl_trainer.py:731] WARNING [ 31][  800/   25][rank:5] loss: 0.248, average forward (0.009915) and backward (0.023253) time: 0.048347, iotime: 0.014638 
2022-08-04 18:27:05,794 [dl_trainer.py:634] INFO train iter: 800, num_batches_per_epoch: 25
2022-08-04 18:27:05,794 [dl_trainer.py:635] INFO Epoch 32, avg train acc: 88.343750, lr: 0.100000, avg loss: 0.328434
2022-08-04 18:27:08,136 [dist_trainer.py:90] WARNING Time per iteration including communication: 0.124130, Speed: 2062.357109 images/s
2022-08-04 18:27:08,794 [dl_trainer.py:634] INFO train iter: 825, num_batches_per_epoch: 25
2022-08-04 18:27:08,795 [dl_trainer.py:635] INFO Epoch 33, avg train acc: 89.640625, lr: 0.100000, avg loss: 0.300569
2022-08-04 18:27:11,047 [dl_trainer.py:731] WARNING [ 33][  840/   25][rank:5] loss: 0.367, average forward (0.009425) and backward (0.023320) time: 0.041758, iotime: 0.008608 
2022-08-04 18:27:11,056 [dist_trainer.py:90] WARNING Time per iteration including communication: 0.121649, Speed: 2104.406792 images/s
2022-08-04 18:27:11,738 [dl_trainer.py:634] INFO train iter: 850, num_batches_per_epoch: 25
2022-08-04 18:27:11,739 [dl_trainer.py:635] INFO Epoch 34, avg train acc: 89.062500, lr: 0.100000, avg loss: 0.305865
2022-08-04 18:27:14,096 [dist_trainer.py:90] WARNING Time per iteration including communication: 0.126634, Speed: 2021.566504 images/s
2022-08-04 18:27:14,848 [dl_trainer.py:634] INFO train iter: 875, num_batches_per_epoch: 25
2022-08-04 18:27:14,848 [dl_trainer.py:635] INFO Epoch 35, avg train acc: 90.484375, lr: 0.100000, avg loss: 0.279178
2022-08-04 18:27:16,605 [dl_trainer.py:731] WARNING [ 35][  880/   25][rank:5] loss: 0.314, average forward (0.009316) and backward (0.023876) time: 0.047565, iotime: 0.014052 
2022-08-04 18:27:16,990 [dist_trainer.py:90] WARNING Time per iteration including communication: 0.120554, Speed: 2123.528652 images/s
2022-08-04 18:27:17,790 [dl_trainer.py:634] INFO train iter: 900, num_batches_per_epoch: 25
2022-08-04 18:27:17,791 [dl_trainer.py:635] INFO Epoch 36, avg train acc: 90.359375, lr: 0.100000, avg loss: 0.282099
2022-08-04 18:27:19,894 [dist_trainer.py:90] WARNING Time per iteration including communication: 0.120977, Speed: 2116.110198 images/s
2022-08-04 18:27:20,524 [dl_trainer.py:731] WARNING [ 36][  920/   25][rank:5] loss: 0.312, average forward (0.009828) and backward (0.023453) time: 0.047191, iotime: 0.013578 
2022-08-04 18:27:20,746 [dl_trainer.py:634] INFO train iter: 925, num_batches_per_epoch: 25
2022-08-04 18:27:20,747 [dl_trainer.py:635] INFO Epoch 37, avg train acc: 89.406250, lr: 0.100000, avg loss: 0.301321
2022-08-04 18:27:22,775 [dist_trainer.py:90] WARNING Time per iteration including communication: 0.120020, Speed: 2132.976916 images/s
2022-08-04 18:27:23,704 [dl_trainer.py:634] INFO train iter: 950, num_batches_per_epoch: 25
2022-08-04 18:27:23,705 [dl_trainer.py:635] INFO Epoch 38, avg train acc: 90.593750, lr: 0.100000, avg loss: 0.266555
2022-08-04 18:27:25,754 [dl_trainer.py:731] WARNING [ 38][  960/   25][rank:5] loss: 0.327, average forward (0.010122) and backward (0.024114) time: 0.043260, iotime: 0.008612 
2022-08-04 18:27:25,766 [dist_trainer.py:90] WARNING Time per iteration including communication: 0.124638, Speed: 2053.952472 images/s
2022-08-04 18:27:26,745 [dl_trainer.py:634] INFO train iter: 975, num_batches_per_epoch: 25
2022-08-04 18:27:26,746 [dl_trainer.py:635] INFO Epoch 39, avg train acc: 90.656250, lr: 0.100000, avg loss: 0.268958
2022-08-04 18:27:28,790 [dist_trainer.py:90] WARNING Time per iteration including communication: 0.125943, Speed: 2032.668054 images/s
2022-08-04 18:27:29,768 [dl_trainer.py:731] WARNING [ 39][ 1000/   25][rank:5] loss: 0.218, average forward (0.009691) and backward (0.023359) time: 0.047422, iotime: 0.014051 
2022-08-04 18:27:29,786 [dl_trainer.py:634] INFO train iter: 1000, num_batches_per_epoch: 25
2022-08-04 18:27:29,786 [dl_trainer.py:635] INFO Epoch 40, avg train acc: 90.562500, lr: 0.100000, avg loss: 0.265925
2022-08-04 18:27:31,751 [dist_trainer.py:90] WARNING Time per iteration including communication: 0.123356, Speed: 2075.291520 images/s
2022-08-04 18:27:32,849 [dl_trainer.py:634] INFO train iter: 1025, num_batches_per_epoch: 25
2022-08-04 18:27:32,850 [dl_trainer.py:635] INFO Epoch 41, avg train acc: 90.937500, lr: 0.100000, avg loss: 0.263319
2022-08-04 18:27:34,734 [dist_trainer.py:90] WARNING Time per iteration including communication: 0.124255, Speed: 2060.281380 images/s
2022-08-04 18:27:35,337 [dl_trainer.py:731] WARNING [ 41][ 1040/   25][rank:5] loss: 0.240, average forward (0.010247) and backward (0.024443) time: 0.049290, iotime: 0.014169 
2022-08-04 18:27:35,843 [dl_trainer.py:634] INFO train iter: 1050, num_batches_per_epoch: 25
2022-08-04 18:27:35,844 [dl_trainer.py:635] INFO Epoch 42, avg train acc: 90.812500, lr: 0.100000, avg loss: 0.261677
2022-08-04 18:27:37,702 [dist_trainer.py:90] WARNING Time per iteration including communication: 0.123626, Speed: 2070.766245 images/s
2022-08-04 18:27:38,779 [dl_trainer.py:634] INFO train iter: 1075, num_batches_per_epoch: 25
2022-08-04 18:27:38,780 [dl_trainer.py:635] INFO Epoch 43, avg train acc: 91.359375, lr: 0.100000, avg loss: 0.250865
2022-08-04 18:27:40,566 [dl_trainer.py:731] WARNING [ 43][ 1080/   25][rank:5] loss: 0.267, average forward (0.009050) and backward (0.023931) time: 0.041585, iotime: 0.008307 
2022-08-04 18:27:40,576 [dist_trainer.py:90] WARNING Time per iteration including communication: 0.119700, Speed: 2138.681193 images/s
2022-08-04 18:27:41,729 [dl_trainer.py:634] INFO train iter: 1100, num_batches_per_epoch: 25
2022-08-04 18:27:41,730 [dl_trainer.py:635] INFO Epoch 44, avg train acc: 91.562500, lr: 0.100000, avg loss: 0.233159
2022-08-04 18:27:43,522 [dist_trainer.py:90] WARNING Time per iteration including communication: 0.122756, Speed: 2085.441418 images/s
2022-08-04 18:27:44,587 [dl_trainer.py:731] WARNING [ 44][ 1120/   25][rank:5] loss: 0.223, average forward (0.009429) and backward (0.023942) time: 0.048744, iotime: 0.014456 
2022-08-04 18:27:44,813 [dl_trainer.py:634] INFO train iter: 1125, num_batches_per_epoch: 25
2022-08-04 18:27:44,813 [dl_trainer.py:635] INFO Epoch 45, avg train acc: 91.765625, lr: 0.100000, avg loss: 0.230227
2022-08-04 18:27:46,515 [dist_trainer.py:90] WARNING Time per iteration including communication: 0.124676, Speed: 2053.316009 images/s
2022-08-04 18:27:47,801 [dl_trainer.py:634] INFO train iter: 1150, num_batches_per_epoch: 25
2022-08-04 18:27:47,802 [dl_trainer.py:635] INFO Epoch 46, avg train acc: 91.671875, lr: 0.100000, avg loss: 0.237880
2022-08-04 18:27:49,449 [dist_trainer.py:90] WARNING Time per iteration including communication: 0.122248, Speed: 2094.104744 images/s
2022-08-04 18:27:50,095 [dl_trainer.py:731] WARNING [ 46][ 1160/   25][rank:5] loss: 0.195, average forward (0.009673) and backward (0.023570) time: 0.048614, iotime: 0.014998 
2022-08-04 18:27:50,806 [dl_trainer.py:634] INFO train iter: 1175, num_batches_per_epoch: 25
2022-08-04 18:27:50,806 [dl_trainer.py:635] INFO Epoch 47, avg train acc: 92.296875, lr: 0.100000, avg loss: 0.226170
2022-08-04 18:27:52,387 [dist_trainer.py:90] WARNING Time per iteration including communication: 0.122400, Speed: 2091.499437 images/s
2022-08-04 18:27:53,747 [dl_trainer.py:731] WARNING [ 47][ 1200/   25][rank:5] loss: 0.205, average forward (0.009471) and backward (0.023560) time: 0.041841, iotime: 0.008515 
2022-08-04 18:27:53,767 [dist_trainer.py:90] WARNING Time per iteration including communication: 0.057457, Speed: 4455.512788 images/s
2022-08-04 18:27:53,767 [dl_trainer.py:634] INFO train iter: 1200, num_batches_per_epoch: 25
2022-08-04 18:27:53,767 [dl_trainer.py:635] INFO Epoch 48, avg train acc: 92.031250, lr: 0.100000, avg loss: 0.218525
2022-08-04 18:27:56,761 [dist_trainer.py:90] WARNING Time per iteration including communication: 0.124732, Speed: 2052.402510 images/s
2022-08-04 18:27:57,064 [dl_trainer.py:634] INFO train iter: 1225, num_batches_per_epoch: 25
2022-08-04 18:27:57,064 [dl_trainer.py:635] INFO Epoch 49, avg train acc: 92.359375, lr: 0.100000, avg loss: 0.218574
2022-08-04 18:27:59,232 [dl_trainer.py:731] WARNING [ 49][ 1240/   25][rank:5] loss: 0.215, average forward (0.009012) and backward (0.023597) time: 0.047027, iotime: 0.014113 
2022-08-04 18:27:59,617 [dist_trainer.py:90] WARNING Time per iteration including communication: 0.118980, Speed: 2151.624809 images/s
2022-08-04 18:27:59,959 [dl_trainer.py:634] INFO train iter: 1250, num_batches_per_epoch: 25
2022-08-04 18:27:59,959 [dl_trainer.py:635] INFO Epoch 50, avg train acc: 92.781250, lr: 0.100000, avg loss: 0.217768
2022-08-04 18:28:02,456 [dist_trainer.py:90] WARNING Time per iteration including communication: 0.118257, Speed: 2164.769513 images/s
2022-08-04 18:28:02,854 [dl_trainer.py:634] INFO train iter: 1275, num_batches_per_epoch: 25
2022-08-04 18:28:02,855 [dl_trainer.py:635] INFO Epoch 51, avg train acc: 92.484375, lr: 0.100000, avg loss: 0.213769
2022-08-04 18:28:04,582 [dl_trainer.py:731] WARNING [ 51][ 1280/   25][rank:5] loss: 0.200, average forward (0.009589) and backward (0.023859) time: 0.048013, iotime: 0.013865 
2022-08-04 18:28:05,346 [dist_trainer.py:90] WARNING Time per iteration including communication: 0.120332, Speed: 2127.439094 images/s
2022-08-04 18:28:05,782 [dl_trainer.py:634] INFO train iter: 1300, num_batches_per_epoch: 25
2022-08-04 18:28:05,782 [dl_trainer.py:635] INFO Epoch 52, avg train acc: 93.093750, lr: 0.100000, avg loss: 0.197683
2022-08-04 18:28:08,202 [dl_trainer.py:731] WARNING [ 52][ 1320/   25][rank:5] loss: 0.192, average forward (0.009129) and backward (0.024448) time: 0.042272, iotime: 0.008386 
2022-08-04 18:28:08,213 [dist_trainer.py:90] WARNING Time per iteration including communication: 0.119436, Speed: 2143.406353 images/s
2022-08-04 18:28:08,693 [dl_trainer.py:634] INFO train iter: 1325, num_batches_per_epoch: 25
2022-08-04 18:28:08,694 [dl_trainer.py:635] INFO Epoch 53, avg train acc: 93.218750, lr: 0.100000, avg loss: 0.198048
2022-08-04 18:28:10,988 [dist_trainer.py:90] WARNING Time per iteration including communication: 0.115589, Speed: 2214.749275 images/s
2022-08-04 18:28:11,512 [dl_trainer.py:634] INFO train iter: 1350, num_batches_per_epoch: 25
2022-08-04 18:28:11,513 [dl_trainer.py:635] INFO Epoch 54, avg train acc: 93.062500, lr: 0.100000, avg loss: 0.201722
2022-08-04 18:28:13,523 [dl_trainer.py:731] WARNING [ 54][ 1360/   25][rank:5] loss: 0.163, average forward (0.009193) and backward (0.023801) time: 0.047549, iotime: 0.014238 
2022-08-04 18:28:13,892 [dist_trainer.py:90] WARNING Time per iteration including communication: 0.121004, Speed: 2115.631059 images/s
2022-08-04 18:28:14,457 [dl_trainer.py:634] INFO train iter: 1375, num_batches_per_epoch: 25
2022-08-04 18:28:14,458 [dl_trainer.py:635] INFO Epoch 55, avg train acc: 93.375000, lr: 0.100000, avg loss: 0.190299
2022-08-04 18:28:16,690 [dist_trainer.py:90] WARNING Time per iteration including communication: 0.116548, Speed: 2196.526783 images/s
2022-08-04 18:28:17,305 [dl_trainer.py:731] WARNING [ 55][ 1400/   25][rank:5] loss: 0.193, average forward (0.009615) and backward (0.023401) time: 0.048382, iotime: 0.014513 
2022-08-04 18:28:17,317 [dl_trainer.py:634] INFO train iter: 1400, num_batches_per_epoch: 25
2022-08-04 18:28:17,317 [dl_trainer.py:635] INFO Epoch 56, avg train acc: 93.156250, lr: 0.100000, avg loss: 0.195407
2022-08-04 18:28:19,535 [dist_trainer.py:90] WARNING Time per iteration including communication: 0.118506, Speed: 2160.229361 images/s
2022-08-04 18:28:20,179 [dl_trainer.py:634] INFO train iter: 1425, num_batches_per_epoch: 25
2022-08-04 18:28:20,180 [dl_trainer.py:635] INFO Epoch 57, avg train acc: 93.421875, lr: 0.100000, avg loss: 0.189978
2022-08-04 18:28:22,381 [dl_trainer.py:731] WARNING [ 57][ 1440/   25][rank:5] loss: 0.203, average forward (0.009119) and backward (0.023886) time: 0.041951, iotime: 0.008413 
2022-08-04 18:28:22,389 [dist_trainer.py:90] WARNING Time per iteration including communication: 0.118908, Speed: 2152.933440 images/s
2022-08-04 18:28:23,073 [dl_trainer.py:634] INFO train iter: 1450, num_batches_per_epoch: 25
2022-08-04 18:28:23,074 [dl_trainer.py:635] INFO Epoch 58, avg train acc: 93.468750, lr: 0.100000, avg loss: 0.187593
2022-08-04 18:28:25,222 [dist_trainer.py:90] WARNING Time per iteration including communication: 0.118025, Speed: 2169.032443 images/s
2022-08-04 18:28:25,997 [dl_trainer.py:634] INFO train iter: 1475, num_batches_per_epoch: 25
2022-08-04 18:28:25,998 [dl_trainer.py:635] INFO Epoch 59, avg train acc: 93.390625, lr: 0.100000, avg loss: 0.183060
2022-08-04 18:28:27,686 [dl_trainer.py:731] WARNING [ 59][ 1480/   25][rank:5] loss: 0.187, average forward (0.009698) and backward (0.022840) time: 0.046695, iotime: 0.013842 
2022-08-04 18:28:28,062 [dist_trainer.py:90] WARNING Time per iteration including communication: 0.118293, Speed: 2164.118506 images/s
2022-08-04 18:28:28,852 [dl_trainer.py:634] INFO train iter: 1500, num_batches_per_epoch: 25
2022-08-04 18:28:28,853 [dl_trainer.py:635] INFO Epoch 60, avg train acc: 93.062500, lr: 0.100000, avg loss: 0.191916
2022-08-04 18:28:30,895 [dist_trainer.py:90] WARNING Time per iteration including communication: 0.118018, Speed: 2169.155865 images/s
2022-08-04 18:28:31,525 [dl_trainer.py:731] WARNING [ 60][ 1520/   25][rank:5] loss: 0.166, average forward (0.010011) and backward (0.023264) time: 0.048485, iotime: 0.014599 
2022-08-04 18:28:31,769 [dl_trainer.py:634] INFO train iter: 1525, num_batches_per_epoch: 25
2022-08-04 18:28:31,770 [dl_trainer.py:635] INFO Epoch 61, avg train acc: 94.046875, lr: 0.100000, avg loss: 0.174050
2022-08-04 18:28:33,801 [dist_trainer.py:90] WARNING Time per iteration including communication: 0.121060, Speed: 2114.653650 images/s
2022-08-04 18:28:34,645 [dl_trainer.py:634] INFO train iter: 1550, num_batches_per_epoch: 25
2022-08-04 18:28:34,646 [dl_trainer.py:635] INFO Epoch 62, avg train acc: 93.375000, lr: 0.100000, avg loss: 0.183049
2022-08-04 18:28:36,629 [dl_trainer.py:731] WARNING [ 62][ 1560/   25][rank:5] loss: 0.158, average forward (0.009271) and backward (0.024011) time: 0.042477, iotime: 0.008526 
2022-08-04 18:28:36,640 [dist_trainer.py:90] WARNING Time per iteration including communication: 0.118275, Speed: 2164.440234 images/s
2022-08-04 18:28:37,560 [dl_trainer.py:634] INFO train iter: 1575, num_batches_per_epoch: 25
2022-08-04 18:28:37,560 [dl_trainer.py:635] INFO Epoch 63, avg train acc: 93.453125, lr: 0.100000, avg loss: 0.177138
2022-08-04 18:28:39,650 [dist_trainer.py:90] WARNING Time per iteration including communication: 0.125393, Speed: 2041.574423 images/s
2022-08-04 18:28:40,657 [dl_trainer.py:731] WARNING [ 63][ 1600/   25][rank:5] loss: 0.198, average forward (0.009946) and backward (0.023939) time: 0.048237, iotime: 0.013718 
2022-08-04 18:28:40,665 [dl_trainer.py:634] INFO train iter: 1600, num_batches_per_epoch: 25
2022-08-04 18:28:40,666 [dl_trainer.py:635] INFO Epoch 64, avg train acc: 93.609375, lr: 0.100000, avg loss: 0.178497
2022-08-04 18:28:42,572 [dist_trainer.py:90] WARNING Time per iteration including communication: 0.121737, Speed: 2102.901780 images/s
2022-08-04 18:28:43,600 [dl_trainer.py:634] INFO train iter: 1625, num_batches_per_epoch: 25
2022-08-04 18:28:43,601 [dl_trainer.py:635] INFO Epoch 65, avg train acc: 94.171875, lr: 0.100000, avg loss: 0.166966
2022-08-04 18:28:45,434 [dist_trainer.py:90] WARNING Time per iteration including communication: 0.119207, Speed: 2147.519619 images/s
2022-08-04 18:28:46,027 [dl_trainer.py:731] WARNING [ 65][ 1640/   25][rank:5] loss: 0.157, average forward (0.009705) and backward (0.023708) time: 0.048208, iotime: 0.014119 
2022-08-04 18:28:46,507 [dl_trainer.py:634] INFO train iter: 1650, num_batches_per_epoch: 25
2022-08-04 18:28:46,507 [dl_trainer.py:635] INFO Epoch 66, avg train acc: 95.093750, lr: 0.100000, avg loss: 0.148686
2022-08-04 18:28:48,300 [dist_trainer.py:90] WARNING Time per iteration including communication: 0.119428, Speed: 2143.554156 images/s
2022-08-04 18:28:49,442 [dl_trainer.py:634] INFO train iter: 1675, num_batches_per_epoch: 25
2022-08-04 18:28:49,442 [dl_trainer.py:635] INFO Epoch 67, avg train acc: 94.265625, lr: 0.100000, avg loss: 0.158841
2022-08-04 18:28:51,170 [dl_trainer.py:731] WARNING [ 67][ 1680/   25][rank:5] loss: 0.144, average forward (0.009808) and backward (0.023414) time: 0.042417, iotime: 0.008897 
2022-08-04 18:28:51,182 [dist_trainer.py:90] WARNING Time per iteration including communication: 0.120059, Speed: 2132.284546 images/s
2022-08-04 18:28:52,360 [dl_trainer.py:634] INFO train iter: 1700, num_batches_per_epoch: 25
2022-08-04 18:28:52,360 [dl_trainer.py:635] INFO Epoch 68, avg train acc: 93.859375, lr: 0.100000, avg loss: 0.162531
2022-08-04 18:28:54,077 [dist_trainer.py:90] WARNING Time per iteration including communication: 0.120594, Speed: 2122.817919 images/s
2022-08-04 18:28:55,019 [dl_trainer.py:731] WARNING [ 68][ 1720/   25][rank:5] loss: 0.135, average forward (0.010118) and backward (0.023065) time: 0.048382, iotime: 0.014056 
2022-08-04 18:28:55,252 [dl_trainer.py:634] INFO train iter: 1725, num_batches_per_epoch: 25
2022-08-04 18:28:55,253 [dl_trainer.py:635] INFO Epoch 69, avg train acc: 94.703125, lr: 0.100000, avg loss: 0.147435
2022-08-04 18:28:56,924 [dist_trainer.py:90] WARNING Time per iteration including communication: 0.118598, Speed: 2158.557226 images/s
2022-08-04 18:28:58,164 [dl_trainer.py:634] INFO train iter: 1750, num_batches_per_epoch: 25
2022-08-04 18:28:58,164 [dl_trainer.py:635] INFO Epoch 70, avg train acc: 94.500000, lr: 0.100000, avg loss: 0.158346
2022-08-04 18:28:59,754 [dist_trainer.py:90] WARNING Time per iteration including communication: 0.117886, Speed: 2171.587363 images/s
2022-08-04 18:29:00,348 [dl_trainer.py:731] WARNING [ 70][ 1760/   25][rank:5] loss: 0.125, average forward (0.008799) and backward (0.023479) time: 0.046591, iotime: 0.013978 
2022-08-04 18:29:01,042 [dl_trainer.py:634] INFO train iter: 1775, num_batches_per_epoch: 25
2022-08-04 18:29:01,043 [dl_trainer.py:635] INFO Epoch 71, avg train acc: 94.515625, lr: 0.100000, avg loss: 0.153758
2022-08-04 18:29:02,576 [dist_trainer.py:90] WARNING Time per iteration including communication: 0.117568, Speed: 2177.456334 images/s
2022-08-04 18:29:03,915 [dl_trainer.py:731] WARNING [ 71][ 1800/   25][rank:5] loss: 0.140, average forward (0.009475) and backward (0.024007) time: 0.041928, iotime: 0.008154 
2022-08-04 18:29:03,924 [dist_trainer.py:90] WARNING Time per iteration including communication: 0.056137, Speed: 4560.249957 images/s
2022-08-04 18:29:03,925 [dl_trainer.py:634] INFO train iter: 1800, num_batches_per_epoch: 25
2022-08-04 18:29:03,925 [dl_trainer.py:635] INFO Epoch 72, avg train acc: 94.140625, lr: 0.100000, avg loss: 0.163523
2022-08-04 18:29:06,792 [dist_trainer.py:90] WARNING Time per iteration including communication: 0.119477, Speed: 2142.670318 images/s
2022-08-04 18:29:07,081 [dl_trainer.py:634] INFO train iter: 1825, num_batches_per_epoch: 25
2022-08-04 18:29:07,081 [dl_trainer.py:635] INFO Epoch 73, avg train acc: 94.828125, lr: 0.100000, avg loss: 0.144778
2022-08-04 18:29:09,192 [dl_trainer.py:731] WARNING [ 73][ 1840/   25][rank:5] loss: 0.163, average forward (0.010135) and backward (0.023690) time: 0.048287, iotime: 0.014102 
2022-08-04 18:29:09,576 [dist_trainer.py:90] WARNING Time per iteration including communication: 0.115954, Speed: 2207.778445 images/s
2022-08-04 18:29:09,910 [dl_trainer.py:634] INFO train iter: 1850, num_batches_per_epoch: 25
2022-08-04 18:29:09,911 [dl_trainer.py:635] INFO Epoch 74, avg train acc: 95.125000, lr: 0.100000, avg loss: 0.137872
2022-08-04 18:29:12,357 [dist_trainer.py:90] WARNING Time per iteration including communication: 0.115871, Speed: 2209.347969 images/s
2022-08-04 18:29:12,733 [dl_trainer.py:634] INFO train iter: 1875, num_batches_per_epoch: 25
2022-08-04 18:29:12,733 [dl_trainer.py:635] INFO Epoch 75, avg train acc: 95.234375, lr: 0.100000, avg loss: 0.136259
2022-08-04 18:29:14,486 [dl_trainer.py:731] WARNING [ 75][ 1880/   25][rank:5] loss: 0.138, average forward (0.009123) and backward (0.023680) time: 0.047374, iotime: 0.013905 
2022-08-04 18:29:15,214 [dist_trainer.py:90] WARNING Time per iteration including communication: 0.118999, Speed: 2151.281197 images/s
2022-08-04 18:29:15,631 [dl_trainer.py:634] INFO train iter: 1900, num_batches_per_epoch: 25
2022-08-04 18:29:15,631 [dl_trainer.py:635] INFO Epoch 76, avg train acc: 94.687500, lr: 0.100000, avg loss: 0.150176
2022-08-04 18:29:18,024 [dl_trainer.py:731] WARNING [ 76][ 1920/   25][rank:5] loss: 0.123, average forward (0.009419) and backward (0.023727) time: 0.042552, iotime: 0.008862 
2022-08-04 18:29:18,038 [dist_trainer.py:90] WARNING Time per iteration including communication: 0.117654, Speed: 2175.876111 images/s
2022-08-04 18:29:18,527 [dl_trainer.py:634] INFO train iter: 1925, num_batches_per_epoch: 25
2022-08-04 18:29:18,527 [dl_trainer.py:635] INFO Epoch 77, avg train acc: 95.015625, lr: 0.100000, avg loss: 0.137511
2022-08-04 18:29:20,847 [dist_trainer.py:90] WARNING Time per iteration including communication: 0.116996, Speed: 2188.110849 images/s
2022-08-04 18:29:21,383 [dl_trainer.py:634] INFO train iter: 1950, num_batches_per_epoch: 25
2022-08-04 18:29:21,383 [dl_trainer.py:635] INFO Epoch 78, avg train acc: 95.281250, lr: 0.100000, avg loss: 0.129906
2022-08-04 18:29:23,357 [dl_trainer.py:731] WARNING [ 78][ 1960/   25][rank:5] loss: 0.120, average forward (0.009472) and backward (0.023330) time: 0.047145, iotime: 0.014009 
2022-08-04 18:29:23,756 [dist_trainer.py:90] WARNING Time per iteration including communication: 0.121160, Speed: 2112.909061 images/s
2022-08-04 18:29:24,355 [dl_trainer.py:634] INFO train iter: 1975, num_batches_per_epoch: 25
2022-08-04 18:29:24,356 [dl_trainer.py:635] INFO Epoch 79, avg train acc: 94.703125, lr: 0.100000, avg loss: 0.148253
2022-08-04 18:29:26,639 [dist_trainer.py:90] WARNING Time per iteration including communication: 0.120106, Speed: 2131.450522 images/s
2022-08-04 18:29:27,242 [dl_trainer.py:731] WARNING [ 79][ 2000/   25][rank:5] loss: 0.128, average forward (0.009348) and backward (0.023872) time: 0.047455, iotime: 0.013851 
2022-08-04 18:29:27,248 [dl_trainer.py:634] INFO train iter: 2000, num_batches_per_epoch: 25
2022-08-04 18:29:27,248 [dl_trainer.py:635] INFO Epoch 80, avg train acc: 94.921875, lr: 0.100000, avg loss: 0.141744
2022-08-04 18:29:29,455 [dist_trainer.py:90] WARNING Time per iteration including communication: 0.117323, Speed: 2182.013650 images/s
2022-08-04 18:29:30,116 [dl_trainer.py:634] INFO train iter: 2025, num_batches_per_epoch: 25
2022-08-04 18:29:30,117 [dl_trainer.py:635] INFO Epoch 81, avg train acc: 94.937500, lr: 0.100000, avg loss: 0.137884
2022-08-04 18:29:32,302 [dl_trainer.py:731] WARNING [ 81][ 2040/   25][rank:5] loss: 0.140, average forward (0.009597) and backward (0.022987) time: 0.040913, iotime: 0.008045 
2022-08-04 18:29:32,328 [dist_trainer.py:90] WARNING Time per iteration including communication: 0.119682, Speed: 2139.004101 images/s
2022-08-04 18:29:33,038 [dl_trainer.py:634] INFO train iter: 2050, num_batches_per_epoch: 25
2022-08-04 18:29:33,039 [dl_trainer.py:635] INFO Epoch 82, avg train acc: 95.875000, lr: 0.010000, avg loss: 0.102654
2022-08-04 18:29:35,174 [dist_trainer.py:90] WARNING Time per iteration including communication: 0.118558, Speed: 2159.276175 images/s
2022-08-04 18:29:35,939 [dl_trainer.py:634] INFO train iter: 2075, num_batches_per_epoch: 25
2022-08-04 18:29:35,939 [dl_trainer.py:635] INFO Epoch 83, avg train acc: 97.296875, lr: 0.010000, avg loss: 0.082593
2022-08-04 18:29:37,645 [dl_trainer.py:731] WARNING [ 83][ 2080/   25][rank:5] loss: 0.078, average forward (0.009253) and backward (0.023225) time: 0.046831, iotime: 0.013943 
2022-08-04 18:29:38,037 [dist_trainer.py:90] WARNING Time per iteration including communication: 0.119279, Speed: 2146.236863 images/s
2022-08-04 18:29:38,811 [dl_trainer.py:634] INFO train iter: 2100, num_batches_per_epoch: 25
2022-08-04 18:29:38,811 [dl_trainer.py:635] INFO Epoch 84, avg train acc: 97.625000, lr: 0.010000, avg loss: 0.075958
2022-08-04 18:29:40,923 [dist_trainer.py:90] WARNING Time per iteration including communication: 0.120227, Speed: 2129.308580 images/s
2022-08-04 18:29:41,509 [dl_trainer.py:731] WARNING [ 84][ 2120/   25][rank:5] loss: 0.067, average forward (0.009605) and backward (0.023484) time: 0.047324, iotime: 0.013956 
2022-08-04 18:29:41,739 [dl_trainer.py:634] INFO train iter: 2125, num_batches_per_epoch: 25
2022-08-04 18:29:41,739 [dl_trainer.py:635] INFO Epoch 85, avg train acc: 97.531250, lr: 0.010000, avg loss: 0.076606
2022-08-04 18:29:43,783 [dist_trainer.py:90] WARNING Time per iteration including communication: 0.119135, Speed: 2148.825590 images/s
2022-08-04 18:29:44,660 [dl_trainer.py:634] INFO train iter: 2150, num_batches_per_epoch: 25
2022-08-04 18:29:44,661 [dl_trainer.py:635] INFO Epoch 86, avg train acc: 97.593750, lr: 0.010000, avg loss: 0.072525
2022-08-04 18:29:46,609 [dl_trainer.py:731] WARNING [ 86][ 2160/   25][rank:5] loss: 0.052, average forward (0.008967) and backward (0.024691) time: 0.042149, iotime: 0.008197 
2022-08-04 18:29:46,620 [dist_trainer.py:90] WARNING Time per iteration including communication: 0.118191, Speed: 2165.986770 images/s
2022-08-04 18:29:47,525 [dl_trainer.py:634] INFO train iter: 2175, num_batches_per_epoch: 25
2022-08-04 18:29:47,526 [dl_trainer.py:635] INFO Epoch 87, avg train acc: 97.984375, lr: 0.010000, avg loss: 0.063536
2022-08-04 18:29:49,464 [dist_trainer.py:90] WARNING Time per iteration including communication: 0.118494, Speed: 2160.442885 images/s
2022-08-04 18:29:50,402 [dl_trainer.py:731] WARNING [ 87][ 2200/   25][rank:5] loss: 0.060, average forward (0.009287) and backward (0.022950) time: 0.046901, iotime: 0.014156 
2022-08-04 18:29:50,416 [dl_trainer.py:634] INFO train iter: 2200, num_batches_per_epoch: 25
2022-08-04 18:29:50,416 [dl_trainer.py:635] INFO Epoch 88, avg train acc: 97.500000, lr: 0.010000, avg loss: 0.075182
2022-08-04 18:29:52,293 [dist_trainer.py:90] WARNING Time per iteration including communication: 0.117832, Speed: 2172.579292 images/s
2022-08-04 18:29:53,336 [dl_trainer.py:634] INFO train iter: 2225, num_batches_per_epoch: 25
2022-08-04 18:29:53,337 [dl_trainer.py:635] INFO Epoch 89, avg train acc: 97.687500, lr: 0.010000, avg loss: 0.069812
2022-08-04 18:29:55,183 [dist_trainer.py:90] WARNING Time per iteration including communication: 0.120408, Speed: 2126.113023 images/s
2022-08-04 18:29:55,780 [dl_trainer.py:731] WARNING [ 89][ 2240/   25][rank:5] loss: 0.064, average forward (0.009016) and backward (0.024399) time: 0.048758, iotime: 0.014794 
2022-08-04 18:29:56,232 [dl_trainer.py:634] INFO train iter: 2250, num_batches_per_epoch: 25
2022-08-04 18:29:56,233 [dl_trainer.py:635] INFO Epoch 90, avg train acc: 97.687500, lr: 0.010000, avg loss: 0.067891
2022-08-04 18:29:58,027 [dist_trainer.py:90] WARNING Time per iteration including communication: 0.118486, Speed: 2160.595764 images/s
2022-08-04 18:29:59,126 [dl_trainer.py:634] INFO train iter: 2275, num_batches_per_epoch: 25
2022-08-04 18:29:59,127 [dl_trainer.py:635] INFO Epoch 91, avg train acc: 97.828125, lr: 0.010000, avg loss: 0.068253
2022-08-04 18:30:00,859 [dl_trainer.py:731] WARNING [ 91][ 2280/   25][rank:5] loss: 0.085, average forward (0.009589) and backward (0.023543) time: 0.042182, iotime: 0.008717 
2022-08-04 18:30:00,873 [dist_trainer.py:90] WARNING Time per iteration including communication: 0.118538, Speed: 2159.653656 images/s
2022-08-04 18:30:01,997 [dl_trainer.py:634] INFO train iter: 2300, num_batches_per_epoch: 25
2022-08-04 18:30:01,997 [dl_trainer.py:635] INFO Epoch 92, avg train acc: 97.750000, lr: 0.010000, avg loss: 0.071283
2022-08-04 18:30:03,763 [dist_trainer.py:90] WARNING Time per iteration including communication: 0.120381, Speed: 2126.574108 images/s
2022-08-04 18:30:04,735 [dl_trainer.py:731] WARNING [ 92][ 2320/   25][rank:5] loss: 0.072, average forward (0.009166) and backward (0.023169) time: 0.047005, iotime: 0.014235 
2022-08-04 18:30:04,965 [dl_trainer.py:634] INFO train iter: 2325, num_batches_per_epoch: 25
2022-08-04 18:30:04,965 [dl_trainer.py:635] INFO Epoch 93, avg train acc: 97.718750, lr: 0.010000, avg loss: 0.065678
2022-08-04 18:30:06,630 [dist_trainer.py:90] WARNING Time per iteration including communication: 0.119430, Speed: 2143.518496 images/s
2022-08-04 18:30:07,819 [dl_trainer.py:634] INFO train iter: 2350, num_batches_per_epoch: 25
2022-08-04 18:30:07,820 [dl_trainer.py:635] INFO Epoch 94, avg train acc: 97.953125, lr: 0.010000, avg loss: 0.061698
2022-08-04 18:30:09,459 [dist_trainer.py:90] WARNING Time per iteration including communication: 0.117847, Speed: 2172.304032 images/s
2022-08-04 18:30:10,048 [dl_trainer.py:731] WARNING [ 94][ 2360/   25][rank:5] loss: 0.060, average forward (0.009358) and backward (0.023379) time: 0.048166, iotime: 0.014631 
2022-08-04 18:30:10,778 [dl_trainer.py:634] INFO train iter: 2375, num_batches_per_epoch: 25
2022-08-04 18:30:10,778 [dl_trainer.py:635] INFO Epoch 95, avg train acc: 98.000000, lr: 0.010000, avg loss: 0.061870
2022-08-04 18:30:12,284 [dist_trainer.py:90] WARNING Time per iteration including communication: 0.117669, Speed: 2175.599831 images/s
2022-08-04 18:30:13,597 [dl_trainer.py:731] WARNING [ 95][ 2400/   25][rank:5] loss: 0.054, average forward (0.009592) and backward (0.023999) time: 0.042398, iotime: 0.008523 
2022-08-04 18:30:13,611 [dist_trainer.py:90] WARNING Time per iteration including communication: 0.055253, Speed: 4633.237661 images/s
2022-08-04 18:30:13,612 [dl_trainer.py:634] INFO train iter: 2400, num_batches_per_epoch: 25
2022-08-04 18:30:13,612 [dl_trainer.py:635] INFO Epoch 96, avg train acc: 98.312500, lr: 0.010000, avg loss: 0.055686
2022-08-04 18:30:16,451 [dist_trainer.py:90] WARNING Time per iteration including communication: 0.118311, Speed: 2163.782702 images/s
2022-08-04 18:30:16,743 [dl_trainer.py:634] INFO train iter: 2425, num_batches_per_epoch: 25
2022-08-04 18:30:16,745 [dl_trainer.py:635] INFO Epoch 97, avg train acc: 98.218750, lr: 0.010000, avg loss: 0.057483
2022-08-04 18:30:18,893 [dl_trainer.py:731] WARNING [ 97][ 2440/   25][rank:5] loss: 0.046, average forward (0.009498) and backward (0.023028) time: 0.047289, iotime: 0.014224 
2022-08-04 18:30:19,259 [dist_trainer.py:90] WARNING Time per iteration including communication: 0.116951, Speed: 2188.959877 images/s
2022-08-04 18:30:19,598 [dl_trainer.py:634] INFO train iter: 2450, num_batches_per_epoch: 25
2022-08-04 18:30:19,599 [dl_trainer.py:635] INFO Epoch 98, avg train acc: 98.265625, lr: 0.010000, avg loss: 0.056754
2022-08-04 18:30:22,101 [dist_trainer.py:90] WARNING Time per iteration including communication: 0.118429, Speed: 2161.629894 images/s
2022-08-04 18:30:22,483 [dl_trainer.py:634] INFO train iter: 2475, num_batches_per_epoch: 25
2022-08-04 18:30:22,484 [dl_trainer.py:635] INFO Epoch 99, avg train acc: 98.218750, lr: 0.010000, avg loss: 0.058533
2022-08-04 18:30:24,199 [dl_trainer.py:731] WARNING [ 99][ 2480/   25][rank:5] loss: 0.074, average forward (0.009541) and backward (0.023946) time: 0.047675, iotime: 0.013882 
2022-08-04 18:30:24,959 [dist_trainer.py:90] WARNING Time per iteration including communication: 0.119046, Speed: 2150.424174 images/s
2022-08-04 18:30:25,394 [dl_trainer.py:634] INFO train iter: 2500, num_batches_per_epoch: 25
2022-08-04 18:30:25,394 [dl_trainer.py:635] INFO Epoch 100, avg train acc: 98.171875, lr: 0.010000, avg loss: 0.058422
2022-08-04 18:30:27,786 [dl_trainer.py:731] WARNING [100][ 2520/   25][rank:5] loss: 0.065, average forward (0.009765) and backward (0.023367) time: 0.041841, iotime: 0.008420 
2022-08-04 18:30:27,797 [dist_trainer.py:90] WARNING Time per iteration including communication: 0.118205, Speed: 2165.728831 images/s
2022-08-04 18:30:28,272 [dl_trainer.py:634] INFO train iter: 2525, num_batches_per_epoch: 25
2022-08-04 18:30:28,272 [dl_trainer.py:635] INFO Epoch 101, avg train acc: 98.062500, lr: 0.010000, avg loss: 0.058225
2022-08-04 18:30:30,596 [dist_trainer.py:90] WARNING Time per iteration including communication: 0.116600, Speed: 2195.533633 images/s
2022-08-04 18:30:31,102 [dl_trainer.py:634] INFO train iter: 2550, num_batches_per_epoch: 25
2022-08-04 18:30:31,102 [dl_trainer.py:635] INFO Epoch 102, avg train acc: 98.265625, lr: 0.010000, avg loss: 0.054834
2022-08-04 18:30:33,065 [dl_trainer.py:731] WARNING [102][ 2560/   25][rank:5] loss: 0.050, average forward (0.009458) and backward (0.023734) time: 0.047128, iotime: 0.013622 
2022-08-04 18:30:33,452 [dist_trainer.py:90] WARNING Time per iteration including communication: 0.118976, Speed: 2151.702779 images/s
2022-08-04 18:30:34,019 [dl_trainer.py:634] INFO train iter: 2575, num_batches_per_epoch: 25
2022-08-04 18:30:34,019 [dl_trainer.py:635] INFO Epoch 103, avg train acc: 98.406250, lr: 0.010000, avg loss: 0.054455
2022-08-04 18:30:36,460 [dist_trainer.py:90] WARNING Time per iteration including communication: 0.125337, Speed: 2042.499675 images/s
2022-08-04 18:30:37,089 [dl_trainer.py:731] WARNING [103][ 2600/   25][rank:5] loss: 0.044, average forward (0.010130) and backward (0.023760) time: 0.048506, iotime: 0.014129 
2022-08-04 18:30:37,104 [dl_trainer.py:634] INFO train iter: 2600, num_batches_per_epoch: 25
2022-08-04 18:30:37,105 [dl_trainer.py:635] INFO Epoch 104, avg train acc: 97.968750, lr: 0.010000, avg loss: 0.057745
2022-08-04 18:30:39,495 [dist_trainer.py:90] WARNING Time per iteration including communication: 0.126424, Speed: 2024.925695 images/s
2022-08-04 18:30:40,152 [dl_trainer.py:634] INFO train iter: 2625, num_batches_per_epoch: 25
2022-08-04 18:30:40,152 [dl_trainer.py:635] INFO Epoch 105, avg train acc: 98.359375, lr: 0.010000, avg loss: 0.055595
2022-08-04 18:30:42,317 [dl_trainer.py:731] WARNING [105][ 2640/   25][rank:5] loss: 0.051, average forward (0.009246) and backward (0.023666) time: 0.041850, iotime: 0.008621 
2022-08-04 18:30:42,332 [dist_trainer.py:90] WARNING Time per iteration including communication: 0.118155, Speed: 2166.653476 images/s
2022-08-04 18:30:43,019 [dl_trainer.py:634] INFO train iter: 2650, num_batches_per_epoch: 25
2022-08-04 18:30:43,020 [dl_trainer.py:635] INFO Epoch 106, avg train acc: 98.281250, lr: 0.010000, avg loss: 0.051823
2022-08-04 18:30:45,210 [dist_trainer.py:90] WARNING Time per iteration including communication: 0.119915, Speed: 2134.839704 images/s
2022-08-04 18:30:45,952 [dl_trainer.py:634] INFO train iter: 2675, num_batches_per_epoch: 25
2022-08-04 18:30:45,952 [dl_trainer.py:635] INFO Epoch 107, avg train acc: 98.390625, lr: 0.010000, avg loss: 0.054168
2022-08-04 18:30:47,695 [dl_trainer.py:731] WARNING [107][ 2680/   25][rank:5] loss: 0.042, average forward (0.009770) and backward (0.023336) time: 0.048074, iotime: 0.014442 
2022-08-04 18:30:48,068 [dist_trainer.py:90] WARNING Time per iteration including communication: 0.119068, Speed: 2150.038969 images/s
2022-08-04 18:30:48,876 [dl_trainer.py:634] INFO train iter: 2700, num_batches_per_epoch: 25
2022-08-04 18:30:48,876 [dl_trainer.py:635] INFO Epoch 108, avg train acc: 98.234375, lr: 0.010000, avg loss: 0.055296
2022-08-04 18:30:50,990 [dist_trainer.py:90] WARNING Time per iteration including communication: 0.121731, Speed: 2102.995994 images/s
2022-08-04 18:30:51,590 [dl_trainer.py:731] WARNING [108][ 2720/   25][rank:5] loss: 0.037, average forward (0.009053) and backward (0.022768) time: 0.046480, iotime: 0.014354 
2022-08-04 18:30:51,823 [dl_trainer.py:634] INFO train iter: 2725, num_batches_per_epoch: 25
2022-08-04 18:30:51,823 [dl_trainer.py:635] INFO Epoch 109, avg train acc: 98.468750, lr: 0.010000, avg loss: 0.049280
2022-08-04 18:30:53,815 [dist_trainer.py:90] WARNING Time per iteration including communication: 0.117691, Speed: 2175.192336 images/s
2022-08-04 18:30:54,680 [dl_trainer.py:634] INFO train iter: 2750, num_batches_per_epoch: 25
2022-08-04 18:30:54,680 [dl_trainer.py:635] INFO Epoch 110, avg train acc: 98.437500, lr: 0.010000, avg loss: 0.048744
2022-08-04 18:30:56,635 [dl_trainer.py:731] WARNING [110][ 2760/   25][rank:5] loss: 0.057, average forward (0.008974) and backward (0.024698) time: 0.042399, iotime: 0.008438 
2022-08-04 18:30:56,645 [dist_trainer.py:90] WARNING Time per iteration including communication: 0.117869, Speed: 2171.904360 images/s
2022-08-04 18:30:57,602 [dl_trainer.py:634] INFO train iter: 2775, num_batches_per_epoch: 25
2022-08-04 18:30:57,602 [dl_trainer.py:635] INFO Epoch 111, avg train acc: 98.343750, lr: 0.010000, avg loss: 0.052122
2022-08-04 18:30:59,511 [dist_trainer.py:90] WARNING Time per iteration including communication: 0.119432, Speed: 2143.478380 images/s
2022-08-04 18:31:00,455 [dl_trainer.py:731] WARNING [111][ 2800/   25][rank:5] loss: 0.068, average forward (0.010070) and backward (0.023572) time: 0.048083, iotime: 0.014127 
2022-08-04 18:31:00,468 [dl_trainer.py:634] INFO train iter: 2800, num_batches_per_epoch: 25
2022-08-04 18:31:00,469 [dl_trainer.py:635] INFO Epoch 112, avg train acc: 98.171875, lr: 0.010000, avg loss: 0.055728
2022-08-04 18:31:02,365 [dist_trainer.py:90] WARNING Time per iteration including communication: 0.118881, Speed: 2153.406593 images/s
2022-08-04 18:31:03,400 [dl_trainer.py:634] INFO train iter: 2825, num_batches_per_epoch: 25
2022-08-04 18:31:03,400 [dl_trainer.py:635] INFO Epoch 113, avg train acc: 98.593750, lr: 0.010000, avg loss: 0.047948
2022-08-04 18:31:05,243 [dist_trainer.py:90] WARNING Time per iteration including communication: 0.119901, Speed: 2135.095645 images/s
2022-08-04 18:31:05,853 [dl_trainer.py:731] WARNING [113][ 2840/   25][rank:5] loss: 0.044, average forward (0.010303) and backward (0.024313) time: 0.050114, iotime: 0.014598 
2022-08-04 18:31:06,366 [dl_trainer.py:634] INFO train iter: 2850, num_batches_per_epoch: 25
2022-08-04 18:31:06,367 [dl_trainer.py:635] INFO Epoch 114, avg train acc: 98.265625, lr: 0.010000, avg loss: 0.051476
2022-08-04 18:31:08,138 [dist_trainer.py:90] WARNING Time per iteration including communication: 0.120604, Speed: 2122.654778 images/s
2022-08-04 18:31:09,271 [dl_trainer.py:634] INFO train iter: 2875, num_batches_per_epoch: 25
2022-08-04 18:31:09,271 [dl_trainer.py:635] INFO Epoch 115, avg train acc: 98.812500, lr: 0.010000, avg loss: 0.045342
2022-08-04 18:31:10,987 [dl_trainer.py:731] WARNING [115][ 2880/   25][rank:5] loss: 0.059, average forward (0.009502) and backward (0.023211) time: 0.042514, iotime: 0.008807 
2022-08-04 18:31:11,008 [dist_trainer.py:90] WARNING Time per iteration including communication: 0.119553, Speed: 2141.304201 images/s
2022-08-04 18:31:12,130 [dl_trainer.py:634] INFO train iter: 2900, num_batches_per_epoch: 25
2022-08-04 18:31:12,131 [dl_trainer.py:635] INFO Epoch 116, avg train acc: 98.484375, lr: 0.010000, avg loss: 0.049761
2022-08-04 18:31:13,856 [dist_trainer.py:90] WARNING Time per iteration including communication: 0.118651, Speed: 2157.588715 images/s
2022-08-04 18:31:14,775 [dl_trainer.py:731] WARNING [116][ 2920/   25][rank:5] loss: 0.042, average forward (0.009475) and backward (0.023162) time: 0.047286, iotime: 0.014252 
2022-08-04 18:31:15,019 [dl_trainer.py:634] INFO train iter: 2925, num_batches_per_epoch: 25
2022-08-04 18:31:15,019 [dl_trainer.py:635] INFO Epoch 117, avg train acc: 98.265625, lr: 0.010000, avg loss: 0.052338
2022-08-04 18:31:16,658 [dist_trainer.py:90] WARNING Time per iteration including communication: 0.116739, Speed: 2192.917985 images/s
2022-08-04 18:31:17,875 [dl_trainer.py:634] INFO train iter: 2950, num_batches_per_epoch: 25
2022-08-04 18:31:17,875 [dl_trainer.py:635] INFO Epoch 118, avg train acc: 98.500000, lr: 0.010000, avg loss: 0.051386
2022-08-04 18:31:19,515 [dist_trainer.py:90] WARNING Time per iteration including communication: 0.119020, Speed: 2150.890120 images/s
2022-08-04 18:31:20,118 [dl_trainer.py:731] WARNING [118][ 2960/   25][rank:5] loss: 0.048, average forward (0.009277) and backward (0.022969) time: 0.046599, iotime: 0.014007 
2022-08-04 18:31:20,792 [dl_trainer.py:634] INFO train iter: 2975, num_batches_per_epoch: 25
2022-08-04 18:31:20,792 [dl_trainer.py:635] INFO Epoch 119, avg train acc: 98.515625, lr: 0.010000, avg loss: 0.048791
2022-08-04 18:31:22,337 [dist_trainer.py:90] WARNING Time per iteration including communication: 0.117548, Speed: 2177.830629 images/s
2022-08-04 18:31:23,725 [dl_trainer.py:731] WARNING [119][ 3000/   25][rank:5] loss: 0.051, average forward (0.009302) and backward (0.024312) time: 0.042782, iotime: 0.008412 
2022-08-04 18:31:23,733 [dist_trainer.py:90] WARNING Time per iteration including communication: 0.058141, Speed: 4403.067746 images/s
2022-08-04 18:31:23,734 [dl_trainer.py:634] INFO train iter: 3000, num_batches_per_epoch: 25
2022-08-04 18:31:23,734 [dl_trainer.py:635] INFO Epoch 120, avg train acc: 98.484375, lr: 0.010000, avg loss: 0.048261
2022-08-04 18:31:26,705 [dist_trainer.py:90] WARNING Time per iteration including communication: 0.123788, Speed: 2068.052343 images/s
2022-08-04 18:31:27,013 [dl_trainer.py:634] INFO train iter: 3025, num_batches_per_epoch: 25
2022-08-04 18:31:27,013 [dl_trainer.py:635] INFO Epoch 121, avg train acc: 98.625000, lr: 0.010000, avg loss: 0.046733
2022-08-04 18:31:29,215 [dl_trainer.py:731] WARNING [121][ 3040/   25][rank:5] loss: 0.073, average forward (0.010058) and backward (0.023287) time: 0.048111, iotime: 0.014453 
2022-08-04 18:31:29,582 [dist_trainer.py:90] WARNING Time per iteration including communication: 0.119825, Speed: 2136.448535 images/s
2022-08-04 18:31:29,924 [dl_trainer.py:634] INFO train iter: 3050, num_batches_per_epoch: 25
2022-08-04 18:31:29,925 [dl_trainer.py:635] INFO Epoch 122, avg train acc: 98.578125, lr: 0.010000, avg loss: 0.047789
2022-08-04 18:31:32,445 [dist_trainer.py:90] WARNING Time per iteration including communication: 0.119287, Speed: 2146.083865 images/s
2022-08-04 18:31:32,831 [dl_trainer.py:634] INFO train iter: 3075, num_batches_per_epoch: 25
2022-08-04 18:31:32,831 [dl_trainer.py:635] INFO Epoch 123, avg train acc: 98.718750, lr: 0.001000, avg loss: 0.043997
2022-08-04 18:31:34,536 [dl_trainer.py:731] WARNING [123][ 3080/   25][rank:5] loss: 0.015, average forward (0.008966) and backward (0.023335) time: 0.046481, iotime: 0.013597 
2022-08-04 18:31:35,287 [dist_trainer.py:90] WARNING Time per iteration including communication: 0.118373, Speed: 2162.658300 images/s
2022-08-04 18:31:35,721 [dl_trainer.py:634] INFO train iter: 3100, num_batches_per_epoch: 25
2022-08-04 18:31:35,722 [dl_trainer.py:635] INFO Epoch 124, avg train acc: 98.656250, lr: 0.001000, avg loss: 0.040656
2022-08-04 18:31:38,136 [dl_trainer.py:731] WARNING [124][ 3120/   25][rank:5] loss: 0.038, average forward (0.009773) and backward (0.023149) time: 0.042961, iotime: 0.009290 
2022-08-04 18:31:38,146 [dist_trainer.py:90] WARNING Time per iteration including communication: 0.119140, Speed: 2148.731166 images/s
2022-08-04 18:31:38,628 [dl_trainer.py:634] INFO train iter: 3125, num_batches_per_epoch: 25
2022-08-04 18:31:38,629 [dl_trainer.py:635] INFO Epoch 125, avg train acc: 98.734375, lr: 0.001000, avg loss: 0.045029
2022-08-04 18:31:41,068 [dist_trainer.py:90] WARNING Time per iteration including communication: 0.121702, Speed: 2103.501191 images/s
2022-08-04 18:31:41,578 [dl_trainer.py:634] INFO train iter: 3150, num_batches_per_epoch: 25
2022-08-04 18:31:41,578 [dl_trainer.py:635] INFO Epoch 126, avg train acc: 98.703125, lr: 0.001000, avg loss: 0.041990
2022-08-04 18:31:43,565 [dl_trainer.py:731] WARNING [126][ 3160/   25][rank:5] loss: 0.059, average forward (0.010189) and backward (0.023725) time: 0.048706, iotime: 0.014240 
2022-08-04 18:31:43,940 [dist_trainer.py:90] WARNING Time per iteration including communication: 0.119648, Speed: 2139.615035 images/s
2022-08-04 18:31:44,521 [dl_trainer.py:634] INFO train iter: 3175, num_batches_per_epoch: 25
2022-08-04 18:31:44,522 [dl_trainer.py:635] INFO Epoch 127, avg train acc: 98.640625, lr: 0.001000, avg loss: 0.041264
2022-08-04 18:31:46,773 [dist_trainer.py:90] WARNING Time per iteration including communication: 0.118013, Speed: 2169.249171 images/s
2022-08-04 18:31:47,366 [dl_trainer.py:731] WARNING [127][ 3200/   25][rank:5] loss: 0.046, average forward (0.009486) and backward (0.023140) time: 0.048277, iotime: 0.014548 
2022-08-04 18:31:47,378 [dl_trainer.py:634] INFO train iter: 3200, num_batches_per_epoch: 25
2022-08-04 18:31:47,378 [dl_trainer.py:635] INFO Epoch 128, avg train acc: 98.781250, lr: 0.001000, avg loss: 0.043560
2022-08-04 18:31:49,552 [dist_trainer.py:90] WARNING Time per iteration including communication: 0.115765, Speed: 2211.375444 images/s
2022-08-04 18:31:50,234 [dl_trainer.py:634] INFO train iter: 3225, num_batches_per_epoch: 25
2022-08-04 18:31:50,234 [dl_trainer.py:635] INFO Epoch 129, avg train acc: 98.781250, lr: 0.001000, avg loss: 0.041547
2022-08-04 18:31:52,396 [dl_trainer.py:731] WARNING [129][ 3240/   25][rank:5] loss: 0.040, average forward (0.009212) and backward (0.023596) time: 0.042051, iotime: 0.008391 
2022-08-04 18:31:52,402 [dist_trainer.py:90] WARNING Time per iteration including communication: 0.118713, Speed: 2156.462439 images/s
2022-08-04 18:31:53,128 [dl_trainer.py:634] INFO train iter: 3250, num_batches_per_epoch: 25
2022-08-04 18:31:53,129 [dl_trainer.py:635] INFO Epoch 130, avg train acc: 98.468750, lr: 0.001000, avg loss: 0.048440
2022-08-04 18:31:55,303 [dist_trainer.py:90] WARNING Time per iteration including communication: 0.120856, Speed: 2118.216428 images/s
2022-08-04 18:31:56,053 [dl_trainer.py:634] INFO train iter: 3275, num_batches_per_epoch: 25
2022-08-04 18:31:56,054 [dl_trainer.py:635] INFO Epoch 131, avg train acc: 98.656250, lr: 0.001000, avg loss: 0.044821
2022-08-04 18:31:57,795 [dl_trainer.py:731] WARNING [131][ 3280/   25][rank:5] loss: 0.022, average forward (0.009977) and backward (0.023252) time: 0.047599, iotime: 0.013924 
2022-08-04 18:31:58,175 [dist_trainer.py:90] WARNING Time per iteration including communication: 0.119648, Speed: 2139.616634 images/s
2022-08-04 18:31:58,957 [dl_trainer.py:634] INFO train iter: 3300, num_batches_per_epoch: 25
2022-08-04 18:31:58,958 [dl_trainer.py:635] INFO Epoch 132, avg train acc: 98.656250, lr: 0.001000, avg loss: 0.043795
2022-08-04 18:32:01,032 [dist_trainer.py:90] WARNING Time per iteration including communication: 0.119035, Speed: 2150.624815 images/s
2022-08-04 18:32:01,632 [dl_trainer.py:731] WARNING [132][ 3320/   25][rank:5] loss: 0.048, average forward (0.009084) and backward (0.023767) time: 0.047589, iotime: 0.014118 
2022-08-04 18:32:01,877 [dl_trainer.py:634] INFO train iter: 3325, num_batches_per_epoch: 25
2022-08-04 18:32:01,878 [dl_trainer.py:635] INFO Epoch 133, avg train acc: 98.296875, lr: 0.001000, avg loss: 0.049654
2022-08-04 18:32:03,865 [dist_trainer.py:90] WARNING Time per iteration including communication: 0.118024, Speed: 2169.047779 images/s
2022-08-04 18:32:04,753 [dl_trainer.py:634] INFO train iter: 3350, num_batches_per_epoch: 25
2022-08-04 18:32:04,754 [dl_trainer.py:635] INFO Epoch 134, avg train acc: 98.796875, lr: 0.001000, avg loss: 0.040706
2022-08-04 18:32:06,758 [dl_trainer.py:731] WARNING [134][ 3360/   25][rank:5] loss: 0.027, average forward (0.009508) and backward (0.024577) time: 0.043496, iotime: 0.008577 
2022-08-04 18:32:06,774 [dist_trainer.py:90] WARNING Time per iteration including communication: 0.121195, Speed: 2112.302891 images/s
2022-08-04 18:32:07,713 [dl_trainer.py:634] INFO train iter: 3375, num_batches_per_epoch: 25
2022-08-04 18:32:07,714 [dl_trainer.py:635] INFO Epoch 135, avg train acc: 98.781250, lr: 0.001000, avg loss: 0.045019
2022-08-04 18:32:09,604 [dist_trainer.py:90] WARNING Time per iteration including communication: 0.117906, Speed: 2171.221065 images/s
