2022-08-04 18:25:05,148 [dist_trainer.py:135] INFO Configurations: Namespace(batch_size=256, compressor='topk', data_dir='./data', dataset='cifar10', density=1.0, dnn='resnet20', lr=0.1, max_epochs=141, nsteps_update=1, num_steps=35, nworkers=8, nwpernode=8, pretrain=None, saved_dir='./logs/iclr', threshold=524288000)
2022-08-04 18:25:29,071 [dl_trainer.py:254] INFO num_batches_per_epoch: 25
2022-08-04 18:25:29,652 [distributed_optimizer.py:63] INFO _dynamic_densities: [0.015625, 0.004, 0.001]
2022-08-04 18:25:29,654 [distributed_optimizer.py:323] INFO # of parameters: 269722
2022-08-04 18:25:29,654 [distributed_optimizer.py:324] INFO Total number of tensors: 59
2022-08-04 18:25:29,654 [distributed_optimizer.py:325] INFO Merged Number of groups: 1
2022-08-04 18:25:30,470 [dist_trainer.py:62] INFO max_epochs: 141
2022-08-04 18:25:33,608 [dist_trainer.py:90] WARNING Time per iteration including communication: 0.130706, Speed: 1958.598677 images/s
2022-08-04 18:25:33,874 [dl_trainer.py:634] INFO train iter: 25, num_batches_per_epoch: 25
2022-08-04 18:25:33,874 [dl_trainer.py:635] INFO Epoch 1, avg train acc: 21.640625, lr: 0.020640, avg loss: 2.383853
2022-08-04 18:25:36,075 [dl_trainer.py:731] WARNING [  1][   40/   25][rank:6] loss: 1.532, average forward (0.054782) and backward (0.027331) time: 0.091128, iotime: 0.008226 
2022-08-04 18:25:36,458 [dist_trainer.py:90] WARNING Time per iteration including communication: 0.118705, Speed: 2156.603385 images/s
2022-08-04 18:25:36,803 [dl_trainer.py:634] INFO train iter: 50, num_batches_per_epoch: 25
2022-08-04 18:25:36,803 [dl_trainer.py:635] INFO Epoch 2, avg train acc: 38.843750, lr: 0.040480, avg loss: 1.640533
2022-08-04 18:25:39,459 [dist_trainer.py:90] WARNING Time per iteration including communication: 0.125014, Speed: 2047.767604 images/s
2022-08-04 18:25:39,848 [dl_trainer.py:634] INFO train iter: 75, num_batches_per_epoch: 25
2022-08-04 18:25:39,848 [dl_trainer.py:635] INFO Epoch 3, avg train acc: 45.671875, lr: 0.060320, avg loss: 1.486000
2022-08-04 18:25:41,565 [dl_trainer.py:731] WARNING [  3][   80/   25][rank:6] loss: 1.393, average forward (0.009642) and backward (0.024477) time: 0.050136, iotime: 0.015368 
2022-08-04 18:25:42,309 [dist_trainer.py:90] WARNING Time per iteration including communication: 0.118707, Speed: 2156.562777 images/s
2022-08-04 18:25:42,764 [dl_trainer.py:634] INFO train iter: 100, num_batches_per_epoch: 25
2022-08-04 18:25:42,765 [dl_trainer.py:635] INFO Epoch 4, avg train acc: 51.546875, lr: 0.080160, avg loss: 1.331501
2022-08-04 18:25:45,372 [dl_trainer.py:731] WARNING [  4][  120/   25][rank:6] loss: 1.223, average forward (0.009162) and backward (0.023188) time: 0.041202, iotime: 0.008556 
2022-08-04 18:25:45,387 [dist_trainer.py:90] WARNING Time per iteration including communication: 0.128229, Speed: 1996.426994 images/s
2022-08-04 18:25:45,874 [dl_trainer.py:634] INFO train iter: 125, num_batches_per_epoch: 25
2022-08-04 18:25:45,875 [dl_trainer.py:635] INFO Epoch 5, avg train acc: 56.484375, lr: 0.100000, avg loss: 1.212702
2022-08-04 18:25:48,271 [dist_trainer.py:90] WARNING Time per iteration including communication: 0.120125, Speed: 2131.112442 images/s
2022-08-04 18:25:48,808 [dl_trainer.py:634] INFO train iter: 150, num_batches_per_epoch: 25
2022-08-04 18:25:48,808 [dl_trainer.py:635] INFO Epoch 6, avg train acc: 62.656250, lr: 0.100000, avg loss: 1.051685
2022-08-04 18:25:50,814 [dl_trainer.py:731] WARNING [  6][  160/   25][rank:6] loss: 0.849, average forward (0.009285) and backward (0.023612) time: 0.048028, iotime: 0.014587 
2022-08-04 18:25:51,211 [dist_trainer.py:90] WARNING Time per iteration including communication: 0.122464, Speed: 2090.415988 images/s
2022-08-04 18:25:51,787 [dl_trainer.py:634] INFO train iter: 175, num_batches_per_epoch: 25
2022-08-04 18:25:51,788 [dl_trainer.py:635] INFO Epoch 7, avg train acc: 68.203125, lr: 0.100000, avg loss: 0.919357
2022-08-04 18:25:54,092 [dist_trainer.py:90] WARNING Time per iteration including communication: 0.120031, Speed: 2132.785556 images/s
2022-08-04 18:25:54,716 [dl_trainer.py:731] WARNING [  7][  200/   25][rank:6] loss: 0.858, average forward (0.009163) and backward (0.023873) time: 0.048013, iotime: 0.014512 
2022-08-04 18:25:54,721 [dl_trainer.py:634] INFO train iter: 200, num_batches_per_epoch: 25
2022-08-04 18:25:54,721 [dl_trainer.py:635] INFO Epoch 8, avg train acc: 69.734375, lr: 0.100000, avg loss: 0.851275
2022-08-04 18:25:56,995 [dist_trainer.py:90] WARNING Time per iteration including communication: 0.120915, Speed: 2117.190533 images/s
2022-08-04 18:25:57,687 [dl_trainer.py:634] INFO train iter: 225, num_batches_per_epoch: 25
2022-08-04 18:25:57,688 [dl_trainer.py:635] INFO Epoch 9, avg train acc: 71.890625, lr: 0.100000, avg loss: 0.788353
2022-08-04 18:25:59,871 [dl_trainer.py:731] WARNING [  9][  240/   25][rank:6] loss: 0.832, average forward (0.009439) and backward (0.024082) time: 0.043228, iotime: 0.009417 
2022-08-04 18:25:59,882 [dist_trainer.py:90] WARNING Time per iteration including communication: 0.120264, Speed: 2128.652523 images/s
2022-08-04 18:26:00,596 [dl_trainer.py:634] INFO train iter: 250, num_batches_per_epoch: 25
2022-08-04 18:26:00,597 [dl_trainer.py:635] INFO Epoch 10, avg train acc: 74.312500, lr: 0.100000, avg loss: 0.737650
2022-08-04 18:26:02,833 [dist_trainer.py:90] WARNING Time per iteration including communication: 0.122948, Speed: 2082.184940 images/s
2022-08-04 18:26:03,592 [dl_trainer.py:634] INFO train iter: 275, num_batches_per_epoch: 25
2022-08-04 18:26:03,592 [dl_trainer.py:635] INFO Epoch 11, avg train acc: 76.828125, lr: 0.100000, avg loss: 0.666110
2022-08-04 18:26:05,273 [dl_trainer.py:731] WARNING [ 11][  280/   25][rank:6] loss: 0.616, average forward (0.009233) and backward (0.022830) time: 0.046694, iotime: 0.014296 
2022-08-04 18:26:05,651 [dist_trainer.py:90] WARNING Time per iteration including communication: 0.117391, Speed: 2180.743992 images/s
2022-08-04 18:26:06,431 [dl_trainer.py:634] INFO train iter: 300, num_batches_per_epoch: 25
2022-08-04 18:26:06,432 [dl_trainer.py:635] INFO Epoch 12, avg train acc: 78.000000, lr: 0.100000, avg loss: 0.634168
2022-08-04 18:26:08,476 [dist_trainer.py:90] WARNING Time per iteration including communication: 0.117690, Speed: 2175.207758 images/s
2022-08-04 18:26:09,077 [dl_trainer.py:731] WARNING [ 12][  320/   25][rank:6] loss: 0.609, average forward (0.009207) and backward (0.023416) time: 0.047227, iotime: 0.014253 
2022-08-04 18:26:09,310 [dl_trainer.py:634] INFO train iter: 325, num_batches_per_epoch: 25
2022-08-04 18:26:09,311 [dl_trainer.py:635] INFO Epoch 13, avg train acc: 78.953125, lr: 0.100000, avg loss: 0.610871
2022-08-04 18:26:11,287 [dist_trainer.py:90] WARNING Time per iteration including communication: 0.117112, Speed: 2185.949807 images/s
2022-08-04 18:26:12,183 [dl_trainer.py:634] INFO train iter: 350, num_batches_per_epoch: 25
2022-08-04 18:26:12,183 [dl_trainer.py:635] INFO Epoch 14, avg train acc: 81.109375, lr: 0.100000, avg loss: 0.555762
2022-08-04 18:26:14,152 [dl_trainer.py:731] WARNING [ 14][  360/   25][rank:6] loss: 0.473, average forward (0.009175) and backward (0.023898) time: 0.042281, iotime: 0.008895 
2022-08-04 18:26:14,166 [dist_trainer.py:90] WARNING Time per iteration including communication: 0.119949, Speed: 2134.246871 images/s
2022-08-04 18:26:15,089 [dl_trainer.py:634] INFO train iter: 375, num_batches_per_epoch: 25
2022-08-04 18:26:15,090 [dl_trainer.py:635] INFO Epoch 15, avg train acc: 82.906250, lr: 0.100000, avg loss: 0.513320
2022-08-04 18:26:16,955 [dist_trainer.py:90] WARNING Time per iteration including communication: 0.116179, Speed: 2203.490877 images/s
2022-08-04 18:26:17,929 [dl_trainer.py:731] WARNING [ 15][  400/   25][rank:6] loss: 0.518, average forward (0.009117) and backward (0.023408) time: 0.048142, iotime: 0.014683 
2022-08-04 18:26:17,947 [dl_trainer.py:634] INFO train iter: 400, num_batches_per_epoch: 25
2022-08-04 18:26:17,947 [dl_trainer.py:635] INFO Epoch 16, avg train acc: 82.421875, lr: 0.100000, avg loss: 0.505789
2022-08-04 18:26:19,805 [dist_trainer.py:90] WARNING Time per iteration including communication: 0.118763, Speed: 2155.561976 images/s
2022-08-04 18:26:20,823 [dl_trainer.py:634] INFO train iter: 425, num_batches_per_epoch: 25
2022-08-04 18:26:20,824 [dl_trainer.py:635] INFO Epoch 17, avg train acc: 83.546875, lr: 0.100000, avg loss: 0.485325
2022-08-04 18:26:22,639 [dist_trainer.py:90] WARNING Time per iteration including communication: 0.118066, Speed: 2168.272868 images/s
2022-08-04 18:26:23,238 [dl_trainer.py:731] WARNING [ 17][  440/   25][rank:6] loss: 0.503, average forward (0.008975) and backward (0.023745) time: 0.047688, iotime: 0.014292 
2022-08-04 18:26:23,677 [dl_trainer.py:634] INFO train iter: 450, num_batches_per_epoch: 25
2022-08-04 18:26:23,677 [dl_trainer.py:635] INFO Epoch 18, avg train acc: 83.953125, lr: 0.100000, avg loss: 0.461512
2022-08-04 18:26:25,476 [dist_trainer.py:90] WARNING Time per iteration including communication: 0.118165, Speed: 2166.460943 images/s
2022-08-04 18:26:26,555 [dl_trainer.py:634] INFO train iter: 475, num_batches_per_epoch: 25
2022-08-04 18:26:26,555 [dl_trainer.py:635] INFO Epoch 19, avg train acc: 84.593750, lr: 0.100000, avg loss: 0.446857
2022-08-04 18:26:28,348 [dl_trainer.py:731] WARNING [ 19][  480/   25][rank:6] loss: 0.371, average forward (0.008581) and backward (0.023888) time: 0.041300, iotime: 0.008556 
2022-08-04 18:26:28,360 [dist_trainer.py:90] WARNING Time per iteration including communication: 0.120144, Speed: 2130.774998 images/s
2022-08-04 18:26:29,468 [dl_trainer.py:634] INFO train iter: 500, num_batches_per_epoch: 25
2022-08-04 18:26:29,468 [dl_trainer.py:635] INFO Epoch 20, avg train acc: 84.375000, lr: 0.100000, avg loss: 0.443290
2022-08-04 18:26:31,207 [dist_trainer.py:90] WARNING Time per iteration including communication: 0.118613, Speed: 2158.284965 images/s
2022-08-04 18:26:32,201 [dl_trainer.py:731] WARNING [ 20][  520/   25][rank:6] loss: 0.428, average forward (0.009449) and backward (0.023872) time: 0.047884, iotime: 0.014301 
2022-08-04 18:26:32,453 [dl_trainer.py:634] INFO train iter: 525, num_batches_per_epoch: 25
2022-08-04 18:26:32,453 [dl_trainer.py:635] INFO Epoch 21, avg train acc: 85.484375, lr: 0.100000, avg loss: 0.421805
2022-08-04 18:26:34,132 [dist_trainer.py:90] WARNING Time per iteration including communication: 0.121869, Speed: 2100.615075 images/s
2022-08-04 18:26:35,328 [dl_trainer.py:634] INFO train iter: 550, num_batches_per_epoch: 25
2022-08-04 18:26:35,329 [dl_trainer.py:635] INFO Epoch 22, avg train acc: 86.140625, lr: 0.100000, avg loss: 0.396369
2022-08-04 18:26:37,039 [dist_trainer.py:90] WARNING Time per iteration including communication: 0.121124, Speed: 2113.532045 images/s
2022-08-04 18:26:37,644 [dl_trainer.py:731] WARNING [ 22][  560/   25][rank:6] loss: 0.473, average forward (0.009295) and backward (0.023528) time: 0.046976, iotime: 0.013876 
2022-08-04 18:26:38,341 [dl_trainer.py:634] INFO train iter: 575, num_batches_per_epoch: 25
2022-08-04 18:26:38,341 [dl_trainer.py:635] INFO Epoch 23, avg train acc: 85.640625, lr: 0.100000, avg loss: 0.402868
2022-08-04 18:26:39,915 [dist_trainer.py:90] WARNING Time per iteration including communication: 0.119811, Speed: 2136.700079 images/s
2022-08-04 18:26:41,226 [dl_trainer.py:731] WARNING [ 23][  600/   25][rank:6] loss: 0.371, average forward (0.009031) and backward (0.024215) time: 0.042218, iotime: 0.008656 
2022-08-04 18:26:41,236 [dist_trainer.py:90] WARNING Time per iteration including communication: 0.055023, Speed: 4652.606152 images/s
2022-08-04 18:26:41,237 [dl_trainer.py:634] INFO train iter: 600, num_batches_per_epoch: 25
2022-08-04 18:26:41,237 [dl_trainer.py:635] INFO Epoch 24, avg train acc: 87.390625, lr: 0.100000, avg loss: 0.368689
2022-08-04 18:26:44,281 [dist_trainer.py:90] WARNING Time per iteration including communication: 0.126857, Speed: 2018.018827 images/s
2022-08-04 18:26:44,571 [dl_trainer.py:634] INFO train iter: 625, num_batches_per_epoch: 25
2022-08-04 18:26:44,571 [dl_trainer.py:635] INFO Epoch 25, avg train acc: 87.296875, lr: 0.100000, avg loss: 0.362380
2022-08-04 18:26:46,806 [dl_trainer.py:731] WARNING [ 25][  640/   25][rank:6] loss: 0.322, average forward (0.008965) and backward (0.023717) time: 0.048223, iotime: 0.014969 
2022-08-04 18:26:47,168 [dist_trainer.py:90] WARNING Time per iteration including communication: 0.120242, Speed: 2129.038017 images/s
2022-08-04 18:26:47,509 [dl_trainer.py:634] INFO train iter: 650, num_batches_per_epoch: 25
2022-08-04 18:26:47,510 [dl_trainer.py:635] INFO Epoch 26, avg train acc: 87.718750, lr: 0.100000, avg loss: 0.353397
2022-08-04 18:26:50,086 [dist_trainer.py:90] WARNING Time per iteration including communication: 0.121574, Speed: 2105.706777 images/s
2022-08-04 18:26:50,487 [dl_trainer.py:634] INFO train iter: 675, num_batches_per_epoch: 25
2022-08-04 18:26:50,487 [dl_trainer.py:635] INFO Epoch 27, avg train acc: 87.640625, lr: 0.100000, avg loss: 0.353109
2022-08-04 18:26:52,265 [dl_trainer.py:731] WARNING [ 27][  680/   25][rank:6] loss: 0.403, average forward (0.009542) and backward (0.024390) time: 0.048486, iotime: 0.014262 
2022-08-04 18:26:53,029 [dist_trainer.py:90] WARNING Time per iteration including communication: 0.122592, Speed: 2088.236041 images/s
2022-08-04 18:26:53,445 [dl_trainer.py:634] INFO train iter: 700, num_batches_per_epoch: 25
2022-08-04 18:26:53,446 [dl_trainer.py:635] INFO Epoch 28, avg train acc: 87.953125, lr: 0.100000, avg loss: 0.347127
2022-08-04 18:26:56,214 [dl_trainer.py:731] WARNING [ 28][  720/   25][rank:6] loss: 0.354, average forward (0.009344) and backward (0.023390) time: 0.041447, iotime: 0.008227 
2022-08-04 18:26:56,225 [dist_trainer.py:90] WARNING Time per iteration including communication: 0.133182, Speed: 1922.188571 images/s
2022-08-04 18:26:56,718 [dl_trainer.py:634] INFO train iter: 725, num_batches_per_epoch: 25
2022-08-04 18:26:56,718 [dl_trainer.py:635] INFO Epoch 29, avg train acc: 87.687500, lr: 0.100000, avg loss: 0.355112
2022-08-04 18:26:59,168 [dist_trainer.py:90] WARNING Time per iteration including communication: 0.122613, Speed: 2087.867548 images/s
2022-08-04 18:26:59,702 [dl_trainer.py:634] INFO train iter: 750, num_batches_per_epoch: 25
2022-08-04 18:26:59,703 [dl_trainer.py:635] INFO Epoch 30, avg train acc: 88.437500, lr: 0.100000, avg loss: 0.332700
2022-08-04 18:27:01,830 [dl_trainer.py:731] WARNING [ 30][  760/   25][rank:6] loss: 0.303, average forward (0.008774) and backward (0.023201) time: 0.047419, iotime: 0.014535 
2022-08-04 18:27:02,221 [dist_trainer.py:90] WARNING Time per iteration including communication: 0.127154, Speed: 2013.305400 images/s
2022-08-04 18:27:02,811 [dl_trainer.py:634] INFO train iter: 775, num_batches_per_epoch: 25
2022-08-04 18:27:02,812 [dl_trainer.py:635] INFO Epoch 31, avg train acc: 89.468750, lr: 0.100000, avg loss: 0.302499
2022-08-04 18:27:05,160 [dist_trainer.py:90] WARNING Time per iteration including communication: 0.122437, Speed: 2090.866978 images/s
2022-08-04 18:27:05,785 [dl_trainer.py:731] WARNING [ 31][  800/   25][rank:6] loss: 0.285, average forward (0.009433) and backward (0.023968) time: 0.048772, iotime: 0.014468 
2022-08-04 18:27:05,793 [dl_trainer.py:634] INFO train iter: 800, num_batches_per_epoch: 25
2022-08-04 18:27:05,794 [dl_trainer.py:635] INFO Epoch 32, avg train acc: 89.343750, lr: 0.100000, avg loss: 0.297898
2022-08-04 18:27:08,133 [dist_trainer.py:90] WARNING Time per iteration including communication: 0.123872, Speed: 2066.650406 images/s
2022-08-04 18:27:08,794 [dl_trainer.py:634] INFO train iter: 825, num_batches_per_epoch: 25
2022-08-04 18:27:08,795 [dl_trainer.py:635] INFO Epoch 33, avg train acc: 89.171875, lr: 0.100000, avg loss: 0.309044
2022-08-04 18:27:11,053 [dl_trainer.py:731] WARNING [ 33][  840/   25][rank:6] loss: 0.307, average forward (0.009348) and backward (0.024077) time: 0.043061, iotime: 0.008967 
2022-08-04 18:27:11,060 [dist_trainer.py:90] WARNING Time per iteration including communication: 0.121930, Speed: 2099.568007 images/s
2022-08-04 18:27:11,739 [dl_trainer.py:634] INFO train iter: 850, num_batches_per_epoch: 25
2022-08-04 18:27:11,740 [dl_trainer.py:635] INFO Epoch 34, avg train acc: 89.218750, lr: 0.100000, avg loss: 0.308360
2022-08-04 18:27:14,093 [dist_trainer.py:90] WARNING Time per iteration including communication: 0.126378, Speed: 2025.663296 images/s
2022-08-04 18:27:14,848 [dl_trainer.py:634] INFO train iter: 875, num_batches_per_epoch: 25
2022-08-04 18:27:14,848 [dl_trainer.py:635] INFO Epoch 35, avg train acc: 90.000000, lr: 0.100000, avg loss: 0.277064
2022-08-04 18:27:16,606 [dl_trainer.py:731] WARNING [ 35][  880/   25][rank:6] loss: 0.311, average forward (0.009013) and backward (0.023442) time: 0.047822, iotime: 0.014798 
2022-08-04 18:27:16,990 [dist_trainer.py:90] WARNING Time per iteration including communication: 0.120651, Speed: 2121.823028 images/s
2022-08-04 18:27:17,790 [dl_trainer.py:634] INFO train iter: 900, num_batches_per_epoch: 25
2022-08-04 18:27:17,790 [dl_trainer.py:635] INFO Epoch 36, avg train acc: 89.953125, lr: 0.100000, avg loss: 0.284223
2022-08-04 18:27:19,895 [dist_trainer.py:90] WARNING Time per iteration including communication: 0.121024, Speed: 2115.288429 images/s
2022-08-04 18:27:20,525 [dl_trainer.py:731] WARNING [ 36][  920/   25][rank:6] loss: 0.240, average forward (0.009406) and backward (0.025270) time: 0.049344, iotime: 0.014335 
2022-08-04 18:27:20,744 [dl_trainer.py:634] INFO train iter: 925, num_batches_per_epoch: 25
2022-08-04 18:27:20,745 [dl_trainer.py:635] INFO Epoch 37, avg train acc: 90.546875, lr: 0.100000, avg loss: 0.276646
2022-08-04 18:27:22,773 [dist_trainer.py:90] WARNING Time per iteration including communication: 0.119889, Speed: 2135.306175 images/s
2022-08-04 18:27:23,704 [dl_trainer.py:634] INFO train iter: 950, num_batches_per_epoch: 25
2022-08-04 18:27:23,705 [dl_trainer.py:635] INFO Epoch 38, avg train acc: 89.890625, lr: 0.100000, avg loss: 0.288198
2022-08-04 18:27:25,762 [dl_trainer.py:731] WARNING [ 38][  960/   25][rank:6] loss: 0.283, average forward (0.009742) and backward (0.023807) time: 0.042634, iotime: 0.008520 
2022-08-04 18:27:25,768 [dist_trainer.py:90] WARNING Time per iteration including communication: 0.124751, Speed: 2052.093779 images/s
2022-08-04 18:27:26,746 [dl_trainer.py:634] INFO train iter: 975, num_batches_per_epoch: 25
2022-08-04 18:27:26,747 [dl_trainer.py:635] INFO Epoch 39, avg train acc: 89.593750, lr: 0.100000, avg loss: 0.285525
2022-08-04 18:27:28,786 [dist_trainer.py:90] WARNING Time per iteration including communication: 0.125737, Speed: 2035.990758 images/s
2022-08-04 18:27:29,780 [dl_trainer.py:731] WARNING [ 39][ 1000/   25][rank:6] loss: 0.297, average forward (0.009929) and backward (0.023825) time: 0.049736, iotime: 0.014757 
2022-08-04 18:27:29,788 [dl_trainer.py:634] INFO train iter: 1000, num_batches_per_epoch: 25
2022-08-04 18:27:29,788 [dl_trainer.py:635] INFO Epoch 40, avg train acc: 91.187500, lr: 0.100000, avg loss: 0.256764
2022-08-04 18:27:31,750 [dist_trainer.py:90] WARNING Time per iteration including communication: 0.123467, Speed: 2073.434228 images/s
2022-08-04 18:27:32,850 [dl_trainer.py:634] INFO train iter: 1025, num_batches_per_epoch: 25
2022-08-04 18:27:32,850 [dl_trainer.py:635] INFO Epoch 41, avg train acc: 90.578125, lr: 0.100000, avg loss: 0.260110
2022-08-04 18:27:34,732 [dist_trainer.py:90] WARNING Time per iteration including communication: 0.124210, Speed: 2061.021890 images/s
2022-08-04 18:27:35,338 [dl_trainer.py:731] WARNING [ 41][ 1040/   25][rank:6] loss: 0.281, average forward (0.010490) and backward (0.023723) time: 0.050804, iotime: 0.014583 
2022-08-04 18:27:35,847 [dl_trainer.py:634] INFO train iter: 1050, num_batches_per_epoch: 25
2022-08-04 18:27:35,848 [dl_trainer.py:635] INFO Epoch 42, avg train acc: 90.546875, lr: 0.100000, avg loss: 0.258647
2022-08-04 18:27:37,699 [dist_trainer.py:90] WARNING Time per iteration including communication: 0.123644, Speed: 2070.468101 images/s
2022-08-04 18:27:38,780 [dl_trainer.py:634] INFO train iter: 1075, num_batches_per_epoch: 25
2022-08-04 18:27:38,781 [dl_trainer.py:635] INFO Epoch 43, avg train acc: 91.312500, lr: 0.100000, avg loss: 0.240624
2022-08-04 18:27:40,570 [dl_trainer.py:731] WARNING [ 43][ 1080/   25][rank:6] loss: 0.238, average forward (0.009122) and backward (0.024169) time: 0.042911, iotime: 0.008618 
2022-08-04 18:27:40,578 [dist_trainer.py:90] WARNING Time per iteration including communication: 0.119904, Speed: 2135.038509 images/s
2022-08-04 18:27:41,730 [dl_trainer.py:634] INFO train iter: 1100, num_batches_per_epoch: 25
2022-08-04 18:27:41,730 [dl_trainer.py:635] INFO Epoch 44, avg train acc: 91.968750, lr: 0.100000, avg loss: 0.222376
2022-08-04 18:27:43,523 [dist_trainer.py:90] WARNING Time per iteration including communication: 0.122675, Speed: 2086.808812 images/s
2022-08-04 18:27:44,580 [dl_trainer.py:731] WARNING [ 44][ 1120/   25][rank:6] loss: 0.218, average forward (0.010124) and backward (0.023971) time: 0.048826, iotime: 0.014445 
2022-08-04 18:27:44,814 [dl_trainer.py:634] INFO train iter: 1125, num_batches_per_epoch: 25
2022-08-04 18:27:44,814 [dl_trainer.py:635] INFO Epoch 45, avg train acc: 92.187500, lr: 0.100000, avg loss: 0.214692
2022-08-04 18:27:46,516 [dist_trainer.py:90] WARNING Time per iteration including communication: 0.124684, Speed: 2053.190040 images/s
2022-08-04 18:27:47,800 [dl_trainer.py:634] INFO train iter: 1150, num_batches_per_epoch: 25
2022-08-04 18:27:47,801 [dl_trainer.py:635] INFO Epoch 46, avg train acc: 91.359375, lr: 0.100000, avg loss: 0.240294
2022-08-04 18:27:49,448 [dist_trainer.py:90] WARNING Time per iteration including communication: 0.122160, Speed: 2095.607751 images/s
2022-08-04 18:27:50,099 [dl_trainer.py:731] WARNING [ 46][ 1160/   25][rank:6] loss: 0.226, average forward (0.009209) and backward (0.023636) time: 0.047592, iotime: 0.014431 
2022-08-04 18:27:50,807 [dl_trainer.py:634] INFO train iter: 1175, num_batches_per_epoch: 25
2022-08-04 18:27:50,808 [dl_trainer.py:635] INFO Epoch 47, avg train acc: 91.578125, lr: 0.100000, avg loss: 0.233552
2022-08-04 18:27:52,387 [dist_trainer.py:90] WARNING Time per iteration including communication: 0.122416, Speed: 2091.226857 images/s
2022-08-04 18:27:53,755 [dl_trainer.py:731] WARNING [ 47][ 1200/   25][rank:6] loss: 0.251, average forward (0.009702) and backward (0.024063) time: 0.043260, iotime: 0.009202 
2022-08-04 18:27:53,768 [dist_trainer.py:90] WARNING Time per iteration including communication: 0.057539, Speed: 4449.158059 images/s
2022-08-04 18:27:53,769 [dl_trainer.py:634] INFO train iter: 1200, num_batches_per_epoch: 25
2022-08-04 18:27:53,770 [dl_trainer.py:635] INFO Epoch 48, avg train acc: 92.187500, lr: 0.100000, avg loss: 0.213603
2022-08-04 18:27:56,761 [dist_trainer.py:90] WARNING Time per iteration including communication: 0.124652, Speed: 2053.724779 images/s
2022-08-04 18:27:57,065 [dl_trainer.py:634] INFO train iter: 1225, num_batches_per_epoch: 25
2022-08-04 18:27:57,065 [dl_trainer.py:635] INFO Epoch 49, avg train acc: 92.156250, lr: 0.100000, avg loss: 0.214278
2022-08-04 18:27:59,232 [dl_trainer.py:731] WARNING [ 49][ 1240/   25][rank:6] loss: 0.207, average forward (0.008639) and backward (0.022855) time: 0.047196, iotime: 0.015049 
2022-08-04 18:27:59,613 [dist_trainer.py:90] WARNING Time per iteration including communication: 0.118812, Speed: 2154.657761 images/s
2022-08-04 18:27:59,959 [dl_trainer.py:634] INFO train iter: 1250, num_batches_per_epoch: 25
2022-08-04 18:27:59,959 [dl_trainer.py:635] INFO Epoch 50, avg train acc: 92.796875, lr: 0.100000, avg loss: 0.200882
2022-08-04 18:28:02,459 [dist_trainer.py:90] WARNING Time per iteration including communication: 0.118555, Speed: 2159.326293 images/s
2022-08-04 18:28:02,854 [dl_trainer.py:634] INFO train iter: 1275, num_batches_per_epoch: 25
2022-08-04 18:28:02,855 [dl_trainer.py:635] INFO Epoch 51, avg train acc: 92.703125, lr: 0.100000, avg loss: 0.198058
2022-08-04 18:28:04,579 [dl_trainer.py:731] WARNING [ 51][ 1280/   25][rank:6] loss: 0.207, average forward (0.008951) and backward (0.023383) time: 0.048289, iotime: 0.015123 
2022-08-04 18:28:05,346 [dist_trainer.py:90] WARNING Time per iteration including communication: 0.120259, Speed: 2128.745015 images/s
2022-08-04 18:28:05,783 [dl_trainer.py:634] INFO train iter: 1300, num_batches_per_epoch: 25
2022-08-04 18:28:05,784 [dl_trainer.py:635] INFO Epoch 52, avg train acc: 93.296875, lr: 0.100000, avg loss: 0.195947
2022-08-04 18:28:08,188 [dl_trainer.py:731] WARNING [ 52][ 1320/   25][rank:6] loss: 0.213, average forward (0.009108) and backward (0.023281) time: 0.041880, iotime: 0.008785 
2022-08-04 18:28:08,212 [dist_trainer.py:90] WARNING Time per iteration including communication: 0.119399, Speed: 2144.072607 images/s
2022-08-04 18:28:08,693 [dl_trainer.py:634] INFO train iter: 1325, num_batches_per_epoch: 25
2022-08-04 18:28:08,694 [dl_trainer.py:635] INFO Epoch 53, avg train acc: 93.046875, lr: 0.100000, avg loss: 0.195760
2022-08-04 18:28:10,987 [dist_trainer.py:90] WARNING Time per iteration including communication: 0.115610, Speed: 2214.345059 images/s
2022-08-04 18:28:11,512 [dl_trainer.py:634] INFO train iter: 1350, num_batches_per_epoch: 25
2022-08-04 18:28:11,512 [dl_trainer.py:635] INFO Epoch 54, avg train acc: 92.640625, lr: 0.100000, avg loss: 0.200650
2022-08-04 18:28:13,524 [dl_trainer.py:731] WARNING [ 54][ 1360/   25][rank:6] loss: 0.154, average forward (0.009601) and backward (0.023352) time: 0.048145, iotime: 0.014524 
2022-08-04 18:28:13,892 [dist_trainer.py:90] WARNING Time per iteration including communication: 0.121051, Speed: 2114.803241 images/s
2022-08-04 18:28:14,457 [dl_trainer.py:634] INFO train iter: 1375, num_batches_per_epoch: 25
2022-08-04 18:28:14,458 [dl_trainer.py:635] INFO Epoch 55, avg train acc: 92.656250, lr: 0.100000, avg loss: 0.201191
2022-08-04 18:28:16,691 [dist_trainer.py:90] WARNING Time per iteration including communication: 0.116599, Speed: 2195.558138 images/s
2022-08-04 18:28:17,306 [dl_trainer.py:731] WARNING [ 55][ 1400/   25][rank:6] loss: 0.246, average forward (0.009262) and backward (0.024278) time: 0.048957, iotime: 0.014472 
2022-08-04 18:28:17,315 [dl_trainer.py:634] INFO train iter: 1400, num_batches_per_epoch: 25
2022-08-04 18:28:17,316 [dl_trainer.py:635] INFO Epoch 56, avg train acc: 92.781250, lr: 0.100000, avg loss: 0.203170
2022-08-04 18:28:19,533 [dist_trainer.py:90] WARNING Time per iteration including communication: 0.118384, Speed: 2162.447242 images/s
2022-08-04 18:28:20,179 [dl_trainer.py:634] INFO train iter: 1425, num_batches_per_epoch: 25
2022-08-04 18:28:20,179 [dl_trainer.py:635] INFO Epoch 57, avg train acc: 93.390625, lr: 0.100000, avg loss: 0.183762
2022-08-04 18:28:22,381 [dl_trainer.py:731] WARNING [ 57][ 1440/   25][rank:6] loss: 0.301, average forward (0.008778) and backward (0.024475) time: 0.042150, iotime: 0.008449 
2022-08-04 18:28:22,389 [dist_trainer.py:90] WARNING Time per iteration including communication: 0.119004, Speed: 2151.194997 images/s
2022-08-04 18:28:23,074 [dl_trainer.py:634] INFO train iter: 1450, num_batches_per_epoch: 25
2022-08-04 18:28:23,074 [dl_trainer.py:635] INFO Epoch 58, avg train acc: 92.953125, lr: 0.100000, avg loss: 0.194232
2022-08-04 18:28:25,223 [dist_trainer.py:90] WARNING Time per iteration including communication: 0.118049, Speed: 2168.599117 images/s
2022-08-04 18:28:25,997 [dl_trainer.py:634] INFO train iter: 1475, num_batches_per_epoch: 25
2022-08-04 18:28:25,998 [dl_trainer.py:635] INFO Epoch 59, avg train acc: 93.734375, lr: 0.100000, avg loss: 0.183626
2022-08-04 18:28:27,686 [dl_trainer.py:731] WARNING [ 59][ 1480/   25][rank:6] loss: 0.182, average forward (0.009205) and backward (0.023478) time: 0.048209, iotime: 0.014647 
2022-08-04 18:28:28,061 [dist_trainer.py:90] WARNING Time per iteration including communication: 0.118235, Speed: 2165.175477 images/s
2022-08-04 18:28:28,851 [dl_trainer.py:634] INFO train iter: 1500, num_batches_per_epoch: 25
2022-08-04 18:28:28,851 [dl_trainer.py:635] INFO Epoch 60, avg train acc: 94.203125, lr: 0.100000, avg loss: 0.172089
2022-08-04 18:28:30,897 [dist_trainer.py:90] WARNING Time per iteration including communication: 0.118153, Speed: 2166.690456 images/s
2022-08-04 18:28:31,523 [dl_trainer.py:731] WARNING [ 60][ 1520/   25][rank:6] loss: 0.163, average forward (0.009430) and backward (0.023298) time: 0.047811, iotime: 0.014607 
2022-08-04 18:28:31,773 [dl_trainer.py:634] INFO train iter: 1525, num_batches_per_epoch: 25
2022-08-04 18:28:31,773 [dl_trainer.py:635] INFO Epoch 61, avg train acc: 94.015625, lr: 0.100000, avg loss: 0.166766
2022-08-04 18:28:33,800 [dist_trainer.py:90] WARNING Time per iteration including communication: 0.120908, Speed: 2117.318563 images/s
2022-08-04 18:28:34,646 [dl_trainer.py:634] INFO train iter: 1550, num_batches_per_epoch: 25
2022-08-04 18:28:34,646 [dl_trainer.py:635] INFO Epoch 62, avg train acc: 94.156250, lr: 0.100000, avg loss: 0.163809
2022-08-04 18:28:36,623 [dl_trainer.py:731] WARNING [ 62][ 1560/   25][rank:6] loss: 0.275, average forward (0.009590) and backward (0.023746) time: 0.042361, iotime: 0.008724 
2022-08-04 18:28:36,638 [dist_trainer.py:90] WARNING Time per iteration including communication: 0.118234, Speed: 2165.191486 images/s
2022-08-04 18:28:37,560 [dl_trainer.py:634] INFO train iter: 1575, num_batches_per_epoch: 25
2022-08-04 18:28:37,560 [dl_trainer.py:635] INFO Epoch 63, avg train acc: 93.656250, lr: 0.100000, avg loss: 0.179108
2022-08-04 18:28:39,649 [dist_trainer.py:90] WARNING Time per iteration including communication: 0.125442, Speed: 2040.788827 images/s
2022-08-04 18:28:40,662 [dl_trainer.py:731] WARNING [ 63][ 1600/   25][rank:6] loss: 0.197, average forward (0.009442) and backward (0.024868) time: 0.050348, iotime: 0.015612 
2022-08-04 18:28:40,666 [dl_trainer.py:634] INFO train iter: 1600, num_batches_per_epoch: 25
2022-08-04 18:28:40,666 [dl_trainer.py:635] INFO Epoch 64, avg train acc: 93.406250, lr: 0.100000, avg loss: 0.188114
2022-08-04 18:28:42,569 [dist_trainer.py:90] WARNING Time per iteration including communication: 0.121663, Speed: 2104.179459 images/s
2022-08-04 18:28:43,600 [dl_trainer.py:634] INFO train iter: 1625, num_batches_per_epoch: 25
2022-08-04 18:28:43,601 [dl_trainer.py:635] INFO Epoch 65, avg train acc: 94.250000, lr: 0.100000, avg loss: 0.160766
2022-08-04 18:28:45,434 [dist_trainer.py:90] WARNING Time per iteration including communication: 0.119326, Speed: 2145.382961 images/s
2022-08-04 18:28:46,028 [dl_trainer.py:731] WARNING [ 65][ 1640/   25][rank:6] loss: 0.244, average forward (0.009838) and backward (0.022931) time: 0.048082, iotime: 0.014729 
2022-08-04 18:28:46,506 [dl_trainer.py:634] INFO train iter: 1650, num_batches_per_epoch: 25
2022-08-04 18:28:46,506 [dl_trainer.py:635] INFO Epoch 66, avg train acc: 94.421875, lr: 0.100000, avg loss: 0.167411
2022-08-04 18:28:48,300 [dist_trainer.py:90] WARNING Time per iteration including communication: 0.119415, Speed: 2143.790076 images/s
2022-08-04 18:28:49,443 [dl_trainer.py:634] INFO train iter: 1675, num_batches_per_epoch: 25
2022-08-04 18:28:49,444 [dl_trainer.py:635] INFO Epoch 67, avg train acc: 93.781250, lr: 0.100000, avg loss: 0.167822
2022-08-04 18:28:51,170 [dl_trainer.py:731] WARNING [ 67][ 1680/   25][rank:6] loss: 0.192, average forward (0.008945) and backward (0.024041) time: 0.041980, iotime: 0.008599 
2022-08-04 18:28:51,182 [dist_trainer.py:90] WARNING Time per iteration including communication: 0.120053, Speed: 2132.387764 images/s
2022-08-04 18:28:52,360 [dl_trainer.py:634] INFO train iter: 1700, num_batches_per_epoch: 25
2022-08-04 18:28:52,360 [dl_trainer.py:635] INFO Epoch 68, avg train acc: 93.671875, lr: 0.100000, avg loss: 0.165192
2022-08-04 18:28:54,080 [dist_trainer.py:90] WARNING Time per iteration including communication: 0.120721, Speed: 2120.591369 images/s
2022-08-04 18:28:55,018 [dl_trainer.py:731] WARNING [ 68][ 1720/   25][rank:6] loss: 0.141, average forward (0.009294) and backward (0.023250) time: 0.047170, iotime: 0.014132 
2022-08-04 18:28:55,252 [dl_trainer.py:634] INFO train iter: 1725, num_batches_per_epoch: 25
2022-08-04 18:28:55,252 [dl_trainer.py:635] INFO Epoch 69, avg train acc: 94.703125, lr: 0.100000, avg loss: 0.150603
2022-08-04 18:28:56,926 [dist_trainer.py:90] WARNING Time per iteration including communication: 0.118587, Speed: 2158.750165 images/s
2022-08-04 18:28:58,164 [dl_trainer.py:634] INFO train iter: 1750, num_batches_per_epoch: 25
2022-08-04 18:28:58,165 [dl_trainer.py:635] INFO Epoch 70, avg train acc: 94.125000, lr: 0.100000, avg loss: 0.160525
2022-08-04 18:28:59,754 [dist_trainer.py:90] WARNING Time per iteration including communication: 0.117797, Speed: 2173.224588 images/s
2022-08-04 18:29:00,361 [dl_trainer.py:731] WARNING [ 70][ 1760/   25][rank:6] loss: 0.161, average forward (0.009441) and backward (0.023707) time: 0.047833, iotime: 0.014142 
2022-08-04 18:29:01,044 [dl_trainer.py:634] INFO train iter: 1775, num_batches_per_epoch: 25
2022-08-04 18:29:01,045 [dl_trainer.py:635] INFO Epoch 71, avg train acc: 94.640625, lr: 0.100000, avg loss: 0.148500
2022-08-04 18:29:02,576 [dist_trainer.py:90] WARNING Time per iteration including communication: 0.117561, Speed: 2177.588997 images/s
2022-08-04 18:29:03,918 [dl_trainer.py:731] WARNING [ 71][ 1800/   25][rank:6] loss: 0.133, average forward (0.009600) and backward (0.023445) time: 0.042816, iotime: 0.009380 
2022-08-04 18:29:03,926 [dist_trainer.py:90] WARNING Time per iteration including communication: 0.056211, Speed: 4554.268360 images/s
2022-08-04 18:29:03,927 [dl_trainer.py:634] INFO train iter: 1800, num_batches_per_epoch: 25
2022-08-04 18:29:03,927 [dl_trainer.py:635] INFO Epoch 72, avg train acc: 95.218750, lr: 0.100000, avg loss: 0.140253
2022-08-04 18:29:06,792 [dist_trainer.py:90] WARNING Time per iteration including communication: 0.119410, Speed: 2143.867836 images/s
2022-08-04 18:29:07,080 [dl_trainer.py:634] INFO train iter: 1825, num_batches_per_epoch: 25
2022-08-04 18:29:07,080 [dl_trainer.py:635] INFO Epoch 73, avg train acc: 95.093750, lr: 0.100000, avg loss: 0.141411
2022-08-04 18:29:09,189 [dl_trainer.py:731] WARNING [ 73][ 1840/   25][rank:6] loss: 0.136, average forward (0.009204) and backward (0.023848) time: 0.047894, iotime: 0.014232 
2022-08-04 18:29:09,578 [dist_trainer.py:90] WARNING Time per iteration including communication: 0.116028, Speed: 2206.369631 images/s
2022-08-04 18:29:09,910 [dl_trainer.py:634] INFO train iter: 1850, num_batches_per_epoch: 25
2022-08-04 18:29:09,911 [dl_trainer.py:635] INFO Epoch 74, avg train acc: 95.031250, lr: 0.100000, avg loss: 0.134060
2022-08-04 18:29:12,357 [dist_trainer.py:90] WARNING Time per iteration including communication: 0.115775, Speed: 2211.188163 images/s
2022-08-04 18:29:12,733 [dl_trainer.py:634] INFO train iter: 1875, num_batches_per_epoch: 25
2022-08-04 18:29:12,733 [dl_trainer.py:635] INFO Epoch 75, avg train acc: 94.171875, lr: 0.100000, avg loss: 0.158151
2022-08-04 18:29:14,484 [dl_trainer.py:731] WARNING [ 75][ 1880/   25][rank:6] loss: 0.150, average forward (0.009514) and backward (0.023746) time: 0.047906, iotime: 0.014356 
2022-08-04 18:29:15,215 [dist_trainer.py:90] WARNING Time per iteration including communication: 0.119067, Speed: 2150.051167 images/s
2022-08-04 18:29:15,631 [dl_trainer.py:634] INFO train iter: 1900, num_batches_per_epoch: 25
2022-08-04 18:29:15,631 [dl_trainer.py:635] INFO Epoch 76, avg train acc: 95.250000, lr: 0.100000, avg loss: 0.137505
2022-08-04 18:29:18,025 [dl_trainer.py:731] WARNING [ 76][ 1920/   25][rank:6] loss: 0.159, average forward (0.009047) and backward (0.023746) time: 0.041609, iotime: 0.008564 
2022-08-04 18:29:18,039 [dist_trainer.py:90] WARNING Time per iteration including communication: 0.117671, Speed: 2175.555934 images/s
2022-08-04 18:29:18,527 [dl_trainer.py:634] INFO train iter: 1925, num_batches_per_epoch: 25
2022-08-04 18:29:18,527 [dl_trainer.py:635] INFO Epoch 77, avg train acc: 95.125000, lr: 0.100000, avg loss: 0.132774
2022-08-04 18:29:20,847 [dist_trainer.py:90] WARNING Time per iteration including communication: 0.116975, Speed: 2188.508331 images/s
2022-08-04 18:29:21,382 [dl_trainer.py:634] INFO train iter: 1950, num_batches_per_epoch: 25
2022-08-04 18:29:21,382 [dl_trainer.py:635] INFO Epoch 78, avg train acc: 94.937500, lr: 0.100000, avg loss: 0.144930
2022-08-04 18:29:23,357 [dl_trainer.py:731] WARNING [ 78][ 1960/   25][rank:6] loss: 0.142, average forward (0.009156) and backward (0.022835) time: 0.047197, iotime: 0.014923 
2022-08-04 18:29:23,761 [dist_trainer.py:90] WARNING Time per iteration including communication: 0.121403, Speed: 2108.674375 images/s
2022-08-04 18:29:24,355 [dl_trainer.py:634] INFO train iter: 1975, num_batches_per_epoch: 25
2022-08-04 18:29:24,355 [dl_trainer.py:635] INFO Epoch 79, avg train acc: 95.031250, lr: 0.100000, avg loss: 0.142283
2022-08-04 18:29:26,642 [dist_trainer.py:90] WARNING Time per iteration including communication: 0.119992, Speed: 2133.467125 images/s
2022-08-04 18:29:27,239 [dl_trainer.py:731] WARNING [ 79][ 2000/   25][rank:6] loss: 0.103, average forward (0.009635) and backward (0.024212) time: 0.048668, iotime: 0.014520 
2022-08-04 18:29:27,248 [dl_trainer.py:634] INFO train iter: 2000, num_batches_per_epoch: 25
2022-08-04 18:29:27,249 [dl_trainer.py:635] INFO Epoch 80, avg train acc: 95.187500, lr: 0.100000, avg loss: 0.136299
2022-08-04 18:29:29,455 [dist_trainer.py:90] WARNING Time per iteration including communication: 0.117181, Speed: 2184.650191 images/s
2022-08-04 18:29:30,117 [dl_trainer.py:634] INFO train iter: 2025, num_batches_per_epoch: 25
2022-08-04 18:29:30,117 [dl_trainer.py:635] INFO Epoch 81, avg train acc: 95.218750, lr: 0.100000, avg loss: 0.140888
2022-08-04 18:29:32,319 [dl_trainer.py:731] WARNING [ 81][ 2040/   25][rank:6] loss: 0.087, average forward (0.009352) and backward (0.023931) time: 0.042254, iotime: 0.008658 
2022-08-04 18:29:32,330 [dist_trainer.py:90] WARNING Time per iteration including communication: 0.119793, Speed: 2137.017604 images/s
2022-08-04 18:29:33,038 [dl_trainer.py:634] INFO train iter: 2050, num_batches_per_epoch: 25
2022-08-04 18:29:33,039 [dl_trainer.py:635] INFO Epoch 82, avg train acc: 96.296875, lr: 0.010000, avg loss: 0.105289
2022-08-04 18:29:35,174 [dist_trainer.py:90] WARNING Time per iteration including communication: 0.118480, Speed: 2160.706632 images/s
2022-08-04 18:29:35,940 [dl_trainer.py:634] INFO train iter: 2075, num_batches_per_epoch: 25
2022-08-04 18:29:35,940 [dl_trainer.py:635] INFO Epoch 83, avg train acc: 97.140625, lr: 0.010000, avg loss: 0.084587
2022-08-04 18:29:37,656 [dl_trainer.py:731] WARNING [ 83][ 2080/   25][rank:6] loss: 0.071, average forward (0.009975) and backward (0.023652) time: 0.048371, iotime: 0.014449 
2022-08-04 18:29:38,035 [dist_trainer.py:90] WARNING Time per iteration including communication: 0.119190, Speed: 2147.838220 images/s
2022-08-04 18:29:38,810 [dl_trainer.py:634] INFO train iter: 2100, num_batches_per_epoch: 25
2022-08-04 18:29:38,811 [dl_trainer.py:635] INFO Epoch 84, avg train acc: 97.421875, lr: 0.010000, avg loss: 0.077756
2022-08-04 18:29:40,924 [dist_trainer.py:90] WARNING Time per iteration including communication: 0.120315, Speed: 2127.752819 images/s
2022-08-04 18:29:41,512 [dl_trainer.py:731] WARNING [ 84][ 2120/   25][rank:6] loss: 0.064, average forward (0.009812) and backward (0.024231) time: 0.049181, iotime: 0.014752 
2022-08-04 18:29:41,740 [dl_trainer.py:634] INFO train iter: 2125, num_batches_per_epoch: 25
2022-08-04 18:29:41,740 [dl_trainer.py:635] INFO Epoch 85, avg train acc: 97.718750, lr: 0.010000, avg loss: 0.072014
2022-08-04 18:29:43,778 [dist_trainer.py:90] WARNING Time per iteration including communication: 0.118898, Speed: 2153.101808 images/s
2022-08-04 18:29:44,662 [dl_trainer.py:634] INFO train iter: 2150, num_batches_per_epoch: 25
2022-08-04 18:29:44,662 [dl_trainer.py:635] INFO Epoch 86, avg train acc: 97.578125, lr: 0.010000, avg loss: 0.070854
2022-08-04 18:29:46,611 [dl_trainer.py:731] WARNING [ 86][ 2160/   25][rank:6] loss: 0.066, average forward (0.008843) and backward (0.023865) time: 0.041845, iotime: 0.008576 
2022-08-04 18:29:46,621 [dist_trainer.py:90] WARNING Time per iteration including communication: 0.118439, Speed: 2161.458196 images/s
2022-08-04 18:29:47,525 [dl_trainer.py:634] INFO train iter: 2175, num_batches_per_epoch: 25
2022-08-04 18:29:47,526 [dl_trainer.py:635] INFO Epoch 87, avg train acc: 97.578125, lr: 0.010000, avg loss: 0.075951
2022-08-04 18:29:49,466 [dist_trainer.py:90] WARNING Time per iteration including communication: 0.118532, Speed: 2159.762980 images/s
2022-08-04 18:29:50,403 [dl_trainer.py:731] WARNING [ 87][ 2200/   25][rank:6] loss: 0.071, average forward (0.009151) and backward (0.023355) time: 0.047877, iotime: 0.014576 
2022-08-04 18:29:50,416 [dl_trainer.py:634] INFO train iter: 2200, num_batches_per_epoch: 25
2022-08-04 18:29:50,416 [dl_trainer.py:635] INFO Epoch 88, avg train acc: 97.812500, lr: 0.010000, avg loss: 0.068789
2022-08-04 18:29:52,294 [dist_trainer.py:90] WARNING Time per iteration including communication: 0.117825, Speed: 2172.704767 images/s
2022-08-04 18:29:53,342 [dl_trainer.py:634] INFO train iter: 2225, num_batches_per_epoch: 25
2022-08-04 18:29:53,342 [dl_trainer.py:635] INFO Epoch 89, avg train acc: 97.765625, lr: 0.010000, avg loss: 0.068873
2022-08-04 18:29:55,184 [dist_trainer.py:90] WARNING Time per iteration including communication: 0.120362, Speed: 2126.915313 images/s
2022-08-04 18:29:55,781 [dl_trainer.py:731] WARNING [ 89][ 2240/   25][rank:6] loss: 0.066, average forward (0.009375) and backward (0.024501) time: 0.048870, iotime: 0.014194 
2022-08-04 18:29:56,233 [dl_trainer.py:634] INFO train iter: 2250, num_batches_per_epoch: 25
2022-08-04 18:29:56,233 [dl_trainer.py:635] INFO Epoch 90, avg train acc: 98.000000, lr: 0.010000, avg loss: 0.065036
2022-08-04 18:29:58,029 [dist_trainer.py:90] WARNING Time per iteration including communication: 0.118539, Speed: 2159.620716 images/s
2022-08-04 18:29:59,127 [dl_trainer.py:634] INFO train iter: 2275, num_batches_per_epoch: 25
2022-08-04 18:29:59,127 [dl_trainer.py:635] INFO Epoch 91, avg train acc: 97.828125, lr: 0.010000, avg loss: 0.063061
2022-08-04 18:30:00,857 [dl_trainer.py:731] WARNING [ 91][ 2280/   25][rank:6] loss: 0.052, average forward (0.008604) and backward (0.024067) time: 0.041475, iotime: 0.008357 
2022-08-04 18:30:00,874 [dist_trainer.py:90] WARNING Time per iteration including communication: 0.118491, Speed: 2160.503200 images/s
2022-08-04 18:30:01,997 [dl_trainer.py:634] INFO train iter: 2300, num_batches_per_epoch: 25
2022-08-04 18:30:01,998 [dl_trainer.py:635] INFO Epoch 92, avg train acc: 98.343750, lr: 0.010000, avg loss: 0.058659
2022-08-04 18:30:03,766 [dist_trainer.py:90] WARNING Time per iteration including communication: 0.120509, Speed: 2124.323389 images/s
2022-08-04 18:30:04,734 [dl_trainer.py:731] WARNING [ 92][ 2320/   25][rank:6] loss: 0.053, average forward (0.009013) and backward (0.023264) time: 0.047391, iotime: 0.014291 
2022-08-04 18:30:04,964 [dl_trainer.py:634] INFO train iter: 2325, num_batches_per_epoch: 25
2022-08-04 18:30:04,965 [dl_trainer.py:635] INFO Epoch 93, avg train acc: 98.046875, lr: 0.010000, avg loss: 0.061660
2022-08-04 18:30:06,629 [dist_trainer.py:90] WARNING Time per iteration including communication: 0.119269, Speed: 2146.412231 images/s
2022-08-04 18:30:07,816 [dl_trainer.py:634] INFO train iter: 2350, num_batches_per_epoch: 25
2022-08-04 18:30:07,817 [dl_trainer.py:635] INFO Epoch 94, avg train acc: 98.250000, lr: 0.010000, avg loss: 0.059996
2022-08-04 18:30:09,455 [dist_trainer.py:90] WARNING Time per iteration including communication: 0.117710, Speed: 2174.843359 images/s
2022-08-04 18:30:10,049 [dl_trainer.py:731] WARNING [ 94][ 2360/   25][rank:6] loss: 0.028, average forward (0.008863) and backward (0.022422) time: 0.046223, iotime: 0.014626 
2022-08-04 18:30:10,780 [dl_trainer.py:634] INFO train iter: 2375, num_batches_per_epoch: 25
2022-08-04 18:30:10,781 [dl_trainer.py:635] INFO Epoch 95, avg train acc: 98.250000, lr: 0.010000, avg loss: 0.056120
2022-08-04 18:30:12,285 [dist_trainer.py:90] WARNING Time per iteration including communication: 0.117904, Speed: 2171.250518 images/s
2022-08-04 18:30:13,600 [dl_trainer.py:731] WARNING [ 95][ 2400/   25][rank:6] loss: 0.045, average forward (0.008924) and backward (0.023585) time: 0.041200, iotime: 0.008408 
2022-08-04 18:30:13,612 [dist_trainer.py:90] WARNING Time per iteration including communication: 0.055290, Speed: 4630.168332 images/s
2022-08-04 18:30:13,613 [dl_trainer.py:634] INFO train iter: 2400, num_batches_per_epoch: 25
2022-08-04 18:30:13,613 [dl_trainer.py:635] INFO Epoch 96, avg train acc: 98.171875, lr: 0.010000, avg loss: 0.058420
2022-08-04 18:30:16,452 [dist_trainer.py:90] WARNING Time per iteration including communication: 0.118307, Speed: 2163.853561 images/s
2022-08-04 18:30:16,742 [dl_trainer.py:634] INFO train iter: 2425, num_batches_per_epoch: 25
2022-08-04 18:30:16,743 [dl_trainer.py:635] INFO Epoch 97, avg train acc: 98.062500, lr: 0.010000, avg loss: 0.061290
2022-08-04 18:30:18,890 [dl_trainer.py:731] WARNING [ 97][ 2440/   25][rank:6] loss: 0.062, average forward (0.008806) and backward (0.023454) time: 0.046338, iotime: 0.013786 
2022-08-04 18:30:19,261 [dist_trainer.py:90] WARNING Time per iteration including communication: 0.117007, Speed: 2187.907054 images/s
2022-08-04 18:30:19,595 [dl_trainer.py:634] INFO train iter: 2450, num_batches_per_epoch: 25
2022-08-04 18:30:19,595 [dl_trainer.py:635] INFO Epoch 98, avg train acc: 98.156250, lr: 0.010000, avg loss: 0.062405
2022-08-04 18:30:22,103 [dist_trainer.py:90] WARNING Time per iteration including communication: 0.118362, Speed: 2162.849976 images/s
2022-08-04 18:30:22,483 [dl_trainer.py:634] INFO train iter: 2475, num_batches_per_epoch: 25
2022-08-04 18:30:22,484 [dl_trainer.py:635] INFO Epoch 99, avg train acc: 97.890625, lr: 0.010000, avg loss: 0.062084
2022-08-04 18:30:24,205 [dl_trainer.py:731] WARNING [ 99][ 2480/   25][rank:6] loss: 0.089, average forward (0.009587) and backward (0.024213) time: 0.048424, iotime: 0.014184 
2022-08-04 18:30:24,960 [dist_trainer.py:90] WARNING Time per iteration including communication: 0.119025, Speed: 2150.802875 images/s
2022-08-04 18:30:25,394 [dl_trainer.py:634] INFO train iter: 2500, num_batches_per_epoch: 25
2022-08-04 18:30:25,394 [dl_trainer.py:635] INFO Epoch 100, avg train acc: 98.437500, lr: 0.010000, avg loss: 0.054373
2022-08-04 18:30:27,791 [dl_trainer.py:731] WARNING [100][ 2520/   25][rank:6] loss: 0.035, average forward (0.008827) and backward (0.024957) time: 0.042572, iotime: 0.008527 
2022-08-04 18:30:27,799 [dist_trainer.py:90] WARNING Time per iteration including communication: 0.118248, Speed: 2164.934099 images/s
2022-08-04 18:30:28,272 [dl_trainer.py:634] INFO train iter: 2525, num_batches_per_epoch: 25
2022-08-04 18:30:28,272 [dl_trainer.py:635] INFO Epoch 101, avg train acc: 98.265625, lr: 0.010000, avg loss: 0.054345
2022-08-04 18:30:30,596 [dist_trainer.py:90] WARNING Time per iteration including communication: 0.116546, Speed: 2196.562918 images/s
2022-08-04 18:30:31,102 [dl_trainer.py:634] INFO train iter: 2550, num_batches_per_epoch: 25
2022-08-04 18:30:31,102 [dl_trainer.py:635] INFO Epoch 102, avg train acc: 98.062500, lr: 0.010000, avg loss: 0.059844
2022-08-04 18:30:33,063 [dl_trainer.py:731] WARNING [102][ 2560/   25][rank:6] loss: 0.052, average forward (0.009200) and backward (0.024244) time: 0.047801, iotime: 0.014066 
2022-08-04 18:30:33,450 [dist_trainer.py:90] WARNING Time per iteration including communication: 0.118910, Speed: 2152.886136 images/s
2022-08-04 18:30:34,019 [dl_trainer.py:634] INFO train iter: 2575, num_batches_per_epoch: 25
2022-08-04 18:30:34,019 [dl_trainer.py:635] INFO Epoch 103, avg train acc: 98.281250, lr: 0.010000, avg loss: 0.054066
2022-08-04 18:30:36,462 [dist_trainer.py:90] WARNING Time per iteration including communication: 0.125452, Speed: 2040.617367 images/s
2022-08-04 18:30:37,089 [dl_trainer.py:731] WARNING [103][ 2600/   25][rank:6] loss: 0.072, average forward (0.010032) and backward (0.023879) time: 0.049109, iotime: 0.014586 
2022-08-04 18:30:37,104 [dl_trainer.py:634] INFO train iter: 2600, num_batches_per_epoch: 25
2022-08-04 18:30:37,105 [dl_trainer.py:635] INFO Epoch 104, avg train acc: 98.375000, lr: 0.010000, avg loss: 0.052816
2022-08-04 18:30:39,493 [dist_trainer.py:90] WARNING Time per iteration including communication: 0.126281, Speed: 2027.218569 images/s
2022-08-04 18:30:40,150 [dl_trainer.py:634] INFO train iter: 2625, num_batches_per_epoch: 25
2022-08-04 18:30:40,151 [dl_trainer.py:635] INFO Epoch 105, avg train acc: 97.984375, lr: 0.010000, avg loss: 0.059099
2022-08-04 18:30:42,328 [dl_trainer.py:731] WARNING [105][ 2640/   25][rank:6] loss: 0.051, average forward (0.008978) and backward (0.024193) time: 0.041804, iotime: 0.008290 
2022-08-04 18:30:42,335 [dist_trainer.py:90] WARNING Time per iteration including communication: 0.118398, Speed: 2162.200123 images/s
2022-08-04 18:30:43,019 [dl_trainer.py:634] INFO train iter: 2650, num_batches_per_epoch: 25
2022-08-04 18:30:43,020 [dl_trainer.py:635] INFO Epoch 106, avg train acc: 98.234375, lr: 0.010000, avg loss: 0.051238
2022-08-04 18:30:45,209 [dist_trainer.py:90] WARNING Time per iteration including communication: 0.119734, Speed: 2138.074871 images/s
2022-08-04 18:30:45,952 [dl_trainer.py:634] INFO train iter: 2675, num_batches_per_epoch: 25
2022-08-04 18:30:45,953 [dl_trainer.py:635] INFO Epoch 107, avg train acc: 98.328125, lr: 0.010000, avg loss: 0.054955
2022-08-04 18:30:47,695 [dl_trainer.py:731] WARNING [107][ 2680/   25][rank:6] loss: 0.072, average forward (0.009193) and backward (0.023312) time: 0.047728, iotime: 0.014850 
2022-08-04 18:30:48,070 [dist_trainer.py:90] WARNING Time per iteration including communication: 0.119154, Speed: 2148.482872 images/s
2022-08-04 18:30:48,876 [dl_trainer.py:634] INFO train iter: 2700, num_batches_per_epoch: 25
2022-08-04 18:30:48,876 [dl_trainer.py:635] INFO Epoch 108, avg train acc: 98.234375, lr: 0.010000, avg loss: 0.055061
2022-08-04 18:30:50,989 [dist_trainer.py:90] WARNING Time per iteration including communication: 0.121638, Speed: 2104.605468 images/s
2022-08-04 18:30:51,594 [dl_trainer.py:731] WARNING [108][ 2720/   25][rank:6] loss: 0.064, average forward (0.009410) and backward (0.024237) time: 0.048357, iotime: 0.014416 
2022-08-04 18:30:51,823 [dl_trainer.py:634] INFO train iter: 2725, num_batches_per_epoch: 25
2022-08-04 18:30:51,824 [dl_trainer.py:635] INFO Epoch 109, avg train acc: 98.437500, lr: 0.010000, avg loss: 0.054596
2022-08-04 18:30:53,817 [dist_trainer.py:90] WARNING Time per iteration including communication: 0.117782, Speed: 2173.506315 images/s
2022-08-04 18:30:54,680 [dl_trainer.py:634] INFO train iter: 2750, num_batches_per_epoch: 25
2022-08-04 18:30:54,680 [dl_trainer.py:635] INFO Epoch 110, avg train acc: 98.375000, lr: 0.010000, avg loss: 0.056448
2022-08-04 18:30:56,631 [dl_trainer.py:731] WARNING [110][ 2760/   25][rank:6] loss: 0.060, average forward (0.008986) and backward (0.023848) time: 0.041598, iotime: 0.008430 
2022-08-04 18:30:56,644 [dist_trainer.py:90] WARNING Time per iteration including communication: 0.117761, Speed: 2173.888605 images/s
2022-08-04 18:30:57,602 [dl_trainer.py:634] INFO train iter: 2775, num_batches_per_epoch: 25
2022-08-04 18:30:57,602 [dl_trainer.py:635] INFO Epoch 111, avg train acc: 98.171875, lr: 0.010000, avg loss: 0.054735
2022-08-04 18:30:59,511 [dist_trainer.py:90] WARNING Time per iteration including communication: 0.119421, Speed: 2143.682007 images/s
2022-08-04 18:31:00,454 [dl_trainer.py:731] WARNING [111][ 2800/   25][rank:6] loss: 0.051, average forward (0.009373) and backward (0.023525) time: 0.047893, iotime: 0.014438 
2022-08-04 18:31:00,468 [dl_trainer.py:634] INFO train iter: 2800, num_batches_per_epoch: 25
2022-08-04 18:31:00,469 [dl_trainer.py:635] INFO Epoch 112, avg train acc: 98.515625, lr: 0.010000, avg loss: 0.050675
2022-08-04 18:31:02,363 [dist_trainer.py:90] WARNING Time per iteration including communication: 0.118843, Speed: 2154.096725 images/s
2022-08-04 18:31:03,403 [dl_trainer.py:634] INFO train iter: 2825, num_batches_per_epoch: 25
2022-08-04 18:31:03,404 [dl_trainer.py:635] INFO Epoch 113, avg train acc: 98.406250, lr: 0.010000, avg loss: 0.050662
2022-08-04 18:31:05,246 [dist_trainer.py:90] WARNING Time per iteration including communication: 0.120072, Speed: 2132.047447 images/s
2022-08-04 18:31:05,848 [dl_trainer.py:731] WARNING [113][ 2840/   25][rank:6] loss: 0.054, average forward (0.009352) and backward (0.024316) time: 0.048329, iotime: 0.014348 
2022-08-04 18:31:06,365 [dl_trainer.py:634] INFO train iter: 2850, num_batches_per_epoch: 25
2022-08-04 18:31:06,365 [dl_trainer.py:635] INFO Epoch 114, avg train acc: 98.687500, lr: 0.010000, avg loss: 0.045387
2022-08-04 18:31:08,139 [dist_trainer.py:90] WARNING Time per iteration including communication: 0.120527, Speed: 2124.010150 images/s
2022-08-04 18:31:09,271 [dl_trainer.py:634] INFO train iter: 2875, num_batches_per_epoch: 25
2022-08-04 18:31:09,272 [dl_trainer.py:635] INFO Epoch 115, avg train acc: 98.093750, lr: 0.010000, avg loss: 0.056115
2022-08-04 18:31:11,002 [dl_trainer.py:731] WARNING [115][ 2880/   25][rank:6] loss: 0.048, average forward (0.009142) and backward (0.025118) time: 0.043381, iotime: 0.008743 
2022-08-04 18:31:11,011 [dist_trainer.py:90] WARNING Time per iteration including communication: 0.119651, Speed: 2139.554459 images/s
2022-08-04 18:31:12,130 [dl_trainer.py:634] INFO train iter: 2900, num_batches_per_epoch: 25
2022-08-04 18:31:12,131 [dl_trainer.py:635] INFO Epoch 116, avg train acc: 98.296875, lr: 0.010000, avg loss: 0.052596
2022-08-04 18:31:13,856 [dist_trainer.py:90] WARNING Time per iteration including communication: 0.118530, Speed: 2159.786693 images/s
2022-08-04 18:31:14,774 [dl_trainer.py:731] WARNING [116][ 2920/   25][rank:6] loss: 0.033, average forward (0.009173) and backward (0.023083) time: 0.047360, iotime: 0.014579 
2022-08-04 18:31:15,018 [dl_trainer.py:634] INFO train iter: 2925, num_batches_per_epoch: 25
2022-08-04 18:31:15,018 [dl_trainer.py:635] INFO Epoch 117, avg train acc: 98.671875, lr: 0.010000, avg loss: 0.047186
2022-08-04 18:31:16,660 [dist_trainer.py:90] WARNING Time per iteration including communication: 0.116806, Speed: 2191.666550 images/s
2022-08-04 18:31:17,872 [dl_trainer.py:634] INFO train iter: 2950, num_batches_per_epoch: 25
2022-08-04 18:31:17,873 [dl_trainer.py:635] INFO Epoch 118, avg train acc: 98.484375, lr: 0.010000, avg loss: 0.050559
2022-08-04 18:31:19,512 [dist_trainer.py:90] WARNING Time per iteration including communication: 0.118833, Speed: 2154.280042 images/s
2022-08-04 18:31:20,125 [dl_trainer.py:731] WARNING [118][ 2960/   25][rank:6] loss: 0.067, average forward (0.009030) and backward (0.024320) time: 0.048504, iotime: 0.014803 
2022-08-04 18:31:20,793 [dl_trainer.py:634] INFO train iter: 2975, num_batches_per_epoch: 25
2022-08-04 18:31:20,793 [dl_trainer.py:635] INFO Epoch 119, avg train acc: 98.406250, lr: 0.010000, avg loss: 0.051953
2022-08-04 18:31:22,338 [dist_trainer.py:90] WARNING Time per iteration including communication: 0.117697, Speed: 2175.069327 images/s
2022-08-04 18:31:23,722 [dl_trainer.py:731] WARNING [119][ 3000/   25][rank:6] loss: 0.042, average forward (0.008995) and backward (0.023903) time: 0.041788, iotime: 0.008590 
2022-08-04 18:31:23,732 [dist_trainer.py:90] WARNING Time per iteration including communication: 0.058078, Speed: 4407.840333 images/s
2022-08-04 18:31:23,733 [dl_trainer.py:634] INFO train iter: 3000, num_batches_per_epoch: 25
2022-08-04 18:31:23,733 [dl_trainer.py:635] INFO Epoch 120, avg train acc: 98.609375, lr: 0.010000, avg loss: 0.044306
2022-08-04 18:31:26,706 [dist_trainer.py:90] WARNING Time per iteration including communication: 0.123882, Speed: 2066.489984 images/s
2022-08-04 18:31:27,013 [dl_trainer.py:634] INFO train iter: 3025, num_batches_per_epoch: 25
2022-08-04 18:31:27,014 [dl_trainer.py:635] INFO Epoch 121, avg train acc: 98.578125, lr: 0.010000, avg loss: 0.047126
2022-08-04 18:31:29,212 [dl_trainer.py:731] WARNING [121][ 3040/   25][rank:6] loss: 0.057, average forward (0.009498) and backward (0.023709) time: 0.047584, iotime: 0.014058 
2022-08-04 18:31:29,582 [dist_trainer.py:90] WARNING Time per iteration including communication: 0.119777, Speed: 2137.312888 images/s
2022-08-04 18:31:29,924 [dl_trainer.py:634] INFO train iter: 3050, num_batches_per_epoch: 25
2022-08-04 18:31:29,924 [dl_trainer.py:635] INFO Epoch 122, avg train acc: 98.625000, lr: 0.010000, avg loss: 0.045443
2022-08-04 18:31:32,445 [dist_trainer.py:90] WARNING Time per iteration including communication: 0.119279, Speed: 2146.227390 images/s
2022-08-04 18:31:32,831 [dl_trainer.py:634] INFO train iter: 3075, num_batches_per_epoch: 25
2022-08-04 18:31:32,832 [dl_trainer.py:635] INFO Epoch 123, avg train acc: 98.578125, lr: 0.001000, avg loss: 0.046969
2022-08-04 18:31:34,535 [dl_trainer.py:731] WARNING [123][ 3080/   25][rank:6] loss: 0.060, average forward (0.009061) and backward (0.023952) time: 0.047858, iotime: 0.013822 
2022-08-04 18:31:35,289 [dist_trainer.py:90] WARNING Time per iteration including communication: 0.118489, Speed: 2160.541420 images/s
2022-08-04 18:31:35,721 [dl_trainer.py:634] INFO train iter: 3100, num_batches_per_epoch: 25
2022-08-04 18:31:35,722 [dl_trainer.py:635] INFO Epoch 124, avg train acc: 98.515625, lr: 0.001000, avg loss: 0.047384
2022-08-04 18:31:38,137 [dl_trainer.py:731] WARNING [124][ 3120/   25][rank:6] loss: 0.041, average forward (0.009493) and backward (0.023738) time: 0.041844, iotime: 0.008290 
2022-08-04 18:31:38,148 [dist_trainer.py:90] WARNING Time per iteration including communication: 0.119109, Speed: 2149.299806 images/s
2022-08-04 18:31:38,628 [dl_trainer.py:634] INFO train iter: 3125, num_batches_per_epoch: 25
2022-08-04 18:31:38,628 [dl_trainer.py:635] INFO Epoch 125, avg train acc: 98.593750, lr: 0.001000, avg loss: 0.044737
2022-08-04 18:31:41,066 [dist_trainer.py:90] WARNING Time per iteration including communication: 0.121527, Speed: 2106.526799 images/s
2022-08-04 18:31:41,579 [dl_trainer.py:634] INFO train iter: 3150, num_batches_per_epoch: 25
2022-08-04 18:31:41,579 [dl_trainer.py:635] INFO Epoch 126, avg train acc: 98.578125, lr: 0.001000, avg loss: 0.045782
2022-08-04 18:31:43,563 [dl_trainer.py:731] WARNING [126][ 3160/   25][rank:6] loss: 0.055, average forward (0.009608) and backward (0.023954) time: 0.048309, iotime: 0.014411 
2022-08-04 18:31:43,941 [dist_trainer.py:90] WARNING Time per iteration including communication: 0.119783, Speed: 2137.200508 images/s
2022-08-04 18:31:44,519 [dl_trainer.py:634] INFO train iter: 3175, num_batches_per_epoch: 25
2022-08-04 18:31:44,519 [dl_trainer.py:635] INFO Epoch 127, avg train acc: 98.687500, lr: 0.001000, avg loss: 0.041715
2022-08-04 18:31:46,774 [dist_trainer.py:90] WARNING Time per iteration including communication: 0.118032, Speed: 2168.900090 images/s
2022-08-04 18:31:47,366 [dl_trainer.py:731] WARNING [127][ 3200/   25][rank:6] loss: 0.035, average forward (0.009345) and backward (0.023923) time: 0.048057, iotime: 0.014442 
2022-08-04 18:31:47,378 [dl_trainer.py:634] INFO train iter: 3200, num_batches_per_epoch: 25
2022-08-04 18:31:47,378 [dl_trainer.py:635] INFO Epoch 128, avg train acc: 98.515625, lr: 0.001000, avg loss: 0.048138
2022-08-04 18:31:49,554 [dist_trainer.py:90] WARNING Time per iteration including communication: 0.115804, Speed: 2210.633526 images/s
2022-08-04 18:31:50,233 [dl_trainer.py:634] INFO train iter: 3225, num_batches_per_epoch: 25
2022-08-04 18:31:50,234 [dl_trainer.py:635] INFO Epoch 129, avg train acc: 98.906250, lr: 0.001000, avg loss: 0.042344
2022-08-04 18:31:52,396 [dl_trainer.py:731] WARNING [129][ 3240/   25][rank:6] loss: 0.035, average forward (0.009911) and backward (0.024642) time: 0.044979, iotime: 0.009507 
2022-08-04 18:31:52,405 [dist_trainer.py:90] WARNING Time per iteration including communication: 0.118726, Speed: 2156.226608 images/s
2022-08-04 18:31:53,128 [dl_trainer.py:634] INFO train iter: 3250, num_batches_per_epoch: 25
2022-08-04 18:31:53,129 [dl_trainer.py:635] INFO Epoch 130, avg train acc: 98.656250, lr: 0.001000, avg loss: 0.045209
2022-08-04 18:31:55,305 [dist_trainer.py:90] WARNING Time per iteration including communication: 0.120802, Speed: 2119.171691 images/s
2022-08-04 18:31:56,054 [dl_trainer.py:634] INFO train iter: 3275, num_batches_per_epoch: 25
2022-08-04 18:31:56,054 [dl_trainer.py:635] INFO Epoch 131, avg train acc: 98.468750, lr: 0.001000, avg loss: 0.046587
2022-08-04 18:31:57,797 [dl_trainer.py:731] WARNING [131][ 3280/   25][rank:6] loss: 0.046, average forward (0.009872) and backward (0.023697) time: 0.049651, iotime: 0.015030 
2022-08-04 18:31:58,176 [dist_trainer.py:90] WARNING Time per iteration including communication: 0.119626, Speed: 2139.995447 images/s
2022-08-04 18:31:58,958 [dl_trainer.py:634] INFO train iter: 3300, num_batches_per_epoch: 25
2022-08-04 18:31:58,958 [dl_trainer.py:635] INFO Epoch 132, avg train acc: 98.718750, lr: 0.001000, avg loss: 0.041914
2022-08-04 18:32:01,032 [dist_trainer.py:90] WARNING Time per iteration including communication: 0.118950, Speed: 2152.167302 images/s
2022-08-04 18:32:01,638 [dl_trainer.py:731] WARNING [132][ 3320/   25][rank:6] loss: 0.057, average forward (0.009144) and backward (0.022754) time: 0.046929, iotime: 0.014454 
2022-08-04 18:32:01,879 [dl_trainer.py:634] INFO train iter: 3325, num_batches_per_epoch: 25
2022-08-04 18:32:01,880 [dl_trainer.py:635] INFO Epoch 133, avg train acc: 98.468750, lr: 0.001000, avg loss: 0.044348
2022-08-04 18:32:03,864 [dist_trainer.py:90] WARNING Time per iteration including communication: 0.117973, Speed: 2169.997005 images/s
2022-08-04 18:32:04,753 [dl_trainer.py:634] INFO train iter: 3350, num_batches_per_epoch: 25
2022-08-04 18:32:04,754 [dl_trainer.py:635] INFO Epoch 134, avg train acc: 98.703125, lr: 0.001000, avg loss: 0.043535
2022-08-04 18:32:06,761 [dl_trainer.py:731] WARNING [134][ 3360/   25][rank:6] loss: 0.033, average forward (0.009815) and backward (0.023762) time: 0.043270, iotime: 0.008725 
2022-08-04 18:32:06,776 [dist_trainer.py:90] WARNING Time per iteration including communication: 0.121314, Speed: 2110.229999 images/s
2022-08-04 18:32:07,713 [dl_trainer.py:634] INFO train iter: 3375, num_batches_per_epoch: 25
2022-08-04 18:32:07,714 [dl_trainer.py:635] INFO Epoch 135, avg train acc: 98.671875, lr: 0.001000, avg loss: 0.041990
2022-08-04 18:32:09,606 [dist_trainer.py:90] WARNING Time per iteration including communication: 0.117900, Speed: 2171.330466 images/s
