2022-08-04 18:25:05,152 [dist_trainer.py:135] INFO Configurations: Namespace(batch_size=256, compressor='topk', data_dir='./data', dataset='cifar10', density=1.0, dnn='resnet20', lr=0.1, max_epochs=141, nsteps_update=1, num_steps=35, nworkers=8, nwpernode=8, pretrain=None, saved_dir='./logs/iclr', threshold=524288000)
2022-08-04 18:25:28,852 [dl_trainer.py:254] INFO num_batches_per_epoch: 25
2022-08-04 18:25:29,652 [distributed_optimizer.py:63] INFO _dynamic_densities: [0.015625, 0.004, 0.001]
2022-08-04 18:25:29,653 [distributed_optimizer.py:323] INFO # of parameters: 269722
2022-08-04 18:25:29,654 [distributed_optimizer.py:324] INFO Total number of tensors: 59
2022-08-04 18:25:29,654 [distributed_optimizer.py:325] INFO Merged Number of groups: 1
2022-08-04 18:25:30,470 [dist_trainer.py:62] INFO max_epochs: 141
2022-08-04 18:25:33,609 [dist_trainer.py:90] WARNING Time per iteration including communication: 0.130739, Speed: 1958.099525 images/s
2022-08-04 18:25:33,875 [dl_trainer.py:634] INFO train iter: 25, num_batches_per_epoch: 25
2022-08-04 18:25:33,875 [dl_trainer.py:635] INFO Epoch 1, avg train acc: 22.750000, lr: 0.020640, avg loss: 2.412016
2022-08-04 18:25:36,072 [dl_trainer.py:731] WARNING [  1][   40/   25][rank:7] loss: 1.643, average forward (0.054768) and backward (0.028012) time: 0.090976, iotime: 0.007510 
2022-08-04 18:25:36,459 [dist_trainer.py:90] WARNING Time per iteration including communication: 0.118724, Speed: 2156.254934 images/s
2022-08-04 18:25:36,801 [dl_trainer.py:634] INFO train iter: 50, num_batches_per_epoch: 25
2022-08-04 18:25:36,801 [dl_trainer.py:635] INFO Epoch 2, avg train acc: 36.828125, lr: 0.040480, avg loss: 1.686770
2022-08-04 18:25:39,457 [dist_trainer.py:90] WARNING Time per iteration including communication: 0.124897, Speed: 2049.689870 images/s
2022-08-04 18:25:39,849 [dl_trainer.py:634] INFO train iter: 75, num_batches_per_epoch: 25
2022-08-04 18:25:39,850 [dl_trainer.py:635] INFO Epoch 3, avg train acc: 44.484375, lr: 0.060320, avg loss: 1.483823
2022-08-04 18:25:41,564 [dl_trainer.py:731] WARNING [  3][   80/   25][rank:7] loss: 1.388, average forward (0.009321) and backward (0.023858) time: 0.046794, iotime: 0.013301 
2022-08-04 18:25:42,304 [dist_trainer.py:90] WARNING Time per iteration including communication: 0.118614, Speed: 2158.256586 images/s
2022-08-04 18:25:42,764 [dl_trainer.py:634] INFO train iter: 100, num_batches_per_epoch: 25
2022-08-04 18:25:42,764 [dl_trainer.py:635] INFO Epoch 4, avg train acc: 51.515625, lr: 0.080160, avg loss: 1.335402
2022-08-04 18:25:45,384 [dl_trainer.py:731] WARNING [  4][  120/   25][rank:7] loss: 1.138, average forward (0.009279) and backward (0.024518) time: 0.042527, iotime: 0.008126 
2022-08-04 18:25:45,392 [dist_trainer.py:90] WARNING Time per iteration including communication: 0.128608, Speed: 1990.540633 images/s
2022-08-04 18:25:45,871 [dl_trainer.py:634] INFO train iter: 125, num_batches_per_epoch: 25
2022-08-04 18:25:45,872 [dl_trainer.py:635] INFO Epoch 5, avg train acc: 56.062500, lr: 0.100000, avg loss: 1.205675
2022-08-04 18:25:48,274 [dist_trainer.py:90] WARNING Time per iteration including communication: 0.120075, Speed: 2132.001585 images/s
2022-08-04 18:25:48,808 [dl_trainer.py:634] INFO train iter: 150, num_batches_per_epoch: 25
2022-08-04 18:25:48,808 [dl_trainer.py:635] INFO Epoch 6, avg train acc: 61.640625, lr: 0.100000, avg loss: 1.064581
2022-08-04 18:25:50,818 [dl_trainer.py:731] WARNING [  6][  160/   25][rank:7] loss: 0.904, average forward (0.009567) and backward (0.023164) time: 0.047434, iotime: 0.014345 
2022-08-04 18:25:51,211 [dist_trainer.py:90] WARNING Time per iteration including communication: 0.122331, Speed: 2092.681040 images/s
2022-08-04 18:25:51,788 [dl_trainer.py:634] INFO train iter: 175, num_batches_per_epoch: 25
2022-08-04 18:25:51,788 [dl_trainer.py:635] INFO Epoch 7, avg train acc: 66.171875, lr: 0.100000, avg loss: 0.938126
2022-08-04 18:25:54,088 [dist_trainer.py:90] WARNING Time per iteration including communication: 0.119861, Speed: 2135.801526 images/s
2022-08-04 18:25:54,718 [dl_trainer.py:731] WARNING [  7][  200/   25][rank:7] loss: 0.731, average forward (0.009747) and backward (0.023877) time: 0.047563, iotime: 0.013646 
2022-08-04 18:25:54,724 [dl_trainer.py:634] INFO train iter: 200, num_batches_per_epoch: 25
2022-08-04 18:25:54,724 [dl_trainer.py:635] INFO Epoch 8, avg train acc: 69.812500, lr: 0.100000, avg loss: 0.839338
2022-08-04 18:25:56,994 [dist_trainer.py:90] WARNING Time per iteration including communication: 0.121041, Speed: 2114.980279 images/s
2022-08-04 18:25:57,688 [dl_trainer.py:634] INFO train iter: 225, num_batches_per_epoch: 25
2022-08-04 18:25:57,689 [dl_trainer.py:635] INFO Epoch 9, avg train acc: 72.218750, lr: 0.100000, avg loss: 0.775551
2022-08-04 18:25:59,879 [dl_trainer.py:731] WARNING [  9][  240/   25][rank:7] loss: 0.784, average forward (0.009837) and backward (0.024308) time: 0.042306, iotime: 0.007842 
2022-08-04 18:25:59,886 [dist_trainer.py:90] WARNING Time per iteration including communication: 0.120495, Speed: 2124.576990 images/s
2022-08-04 18:26:00,596 [dl_trainer.py:634] INFO train iter: 250, num_batches_per_epoch: 25
2022-08-04 18:26:00,597 [dl_trainer.py:635] INFO Epoch 10, avg train acc: 73.781250, lr: 0.100000, avg loss: 0.727829
2022-08-04 18:26:02,836 [dist_trainer.py:90] WARNING Time per iteration including communication: 0.122885, Speed: 2083.244882 images/s
2022-08-04 18:26:03,591 [dl_trainer.py:634] INFO train iter: 275, num_batches_per_epoch: 25
2022-08-04 18:26:03,592 [dl_trainer.py:635] INFO Epoch 11, avg train acc: 76.250000, lr: 0.100000, avg loss: 0.676935
2022-08-04 18:26:05,279 [dl_trainer.py:731] WARNING [ 11][  280/   25][rank:7] loss: 0.676, average forward (0.009878) and backward (0.023632) time: 0.047610, iotime: 0.013562 
2022-08-04 18:26:05,652 [dist_trainer.py:90] WARNING Time per iteration including communication: 0.117309, Speed: 2182.265690 images/s
2022-08-04 18:26:06,431 [dl_trainer.py:634] INFO train iter: 300, num_batches_per_epoch: 25
2022-08-04 18:26:06,432 [dl_trainer.py:635] INFO Epoch 12, avg train acc: 78.687500, lr: 0.100000, avg loss: 0.616567
2022-08-04 18:26:08,476 [dist_trainer.py:90] WARNING Time per iteration including communication: 0.117658, Speed: 2175.790501 images/s
2022-08-04 18:26:09,070 [dl_trainer.py:731] WARNING [ 12][  320/   25][rank:7] loss: 0.540, average forward (0.008946) and backward (0.023073) time: 0.045828, iotime: 0.013522 
2022-08-04 18:26:09,310 [dl_trainer.py:634] INFO train iter: 325, num_batches_per_epoch: 25
2022-08-04 18:26:09,310 [dl_trainer.py:635] INFO Epoch 13, avg train acc: 79.703125, lr: 0.100000, avg loss: 0.598480
2022-08-04 18:26:11,289 [dist_trainer.py:90] WARNING Time per iteration including communication: 0.117149, Speed: 2185.256350 images/s
2022-08-04 18:26:12,185 [dl_trainer.py:634] INFO train iter: 350, num_batches_per_epoch: 25
2022-08-04 18:26:12,186 [dl_trainer.py:635] INFO Epoch 14, avg train acc: 80.000000, lr: 0.100000, avg loss: 0.563206
2022-08-04 18:26:14,152 [dl_trainer.py:731] WARNING [ 14][  360/   25][rank:7] loss: 0.489, average forward (0.009347) and backward (0.024924) time: 0.043078, iotime: 0.008282 
2022-08-04 18:26:14,165 [dist_trainer.py:90] WARNING Time per iteration including communication: 0.119797, Speed: 2136.944771 images/s
2022-08-04 18:26:15,089 [dl_trainer.py:634] INFO train iter: 375, num_batches_per_epoch: 25
2022-08-04 18:26:15,089 [dl_trainer.py:635] INFO Epoch 15, avg train acc: 81.734375, lr: 0.100000, avg loss: 0.519840
2022-08-04 18:26:16,956 [dist_trainer.py:90] WARNING Time per iteration including communication: 0.116279, Speed: 2201.601207 images/s
2022-08-04 18:26:17,944 [dl_trainer.py:731] WARNING [ 15][  400/   25][rank:7] loss: 0.419, average forward (0.009625) and backward (0.024599) time: 0.048910, iotime: 0.014063 
2022-08-04 18:26:17,949 [dl_trainer.py:634] INFO train iter: 400, num_batches_per_epoch: 25
2022-08-04 18:26:17,950 [dl_trainer.py:635] INFO Epoch 16, avg train acc: 82.375000, lr: 0.100000, avg loss: 0.512334
2022-08-04 18:26:19,806 [dist_trainer.py:90] WARNING Time per iteration including communication: 0.118741, Speed: 2155.949342 images/s
2022-08-04 18:26:20,823 [dl_trainer.py:634] INFO train iter: 425, num_batches_per_epoch: 25
2022-08-04 18:26:20,823 [dl_trainer.py:635] INFO Epoch 17, avg train acc: 83.843750, lr: 0.100000, avg loss: 0.467349
2022-08-04 18:26:22,638 [dist_trainer.py:90] WARNING Time per iteration including communication: 0.117981, Speed: 2169.845899 images/s
2022-08-04 18:26:23,235 [dl_trainer.py:731] WARNING [ 17][  440/   25][rank:7] loss: 0.365, average forward (0.009238) and backward (0.023973) time: 0.047739, iotime: 0.014230 
2022-08-04 18:26:23,677 [dl_trainer.py:634] INFO train iter: 450, num_batches_per_epoch: 25
2022-08-04 18:26:23,677 [dl_trainer.py:635] INFO Epoch 18, avg train acc: 83.468750, lr: 0.100000, avg loss: 0.469254
2022-08-04 18:26:25,476 [dist_trainer.py:90] WARNING Time per iteration including communication: 0.118209, Speed: 2165.664037 images/s
2022-08-04 18:26:26,554 [dl_trainer.py:634] INFO train iter: 475, num_batches_per_epoch: 25
2022-08-04 18:26:26,555 [dl_trainer.py:635] INFO Epoch 19, avg train acc: 84.796875, lr: 0.100000, avg loss: 0.438742
2022-08-04 18:26:28,357 [dl_trainer.py:731] WARNING [ 19][  480/   25][rank:7] loss: 0.451, average forward (0.009212) and backward (0.025131) time: 0.044130, iotime: 0.008998 
2022-08-04 18:26:28,364 [dist_trainer.py:90] WARNING Time per iteration including communication: 0.120314, Speed: 2127.757914 images/s
2022-08-04 18:26:29,467 [dl_trainer.py:634] INFO train iter: 500, num_batches_per_epoch: 25
2022-08-04 18:26:29,468 [dl_trainer.py:635] INFO Epoch 20, avg train acc: 84.406250, lr: 0.100000, avg loss: 0.439177
2022-08-04 18:26:31,205 [dist_trainer.py:90] WARNING Time per iteration including communication: 0.118358, Speed: 2162.925494 images/s
2022-08-04 18:26:32,206 [dl_trainer.py:731] WARNING [ 20][  520/   25][rank:7] loss: 0.361, average forward (0.009134) and backward (0.023115) time: 0.046396, iotime: 0.013665 
2022-08-04 18:26:32,453 [dl_trainer.py:634] INFO train iter: 525, num_batches_per_epoch: 25
2022-08-04 18:26:32,453 [dl_trainer.py:635] INFO Epoch 21, avg train acc: 84.843750, lr: 0.100000, avg loss: 0.425639
2022-08-04 18:26:34,133 [dist_trainer.py:90] WARNING Time per iteration including communication: 0.121937, Speed: 2099.437325 images/s
2022-08-04 18:26:35,330 [dl_trainer.py:634] INFO train iter: 550, num_batches_per_epoch: 25
2022-08-04 18:26:35,331 [dl_trainer.py:635] INFO Epoch 22, avg train acc: 85.718750, lr: 0.100000, avg loss: 0.411535
2022-08-04 18:26:37,043 [dist_trainer.py:90] WARNING Time per iteration including communication: 0.121258, Speed: 2111.205917 images/s
2022-08-04 18:26:37,644 [dl_trainer.py:731] WARNING [ 22][  560/   25][rank:7] loss: 0.339, average forward (0.009365) and backward (0.023954) time: 0.047502, iotime: 0.013718 
2022-08-04 18:26:38,340 [dl_trainer.py:634] INFO train iter: 575, num_batches_per_epoch: 25
2022-08-04 18:26:38,341 [dl_trainer.py:635] INFO Epoch 23, avg train acc: 86.468750, lr: 0.100000, avg loss: 0.388903
2022-08-04 18:26:39,915 [dist_trainer.py:90] WARNING Time per iteration including communication: 0.119636, Speed: 2139.823437 images/s
2022-08-04 18:26:41,223 [dl_trainer.py:731] WARNING [ 23][  600/   25][rank:7] loss: 0.285, average forward (0.008923) and backward (0.023396) time: 0.041499, iotime: 0.008679 
2022-08-04 18:26:41,235 [dist_trainer.py:90] WARNING Time per iteration including communication: 0.054979, Speed: 4656.364004 images/s
2022-08-04 18:26:41,236 [dl_trainer.py:634] INFO train iter: 600, num_batches_per_epoch: 25
2022-08-04 18:26:41,236 [dl_trainer.py:635] INFO Epoch 24, avg train acc: 86.968750, lr: 0.100000, avg loss: 0.373228
2022-08-04 18:26:44,284 [dist_trainer.py:90] WARNING Time per iteration including communication: 0.127017, Speed: 2015.484528 images/s
2022-08-04 18:26:44,570 [dl_trainer.py:634] INFO train iter: 625, num_batches_per_epoch: 25
2022-08-04 18:26:44,570 [dl_trainer.py:635] INFO Epoch 25, avg train acc: 86.671875, lr: 0.100000, avg loss: 0.390686
2022-08-04 18:26:46,801 [dl_trainer.py:731] WARNING [ 25][  640/   25][rank:7] loss: 0.357, average forward (0.009481) and backward (0.024034) time: 0.047274, iotime: 0.013466 
2022-08-04 18:26:47,168 [dist_trainer.py:90] WARNING Time per iteration including communication: 0.120159, Speed: 2130.508643 images/s
2022-08-04 18:26:47,509 [dl_trainer.py:634] INFO train iter: 650, num_batches_per_epoch: 25
2022-08-04 18:26:47,510 [dl_trainer.py:635] INFO Epoch 26, avg train acc: 86.593750, lr: 0.100000, avg loss: 0.373469
2022-08-04 18:26:50,087 [dist_trainer.py:90] WARNING Time per iteration including communication: 0.121586, Speed: 2105.502387 images/s
2022-08-04 18:26:50,487 [dl_trainer.py:634] INFO train iter: 675, num_batches_per_epoch: 25
2022-08-04 18:26:50,487 [dl_trainer.py:635] INFO Epoch 27, avg train acc: 87.343750, lr: 0.100000, avg loss: 0.363261
2022-08-04 18:26:52,264 [dl_trainer.py:731] WARNING [ 27][  680/   25][rank:7] loss: 0.367, average forward (0.009434) and backward (0.023969) time: 0.047016, iotime: 0.013312 
2022-08-04 18:26:53,026 [dist_trainer.py:90] WARNING Time per iteration including communication: 0.122419, Speed: 2091.172214 images/s
2022-08-04 18:26:53,445 [dl_trainer.py:634] INFO train iter: 700, num_batches_per_epoch: 25
2022-08-04 18:26:53,446 [dl_trainer.py:635] INFO Epoch 28, avg train acc: 87.875000, lr: 0.100000, avg loss: 0.356986
2022-08-04 18:26:56,215 [dl_trainer.py:731] WARNING [ 28][  720/   25][rank:7] loss: 0.317, average forward (0.009317) and backward (0.024756) time: 0.042928, iotime: 0.008266 
2022-08-04 18:26:56,226 [dist_trainer.py:90] WARNING Time per iteration including communication: 0.133328, Speed: 1920.079797 images/s
2022-08-04 18:26:56,720 [dl_trainer.py:634] INFO train iter: 725, num_batches_per_epoch: 25
2022-08-04 18:26:56,720 [dl_trainer.py:635] INFO Epoch 29, avg train acc: 88.171875, lr: 0.100000, avg loss: 0.340684
2022-08-04 18:26:59,168 [dist_trainer.py:90] WARNING Time per iteration including communication: 0.122576, Speed: 2088.506826 images/s
2022-08-04 18:26:59,708 [dl_trainer.py:634] INFO train iter: 750, num_batches_per_epoch: 25
2022-08-04 18:26:59,709 [dl_trainer.py:635] INFO Epoch 30, avg train acc: 89.031250, lr: 0.100000, avg loss: 0.310782
2022-08-04 18:27:01,841 [dl_trainer.py:731] WARNING [ 30][  760/   25][rank:7] loss: 0.229, average forward (0.010042) and backward (0.023825) time: 0.048798, iotime: 0.014131 
2022-08-04 18:27:02,218 [dist_trainer.py:90] WARNING Time per iteration including communication: 0.127057, Speed: 2014.837178 images/s
2022-08-04 18:27:02,809 [dl_trainer.py:634] INFO train iter: 775, num_batches_per_epoch: 25
2022-08-04 18:27:02,809 [dl_trainer.py:635] INFO Epoch 31, avg train acc: 89.000000, lr: 0.100000, avg loss: 0.318447
2022-08-04 18:27:05,156 [dist_trainer.py:90] WARNING Time per iteration including communication: 0.122384, Speed: 2091.777521 images/s
2022-08-04 18:27:05,791 [dl_trainer.py:731] WARNING [ 31][  800/   25][rank:7] loss: 0.308, average forward (0.009195) and backward (0.024680) time: 0.048420, iotime: 0.014161 
2022-08-04 18:27:05,795 [dl_trainer.py:634] INFO train iter: 800, num_batches_per_epoch: 25
2022-08-04 18:27:05,796 [dl_trainer.py:635] INFO Epoch 32, avg train acc: 88.406250, lr: 0.100000, avg loss: 0.321569
2022-08-04 18:27:08,134 [dist_trainer.py:90] WARNING Time per iteration including communication: 0.124074, Speed: 2063.290065 images/s
2022-08-04 18:27:08,794 [dl_trainer.py:634] INFO train iter: 825, num_batches_per_epoch: 25
2022-08-04 18:27:08,795 [dl_trainer.py:635] INFO Epoch 33, avg train acc: 89.468750, lr: 0.100000, avg loss: 0.306390
2022-08-04 18:27:11,053 [dl_trainer.py:731] WARNING [ 33][  840/   25][rank:7] loss: 0.320, average forward (0.009868) and backward (0.023868) time: 0.043068, iotime: 0.008627 
2022-08-04 18:27:11,060 [dist_trainer.py:90] WARNING Time per iteration including communication: 0.121912, Speed: 2099.874078 images/s
2022-08-04 18:27:11,739 [dl_trainer.py:634] INFO train iter: 850, num_batches_per_epoch: 25
2022-08-04 18:27:11,739 [dl_trainer.py:635] INFO Epoch 34, avg train acc: 89.828125, lr: 0.100000, avg loss: 0.297835
2022-08-04 18:27:14,095 [dist_trainer.py:90] WARNING Time per iteration including communication: 0.126433, Speed: 2024.781231 images/s
2022-08-04 18:27:14,851 [dl_trainer.py:634] INFO train iter: 875, num_batches_per_epoch: 25
2022-08-04 18:27:14,851 [dl_trainer.py:635] INFO Epoch 35, avg train acc: 89.593750, lr: 0.100000, avg loss: 0.300490
2022-08-04 18:27:16,613 [dl_trainer.py:731] WARNING [ 35][  880/   25][rank:7] loss: 0.230, average forward (0.009447) and backward (0.023960) time: 0.048337, iotime: 0.014209 
2022-08-04 18:27:16,989 [dist_trainer.py:90] WARNING Time per iteration including communication: 0.120569, Speed: 2123.263580 images/s
2022-08-04 18:27:17,790 [dl_trainer.py:634] INFO train iter: 900, num_batches_per_epoch: 25
2022-08-04 18:27:17,790 [dl_trainer.py:635] INFO Epoch 36, avg train acc: 89.828125, lr: 0.100000, avg loss: 0.296399
2022-08-04 18:27:19,894 [dist_trainer.py:90] WARNING Time per iteration including communication: 0.120988, Speed: 2115.911602 images/s
2022-08-04 18:27:20,525 [dl_trainer.py:731] WARNING [ 36][  920/   25][rank:7] loss: 0.269, average forward (0.009420) and backward (0.024018) time: 0.047571, iotime: 0.013553 
2022-08-04 18:27:20,744 [dl_trainer.py:634] INFO train iter: 925, num_batches_per_epoch: 25
2022-08-04 18:27:20,745 [dl_trainer.py:635] INFO Epoch 37, avg train acc: 90.203125, lr: 0.100000, avg loss: 0.286436
2022-08-04 18:27:22,774 [dist_trainer.py:90] WARNING Time per iteration including communication: 0.119976, Speed: 2133.758071 images/s
2022-08-04 18:27:23,704 [dl_trainer.py:634] INFO train iter: 950, num_batches_per_epoch: 25
2022-08-04 18:27:23,704 [dl_trainer.py:635] INFO Epoch 38, avg train acc: 90.453125, lr: 0.100000, avg loss: 0.272211
2022-08-04 18:27:25,755 [dl_trainer.py:731] WARNING [ 38][  960/   25][rank:7] loss: 0.316, average forward (0.009532) and backward (0.023688) time: 0.042339, iotime: 0.008587 
2022-08-04 18:27:25,766 [dist_trainer.py:90] WARNING Time per iteration including communication: 0.124633, Speed: 2054.038586 images/s
2022-08-04 18:27:26,746 [dl_trainer.py:634] INFO train iter: 975, num_batches_per_epoch: 25
2022-08-04 18:27:26,746 [dl_trainer.py:635] INFO Epoch 39, avg train acc: 91.375000, lr: 0.100000, avg loss: 0.253191
2022-08-04 18:27:28,785 [dist_trainer.py:90] WARNING Time per iteration including communication: 0.125773, Speed: 2035.412158 images/s
2022-08-04 18:27:29,780 [dl_trainer.py:731] WARNING [ 39][ 1000/   25][rank:7] loss: 0.293, average forward (0.010074) and backward (0.022608) time: 0.047307, iotime: 0.014341 
2022-08-04 18:27:29,789 [dl_trainer.py:634] INFO train iter: 1000, num_batches_per_epoch: 25
2022-08-04 18:27:29,789 [dl_trainer.py:635] INFO Epoch 40, avg train acc: 90.671875, lr: 0.100000, avg loss: 0.261809
2022-08-04 18:27:31,749 [dist_trainer.py:90] WARNING Time per iteration including communication: 0.123505, Speed: 2072.787136 images/s
2022-08-04 18:27:32,852 [dl_trainer.py:634] INFO train iter: 1025, num_batches_per_epoch: 25
2022-08-04 18:27:32,853 [dl_trainer.py:635] INFO Epoch 41, avg train acc: 90.953125, lr: 0.100000, avg loss: 0.251997
2022-08-04 18:27:34,733 [dist_trainer.py:90] WARNING Time per iteration including communication: 0.124293, Speed: 2059.650702 images/s
2022-08-04 18:27:35,336 [dl_trainer.py:731] WARNING [ 41][ 1040/   25][rank:7] loss: 0.229, average forward (0.009565) and backward (0.024514) time: 0.048122, iotime: 0.013557 
2022-08-04 18:27:35,842 [dl_trainer.py:634] INFO train iter: 1050, num_batches_per_epoch: 25
2022-08-04 18:27:35,843 [dl_trainer.py:635] INFO Epoch 42, avg train acc: 91.171875, lr: 0.100000, avg loss: 0.233615
2022-08-04 18:27:37,700 [dist_trainer.py:90] WARNING Time per iteration including communication: 0.123604, Speed: 2071.130890 images/s
2022-08-04 18:27:38,780 [dl_trainer.py:634] INFO train iter: 1075, num_batches_per_epoch: 25
2022-08-04 18:27:38,780 [dl_trainer.py:635] INFO Epoch 43, avg train acc: 91.453125, lr: 0.100000, avg loss: 0.234179
2022-08-04 18:27:40,572 [dl_trainer.py:731] WARNING [ 43][ 1080/   25][rank:7] loss: 0.250, average forward (0.009315) and backward (0.023641) time: 0.041864, iotime: 0.008591 
2022-08-04 18:27:40,579 [dist_trainer.py:90] WARNING Time per iteration including communication: 0.119912, Speed: 2134.900544 images/s
2022-08-04 18:27:41,730 [dl_trainer.py:634] INFO train iter: 1100, num_batches_per_epoch: 25
2022-08-04 18:27:41,731 [dl_trainer.py:635] INFO Epoch 44, avg train acc: 91.343750, lr: 0.100000, avg loss: 0.243105
2022-08-04 18:27:43,522 [dist_trainer.py:90] WARNING Time per iteration including communication: 0.122611, Speed: 2087.906117 images/s
2022-08-04 18:27:44,583 [dl_trainer.py:731] WARNING [ 44][ 1120/   25][rank:7] loss: 0.215, average forward (0.009579) and backward (0.023559) time: 0.047392, iotime: 0.013832 
2022-08-04 18:27:44,813 [dl_trainer.py:634] INFO train iter: 1125, num_batches_per_epoch: 25
2022-08-04 18:27:44,814 [dl_trainer.py:635] INFO Epoch 45, avg train acc: 92.234375, lr: 0.100000, avg loss: 0.225843
2022-08-04 18:27:46,519 [dist_trainer.py:90] WARNING Time per iteration including communication: 0.124850, Speed: 2050.460472 images/s
2022-08-04 18:27:47,804 [dl_trainer.py:634] INFO train iter: 1150, num_batches_per_epoch: 25
2022-08-04 18:27:47,805 [dl_trainer.py:635] INFO Epoch 46, avg train acc: 91.953125, lr: 0.100000, avg loss: 0.233323
2022-08-04 18:27:49,446 [dist_trainer.py:90] WARNING Time per iteration including communication: 0.121925, Speed: 2099.651316 images/s
2022-08-04 18:27:50,092 [dl_trainer.py:731] WARNING [ 46][ 1160/   25][rank:7] loss: 0.267, average forward (0.009952) and backward (0.024103) time: 0.048400, iotime: 0.014018 
2022-08-04 18:27:50,805 [dl_trainer.py:634] INFO train iter: 1175, num_batches_per_epoch: 25
2022-08-04 18:27:50,805 [dl_trainer.py:635] INFO Epoch 47, avg train acc: 91.765625, lr: 0.100000, avg loss: 0.222965
2022-08-04 18:27:52,387 [dist_trainer.py:90] WARNING Time per iteration including communication: 0.122495, Speed: 2089.887227 images/s
2022-08-04 18:27:53,742 [dl_trainer.py:731] WARNING [ 47][ 1200/   25][rank:7] loss: 0.223, average forward (0.008836) and backward (0.022491) time: 0.040170, iotime: 0.008573 
2022-08-04 18:27:53,767 [dist_trainer.py:90] WARNING Time per iteration including communication: 0.057492, Speed: 4452.794366 images/s
2022-08-04 18:27:53,768 [dl_trainer.py:634] INFO train iter: 1200, num_batches_per_epoch: 25
2022-08-04 18:27:53,768 [dl_trainer.py:635] INFO Epoch 48, avg train acc: 91.968750, lr: 0.100000, avg loss: 0.229524
2022-08-04 18:27:56,760 [dist_trainer.py:90] WARNING Time per iteration including communication: 0.124660, Speed: 2053.589923 images/s
2022-08-04 18:27:57,064 [dl_trainer.py:634] INFO train iter: 1225, num_batches_per_epoch: 25
2022-08-04 18:27:57,064 [dl_trainer.py:635] INFO Epoch 49, avg train acc: 92.359375, lr: 0.100000, avg loss: 0.217329
2022-08-04 18:27:59,232 [dl_trainer.py:731] WARNING [ 49][ 1240/   25][rank:7] loss: 0.223, average forward (0.010159) and backward (0.023440) time: 0.047991, iotime: 0.013656 
2022-08-04 18:27:59,613 [dist_trainer.py:90] WARNING Time per iteration including communication: 0.118852, Speed: 2153.930902 images/s
2022-08-04 18:27:59,960 [dl_trainer.py:634] INFO train iter: 1250, num_batches_per_epoch: 25
2022-08-04 18:27:59,960 [dl_trainer.py:635] INFO Epoch 50, avg train acc: 92.796875, lr: 0.100000, avg loss: 0.208757
2022-08-04 18:28:02,456 [dist_trainer.py:90] WARNING Time per iteration including communication: 0.118451, Speed: 2161.230152 images/s
2022-08-04 18:28:02,854 [dl_trainer.py:634] INFO train iter: 1275, num_batches_per_epoch: 25
2022-08-04 18:28:02,855 [dl_trainer.py:635] INFO Epoch 51, avg train acc: 93.015625, lr: 0.100000, avg loss: 0.197564
2022-08-04 18:28:04,582 [dl_trainer.py:731] WARNING [ 51][ 1280/   25][rank:7] loss: 0.186, average forward (0.009425) and backward (0.023063) time: 0.046777, iotime: 0.013965 
2022-08-04 18:28:05,345 [dist_trainer.py:90] WARNING Time per iteration including communication: 0.120351, Speed: 2127.104217 images/s
2022-08-04 18:28:05,782 [dl_trainer.py:634] INFO train iter: 1300, num_batches_per_epoch: 25
2022-08-04 18:28:05,782 [dl_trainer.py:635] INFO Epoch 52, avg train acc: 92.984375, lr: 0.100000, avg loss: 0.204496
2022-08-04 18:28:08,199 [dl_trainer.py:731] WARNING [ 52][ 1320/   25][rank:7] loss: 0.149, average forward (0.009905) and backward (0.023658) time: 0.042156, iotime: 0.008309 
2022-08-04 18:28:08,213 [dist_trainer.py:90] WARNING Time per iteration including communication: 0.119482, Speed: 2142.580531 images/s
2022-08-04 18:28:08,693 [dl_trainer.py:634] INFO train iter: 1325, num_batches_per_epoch: 25
2022-08-04 18:28:08,694 [dl_trainer.py:635] INFO Epoch 53, avg train acc: 92.515625, lr: 0.100000, avg loss: 0.207698
2022-08-04 18:28:10,988 [dist_trainer.py:90] WARNING Time per iteration including communication: 0.115609, Speed: 2214.363706 images/s
2022-08-04 18:28:11,512 [dl_trainer.py:634] INFO train iter: 1350, num_batches_per_epoch: 25
2022-08-04 18:28:11,512 [dl_trainer.py:635] INFO Epoch 54, avg train acc: 92.796875, lr: 0.100000, avg loss: 0.202001
2022-08-04 18:28:13,530 [dl_trainer.py:731] WARNING [ 54][ 1360/   25][rank:7] loss: 0.185, average forward (0.009332) and backward (0.023173) time: 0.046726, iotime: 0.013905 
2022-08-04 18:28:13,894 [dist_trainer.py:90] WARNING Time per iteration including communication: 0.121016, Speed: 2115.415709 images/s
2022-08-04 18:28:14,457 [dl_trainer.py:634] INFO train iter: 1375, num_batches_per_epoch: 25
2022-08-04 18:28:14,458 [dl_trainer.py:635] INFO Epoch 55, avg train acc: 93.000000, lr: 0.100000, avg loss: 0.195744
2022-08-04 18:28:16,689 [dist_trainer.py:90] WARNING Time per iteration including communication: 0.116456, Speed: 2198.248909 images/s
2022-08-04 18:28:17,305 [dl_trainer.py:731] WARNING [ 55][ 1400/   25][rank:7] loss: 0.160, average forward (0.009350) and backward (0.024333) time: 0.047485, iotime: 0.013526 
2022-08-04 18:28:17,315 [dl_trainer.py:634] INFO train iter: 1400, num_batches_per_epoch: 25
2022-08-04 18:28:17,315 [dl_trainer.py:635] INFO Epoch 56, avg train acc: 92.921875, lr: 0.100000, avg loss: 0.204504
2022-08-04 18:28:19,534 [dist_trainer.py:90] WARNING Time per iteration including communication: 0.118504, Speed: 2160.260509 images/s
2022-08-04 18:28:20,179 [dl_trainer.py:634] INFO train iter: 1425, num_batches_per_epoch: 25
2022-08-04 18:28:20,179 [dl_trainer.py:635] INFO Epoch 57, avg train acc: 93.000000, lr: 0.100000, avg loss: 0.193269
2022-08-04 18:28:22,382 [dl_trainer.py:731] WARNING [ 57][ 1440/   25][rank:7] loss: 0.161, average forward (0.009306) and backward (0.024089) time: 0.041954, iotime: 0.008232 
2022-08-04 18:28:22,391 [dist_trainer.py:90] WARNING Time per iteration including communication: 0.119026, Speed: 2150.796771 images/s
2022-08-04 18:28:23,073 [dl_trainer.py:634] INFO train iter: 1450, num_batches_per_epoch: 25
2022-08-04 18:28:23,074 [dl_trainer.py:635] INFO Epoch 58, avg train acc: 93.671875, lr: 0.100000, avg loss: 0.184709
2022-08-04 18:28:25,222 [dist_trainer.py:90] WARNING Time per iteration including communication: 0.117935, Speed: 2170.684283 images/s
2022-08-04 18:28:25,998 [dl_trainer.py:634] INFO train iter: 1475, num_batches_per_epoch: 25
2022-08-04 18:28:25,998 [dl_trainer.py:635] INFO Epoch 59, avg train acc: 93.375000, lr: 0.100000, avg loss: 0.189671
2022-08-04 18:28:27,689 [dl_trainer.py:731] WARNING [ 59][ 1480/   25][rank:7] loss: 0.203, average forward (0.009575) and backward (0.023232) time: 0.046745, iotime: 0.013604 
2022-08-04 18:28:28,062 [dist_trainer.py:90] WARNING Time per iteration including communication: 0.118306, Speed: 2163.886812 images/s
2022-08-04 18:28:28,851 [dl_trainer.py:634] INFO train iter: 1500, num_batches_per_epoch: 25
2022-08-04 18:28:28,852 [dl_trainer.py:635] INFO Epoch 60, avg train acc: 93.390625, lr: 0.100000, avg loss: 0.180361
2022-08-04 18:28:30,897 [dist_trainer.py:90] WARNING Time per iteration including communication: 0.118094, Speed: 2167.759424 images/s
2022-08-04 18:28:31,525 [dl_trainer.py:731] WARNING [ 60][ 1520/   25][rank:7] loss: 0.173, average forward (0.009537) and backward (0.023665) time: 0.048291, iotime: 0.014724 
2022-08-04 18:28:31,769 [dl_trainer.py:634] INFO train iter: 1525, num_batches_per_epoch: 25
2022-08-04 18:28:31,769 [dl_trainer.py:635] INFO Epoch 61, avg train acc: 94.250000, lr: 0.100000, avg loss: 0.171810
2022-08-04 18:28:33,801 [dist_trainer.py:90] WARNING Time per iteration including communication: 0.120949, Speed: 2116.599985 images/s
2022-08-04 18:28:34,645 [dl_trainer.py:634] INFO train iter: 1550, num_batches_per_epoch: 25
2022-08-04 18:28:34,645 [dl_trainer.py:635] INFO Epoch 62, avg train acc: 93.468750, lr: 0.100000, avg loss: 0.180749
2022-08-04 18:28:36,617 [dl_trainer.py:731] WARNING [ 62][ 1560/   25][rank:7] loss: 0.234, average forward (0.009057) and backward (0.023283) time: 0.041272, iotime: 0.008622 
2022-08-04 18:28:36,639 [dist_trainer.py:90] WARNING Time per iteration including communication: 0.118236, Speed: 2165.153284 images/s
2022-08-04 18:28:37,560 [dl_trainer.py:634] INFO train iter: 1575, num_batches_per_epoch: 25
2022-08-04 18:28:37,561 [dl_trainer.py:635] INFO Epoch 63, avg train acc: 94.062500, lr: 0.100000, avg loss: 0.170940
2022-08-04 18:28:39,652 [dist_trainer.py:90] WARNING Time per iteration including communication: 0.125511, Speed: 2039.655719 images/s
2022-08-04 18:28:40,651 [dl_trainer.py:731] WARNING [ 63][ 1600/   25][rank:7] loss: 0.152, average forward (0.009956) and backward (0.023727) time: 0.047436, iotime: 0.013442 
2022-08-04 18:28:40,665 [dl_trainer.py:634] INFO train iter: 1600, num_batches_per_epoch: 25
2022-08-04 18:28:40,665 [dl_trainer.py:635] INFO Epoch 64, avg train acc: 94.218750, lr: 0.100000, avg loss: 0.164271
2022-08-04 18:28:42,574 [dist_trainer.py:90] WARNING Time per iteration including communication: 0.121688, Speed: 2103.746238 images/s
2022-08-04 18:28:43,602 [dl_trainer.py:634] INFO train iter: 1625, num_batches_per_epoch: 25
2022-08-04 18:28:43,602 [dl_trainer.py:635] INFO Epoch 65, avg train acc: 93.718750, lr: 0.100000, avg loss: 0.172062
2022-08-04 18:28:45,433 [dist_trainer.py:90] WARNING Time per iteration including communication: 0.119121, Speed: 2149.080773 images/s
2022-08-04 18:28:46,028 [dl_trainer.py:731] WARNING [ 65][ 1640/   25][rank:7] loss: 0.154, average forward (0.009731) and backward (0.023994) time: 0.048378, iotime: 0.014129 
2022-08-04 18:28:46,506 [dl_trainer.py:634] INFO train iter: 1650, num_batches_per_epoch: 25
2022-08-04 18:28:46,506 [dl_trainer.py:635] INFO Epoch 66, avg train acc: 94.140625, lr: 0.100000, avg loss: 0.167384
2022-08-04 18:28:48,303 [dist_trainer.py:90] WARNING Time per iteration including communication: 0.119581, Speed: 2140.816432 images/s
2022-08-04 18:28:49,441 [dl_trainer.py:634] INFO train iter: 1675, num_batches_per_epoch: 25
2022-08-04 18:28:49,442 [dl_trainer.py:635] INFO Epoch 67, avg train acc: 93.937500, lr: 0.100000, avg loss: 0.165977
2022-08-04 18:28:51,178 [dl_trainer.py:731] WARNING [ 67][ 1680/   25][rank:7] loss: 0.138, average forward (0.010517) and backward (0.023602) time: 0.043891, iotime: 0.009308 
2022-08-04 18:28:51,186 [dist_trainer.py:90] WARNING Time per iteration including communication: 0.120062, Speed: 2132.234087 images/s
2022-08-04 18:28:52,360 [dl_trainer.py:634] INFO train iter: 1700, num_batches_per_epoch: 25
2022-08-04 18:28:52,360 [dl_trainer.py:635] INFO Epoch 68, avg train acc: 94.328125, lr: 0.100000, avg loss: 0.162011
2022-08-04 18:28:54,075 [dist_trainer.py:90] WARNING Time per iteration including communication: 0.120366, Speed: 2126.847731 images/s
2022-08-04 18:28:55,019 [dl_trainer.py:731] WARNING [ 68][ 1720/   25][rank:7] loss: 0.145, average forward (0.008867) and backward (0.023871) time: 0.046950, iotime: 0.013818 
2022-08-04 18:28:55,252 [dl_trainer.py:634] INFO train iter: 1725, num_batches_per_epoch: 25
2022-08-04 18:28:55,252 [dl_trainer.py:635] INFO Epoch 69, avg train acc: 94.421875, lr: 0.100000, avg loss: 0.160732
2022-08-04 18:28:56,924 [dist_trainer.py:90] WARNING Time per iteration including communication: 0.118680, Speed: 2157.055582 images/s
2022-08-04 18:28:58,163 [dl_trainer.py:634] INFO train iter: 1750, num_batches_per_epoch: 25
2022-08-04 18:28:58,163 [dl_trainer.py:635] INFO Epoch 70, avg train acc: 94.453125, lr: 0.100000, avg loss: 0.162174
2022-08-04 18:28:59,757 [dist_trainer.py:90] WARNING Time per iteration including communication: 0.118019, Speed: 2169.147466 images/s
2022-08-04 18:29:00,349 [dl_trainer.py:731] WARNING [ 70][ 1760/   25][rank:7] loss: 0.163, average forward (0.009323) and backward (0.023816) time: 0.047108, iotime: 0.013495 
2022-08-04 18:29:01,040 [dl_trainer.py:634] INFO train iter: 1775, num_batches_per_epoch: 25
2022-08-04 18:29:01,041 [dl_trainer.py:635] INFO Epoch 71, avg train acc: 94.718750, lr: 0.100000, avg loss: 0.150732
2022-08-04 18:29:02,577 [dist_trainer.py:90] WARNING Time per iteration including communication: 0.117479, Speed: 2179.115323 images/s
2022-08-04 18:29:03,900 [dl_trainer.py:731] WARNING [ 71][ 1800/   25][rank:7] loss: 0.225, average forward (0.008802) and backward (0.023479) time: 0.041632, iotime: 0.008802 
2022-08-04 18:29:03,921 [dist_trainer.py:90] WARNING Time per iteration including communication: 0.055941, Speed: 4576.236521 images/s
2022-08-04 18:29:03,921 [dl_trainer.py:634] INFO train iter: 1800, num_batches_per_epoch: 25
2022-08-04 18:29:03,921 [dl_trainer.py:635] INFO Epoch 72, avg train acc: 94.890625, lr: 0.100000, avg loss: 0.148393
2022-08-04 18:29:06,793 [dist_trainer.py:90] WARNING Time per iteration including communication: 0.119645, Speed: 2139.663357 images/s
2022-08-04 18:29:07,080 [dl_trainer.py:634] INFO train iter: 1825, num_batches_per_epoch: 25
2022-08-04 18:29:07,081 [dl_trainer.py:635] INFO Epoch 73, avg train acc: 94.468750, lr: 0.100000, avg loss: 0.149374
2022-08-04 18:29:09,186 [dl_trainer.py:731] WARNING [ 73][ 1840/   25][rank:7] loss: 0.116, average forward (0.009892) and backward (0.023449) time: 0.047333, iotime: 0.013692 
2022-08-04 18:29:09,575 [dist_trainer.py:90] WARNING Time per iteration including communication: 0.115848, Speed: 2209.798492 images/s
2022-08-04 18:29:09,906 [dl_trainer.py:634] INFO train iter: 1850, num_batches_per_epoch: 25
2022-08-04 18:29:09,906 [dl_trainer.py:635] INFO Epoch 74, avg train acc: 94.812500, lr: 0.100000, avg loss: 0.140584
2022-08-04 18:29:12,359 [dist_trainer.py:90] WARNING Time per iteration including communication: 0.115969, Speed: 2207.479633 images/s
2022-08-04 18:29:12,732 [dl_trainer.py:634] INFO train iter: 1875, num_batches_per_epoch: 25
2022-08-04 18:29:12,733 [dl_trainer.py:635] INFO Epoch 75, avg train acc: 94.859375, lr: 0.100000, avg loss: 0.140498
2022-08-04 18:29:14,480 [dl_trainer.py:731] WARNING [ 75][ 1880/   25][rank:7] loss: 0.095, average forward (0.009569) and backward (0.023705) time: 0.047273, iotime: 0.013701 
2022-08-04 18:29:15,211 [dist_trainer.py:90] WARNING Time per iteration including communication: 0.118829, Speed: 2154.357124 images/s
2022-08-04 18:29:15,631 [dl_trainer.py:634] INFO train iter: 1900, num_batches_per_epoch: 25
2022-08-04 18:29:15,631 [dl_trainer.py:635] INFO Epoch 76, avg train acc: 94.937500, lr: 0.100000, avg loss: 0.140900
2022-08-04 18:29:18,024 [dl_trainer.py:731] WARNING [ 76][ 1920/   25][rank:7] loss: 0.126, average forward (0.009155) and backward (0.023101) time: 0.041208, iotime: 0.008599 
2022-08-04 18:29:18,038 [dist_trainer.py:90] WARNING Time per iteration including communication: 0.117756, Speed: 2173.989655 images/s
2022-08-04 18:29:18,526 [dl_trainer.py:634] INFO train iter: 1925, num_batches_per_epoch: 25
2022-08-04 18:29:18,527 [dl_trainer.py:635] INFO Epoch 77, avg train acc: 95.312500, lr: 0.100000, avg loss: 0.138260
2022-08-04 18:29:20,847 [dist_trainer.py:90] WARNING Time per iteration including communication: 0.117031, Speed: 2187.450557 images/s
2022-08-04 18:29:21,382 [dl_trainer.py:634] INFO train iter: 1950, num_batches_per_epoch: 25
2022-08-04 18:29:21,383 [dl_trainer.py:635] INFO Epoch 78, avg train acc: 95.109375, lr: 0.100000, avg loss: 0.133699
2022-08-04 18:29:23,361 [dl_trainer.py:731] WARNING [ 78][ 1960/   25][rank:7] loss: 0.136, average forward (0.010006) and backward (0.024176) time: 0.048493, iotime: 0.013908 
2022-08-04 18:29:23,757 [dist_trainer.py:90] WARNING Time per iteration including communication: 0.121240, Speed: 2111.510374 images/s
2022-08-04 18:29:24,355 [dl_trainer.py:634] INFO train iter: 1975, num_batches_per_epoch: 25
2022-08-04 18:29:24,356 [dl_trainer.py:635] INFO Epoch 79, avg train acc: 94.500000, lr: 0.100000, avg loss: 0.151717
2022-08-04 18:29:26,638 [dist_trainer.py:90] WARNING Time per iteration including communication: 0.120007, Speed: 2133.202744 images/s
2022-08-04 18:29:27,240 [dl_trainer.py:731] WARNING [ 79][ 2000/   25][rank:7] loss: 0.084, average forward (0.010303) and backward (0.023103) time: 0.048041, iotime: 0.014184 
2022-08-04 18:29:27,249 [dl_trainer.py:634] INFO train iter: 2000, num_batches_per_epoch: 25
2022-08-04 18:29:27,249 [dl_trainer.py:635] INFO Epoch 80, avg train acc: 95.218750, lr: 0.100000, avg loss: 0.128833
2022-08-04 18:29:29,454 [dist_trainer.py:90] WARNING Time per iteration including communication: 0.117324, Speed: 2181.989263 images/s
2022-08-04 18:29:30,116 [dl_trainer.py:634] INFO train iter: 2025, num_batches_per_epoch: 25
2022-08-04 18:29:30,117 [dl_trainer.py:635] INFO Epoch 81, avg train acc: 95.109375, lr: 0.100000, avg loss: 0.131394
2022-08-04 18:29:32,316 [dl_trainer.py:731] WARNING [ 81][ 2040/   25][rank:7] loss: 0.089, average forward (0.009599) and backward (0.023514) time: 0.041688, iotime: 0.008277 
2022-08-04 18:29:32,329 [dist_trainer.py:90] WARNING Time per iteration including communication: 0.119762, Speed: 2137.576870 images/s
2022-08-04 18:29:33,038 [dl_trainer.py:634] INFO train iter: 2050, num_batches_per_epoch: 25
2022-08-04 18:29:33,039 [dl_trainer.py:635] INFO Epoch 82, avg train acc: 96.593750, lr: 0.010000, avg loss: 0.102098
2022-08-04 18:29:35,172 [dist_trainer.py:90] WARNING Time per iteration including communication: 0.118422, Speed: 2161.759910 images/s
2022-08-04 18:29:35,939 [dl_trainer.py:634] INFO train iter: 2075, num_batches_per_epoch: 25
2022-08-04 18:29:35,939 [dl_trainer.py:635] INFO Epoch 83, avg train acc: 97.140625, lr: 0.010000, avg loss: 0.082641
2022-08-04 18:29:37,645 [dl_trainer.py:731] WARNING [ 83][ 2080/   25][rank:7] loss: 0.092, average forward (0.009635) and backward (0.023119) time: 0.046757, iotime: 0.013703 
2022-08-04 18:29:38,040 [dist_trainer.py:90] WARNING Time per iteration including communication: 0.119460, Speed: 2142.974473 images/s
2022-08-04 18:29:38,810 [dl_trainer.py:634] INFO train iter: 2100, num_batches_per_epoch: 25
2022-08-04 18:29:38,811 [dl_trainer.py:635] INFO Epoch 84, avg train acc: 97.312500, lr: 0.010000, avg loss: 0.084008
2022-08-04 18:29:40,921 [dist_trainer.py:90] WARNING Time per iteration including communication: 0.120033, Speed: 2132.740722 images/s
2022-08-04 18:29:41,510 [dl_trainer.py:731] WARNING [ 84][ 2120/   25][rank:7] loss: 0.071, average forward (0.009627) and backward (0.023866) time: 0.047582, iotime: 0.013786 
2022-08-04 18:29:41,739 [dl_trainer.py:634] INFO train iter: 2125, num_batches_per_epoch: 25
2022-08-04 18:29:41,739 [dl_trainer.py:635] INFO Epoch 85, avg train acc: 97.265625, lr: 0.010000, avg loss: 0.078731
2022-08-04 18:29:43,777 [dist_trainer.py:90] WARNING Time per iteration including communication: 0.118983, Speed: 2151.575227 images/s
2022-08-04 18:29:44,661 [dl_trainer.py:634] INFO train iter: 2150, num_batches_per_epoch: 25
2022-08-04 18:29:44,662 [dl_trainer.py:635] INFO Epoch 86, avg train acc: 97.453125, lr: 0.010000, avg loss: 0.075012
2022-08-04 18:29:46,612 [dl_trainer.py:731] WARNING [ 86][ 2160/   25][rank:7] loss: 0.062, average forward (0.009011) and backward (0.023823) time: 0.041528, iotime: 0.008073 
2022-08-04 18:29:46,621 [dist_trainer.py:90] WARNING Time per iteration including communication: 0.118474, Speed: 2160.804286 images/s
2022-08-04 18:29:47,525 [dl_trainer.py:634] INFO train iter: 2175, num_batches_per_epoch: 25
2022-08-04 18:29:47,526 [dl_trainer.py:635] INFO Epoch 87, avg train acc: 97.718750, lr: 0.010000, avg loss: 0.072199
2022-08-04 18:29:49,465 [dist_trainer.py:90] WARNING Time per iteration including communication: 0.118480, Speed: 2160.697031 images/s
2022-08-04 18:29:50,404 [dl_trainer.py:731] WARNING [ 87][ 2200/   25][rank:7] loss: 0.043, average forward (0.009489) and backward (0.023283) time: 0.046921, iotime: 0.013833 
2022-08-04 18:29:50,416 [dl_trainer.py:634] INFO train iter: 2200, num_batches_per_epoch: 25
2022-08-04 18:29:50,416 [dl_trainer.py:635] INFO Epoch 88, avg train acc: 97.875000, lr: 0.010000, avg loss: 0.063516
2022-08-04 18:29:52,292 [dist_trainer.py:90] WARNING Time per iteration including communication: 0.117766, Speed: 2173.796183 images/s
2022-08-04 18:29:53,336 [dl_trainer.py:634] INFO train iter: 2225, num_batches_per_epoch: 25
2022-08-04 18:29:53,336 [dl_trainer.py:635] INFO Epoch 89, avg train acc: 97.859375, lr: 0.010000, avg loss: 0.067266
2022-08-04 18:29:55,184 [dist_trainer.py:90] WARNING Time per iteration including communication: 0.120507, Speed: 2124.354035 images/s
2022-08-04 18:29:55,782 [dl_trainer.py:731] WARNING [ 89][ 2240/   25][rank:7] loss: 0.104, average forward (0.009970) and backward (0.023808) time: 0.047912, iotime: 0.013765 
2022-08-04 18:29:56,232 [dl_trainer.py:634] INFO train iter: 2250, num_batches_per_epoch: 25
2022-08-04 18:29:56,233 [dl_trainer.py:635] INFO Epoch 90, avg train acc: 97.828125, lr: 0.010000, avg loss: 0.069404
2022-08-04 18:29:58,032 [dist_trainer.py:90] WARNING Time per iteration including communication: 0.118602, Speed: 2158.475324 images/s
2022-08-04 18:29:59,128 [dl_trainer.py:634] INFO train iter: 2275, num_batches_per_epoch: 25
2022-08-04 18:29:59,128 [dl_trainer.py:635] INFO Epoch 91, avg train acc: 98.250000, lr: 0.010000, avg loss: 0.057264
2022-08-04 18:30:00,848 [dl_trainer.py:731] WARNING [ 91][ 2280/   25][rank:7] loss: 0.069, average forward (0.008588) and backward (0.023718) time: 0.041375, iotime: 0.008721 
2022-08-04 18:30:00,874 [dist_trainer.py:90] WARNING Time per iteration including communication: 0.118409, Speed: 2161.992963 images/s
2022-08-04 18:30:01,997 [dl_trainer.py:634] INFO train iter: 2300, num_batches_per_epoch: 25
2022-08-04 18:30:01,997 [dl_trainer.py:635] INFO Epoch 92, avg train acc: 98.000000, lr: 0.010000, avg loss: 0.062306
2022-08-04 18:30:03,763 [dist_trainer.py:90] WARNING Time per iteration including communication: 0.120378, Speed: 2126.625703 images/s
2022-08-04 18:30:04,734 [dl_trainer.py:731] WARNING [ 92][ 2320/   25][rank:7] loss: 0.045, average forward (0.009271) and backward (0.023310) time: 0.046728, iotime: 0.013216 
2022-08-04 18:30:04,967 [dl_trainer.py:634] INFO train iter: 2325, num_batches_per_epoch: 25
2022-08-04 18:30:04,967 [dl_trainer.py:635] INFO Epoch 93, avg train acc: 98.140625, lr: 0.010000, avg loss: 0.059841
2022-08-04 18:30:06,630 [dist_trainer.py:90] WARNING Time per iteration including communication: 0.119398, Speed: 2144.082419 images/s
2022-08-04 18:30:07,816 [dl_trainer.py:634] INFO train iter: 2350, num_batches_per_epoch: 25
2022-08-04 18:30:07,816 [dl_trainer.py:635] INFO Epoch 94, avg train acc: 97.906250, lr: 0.010000, avg loss: 0.065483
2022-08-04 18:30:09,460 [dist_trainer.py:90] WARNING Time per iteration including communication: 0.117895, Speed: 2171.428167 images/s
2022-08-04 18:30:10,049 [dl_trainer.py:731] WARNING [ 94][ 2360/   25][rank:7] loss: 0.061, average forward (0.009474) and backward (0.023783) time: 0.047728, iotime: 0.013606 
2022-08-04 18:30:10,778 [dl_trainer.py:634] INFO train iter: 2375, num_batches_per_epoch: 25
2022-08-04 18:30:10,779 [dl_trainer.py:635] INFO Epoch 95, avg train acc: 98.078125, lr: 0.010000, avg loss: 0.057750
2022-08-04 18:30:12,284 [dist_trainer.py:90] WARNING Time per iteration including communication: 0.117675, Speed: 2175.475858 images/s
2022-08-04 18:30:13,602 [dl_trainer.py:731] WARNING [ 95][ 2400/   25][rank:7] loss: 0.049, average forward (0.009246) and backward (0.023127) time: 0.041773, iotime: 0.008813 
2022-08-04 18:30:13,613 [dist_trainer.py:90] WARNING Time per iteration including communication: 0.055318, Speed: 4627.778623 images/s
2022-08-04 18:30:13,614 [dl_trainer.py:634] INFO train iter: 2400, num_batches_per_epoch: 25
2022-08-04 18:30:13,614 [dl_trainer.py:635] INFO Epoch 96, avg train acc: 98.062500, lr: 0.010000, avg loss: 0.063624
2022-08-04 18:30:16,451 [dist_trainer.py:90] WARNING Time per iteration including communication: 0.118251, Speed: 2164.895542 images/s
2022-08-04 18:30:16,744 [dl_trainer.py:634] INFO train iter: 2425, num_batches_per_epoch: 25
2022-08-04 18:30:16,744 [dl_trainer.py:635] INFO Epoch 97, avg train acc: 97.906250, lr: 0.010000, avg loss: 0.063467
2022-08-04 18:30:18,892 [dl_trainer.py:731] WARNING [ 97][ 2440/   25][rank:7] loss: 0.069, average forward (0.009366) and backward (0.022835) time: 0.045900, iotime: 0.013424 
2022-08-04 18:30:19,260 [dist_trainer.py:90] WARNING Time per iteration including communication: 0.117002, Speed: 2187.997708 images/s
2022-08-04 18:30:19,595 [dl_trainer.py:634] INFO train iter: 2450, num_batches_per_epoch: 25
2022-08-04 18:30:19,595 [dl_trainer.py:635] INFO Epoch 98, avg train acc: 97.750000, lr: 0.010000, avg loss: 0.064919
2022-08-04 18:30:22,100 [dist_trainer.py:90] WARNING Time per iteration including communication: 0.118323, Speed: 2163.573241 images/s
2022-08-04 18:30:22,483 [dl_trainer.py:634] INFO train iter: 2475, num_batches_per_epoch: 25
2022-08-04 18:30:22,484 [dl_trainer.py:635] INFO Epoch 99, avg train acc: 98.453125, lr: 0.010000, avg loss: 0.055527
2022-08-04 18:30:24,209 [dl_trainer.py:731] WARNING [ 99][ 2480/   25][rank:7] loss: 0.046, average forward (0.009136) and backward (0.023626) time: 0.047133, iotime: 0.013792 
2022-08-04 18:30:24,960 [dist_trainer.py:90] WARNING Time per iteration including communication: 0.119147, Speed: 2148.599666 images/s
2022-08-04 18:30:25,394 [dl_trainer.py:634] INFO train iter: 2500, num_batches_per_epoch: 25
2022-08-04 18:30:25,394 [dl_trainer.py:635] INFO Epoch 100, avg train acc: 98.218750, lr: 0.010000, avg loss: 0.057036
2022-08-04 18:30:27,781 [dl_trainer.py:731] WARNING [100][ 2520/   25][rank:7] loss: 0.063, average forward (0.008821) and backward (0.023131) time: 0.040717, iotime: 0.008485 
2022-08-04 18:30:27,796 [dist_trainer.py:90] WARNING Time per iteration including communication: 0.118123, Speed: 2167.224900 images/s
2022-08-04 18:30:28,272 [dl_trainer.py:634] INFO train iter: 2525, num_batches_per_epoch: 25
2022-08-04 18:30:28,272 [dl_trainer.py:635] INFO Epoch 101, avg train acc: 98.203125, lr: 0.010000, avg loss: 0.058102
2022-08-04 18:30:30,597 [dist_trainer.py:90] WARNING Time per iteration including communication: 0.116710, Speed: 2193.477396 images/s
2022-08-04 18:30:31,102 [dl_trainer.py:634] INFO train iter: 2550, num_batches_per_epoch: 25
2022-08-04 18:30:31,102 [dl_trainer.py:635] INFO Epoch 102, avg train acc: 98.109375, lr: 0.010000, avg loss: 0.057225
2022-08-04 18:30:33,063 [dl_trainer.py:731] WARNING [102][ 2560/   25][rank:7] loss: 0.048, average forward (0.009795) and backward (0.022747) time: 0.047540, iotime: 0.014687 
2022-08-04 18:30:33,450 [dist_trainer.py:90] WARNING Time per iteration including communication: 0.118811, Speed: 2154.674515 images/s
2022-08-04 18:30:34,019 [dl_trainer.py:634] INFO train iter: 2575, num_batches_per_epoch: 25
2022-08-04 18:30:34,019 [dl_trainer.py:635] INFO Epoch 103, avg train acc: 98.265625, lr: 0.010000, avg loss: 0.057197
2022-08-04 18:30:36,464 [dist_trainer.py:90] WARNING Time per iteration including communication: 0.125541, Speed: 2039.181850 images/s
2022-08-04 18:30:37,090 [dl_trainer.py:731] WARNING [103][ 2600/   25][rank:7] loss: 0.068, average forward (0.009609) and backward (0.023253) time: 0.048206, iotime: 0.014912 
2022-08-04 18:30:37,104 [dl_trainer.py:634] INFO train iter: 2600, num_batches_per_epoch: 25
2022-08-04 18:30:37,105 [dl_trainer.py:635] INFO Epoch 104, avg train acc: 98.468750, lr: 0.010000, avg loss: 0.054145
2022-08-04 18:30:39,490 [dist_trainer.py:90] WARNING Time per iteration including communication: 0.126076, Speed: 2030.520426 images/s
2022-08-04 18:30:40,150 [dl_trainer.py:634] INFO train iter: 2625, num_batches_per_epoch: 25
2022-08-04 18:30:40,151 [dl_trainer.py:635] INFO Epoch 105, avg train acc: 98.109375, lr: 0.010000, avg loss: 0.056620
2022-08-04 18:30:42,323 [dl_trainer.py:731] WARNING [105][ 2640/   25][rank:7] loss: 0.058, average forward (0.008733) and backward (0.022761) time: 0.040471, iotime: 0.008390 
2022-08-04 18:30:42,333 [dist_trainer.py:90] WARNING Time per iteration including communication: 0.118382, Speed: 2162.495512 images/s
2022-08-04 18:30:43,019 [dl_trainer.py:634] INFO train iter: 2650, num_batches_per_epoch: 25
2022-08-04 18:30:43,020 [dl_trainer.py:635] INFO Epoch 106, avg train acc: 98.546875, lr: 0.010000, avg loss: 0.050844
2022-08-04 18:30:45,209 [dist_trainer.py:90] WARNING Time per iteration including communication: 0.119831, Speed: 2136.339079 images/s
2022-08-04 18:30:45,952 [dl_trainer.py:634] INFO train iter: 2675, num_batches_per_epoch: 25
2022-08-04 18:30:45,952 [dl_trainer.py:635] INFO Epoch 107, avg train acc: 98.437500, lr: 0.010000, avg loss: 0.052473
2022-08-04 18:30:47,696 [dl_trainer.py:731] WARNING [107][ 2680/   25][rank:7] loss: 0.052, average forward (0.009728) and backward (0.023121) time: 0.047687, iotime: 0.013679 
2022-08-04 18:30:48,071 [dist_trainer.py:90] WARNING Time per iteration including communication: 0.119228, Speed: 2147.141716 images/s
2022-08-04 18:30:48,876 [dl_trainer.py:634] INFO train iter: 2700, num_batches_per_epoch: 25
2022-08-04 18:30:48,876 [dl_trainer.py:635] INFO Epoch 108, avg train acc: 98.296875, lr: 0.010000, avg loss: 0.052939
2022-08-04 18:30:50,991 [dist_trainer.py:90] WARNING Time per iteration including communication: 0.121637, Speed: 2104.628845 images/s
2022-08-04 18:30:51,603 [dl_trainer.py:731] WARNING [108][ 2720/   25][rank:7] loss: 0.081, average forward (0.009334) and backward (0.024346) time: 0.047778, iotime: 0.013393 
2022-08-04 18:30:51,823 [dl_trainer.py:634] INFO train iter: 2725, num_batches_per_epoch: 25
2022-08-04 18:30:51,824 [dl_trainer.py:635] INFO Epoch 109, avg train acc: 98.375000, lr: 0.010000, avg loss: 0.052532
2022-08-04 18:30:53,814 [dist_trainer.py:90] WARNING Time per iteration including communication: 0.117575, Speed: 2177.337853 images/s
2022-08-04 18:30:54,679 [dl_trainer.py:634] INFO train iter: 2750, num_batches_per_epoch: 25
2022-08-04 18:30:54,680 [dl_trainer.py:635] INFO Epoch 110, avg train acc: 98.312500, lr: 0.010000, avg loss: 0.054531
2022-08-04 18:30:56,628 [dl_trainer.py:731] WARNING [110][ 2760/   25][rank:7] loss: 0.057, average forward (0.008963) and backward (0.023444) time: 0.041552, iotime: 0.008296 
2022-08-04 18:30:56,644 [dist_trainer.py:90] WARNING Time per iteration including communication: 0.117904, Speed: 2171.266983 images/s
2022-08-04 18:30:57,604 [dl_trainer.py:634] INFO train iter: 2775, num_batches_per_epoch: 25
2022-08-04 18:30:57,604 [dl_trainer.py:635] INFO Epoch 111, avg train acc: 98.359375, lr: 0.010000, avg loss: 0.053395
2022-08-04 18:30:59,509 [dist_trainer.py:90] WARNING Time per iteration including communication: 0.119364, Speed: 2144.692866 images/s
2022-08-04 18:31:00,453 [dl_trainer.py:731] WARNING [111][ 2800/   25][rank:7] loss: 0.057, average forward (0.010109) and backward (0.023440) time: 0.048309, iotime: 0.014198 
2022-08-04 18:31:00,468 [dl_trainer.py:634] INFO train iter: 2800, num_batches_per_epoch: 25
2022-08-04 18:31:00,469 [dl_trainer.py:635] INFO Epoch 112, avg train acc: 98.218750, lr: 0.010000, avg loss: 0.054784
2022-08-04 18:31:02,366 [dist_trainer.py:90] WARNING Time per iteration including communication: 0.119025, Speed: 2150.806285 images/s
2022-08-04 18:31:03,400 [dl_trainer.py:634] INFO train iter: 2825, num_batches_per_epoch: 25
2022-08-04 18:31:03,400 [dl_trainer.py:635] INFO Epoch 113, avg train acc: 98.703125, lr: 0.010000, avg loss: 0.045323
2022-08-04 18:31:05,242 [dist_trainer.py:90] WARNING Time per iteration including communication: 0.119798, Speed: 2136.939277 images/s
2022-08-04 18:31:05,853 [dl_trainer.py:731] WARNING [113][ 2840/   25][rank:7] loss: 0.037, average forward (0.010186) and backward (0.023987) time: 0.049298, iotime: 0.014793 
2022-08-04 18:31:06,365 [dl_trainer.py:634] INFO train iter: 2850, num_batches_per_epoch: 25
2022-08-04 18:31:06,366 [dl_trainer.py:635] INFO Epoch 114, avg train acc: 98.343750, lr: 0.010000, avg loss: 0.049398
2022-08-04 18:31:08,139 [dist_trainer.py:90] WARNING Time per iteration including communication: 0.120649, Speed: 2121.850107 images/s
2022-08-04 18:31:09,271 [dl_trainer.py:634] INFO train iter: 2875, num_batches_per_epoch: 25
2022-08-04 18:31:09,272 [dl_trainer.py:635] INFO Epoch 115, avg train acc: 98.593750, lr: 0.010000, avg loss: 0.047079
2022-08-04 18:31:11,006 [dl_trainer.py:731] WARNING [115][ 2880/   25][rank:7] loss: 0.090, average forward (0.009762) and backward (0.024453) time: 0.043139, iotime: 0.008597 
2022-08-04 18:31:11,014 [dist_trainer.py:90] WARNING Time per iteration including communication: 0.119764, Speed: 2137.536976 images/s
2022-08-04 18:31:12,131 [dl_trainer.py:634] INFO train iter: 2900, num_batches_per_epoch: 25
2022-08-04 18:31:12,131 [dl_trainer.py:635] INFO Epoch 116, avg train acc: 98.578125, lr: 0.010000, avg loss: 0.046146
2022-08-04 18:31:13,855 [dist_trainer.py:90] WARNING Time per iteration including communication: 0.118377, Speed: 2162.582257 images/s
2022-08-04 18:31:14,775 [dl_trainer.py:731] WARNING [116][ 2920/   25][rank:7] loss: 0.056, average forward (0.009134) and backward (0.023370) time: 0.046670, iotime: 0.013591 
2022-08-04 18:31:15,018 [dl_trainer.py:634] INFO train iter: 2925, num_batches_per_epoch: 25
2022-08-04 18:31:15,019 [dl_trainer.py:635] INFO Epoch 117, avg train acc: 98.562500, lr: 0.010000, avg loss: 0.044634
2022-08-04 18:31:16,658 [dist_trainer.py:90] WARNING Time per iteration including communication: 0.116767, Speed: 2192.400079 images/s
2022-08-04 18:31:17,874 [dl_trainer.py:634] INFO train iter: 2950, num_batches_per_epoch: 25
2022-08-04 18:31:17,875 [dl_trainer.py:635] INFO Epoch 118, avg train acc: 98.562500, lr: 0.010000, avg loss: 0.045250
2022-08-04 18:31:19,513 [dist_trainer.py:90] WARNING Time per iteration including communication: 0.118933, Speed: 2152.476676 images/s
2022-08-04 18:31:20,120 [dl_trainer.py:731] WARNING [118][ 2960/   25][rank:7] loss: 0.048, average forward (0.009113) and backward (0.023243) time: 0.046659, iotime: 0.014010 
2022-08-04 18:31:20,793 [dl_trainer.py:634] INFO train iter: 2975, num_batches_per_epoch: 25
2022-08-04 18:31:20,794 [dl_trainer.py:635] INFO Epoch 119, avg train acc: 98.562500, lr: 0.010000, avg loss: 0.049174
2022-08-04 18:31:22,338 [dist_trainer.py:90] WARNING Time per iteration including communication: 0.117667, Speed: 2175.631607 images/s
2022-08-04 18:31:23,718 [dl_trainer.py:731] WARNING [119][ 3000/   25][rank:7] loss: 0.053, average forward (0.009219) and backward (0.024055) time: 0.042272, iotime: 0.008706 
2022-08-04 18:31:23,730 [dist_trainer.py:90] WARNING Time per iteration including communication: 0.057982, Speed: 4415.152909 images/s
2022-08-04 18:31:23,731 [dl_trainer.py:634] INFO train iter: 3000, num_batches_per_epoch: 25
2022-08-04 18:31:23,731 [dl_trainer.py:635] INFO Epoch 120, avg train acc: 98.546875, lr: 0.010000, avg loss: 0.048360
2022-08-04 18:31:26,701 [dist_trainer.py:90] WARNING Time per iteration including communication: 0.123792, Speed: 2067.978160 images/s
2022-08-04 18:31:27,013 [dl_trainer.py:634] INFO train iter: 3025, num_batches_per_epoch: 25
2022-08-04 18:31:27,014 [dl_trainer.py:635] INFO Epoch 121, avg train acc: 98.531250, lr: 0.010000, avg loss: 0.048293
2022-08-04 18:31:29,211 [dl_trainer.py:731] WARNING [121][ 3040/   25][rank:7] loss: 0.025, average forward (0.009803) and backward (0.023435) time: 0.046889, iotime: 0.013367 
2022-08-04 18:31:29,582 [dist_trainer.py:90] WARNING Time per iteration including communication: 0.120002, Speed: 2133.304992 images/s
2022-08-04 18:31:29,924 [dl_trainer.py:634] INFO train iter: 3050, num_batches_per_epoch: 25
2022-08-04 18:31:29,924 [dl_trainer.py:635] INFO Epoch 122, avg train acc: 98.421875, lr: 0.010000, avg loss: 0.049520
2022-08-04 18:31:32,445 [dist_trainer.py:90] WARNING Time per iteration including communication: 0.119261, Speed: 2146.556336 images/s
2022-08-04 18:31:32,831 [dl_trainer.py:634] INFO train iter: 3075, num_batches_per_epoch: 25
2022-08-04 18:31:32,831 [dl_trainer.py:635] INFO Epoch 123, avg train acc: 98.671875, lr: 0.001000, avg loss: 0.048018
2022-08-04 18:31:34,535 [dl_trainer.py:731] WARNING [123][ 3080/   25][rank:7] loss: 0.037, average forward (0.009701) and backward (0.023638) time: 0.047260, iotime: 0.013152 
2022-08-04 18:31:35,288 [dist_trainer.py:90] WARNING Time per iteration including communication: 0.118405, Speed: 2162.064068 images/s
2022-08-04 18:31:35,721 [dl_trainer.py:634] INFO train iter: 3100, num_batches_per_epoch: 25
2022-08-04 18:31:35,722 [dl_trainer.py:635] INFO Epoch 124, avg train acc: 98.593750, lr: 0.001000, avg loss: 0.048122
2022-08-04 18:31:38,135 [dl_trainer.py:731] WARNING [124][ 3120/   25][rank:7] loss: 0.035, average forward (0.009342) and backward (0.023101) time: 0.042223, iotime: 0.009399 
2022-08-04 18:31:38,146 [dist_trainer.py:90] WARNING Time per iteration including communication: 0.119010, Speed: 2151.072354 images/s
2022-08-04 18:31:38,627 [dl_trainer.py:634] INFO train iter: 3125, num_batches_per_epoch: 25
2022-08-04 18:31:38,628 [dl_trainer.py:635] INFO Epoch 125, avg train acc: 98.750000, lr: 0.001000, avg loss: 0.044588
2022-08-04 18:31:41,067 [dist_trainer.py:90] WARNING Time per iteration including communication: 0.121708, Speed: 2103.399377 images/s
2022-08-04 18:31:41,578 [dl_trainer.py:634] INFO train iter: 3150, num_batches_per_epoch: 25
2022-08-04 18:31:41,578 [dl_trainer.py:635] INFO Epoch 126, avg train acc: 98.734375, lr: 0.001000, avg loss: 0.045516
2022-08-04 18:31:43,564 [dl_trainer.py:731] WARNING [126][ 3160/   25][rank:7] loss: 0.034, average forward (0.009475) and backward (0.023527) time: 0.047991, iotime: 0.014382 
2022-08-04 18:31:43,938 [dist_trainer.py:90] WARNING Time per iteration including communication: 0.119600, Speed: 2140.472708 images/s
2022-08-04 18:31:44,519 [dl_trainer.py:634] INFO train iter: 3175, num_batches_per_epoch: 25
2022-08-04 18:31:44,519 [dl_trainer.py:635] INFO Epoch 127, avg train acc: 98.671875, lr: 0.001000, avg loss: 0.043047
2022-08-04 18:31:46,775 [dist_trainer.py:90] WARNING Time per iteration including communication: 0.118170, Speed: 2166.378804 images/s
2022-08-04 18:31:47,369 [dl_trainer.py:731] WARNING [127][ 3200/   25][rank:7] loss: 0.042, average forward (0.009562) and backward (0.023192) time: 0.046926, iotime: 0.013728 
2022-08-04 18:31:47,377 [dl_trainer.py:634] INFO train iter: 3200, num_batches_per_epoch: 25
2022-08-04 18:31:47,378 [dl_trainer.py:635] INFO Epoch 128, avg train acc: 98.546875, lr: 0.001000, avg loss: 0.047027
2022-08-04 18:31:49,552 [dist_trainer.py:90] WARNING Time per iteration including communication: 0.115657, Speed: 2213.441436 images/s
2022-08-04 18:31:50,233 [dl_trainer.py:634] INFO train iter: 3225, num_batches_per_epoch: 25
2022-08-04 18:31:50,234 [dl_trainer.py:635] INFO Epoch 129, avg train acc: 98.515625, lr: 0.001000, avg loss: 0.047769
2022-08-04 18:31:52,393 [dl_trainer.py:731] WARNING [129][ 3240/   25][rank:7] loss: 0.059, average forward (0.009431) and backward (0.023772) time: 0.041804, iotime: 0.008291 
2022-08-04 18:31:52,404 [dist_trainer.py:90] WARNING Time per iteration including communication: 0.118826, Speed: 2154.403772 images/s
2022-08-04 18:31:53,128 [dl_trainer.py:634] INFO train iter: 3250, num_batches_per_epoch: 25
2022-08-04 18:31:53,129 [dl_trainer.py:635] INFO Epoch 130, avg train acc: 98.656250, lr: 0.001000, avg loss: 0.044457
2022-08-04 18:31:55,304 [dist_trainer.py:90] WARNING Time per iteration including communication: 0.120779, Speed: 2119.572935 images/s
2022-08-04 18:31:56,053 [dl_trainer.py:634] INFO train iter: 3275, num_batches_per_epoch: 25
2022-08-04 18:31:56,054 [dl_trainer.py:635] INFO Epoch 131, avg train acc: 98.593750, lr: 0.001000, avg loss: 0.044333
2022-08-04 18:31:57,796 [dl_trainer.py:731] WARNING [131][ 3280/   25][rank:7] loss: 0.049, average forward (0.009393) and backward (0.023588) time: 0.048214, iotime: 0.014788 
2022-08-04 18:31:58,175 [dist_trainer.py:90] WARNING Time per iteration including communication: 0.119602, Speed: 2140.429861 images/s
2022-08-04 18:31:58,957 [dl_trainer.py:634] INFO train iter: 3300, num_batches_per_epoch: 25
2022-08-04 18:31:58,958 [dl_trainer.py:635] INFO Epoch 132, avg train acc: 98.468750, lr: 0.001000, avg loss: 0.048136
2022-08-04 18:32:01,035 [dist_trainer.py:90] WARNING Time per iteration including communication: 0.119101, Speed: 2149.440893 images/s
2022-08-04 18:32:01,635 [dl_trainer.py:731] WARNING [132][ 3320/   25][rank:7] loss: 0.032, average forward (0.009701) and backward (0.023757) time: 0.048129, iotime: 0.013447 
2022-08-04 18:32:01,875 [dl_trainer.py:634] INFO train iter: 3325, num_batches_per_epoch: 25
2022-08-04 18:32:01,876 [dl_trainer.py:635] INFO Epoch 133, avg train acc: 98.843750, lr: 0.001000, avg loss: 0.040791
2022-08-04 18:32:03,864 [dist_trainer.py:90] WARNING Time per iteration including communication: 0.117874, Speed: 2171.805883 images/s
2022-08-04 18:32:04,753 [dl_trainer.py:634] INFO train iter: 3350, num_batches_per_epoch: 25
2022-08-04 18:32:04,753 [dl_trainer.py:635] INFO Epoch 134, avg train acc: 98.812500, lr: 0.001000, avg loss: 0.043378
2022-08-04 18:32:06,756 [dl_trainer.py:731] WARNING [134][ 3360/   25][rank:7] loss: 0.050, average forward (0.009255) and backward (0.023950) time: 0.042167, iotime: 0.008419 
2022-08-04 18:32:06,774 [dist_trainer.py:90] WARNING Time per iteration including communication: 0.121194, Speed: 2112.313799 images/s
2022-08-04 18:32:07,713 [dl_trainer.py:634] INFO train iter: 3375, num_batches_per_epoch: 25
2022-08-04 18:32:07,714 [dl_trainer.py:635] INFO Epoch 135, avg train acc: 98.640625, lr: 0.001000, avg loss: 0.043591
2022-08-04 18:32:09,605 [dist_trainer.py:90] WARNING Time per iteration including communication: 0.117947, Speed: 2170.463430 images/s
