2022-08-04 18:25:05,149 [dist_trainer.py:135] INFO Configurations: Namespace(batch_size=256, compressor='topk', data_dir='./data', dataset='cifar10', density=1.0, dnn='resnet20', lr=0.1, max_epochs=141, nsteps_update=1, num_steps=35, nworkers=8, nwpernode=8, pretrain=None, saved_dir='./logs/iclr', threshold=524288000)
2022-08-04 18:25:29,646 [dl_trainer.py:254] INFO num_batches_per_epoch: 25
2022-08-04 18:25:29,652 [distributed_optimizer.py:63] INFO _dynamic_densities: [0.015625, 0.004, 0.001]
2022-08-04 18:25:29,654 [distributed_optimizer.py:323] INFO # of parameters: 269722
2022-08-04 18:25:29,654 [distributed_optimizer.py:324] INFO Total number of tensors: 59
2022-08-04 18:25:29,654 [distributed_optimizer.py:325] INFO Merged Number of groups: 1
2022-08-04 18:25:30,470 [dist_trainer.py:62] INFO max_epochs: 141
2022-08-04 18:25:33,607 [dist_trainer.py:90] WARNING Time per iteration including communication: 0.130661, Speed: 1959.269672 images/s
2022-08-04 18:25:33,874 [dl_trainer.py:634] INFO train iter: 25, num_batches_per_epoch: 25
2022-08-04 18:25:33,874 [dl_trainer.py:635] INFO Epoch 1, avg train acc: 21.671875, lr: 0.020640, avg loss: 2.401414
2022-08-04 18:25:36,071 [dl_trainer.py:731] WARNING [  1][   40/   25][rank:1] loss: 1.580, average forward (0.054808) and backward (0.027099) time: 0.090181, iotime: 0.007666 
2022-08-04 18:25:36,457 [dist_trainer.py:90] WARNING Time per iteration including communication: 0.118735, Speed: 2156.062621 images/s
2022-08-04 18:25:36,802 [dl_trainer.py:634] INFO train iter: 50, num_batches_per_epoch: 25
2022-08-04 18:25:36,803 [dl_trainer.py:635] INFO Epoch 2, avg train acc: 38.328125, lr: 0.040480, avg loss: 1.674727
2022-08-04 18:25:39,455 [dist_trainer.py:90] WARNING Time per iteration including communication: 0.124933, Speed: 2049.096127 images/s
2022-08-04 18:25:39,847 [dl_trainer.py:634] INFO train iter: 75, num_batches_per_epoch: 25
2022-08-04 18:25:39,848 [dl_trainer.py:635] INFO Epoch 3, avg train acc: 44.656250, lr: 0.060320, avg loss: 1.490823
2022-08-04 18:25:41,565 [dl_trainer.py:731] WARNING [  3][   80/   25][rank:1] loss: 1.401, average forward (0.010162) and backward (0.024416) time: 0.049977, iotime: 0.014761 
2022-08-04 18:25:42,305 [dist_trainer.py:90] WARNING Time per iteration including communication: 0.118719, Speed: 2156.352185 images/s
2022-08-04 18:25:42,764 [dl_trainer.py:634] INFO train iter: 100, num_batches_per_epoch: 25
2022-08-04 18:25:42,765 [dl_trainer.py:635] INFO Epoch 4, avg train acc: 50.953125, lr: 0.080160, avg loss: 1.342238
2022-08-04 18:25:45,378 [dl_trainer.py:731] WARNING [  4][  120/   25][rank:1] loss: 1.184, average forward (0.009743) and backward (0.023953) time: 0.042855, iotime: 0.008742 
2022-08-04 18:25:45,388 [dist_trainer.py:90] WARNING Time per iteration including communication: 0.128426, Speed: 1993.368829 images/s
2022-08-04 18:25:45,871 [dl_trainer.py:634] INFO train iter: 125, num_batches_per_epoch: 25
2022-08-04 18:25:45,872 [dl_trainer.py:635] INFO Epoch 5, avg train acc: 55.796875, lr: 0.100000, avg loss: 1.209885
2022-08-04 18:25:48,274 [dist_trainer.py:90] WARNING Time per iteration including communication: 0.120222, Speed: 2129.394970 images/s
2022-08-04 18:25:48,808 [dl_trainer.py:634] INFO train iter: 150, num_batches_per_epoch: 25
2022-08-04 18:25:48,808 [dl_trainer.py:635] INFO Epoch 6, avg train acc: 62.031250, lr: 0.100000, avg loss: 1.081904
2022-08-04 18:25:50,814 [dl_trainer.py:731] WARNING [  6][  160/   25][rank:1] loss: 0.997, average forward (0.009554) and backward (0.023546) time: 0.048109, iotime: 0.014433 
2022-08-04 18:25:51,215 [dist_trainer.py:90] WARNING Time per iteration including communication: 0.122485, Speed: 2090.057913 images/s
2022-08-04 18:25:51,788 [dl_trainer.py:634] INFO train iter: 175, num_batches_per_epoch: 25
2022-08-04 18:25:51,788 [dl_trainer.py:635] INFO Epoch 7, avg train acc: 66.234375, lr: 0.100000, avg loss: 0.945894
2022-08-04 18:25:54,091 [dist_trainer.py:90] WARNING Time per iteration including communication: 0.119809, Speed: 2136.734981 images/s
2022-08-04 18:25:54,711 [dl_trainer.py:731] WARNING [  7][  200/   25][rank:1] loss: 0.793, average forward (0.009009) and backward (0.024574) time: 0.048484, iotime: 0.014577 
2022-08-04 18:25:54,721 [dl_trainer.py:634] INFO train iter: 200, num_batches_per_epoch: 25
2022-08-04 18:25:54,721 [dl_trainer.py:635] INFO Epoch 8, avg train acc: 70.578125, lr: 0.100000, avg loss: 0.843586
2022-08-04 18:25:56,996 [dist_trainer.py:90] WARNING Time per iteration including communication: 0.120971, Speed: 2116.216548 images/s
2022-08-04 18:25:57,687 [dl_trainer.py:634] INFO train iter: 225, num_batches_per_epoch: 25
2022-08-04 18:25:57,688 [dl_trainer.py:635] INFO Epoch 9, avg train acc: 72.562500, lr: 0.100000, avg loss: 0.791132
2022-08-04 18:25:59,873 [dl_trainer.py:731] WARNING [  9][  240/   25][rank:1] loss: 0.652, average forward (0.009099) and backward (0.024044) time: 0.043547, iotime: 0.009321 
2022-08-04 18:25:59,883 [dist_trainer.py:90] WARNING Time per iteration including communication: 0.120288, Speed: 2128.230258 images/s
2022-08-04 18:26:00,596 [dl_trainer.py:634] INFO train iter: 250, num_batches_per_epoch: 25
2022-08-04 18:26:00,597 [dl_trainer.py:635] INFO Epoch 10, avg train acc: 74.921875, lr: 0.100000, avg loss: 0.703352
2022-08-04 18:26:02,833 [dist_trainer.py:90] WARNING Time per iteration including communication: 0.122902, Speed: 2082.953573 images/s
2022-08-04 18:26:03,591 [dl_trainer.py:634] INFO train iter: 275, num_batches_per_epoch: 25
2022-08-04 18:26:03,592 [dl_trainer.py:635] INFO Epoch 11, avg train acc: 76.875000, lr: 0.100000, avg loss: 0.660858
2022-08-04 18:26:05,273 [dl_trainer.py:731] WARNING [ 11][  280/   25][rank:1] loss: 0.650, average forward (0.009482) and backward (0.024086) time: 0.047532, iotime: 0.013676 
2022-08-04 18:26:05,654 [dist_trainer.py:90] WARNING Time per iteration including communication: 0.117511, Speed: 2178.525641 images/s
2022-08-04 18:26:06,431 [dl_trainer.py:634] INFO train iter: 300, num_batches_per_epoch: 25
2022-08-04 18:26:06,431 [dl_trainer.py:635] INFO Epoch 12, avg train acc: 78.453125, lr: 0.100000, avg loss: 0.616752
2022-08-04 18:26:08,477 [dist_trainer.py:90] WARNING Time per iteration including communication: 0.117594, Speed: 2176.985061 images/s
2022-08-04 18:26:09,069 [dl_trainer.py:731] WARNING [ 12][  320/   25][rank:1] loss: 0.681, average forward (0.008652) and backward (0.023797) time: 0.047001, iotime: 0.014035 
2022-08-04 18:26:09,310 [dl_trainer.py:634] INFO train iter: 325, num_batches_per_epoch: 25
2022-08-04 18:26:09,310 [dl_trainer.py:635] INFO Epoch 13, avg train acc: 79.750000, lr: 0.100000, avg loss: 0.601309
2022-08-04 18:26:11,289 [dist_trainer.py:90] WARNING Time per iteration including communication: 0.117147, Speed: 2185.289521 images/s
2022-08-04 18:26:12,183 [dl_trainer.py:634] INFO train iter: 350, num_batches_per_epoch: 25
2022-08-04 18:26:12,183 [dl_trainer.py:635] INFO Epoch 14, avg train acc: 80.656250, lr: 0.100000, avg loss: 0.553045
2022-08-04 18:26:14,156 [dl_trainer.py:731] WARNING [ 14][  360/   25][rank:1] loss: 0.512, average forward (0.009634) and backward (0.024518) time: 0.043221, iotime: 0.008429 
2022-08-04 18:26:14,166 [dist_trainer.py:90] WARNING Time per iteration including communication: 0.119880, Speed: 2135.461887 images/s
2022-08-04 18:26:15,089 [dl_trainer.py:634] INFO train iter: 375, num_batches_per_epoch: 25
2022-08-04 18:26:15,089 [dl_trainer.py:635] INFO Epoch 15, avg train acc: 81.812500, lr: 0.100000, avg loss: 0.519436
2022-08-04 18:26:16,955 [dist_trainer.py:90] WARNING Time per iteration including communication: 0.116160, Speed: 2203.853444 images/s
2022-08-04 18:26:17,932 [dl_trainer.py:731] WARNING [ 15][  400/   25][rank:1] loss: 0.555, average forward (0.009496) and backward (0.023262) time: 0.047974, iotime: 0.014934 
2022-08-04 18:26:17,947 [dl_trainer.py:634] INFO train iter: 400, num_batches_per_epoch: 25
2022-08-04 18:26:17,947 [dl_trainer.py:635] INFO Epoch 16, avg train acc: 82.140625, lr: 0.100000, avg loss: 0.514515
2022-08-04 18:26:19,805 [dist_trainer.py:90] WARNING Time per iteration including communication: 0.118759, Speed: 2155.620937 images/s
2022-08-04 18:26:20,823 [dl_trainer.py:634] INFO train iter: 425, num_batches_per_epoch: 25
2022-08-04 18:26:20,824 [dl_trainer.py:635] INFO Epoch 17, avg train acc: 83.687500, lr: 0.100000, avg loss: 0.474476
2022-08-04 18:26:22,639 [dist_trainer.py:90] WARNING Time per iteration including communication: 0.118048, Speed: 2168.602584 images/s
2022-08-04 18:26:23,233 [dl_trainer.py:731] WARNING [ 17][  440/   25][rank:1] loss: 0.453, average forward (0.009314) and backward (0.023727) time: 0.047639, iotime: 0.014158 
2022-08-04 18:26:23,677 [dl_trainer.py:634] INFO train iter: 450, num_batches_per_epoch: 25
2022-08-04 18:26:23,678 [dl_trainer.py:635] INFO Epoch 18, avg train acc: 84.015625, lr: 0.100000, avg loss: 0.462376
2022-08-04 18:26:25,473 [dist_trainer.py:90] WARNING Time per iteration including communication: 0.118079, Speed: 2168.035723 images/s
2022-08-04 18:26:26,555 [dl_trainer.py:634] INFO train iter: 475, num_batches_per_epoch: 25
2022-08-04 18:26:26,555 [dl_trainer.py:635] INFO Epoch 19, avg train acc: 84.140625, lr: 0.100000, avg loss: 0.453094
2022-08-04 18:26:28,345 [dl_trainer.py:731] WARNING [ 19][  480/   25][rank:1] loss: 0.490, average forward (0.009240) and backward (0.023218) time: 0.041712, iotime: 0.008948 
2022-08-04 18:26:28,360 [dist_trainer.py:90] WARNING Time per iteration including communication: 0.120245, Speed: 2128.991758 images/s
2022-08-04 18:26:29,468 [dl_trainer.py:634] INFO train iter: 500, num_batches_per_epoch: 25
2022-08-04 18:26:29,469 [dl_trainer.py:635] INFO Epoch 20, avg train acc: 83.906250, lr: 0.100000, avg loss: 0.444984
2022-08-04 18:26:31,207 [dist_trainer.py:90] WARNING Time per iteration including communication: 0.118630, Speed: 2157.965968 images/s
2022-08-04 18:26:32,202 [dl_trainer.py:731] WARNING [ 20][  520/   25][rank:1] loss: 0.442, average forward (0.008964) and backward (0.023861) time: 0.047579, iotime: 0.014234 
2022-08-04 18:26:32,456 [dl_trainer.py:634] INFO train iter: 525, num_batches_per_epoch: 25
2022-08-04 18:26:32,456 [dl_trainer.py:635] INFO Epoch 21, avg train acc: 85.031250, lr: 0.100000, avg loss: 0.437418
2022-08-04 18:26:34,130 [dist_trainer.py:90] WARNING Time per iteration including communication: 0.121741, Speed: 2102.830567 images/s
2022-08-04 18:26:35,331 [dl_trainer.py:634] INFO train iter: 550, num_batches_per_epoch: 25
2022-08-04 18:26:35,332 [dl_trainer.py:635] INFO Epoch 22, avg train acc: 86.234375, lr: 0.100000, avg loss: 0.397045
2022-08-04 18:26:37,040 [dist_trainer.py:90] WARNING Time per iteration including communication: 0.121249, Speed: 2111.360556 images/s
2022-08-04 18:26:37,646 [dl_trainer.py:731] WARNING [ 22][  560/   25][rank:1] loss: 0.456, average forward (0.009692) and backward (0.024481) time: 0.049524, iotime: 0.014360 
2022-08-04 18:26:38,340 [dl_trainer.py:634] INFO train iter: 575, num_batches_per_epoch: 25
2022-08-04 18:26:38,341 [dl_trainer.py:635] INFO Epoch 23, avg train acc: 86.500000, lr: 0.100000, avg loss: 0.388700
2022-08-04 18:26:39,915 [dist_trainer.py:90] WARNING Time per iteration including communication: 0.119780, Speed: 2137.257760 images/s
2022-08-04 18:26:41,231 [dl_trainer.py:731] WARNING [ 23][  600/   25][rank:1] loss: 0.419, average forward (0.009031) and backward (0.024618) time: 0.042434, iotime: 0.008527 
2022-08-04 18:26:41,239 [dist_trainer.py:90] WARNING Time per iteration including communication: 0.055118, Speed: 4644.590385 images/s
2022-08-04 18:26:41,240 [dl_trainer.py:634] INFO train iter: 600, num_batches_per_epoch: 25
2022-08-04 18:26:41,240 [dl_trainer.py:635] INFO Epoch 24, avg train acc: 87.515625, lr: 0.100000, avg loss: 0.373751
2022-08-04 18:26:44,283 [dist_trainer.py:90] WARNING Time per iteration including communication: 0.126816, Speed: 2018.678976 images/s
2022-08-04 18:26:44,570 [dl_trainer.py:634] INFO train iter: 625, num_batches_per_epoch: 25
2022-08-04 18:26:44,570 [dl_trainer.py:635] INFO Epoch 25, avg train acc: 87.453125, lr: 0.100000, avg loss: 0.366629
2022-08-04 18:26:46,798 [dl_trainer.py:731] WARNING [ 25][  640/   25][rank:1] loss: 0.393, average forward (0.009403) and backward (0.023626) time: 0.047678, iotime: 0.014360 
2022-08-04 18:26:47,173 [dist_trainer.py:90] WARNING Time per iteration including communication: 0.120393, Speed: 2126.373894 images/s
2022-08-04 18:26:47,510 [dl_trainer.py:634] INFO train iter: 650, num_batches_per_epoch: 25
2022-08-04 18:26:47,511 [dl_trainer.py:635] INFO Epoch 26, avg train acc: 87.500000, lr: 0.100000, avg loss: 0.355481
2022-08-04 18:26:50,084 [dist_trainer.py:90] WARNING Time per iteration including communication: 0.121275, Speed: 2110.907600 images/s
2022-08-04 18:26:50,488 [dl_trainer.py:634] INFO train iter: 675, num_batches_per_epoch: 25
2022-08-04 18:26:50,488 [dl_trainer.py:635] INFO Epoch 27, avg train acc: 88.281250, lr: 0.100000, avg loss: 0.337229
2022-08-04 18:26:52,262 [dl_trainer.py:731] WARNING [ 27][  680/   25][rank:1] loss: 0.354, average forward (0.009317) and backward (0.024170) time: 0.048407, iotime: 0.014520 
2022-08-04 18:26:53,029 [dist_trainer.py:90] WARNING Time per iteration including communication: 0.122659, Speed: 2087.081086 images/s
2022-08-04 18:26:53,445 [dl_trainer.py:634] INFO train iter: 700, num_batches_per_epoch: 25
2022-08-04 18:26:53,445 [dl_trainer.py:635] INFO Epoch 28, avg train acc: 88.234375, lr: 0.100000, avg loss: 0.337257
2022-08-04 18:26:56,223 [dl_trainer.py:731] WARNING [ 28][  720/   25][rank:1] loss: 0.288, average forward (0.009336) and backward (0.024700) time: 0.043307, iotime: 0.008928 
2022-08-04 18:26:56,229 [dist_trainer.py:90] WARNING Time per iteration including communication: 0.133344, Speed: 1919.841627 images/s
2022-08-04 18:26:56,718 [dl_trainer.py:634] INFO train iter: 725, num_batches_per_epoch: 25
2022-08-04 18:26:56,718 [dl_trainer.py:635] INFO Epoch 29, avg train acc: 88.250000, lr: 0.100000, avg loss: 0.331003
2022-08-04 18:26:59,171 [dist_trainer.py:90] WARNING Time per iteration including communication: 0.122545, Speed: 2089.029131 images/s
2022-08-04 18:26:59,702 [dl_trainer.py:634] INFO train iter: 750, num_batches_per_epoch: 25
2022-08-04 18:26:59,703 [dl_trainer.py:635] INFO Epoch 30, avg train acc: 88.703125, lr: 0.100000, avg loss: 0.322450
2022-08-04 18:27:01,832 [dl_trainer.py:731] WARNING [ 30][  760/   25][rank:1] loss: 0.277, average forward (0.008851) and backward (0.024479) time: 0.048160, iotime: 0.014229 
2022-08-04 18:27:02,218 [dist_trainer.py:90] WARNING Time per iteration including communication: 0.126907, Speed: 2017.232145 images/s
2022-08-04 18:27:02,810 [dl_trainer.py:634] INFO train iter: 775, num_batches_per_epoch: 25
2022-08-04 18:27:02,810 [dl_trainer.py:635] INFO Epoch 31, avg train acc: 89.453125, lr: 0.100000, avg loss: 0.299910
2022-08-04 18:27:05,158 [dist_trainer.py:90] WARNING Time per iteration including communication: 0.122501, Speed: 2089.778083 images/s
2022-08-04 18:27:05,787 [dl_trainer.py:731] WARNING [ 31][  800/   25][rank:1] loss: 0.286, average forward (0.009361) and backward (0.023589) time: 0.047365, iotime: 0.014131 
2022-08-04 18:27:05,793 [dl_trainer.py:634] INFO train iter: 800, num_batches_per_epoch: 25
2022-08-04 18:27:05,794 [dl_trainer.py:635] INFO Epoch 32, avg train acc: 88.921875, lr: 0.100000, avg loss: 0.317721
2022-08-04 18:27:08,133 [dist_trainer.py:90] WARNING Time per iteration including communication: 0.123941, Speed: 2065.499663 images/s
2022-08-04 18:27:08,794 [dl_trainer.py:634] INFO train iter: 825, num_batches_per_epoch: 25
2022-08-04 18:27:08,795 [dl_trainer.py:635] INFO Epoch 33, avg train acc: 89.218750, lr: 0.100000, avg loss: 0.301880
2022-08-04 18:27:11,038 [dl_trainer.py:731] WARNING [ 33][  840/   25][rank:1] loss: 0.348, average forward (0.008812) and backward (0.023836) time: 0.041765, iotime: 0.008650 
2022-08-04 18:27:11,056 [dist_trainer.py:90] WARNING Time per iteration including communication: 0.121757, Speed: 2102.543875 images/s
2022-08-04 18:27:11,738 [dl_trainer.py:634] INFO train iter: 850, num_batches_per_epoch: 25
2022-08-04 18:27:11,739 [dl_trainer.py:635] INFO Epoch 34, avg train acc: 89.390625, lr: 0.100000, avg loss: 0.299902
2022-08-04 18:27:14,094 [dist_trainer.py:90] WARNING Time per iteration including communication: 0.126573, Speed: 2022.546088 images/s
2022-08-04 18:27:14,848 [dl_trainer.py:634] INFO train iter: 875, num_batches_per_epoch: 25
2022-08-04 18:27:14,848 [dl_trainer.py:635] INFO Epoch 35, avg train acc: 89.453125, lr: 0.100000, avg loss: 0.295666
2022-08-04 18:27:16,613 [dl_trainer.py:731] WARNING [ 35][  880/   25][rank:1] loss: 0.315, average forward (0.009157) and backward (0.024761) time: 0.048885, iotime: 0.014400 
2022-08-04 18:27:16,989 [dist_trainer.py:90] WARNING Time per iteration including communication: 0.120621, Speed: 2122.357762 images/s
2022-08-04 18:27:17,790 [dl_trainer.py:634] INFO train iter: 900, num_batches_per_epoch: 25
2022-08-04 18:27:17,790 [dl_trainer.py:635] INFO Epoch 36, avg train acc: 89.875000, lr: 0.100000, avg loss: 0.287981
2022-08-04 18:27:19,894 [dist_trainer.py:90] WARNING Time per iteration including communication: 0.121000, Speed: 2115.707137 images/s
2022-08-04 18:27:20,530 [dl_trainer.py:731] WARNING [ 36][  920/   25][rank:1] loss: 0.292, average forward (0.010029) and backward (0.023752) time: 0.048307, iotime: 0.014244 
2022-08-04 18:27:20,744 [dl_trainer.py:634] INFO train iter: 925, num_batches_per_epoch: 25
2022-08-04 18:27:20,745 [dl_trainer.py:635] INFO Epoch 37, avg train acc: 89.671875, lr: 0.100000, avg loss: 0.285851
2022-08-04 18:27:22,773 [dist_trainer.py:90] WARNING Time per iteration including communication: 0.119938, Speed: 2134.437433 images/s
2022-08-04 18:27:23,704 [dl_trainer.py:634] INFO train iter: 950, num_batches_per_epoch: 25
2022-08-04 18:27:23,704 [dl_trainer.py:635] INFO Epoch 38, avg train acc: 89.921875, lr: 0.100000, avg loss: 0.281999
2022-08-04 18:27:25,762 [dl_trainer.py:731] WARNING [ 38][  960/   25][rank:1] loss: 0.366, average forward (0.009497) and backward (0.024626) time: 0.043270, iotime: 0.008858 
2022-08-04 18:27:25,768 [dist_trainer.py:90] WARNING Time per iteration including communication: 0.124774, Speed: 2051.716694 images/s
2022-08-04 18:27:26,745 [dl_trainer.py:634] INFO train iter: 975, num_batches_per_epoch: 25
2022-08-04 18:27:26,746 [dl_trainer.py:635] INFO Epoch 39, avg train acc: 90.125000, lr: 0.100000, avg loss: 0.275345
2022-08-04 18:27:28,786 [dist_trainer.py:90] WARNING Time per iteration including communication: 0.125743, Speed: 2035.902451 images/s
2022-08-04 18:27:29,768 [dl_trainer.py:731] WARNING [ 39][ 1000/   25][rank:1] loss: 0.291, average forward (0.008757) and backward (0.025552) time: 0.048929, iotime: 0.014337 
2022-08-04 18:27:29,786 [dl_trainer.py:634] INFO train iter: 1000, num_batches_per_epoch: 25
2022-08-04 18:27:29,786 [dl_trainer.py:635] INFO Epoch 40, avg train acc: 90.781250, lr: 0.100000, avg loss: 0.262689
2022-08-04 18:27:31,750 [dist_trainer.py:90] WARNING Time per iteration including communication: 0.123486, Speed: 2073.103627 images/s
2022-08-04 18:27:32,849 [dl_trainer.py:634] INFO train iter: 1025, num_batches_per_epoch: 25
2022-08-04 18:27:32,850 [dl_trainer.py:635] INFO Epoch 41, avg train acc: 91.453125, lr: 0.100000, avg loss: 0.260052
2022-08-04 18:27:34,732 [dist_trainer.py:90] WARNING Time per iteration including communication: 0.124226, Speed: 2060.760657 images/s
2022-08-04 18:27:35,343 [dl_trainer.py:731] WARNING [ 41][ 1040/   25][rank:1] loss: 0.311, average forward (0.009283) and backward (0.024880) time: 0.048638, iotime: 0.014196 
2022-08-04 18:27:35,843 [dl_trainer.py:634] INFO train iter: 1050, num_batches_per_epoch: 25
2022-08-04 18:27:35,843 [dl_trainer.py:635] INFO Epoch 42, avg train acc: 90.703125, lr: 0.100000, avg loss: 0.261243
2022-08-04 18:27:37,700 [dist_trainer.py:90] WARNING Time per iteration including communication: 0.123629, Speed: 2070.718490 images/s
2022-08-04 18:27:38,779 [dl_trainer.py:634] INFO train iter: 1075, num_batches_per_epoch: 25
2022-08-04 18:27:38,780 [dl_trainer.py:635] INFO Epoch 43, avg train acc: 91.453125, lr: 0.100000, avg loss: 0.250481
2022-08-04 18:27:40,568 [dl_trainer.py:731] WARNING [ 43][ 1080/   25][rank:1] loss: 0.188, average forward (0.008704) and backward (0.024819) time: 0.042481, iotime: 0.008597 
2022-08-04 18:27:40,577 [dist_trainer.py:90] WARNING Time per iteration including communication: 0.119868, Speed: 2135.685764 images/s
2022-08-04 18:27:41,729 [dl_trainer.py:634] INFO train iter: 1100, num_batches_per_epoch: 25
2022-08-04 18:27:41,730 [dl_trainer.py:635] INFO Epoch 44, avg train acc: 91.171875, lr: 0.100000, avg loss: 0.244045
2022-08-04 18:27:43,522 [dist_trainer.py:90] WARNING Time per iteration including communication: 0.122671, Speed: 2086.881310 images/s
2022-08-04 18:27:44,587 [dl_trainer.py:731] WARNING [ 44][ 1120/   25][rank:1] loss: 0.267, average forward (0.009220) and backward (0.024254) time: 0.047819, iotime: 0.014076 
2022-08-04 18:27:44,813 [dl_trainer.py:634] INFO train iter: 1125, num_batches_per_epoch: 25
2022-08-04 18:27:44,814 [dl_trainer.py:635] INFO Epoch 45, avg train acc: 92.078125, lr: 0.100000, avg loss: 0.225665
2022-08-04 18:27:46,513 [dist_trainer.py:90] WARNING Time per iteration including communication: 0.124616, Speed: 2054.313020 images/s
2022-08-04 18:27:47,800 [dl_trainer.py:634] INFO train iter: 1150, num_batches_per_epoch: 25
2022-08-04 18:27:47,801 [dl_trainer.py:635] INFO Epoch 46, avg train acc: 91.890625, lr: 0.100000, avg loss: 0.224297
2022-08-04 18:27:49,446 [dist_trainer.py:90] WARNING Time per iteration including communication: 0.122196, Speed: 2094.994265 images/s
2022-08-04 18:27:50,093 [dl_trainer.py:731] WARNING [ 46][ 1160/   25][rank:1] loss: 0.158, average forward (0.009044) and backward (0.024073) time: 0.048072, iotime: 0.014626 
2022-08-04 18:27:50,806 [dl_trainer.py:634] INFO train iter: 1175, num_batches_per_epoch: 25
2022-08-04 18:27:50,806 [dl_trainer.py:635] INFO Epoch 47, avg train acc: 92.156250, lr: 0.100000, avg loss: 0.226099
2022-08-04 18:27:52,386 [dist_trainer.py:90] WARNING Time per iteration including communication: 0.122477, Speed: 2090.189973 images/s
2022-08-04 18:27:53,758 [dl_trainer.py:731] WARNING [ 47][ 1200/   25][rank:1] loss: 0.329, average forward (0.009339) and backward (0.024360) time: 0.042917, iotime: 0.008936 
2022-08-04 18:27:53,769 [dist_trainer.py:90] WARNING Time per iteration including communication: 0.057609, Speed: 4443.772192 images/s
2022-08-04 18:27:53,771 [dl_trainer.py:634] INFO train iter: 1200, num_batches_per_epoch: 25
2022-08-04 18:27:53,771 [dl_trainer.py:635] INFO Epoch 48, avg train acc: 91.750000, lr: 0.100000, avg loss: 0.234346
2022-08-04 18:27:56,761 [dist_trainer.py:90] WARNING Time per iteration including communication: 0.124609, Speed: 2054.430283 images/s
2022-08-04 18:27:57,064 [dl_trainer.py:634] INFO train iter: 1225, num_batches_per_epoch: 25
2022-08-04 18:27:57,064 [dl_trainer.py:635] INFO Epoch 49, avg train acc: 92.218750, lr: 0.100000, avg loss: 0.211622
2022-08-04 18:27:59,233 [dl_trainer.py:731] WARNING [ 49][ 1240/   25][rank:1] loss: 0.228, average forward (0.009254) and backward (0.024708) time: 0.048594, iotime: 0.014334 
2022-08-04 18:27:59,614 [dist_trainer.py:90] WARNING Time per iteration including communication: 0.118863, Speed: 2153.739003 images/s
2022-08-04 18:27:59,960 [dl_trainer.py:634] INFO train iter: 1250, num_batches_per_epoch: 25
2022-08-04 18:27:59,960 [dl_trainer.py:635] INFO Epoch 50, avg train acc: 93.328125, lr: 0.100000, avg loss: 0.197852
2022-08-04 18:28:02,459 [dist_trainer.py:90] WARNING Time per iteration including communication: 0.118503, Speed: 2160.289846 images/s
2022-08-04 18:28:02,855 [dl_trainer.py:634] INFO train iter: 1275, num_batches_per_epoch: 25
2022-08-04 18:28:02,855 [dl_trainer.py:635] INFO Epoch 51, avg train acc: 92.703125, lr: 0.100000, avg loss: 0.209476
2022-08-04 18:28:04,579 [dl_trainer.py:731] WARNING [ 51][ 1280/   25][rank:1] loss: 0.188, average forward (0.009305) and backward (0.024395) time: 0.048152, iotime: 0.014164 
2022-08-04 18:28:05,350 [dist_trainer.py:90] WARNING Time per iteration including communication: 0.120424, Speed: 2125.825209 images/s
2022-08-04 18:28:05,782 [dl_trainer.py:634] INFO train iter: 1300, num_batches_per_epoch: 25
2022-08-04 18:28:05,782 [dl_trainer.py:635] INFO Epoch 52, avg train acc: 92.906250, lr: 0.100000, avg loss: 0.200499
2022-08-04 18:28:08,201 [dl_trainer.py:731] WARNING [ 52][ 1320/   25][rank:1] loss: 0.203, average forward (0.008882) and backward (0.024745) time: 0.042776, iotime: 0.008835 
2022-08-04 18:28:08,213 [dist_trainer.py:90] WARNING Time per iteration including communication: 0.119284, Speed: 2146.131049 images/s
2022-08-04 18:28:08,693 [dl_trainer.py:634] INFO train iter: 1325, num_batches_per_epoch: 25
2022-08-04 18:28:08,694 [dl_trainer.py:635] INFO Epoch 53, avg train acc: 92.937500, lr: 0.100000, avg loss: 0.201128
2022-08-04 18:28:10,990 [dist_trainer.py:90] WARNING Time per iteration including communication: 0.115695, Speed: 2212.719790 images/s
2022-08-04 18:28:11,512 [dl_trainer.py:634] INFO train iter: 1350, num_batches_per_epoch: 25
2022-08-04 18:28:11,513 [dl_trainer.py:635] INFO Epoch 54, avg train acc: 93.390625, lr: 0.100000, avg loss: 0.189750
2022-08-04 18:28:13,520 [dl_trainer.py:731] WARNING [ 54][ 1360/   25][rank:1] loss: 0.171, average forward (0.009000) and backward (0.024135) time: 0.048385, iotime: 0.014727 
2022-08-04 18:28:13,893 [dist_trainer.py:90] WARNING Time per iteration including communication: 0.120932, Speed: 2116.900087 images/s
2022-08-04 18:28:14,457 [dl_trainer.py:634] INFO train iter: 1375, num_batches_per_epoch: 25
2022-08-04 18:28:14,458 [dl_trainer.py:635] INFO Epoch 55, avg train acc: 93.109375, lr: 0.100000, avg loss: 0.199601
2022-08-04 18:28:16,687 [dist_trainer.py:90] WARNING Time per iteration including communication: 0.116379, Speed: 2199.704448 images/s
2022-08-04 18:28:17,308 [dl_trainer.py:731] WARNING [ 55][ 1400/   25][rank:1] loss: 0.139, average forward (0.008839) and backward (0.024141) time: 0.047181, iotime: 0.013879 
2022-08-04 18:28:17,315 [dl_trainer.py:634] INFO train iter: 1400, num_batches_per_epoch: 25
2022-08-04 18:28:17,315 [dl_trainer.py:635] INFO Epoch 56, avg train acc: 93.453125, lr: 0.100000, avg loss: 0.177897
2022-08-04 18:28:19,536 [dist_trainer.py:90] WARNING Time per iteration including communication: 0.118672, Speed: 2157.211233 images/s
2022-08-04 18:28:20,179 [dl_trainer.py:634] INFO train iter: 1425, num_batches_per_epoch: 25
2022-08-04 18:28:20,180 [dl_trainer.py:635] INFO Epoch 57, avg train acc: 93.531250, lr: 0.100000, avg loss: 0.183480
2022-08-04 18:28:22,379 [dl_trainer.py:731] WARNING [ 57][ 1440/   25][rank:1] loss: 0.215, average forward (0.008692) and backward (0.024244) time: 0.041841, iotime: 0.008611 
2022-08-04 18:28:22,390 [dist_trainer.py:90] WARNING Time per iteration including communication: 0.118931, Speed: 2152.504005 images/s
2022-08-04 18:28:23,074 [dl_trainer.py:634] INFO train iter: 1450, num_batches_per_epoch: 25
2022-08-04 18:28:23,074 [dl_trainer.py:635] INFO Epoch 58, avg train acc: 93.359375, lr: 0.100000, avg loss: 0.183641
2022-08-04 18:28:25,223 [dist_trainer.py:90] WARNING Time per iteration including communication: 0.118014, Speed: 2169.240954 images/s
2022-08-04 18:28:25,997 [dl_trainer.py:634] INFO train iter: 1475, num_batches_per_epoch: 25
2022-08-04 18:28:25,998 [dl_trainer.py:635] INFO Epoch 59, avg train acc: 92.921875, lr: 0.100000, avg loss: 0.196821
2022-08-04 18:28:27,686 [dl_trainer.py:731] WARNING [ 59][ 1480/   25][rank:1] loss: 0.154, average forward (0.009543) and backward (0.024077) time: 0.048221, iotime: 0.014205 
2022-08-04 18:28:28,064 [dist_trainer.py:90] WARNING Time per iteration including communication: 0.118346, Speed: 2163.145543 images/s
2022-08-04 18:28:28,851 [dl_trainer.py:634] INFO train iter: 1500, num_batches_per_epoch: 25
2022-08-04 18:28:28,851 [dl_trainer.py:635] INFO Epoch 60, avg train acc: 93.750000, lr: 0.100000, avg loss: 0.175344
2022-08-04 18:28:30,897 [dist_trainer.py:90] WARNING Time per iteration including communication: 0.118011, Speed: 2169.297562 images/s
2022-08-04 18:28:31,523 [dl_trainer.py:731] WARNING [ 60][ 1520/   25][rank:1] loss: 0.191, average forward (0.009291) and backward (0.024045) time: 0.048630, iotime: 0.014776 
2022-08-04 18:28:31,769 [dl_trainer.py:634] INFO train iter: 1525, num_batches_per_epoch: 25
2022-08-04 18:28:31,769 [dl_trainer.py:635] INFO Epoch 61, avg train acc: 93.421875, lr: 0.100000, avg loss: 0.180340
2022-08-04 18:28:33,800 [dist_trainer.py:90] WARNING Time per iteration including communication: 0.120921, Speed: 2117.077650 images/s
2022-08-04 18:28:34,645 [dl_trainer.py:634] INFO train iter: 1550, num_batches_per_epoch: 25
2022-08-04 18:28:34,645 [dl_trainer.py:635] INFO Epoch 62, avg train acc: 93.859375, lr: 0.100000, avg loss: 0.173200
2022-08-04 18:28:36,626 [dl_trainer.py:731] WARNING [ 62][ 1560/   25][rank:1] loss: 0.172, average forward (0.009238) and backward (0.024609) time: 0.042658, iotime: 0.008497 
2022-08-04 18:28:36,639 [dist_trainer.py:90] WARNING Time per iteration including communication: 0.118298, Speed: 2164.024732 images/s
2022-08-04 18:28:37,560 [dl_trainer.py:634] INFO train iter: 1575, num_batches_per_epoch: 25
2022-08-04 18:28:37,560 [dl_trainer.py:635] INFO Epoch 63, avg train acc: 93.406250, lr: 0.100000, avg loss: 0.181689
2022-08-04 18:28:39,647 [dist_trainer.py:90] WARNING Time per iteration including communication: 0.125302, Speed: 2043.055910 images/s
2022-08-04 18:28:40,655 [dl_trainer.py:731] WARNING [ 63][ 1600/   25][rank:1] loss: 0.183, average forward (0.009630) and backward (0.023524) time: 0.048278, iotime: 0.014827 
2022-08-04 18:28:40,665 [dl_trainer.py:634] INFO train iter: 1600, num_batches_per_epoch: 25
2022-08-04 18:28:40,665 [dl_trainer.py:635] INFO Epoch 64, avg train acc: 94.484375, lr: 0.100000, avg loss: 0.162372
2022-08-04 18:28:42,569 [dist_trainer.py:90] WARNING Time per iteration including communication: 0.121746, Speed: 2102.744431 images/s
2022-08-04 18:28:43,600 [dl_trainer.py:634] INFO train iter: 1625, num_batches_per_epoch: 25
2022-08-04 18:28:43,601 [dl_trainer.py:635] INFO Epoch 65, avg train acc: 93.890625, lr: 0.100000, avg loss: 0.172813
2022-08-04 18:28:45,433 [dist_trainer.py:90] WARNING Time per iteration including communication: 0.119302, Speed: 2145.816706 images/s
2022-08-04 18:28:46,041 [dl_trainer.py:731] WARNING [ 65][ 1640/   25][rank:1] loss: 0.160, average forward (0.009006) and backward (0.024583) time: 0.048583, iotime: 0.014698 
2022-08-04 18:28:46,507 [dl_trainer.py:634] INFO train iter: 1650, num_batches_per_epoch: 25
2022-08-04 18:28:46,507 [dl_trainer.py:635] INFO Epoch 66, avg train acc: 93.859375, lr: 0.100000, avg loss: 0.168500
2022-08-04 18:28:48,301 [dist_trainer.py:90] WARNING Time per iteration including communication: 0.119493, Speed: 2142.380854 images/s
2022-08-04 18:28:49,441 [dl_trainer.py:634] INFO train iter: 1675, num_batches_per_epoch: 25
2022-08-04 18:28:49,442 [dl_trainer.py:635] INFO Epoch 67, avg train acc: 94.187500, lr: 0.100000, avg loss: 0.161244
2022-08-04 18:28:51,171 [dl_trainer.py:731] WARNING [ 67][ 1680/   25][rank:1] loss: 0.251, average forward (0.009013) and backward (0.024906) time: 0.043073, iotime: 0.008692 
2022-08-04 18:28:51,182 [dist_trainer.py:90] WARNING Time per iteration including communication: 0.120017, Speed: 2133.037474 images/s
2022-08-04 18:28:52,361 [dl_trainer.py:634] INFO train iter: 1700, num_batches_per_epoch: 25
2022-08-04 18:28:52,362 [dl_trainer.py:635] INFO Epoch 68, avg train acc: 93.828125, lr: 0.100000, avg loss: 0.162890
2022-08-04 18:28:54,075 [dist_trainer.py:90] WARNING Time per iteration including communication: 0.120511, Speed: 2124.294320 images/s
2022-08-04 18:28:55,018 [dl_trainer.py:731] WARNING [ 68][ 1720/   25][rank:1] loss: 0.176, average forward (0.009651) and backward (0.023407) time: 0.047794, iotime: 0.014448 
2022-08-04 18:28:55,252 [dl_trainer.py:634] INFO train iter: 1725, num_batches_per_epoch: 25
2022-08-04 18:28:55,252 [dl_trainer.py:635] INFO Epoch 69, avg train acc: 94.171875, lr: 0.100000, avg loss: 0.161452
2022-08-04 18:28:56,925 [dist_trainer.py:90] WARNING Time per iteration including communication: 0.118753, Speed: 2155.736887 images/s
2022-08-04 18:28:58,164 [dl_trainer.py:634] INFO train iter: 1750, num_batches_per_epoch: 25
2022-08-04 18:28:58,165 [dl_trainer.py:635] INFO Epoch 70, avg train acc: 94.406250, lr: 0.100000, avg loss: 0.155308
2022-08-04 18:28:59,755 [dist_trainer.py:90] WARNING Time per iteration including communication: 0.117887, Speed: 2171.579494 images/s
2022-08-04 18:29:00,348 [dl_trainer.py:731] WARNING [ 70][ 1760/   25][rank:1] loss: 0.112, average forward (0.009046) and backward (0.023758) time: 0.048055, iotime: 0.014441 
2022-08-04 18:29:01,042 [dl_trainer.py:634] INFO train iter: 1775, num_batches_per_epoch: 25
2022-08-04 18:29:01,042 [dl_trainer.py:635] INFO Epoch 71, avg train acc: 94.765625, lr: 0.100000, avg loss: 0.145642
2022-08-04 18:29:02,577 [dist_trainer.py:90] WARNING Time per iteration including communication: 0.117559, Speed: 2177.627824 images/s
2022-08-04 18:29:03,918 [dl_trainer.py:731] WARNING [ 71][ 1800/   25][rank:1] loss: 0.187, average forward (0.009293) and backward (0.023852) time: 0.042341, iotime: 0.008674 
2022-08-04 18:29:03,926 [dist_trainer.py:90] WARNING Time per iteration including communication: 0.056170, Speed: 4557.586844 images/s
2022-08-04 18:29:03,927 [dl_trainer.py:634] INFO train iter: 1800, num_batches_per_epoch: 25
2022-08-04 18:29:03,927 [dl_trainer.py:635] INFO Epoch 72, avg train acc: 94.437500, lr: 0.100000, avg loss: 0.154078
2022-08-04 18:29:06,794 [dist_trainer.py:90] WARNING Time per iteration including communication: 0.119497, Speed: 2142.314778 images/s
2022-08-04 18:29:07,080 [dl_trainer.py:634] INFO train iter: 1825, num_batches_per_epoch: 25
2022-08-04 18:29:07,080 [dl_trainer.py:635] INFO Epoch 73, avg train acc: 94.859375, lr: 0.100000, avg loss: 0.144088
2022-08-04 18:29:09,186 [dl_trainer.py:731] WARNING [ 73][ 1840/   25][rank:1] loss: 0.121, average forward (0.009207) and backward (0.023773) time: 0.048074, iotime: 0.014820 
2022-08-04 18:29:09,576 [dist_trainer.py:90] WARNING Time per iteration including communication: 0.115874, Speed: 2209.305161 images/s
2022-08-04 18:29:09,906 [dl_trainer.py:634] INFO train iter: 1850, num_batches_per_epoch: 25
2022-08-04 18:29:09,907 [dl_trainer.py:635] INFO Epoch 74, avg train acc: 95.015625, lr: 0.100000, avg loss: 0.128565
2022-08-04 18:29:12,357 [dist_trainer.py:90] WARNING Time per iteration including communication: 0.115854, Speed: 2209.670781 images/s
2022-08-04 18:29:12,732 [dl_trainer.py:634] INFO train iter: 1875, num_batches_per_epoch: 25
2022-08-04 18:29:12,733 [dl_trainer.py:635] INFO Epoch 75, avg train acc: 94.625000, lr: 0.100000, avg loss: 0.152605
2022-08-04 18:29:14,493 [dl_trainer.py:731] WARNING [ 75][ 1880/   25][rank:1] loss: 0.141, average forward (0.008712) and backward (0.024282) time: 0.047738, iotime: 0.014127 
2022-08-04 18:29:15,212 [dist_trainer.py:90] WARNING Time per iteration including communication: 0.118955, Speed: 2152.065575 images/s
2022-08-04 18:29:15,632 [dl_trainer.py:634] INFO train iter: 1900, num_batches_per_epoch: 25
2022-08-04 18:29:15,633 [dl_trainer.py:635] INFO Epoch 76, avg train acc: 95.015625, lr: 0.100000, avg loss: 0.145441
2022-08-04 18:29:18,035 [dl_trainer.py:731] WARNING [ 76][ 1920/   25][rank:1] loss: 0.128, average forward (0.009038) and backward (0.024141) time: 0.041979, iotime: 0.008537 
2022-08-04 18:29:18,041 [dist_trainer.py:90] WARNING Time per iteration including communication: 0.117852, Speed: 2172.224562 images/s
2022-08-04 18:29:18,526 [dl_trainer.py:634] INFO train iter: 1925, num_batches_per_epoch: 25
2022-08-04 18:29:18,527 [dl_trainer.py:635] INFO Epoch 77, avg train acc: 95.171875, lr: 0.100000, avg loss: 0.133328
2022-08-04 18:29:20,847 [dist_trainer.py:90] WARNING Time per iteration including communication: 0.116885, Speed: 2190.188491 images/s
2022-08-04 18:29:21,382 [dl_trainer.py:634] INFO train iter: 1950, num_batches_per_epoch: 25
2022-08-04 18:29:21,382 [dl_trainer.py:635] INFO Epoch 78, avg train acc: 94.796875, lr: 0.100000, avg loss: 0.140234
2022-08-04 18:29:23,359 [dl_trainer.py:731] WARNING [ 78][ 1960/   25][rank:1] loss: 0.142, average forward (0.009328) and backward (0.024109) time: 0.049143, iotime: 0.014870 
2022-08-04 18:29:23,758 [dist_trainer.py:90] WARNING Time per iteration including communication: 0.121277, Speed: 2110.876131 images/s
2022-08-04 18:29:24,355 [dl_trainer.py:634] INFO train iter: 1975, num_batches_per_epoch: 25
2022-08-04 18:29:24,355 [dl_trainer.py:635] INFO Epoch 79, avg train acc: 94.812500, lr: 0.100000, avg loss: 0.140378
2022-08-04 18:29:26,638 [dist_trainer.py:90] WARNING Time per iteration including communication: 0.119978, Speed: 2133.733160 images/s
2022-08-04 18:29:27,246 [dl_trainer.py:731] WARNING [ 79][ 2000/   25][rank:1] loss: 0.067, average forward (0.008946) and backward (0.024139) time: 0.048887, iotime: 0.015500 
2022-08-04 18:29:27,250 [dl_trainer.py:634] INFO train iter: 2000, num_batches_per_epoch: 25
2022-08-04 18:29:27,251 [dl_trainer.py:635] INFO Epoch 80, avg train acc: 95.250000, lr: 0.100000, avg loss: 0.127828
2022-08-04 18:29:29,454 [dist_trainer.py:90] WARNING Time per iteration including communication: 0.117299, Speed: 2182.454203 images/s
2022-08-04 18:29:30,116 [dl_trainer.py:634] INFO train iter: 2025, num_batches_per_epoch: 25
2022-08-04 18:29:30,117 [dl_trainer.py:635] INFO Epoch 81, avg train acc: 95.187500, lr: 0.100000, avg loss: 0.134966
2022-08-04 18:29:32,319 [dl_trainer.py:731] WARNING [ 81][ 2040/   25][rank:1] loss: 0.133, average forward (0.009028) and backward (0.024940) time: 0.042891, iotime: 0.008656 
2022-08-04 18:29:32,330 [dist_trainer.py:90] WARNING Time per iteration including communication: 0.119832, Speed: 2136.317118 images/s
2022-08-04 18:29:33,038 [dl_trainer.py:634] INFO train iter: 2050, num_batches_per_epoch: 25
2022-08-04 18:29:33,039 [dl_trainer.py:635] INFO Epoch 82, avg train acc: 95.828125, lr: 0.010000, avg loss: 0.114212
2022-08-04 18:29:35,177 [dist_trainer.py:90] WARNING Time per iteration including communication: 0.118591, Speed: 2158.686511 images/s
2022-08-04 18:29:35,938 [dl_trainer.py:634] INFO train iter: 2075, num_batches_per_epoch: 25
2022-08-04 18:29:35,939 [dl_trainer.py:635] INFO Epoch 83, avg train acc: 97.281250, lr: 0.010000, avg loss: 0.087816
2022-08-04 18:29:37,645 [dl_trainer.py:731] WARNING [ 83][ 2080/   25][rank:1] loss: 0.092, average forward (0.009379) and backward (0.024580) time: 0.050044, iotime: 0.014737 
2022-08-04 18:29:38,040 [dist_trainer.py:90] WARNING Time per iteration including communication: 0.119255, Speed: 2146.663801 images/s
2022-08-04 18:29:38,810 [dl_trainer.py:634] INFO train iter: 2100, num_batches_per_epoch: 25
2022-08-04 18:29:38,811 [dl_trainer.py:635] INFO Epoch 84, avg train acc: 97.343750, lr: 0.010000, avg loss: 0.079069
2022-08-04 18:29:40,920 [dist_trainer.py:90] WARNING Time per iteration including communication: 0.119984, Speed: 2133.614443 images/s
2022-08-04 18:29:41,512 [dl_trainer.py:731] WARNING [ 84][ 2120/   25][rank:1] loss: 0.059, average forward (0.009204) and backward (0.023732) time: 0.047567, iotime: 0.014365 
2022-08-04 18:29:41,739 [dl_trainer.py:634] INFO train iter: 2125, num_batches_per_epoch: 25
2022-08-04 18:29:41,739 [dl_trainer.py:635] INFO Epoch 85, avg train acc: 97.281250, lr: 0.010000, avg loss: 0.079367
2022-08-04 18:29:43,778 [dist_trainer.py:90] WARNING Time per iteration including communication: 0.119064, Speed: 2150.102293 images/s
2022-08-04 18:29:44,660 [dl_trainer.py:634] INFO train iter: 2150, num_batches_per_epoch: 25
2022-08-04 18:29:44,661 [dl_trainer.py:635] INFO Epoch 86, avg train acc: 97.640625, lr: 0.010000, avg loss: 0.071815
2022-08-04 18:29:46,616 [dl_trainer.py:731] WARNING [ 86][ 2160/   25][rank:1] loss: 0.065, average forward (0.009158) and backward (0.024848) time: 0.042877, iotime: 0.008574 
2022-08-04 18:29:46,622 [dist_trainer.py:90] WARNING Time per iteration including communication: 0.118482, Speed: 2160.656812 images/s
2022-08-04 18:29:47,525 [dl_trainer.py:634] INFO train iter: 2175, num_batches_per_epoch: 25
2022-08-04 18:29:47,525 [dl_trainer.py:635] INFO Epoch 87, avg train acc: 97.906250, lr: 0.010000, avg loss: 0.063269
2022-08-04 18:29:49,465 [dist_trainer.py:90] WARNING Time per iteration including communication: 0.118456, Speed: 2161.147503 images/s
2022-08-04 18:29:50,406 [dl_trainer.py:731] WARNING [ 87][ 2200/   25][rank:1] loss: 0.080, average forward (0.009240) and backward (0.024086) time: 0.047826, iotime: 0.014210 
2022-08-04 18:29:50,416 [dl_trainer.py:634] INFO train iter: 2200, num_batches_per_epoch: 25
2022-08-04 18:29:50,416 [dl_trainer.py:635] INFO Epoch 88, avg train acc: 97.968750, lr: 0.010000, avg loss: 0.065009
2022-08-04 18:29:52,292 [dist_trainer.py:90] WARNING Time per iteration including communication: 0.117788, Speed: 2173.394495 images/s
2022-08-04 18:29:53,336 [dl_trainer.py:634] INFO train iter: 2225, num_batches_per_epoch: 25
2022-08-04 18:29:53,337 [dl_trainer.py:635] INFO Epoch 89, avg train acc: 97.812500, lr: 0.010000, avg loss: 0.066895
2022-08-04 18:29:55,184 [dist_trainer.py:90] WARNING Time per iteration including communication: 0.120465, Speed: 2125.091383 images/s
2022-08-04 18:29:55,785 [dl_trainer.py:731] WARNING [ 89][ 2240/   25][rank:1] loss: 0.064, average forward (0.009656) and backward (0.024783) time: 0.050081, iotime: 0.014892 
2022-08-04 18:29:56,233 [dl_trainer.py:634] INFO train iter: 2250, num_batches_per_epoch: 25
2022-08-04 18:29:56,233 [dl_trainer.py:635] INFO Epoch 90, avg train acc: 98.015625, lr: 0.010000, avg loss: 0.059052
2022-08-04 18:29:58,029 [dist_trainer.py:90] WARNING Time per iteration including communication: 0.118511, Speed: 2160.135381 images/s
2022-08-04 18:29:59,126 [dl_trainer.py:634] INFO train iter: 2275, num_batches_per_epoch: 25
2022-08-04 18:29:59,127 [dl_trainer.py:635] INFO Epoch 91, avg train acc: 97.890625, lr: 0.010000, avg loss: 0.066016
2022-08-04 18:30:00,871 [dl_trainer.py:731] WARNING [ 91][ 2280/   25][rank:1] loss: 0.067, average forward (0.009578) and backward (0.025455) time: 0.043938, iotime: 0.008605 
2022-08-04 18:30:00,878 [dist_trainer.py:90] WARNING Time per iteration including communication: 0.118715, Speed: 2156.422739 images/s
2022-08-04 18:30:01,997 [dl_trainer.py:634] INFO train iter: 2300, num_batches_per_epoch: 25
2022-08-04 18:30:01,997 [dl_trainer.py:635] INFO Epoch 92, avg train acc: 97.953125, lr: 0.010000, avg loss: 0.062025
2022-08-04 18:30:03,762 [dist_trainer.py:90] WARNING Time per iteration including communication: 0.120119, Speed: 2131.226651 images/s
2022-08-04 18:30:04,732 [dl_trainer.py:731] WARNING [ 92][ 2320/   25][rank:1] loss: 0.081, average forward (0.008954) and backward (0.023346) time: 0.047641, iotime: 0.014790 
2022-08-04 18:30:04,964 [dl_trainer.py:634] INFO train iter: 2325, num_batches_per_epoch: 25
2022-08-04 18:30:04,965 [dl_trainer.py:635] INFO Epoch 93, avg train acc: 97.984375, lr: 0.010000, avg loss: 0.064398
2022-08-04 18:30:06,628 [dist_trainer.py:90] WARNING Time per iteration including communication: 0.119429, Speed: 2143.539179 images/s
2022-08-04 18:30:07,816 [dl_trainer.py:634] INFO train iter: 2350, num_batches_per_epoch: 25
2022-08-04 18:30:07,816 [dl_trainer.py:635] INFO Epoch 94, avg train acc: 98.015625, lr: 0.010000, avg loss: 0.065071
2022-08-04 18:30:09,455 [dist_trainer.py:90] WARNING Time per iteration including communication: 0.117761, Speed: 2173.901625 images/s
2022-08-04 18:30:10,050 [dl_trainer.py:731] WARNING [ 94][ 2360/   25][rank:1] loss: 0.076, average forward (0.008661) and backward (0.023420) time: 0.046985, iotime: 0.014620 
2022-08-04 18:30:10,779 [dl_trainer.py:634] INFO train iter: 2375, num_batches_per_epoch: 25
2022-08-04 18:30:10,779 [dl_trainer.py:635] INFO Epoch 95, avg train acc: 98.234375, lr: 0.010000, avg loss: 0.058624
2022-08-04 18:30:12,284 [dist_trainer.py:90] WARNING Time per iteration including communication: 0.117884, Speed: 2171.618107 images/s
2022-08-04 18:30:13,605 [dl_trainer.py:731] WARNING [ 95][ 2400/   25][rank:1] loss: 0.076, average forward (0.008647) and backward (0.024801) time: 0.042328, iotime: 0.008506 
2022-08-04 18:30:13,613 [dist_trainer.py:90] WARNING Time per iteration including communication: 0.055337, Speed: 4626.181871 images/s
2022-08-04 18:30:13,614 [dl_trainer.py:634] INFO train iter: 2400, num_batches_per_epoch: 25
2022-08-04 18:30:13,614 [dl_trainer.py:635] INFO Epoch 96, avg train acc: 97.953125, lr: 0.010000, avg loss: 0.059516
2022-08-04 18:30:16,453 [dist_trainer.py:90] WARNING Time per iteration including communication: 0.118300, Speed: 2163.998019 images/s
2022-08-04 18:30:16,743 [dl_trainer.py:634] INFO train iter: 2425, num_batches_per_epoch: 25
2022-08-04 18:30:16,743 [dl_trainer.py:635] INFO Epoch 97, avg train acc: 98.234375, lr: 0.010000, avg loss: 0.058354
2022-08-04 18:30:18,903 [dl_trainer.py:731] WARNING [ 97][ 2440/   25][rank:1] loss: 0.079, average forward (0.009889) and backward (0.023915) time: 0.048606, iotime: 0.014234 
2022-08-04 18:30:19,259 [dist_trainer.py:90] WARNING Time per iteration including communication: 0.116886, Speed: 2190.162989 images/s
2022-08-04 18:30:19,595 [dl_trainer.py:634] INFO train iter: 2450, num_batches_per_epoch: 25
2022-08-04 18:30:19,595 [dl_trainer.py:635] INFO Epoch 98, avg train acc: 98.156250, lr: 0.010000, avg loss: 0.056691
2022-08-04 18:30:22,105 [dist_trainer.py:90] WARNING Time per iteration including communication: 0.118582, Speed: 2158.846557 images/s
2022-08-04 18:30:22,484 [dl_trainer.py:634] INFO train iter: 2475, num_batches_per_epoch: 25
2022-08-04 18:30:22,485 [dl_trainer.py:635] INFO Epoch 99, avg train acc: 97.953125, lr: 0.010000, avg loss: 0.058806
2022-08-04 18:30:24,199 [dl_trainer.py:731] WARNING [ 99][ 2480/   25][rank:1] loss: 0.049, average forward (0.009087) and backward (0.024707) time: 0.048159, iotime: 0.013992 
2022-08-04 18:30:24,963 [dist_trainer.py:90] WARNING Time per iteration including communication: 0.119075, Speed: 2149.906772 images/s
2022-08-04 18:30:25,394 [dl_trainer.py:634] INFO train iter: 2500, num_batches_per_epoch: 25
2022-08-04 18:30:25,394 [dl_trainer.py:635] INFO Epoch 100, avg train acc: 98.359375, lr: 0.010000, avg loss: 0.051563
2022-08-04 18:30:27,791 [dl_trainer.py:731] WARNING [100][ 2520/   25][rank:1] loss: 0.061, average forward (0.009409) and backward (0.024002) time: 0.042247, iotime: 0.008565 
2022-08-04 18:30:27,798 [dist_trainer.py:90] WARNING Time per iteration including communication: 0.118107, Speed: 2167.527497 images/s
2022-08-04 18:30:28,272 [dl_trainer.py:634] INFO train iter: 2525, num_batches_per_epoch: 25
2022-08-04 18:30:28,273 [dl_trainer.py:635] INFO Epoch 101, avg train acc: 98.109375, lr: 0.010000, avg loss: 0.066481
2022-08-04 18:30:30,600 [dist_trainer.py:90] WARNING Time per iteration including communication: 0.116706, Speed: 2193.537143 images/s
2022-08-04 18:30:31,102 [dl_trainer.py:634] INFO train iter: 2550, num_batches_per_epoch: 25
2022-08-04 18:30:31,102 [dl_trainer.py:635] INFO Epoch 102, avg train acc: 98.593750, lr: 0.010000, avg loss: 0.055510
2022-08-04 18:30:33,063 [dl_trainer.py:731] WARNING [102][ 2560/   25][rank:1] loss: 0.046, average forward (0.008818) and backward (0.023929) time: 0.047487, iotime: 0.014280 
2022-08-04 18:30:33,449 [dist_trainer.py:90] WARNING Time per iteration including communication: 0.118683, Speed: 2157.003222 images/s
2022-08-04 18:30:34,020 [dl_trainer.py:634] INFO train iter: 2575, num_batches_per_epoch: 25
2022-08-04 18:30:34,021 [dl_trainer.py:635] INFO Epoch 103, avg train acc: 98.390625, lr: 0.010000, avg loss: 0.053574
2022-08-04 18:30:36,462 [dist_trainer.py:90] WARNING Time per iteration including communication: 0.125532, Speed: 2039.317080 images/s
2022-08-04 18:30:37,102 [dl_trainer.py:731] WARNING [103][ 2600/   25][rank:1] loss: 0.091, average forward (0.009342) and backward (0.024045) time: 0.048901, iotime: 0.014932 
2022-08-04 18:30:37,106 [dl_trainer.py:634] INFO train iter: 2600, num_batches_per_epoch: 25
2022-08-04 18:30:37,106 [dl_trainer.py:635] INFO Epoch 104, avg train acc: 98.187500, lr: 0.010000, avg loss: 0.057979
2022-08-04 18:30:39,493 [dist_trainer.py:90] WARNING Time per iteration including communication: 0.126232, Speed: 2028.007475 images/s
2022-08-04 18:30:40,152 [dl_trainer.py:634] INFO train iter: 2625, num_batches_per_epoch: 25
2022-08-04 18:30:40,153 [dl_trainer.py:635] INFO Epoch 105, avg train acc: 98.281250, lr: 0.010000, avg loss: 0.058928
2022-08-04 18:30:42,317 [dl_trainer.py:731] WARNING [105][ 2640/   25][rank:1] loss: 0.082, average forward (0.009351) and backward (0.024368) time: 0.043296, iotime: 0.009113 
2022-08-04 18:30:42,331 [dist_trainer.py:90] WARNING Time per iteration including communication: 0.118245, Speed: 2164.996667 images/s
2022-08-04 18:30:43,020 [dl_trainer.py:634] INFO train iter: 2650, num_batches_per_epoch: 25
2022-08-04 18:30:43,020 [dl_trainer.py:635] INFO Epoch 106, avg train acc: 98.625000, lr: 0.010000, avg loss: 0.052361
2022-08-04 18:30:45,209 [dist_trainer.py:90] WARNING Time per iteration including communication: 0.119905, Speed: 2135.018343 images/s
2022-08-04 18:30:45,952 [dl_trainer.py:634] INFO train iter: 2675, num_batches_per_epoch: 25
2022-08-04 18:30:45,952 [dl_trainer.py:635] INFO Epoch 107, avg train acc: 98.375000, lr: 0.010000, avg loss: 0.053307
2022-08-04 18:30:47,696 [dl_trainer.py:731] WARNING [107][ 2680/   25][rank:1] loss: 0.049, average forward (0.008628) and backward (0.024505) time: 0.048332, iotime: 0.014616 
2022-08-04 18:30:48,068 [dist_trainer.py:90] WARNING Time per iteration including communication: 0.119108, Speed: 2149.306260 images/s
2022-08-04 18:30:48,876 [dl_trainer.py:634] INFO train iter: 2700, num_batches_per_epoch: 25
2022-08-04 18:30:48,877 [dl_trainer.py:635] INFO Epoch 108, avg train acc: 98.593750, lr: 0.010000, avg loss: 0.052585
2022-08-04 18:30:50,991 [dist_trainer.py:90] WARNING Time per iteration including communication: 0.121763, Speed: 2102.438723 images/s
2022-08-04 18:30:51,594 [dl_trainer.py:731] WARNING [108][ 2720/   25][rank:1] loss: 0.049, average forward (0.008644) and backward (0.024728) time: 0.048532, iotime: 0.014846 
2022-08-04 18:30:51,823 [dl_trainer.py:634] INFO train iter: 2725, num_batches_per_epoch: 25
2022-08-04 18:30:51,823 [dl_trainer.py:635] INFO Epoch 109, avg train acc: 98.265625, lr: 0.010000, avg loss: 0.050572
2022-08-04 18:30:53,816 [dist_trainer.py:90] WARNING Time per iteration including communication: 0.117666, Speed: 2175.648873 images/s
2022-08-04 18:30:54,681 [dl_trainer.py:634] INFO train iter: 2750, num_batches_per_epoch: 25
2022-08-04 18:30:54,682 [dl_trainer.py:635] INFO Epoch 110, avg train acc: 98.437500, lr: 0.010000, avg loss: 0.050910
2022-08-04 18:30:56,640 [dl_trainer.py:731] WARNING [110][ 2760/   25][rank:1] loss: 0.042, average forward (0.009334) and backward (0.023550) time: 0.041747, iotime: 0.008596 
2022-08-04 18:30:56,647 [dist_trainer.py:90] WARNING Time per iteration including communication: 0.117941, Speed: 2170.573485 images/s
2022-08-04 18:30:57,602 [dl_trainer.py:634] INFO train iter: 2775, num_batches_per_epoch: 25
2022-08-04 18:30:57,602 [dl_trainer.py:635] INFO Epoch 111, avg train acc: 98.703125, lr: 0.010000, avg loss: 0.046882
2022-08-04 18:30:59,508 [dist_trainer.py:90] WARNING Time per iteration including communication: 0.119189, Speed: 2147.852005 images/s
2022-08-04 18:31:00,454 [dl_trainer.py:731] WARNING [111][ 2800/   25][rank:1] loss: 0.052, average forward (0.008799) and backward (0.023908) time: 0.047138, iotime: 0.014051 
2022-08-04 18:31:00,468 [dl_trainer.py:634] INFO train iter: 2800, num_batches_per_epoch: 25
2022-08-04 18:31:00,469 [dl_trainer.py:635] INFO Epoch 112, avg train acc: 98.234375, lr: 0.010000, avg loss: 0.055423
2022-08-04 18:31:02,363 [dist_trainer.py:90] WARNING Time per iteration including communication: 0.118949, Speed: 2152.178985 images/s
2022-08-04 18:31:03,400 [dl_trainer.py:634] INFO train iter: 2825, num_batches_per_epoch: 25
2022-08-04 18:31:03,401 [dl_trainer.py:635] INFO Epoch 113, avg train acc: 98.250000, lr: 0.010000, avg loss: 0.051299
2022-08-04 18:31:05,242 [dist_trainer.py:90] WARNING Time per iteration including communication: 0.119941, Speed: 2134.385988 images/s
2022-08-04 18:31:05,852 [dl_trainer.py:731] WARNING [113][ 2840/   25][rank:1] loss: 0.075, average forward (0.009558) and backward (0.024283) time: 0.048673, iotime: 0.014527 
2022-08-04 18:31:06,370 [dl_trainer.py:634] INFO train iter: 2850, num_batches_per_epoch: 25
2022-08-04 18:31:06,370 [dl_trainer.py:635] INFO Epoch 114, avg train acc: 98.625000, lr: 0.010000, avg loss: 0.047376
2022-08-04 18:31:08,139 [dist_trainer.py:90] WARNING Time per iteration including communication: 0.120678, Speed: 2121.341124 images/s
2022-08-04 18:31:09,271 [dl_trainer.py:634] INFO train iter: 2875, num_batches_per_epoch: 25
2022-08-04 18:31:09,272 [dl_trainer.py:635] INFO Epoch 115, avg train acc: 98.734375, lr: 0.010000, avg loss: 0.045967
2022-08-04 18:31:10,994 [dl_trainer.py:731] WARNING [115][ 2880/   25][rank:1] loss: 0.070, average forward (0.008973) and backward (0.024754) time: 0.042724, iotime: 0.008697 
2022-08-04 18:31:11,008 [dist_trainer.py:90] WARNING Time per iteration including communication: 0.119525, Speed: 2141.809637 images/s
2022-08-04 18:31:12,130 [dl_trainer.py:634] INFO train iter: 2900, num_batches_per_epoch: 25
2022-08-04 18:31:12,131 [dl_trainer.py:635] INFO Epoch 116, avg train acc: 98.500000, lr: 0.010000, avg loss: 0.050968
2022-08-04 18:31:13,855 [dist_trainer.py:90] WARNING Time per iteration including communication: 0.118613, Speed: 2158.273035 images/s
2022-08-04 18:31:14,775 [dl_trainer.py:731] WARNING [116][ 2920/   25][rank:1] loss: 0.045, average forward (0.008731) and backward (0.023302) time: 0.047066, iotime: 0.014576 
2022-08-04 18:31:15,019 [dl_trainer.py:634] INFO train iter: 2925, num_batches_per_epoch: 25
2022-08-04 18:31:15,019 [dl_trainer.py:635] INFO Epoch 117, avg train acc: 98.421875, lr: 0.010000, avg loss: 0.051508
2022-08-04 18:31:16,660 [dist_trainer.py:90] WARNING Time per iteration including communication: 0.116836, Speed: 2191.100796 images/s
2022-08-04 18:31:17,871 [dl_trainer.py:634] INFO train iter: 2950, num_batches_per_epoch: 25
2022-08-04 18:31:17,872 [dl_trainer.py:635] INFO Epoch 118, avg train acc: 98.453125, lr: 0.010000, avg loss: 0.049250
2022-08-04 18:31:19,512 [dist_trainer.py:90] WARNING Time per iteration including communication: 0.118844, Speed: 2154.092764 images/s
2022-08-04 18:31:20,118 [dl_trainer.py:731] WARNING [118][ 2960/   25][rank:1] loss: 0.056, average forward (0.009313) and backward (0.023638) time: 0.047609, iotime: 0.014335 
2022-08-04 18:31:20,793 [dl_trainer.py:634] INFO train iter: 2975, num_batches_per_epoch: 25
2022-08-04 18:31:20,793 [dl_trainer.py:635] INFO Epoch 119, avg train acc: 98.343750, lr: 0.010000, avg loss: 0.051580
2022-08-04 18:31:22,337 [dist_trainer.py:90] WARNING Time per iteration including communication: 0.117698, Speed: 2175.053356 images/s
2022-08-04 18:31:23,710 [dl_trainer.py:731] WARNING [119][ 3000/   25][rank:1] loss: 0.060, average forward (0.009432) and backward (0.023422) time: 0.042377, iotime: 0.009243 
2022-08-04 18:31:23,729 [dist_trainer.py:90] WARNING Time per iteration including communication: 0.057940, Speed: 4418.358045 images/s
2022-08-04 18:31:23,729 [dl_trainer.py:634] INFO train iter: 3000, num_batches_per_epoch: 25
2022-08-04 18:31:23,729 [dl_trainer.py:635] INFO Epoch 120, avg train acc: 98.781250, lr: 0.010000, avg loss: 0.045878
2022-08-04 18:31:26,703 [dist_trainer.py:90] WARNING Time per iteration including communication: 0.123919, Speed: 2065.857321 images/s
2022-08-04 18:31:27,013 [dl_trainer.py:634] INFO train iter: 3025, num_batches_per_epoch: 25
2022-08-04 18:31:27,014 [dl_trainer.py:635] INFO Epoch 121, avg train acc: 98.625000, lr: 0.010000, avg loss: 0.045402
2022-08-04 18:31:29,212 [dl_trainer.py:731] WARNING [121][ 3040/   25][rank:1] loss: 0.040, average forward (0.009892) and backward (0.023840) time: 0.049388, iotime: 0.014833 
2022-08-04 18:31:29,583 [dist_trainer.py:90] WARNING Time per iteration including communication: 0.119965, Speed: 2133.956498 images/s
2022-08-04 18:31:29,924 [dl_trainer.py:634] INFO train iter: 3050, num_batches_per_epoch: 25
2022-08-04 18:31:29,924 [dl_trainer.py:635] INFO Epoch 122, avg train acc: 98.500000, lr: 0.010000, avg loss: 0.046716
2022-08-04 18:31:32,442 [dist_trainer.py:90] WARNING Time per iteration including communication: 0.119096, Speed: 2149.523008 images/s
2022-08-04 18:31:32,831 [dl_trainer.py:634] INFO train iter: 3075, num_batches_per_epoch: 25
2022-08-04 18:31:32,831 [dl_trainer.py:635] INFO Epoch 123, avg train acc: 98.656250, lr: 0.001000, avg loss: 0.047032
2022-08-04 18:31:34,535 [dl_trainer.py:731] WARNING [123][ 3080/   25][rank:1] loss: 0.026, average forward (0.009234) and backward (0.023675) time: 0.047640, iotime: 0.014431 
2022-08-04 18:31:35,286 [dist_trainer.py:90] WARNING Time per iteration including communication: 0.118485, Speed: 2160.616052 images/s
2022-08-04 18:31:35,722 [dl_trainer.py:634] INFO train iter: 3100, num_batches_per_epoch: 25
2022-08-04 18:31:35,722 [dl_trainer.py:635] INFO Epoch 124, avg train acc: 98.734375, lr: 0.001000, avg loss: 0.043423
2022-08-04 18:31:38,138 [dl_trainer.py:731] WARNING [124][ 3120/   25][rank:1] loss: 0.040, average forward (0.009804) and backward (0.024618) time: 0.043659, iotime: 0.008964 
2022-08-04 18:31:38,147 [dist_trainer.py:90] WARNING Time per iteration including communication: 0.119169, Speed: 2148.216727 images/s
2022-08-04 18:31:38,627 [dl_trainer.py:634] INFO train iter: 3125, num_batches_per_epoch: 25
2022-08-04 18:31:38,627 [dl_trainer.py:635] INFO Epoch 125, avg train acc: 98.609375, lr: 0.001000, avg loss: 0.047196
2022-08-04 18:31:41,068 [dist_trainer.py:90] WARNING Time per iteration including communication: 0.121697, Speed: 2103.587904 images/s
2022-08-04 18:31:41,578 [dl_trainer.py:634] INFO train iter: 3150, num_batches_per_epoch: 25
2022-08-04 18:31:41,578 [dl_trainer.py:635] INFO Epoch 126, avg train acc: 98.562500, lr: 0.001000, avg loss: 0.045174
2022-08-04 18:31:43,570 [dl_trainer.py:731] WARNING [126][ 3160/   25][rank:1] loss: 0.047, average forward (0.008927) and backward (0.024274) time: 0.048093, iotime: 0.014477 
2022-08-04 18:31:43,941 [dist_trainer.py:90] WARNING Time per iteration including communication: 0.119681, Speed: 2139.026295 images/s
2022-08-04 18:31:44,520 [dl_trainer.py:634] INFO train iter: 3175, num_batches_per_epoch: 25
2022-08-04 18:31:44,521 [dl_trainer.py:635] INFO Epoch 127, avg train acc: 98.656250, lr: 0.001000, avg loss: 0.046219
2022-08-04 18:31:46,774 [dist_trainer.py:90] WARNING Time per iteration including communication: 0.118041, Speed: 2168.744391 images/s
2022-08-04 18:31:47,366 [dl_trainer.py:731] WARNING [127][ 3200/   25][rank:1] loss: 0.021, average forward (0.009269) and backward (0.023622) time: 0.047583, iotime: 0.014425 
2022-08-04 18:31:47,378 [dl_trainer.py:634] INFO train iter: 3200, num_batches_per_epoch: 25
2022-08-04 18:31:47,378 [dl_trainer.py:635] INFO Epoch 128, avg train acc: 98.796875, lr: 0.001000, avg loss: 0.042010
2022-08-04 18:31:49,552 [dist_trainer.py:90] WARNING Time per iteration including communication: 0.115711, Speed: 2212.403684 images/s
2022-08-04 18:31:50,233 [dl_trainer.py:634] INFO train iter: 3225, num_batches_per_epoch: 25
2022-08-04 18:31:50,233 [dl_trainer.py:635] INFO Epoch 129, avg train acc: 98.593750, lr: 0.001000, avg loss: 0.045504
2022-08-04 18:31:52,395 [dl_trainer.py:731] WARNING [129][ 3240/   25][rank:1] loss: 0.050, average forward (0.008528) and backward (0.024622) time: 0.042014, iotime: 0.008592 
2022-08-04 18:31:52,404 [dist_trainer.py:90] WARNING Time per iteration including communication: 0.118833, Speed: 2154.283644 images/s
2022-08-04 18:31:53,131 [dl_trainer.py:634] INFO train iter: 3250, num_batches_per_epoch: 25
2022-08-04 18:31:53,132 [dl_trainer.py:635] INFO Epoch 130, avg train acc: 98.562500, lr: 0.001000, avg loss: 0.044819
2022-08-04 18:31:55,305 [dist_trainer.py:90] WARNING Time per iteration including communication: 0.120854, Speed: 2118.256823 images/s
2022-08-04 18:31:56,055 [dl_trainer.py:634] INFO train iter: 3275, num_batches_per_epoch: 25
2022-08-04 18:31:56,055 [dl_trainer.py:635] INFO Epoch 131, avg train acc: 98.687500, lr: 0.001000, avg loss: 0.045872
2022-08-04 18:31:57,800 [dl_trainer.py:731] WARNING [131][ 3280/   25][rank:1] loss: 0.026, average forward (0.008954) and backward (0.024676) time: 0.047904, iotime: 0.013951 
2022-08-04 18:31:58,175 [dist_trainer.py:90] WARNING Time per iteration including communication: 0.119557, Speed: 2141.238547 images/s
2022-08-04 18:31:58,957 [dl_trainer.py:634] INFO train iter: 3300, num_batches_per_epoch: 25
2022-08-04 18:31:58,958 [dl_trainer.py:635] INFO Epoch 132, avg train acc: 98.781250, lr: 0.001000, avg loss: 0.042077
2022-08-04 18:32:01,032 [dist_trainer.py:90] WARNING Time per iteration including communication: 0.119031, Speed: 2150.695353 images/s
2022-08-04 18:32:01,640 [dl_trainer.py:731] WARNING [132][ 3320/   25][rank:1] loss: 0.036, average forward (0.008892) and backward (0.023918) time: 0.047016, iotime: 0.013919 
2022-08-04 18:32:01,876 [dl_trainer.py:634] INFO train iter: 3325, num_batches_per_epoch: 25
2022-08-04 18:32:01,876 [dl_trainer.py:635] INFO Epoch 133, avg train acc: 98.531250, lr: 0.001000, avg loss: 0.046042
2022-08-04 18:32:03,863 [dist_trainer.py:90] WARNING Time per iteration including communication: 0.117934, Speed: 2170.700740 images/s
2022-08-04 18:32:04,753 [dl_trainer.py:634] INFO train iter: 3350, num_batches_per_epoch: 25
2022-08-04 18:32:04,753 [dl_trainer.py:635] INFO Epoch 134, avg train acc: 98.843750, lr: 0.001000, avg loss: 0.041073
2022-08-04 18:32:06,771 [dl_trainer.py:731] WARNING [134][ 3360/   25][rank:1] loss: 0.033, average forward (0.009152) and backward (0.024985) time: 0.043035, iotime: 0.008631 
2022-08-04 18:32:06,777 [dist_trainer.py:90] WARNING Time per iteration including communication: 0.121400, Speed: 2108.729074 images/s
2022-08-04 18:32:07,715 [dl_trainer.py:634] INFO train iter: 3375, num_batches_per_epoch: 25
2022-08-04 18:32:07,716 [dl_trainer.py:635] INFO Epoch 135, avg train acc: 98.984375, lr: 0.001000, avg loss: 0.040413
2022-08-04 18:32:09,606 [dist_trainer.py:90] WARNING Time per iteration including communication: 0.117850, Speed: 2172.258253 images/s
