2022-08-04 18:25:05,162 [dist_trainer.py:135] INFO Configurations: Namespace(batch_size=256, compressor='topk', data_dir='./data', dataset='cifar10', density=1.0, dnn='resnet20', lr=0.1, max_epochs=141, nsteps_update=1, num_steps=35, nworkers=8, nwpernode=8, pretrain=None, saved_dir='./logs/iclr', threshold=524288000)
2022-08-04 18:25:29,276 [dl_trainer.py:254] INFO num_batches_per_epoch: 25
2022-08-04 18:25:29,652 [distributed_optimizer.py:63] INFO _dynamic_densities: [0.015625, 0.004, 0.001]
2022-08-04 18:25:29,654 [distributed_optimizer.py:323] INFO # of parameters: 269722
2022-08-04 18:25:29,654 [distributed_optimizer.py:324] INFO Total number of tensors: 59
2022-08-04 18:25:29,654 [distributed_optimizer.py:325] INFO Merged Number of groups: 1
2022-08-04 18:25:30,470 [dist_trainer.py:62] INFO max_epochs: 141
2022-08-04 18:25:33,608 [dist_trainer.py:90] WARNING Time per iteration including communication: 0.130708, Speed: 1958.565184 images/s
2022-08-04 18:25:33,874 [dl_trainer.py:634] INFO train iter: 25, num_batches_per_epoch: 25
2022-08-04 18:25:33,875 [dl_trainer.py:635] INFO Epoch 1, avg train acc: 22.421875, lr: 0.020640, avg loss: 2.399683
2022-08-04 18:25:36,074 [dl_trainer.py:731] WARNING [  1][   40/   25][rank:4] loss: 1.726, average forward (0.055085) and backward (0.027037) time: 0.090276, iotime: 0.007530 
2022-08-04 18:25:36,457 [dist_trainer.py:90] WARNING Time per iteration including communication: 0.118713, Speed: 2156.466950 images/s
2022-08-04 18:25:36,801 [dl_trainer.py:634] INFO train iter: 50, num_batches_per_epoch: 25
2022-08-04 18:25:36,802 [dl_trainer.py:635] INFO Epoch 2, avg train acc: 37.812500, lr: 0.040480, avg loss: 1.680490
2022-08-04 18:25:39,455 [dist_trainer.py:90] WARNING Time per iteration including communication: 0.124864, Speed: 2050.234369 images/s
2022-08-04 18:25:39,847 [dl_trainer.py:634] INFO train iter: 75, num_batches_per_epoch: 25
2022-08-04 18:25:39,847 [dl_trainer.py:635] INFO Epoch 3, avg train acc: 45.046875, lr: 0.060320, avg loss: 1.477296
2022-08-04 18:25:41,569 [dl_trainer.py:731] WARNING [  3][   80/   25][rank:4] loss: 1.412, average forward (0.010449) and backward (0.024243) time: 0.048888, iotime: 0.013891 
2022-08-04 18:25:42,305 [dist_trainer.py:90] WARNING Time per iteration including communication: 0.118708, Speed: 2156.543467 images/s
2022-08-04 18:25:42,764 [dl_trainer.py:634] INFO train iter: 100, num_batches_per_epoch: 25
2022-08-04 18:25:42,765 [dl_trainer.py:635] INFO Epoch 4, avg train acc: 51.781250, lr: 0.080160, avg loss: 1.334763
2022-08-04 18:25:45,385 [dl_trainer.py:731] WARNING [  4][  120/   25][rank:4] loss: 1.083, average forward (0.008830) and backward (0.023934) time: 0.041982, iotime: 0.008941 
2022-08-04 18:25:45,390 [dist_trainer.py:90] WARNING Time per iteration including communication: 0.128524, Speed: 1991.839177 images/s
2022-08-04 18:25:45,871 [dl_trainer.py:634] INFO train iter: 125, num_batches_per_epoch: 25
2022-08-04 18:25:45,872 [dl_trainer.py:635] INFO Epoch 5, avg train acc: 55.875000, lr: 0.100000, avg loss: 1.225436
2022-08-04 18:25:48,271 [dist_trainer.py:90] WARNING Time per iteration including communication: 0.119994, Speed: 2133.446459 images/s
2022-08-04 18:25:48,808 [dl_trainer.py:634] INFO train iter: 150, num_batches_per_epoch: 25
2022-08-04 18:25:48,808 [dl_trainer.py:635] INFO Epoch 6, avg train acc: 61.828125, lr: 0.100000, avg loss: 1.047962
2022-08-04 18:25:50,814 [dl_trainer.py:731] WARNING [  6][  160/   25][rank:4] loss: 0.991, average forward (0.009330) and backward (0.023539) time: 0.048137, iotime: 0.014583 
2022-08-04 18:25:51,210 [dist_trainer.py:90] WARNING Time per iteration including communication: 0.122432, Speed: 2090.960796 images/s
2022-08-04 18:25:51,789 [dl_trainer.py:634] INFO train iter: 175, num_batches_per_epoch: 25
2022-08-04 18:25:51,790 [dl_trainer.py:635] INFO Epoch 7, avg train acc: 64.968750, lr: 0.100000, avg loss: 0.970528
2022-08-04 18:25:54,088 [dist_trainer.py:90] WARNING Time per iteration including communication: 0.119908, Speed: 2134.969170 images/s
2022-08-04 18:25:54,711 [dl_trainer.py:731] WARNING [  7][  200/   25][rank:4] loss: 0.796, average forward (0.009022) and backward (0.023843) time: 0.047642, iotime: 0.014359 
2022-08-04 18:25:54,721 [dl_trainer.py:634] INFO train iter: 200, num_batches_per_epoch: 25
2022-08-04 18:25:54,721 [dl_trainer.py:635] INFO Epoch 8, avg train acc: 70.078125, lr: 0.100000, avg loss: 0.838673
2022-08-04 18:25:56,998 [dist_trainer.py:90] WARNING Time per iteration including communication: 0.121253, Speed: 2111.288423 images/s
2022-08-04 18:25:57,687 [dl_trainer.py:634] INFO train iter: 225, num_batches_per_epoch: 25
2022-08-04 18:25:57,688 [dl_trainer.py:635] INFO Epoch 9, avg train acc: 71.843750, lr: 0.100000, avg loss: 0.800184
2022-08-04 18:25:59,876 [dl_trainer.py:731] WARNING [  9][  240/   25][rank:4] loss: 0.818, average forward (0.009263) and backward (0.025051) time: 0.043454, iotime: 0.008676 
2022-08-04 18:25:59,884 [dist_trainer.py:90] WARNING Time per iteration including communication: 0.120197, Speed: 2129.836532 images/s
2022-08-04 18:26:00,596 [dl_trainer.py:634] INFO train iter: 250, num_batches_per_epoch: 25
2022-08-04 18:26:00,597 [dl_trainer.py:635] INFO Epoch 10, avg train acc: 74.625000, lr: 0.100000, avg loss: 0.717487
2022-08-04 18:26:02,833 [dist_trainer.py:90] WARNING Time per iteration including communication: 0.122852, Speed: 2083.803987 images/s
2022-08-04 18:26:03,592 [dl_trainer.py:634] INFO train iter: 275, num_batches_per_epoch: 25
2022-08-04 18:26:03,593 [dl_trainer.py:635] INFO Epoch 11, avg train acc: 76.406250, lr: 0.100000, avg loss: 0.683014
2022-08-04 18:26:05,274 [dl_trainer.py:731] WARNING [ 11][  280/   25][rank:4] loss: 0.817, average forward (0.009651) and backward (0.023109) time: 0.047715, iotime: 0.014445 
2022-08-04 18:26:05,652 [dist_trainer.py:90] WARNING Time per iteration including communication: 0.117462, Speed: 2179.430098 images/s
2022-08-04 18:26:06,431 [dl_trainer.py:634] INFO train iter: 300, num_batches_per_epoch: 25
2022-08-04 18:26:06,431 [dl_trainer.py:635] INFO Epoch 12, avg train acc: 76.796875, lr: 0.100000, avg loss: 0.654554
2022-08-04 18:26:08,480 [dist_trainer.py:90] WARNING Time per iteration including communication: 0.117791, Speed: 2173.345738 images/s
2022-08-04 18:26:09,072 [dl_trainer.py:731] WARNING [ 12][  320/   25][rank:4] loss: 0.533, average forward (0.009516) and backward (0.023537) time: 0.047560, iotime: 0.013954 
2022-08-04 18:26:09,310 [dl_trainer.py:634] INFO train iter: 325, num_batches_per_epoch: 25
2022-08-04 18:26:09,310 [dl_trainer.py:635] INFO Epoch 13, avg train acc: 79.625000, lr: 0.100000, avg loss: 0.583974
2022-08-04 18:26:11,287 [dist_trainer.py:90] WARNING Time per iteration including communication: 0.116941, Speed: 2189.134114 images/s
2022-08-04 18:26:12,183 [dl_trainer.py:634] INFO train iter: 350, num_batches_per_epoch: 25
2022-08-04 18:26:12,184 [dl_trainer.py:635] INFO Epoch 14, avg train acc: 80.421875, lr: 0.100000, avg loss: 0.562846
2022-08-04 18:26:14,152 [dl_trainer.py:731] WARNING [ 14][  360/   25][rank:4] loss: 0.485, average forward (0.009469) and backward (0.023761) time: 0.042587, iotime: 0.008837 
2022-08-04 18:26:14,166 [dist_trainer.py:90] WARNING Time per iteration including communication: 0.119949, Speed: 2134.234498 images/s
2022-08-04 18:26:15,090 [dl_trainer.py:634] INFO train iter: 375, num_batches_per_epoch: 25
2022-08-04 18:26:15,090 [dl_trainer.py:635] INFO Epoch 15, avg train acc: 81.296875, lr: 0.100000, avg loss: 0.537962
2022-08-04 18:26:16,955 [dist_trainer.py:90] WARNING Time per iteration including communication: 0.116194, Speed: 2203.213191 images/s
2022-08-04 18:26:17,930 [dl_trainer.py:731] WARNING [ 15][  400/   25][rank:4] loss: 0.468, average forward (0.009088) and backward (0.022711) time: 0.046583, iotime: 0.014481 
2022-08-04 18:26:17,947 [dl_trainer.py:634] INFO train iter: 400, num_batches_per_epoch: 25
2022-08-04 18:26:17,947 [dl_trainer.py:635] INFO Epoch 16, avg train acc: 81.906250, lr: 0.100000, avg loss: 0.517423
2022-08-04 18:26:19,807 [dist_trainer.py:90] WARNING Time per iteration including communication: 0.118838, Speed: 2154.193062 images/s
2022-08-04 18:26:20,823 [dl_trainer.py:634] INFO train iter: 425, num_batches_per_epoch: 25
2022-08-04 18:26:20,823 [dl_trainer.py:635] INFO Epoch 17, avg train acc: 83.640625, lr: 0.100000, avg loss: 0.484465
2022-08-04 18:26:22,640 [dist_trainer.py:90] WARNING Time per iteration including communication: 0.117982, Speed: 2169.819042 images/s
2022-08-04 18:26:23,233 [dl_trainer.py:731] WARNING [ 17][  440/   25][rank:4] loss: 0.562, average forward (0.008749) and backward (0.022776) time: 0.046020, iotime: 0.014200 
2022-08-04 18:26:23,677 [dl_trainer.py:634] INFO train iter: 450, num_batches_per_epoch: 25
2022-08-04 18:26:23,677 [dl_trainer.py:635] INFO Epoch 18, avg train acc: 83.703125, lr: 0.100000, avg loss: 0.473372
2022-08-04 18:26:25,477 [dist_trainer.py:90] WARNING Time per iteration including communication: 0.118225, Speed: 2165.358138 images/s
2022-08-04 18:26:26,555 [dl_trainer.py:634] INFO train iter: 475, num_batches_per_epoch: 25
2022-08-04 18:26:26,555 [dl_trainer.py:635] INFO Epoch 19, avg train acc: 84.718750, lr: 0.100000, avg loss: 0.444490
2022-08-04 18:26:28,350 [dl_trainer.py:731] WARNING [ 19][  480/   25][rank:4] loss: 0.537, average forward (0.009318) and backward (0.024180) time: 0.042580, iotime: 0.008618 
2022-08-04 18:26:28,361 [dist_trainer.py:90] WARNING Time per iteration including communication: 0.120115, Speed: 2131.285170 images/s
2022-08-04 18:26:29,469 [dl_trainer.py:634] INFO train iter: 500, num_batches_per_epoch: 25
2022-08-04 18:26:29,469 [dl_trainer.py:635] INFO Epoch 20, avg train acc: 84.875000, lr: 0.100000, avg loss: 0.448715
2022-08-04 18:26:31,204 [dist_trainer.py:90] WARNING Time per iteration including communication: 0.118453, Speed: 2161.188646 images/s
2022-08-04 18:26:32,201 [dl_trainer.py:731] WARNING [ 20][  520/   25][rank:4] loss: 0.403, average forward (0.010043) and backward (0.022129) time: 0.047130, iotime: 0.014263 
2022-08-04 18:26:32,453 [dl_trainer.py:634] INFO train iter: 525, num_batches_per_epoch: 25
2022-08-04 18:26:32,453 [dl_trainer.py:635] INFO Epoch 21, avg train acc: 85.250000, lr: 0.100000, avg loss: 0.412231
2022-08-04 18:26:34,129 [dist_trainer.py:90] WARNING Time per iteration including communication: 0.121855, Speed: 2100.859621 images/s
2022-08-04 18:26:35,330 [dl_trainer.py:634] INFO train iter: 550, num_batches_per_epoch: 25
2022-08-04 18:26:35,331 [dl_trainer.py:635] INFO Epoch 22, avg train acc: 86.171875, lr: 0.100000, avg loss: 0.405659
2022-08-04 18:26:37,041 [dist_trainer.py:90] WARNING Time per iteration including communication: 0.121291, Speed: 2110.619394 images/s
2022-08-04 18:26:37,641 [dl_trainer.py:731] WARNING [ 22][  560/   25][rank:4] loss: 0.384, average forward (0.009227) and backward (0.022664) time: 0.047401, iotime: 0.015005 
2022-08-04 18:26:38,341 [dl_trainer.py:634] INFO train iter: 575, num_batches_per_epoch: 25
2022-08-04 18:26:38,341 [dl_trainer.py:635] INFO Epoch 23, avg train acc: 86.828125, lr: 0.100000, avg loss: 0.370080
2022-08-04 18:26:39,915 [dist_trainer.py:90] WARNING Time per iteration including communication: 0.119757, Speed: 2137.661627 images/s
2022-08-04 18:26:41,230 [dl_trainer.py:731] WARNING [ 23][  600/   25][rank:4] loss: 0.436, average forward (0.008982) and backward (0.023669) time: 0.041511, iotime: 0.008588 
2022-08-04 18:26:41,236 [dist_trainer.py:90] WARNING Time per iteration including communication: 0.055033, Speed: 4651.735231 images/s
2022-08-04 18:26:41,237 [dl_trainer.py:634] INFO train iter: 600, num_batches_per_epoch: 25
2022-08-04 18:26:41,238 [dl_trainer.py:635] INFO Epoch 24, avg train acc: 86.109375, lr: 0.100000, avg loss: 0.397455
2022-08-04 18:26:44,283 [dist_trainer.py:90] WARNING Time per iteration including communication: 0.126921, Speed: 2017.009837 images/s
2022-08-04 18:26:44,570 [dl_trainer.py:634] INFO train iter: 625, num_batches_per_epoch: 25
2022-08-04 18:26:44,571 [dl_trainer.py:635] INFO Epoch 25, avg train acc: 86.625000, lr: 0.100000, avg loss: 0.380545
2022-08-04 18:26:46,796 [dl_trainer.py:731] WARNING [ 25][  640/   25][rank:4] loss: 0.300, average forward (0.009475) and backward (0.023131) time: 0.046613, iotime: 0.013712 
2022-08-04 18:26:47,168 [dist_trainer.py:90] WARNING Time per iteration including communication: 0.120159, Speed: 2130.503006 images/s
2022-08-04 18:26:47,509 [dl_trainer.py:634] INFO train iter: 650, num_batches_per_epoch: 25
2022-08-04 18:26:47,510 [dl_trainer.py:635] INFO Epoch 26, avg train acc: 86.875000, lr: 0.100000, avg loss: 0.357211
2022-08-04 18:26:50,084 [dist_trainer.py:90] WARNING Time per iteration including communication: 0.121473, Speed: 2107.465685 images/s
2022-08-04 18:26:50,487 [dl_trainer.py:634] INFO train iter: 675, num_batches_per_epoch: 25
2022-08-04 18:26:50,487 [dl_trainer.py:635] INFO Epoch 27, avg train acc: 86.296875, lr: 0.100000, avg loss: 0.381032
2022-08-04 18:26:52,272 [dl_trainer.py:731] WARNING [ 27][  680/   25][rank:4] loss: 0.359, average forward (0.009728) and backward (0.023313) time: 0.048029, iotime: 0.014647 
2022-08-04 18:26:53,028 [dist_trainer.py:90] WARNING Time per iteration including communication: 0.122643, Speed: 2087.351572 images/s
2022-08-04 18:26:53,445 [dl_trainer.py:634] INFO train iter: 700, num_batches_per_epoch: 25
2022-08-04 18:26:53,445 [dl_trainer.py:635] INFO Epoch 28, avg train acc: 88.015625, lr: 0.100000, avg loss: 0.342733
2022-08-04 18:26:56,221 [dl_trainer.py:731] WARNING [ 28][  720/   25][rank:4] loss: 0.347, average forward (0.009991) and backward (0.023413) time: 0.042211, iotime: 0.008506 
2022-08-04 18:26:56,228 [dist_trainer.py:90] WARNING Time per iteration including communication: 0.133313, Speed: 1920.290409 images/s
2022-08-04 18:26:56,718 [dl_trainer.py:634] INFO train iter: 725, num_batches_per_epoch: 25
2022-08-04 18:26:56,718 [dl_trainer.py:635] INFO Epoch 29, avg train acc: 88.250000, lr: 0.100000, avg loss: 0.338395
2022-08-04 18:26:59,169 [dist_trainer.py:90] WARNING Time per iteration including communication: 0.122516, Speed: 2089.525267 images/s
2022-08-04 18:26:59,702 [dl_trainer.py:634] INFO train iter: 750, num_batches_per_epoch: 25
2022-08-04 18:26:59,703 [dl_trainer.py:635] INFO Epoch 30, avg train acc: 88.343750, lr: 0.100000, avg loss: 0.325919
2022-08-04 18:27:01,829 [dl_trainer.py:731] WARNING [ 30][  760/   25][rank:4] loss: 0.268, average forward (0.009249) and backward (0.023801) time: 0.048724, iotime: 0.015009 
2022-08-04 18:27:02,217 [dist_trainer.py:90] WARNING Time per iteration including communication: 0.126986, Speed: 2015.962427 images/s
2022-08-04 18:27:02,809 [dl_trainer.py:634] INFO train iter: 775, num_batches_per_epoch: 25
2022-08-04 18:27:02,810 [dl_trainer.py:635] INFO Epoch 31, avg train acc: 89.453125, lr: 0.100000, avg loss: 0.296361
2022-08-04 18:27:05,157 [dist_trainer.py:90] WARNING Time per iteration including communication: 0.122450, Speed: 2090.641374 images/s
2022-08-04 18:27:05,790 [dl_trainer.py:731] WARNING [ 31][  800/   25][rank:4] loss: 0.261, average forward (0.009015) and backward (0.024389) time: 0.048275, iotime: 0.014352 
2022-08-04 18:27:05,794 [dl_trainer.py:634] INFO train iter: 800, num_batches_per_epoch: 25
2022-08-04 18:27:05,794 [dl_trainer.py:635] INFO Epoch 32, avg train acc: 88.937500, lr: 0.100000, avg loss: 0.313586
2022-08-04 18:27:08,133 [dist_trainer.py:90] WARNING Time per iteration including communication: 0.124000, Speed: 2064.517403 images/s
2022-08-04 18:27:08,794 [dl_trainer.py:634] INFO train iter: 825, num_batches_per_epoch: 25
2022-08-04 18:27:08,795 [dl_trainer.py:635] INFO Epoch 33, avg train acc: 89.343750, lr: 0.100000, avg loss: 0.308492
2022-08-04 18:27:11,050 [dl_trainer.py:731] WARNING [ 33][  840/   25][rank:4] loss: 0.279, average forward (0.008828) and backward (0.023636) time: 0.041295, iotime: 0.008539 
2022-08-04 18:27:11,059 [dist_trainer.py:90] WARNING Time per iteration including communication: 0.121865, Speed: 2100.685453 images/s
2022-08-04 18:27:11,739 [dl_trainer.py:634] INFO train iter: 850, num_batches_per_epoch: 25
2022-08-04 18:27:11,739 [dl_trainer.py:635] INFO Epoch 34, avg train acc: 89.453125, lr: 0.100000, avg loss: 0.297667
2022-08-04 18:27:14,097 [dist_trainer.py:90] WARNING Time per iteration including communication: 0.126540, Speed: 2023.080071 images/s
2022-08-04 18:27:14,848 [dl_trainer.py:634] INFO train iter: 875, num_batches_per_epoch: 25
2022-08-04 18:27:14,848 [dl_trainer.py:635] INFO Epoch 35, avg train acc: 89.921875, lr: 0.100000, avg loss: 0.286930
2022-08-04 18:27:16,606 [dl_trainer.py:731] WARNING [ 35][  880/   25][rank:4] loss: 0.316, average forward (0.009459) and backward (0.022832) time: 0.046261, iotime: 0.013639 
2022-08-04 18:27:16,989 [dist_trainer.py:90] WARNING Time per iteration including communication: 0.120463, Speed: 2125.133618 images/s
2022-08-04 18:27:17,790 [dl_trainer.py:634] INFO train iter: 900, num_batches_per_epoch: 25
2022-08-04 18:27:17,790 [dl_trainer.py:635] INFO Epoch 36, avg train acc: 89.765625, lr: 0.100000, avg loss: 0.287738
2022-08-04 18:27:19,895 [dist_trainer.py:90] WARNING Time per iteration including communication: 0.121087, Speed: 2114.176038 images/s
2022-08-04 18:27:20,523 [dl_trainer.py:731] WARNING [ 36][  920/   25][rank:4] loss: 0.256, average forward (0.010342) and backward (0.023635) time: 0.048770, iotime: 0.013959 
2022-08-04 18:27:20,745 [dl_trainer.py:634] INFO train iter: 925, num_batches_per_epoch: 25
2022-08-04 18:27:20,745 [dl_trainer.py:635] INFO Epoch 37, avg train acc: 90.640625, lr: 0.100000, avg loss: 0.269106
2022-08-04 18:27:22,773 [dist_trainer.py:90] WARNING Time per iteration including communication: 0.119889, Speed: 2135.309890 images/s
2022-08-04 18:27:23,704 [dl_trainer.py:634] INFO train iter: 950, num_batches_per_epoch: 25
2022-08-04 18:27:23,705 [dl_trainer.py:635] INFO Epoch 38, avg train acc: 89.734375, lr: 0.100000, avg loss: 0.284839
2022-08-04 18:27:25,748 [dl_trainer.py:731] WARNING [ 38][  960/   25][rank:4] loss: 0.269, average forward (0.009430) and backward (0.023793) time: 0.042888, iotime: 0.009231 
2022-08-04 18:27:25,765 [dist_trainer.py:90] WARNING Time per iteration including communication: 0.124628, Speed: 2054.118976 images/s
2022-08-04 18:27:26,745 [dl_trainer.py:634] INFO train iter: 975, num_batches_per_epoch: 25
2022-08-04 18:27:26,746 [dl_trainer.py:635] INFO Epoch 39, avg train acc: 90.859375, lr: 0.100000, avg loss: 0.265000
2022-08-04 18:27:28,786 [dist_trainer.py:90] WARNING Time per iteration including communication: 0.125863, Speed: 2033.953451 images/s
2022-08-04 18:27:29,776 [dl_trainer.py:731] WARNING [ 39][ 1000/   25][rank:4] loss: 0.264, average forward (0.009491) and backward (0.022786) time: 0.047156, iotime: 0.014198 
2022-08-04 18:27:29,787 [dl_trainer.py:634] INFO train iter: 1000, num_batches_per_epoch: 25
2022-08-04 18:27:29,788 [dl_trainer.py:635] INFO Epoch 40, avg train acc: 90.890625, lr: 0.100000, avg loss: 0.260339
2022-08-04 18:27:31,751 [dist_trainer.py:90] WARNING Time per iteration including communication: 0.123489, Speed: 2073.051928 images/s
2022-08-04 18:27:32,849 [dl_trainer.py:634] INFO train iter: 1025, num_batches_per_epoch: 25
2022-08-04 18:27:32,850 [dl_trainer.py:635] INFO Epoch 41, avg train acc: 90.796875, lr: 0.100000, avg loss: 0.259790
2022-08-04 18:27:34,736 [dist_trainer.py:90] WARNING Time per iteration including communication: 0.124353, Speed: 2058.661168 images/s
2022-08-04 18:27:35,336 [dl_trainer.py:731] WARNING [ 41][ 1040/   25][rank:4] loss: 0.245, average forward (0.009593) and backward (0.024570) time: 0.049601, iotime: 0.014870 
2022-08-04 18:27:35,843 [dl_trainer.py:634] INFO train iter: 1050, num_batches_per_epoch: 25
2022-08-04 18:27:35,843 [dl_trainer.py:635] INFO Epoch 42, avg train acc: 91.250000, lr: 0.100000, avg loss: 0.238012
2022-08-04 18:27:37,701 [dist_trainer.py:90] WARNING Time per iteration including communication: 0.123495, Speed: 2072.964046 images/s
2022-08-04 18:27:38,780 [dl_trainer.py:634] INFO train iter: 1075, num_batches_per_epoch: 25
2022-08-04 18:27:38,781 [dl_trainer.py:635] INFO Epoch 43, avg train acc: 91.515625, lr: 0.100000, avg loss: 0.245912
2022-08-04 18:27:40,556 [dl_trainer.py:731] WARNING [ 43][ 1080/   25][rank:4] loss: 0.196, average forward (0.009027) and backward (0.023133) time: 0.041274, iotime: 0.008793 
2022-08-04 18:27:40,575 [dist_trainer.py:90] WARNING Time per iteration including communication: 0.119718, Speed: 2138.355720 images/s
2022-08-04 18:27:41,729 [dl_trainer.py:634] INFO train iter: 1100, num_batches_per_epoch: 25
2022-08-04 18:27:41,730 [dl_trainer.py:635] INFO Epoch 44, avg train acc: 91.734375, lr: 0.100000, avg loss: 0.228672
2022-08-04 18:27:43,521 [dist_trainer.py:90] WARNING Time per iteration including communication: 0.122730, Speed: 2085.875575 images/s
2022-08-04 18:27:44,581 [dl_trainer.py:731] WARNING [ 44][ 1120/   25][rank:4] loss: 0.213, average forward (0.008831) and backward (0.022197) time: 0.045920, iotime: 0.014296 
2022-08-04 18:27:44,813 [dl_trainer.py:634] INFO train iter: 1125, num_batches_per_epoch: 25
2022-08-04 18:27:44,813 [dl_trainer.py:635] INFO Epoch 45, avg train acc: 91.562500, lr: 0.100000, avg loss: 0.239411
2022-08-04 18:27:46,514 [dist_trainer.py:90] WARNING Time per iteration including communication: 0.124710, Speed: 2052.761042 images/s
2022-08-04 18:27:47,806 [dl_trainer.py:634] INFO train iter: 1150, num_batches_per_epoch: 25
2022-08-04 18:27:47,807 [dl_trainer.py:635] INFO Epoch 46, avg train acc: 91.718750, lr: 0.100000, avg loss: 0.236834
2022-08-04 18:27:49,452 [dist_trainer.py:90] WARNING Time per iteration including communication: 0.122365, Speed: 2092.093044 images/s
2022-08-04 18:27:50,096 [dl_trainer.py:731] WARNING [ 46][ 1160/   25][rank:4] loss: 0.245, average forward (0.009784) and backward (0.024075) time: 0.048675, iotime: 0.014350 
2022-08-04 18:27:50,806 [dl_trainer.py:634] INFO train iter: 1175, num_batches_per_epoch: 25
2022-08-04 18:27:50,806 [dl_trainer.py:635] INFO Epoch 47, avg train acc: 92.046875, lr: 0.100000, avg loss: 0.223488
2022-08-04 18:27:52,387 [dist_trainer.py:90] WARNING Time per iteration including communication: 0.122265, Speed: 2093.820596 images/s
2022-08-04 18:27:53,756 [dl_trainer.py:731] WARNING [ 47][ 1200/   25][rank:4] loss: 0.207, average forward (0.009660) and backward (0.023228) time: 0.041923, iotime: 0.008766 
2022-08-04 18:27:53,768 [dist_trainer.py:90] WARNING Time per iteration including communication: 0.057486, Speed: 4453.247591 images/s
2022-08-04 18:27:53,769 [dl_trainer.py:634] INFO train iter: 1200, num_batches_per_epoch: 25
2022-08-04 18:27:53,769 [dl_trainer.py:635] INFO Epoch 48, avg train acc: 92.015625, lr: 0.100000, avg loss: 0.233629
2022-08-04 18:27:56,759 [dist_trainer.py:90] WARNING Time per iteration including communication: 0.124609, Speed: 2054.423895 images/s
2022-08-04 18:27:57,064 [dl_trainer.py:634] INFO train iter: 1225, num_batches_per_epoch: 25
2022-08-04 18:27:57,065 [dl_trainer.py:635] INFO Epoch 49, avg train acc: 92.234375, lr: 0.100000, avg loss: 0.221649
2022-08-04 18:27:59,232 [dl_trainer.py:731] WARNING [ 49][ 1240/   25][rank:4] loss: 0.201, average forward (0.009392) and backward (0.023350) time: 0.047093, iotime: 0.013953 
2022-08-04 18:27:59,612 [dist_trainer.py:90] WARNING Time per iteration including communication: 0.118848, Speed: 2154.020382 images/s
2022-08-04 18:27:59,959 [dl_trainer.py:634] INFO train iter: 1250, num_batches_per_epoch: 25
2022-08-04 18:27:59,960 [dl_trainer.py:635] INFO Epoch 50, avg train acc: 92.593750, lr: 0.100000, avg loss: 0.213281
2022-08-04 18:28:02,460 [dist_trainer.py:90] WARNING Time per iteration including communication: 0.118604, Speed: 2158.446036 images/s
2022-08-04 18:28:02,855 [dl_trainer.py:634] INFO train iter: 1275, num_batches_per_epoch: 25
2022-08-04 18:28:02,855 [dl_trainer.py:635] INFO Epoch 51, avg train acc: 92.343750, lr: 0.100000, avg loss: 0.211183
2022-08-04 18:28:04,583 [dl_trainer.py:731] WARNING [ 51][ 1280/   25][rank:4] loss: 0.204, average forward (0.010623) and backward (0.023194) time: 0.048203, iotime: 0.013886 
2022-08-04 18:28:05,345 [dist_trainer.py:90] WARNING Time per iteration including communication: 0.120175, Speed: 2130.218229 images/s
2022-08-04 18:28:05,783 [dl_trainer.py:634] INFO train iter: 1300, num_batches_per_epoch: 25
2022-08-04 18:28:05,783 [dl_trainer.py:635] INFO Epoch 52, avg train acc: 92.375000, lr: 0.100000, avg loss: 0.208306
2022-08-04 18:28:08,199 [dl_trainer.py:731] WARNING [ 52][ 1320/   25][rank:4] loss: 0.174, average forward (0.009278) and backward (0.023744) time: 0.041467, iotime: 0.008114 
2022-08-04 18:28:08,213 [dist_trainer.py:90] WARNING Time per iteration including communication: 0.119490, Speed: 2142.435712 images/s
2022-08-04 18:28:08,693 [dl_trainer.py:634] INFO train iter: 1325, num_batches_per_epoch: 25
2022-08-04 18:28:08,694 [dl_trainer.py:635] INFO Epoch 53, avg train acc: 93.265625, lr: 0.100000, avg loss: 0.196163
2022-08-04 18:28:10,991 [dist_trainer.py:90] WARNING Time per iteration including communication: 0.115725, Speed: 2212.149003 images/s
2022-08-04 18:28:11,512 [dl_trainer.py:634] INFO train iter: 1350, num_batches_per_epoch: 25
2022-08-04 18:28:11,513 [dl_trainer.py:635] INFO Epoch 54, avg train acc: 92.796875, lr: 0.100000, avg loss: 0.200977
2022-08-04 18:28:13,523 [dl_trainer.py:731] WARNING [ 54][ 1360/   25][rank:4] loss: 0.194, average forward (0.009668) and backward (0.023823) time: 0.048677, iotime: 0.014460 
2022-08-04 18:28:13,891 [dist_trainer.py:90] WARNING Time per iteration including communication: 0.120794, Speed: 2119.311116 images/s
2022-08-04 18:28:14,459 [dl_trainer.py:634] INFO train iter: 1375, num_batches_per_epoch: 25
2022-08-04 18:28:14,459 [dl_trainer.py:635] INFO Epoch 55, avg train acc: 92.843750, lr: 0.100000, avg loss: 0.198987
2022-08-04 18:28:16,688 [dist_trainer.py:90] WARNING Time per iteration including communication: 0.116510, Speed: 2197.228723 images/s
2022-08-04 18:28:17,313 [dl_trainer.py:731] WARNING [ 55][ 1400/   25][rank:4] loss: 0.162, average forward (0.009831) and backward (0.023287) time: 0.047226, iotime: 0.013827 
2022-08-04 18:28:17,316 [dl_trainer.py:634] INFO train iter: 1400, num_batches_per_epoch: 25
2022-08-04 18:28:17,316 [dl_trainer.py:635] INFO Epoch 56, avg train acc: 93.218750, lr: 0.100000, avg loss: 0.188209
2022-08-04 18:28:19,535 [dist_trainer.py:90] WARNING Time per iteration including communication: 0.118618, Speed: 2158.190250 images/s
2022-08-04 18:28:20,179 [dl_trainer.py:634] INFO train iter: 1425, num_batches_per_epoch: 25
2022-08-04 18:28:20,179 [dl_trainer.py:635] INFO Epoch 57, avg train acc: 93.578125, lr: 0.100000, avg loss: 0.180150
2022-08-04 18:28:22,386 [dl_trainer.py:731] WARNING [ 57][ 1440/   25][rank:4] loss: 0.151, average forward (0.009344) and backward (0.023419) time: 0.042170, iotime: 0.009082 
2022-08-04 18:28:22,394 [dist_trainer.py:90] WARNING Time per iteration including communication: 0.119090, Speed: 2149.636688 images/s
2022-08-04 18:28:23,075 [dl_trainer.py:634] INFO train iter: 1450, num_batches_per_epoch: 25
2022-08-04 18:28:23,076 [dl_trainer.py:635] INFO Epoch 58, avg train acc: 93.453125, lr: 0.100000, avg loss: 0.181883
2022-08-04 18:28:25,225 [dist_trainer.py:90] WARNING Time per iteration including communication: 0.117924, Speed: 2170.888723 images/s
2022-08-04 18:28:25,997 [dl_trainer.py:634] INFO train iter: 1475, num_batches_per_epoch: 25
2022-08-04 18:28:25,998 [dl_trainer.py:635] INFO Epoch 59, avg train acc: 93.875000, lr: 0.100000, avg loss: 0.175131
2022-08-04 18:28:27,687 [dl_trainer.py:731] WARNING [ 59][ 1480/   25][rank:4] loss: 0.173, average forward (0.009661) and backward (0.023888) time: 0.047597, iotime: 0.013721 
2022-08-04 18:28:28,060 [dist_trainer.py:90] WARNING Time per iteration including communication: 0.118115, Speed: 2167.384755 images/s
2022-08-04 18:28:28,851 [dl_trainer.py:634] INFO train iter: 1500, num_batches_per_epoch: 25
2022-08-04 18:28:28,851 [dl_trainer.py:635] INFO Epoch 60, avg train acc: 94.156250, lr: 0.100000, avg loss: 0.168665
2022-08-04 18:28:30,896 [dist_trainer.py:90] WARNING Time per iteration including communication: 0.118150, Speed: 2166.739097 images/s
2022-08-04 18:28:31,525 [dl_trainer.py:731] WARNING [ 60][ 1520/   25][rank:4] loss: 0.223, average forward (0.008591) and backward (0.023898) time: 0.047623, iotime: 0.014528 
2022-08-04 18:28:31,769 [dl_trainer.py:634] INFO train iter: 1525, num_batches_per_epoch: 25
2022-08-04 18:28:31,769 [dl_trainer.py:635] INFO Epoch 61, avg train acc: 93.968750, lr: 0.100000, avg loss: 0.173192
2022-08-04 18:28:33,800 [dist_trainer.py:90] WARNING Time per iteration including communication: 0.120954, Speed: 2116.499854 images/s
2022-08-04 18:28:34,644 [dl_trainer.py:634] INFO train iter: 1550, num_batches_per_epoch: 25
2022-08-04 18:28:34,645 [dl_trainer.py:635] INFO Epoch 62, avg train acc: 93.781250, lr: 0.100000, avg loss: 0.173764
2022-08-04 18:28:36,629 [dl_trainer.py:731] WARNING [ 62][ 1560/   25][rank:4] loss: 0.126, average forward (0.009164) and backward (0.024175) time: 0.042327, iotime: 0.008689 
2022-08-04 18:28:36,639 [dist_trainer.py:90] WARNING Time per iteration including communication: 0.118293, Speed: 2164.117233 images/s
2022-08-04 18:28:37,560 [dl_trainer.py:634] INFO train iter: 1575, num_batches_per_epoch: 25
2022-08-04 18:28:37,560 [dl_trainer.py:635] INFO Epoch 63, avg train acc: 93.859375, lr: 0.100000, avg loss: 0.162478
2022-08-04 18:28:39,648 [dist_trainer.py:90] WARNING Time per iteration including communication: 0.125325, Speed: 2042.681815 images/s
2022-08-04 18:28:40,651 [dl_trainer.py:731] WARNING [ 63][ 1600/   25][rank:4] loss: 0.216, average forward (0.009580) and backward (0.023834) time: 0.048118, iotime: 0.014332 
2022-08-04 18:28:40,665 [dl_trainer.py:634] INFO train iter: 1600, num_batches_per_epoch: 25
2022-08-04 18:28:40,665 [dl_trainer.py:635] INFO Epoch 64, avg train acc: 93.906250, lr: 0.100000, avg loss: 0.173786
2022-08-04 18:28:42,572 [dist_trainer.py:90] WARNING Time per iteration including communication: 0.121821, Speed: 2101.439532 images/s
2022-08-04 18:28:43,600 [dl_trainer.py:634] INFO train iter: 1625, num_batches_per_epoch: 25
2022-08-04 18:28:43,601 [dl_trainer.py:635] INFO Epoch 65, avg train acc: 93.859375, lr: 0.100000, avg loss: 0.166165
2022-08-04 18:28:45,435 [dist_trainer.py:90] WARNING Time per iteration including communication: 0.119244, Speed: 2146.849791 images/s
2022-08-04 18:28:46,030 [dl_trainer.py:731] WARNING [ 65][ 1640/   25][rank:4] loss: 0.202, average forward (0.009320) and backward (0.023459) time: 0.047752, iotime: 0.014536 
2022-08-04 18:28:46,506 [dl_trainer.py:634] INFO train iter: 1650, num_batches_per_epoch: 25
2022-08-04 18:28:46,506 [dl_trainer.py:635] INFO Epoch 66, avg train acc: 93.968750, lr: 0.100000, avg loss: 0.174086
2022-08-04 18:28:48,301 [dist_trainer.py:90] WARNING Time per iteration including communication: 0.119391, Speed: 2144.216398 images/s
2022-08-04 18:28:49,442 [dl_trainer.py:634] INFO train iter: 1675, num_batches_per_epoch: 25
2022-08-04 18:28:49,443 [dl_trainer.py:635] INFO Epoch 67, avg train acc: 94.562500, lr: 0.100000, avg loss: 0.150503
2022-08-04 18:28:51,168 [dl_trainer.py:731] WARNING [ 67][ 1680/   25][rank:4] loss: 0.118, average forward (0.009393) and backward (0.024311) time: 0.043788, iotime: 0.008541 
2022-08-04 18:28:51,181 [dist_trainer.py:90] WARNING Time per iteration including communication: 0.119989, Speed: 2133.535835 images/s
2022-08-04 18:28:52,360 [dl_trainer.py:634] INFO train iter: 1700, num_batches_per_epoch: 25
2022-08-04 18:28:52,361 [dl_trainer.py:635] INFO Epoch 68, avg train acc: 94.468750, lr: 0.100000, avg loss: 0.159611
2022-08-04 18:28:54,077 [dist_trainer.py:90] WARNING Time per iteration including communication: 0.120649, Speed: 2121.857445 images/s
2022-08-04 18:28:55,020 [dl_trainer.py:731] WARNING [ 68][ 1720/   25][rank:4] loss: 0.168, average forward (0.009531) and backward (0.023287) time: 0.048872, iotime: 0.014897 
2022-08-04 18:28:55,253 [dl_trainer.py:634] INFO train iter: 1725, num_batches_per_epoch: 25
2022-08-04 18:28:55,253 [dl_trainer.py:635] INFO Epoch 69, avg train acc: 94.812500, lr: 0.100000, avg loss: 0.146794
2022-08-04 18:28:56,925 [dist_trainer.py:90] WARNING Time per iteration including communication: 0.118631, Speed: 2157.951330 images/s
2022-08-04 18:28:58,164 [dl_trainer.py:634] INFO train iter: 1750, num_batches_per_epoch: 25
2022-08-04 18:28:58,164 [dl_trainer.py:635] INFO Epoch 70, avg train acc: 93.390625, lr: 0.100000, avg loss: 0.175168
2022-08-04 18:28:59,755 [dist_trainer.py:90] WARNING Time per iteration including communication: 0.117883, Speed: 2171.645923 images/s
2022-08-04 18:29:00,350 [dl_trainer.py:731] WARNING [ 70][ 1760/   25][rank:4] loss: 0.134, average forward (0.009454) and backward (0.023889) time: 0.048459, iotime: 0.014560 
2022-08-04 18:29:01,044 [dl_trainer.py:634] INFO train iter: 1775, num_batches_per_epoch: 25
2022-08-04 18:29:01,045 [dl_trainer.py:635] INFO Epoch 71, avg train acc: 94.343750, lr: 0.100000, avg loss: 0.157838
2022-08-04 18:29:02,577 [dist_trainer.py:90] WARNING Time per iteration including communication: 0.117559, Speed: 2177.637761 images/s
2022-08-04 18:29:03,917 [dl_trainer.py:731] WARNING [ 71][ 1800/   25][rank:4] loss: 0.117, average forward (0.009508) and backward (0.023236) time: 0.041722, iotime: 0.008455 
2022-08-04 18:29:03,924 [dist_trainer.py:90] WARNING Time per iteration including communication: 0.056051, Speed: 4567.247566 images/s
2022-08-04 18:29:03,925 [dl_trainer.py:634] INFO train iter: 1800, num_batches_per_epoch: 25
2022-08-04 18:29:03,925 [dl_trainer.py:635] INFO Epoch 72, avg train acc: 94.562500, lr: 0.100000, avg loss: 0.148637
2022-08-04 18:29:06,796 [dist_trainer.py:90] WARNING Time per iteration including communication: 0.119634, Speed: 2139.863061 images/s
2022-08-04 18:29:07,080 [dl_trainer.py:634] INFO train iter: 1825, num_batches_per_epoch: 25
2022-08-04 18:29:07,080 [dl_trainer.py:635] INFO Epoch 73, avg train acc: 95.171875, lr: 0.100000, avg loss: 0.131972
2022-08-04 18:29:09,188 [dl_trainer.py:731] WARNING [ 73][ 1840/   25][rank:4] loss: 0.122, average forward (0.009944) and backward (0.023477) time: 0.048084, iotime: 0.014293 
2022-08-04 18:29:09,576 [dist_trainer.py:90] WARNING Time per iteration including communication: 0.115828, Speed: 2210.164844 images/s
2022-08-04 18:29:09,906 [dl_trainer.py:634] INFO train iter: 1850, num_batches_per_epoch: 25
2022-08-04 18:29:09,906 [dl_trainer.py:635] INFO Epoch 74, avg train acc: 95.390625, lr: 0.100000, avg loss: 0.132293
2022-08-04 18:29:12,356 [dist_trainer.py:90] WARNING Time per iteration including communication: 0.115781, Speed: 2211.072053 images/s
2022-08-04 18:29:12,732 [dl_trainer.py:634] INFO train iter: 1875, num_batches_per_epoch: 25
2022-08-04 18:29:12,733 [dl_trainer.py:635] INFO Epoch 75, avg train acc: 94.968750, lr: 0.100000, avg loss: 0.138996
2022-08-04 18:29:14,490 [dl_trainer.py:731] WARNING [ 75][ 1880/   25][rank:4] loss: 0.101, average forward (0.009345) and backward (0.023001) time: 0.047414, iotime: 0.014422 
2022-08-04 18:29:15,214 [dist_trainer.py:90] WARNING Time per iteration including communication: 0.119042, Speed: 2150.505467 images/s
2022-08-04 18:29:15,631 [dl_trainer.py:634] INFO train iter: 1900, num_batches_per_epoch: 25
2022-08-04 18:29:15,631 [dl_trainer.py:635] INFO Epoch 76, avg train acc: 94.609375, lr: 0.100000, avg loss: 0.144947
2022-08-04 18:29:18,021 [dl_trainer.py:731] WARNING [ 76][ 1920/   25][rank:4] loss: 0.116, average forward (0.009077) and backward (0.023241) time: 0.041359, iotime: 0.008757 
2022-08-04 18:29:18,038 [dist_trainer.py:90] WARNING Time per iteration including communication: 0.117688, Speed: 2175.235667 images/s
2022-08-04 18:29:18,527 [dl_trainer.py:634] INFO train iter: 1925, num_batches_per_epoch: 25
2022-08-04 18:29:18,528 [dl_trainer.py:635] INFO Epoch 77, avg train acc: 95.187500, lr: 0.100000, avg loss: 0.135519
2022-08-04 18:29:20,845 [dist_trainer.py:90] WARNING Time per iteration including communication: 0.116930, Speed: 2189.339439 images/s
2022-08-04 18:29:21,382 [dl_trainer.py:634] INFO train iter: 1950, num_batches_per_epoch: 25
2022-08-04 18:29:21,382 [dl_trainer.py:635] INFO Epoch 78, avg train acc: 94.859375, lr: 0.100000, avg loss: 0.142063
2022-08-04 18:29:23,357 [dl_trainer.py:731] WARNING [ 78][ 1960/   25][rank:4] loss: 0.137, average forward (0.009283) and backward (0.023633) time: 0.047373, iotime: 0.013885 
2022-08-04 18:29:23,756 [dist_trainer.py:90] WARNING Time per iteration including communication: 0.121264, Speed: 2111.098859 images/s
2022-08-04 18:29:24,355 [dl_trainer.py:634] INFO train iter: 1975, num_batches_per_epoch: 25
2022-08-04 18:29:24,356 [dl_trainer.py:635] INFO Epoch 79, avg train acc: 95.203125, lr: 0.100000, avg loss: 0.133933
2022-08-04 18:29:26,639 [dist_trainer.py:90] WARNING Time per iteration including communication: 0.120103, Speed: 2131.496007 images/s
2022-08-04 18:29:27,242 [dl_trainer.py:731] WARNING [ 79][ 2000/   25][rank:4] loss: 0.119, average forward (0.009563) and backward (0.022976) time: 0.047101, iotime: 0.014292 
2022-08-04 18:29:27,248 [dl_trainer.py:634] INFO train iter: 2000, num_batches_per_epoch: 25
2022-08-04 18:29:27,248 [dl_trainer.py:635] INFO Epoch 80, avg train acc: 95.234375, lr: 0.100000, avg loss: 0.137737
2022-08-04 18:29:29,454 [dist_trainer.py:90] WARNING Time per iteration including communication: 0.117254, Speed: 2183.294222 images/s
2022-08-04 18:29:30,116 [dl_trainer.py:634] INFO train iter: 2025, num_batches_per_epoch: 25
2022-08-04 18:29:30,117 [dl_trainer.py:635] INFO Epoch 81, avg train acc: 95.328125, lr: 0.100000, avg loss: 0.128347
2022-08-04 18:29:32,313 [dl_trainer.py:731] WARNING [ 81][ 2040/   25][rank:4] loss: 0.111, average forward (0.009475) and backward (0.023947) time: 0.041761, iotime: 0.007836 
2022-08-04 18:29:32,329 [dist_trainer.py:90] WARNING Time per iteration including communication: 0.119769, Speed: 2137.440527 images/s
2022-08-04 18:29:33,038 [dl_trainer.py:634] INFO train iter: 2050, num_batches_per_epoch: 25
2022-08-04 18:29:33,039 [dl_trainer.py:635] INFO Epoch 82, avg train acc: 96.437500, lr: 0.010000, avg loss: 0.105151
2022-08-04 18:29:35,173 [dist_trainer.py:90] WARNING Time per iteration including communication: 0.118492, Speed: 2160.474763 images/s
2022-08-04 18:29:35,938 [dl_trainer.py:634] INFO train iter: 2075, num_batches_per_epoch: 25
2022-08-04 18:29:35,939 [dl_trainer.py:635] INFO Epoch 83, avg train acc: 97.203125, lr: 0.010000, avg loss: 0.084355
2022-08-04 18:29:37,645 [dl_trainer.py:731] WARNING [ 83][ 2080/   25][rank:4] loss: 0.077, average forward (0.009427) and backward (0.022755) time: 0.046433, iotime: 0.013848 
2022-08-04 18:29:38,035 [dist_trainer.py:90] WARNING Time per iteration including communication: 0.119254, Speed: 2146.671312 images/s
2022-08-04 18:29:38,810 [dl_trainer.py:634] INFO train iter: 2100, num_batches_per_epoch: 25
2022-08-04 18:29:38,811 [dl_trainer.py:635] INFO Epoch 84, avg train acc: 97.265625, lr: 0.010000, avg loss: 0.085224
2022-08-04 18:29:40,920 [dist_trainer.py:90] WARNING Time per iteration including communication: 0.120173, Speed: 2130.267184 images/s
2022-08-04 18:29:41,510 [dl_trainer.py:731] WARNING [ 84][ 2120/   25][rank:4] loss: 0.091, average forward (0.008633) and backward (0.024317) time: 0.046648, iotime: 0.013438 
2022-08-04 18:29:41,739 [dl_trainer.py:634] INFO train iter: 2125, num_batches_per_epoch: 25
2022-08-04 18:29:41,739 [dl_trainer.py:635] INFO Epoch 85, avg train acc: 97.250000, lr: 0.010000, avg loss: 0.079128
2022-08-04 18:29:43,777 [dist_trainer.py:90] WARNING Time per iteration including communication: 0.119019, Speed: 2150.912202 images/s
2022-08-04 18:29:44,660 [dl_trainer.py:634] INFO train iter: 2150, num_batches_per_epoch: 25
2022-08-04 18:29:44,661 [dl_trainer.py:635] INFO Epoch 86, avg train acc: 97.734375, lr: 0.010000, avg loss: 0.072923
2022-08-04 18:29:46,601 [dl_trainer.py:731] WARNING [ 86][ 2160/   25][rank:4] loss: 0.060, average forward (0.010262) and backward (0.023620) time: 0.043005, iotime: 0.008582 
2022-08-04 18:29:46,619 [dist_trainer.py:90] WARNING Time per iteration including communication: 0.118390, Speed: 2162.343634 images/s
2022-08-04 18:29:47,525 [dl_trainer.py:634] INFO train iter: 2175, num_batches_per_epoch: 25
2022-08-04 18:29:47,526 [dl_trainer.py:635] INFO Epoch 87, avg train acc: 97.796875, lr: 0.010000, avg loss: 0.070231
2022-08-04 18:29:49,466 [dist_trainer.py:90] WARNING Time per iteration including communication: 0.118627, Speed: 2158.022892 images/s
2022-08-04 18:29:50,402 [dl_trainer.py:731] WARNING [ 87][ 2200/   25][rank:4] loss: 0.053, average forward (0.009067) and backward (0.023259) time: 0.047202, iotime: 0.014241 
2022-08-04 18:29:50,415 [dl_trainer.py:634] INFO train iter: 2200, num_batches_per_epoch: 25
2022-08-04 18:29:50,416 [dl_trainer.py:635] INFO Epoch 88, avg train acc: 97.796875, lr: 0.010000, avg loss: 0.070073
2022-08-04 18:29:52,292 [dist_trainer.py:90] WARNING Time per iteration including communication: 0.117696, Speed: 2175.099068 images/s
2022-08-04 18:29:53,336 [dl_trainer.py:634] INFO train iter: 2225, num_batches_per_epoch: 25
2022-08-04 18:29:53,336 [dl_trainer.py:635] INFO Epoch 89, avg train acc: 98.031250, lr: 0.010000, avg loss: 0.063366
2022-08-04 18:29:55,183 [dist_trainer.py:90] WARNING Time per iteration including communication: 0.120425, Speed: 2125.799782 images/s
2022-08-04 18:29:55,781 [dl_trainer.py:731] WARNING [ 89][ 2240/   25][rank:4] loss: 0.066, average forward (0.009068) and backward (0.023968) time: 0.047871, iotime: 0.014257 
2022-08-04 18:29:56,232 [dl_trainer.py:634] INFO train iter: 2250, num_batches_per_epoch: 25
2022-08-04 18:29:56,233 [dl_trainer.py:635] INFO Epoch 90, avg train acc: 97.781250, lr: 0.010000, avg loss: 0.063790
2022-08-04 18:29:58,027 [dist_trainer.py:90] WARNING Time per iteration including communication: 0.118496, Speed: 2160.417528 images/s
2022-08-04 18:29:59,126 [dl_trainer.py:634] INFO train iter: 2275, num_batches_per_epoch: 25
2022-08-04 18:29:59,127 [dl_trainer.py:635] INFO Epoch 91, avg train acc: 97.765625, lr: 0.010000, avg loss: 0.064927
2022-08-04 18:30:00,857 [dl_trainer.py:731] WARNING [ 91][ 2280/   25][rank:4] loss: 0.064, average forward (0.009696) and backward (0.023727) time: 0.042454, iotime: 0.008455 
2022-08-04 18:30:00,873 [dist_trainer.py:90] WARNING Time per iteration including communication: 0.118564, Speed: 2159.165453 images/s
2022-08-04 18:30:01,997 [dl_trainer.py:634] INFO train iter: 2300, num_batches_per_epoch: 25
2022-08-04 18:30:01,997 [dl_trainer.py:635] INFO Epoch 92, avg train acc: 98.093750, lr: 0.010000, avg loss: 0.059476
2022-08-04 18:30:03,760 [dist_trainer.py:90] WARNING Time per iteration including communication: 0.120275, Speed: 2128.448226 images/s
2022-08-04 18:30:04,736 [dl_trainer.py:731] WARNING [ 92][ 2320/   25][rank:4] loss: 0.076, average forward (0.009114) and backward (0.023177) time: 0.046720, iotime: 0.014154 
2022-08-04 18:30:04,964 [dl_trainer.py:634] INFO train iter: 2325, num_batches_per_epoch: 25
2022-08-04 18:30:04,965 [dl_trainer.py:635] INFO Epoch 93, avg train acc: 98.078125, lr: 0.010000, avg loss: 0.060804
2022-08-04 18:30:06,629 [dist_trainer.py:90] WARNING Time per iteration including communication: 0.119513, Speed: 2142.034313 images/s
2022-08-04 18:30:07,815 [dl_trainer.py:634] INFO train iter: 2350, num_batches_per_epoch: 25
2022-08-04 18:30:07,816 [dl_trainer.py:635] INFO Epoch 94, avg train acc: 98.109375, lr: 0.010000, avg loss: 0.059039
2022-08-04 18:30:09,455 [dist_trainer.py:90] WARNING Time per iteration including communication: 0.117753, Speed: 2174.038257 images/s
2022-08-04 18:30:10,051 [dl_trainer.py:731] WARNING [ 94][ 2360/   25][rank:4] loss: 0.071, average forward (0.008705) and backward (0.023280) time: 0.046854, iotime: 0.014531 
2022-08-04 18:30:10,778 [dl_trainer.py:634] INFO train iter: 2375, num_batches_per_epoch: 25
2022-08-04 18:30:10,779 [dl_trainer.py:635] INFO Epoch 95, avg train acc: 97.984375, lr: 0.010000, avg loss: 0.063904
2022-08-04 18:30:12,287 [dist_trainer.py:90] WARNING Time per iteration including communication: 0.117979, Speed: 2169.878969 images/s
2022-08-04 18:30:13,607 [dl_trainer.py:731] WARNING [ 95][ 2400/   25][rank:4] loss: 0.050, average forward (0.009390) and backward (0.023115) time: 0.041635, iotime: 0.008528 
2022-08-04 18:30:13,612 [dist_trainer.py:90] WARNING Time per iteration including communication: 0.055188, Speed: 4638.718778 images/s
2022-08-04 18:30:13,613 [dl_trainer.py:634] INFO train iter: 2400, num_batches_per_epoch: 25
2022-08-04 18:30:13,613 [dl_trainer.py:635] INFO Epoch 96, avg train acc: 98.437500, lr: 0.010000, avg loss: 0.052609
2022-08-04 18:30:16,451 [dist_trainer.py:90] WARNING Time per iteration including communication: 0.118250, Speed: 2164.909001 images/s
2022-08-04 18:30:16,742 [dl_trainer.py:634] INFO train iter: 2425, num_batches_per_epoch: 25
2022-08-04 18:30:16,743 [dl_trainer.py:635] INFO Epoch 97, avg train acc: 98.125000, lr: 0.010000, avg loss: 0.062070
2022-08-04 18:30:18,894 [dl_trainer.py:731] WARNING [ 97][ 2440/   25][rank:4] loss: 0.071, average forward (0.009085) and backward (0.023451) time: 0.047022, iotime: 0.014133 
2022-08-04 18:30:19,261 [dist_trainer.py:90] WARNING Time per iteration including communication: 0.117047, Speed: 2187.155366 images/s
2022-08-04 18:30:19,596 [dl_trainer.py:634] INFO train iter: 2450, num_batches_per_epoch: 25
2022-08-04 18:30:19,596 [dl_trainer.py:635] INFO Epoch 98, avg train acc: 98.078125, lr: 0.010000, avg loss: 0.059860
2022-08-04 18:30:22,100 [dist_trainer.py:90] WARNING Time per iteration including communication: 0.118255, Speed: 2164.812612 images/s
2022-08-04 18:30:22,483 [dl_trainer.py:634] INFO train iter: 2475, num_batches_per_epoch: 25
2022-08-04 18:30:22,483 [dl_trainer.py:635] INFO Epoch 99, avg train acc: 98.171875, lr: 0.010000, avg loss: 0.056502
2022-08-04 18:30:24,202 [dl_trainer.py:731] WARNING [ 99][ 2480/   25][rank:4] loss: 0.082, average forward (0.010121) and backward (0.023026) time: 0.048285, iotime: 0.014485 
2022-08-04 18:30:24,961 [dist_trainer.py:90] WARNING Time per iteration including communication: 0.119195, Speed: 2147.734933 images/s
2022-08-04 18:30:25,394 [dl_trainer.py:634] INFO train iter: 2500, num_batches_per_epoch: 25
2022-08-04 18:30:25,395 [dl_trainer.py:635] INFO Epoch 100, avg train acc: 98.343750, lr: 0.010000, avg loss: 0.054881
2022-08-04 18:30:27,786 [dl_trainer.py:731] WARNING [100][ 2520/   25][rank:4] loss: 0.045, average forward (0.009550) and backward (0.023209) time: 0.041898, iotime: 0.008702 
2022-08-04 18:30:27,800 [dist_trainer.py:90] WARNING Time per iteration including communication: 0.118262, Speed: 2164.680229 images/s
2022-08-04 18:30:28,272 [dl_trainer.py:634] INFO train iter: 2525, num_batches_per_epoch: 25
2022-08-04 18:30:28,272 [dl_trainer.py:635] INFO Epoch 101, avg train acc: 98.218750, lr: 0.010000, avg loss: 0.057316
2022-08-04 18:30:30,596 [dist_trainer.py:90] WARNING Time per iteration including communication: 0.116514, Speed: 2197.155287 images/s
2022-08-04 18:30:31,103 [dl_trainer.py:634] INFO train iter: 2550, num_batches_per_epoch: 25
2022-08-04 18:30:31,103 [dl_trainer.py:635] INFO Epoch 102, avg train acc: 98.281250, lr: 0.010000, avg loss: 0.053562
2022-08-04 18:30:33,063 [dl_trainer.py:731] WARNING [102][ 2560/   25][rank:4] loss: 0.063, average forward (0.009232) and backward (0.022846) time: 0.046691, iotime: 0.014083 
2022-08-04 18:30:33,450 [dist_trainer.py:90] WARNING Time per iteration including communication: 0.118881, Speed: 2153.406773 images/s
2022-08-04 18:30:34,019 [dl_trainer.py:634] INFO train iter: 2575, num_batches_per_epoch: 25
2022-08-04 18:30:34,019 [dl_trainer.py:635] INFO Epoch 103, avg train acc: 98.234375, lr: 0.010000, avg loss: 0.056523
2022-08-04 18:30:36,461 [dist_trainer.py:90] WARNING Time per iteration including communication: 0.125409, Speed: 2041.324241 images/s
2022-08-04 18:30:37,089 [dl_trainer.py:731] WARNING [103][ 2600/   25][rank:4] loss: 0.024, average forward (0.009030) and backward (0.024198) time: 0.048236, iotime: 0.014077 
2022-08-04 18:30:37,104 [dl_trainer.py:634] INFO train iter: 2600, num_batches_per_epoch: 25
2022-08-04 18:30:37,105 [dl_trainer.py:635] INFO Epoch 104, avg train acc: 98.187500, lr: 0.010000, avg loss: 0.058214
2022-08-04 18:30:39,491 [dist_trainer.py:90] WARNING Time per iteration including communication: 0.126249, Speed: 2027.732046 images/s
2022-08-04 18:30:40,150 [dl_trainer.py:634] INFO train iter: 2625, num_batches_per_epoch: 25
2022-08-04 18:30:40,151 [dl_trainer.py:635] INFO Epoch 105, avg train acc: 98.609375, lr: 0.010000, avg loss: 0.049697
2022-08-04 18:30:42,323 [dl_trainer.py:731] WARNING [105][ 2640/   25][rank:4] loss: 0.055, average forward (0.009582) and backward (0.023268) time: 0.042121, iotime: 0.008649 
2022-08-04 18:30:42,333 [dist_trainer.py:90] WARNING Time per iteration including communication: 0.118331, Speed: 2163.427750 images/s
2022-08-04 18:30:43,019 [dl_trainer.py:634] INFO train iter: 2650, num_batches_per_epoch: 25
2022-08-04 18:30:43,020 [dl_trainer.py:635] INFO Epoch 106, avg train acc: 98.406250, lr: 0.010000, avg loss: 0.052407
2022-08-04 18:30:45,213 [dist_trainer.py:90] WARNING Time per iteration including communication: 0.120012, Speed: 2133.117634 images/s
2022-08-04 18:30:45,952 [dl_trainer.py:634] INFO train iter: 2675, num_batches_per_epoch: 25
2022-08-04 18:30:45,952 [dl_trainer.py:635] INFO Epoch 107, avg train acc: 98.406250, lr: 0.010000, avg loss: 0.052004
2022-08-04 18:30:47,699 [dl_trainer.py:731] WARNING [107][ 2680/   25][rank:4] loss: 0.050, average forward (0.008857) and backward (0.022911) time: 0.047021, iotime: 0.014920 
2022-08-04 18:30:48,069 [dist_trainer.py:90] WARNING Time per iteration including communication: 0.118938, Speed: 2152.379774 images/s
2022-08-04 18:30:48,876 [dl_trainer.py:634] INFO train iter: 2700, num_batches_per_epoch: 25
2022-08-04 18:30:48,876 [dl_trainer.py:635] INFO Epoch 108, avg train acc: 98.093750, lr: 0.010000, avg loss: 0.056738
2022-08-04 18:30:50,992 [dist_trainer.py:90] WARNING Time per iteration including communication: 0.121743, Speed: 2102.783380 images/s
2022-08-04 18:30:51,599 [dl_trainer.py:731] WARNING [108][ 2720/   25][rank:4] loss: 0.084, average forward (0.009406) and backward (0.023318) time: 0.047631, iotime: 0.014602 
2022-08-04 18:30:51,823 [dl_trainer.py:634] INFO train iter: 2725, num_batches_per_epoch: 25
2022-08-04 18:30:51,823 [dl_trainer.py:635] INFO Epoch 109, avg train acc: 98.109375, lr: 0.010000, avg loss: 0.056731
2022-08-04 18:30:53,816 [dist_trainer.py:90] WARNING Time per iteration including communication: 0.117649, Speed: 2175.956768 images/s
2022-08-04 18:30:54,680 [dl_trainer.py:634] INFO train iter: 2750, num_batches_per_epoch: 25
2022-08-04 18:30:54,680 [dl_trainer.py:635] INFO Epoch 110, avg train acc: 98.625000, lr: 0.010000, avg loss: 0.049583
2022-08-04 18:30:56,635 [dl_trainer.py:731] WARNING [110][ 2760/   25][rank:4] loss: 0.067, average forward (0.008992) and backward (0.024309) time: 0.042298, iotime: 0.008697 
2022-08-04 18:30:56,645 [dist_trainer.py:90] WARNING Time per iteration including communication: 0.117815, Speed: 2172.898045 images/s
2022-08-04 18:30:57,604 [dl_trainer.py:634] INFO train iter: 2775, num_batches_per_epoch: 25
2022-08-04 18:30:57,605 [dl_trainer.py:635] INFO Epoch 111, avg train acc: 98.109375, lr: 0.010000, avg loss: 0.059078
2022-08-04 18:30:59,509 [dist_trainer.py:90] WARNING Time per iteration including communication: 0.119324, Speed: 2145.410824 images/s
2022-08-04 18:31:00,466 [dl_trainer.py:731] WARNING [111][ 2800/   25][rank:4] loss: 0.071, average forward (0.009276) and backward (0.023004) time: 0.047776, iotime: 0.015002 
2022-08-04 18:31:00,472 [dl_trainer.py:634] INFO train iter: 2800, num_batches_per_epoch: 25
2022-08-04 18:31:00,472 [dl_trainer.py:635] INFO Epoch 112, avg train acc: 98.468750, lr: 0.010000, avg loss: 0.052106
2022-08-04 18:31:02,365 [dist_trainer.py:90] WARNING Time per iteration including communication: 0.118998, Speed: 2151.293948 images/s
2022-08-04 18:31:03,400 [dl_trainer.py:634] INFO train iter: 2825, num_batches_per_epoch: 25
2022-08-04 18:31:03,400 [dl_trainer.py:635] INFO Epoch 113, avg train acc: 98.328125, lr: 0.010000, avg loss: 0.054880
2022-08-04 18:31:05,243 [dist_trainer.py:90] WARNING Time per iteration including communication: 0.119892, Speed: 2135.255042 images/s
2022-08-04 18:31:05,848 [dl_trainer.py:731] WARNING [113][ 2840/   25][rank:4] loss: 0.032, average forward (0.009361) and backward (0.024311) time: 0.048864, iotime: 0.014483 
2022-08-04 18:31:06,365 [dl_trainer.py:634] INFO train iter: 2850, num_batches_per_epoch: 25
2022-08-04 18:31:06,365 [dl_trainer.py:635] INFO Epoch 114, avg train acc: 98.578125, lr: 0.010000, avg loss: 0.047202
2022-08-04 18:31:08,139 [dist_trainer.py:90] WARNING Time per iteration including communication: 0.120631, Speed: 2122.169351 images/s
2022-08-04 18:31:09,271 [dl_trainer.py:634] INFO train iter: 2875, num_batches_per_epoch: 25
2022-08-04 18:31:09,272 [dl_trainer.py:635] INFO Epoch 115, avg train acc: 98.156250, lr: 0.010000, avg loss: 0.054302
2022-08-04 18:31:10,998 [dl_trainer.py:731] WARNING [115][ 2880/   25][rank:4] loss: 0.062, average forward (0.009422) and backward (0.023618) time: 0.042312, iotime: 0.008963 
2022-08-04 18:31:11,008 [dist_trainer.py:90] WARNING Time per iteration including communication: 0.119548, Speed: 2141.396194 images/s
2022-08-04 18:31:12,132 [dl_trainer.py:634] INFO train iter: 2900, num_batches_per_epoch: 25
2022-08-04 18:31:12,133 [dl_trainer.py:635] INFO Epoch 116, avg train acc: 98.484375, lr: 0.010000, avg loss: 0.049752
2022-08-04 18:31:13,858 [dist_trainer.py:90] WARNING Time per iteration including communication: 0.118732, Speed: 2156.108622 images/s
2022-08-04 18:31:14,776 [dl_trainer.py:731] WARNING [116][ 2920/   25][rank:4] loss: 0.042, average forward (0.009504) and backward (0.023238) time: 0.046792, iotime: 0.013729 
2022-08-04 18:31:15,018 [dl_trainer.py:634] INFO train iter: 2925, num_batches_per_epoch: 25
2022-08-04 18:31:15,018 [dl_trainer.py:635] INFO Epoch 117, avg train acc: 98.625000, lr: 0.010000, avg loss: 0.049245
2022-08-04 18:31:16,663 [dist_trainer.py:90] WARNING Time per iteration including communication: 0.116836, Speed: 2191.105454 images/s
2022-08-04 18:31:17,874 [dl_trainer.py:634] INFO train iter: 2950, num_batches_per_epoch: 25
2022-08-04 18:31:17,875 [dl_trainer.py:635] INFO Epoch 118, avg train acc: 98.515625, lr: 0.010000, avg loss: 0.050301
2022-08-04 18:31:19,516 [dist_trainer.py:90] WARNING Time per iteration including communication: 0.118847, Speed: 2154.025423 images/s
2022-08-04 18:31:20,125 [dl_trainer.py:731] WARNING [118][ 2960/   25][rank:4] loss: 0.045, average forward (0.009800) and backward (0.024483) time: 0.049187, iotime: 0.014578 
2022-08-04 18:31:20,793 [dl_trainer.py:634] INFO train iter: 2975, num_batches_per_epoch: 25
2022-08-04 18:31:20,794 [dl_trainer.py:635] INFO Epoch 119, avg train acc: 98.515625, lr: 0.010000, avg loss: 0.049108
2022-08-04 18:31:22,339 [dist_trainer.py:90] WARNING Time per iteration including communication: 0.117601, Speed: 2176.858908 images/s
2022-08-04 18:31:23,722 [dl_trainer.py:731] WARNING [119][ 3000/   25][rank:4] loss: 0.045, average forward (0.008773) and backward (0.023795) time: 0.041684, iotime: 0.008613 
2022-08-04 18:31:23,731 [dist_trainer.py:90] WARNING Time per iteration including communication: 0.057972, Speed: 4415.923110 images/s
2022-08-04 18:31:23,732 [dl_trainer.py:634] INFO train iter: 3000, num_batches_per_epoch: 25
2022-08-04 18:31:23,732 [dl_trainer.py:635] INFO Epoch 120, avg train acc: 98.546875, lr: 0.010000, avg loss: 0.046453
2022-08-04 18:31:26,702 [dist_trainer.py:90] WARNING Time per iteration including communication: 0.123755, Speed: 2068.603155 images/s
2022-08-04 18:31:27,013 [dl_trainer.py:634] INFO train iter: 3025, num_batches_per_epoch: 25
2022-08-04 18:31:27,013 [dl_trainer.py:635] INFO Epoch 121, avg train acc: 98.765625, lr: 0.010000, avg loss: 0.044033
2022-08-04 18:31:29,211 [dl_trainer.py:731] WARNING [121][ 3040/   25][rank:4] loss: 0.065, average forward (0.009520) and backward (0.023675) time: 0.048071, iotime: 0.014572 
2022-08-04 18:31:29,582 [dist_trainer.py:90] WARNING Time per iteration including communication: 0.119959, Speed: 2134.064826 images/s
2022-08-04 18:31:29,924 [dl_trainer.py:634] INFO train iter: 3050, num_batches_per_epoch: 25
2022-08-04 18:31:29,924 [dl_trainer.py:635] INFO Epoch 122, avg train acc: 98.640625, lr: 0.010000, avg loss: 0.047327
2022-08-04 18:31:32,446 [dist_trainer.py:90] WARNING Time per iteration including communication: 0.119316, Speed: 2145.564083 images/s
2022-08-04 18:31:32,831 [dl_trainer.py:634] INFO train iter: 3075, num_batches_per_epoch: 25
2022-08-04 18:31:32,831 [dl_trainer.py:635] INFO Epoch 123, avg train acc: 98.843750, lr: 0.001000, avg loss: 0.040741
2022-08-04 18:31:34,538 [dl_trainer.py:731] WARNING [123][ 3080/   25][rank:4] loss: 0.061, average forward (0.009846) and backward (0.023516) time: 0.047208, iotime: 0.013530 
2022-08-04 18:31:35,289 [dist_trainer.py:90] WARNING Time per iteration including communication: 0.118405, Speed: 2162.062435 images/s
2022-08-04 18:31:35,722 [dl_trainer.py:634] INFO train iter: 3100, num_batches_per_epoch: 25
2022-08-04 18:31:35,723 [dl_trainer.py:635] INFO Epoch 124, avg train acc: 98.843750, lr: 0.001000, avg loss: 0.040030
2022-08-04 18:31:38,142 [dl_trainer.py:731] WARNING [124][ 3120/   25][rank:4] loss: 0.027, average forward (0.009410) and backward (0.023885) time: 0.042514, iotime: 0.008930 
2022-08-04 18:31:38,149 [dist_trainer.py:90] WARNING Time per iteration including communication: 0.119155, Speed: 2148.463706 images/s
2022-08-04 18:31:38,627 [dl_trainer.py:634] INFO train iter: 3125, num_batches_per_epoch: 25
2022-08-04 18:31:38,627 [dl_trainer.py:635] INFO Epoch 125, avg train acc: 98.687500, lr: 0.001000, avg loss: 0.042622
2022-08-04 18:31:41,067 [dist_trainer.py:90] WARNING Time per iteration including communication: 0.121538, Speed: 2106.332752 images/s
2022-08-04 18:31:41,578 [dl_trainer.py:634] INFO train iter: 3150, num_batches_per_epoch: 25
2022-08-04 18:31:41,578 [dl_trainer.py:635] INFO Epoch 126, avg train acc: 98.734375, lr: 0.001000, avg loss: 0.045964
2022-08-04 18:31:43,562 [dl_trainer.py:731] WARNING [126][ 3160/   25][rank:4] loss: 0.024, average forward (0.009111) and backward (0.023908) time: 0.047724, iotime: 0.014090 
2022-08-04 18:31:43,940 [dist_trainer.py:90] WARNING Time per iteration including communication: 0.119681, Speed: 2139.014399 images/s
2022-08-04 18:31:44,519 [dl_trainer.py:634] INFO train iter: 3175, num_batches_per_epoch: 25
2022-08-04 18:31:44,519 [dl_trainer.py:635] INFO Epoch 127, avg train acc: 98.796875, lr: 0.001000, avg loss: 0.042180
2022-08-04 18:31:46,774 [dist_trainer.py:90] WARNING Time per iteration including communication: 0.118065, Speed: 2168.304430 images/s
2022-08-04 18:31:47,370 [dl_trainer.py:731] WARNING [127][ 3200/   25][rank:4] loss: 0.033, average forward (0.009210) and backward (0.023757) time: 0.046934, iotime: 0.013695 
2022-08-04 18:31:47,378 [dl_trainer.py:634] INFO train iter: 3200, num_batches_per_epoch: 25
2022-08-04 18:31:47,378 [dl_trainer.py:635] INFO Epoch 128, avg train acc: 98.703125, lr: 0.001000, avg loss: 0.044739
2022-08-04 18:31:49,553 [dist_trainer.py:90] WARNING Time per iteration including communication: 0.115787, Speed: 2210.954249 images/s
2022-08-04 18:31:50,234 [dl_trainer.py:634] INFO train iter: 3225, num_batches_per_epoch: 25
2022-08-04 18:31:50,234 [dl_trainer.py:635] INFO Epoch 129, avg train acc: 98.375000, lr: 0.001000, avg loss: 0.045408
2022-08-04 18:31:52,395 [dl_trainer.py:731] WARNING [129][ 3240/   25][rank:4] loss: 0.047, average forward (0.009492) and backward (0.024309) time: 0.042645, iotime: 0.008559 
2022-08-04 18:31:52,403 [dist_trainer.py:90] WARNING Time per iteration including communication: 0.118694, Speed: 2156.814025 images/s
2022-08-04 18:31:53,128 [dl_trainer.py:634] INFO train iter: 3250, num_batches_per_epoch: 25
2022-08-04 18:31:53,128 [dl_trainer.py:635] INFO Epoch 130, avg train acc: 98.687500, lr: 0.001000, avg loss: 0.043598
2022-08-04 18:31:55,304 [dist_trainer.py:90] WARNING Time per iteration including communication: 0.120840, Speed: 2118.500269 images/s
2022-08-04 18:31:56,053 [dl_trainer.py:634] INFO train iter: 3275, num_batches_per_epoch: 25
2022-08-04 18:31:56,054 [dl_trainer.py:635] INFO Epoch 131, avg train acc: 98.781250, lr: 0.001000, avg loss: 0.041450
2022-08-04 18:31:57,805 [dl_trainer.py:731] WARNING [131][ 3280/   25][rank:4] loss: 0.033, average forward (0.009862) and backward (0.022542) time: 0.046738, iotime: 0.013935 
2022-08-04 18:31:58,175 [dist_trainer.py:90] WARNING Time per iteration including communication: 0.119633, Speed: 2139.875854 images/s
2022-08-04 18:31:58,957 [dl_trainer.py:634] INFO train iter: 3300, num_batches_per_epoch: 25
2022-08-04 18:31:58,958 [dl_trainer.py:635] INFO Epoch 132, avg train acc: 98.781250, lr: 0.001000, avg loss: 0.042503
2022-08-04 18:32:01,032 [dist_trainer.py:90] WARNING Time per iteration including communication: 0.118990, Speed: 2151.446613 images/s
2022-08-04 18:32:01,633 [dl_trainer.py:731] WARNING [132][ 3320/   25][rank:4] loss: 0.027, average forward (0.009152) and backward (0.023103) time: 0.046432, iotime: 0.013897 
2022-08-04 18:32:01,875 [dl_trainer.py:634] INFO train iter: 3325, num_batches_per_epoch: 25
2022-08-04 18:32:01,875 [dl_trainer.py:635] INFO Epoch 133, avg train acc: 98.890625, lr: 0.001000, avg loss: 0.040910
2022-08-04 18:32:03,864 [dist_trainer.py:90] WARNING Time per iteration including communication: 0.117989, Speed: 2169.687507 images/s
2022-08-04 18:32:04,753 [dl_trainer.py:634] INFO train iter: 3350, num_batches_per_epoch: 25
2022-08-04 18:32:04,754 [dl_trainer.py:635] INFO Epoch 134, avg train acc: 98.750000, lr: 0.001000, avg loss: 0.043334
2022-08-04 18:32:06,760 [dl_trainer.py:731] WARNING [134][ 3360/   25][rank:4] loss: 0.039, average forward (0.009260) and backward (0.023464) time: 0.041652, iotime: 0.008642 
2022-08-04 18:32:06,776 [dist_trainer.py:90] WARNING Time per iteration including communication: 0.121292, Speed: 2110.604355 images/s
2022-08-04 18:32:07,713 [dl_trainer.py:634] INFO train iter: 3375, num_batches_per_epoch: 25
2022-08-04 18:32:07,714 [dl_trainer.py:635] INFO Epoch 135, avg train acc: 98.671875, lr: 0.001000, avg loss: 0.045278
2022-08-04 18:32:09,607 [dist_trainer.py:90] WARNING Time per iteration including communication: 0.117958, Speed: 2170.264005 images/s
